Running on host hal0048.amarel.rutgers.edu
Time is Thu Apr 24 13:11:24 EDT 2025
Directory is /home/elp95/tfa-predictor
SLURM job ID is 43167368
Starting trial...
Running trial with config: {'input_size': 3883, 'output_size': 214, 'hidden_sizes': [1024, 256], 'lr': 0.0016738085788752138, 'weight_decay': 1.9010245319870364e-05, 'batch_size': 128, 'max_epochs': 100}
Using data directory: /cache/home/elp95/tfa-predictor/data
xprs_path: /cache/home/elp95/tfa-predictor/data/gene-xprs/processed/xprs-data.csv
tfa_path: /cache/home/elp95/tfa-predictor/data/tfa/processed/tfa-labels.csv
Epoch 1: Train Loss = 0.5741, Test Loss = 0.1724
Epoch 2: Train Loss = 0.3094, Test Loss = 0.0975
Epoch 3: Train Loss = 0.2350, Test Loss = 0.0749
Epoch 4: Train Loss = 0.1974, Test Loss = 0.0666
Epoch 5: Train Loss = 0.1724, Test Loss = 0.0567
Epoch 6: Train Loss = 0.1543, Test Loss = 0.0543
Epoch 7: Train Loss = 0.1412, Test Loss = 0.0495
Epoch 8: Train Loss = 0.1338, Test Loss = 0.0507
Epoch 9: Train Loss = 0.1293, Test Loss = 0.0470
Epoch 10: Train Loss = 0.1247, Test Loss = 0.0423
Epoch 11: Train Loss = 0.1173, Test Loss = 0.0391
Epoch 12: Train Loss = 0.1175, Test Loss = 0.0429
Epoch 13: Train Loss = 0.1148, Test Loss = 0.0433
Epoch 14: Train Loss = 0.1134, Test Loss = 0.0466
Epoch 15: Train Loss = 0.1101, Test Loss = 0.0376
Epoch 16: Train Loss = 0.1159, Test Loss = 0.0426
Epoch 17: Train Loss = 0.1133, Test Loss = 0.0364
Epoch 18: Train Loss = 0.1105, Test Loss = 0.0386
Epoch 19: Train Loss = 0.1166, Test Loss = 0.0412
Epoch 20: Train Loss = 0.1113, Test Loss = 0.0388
Epoch 21: Train Loss = 0.1062, Test Loss = 0.0386
Epoch 22: Train Loss = 0.1052, Test Loss = 0.0378
Epoch 23: Train Loss = 0.1037, Test Loss = 0.0452
Epoch 24: Train Loss = 0.1154, Test Loss = 0.0369
Epoch 25: Train Loss = 0.1083, Test Loss = 0.0393
Epoch 26: Train Loss = 0.1042, Test Loss = 0.0401
Epoch 27: Train Loss = 0.1121, Test Loss = 0.0400
Epoch 28: Train Loss = 0.1031, Test Loss = 0.0354
Epoch 29: Train Loss = 0.1016, Test Loss = 0.0375
Epoch 30: Train Loss = 0.1067, Test Loss = 0.0369
Epoch 31: Train Loss = 0.1091, Test Loss = 0.0375
Epoch 32: Train Loss = 0.1080, Test Loss = 0.0391
Epoch 33: Train Loss = 0.1093, Test Loss = 0.0341
Epoch 34: Train Loss = 0.0998, Test Loss = 0.0386
Epoch 35: Train Loss = 0.1042, Test Loss = 0.0331
Epoch 36: Train Loss = 0.1004, Test Loss = 0.0339
Epoch 37: Train Loss = 0.1003, Test Loss = 0.0371
Epoch 38: Train Loss = 0.1031, Test Loss = 0.0347
Epoch 39: Train Loss = 0.1014, Test Loss = 0.0421
Epoch 40: Train Loss = 0.1131, Test Loss = 0.0431
Epoch 41: Train Loss = 0.1116, Test Loss = 0.0354
Epoch 42: Train Loss = 0.1088, Test Loss = 0.0411
Epoch 43: Train Loss = 0.1028, Test Loss = 0.0392
Epoch 44: Train Loss = 0.1026, Test Loss = 0.0464
Epoch 45: Train Loss = 0.1156, Test Loss = 0.0352
Epoch 46: Train Loss = 0.1094, Test Loss = 0.0382
Epoch 47: Train Loss = 0.1120, Test Loss = 0.0376
Epoch 48: Train Loss = 0.1093, Test Loss = 0.0376
Epoch 49: Train Loss = 0.1057, Test Loss = 0.0580
Epoch 50: Train Loss = 0.1196, Test Loss = 0.0385
Epoch 51: Train Loss = 0.1187, Test Loss = 0.0407
Epoch 52: Train Loss = 0.1057, Test Loss = 0.0421
Epoch 53: Train Loss = 0.1104, Test Loss = 0.0391
Epoch 54: Train Loss = 0.1066, Test Loss = 0.0379
Epoch 55: Train Loss = 0.1054, Test Loss = 0.0405
Epoch 56: Train Loss = 0.1041, Test Loss = 0.0378
Epoch 57: Train Loss = 0.1098, Test Loss = 0.0425
Epoch 58: Train Loss = 0.1224, Test Loss = 0.0485
Epoch 59: Train Loss = 0.1121, Test Loss = 0.0382
Epoch 60: Train Loss = 0.1052, Test Loss = 0.0366
Epoch 61: Train Loss = 0.1063, Test Loss = 0.0365
Epoch 62: Train Loss = 0.1030, Test Loss = 0.0485
Epoch 63: Train Loss = 0.1109, Test Loss = 0.0414
Epoch 64: Train Loss = 0.1007, Test Loss = 0.0485
Epoch 65: Train Loss = 0.1177, Test Loss = 0.0368
Epoch 66: Train Loss = 0.1142, Test Loss = 0.0378
Epoch 67: Train Loss = 0.1109, Test Loss = 0.0408
Epoch 68: Train Loss = 0.1155, Test Loss = 0.0422
Epoch 69: Train Loss = 0.1153, Test Loss = 0.0397
Epoch 70: Train Loss = 0.1088, Test Loss = 0.0436
Epoch 71: Train Loss = 0.1028, Test Loss = 0.0377
Epoch 72: Train Loss = 0.1154, Test Loss = 0.0441
Epoch 73: Train Loss = 0.1150, Test Loss = 0.0384
Epoch 74: Train Loss = 0.1170, Test Loss = 0.0375
Epoch 75: Train Loss = 0.1166, Test Loss = 0.0372
Epoch 76: Train Loss = 0.1110, Test Loss = 0.0365
Epoch 77: Train Loss = 0.1094, Test Loss = 0.0370
Epoch 78: Train Loss = 0.1055, Test Loss = 0.0394
Epoch 79: Train Loss = 0.1165, Test Loss = 0.0378
Epoch 80: Train Loss = 0.1134, Test Loss = 0.0390
Epoch 81: Train Loss = 0.1006, Test Loss = 0.0398
Epoch 82: Train Loss = 0.1029, Test Loss = 0.0408
Epoch 83: Train Loss = 0.1103, Test Loss = 0.0378
Epoch 84: Train Loss = 0.1056, Test Loss = 0.0373
Epoch 85: Train Loss = 0.1048, Test Loss = 0.0396
Epoch 86: Train Loss = 0.1104, Test Loss = 0.0377
Epoch 87: Train Loss = 0.1150, Test Loss = 0.0381
Epoch 88: Train Loss = 0.1185, Test Loss = 0.0385
Epoch 89: Train Loss = 0.1146, Test Loss = 0.0373
Epoch 90: Train Loss = 0.1129, Test Loss = 0.0391
Epoch 91: Train Loss = 0.1180, Test Loss = 0.0408
Epoch 92: Train Loss = 0.1134, Test Loss = 0.0390
Epoch 93: Train Loss = 0.1042, Test Loss = 0.0391
Epoch 94: Train Loss = 0.1182, Test Loss = 0.0378
Epoch 95: Train Loss = 0.1051, Test Loss = 0.0378
Epoch 96: Train Loss = 0.1146, Test Loss = 0.0400
Epoch 97: Train Loss = 0.1035, Test Loss = 0.0367
Epoch 98: Train Loss = 0.1172, Test Loss = 0.0390
Epoch 99: Train Loss = 0.1184, Test Loss = 0.0408
Epoch 100: Train Loss = 0.1148, Test Loss = 0.0391
Trial completed in 77.57s with error: 0.0391
Trial completed!
