Running on host hal0288.amarel.rutgers.edu
Time is Thu Apr 24 11:43:02 EDT 2025
Directory is /home/elp95/tfa-predictor
SLURM job ID is 43165697
Starting trial...
Running trial with config: {'input_size': 3883, 'output_size': 214, 'hidden_sizes': [2048, 1024, 512, 256], 'lr': 0.00232555726240368, 'weight_decay': 0.00016595613641357258, 'batch_size': 128, 'max_epochs': 200}
Using data directory: /cache/home/elp95/tfa-predictor/data
xprs_path: /cache/home/elp95/tfa-predictor/data/gene-xprs/processed/xprs-data.csv
tfa_path: /cache/home/elp95/tfa-predictor/data/tfa/processed/tfa-labels.csv
Epoch 1: Train Loss = 0.6295, Test Loss = 0.2166
Epoch 2: Train Loss = 0.3462, Test Loss = 0.1530
Epoch 3: Train Loss = 0.2589, Test Loss = 0.0984
Epoch 4: Train Loss = 0.2185, Test Loss = 0.0986
Epoch 5: Train Loss = 0.1916, Test Loss = 0.0836
Epoch 6: Train Loss = 0.1791, Test Loss = 0.0751
Epoch 7: Train Loss = 0.1866, Test Loss = 0.0792
Epoch 8: Train Loss = 0.1702, Test Loss = 0.0889
Epoch 9: Train Loss = 0.1609, Test Loss = 0.0845
Epoch 10: Train Loss = 0.1667, Test Loss = 0.0728
Epoch 11: Train Loss = 0.1578, Test Loss = 0.0633
Epoch 12: Train Loss = 0.1634, Test Loss = 0.0597
Epoch 13: Train Loss = 0.1442, Test Loss = 0.0783
Epoch 14: Train Loss = 0.1608, Test Loss = 0.0796
Epoch 15: Train Loss = 0.1570, Test Loss = 0.0770
Epoch 16: Train Loss = 0.1675, Test Loss = 0.0863
Epoch 17: Train Loss = 0.1533, Test Loss = 0.0736
Epoch 18: Train Loss = 0.1652, Test Loss = 0.0634
Epoch 19: Train Loss = 0.1542, Test Loss = 0.0973
Epoch 20: Train Loss = 0.1593, Test Loss = 0.0780
Epoch 21: Train Loss = 0.1742, Test Loss = 0.0719
Epoch 22: Train Loss = 0.1575, Test Loss = 0.0678
Epoch 23: Train Loss = 0.1539, Test Loss = 0.0611
Epoch 24: Train Loss = 0.1753, Test Loss = 0.0767
Epoch 25: Train Loss = 0.1478, Test Loss = 0.0717
Epoch 26: Train Loss = 0.1565, Test Loss = 0.0590
Epoch 27: Train Loss = 0.1550, Test Loss = 0.0561
Epoch 28: Train Loss = 0.1471, Test Loss = 0.0593
Epoch 29: Train Loss = 0.1488, Test Loss = 0.0611
Epoch 30: Train Loss = 0.1531, Test Loss = 0.0686
Epoch 31: Train Loss = 0.1489, Test Loss = 0.0557
Epoch 32: Train Loss = 0.1455, Test Loss = 0.0530
Epoch 33: Train Loss = 0.1596, Test Loss = 0.1031
Epoch 34: Train Loss = 0.1651, Test Loss = 0.0692
Epoch 35: Train Loss = 0.1526, Test Loss = 0.0621
Epoch 36: Train Loss = 0.1486, Test Loss = 0.0766
Epoch 37: Train Loss = 0.1535, Test Loss = 0.0728
Epoch 38: Train Loss = 0.1537, Test Loss = 0.0609
Epoch 39: Train Loss = 0.1534, Test Loss = 0.0806
Epoch 40: Train Loss = 0.1466, Test Loss = 0.0568
Epoch 41: Train Loss = 0.1614, Test Loss = 0.0821
Epoch 42: Train Loss = 0.1459, Test Loss = 0.0825
Epoch 43: Train Loss = 0.1538, Test Loss = 0.0859
Epoch 44: Train Loss = 0.1771, Test Loss = 0.0810
Epoch 45: Train Loss = 0.1560, Test Loss = 0.0635
Epoch 46: Train Loss = 0.1551, Test Loss = 0.0731
Epoch 47: Train Loss = 0.1433, Test Loss = 0.0681
Epoch 48: Train Loss = 0.1441, Test Loss = 0.0716
Epoch 49: Train Loss = 0.1472, Test Loss = 0.0608
Epoch 50: Train Loss = 0.1508, Test Loss = 0.0912
Epoch 51: Train Loss = 0.1431, Test Loss = 0.0774
Epoch 52: Train Loss = 0.1603, Test Loss = 0.0826
Epoch 53: Train Loss = 0.1727, Test Loss = 0.0702
Epoch 54: Train Loss = 0.1540, Test Loss = 0.0785
Epoch 55: Train Loss = 0.1526, Test Loss = 0.0631
Epoch 56: Train Loss = 0.1430, Test Loss = 0.0683
Epoch 57: Train Loss = 0.1518, Test Loss = 0.0670
Epoch 58: Train Loss = 0.1460, Test Loss = 0.0770
Epoch 59: Train Loss = 0.1583, Test Loss = 0.0764
Epoch 60: Train Loss = 0.1577, Test Loss = 0.0798
Epoch 61: Train Loss = 0.1460, Test Loss = 0.0689
Epoch 62: Train Loss = 0.1601, Test Loss = 0.0948
Epoch 63: Train Loss = 0.1501, Test Loss = 0.0670
Epoch 64: Train Loss = 0.1322, Test Loss = 0.0741
Epoch 65: Train Loss = 0.1599, Test Loss = 0.0859
Epoch 66: Train Loss = 0.1548, Test Loss = 0.0861
Epoch 67: Train Loss = 0.1660, Test Loss = 0.0707
Epoch 68: Train Loss = 0.1497, Test Loss = 0.0658
Epoch 69: Train Loss = 0.1539, Test Loss = 0.0772
Epoch 70: Train Loss = 0.1551, Test Loss = 0.0891
Epoch 71: Train Loss = 0.1410, Test Loss = 0.1029
Epoch 72: Train Loss = 0.1632, Test Loss = 0.0628
Epoch 73: Train Loss = 0.1521, Test Loss = 0.0760
Epoch 74: Train Loss = 0.1468, Test Loss = 0.0677
Epoch 75: Train Loss = 0.1412, Test Loss = 0.0644
Epoch 76: Train Loss = 0.1335, Test Loss = 0.0565
Epoch 77: Train Loss = 0.1420, Test Loss = 0.0734
Epoch 78: Train Loss = 0.1367, Test Loss = 0.1033
Epoch 79: Train Loss = 0.1437, Test Loss = 0.0733
Epoch 80: Train Loss = 0.1451, Test Loss = 0.0606
Epoch 81: Train Loss = 0.1481, Test Loss = 0.0694
Epoch 82: Train Loss = 0.1393, Test Loss = 0.0615
Epoch 83: Train Loss = 0.1431, Test Loss = 0.0959
Epoch 84: Train Loss = 0.1458, Test Loss = 0.0685
Epoch 85: Train Loss = 0.1496, Test Loss = 0.0613
Epoch 86: Train Loss = 0.1666, Test Loss = 0.0702
Epoch 87: Train Loss = 0.1447, Test Loss = 0.0676
Epoch 88: Train Loss = 0.1280, Test Loss = 0.0775
Epoch 89: Train Loss = 0.1474, Test Loss = 0.1066
Epoch 90: Train Loss = 0.1711, Test Loss = 0.0966
Epoch 91: Train Loss = 0.1410, Test Loss = 0.0763
Epoch 92: Train Loss = 0.1373, Test Loss = 0.0765
Epoch 93: Train Loss = 0.1486, Test Loss = 0.0965
Epoch 94: Train Loss = 0.1588, Test Loss = 0.0866
Epoch 95: Train Loss = 0.1390, Test Loss = 0.0710
Epoch 96: Train Loss = 0.1479, Test Loss = 0.0691
Epoch 97: Train Loss = 0.1535, Test Loss = 0.0667
Epoch 98: Train Loss = 0.1508, Test Loss = 0.0680
Epoch 99: Train Loss = 0.1460, Test Loss = 0.0696
Epoch 100: Train Loss = 0.1626, Test Loss = 0.0820
Epoch 101: Train Loss = 0.1508, Test Loss = 0.0698
Epoch 102: Train Loss = 0.1576, Test Loss = 0.0641
Epoch 103: Train Loss = 0.1393, Test Loss = 0.0710
Epoch 104: Train Loss = 0.1468, Test Loss = 0.0690
Epoch 105: Train Loss = 0.1422, Test Loss = 0.0703
Epoch 106: Train Loss = 0.1382, Test Loss = 0.4259
Epoch 107: Train Loss = 0.1719, Test Loss = 0.0647
Epoch 108: Train Loss = 0.1449, Test Loss = 0.0601
Epoch 109: Train Loss = 0.1524, Test Loss = 0.0672
Epoch 110: Train Loss = 0.1479, Test Loss = 0.0583
Epoch 111: Train Loss = 0.1354, Test Loss = 0.0589
Epoch 112: Train Loss = 0.1430, Test Loss = 0.0638
Epoch 113: Train Loss = 0.1563, Test Loss = 0.0737
Epoch 114: Train Loss = 0.1410, Test Loss = 0.0885
Epoch 115: Train Loss = 0.1477, Test Loss = 0.0917
Epoch 116: Train Loss = 0.1365, Test Loss = 0.0590
Epoch 117: Train Loss = 0.1554, Test Loss = 0.0660
Epoch 118: Train Loss = 0.1403, Test Loss = 0.0633
Epoch 119: Train Loss = 0.1406, Test Loss = 0.0709
Epoch 120: Train Loss = 0.1387, Test Loss = 0.0660
Epoch 121: Train Loss = 0.1396, Test Loss = 0.0676
Epoch 122: Train Loss = 0.1472, Test Loss = 0.0834
Epoch 123: Train Loss = 0.1582, Test Loss = 0.1057
Epoch 124: Train Loss = 0.1499, Test Loss = 0.0804
Epoch 125: Train Loss = 0.1668, Test Loss = 0.0695
Epoch 126: Train Loss = 0.1575, Test Loss = 0.0742
Epoch 127: Train Loss = 0.1545, Test Loss = 0.0632
Epoch 128: Train Loss = 0.1544, Test Loss = 0.0685
Epoch 129: Train Loss = 0.1367, Test Loss = 0.0786
Epoch 130: Train Loss = 0.1507, Test Loss = 0.0805
Epoch 131: Train Loss = 0.1676, Test Loss = 0.0802
Epoch 132: Train Loss = 0.1529, Test Loss = 0.0661
Epoch 133: Train Loss = 0.1489, Test Loss = 0.0653
Epoch 134: Train Loss = 0.1474, Test Loss = 0.0751
Epoch 135: Train Loss = 0.1600, Test Loss = 0.0690
Epoch 136: Train Loss = 0.1448, Test Loss = 0.0746
Epoch 137: Train Loss = 0.1459, Test Loss = 0.0779
Epoch 138: Train Loss = 0.1467, Test Loss = 0.0627
Epoch 139: Train Loss = 0.1435, Test Loss = 0.0699
Epoch 140: Train Loss = 0.1533, Test Loss = 0.0589
Epoch 141: Train Loss = 0.1373, Test Loss = 0.0629
Epoch 142: Train Loss = 0.1341, Test Loss = 0.0576
Epoch 143: Train Loss = 0.1362, Test Loss = 0.0563
Epoch 144: Train Loss = 0.1366, Test Loss = 0.0674
Epoch 145: Train Loss = 0.1282, Test Loss = 0.0655
Epoch 146: Train Loss = 0.1510, Test Loss = 0.0671
Epoch 147: Train Loss = 0.1518, Test Loss = 0.0704
Epoch 148: Train Loss = 0.1568, Test Loss = 0.0797
Epoch 149: Train Loss = 0.1429, Test Loss = 0.0611
Epoch 150: Train Loss = 0.1361, Test Loss = 0.0648
Epoch 151: Train Loss = 0.1270, Test Loss = 0.0539
Epoch 152: Train Loss = 0.1473, Test Loss = 0.0975
Epoch 153: Train Loss = 0.1455, Test Loss = 0.0558
Epoch 154: Train Loss = 0.1379, Test Loss = 0.0657
Epoch 155: Train Loss = 0.1505, Test Loss = 0.0753
Epoch 156: Train Loss = 0.1444, Test Loss = 0.0643
Epoch 157: Train Loss = 0.1448, Test Loss = 0.0686
Epoch 158: Train Loss = 0.1314, Test Loss = 0.0688
Epoch 159: Train Loss = 0.1382, Test Loss = 0.0617
Epoch 160: Train Loss = 0.1525, Test Loss = 0.0651
Epoch 161: Train Loss = 0.1359, Test Loss = 0.0624
Epoch 162: Train Loss = 0.1429, Test Loss = 0.0627
Epoch 163: Train Loss = 0.1334, Test Loss = 0.0668
Epoch 164: Train Loss = 0.1433, Test Loss = 0.0742
Epoch 165: Train Loss = 0.1461, Test Loss = 0.0845
Epoch 166: Train Loss = 0.1436, Test Loss = 0.0689
Epoch 167: Train Loss = 0.1365, Test Loss = 0.0614
Epoch 168: Train Loss = 0.1366, Test Loss = 0.0659
Epoch 169: Train Loss = 0.1557, Test Loss = 0.0713
Epoch 170: Train Loss = 0.1459, Test Loss = 0.0677
Epoch 171: Train Loss = 0.1378, Test Loss = 0.0671
Epoch 172: Train Loss = 0.1328, Test Loss = 0.0637
Epoch 173: Train Loss = 0.1497, Test Loss = 0.0723
Epoch 174: Train Loss = 0.1411, Test Loss = 0.0749
Epoch 175: Train Loss = 0.1399, Test Loss = 0.0712
Epoch 176: Train Loss = 0.1485, Test Loss = 0.0699
Epoch 177: Train Loss = 0.1407, Test Loss = 0.0626
Epoch 178: Train Loss = 0.1304, Test Loss = 0.5587
Epoch 179: Train Loss = 0.1507, Test Loss = 0.0688
Epoch 180: Train Loss = 0.1407, Test Loss = 0.0734
Epoch 181: Train Loss = 0.1536, Test Loss = 0.0643
Epoch 182: Train Loss = 0.1403, Test Loss = 0.0655
Epoch 183: Train Loss = 0.1290, Test Loss = 0.0660
Epoch 184: Train Loss = 0.1509, Test Loss = 0.0754
Epoch 185: Train Loss = 0.1493, Test Loss = 0.0684
Epoch 186: Train Loss = 0.1526, Test Loss = 0.0620
Epoch 187: Train Loss = 0.1393, Test Loss = 0.0677
Epoch 188: Train Loss = 0.1387, Test Loss = 0.0652
Epoch 189: Train Loss = 0.1389, Test Loss = 0.0777
Epoch 190: Train Loss = 0.1497, Test Loss = 0.0688
Epoch 191: Train Loss = 0.1510, Test Loss = 0.0782
Epoch 192: Train Loss = 0.1333, Test Loss = 0.0755
Epoch 193: Train Loss = 0.1482, Test Loss = 0.0712
Epoch 194: Train Loss = 0.1430, Test Loss = 0.0730
Epoch 195: Train Loss = 0.1345, Test Loss = 0.0910
Epoch 196: Train Loss = 0.1480, Test Loss = 0.0931
Epoch 197: Train Loss = 0.1532, Test Loss = 0.0833
Epoch 198: Train Loss = 0.1385, Test Loss = 0.0703
Epoch 199: Train Loss = 0.1361, Test Loss = 0.0662
Epoch 200: Train Loss = 0.1280, Test Loss = 0.0685
Trial completed in 243.70s with error: 0.0685
Trial completed!
