Running on host hal0027.amarel.rutgers.edu
Time is Thu Apr 24 14:56:42 EDT 2025
Directory is /home/elp95/tfa-predictor
SLURM job ID is 43168504
Starting trial...
Running trial with config: {'input_size': 3883, 'output_size': 214, 'hidden_sizes': [2048, 1024, 512], 'lr': 0.004411427139294478, 'weight_decay': 0.000723128604484139, 'batch_size': 256, 'max_epochs': 50, 'dropout_rate': 0.27638248341774496, 'activation': 'elu', 'optimizer': 'sgd_momentum', 'learning_rate_schedule': 'exponential', 'batch_norm': 'true'}
Using data directory: /cache/home/elp95/tfa-predictor/data
xprs_path: /cache/home/elp95/tfa-predictor/data/gene-xprs/processed/xprs-data.csv
tfa_path: /cache/home/elp95/tfa-predictor/data/tfa/processed/tfa-labels.csv
Epoch 1: Train Loss = 0.5686, Test Loss = 8.6740
Epoch 2: Train Loss = 0.2751, Test Loss = 0.4021
Epoch 3: Train Loss = 0.2135, Test Loss = 0.1107
Epoch 4: Train Loss = 0.1796, Test Loss = 0.2232
Epoch 5: Train Loss = 0.1600, Test Loss = 0.3211
Epoch 6: Train Loss = 0.1341, Test Loss = 0.3146
Epoch 7: Train Loss = 0.1199, Test Loss = 0.2774
Epoch 8: Train Loss = 0.1053, Test Loss = 0.2357
Epoch 9: Train Loss = 0.0982, Test Loss = 0.1982
Epoch 10: Train Loss = 0.0948, Test Loss = 0.1391
Epoch 11: Train Loss = 0.0932, Test Loss = 0.1453
Epoch 12: Train Loss = 0.0900, Test Loss = 0.1068
Epoch 13: Train Loss = 0.0948, Test Loss = 0.1325
Epoch 14: Train Loss = 0.0949, Test Loss = 0.0990
Epoch 15: Train Loss = 0.0922, Test Loss = 0.0946
Epoch 16: Train Loss = 0.0933, Test Loss = 0.1060
Epoch 17: Train Loss = 0.0912, Test Loss = 0.0928
Epoch 18: Train Loss = 0.0904, Test Loss = 0.1069
Epoch 19: Train Loss = 0.0949, Test Loss = 0.1203
Epoch 20: Train Loss = 0.0896, Test Loss = 0.1017
Epoch 21: Train Loss = 0.0916, Test Loss = 0.1105
Epoch 22: Train Loss = 0.0939, Test Loss = 0.1077
Epoch 23: Train Loss = 0.0899, Test Loss = 0.1062
Epoch 24: Train Loss = 0.0882, Test Loss = 0.0988
Epoch 25: Train Loss = 0.0852, Test Loss = 0.1031
Epoch 26: Train Loss = 0.0783, Test Loss = 0.1061
Epoch 27: Train Loss = 0.0822, Test Loss = 0.1071
Epoch 28: Train Loss = 0.0904, Test Loss = 0.1102
Epoch 29: Train Loss = 0.0961, Test Loss = 0.0972
Epoch 30: Train Loss = 0.0923, Test Loss = 0.0970
Epoch 31: Train Loss = 0.0886, Test Loss = 0.0936
Epoch 32: Train Loss = 0.0854, Test Loss = 0.0874
Epoch 33: Train Loss = 0.0887, Test Loss = 0.1240
Epoch 34: Train Loss = 0.0923, Test Loss = 0.1105
Epoch 35: Train Loss = 0.0924, Test Loss = 0.0731
Epoch 36: Train Loss = 0.0898, Test Loss = 0.0755
Epoch 37: Train Loss = 0.0855, Test Loss = 0.0900
Epoch 38: Train Loss = 0.0919, Test Loss = 0.1061
Epoch 39: Train Loss = 0.0906, Test Loss = 0.0897
Epoch 40: Train Loss = 0.0857, Test Loss = 0.0889
Epoch 41: Train Loss = 0.0921, Test Loss = 0.0749
Epoch 42: Train Loss = 0.0874, Test Loss = 0.0898
Epoch 43: Train Loss = 0.0872, Test Loss = 0.1024
Epoch 44: Train Loss = 0.0907, Test Loss = 0.0820
Epoch 45: Train Loss = 0.0929, Test Loss = 0.0835
Epoch 46: Train Loss = 0.0884, Test Loss = 0.0774
Epoch 47: Train Loss = 0.0900, Test Loss = 0.1018
Epoch 48: Train Loss = 0.0927, Test Loss = 0.0756
Epoch 49: Train Loss = 0.0923, Test Loss = 0.0753
Epoch 50: Train Loss = 0.0900, Test Loss = 0.0773
Trial completed in 57.51s with error: 0.0773
Trial completed!
