Running on host hal0082.amarel.rutgers.edu
Time is Thu Apr 24 11:43:01 EDT 2025
Directory is /home/elp95/tfa-predictor
SLURM job ID is 43165693
Starting trial...
Running trial with config: {'input_size': 3883, 'output_size': 214, 'hidden_sizes': [1024, 512, 256], 'lr': 0.00015177941306507495, 'weight_decay': 0.00017249321573179011, 'batch_size': 128, 'max_epochs': 50}
Using data directory: /cache/home/elp95/tfa-predictor/data
xprs_path: /cache/home/elp95/tfa-predictor/data/gene-xprs/processed/xprs-data.csv
tfa_path: /cache/home/elp95/tfa-predictor/data/tfa/processed/tfa-labels.csv
Epoch 1: Train Loss = 0.8112, Test Loss = 0.2755
Epoch 2: Train Loss = 0.5060, Test Loss = 0.1721
Epoch 3: Train Loss = 0.4135, Test Loss = 0.1246
Epoch 4: Train Loss = 0.3660, Test Loss = 0.0973
Epoch 5: Train Loss = 0.3318, Test Loss = 0.0823
Epoch 6: Train Loss = 0.3109, Test Loss = 0.0760
Epoch 7: Train Loss = 0.2977, Test Loss = 0.0692
Epoch 8: Train Loss = 0.2832, Test Loss = 0.0647
Epoch 9: Train Loss = 0.2716, Test Loss = 0.0585
Epoch 10: Train Loss = 0.2585, Test Loss = 0.0562
Epoch 11: Train Loss = 0.2493, Test Loss = 0.0527
Epoch 12: Train Loss = 0.2400, Test Loss = 0.0496
Epoch 13: Train Loss = 0.2329, Test Loss = 0.0502
Epoch 14: Train Loss = 0.2251, Test Loss = 0.0457
Epoch 15: Train Loss = 0.2187, Test Loss = 0.0452
Epoch 16: Train Loss = 0.2138, Test Loss = 0.0449
Epoch 17: Train Loss = 0.2039, Test Loss = 0.0425
Epoch 18: Train Loss = 0.2015, Test Loss = 0.0389
Epoch 19: Train Loss = 0.1962, Test Loss = 0.0397
Epoch 20: Train Loss = 0.1913, Test Loss = 0.0383
Epoch 21: Train Loss = 0.1849, Test Loss = 0.0363
Epoch 22: Train Loss = 0.1771, Test Loss = 0.0356
Epoch 23: Train Loss = 0.1756, Test Loss = 0.0352
Epoch 24: Train Loss = 0.1719, Test Loss = 0.0344
Epoch 25: Train Loss = 0.1696, Test Loss = 0.0346
Epoch 26: Train Loss = 0.1641, Test Loss = 0.0397
Epoch 27: Train Loss = 0.1637, Test Loss = 0.0416
Epoch 28: Train Loss = 0.1610, Test Loss = 0.0408
Epoch 29: Train Loss = 0.1557, Test Loss = 0.0421
Epoch 30: Train Loss = 0.1527, Test Loss = 0.0349
Epoch 31: Train Loss = 0.1507, Test Loss = 0.0307
Epoch 32: Train Loss = 0.1485, Test Loss = 0.0301
Epoch 33: Train Loss = 0.1420, Test Loss = 0.0285
Epoch 34: Train Loss = 0.1383, Test Loss = 0.0308
Epoch 35: Train Loss = 0.1383, Test Loss = 0.0315
Epoch 36: Train Loss = 0.1353, Test Loss = 0.0320
Epoch 37: Train Loss = 0.1326, Test Loss = 0.0289
Epoch 38: Train Loss = 0.1330, Test Loss = 0.0287
Epoch 39: Train Loss = 0.1282, Test Loss = 0.0275
Epoch 40: Train Loss = 0.1271, Test Loss = 0.0317
Epoch 41: Train Loss = 0.1260, Test Loss = 0.0324
Epoch 42: Train Loss = 0.1236, Test Loss = 0.0282
Epoch 43: Train Loss = 0.1209, Test Loss = 0.0297
Epoch 44: Train Loss = 0.1208, Test Loss = 0.0284
Epoch 45: Train Loss = 0.1195, Test Loss = 0.0296
Epoch 46: Train Loss = 0.1165, Test Loss = 0.0264
Epoch 47: Train Loss = 0.1164, Test Loss = 0.0244
Epoch 48: Train Loss = 0.1147, Test Loss = 0.0239
Epoch 49: Train Loss = 0.1114, Test Loss = 0.0237
Epoch 50: Train Loss = 0.1113, Test Loss = 0.0265
Trial completed in 49.95s with error: 0.0265
Trial completed!
