Running on host hal0046.amarel.rutgers.edu
Time is Thu Apr 24 11:43:01 EDT 2025
Directory is /home/elp95/tfa-predictor
SLURM job ID is 43165687
Starting trial...
Running trial with config: {'input_size': 3883, 'output_size': 214, 'hidden_sizes': [2048, 1024, 512], 'lr': 0.0015620693675639863, 'weight_decay': 7.792297153882993e-05, 'batch_size': 128, 'max_epochs': 200}
Using data directory: /cache/home/elp95/tfa-predictor/data
xprs_path: /cache/home/elp95/tfa-predictor/data/gene-xprs/processed/xprs-data.csv
tfa_path: /cache/home/elp95/tfa-predictor/data/tfa/processed/tfa-labels.csv
Epoch 1: Train Loss = 0.5647, Test Loss = 0.1601
Epoch 2: Train Loss = 0.3019, Test Loss = 0.1048
Epoch 3: Train Loss = 0.2384, Test Loss = 0.0769
Epoch 4: Train Loss = 0.1914, Test Loss = 0.0738
Epoch 5: Train Loss = 0.1708, Test Loss = 0.0581
Epoch 6: Train Loss = 0.1497, Test Loss = 0.0609
Epoch 7: Train Loss = 0.1452, Test Loss = 0.0555
Epoch 8: Train Loss = 0.1322, Test Loss = 0.0545
Epoch 9: Train Loss = 0.1297, Test Loss = 0.0509
Epoch 10: Train Loss = 0.1205, Test Loss = 0.0462
Epoch 11: Train Loss = 0.1166, Test Loss = 0.0459
Epoch 12: Train Loss = 0.1116, Test Loss = 0.0504
Epoch 13: Train Loss = 0.1193, Test Loss = 0.0503
Epoch 14: Train Loss = 0.1275, Test Loss = 0.0531
Epoch 15: Train Loss = 0.1267, Test Loss = 0.0472
Epoch 16: Train Loss = 0.1162, Test Loss = 0.0508
Epoch 17: Train Loss = 0.1133, Test Loss = 0.0439
Epoch 18: Train Loss = 0.1084, Test Loss = 0.0487
Epoch 19: Train Loss = 0.1151, Test Loss = 0.0534
Epoch 20: Train Loss = 0.1101, Test Loss = 0.0463
Epoch 21: Train Loss = 0.1098, Test Loss = 0.0479
Epoch 22: Train Loss = 0.1086, Test Loss = 0.0439
Epoch 23: Train Loss = 0.1090, Test Loss = 0.0433
Epoch 24: Train Loss = 0.1085, Test Loss = 0.0490
Epoch 25: Train Loss = 0.1115, Test Loss = 0.0438
Epoch 26: Train Loss = 0.1181, Test Loss = 0.0460
Epoch 27: Train Loss = 0.1082, Test Loss = 0.0517
Epoch 28: Train Loss = 0.1120, Test Loss = 0.0470
Epoch 29: Train Loss = 0.1194, Test Loss = 0.0453
Epoch 30: Train Loss = 0.1198, Test Loss = 0.0500
Epoch 31: Train Loss = 0.1112, Test Loss = 0.0449
Epoch 32: Train Loss = 0.1164, Test Loss = 0.0450
Epoch 33: Train Loss = 0.1238, Test Loss = 0.0436
Epoch 34: Train Loss = 0.1199, Test Loss = 0.0461
Epoch 35: Train Loss = 0.1327, Test Loss = 0.0482
Epoch 36: Train Loss = 0.1248, Test Loss = 0.0514
Epoch 37: Train Loss = 0.1193, Test Loss = 0.0472
Epoch 38: Train Loss = 0.1286, Test Loss = 0.0473
Epoch 39: Train Loss = 0.1215, Test Loss = 0.0458
Epoch 40: Train Loss = 0.1183, Test Loss = 0.0566
Epoch 41: Train Loss = 0.1251, Test Loss = 0.0506
Epoch 42: Train Loss = 0.1156, Test Loss = 0.0572
Epoch 43: Train Loss = 0.1199, Test Loss = 0.0707
Epoch 44: Train Loss = 0.1376, Test Loss = 0.0482
Epoch 45: Train Loss = 0.1164, Test Loss = 0.0507
Epoch 46: Train Loss = 0.1225, Test Loss = 0.0465
Epoch 47: Train Loss = 0.1195, Test Loss = 0.0383
Epoch 48: Train Loss = 0.1107, Test Loss = 0.0481
Epoch 49: Train Loss = 0.1132, Test Loss = 0.0476
Epoch 50: Train Loss = 0.1178, Test Loss = 0.0564
Epoch 51: Train Loss = 0.1314, Test Loss = 0.0429
Epoch 52: Train Loss = 0.1224, Test Loss = 0.0477
Epoch 53: Train Loss = 0.1141, Test Loss = 0.0429
Epoch 54: Train Loss = 0.1240, Test Loss = 0.0491
Epoch 55: Train Loss = 0.1138, Test Loss = 0.0490
Epoch 56: Train Loss = 0.1156, Test Loss = 0.0562
Epoch 57: Train Loss = 0.1400, Test Loss = 0.1021
Epoch 58: Train Loss = 0.1274, Test Loss = 0.0548
Epoch 59: Train Loss = 0.1148, Test Loss = 0.0447
Epoch 60: Train Loss = 0.1237, Test Loss = 0.0512
Epoch 61: Train Loss = 0.1195, Test Loss = 0.0483
Epoch 62: Train Loss = 0.1168, Test Loss = 0.0448
Epoch 63: Train Loss = 0.1055, Test Loss = 0.0456
Epoch 64: Train Loss = 0.1249, Test Loss = 0.0481
Epoch 65: Train Loss = 0.1127, Test Loss = 0.0445
Epoch 66: Train Loss = 0.1210, Test Loss = 0.0482
Epoch 67: Train Loss = 0.1167, Test Loss = 0.0511
Epoch 68: Train Loss = 0.1265, Test Loss = 0.0519
Epoch 69: Train Loss = 0.1217, Test Loss = 0.0480
Epoch 70: Train Loss = 0.1182, Test Loss = 0.0475
Epoch 71: Train Loss = 0.1150, Test Loss = 0.0500
Epoch 72: Train Loss = 0.1372, Test Loss = 0.0560
Epoch 73: Train Loss = 0.1342, Test Loss = 0.0529
Epoch 74: Train Loss = 0.1272, Test Loss = 0.0523
Epoch 75: Train Loss = 0.1286, Test Loss = 0.0512
Epoch 76: Train Loss = 0.1172, Test Loss = 0.0455
Epoch 77: Train Loss = 0.1163, Test Loss = 0.0569
Epoch 78: Train Loss = 0.1173, Test Loss = 0.0524
Epoch 79: Train Loss = 0.1152, Test Loss = 0.0515
Epoch 80: Train Loss = 0.1157, Test Loss = 0.0443
Epoch 81: Train Loss = 0.1120, Test Loss = 0.0438
Epoch 82: Train Loss = 0.1291, Test Loss = 0.0489
Epoch 83: Train Loss = 0.1313, Test Loss = 0.0488
Epoch 84: Train Loss = 0.1223, Test Loss = 0.0494
Epoch 85: Train Loss = 0.1284, Test Loss = 0.0567
Epoch 86: Train Loss = 0.1164, Test Loss = 0.0537
Epoch 87: Train Loss = 0.1136, Test Loss = 0.0505
Epoch 88: Train Loss = 0.1212, Test Loss = 0.0465
Epoch 89: Train Loss = 0.1324, Test Loss = 0.0613
Epoch 90: Train Loss = 0.1154, Test Loss = 0.0453
Epoch 91: Train Loss = 0.1250, Test Loss = 0.0496
Epoch 92: Train Loss = 0.1243, Test Loss = 0.0528
Epoch 93: Train Loss = 0.1200, Test Loss = 0.0435
Epoch 94: Train Loss = 0.1211, Test Loss = 0.0525
Epoch 95: Train Loss = 0.1081, Test Loss = 0.0502
Epoch 96: Train Loss = 0.1224, Test Loss = 0.0476
Epoch 97: Train Loss = 0.1231, Test Loss = 0.0484
Epoch 98: Train Loss = 0.1198, Test Loss = 0.0624
Epoch 99: Train Loss = 0.1176, Test Loss = 0.0542
Epoch 100: Train Loss = 0.1136, Test Loss = 0.0494
Epoch 101: Train Loss = 0.1288, Test Loss = 0.0581
Epoch 102: Train Loss = 0.1241, Test Loss = 0.0637
Epoch 103: Train Loss = 0.1304, Test Loss = 0.0708
Epoch 104: Train Loss = 0.1315, Test Loss = 0.0557
Epoch 105: Train Loss = 0.1212, Test Loss = 0.0511
Epoch 106: Train Loss = 0.1237, Test Loss = 0.0512
Epoch 107: Train Loss = 0.1237, Test Loss = 0.0485
Epoch 108: Train Loss = 0.1216, Test Loss = 0.0457
Epoch 109: Train Loss = 0.1238, Test Loss = 0.0488
Epoch 110: Train Loss = 0.1148, Test Loss = 0.0437
Epoch 111: Train Loss = 0.1176, Test Loss = 0.0455
Epoch 112: Train Loss = 0.1253, Test Loss = 0.0527
Epoch 113: Train Loss = 0.1215, Test Loss = 0.0551
Epoch 114: Train Loss = 0.1106, Test Loss = 0.0508
Epoch 115: Train Loss = 0.1219, Test Loss = 0.0513
Epoch 116: Train Loss = 0.1138, Test Loss = 0.0510
Epoch 117: Train Loss = 0.1234, Test Loss = 0.0505
Epoch 118: Train Loss = 0.1188, Test Loss = 0.0511
Epoch 119: Train Loss = 0.1252, Test Loss = 0.0625
Epoch 120: Train Loss = 0.1172, Test Loss = 0.0474
Epoch 121: Train Loss = 0.1143, Test Loss = 0.0559
Epoch 122: Train Loss = 0.1168, Test Loss = 0.0503
Epoch 123: Train Loss = 0.1234, Test Loss = 0.0548
Epoch 124: Train Loss = 0.1160, Test Loss = 0.0517
Epoch 125: Train Loss = 0.1310, Test Loss = 0.0420
Epoch 126: Train Loss = 0.1081, Test Loss = 0.0592
Epoch 127: Train Loss = 0.1213, Test Loss = 0.0581
Epoch 128: Train Loss = 0.1249, Test Loss = 0.0519
Epoch 129: Train Loss = 0.1250, Test Loss = 0.0657
Epoch 130: Train Loss = 0.1219, Test Loss = 0.0711
Epoch 131: Train Loss = 0.1276, Test Loss = 0.0713
Epoch 132: Train Loss = 0.1370, Test Loss = 0.0698
Epoch 133: Train Loss = 0.1337, Test Loss = 0.0563
Epoch 134: Train Loss = 0.1239, Test Loss = 0.1193
Epoch 135: Train Loss = 0.1185, Test Loss = 0.0554
Epoch 136: Train Loss = 0.1303, Test Loss = 0.0476
Epoch 137: Train Loss = 0.1212, Test Loss = 0.0575
Epoch 138: Train Loss = 0.1219, Test Loss = 0.0527
Epoch 139: Train Loss = 0.1193, Test Loss = 0.0505
Epoch 140: Train Loss = 0.1274, Test Loss = 0.0460
Epoch 141: Train Loss = 0.1235, Test Loss = 0.0553
Epoch 142: Train Loss = 0.1192, Test Loss = 0.0516
Epoch 143: Train Loss = 0.1221, Test Loss = 0.0517
Epoch 144: Train Loss = 0.1205, Test Loss = 0.0500
Epoch 145: Train Loss = 0.1171, Test Loss = 0.8051
Epoch 146: Train Loss = 0.1143, Test Loss = 0.0567
Epoch 147: Train Loss = 0.1283, Test Loss = 0.0590
Epoch 148: Train Loss = 0.1265, Test Loss = 0.0679
Epoch 149: Train Loss = 0.1213, Test Loss = 7.7095
Epoch 150: Train Loss = 0.1197, Test Loss = 0.0518
Epoch 151: Train Loss = 0.1246, Test Loss = 0.5180
Epoch 152: Train Loss = 0.1168, Test Loss = 0.0551
Epoch 153: Train Loss = 0.1261, Test Loss = 0.0604
Epoch 154: Train Loss = 0.1369, Test Loss = 0.0587
Epoch 155: Train Loss = 0.1312, Test Loss = 0.0576
Epoch 156: Train Loss = 0.1288, Test Loss = 0.0616
Epoch 157: Train Loss = 0.1221, Test Loss = 0.0444
Epoch 158: Train Loss = 0.1202, Test Loss = 0.0454
Epoch 159: Train Loss = 0.1210, Test Loss = 0.0525
Epoch 160: Train Loss = 0.1159, Test Loss = 0.0556
Epoch 161: Train Loss = 0.1048, Test Loss = 0.0474
Epoch 162: Train Loss = 0.1079, Test Loss = 0.1820
Epoch 163: Train Loss = 0.1201, Test Loss = 0.0581
Epoch 164: Train Loss = 0.1298, Test Loss = 0.0555
Epoch 165: Train Loss = 0.1197, Test Loss = 0.0843
Epoch 166: Train Loss = 0.1223, Test Loss = 0.0580
Epoch 167: Train Loss = 0.1246, Test Loss = 0.0841
Epoch 168: Train Loss = 0.1335, Test Loss = 0.0527
Epoch 169: Train Loss = 0.1230, Test Loss = 0.0546
Epoch 170: Train Loss = 0.1196, Test Loss = 0.0640
Epoch 171: Train Loss = 0.1308, Test Loss = 0.0558
Epoch 172: Train Loss = 0.1137, Test Loss = 77.2009
Epoch 173: Train Loss = 0.1186, Test Loss = 6.5149
Epoch 174: Train Loss = 0.1249, Test Loss = 0.0585
Epoch 175: Train Loss = 0.1147, Test Loss = 0.0631
Epoch 176: Train Loss = 0.1092, Test Loss = 0.0582
Epoch 177: Train Loss = 0.1182, Test Loss = 0.0483
Epoch 178: Train Loss = 0.1145, Test Loss = 0.0658
Epoch 179: Train Loss = 0.1184, Test Loss = 0.0531
Epoch 180: Train Loss = 0.1267, Test Loss = 0.0575
Epoch 181: Train Loss = 0.1261, Test Loss = 0.8932
Epoch 182: Train Loss = 0.1091, Test Loss = 0.0461
Epoch 183: Train Loss = 0.1003, Test Loss = 0.8367
Epoch 184: Train Loss = 0.1002, Test Loss = 2.6306
Epoch 185: Train Loss = 0.1199, Test Loss = 0.0455
Epoch 186: Train Loss = 0.1208, Test Loss = 0.0559
Epoch 187: Train Loss = 0.1148, Test Loss = 0.0543
Epoch 188: Train Loss = 0.1149, Test Loss = 0.0630
Epoch 189: Train Loss = 0.1216, Test Loss = 0.0487
Epoch 190: Train Loss = 0.0986, Test Loss = 0.0518
Epoch 191: Train Loss = 0.1144, Test Loss = 0.0496
Epoch 192: Train Loss = 0.1067, Test Loss = 0.0467
Epoch 193: Train Loss = 0.1020, Test Loss = 0.0636
Epoch 194: Train Loss = 0.1159, Test Loss = 0.0524
Epoch 195: Train Loss = 0.1060, Test Loss = 0.0758
Epoch 196: Train Loss = 0.1243, Test Loss = 0.0768
Epoch 197: Train Loss = 0.1161, Test Loss = 0.0460
Epoch 198: Train Loss = 0.1200, Test Loss = 0.0488
Epoch 199: Train Loss = 0.1257, Test Loss = 0.0548
Epoch 200: Train Loss = 0.1180, Test Loss = 0.0510
Trial completed in 368.89s with error: 0.0510
Trial completed!
