Running on host hal0370.amarel.rutgers.edu
Time is Thu Apr 24 11:43:01 EDT 2025
Directory is /home/elp95/tfa-predictor
SLURM job ID is 43165700
Starting trial...
Running trial with config: {'input_size': 3883, 'output_size': 214, 'hidden_sizes': [1024, 256], 'lr': 0.001096821720752952, 'weight_decay': 0.00012399967836846095, 'batch_size': 64, 'max_epochs': 50}
Using data directory: /cache/home/elp95/tfa-predictor/data
xprs_path: /cache/home/elp95/tfa-predictor/data/gene-xprs/processed/xprs-data.csv
tfa_path: /cache/home/elp95/tfa-predictor/data/tfa/processed/tfa-labels.csv
Epoch 1: Train Loss = 0.4879, Test Loss = 0.1189
Epoch 2: Train Loss = 0.2704, Test Loss = 0.0805
Epoch 3: Train Loss = 0.2142, Test Loss = 0.0702
Epoch 4: Train Loss = 0.1858, Test Loss = 0.0639
Epoch 5: Train Loss = 0.1717, Test Loss = 0.0721
Epoch 6: Train Loss = 0.1571, Test Loss = 0.0550
Epoch 7: Train Loss = 0.1504, Test Loss = 0.0482
Epoch 8: Train Loss = 0.1407, Test Loss = 0.0519
Epoch 9: Train Loss = 0.1380, Test Loss = 0.0429
Epoch 10: Train Loss = 0.1367, Test Loss = 0.0482
Epoch 11: Train Loss = 0.1360, Test Loss = 0.0432
Epoch 12: Train Loss = 0.1324, Test Loss = 0.0454
Epoch 13: Train Loss = 0.1251, Test Loss = 0.0377
Epoch 14: Train Loss = 0.1271, Test Loss = 0.0392
Epoch 15: Train Loss = 0.1272, Test Loss = 0.0378
Epoch 16: Train Loss = 0.1317, Test Loss = 0.0400
Epoch 17: Train Loss = 0.1305, Test Loss = 0.0387
Epoch 18: Train Loss = 0.1241, Test Loss = 0.0409
Epoch 19: Train Loss = 0.1258, Test Loss = 0.0374
Epoch 20: Train Loss = 0.1291, Test Loss = 0.0412
Epoch 21: Train Loss = 0.1279, Test Loss = 0.0369
Epoch 22: Train Loss = 0.1254, Test Loss = 0.0359
Epoch 23: Train Loss = 0.1232, Test Loss = 0.0375
Epoch 24: Train Loss = 0.1194, Test Loss = 0.0379
Epoch 25: Train Loss = 0.1197, Test Loss = 0.0370
Epoch 26: Train Loss = 0.1324, Test Loss = 0.0389
Epoch 27: Train Loss = 0.1309, Test Loss = 0.0394
Epoch 28: Train Loss = 0.1254, Test Loss = 0.0390
Epoch 29: Train Loss = 0.1267, Test Loss = 0.0408
Epoch 30: Train Loss = 0.1283, Test Loss = 0.0439
Epoch 31: Train Loss = 0.1230, Test Loss = 0.0418
Epoch 32: Train Loss = 0.1263, Test Loss = 0.0449
Epoch 33: Train Loss = 0.1207, Test Loss = 0.0409
Epoch 34: Train Loss = 0.1182, Test Loss = 0.0426
Epoch 35: Train Loss = 0.1245, Test Loss = 0.0564
Epoch 36: Train Loss = 0.1249, Test Loss = 0.0407
Epoch 37: Train Loss = 0.1292, Test Loss = 0.0372
Epoch 38: Train Loss = 0.1237, Test Loss = 0.0416
Epoch 39: Train Loss = 0.1279, Test Loss = 0.0491
Epoch 40: Train Loss = 0.1296, Test Loss = 0.0400
Epoch 41: Train Loss = 0.1286, Test Loss = 0.0412
Epoch 42: Train Loss = 0.1266, Test Loss = 0.0419
Epoch 43: Train Loss = 0.1292, Test Loss = 0.0415
Epoch 44: Train Loss = 0.1294, Test Loss = 0.0363
Epoch 45: Train Loss = 0.1252, Test Loss = 0.0364
Epoch 46: Train Loss = 0.1234, Test Loss = 0.0389
Epoch 47: Train Loss = 0.1205, Test Loss = 0.0367
Epoch 48: Train Loss = 0.1206, Test Loss = 0.0413
Epoch 49: Train Loss = 0.1230, Test Loss = 0.0385
Epoch 50: Train Loss = 0.1195, Test Loss = 0.0376
Trial completed in 51.86s with error: 0.0376
Trial completed!
