Running on host hal0032.amarel.rutgers.edu
Time is Thu Apr 24 13:11:24 EDT 2025
Directory is /home/elp95/tfa-predictor
SLURM job ID is 43167370
Starting trial...
Running trial with config: {'input_size': 3883, 'output_size': 214, 'hidden_sizes': [1024, 512, 256], 'lr': 0.0001238513729886094, 'weight_decay': 0.000164092867306479, 'batch_size': 32, 'max_epochs': 50}
Using data directory: /cache/home/elp95/tfa-predictor/data
xprs_path: /cache/home/elp95/tfa-predictor/data/gene-xprs/processed/xprs-data.csv
tfa_path: /cache/home/elp95/tfa-predictor/data/tfa/processed/tfa-labels.csv
Epoch 1: Train Loss = 0.6389, Test Loss = 0.1626
Epoch 2: Train Loss = 0.3997, Test Loss = 0.1067
Epoch 3: Train Loss = 0.3451, Test Loss = 0.0842
Epoch 4: Train Loss = 0.3127, Test Loss = 0.0727
Epoch 5: Train Loss = 0.2893, Test Loss = 0.0656
Epoch 6: Train Loss = 0.2736, Test Loss = 0.0632
Epoch 7: Train Loss = 0.2541, Test Loss = 0.0580
Epoch 8: Train Loss = 0.2403, Test Loss = 0.0525
Epoch 9: Train Loss = 0.2291, Test Loss = 0.0508
Epoch 10: Train Loss = 0.2197, Test Loss = 0.0474
Epoch 11: Train Loss = 0.2093, Test Loss = 0.0447
Epoch 12: Train Loss = 0.1988, Test Loss = 0.0421
Epoch 13: Train Loss = 0.1913, Test Loss = 0.0443
Epoch 14: Train Loss = 0.1885, Test Loss = 0.0422
Epoch 15: Train Loss = 0.1821, Test Loss = 0.0408
Epoch 16: Train Loss = 0.1730, Test Loss = 0.0393
Epoch 17: Train Loss = 0.1695, Test Loss = 0.0376
Epoch 18: Train Loss = 0.1655, Test Loss = 0.0381
Epoch 19: Train Loss = 0.1611, Test Loss = 0.0386
Epoch 20: Train Loss = 0.1579, Test Loss = 0.0382
Epoch 21: Train Loss = 0.1578, Test Loss = 0.0346
Epoch 22: Train Loss = 0.1495, Test Loss = 0.0360
Epoch 23: Train Loss = 0.1496, Test Loss = 0.0346
Epoch 24: Train Loss = 0.1478, Test Loss = 0.0350
Epoch 25: Train Loss = 0.1433, Test Loss = 0.0346
Epoch 26: Train Loss = 0.1409, Test Loss = 0.0350
Epoch 27: Train Loss = 0.1385, Test Loss = 0.0315
Epoch 28: Train Loss = 0.1370, Test Loss = 0.0324
Epoch 29: Train Loss = 0.1348, Test Loss = 0.0342
Epoch 30: Train Loss = 0.1318, Test Loss = 0.0331
Epoch 31: Train Loss = 0.1343, Test Loss = 0.0352
Epoch 32: Train Loss = 0.1313, Test Loss = 0.0334
Epoch 33: Train Loss = 0.1295, Test Loss = 0.0322
Epoch 34: Train Loss = 0.1256, Test Loss = 0.0333
Epoch 35: Train Loss = 0.1252, Test Loss = 0.0318
Epoch 36: Train Loss = 0.1235, Test Loss = 0.0339
Epoch 37: Train Loss = 0.1247, Test Loss = 0.0348
Epoch 38: Train Loss = 0.1234, Test Loss = 0.0299
Epoch 39: Train Loss = 0.1231, Test Loss = 0.0304
Epoch 40: Train Loss = 0.1230, Test Loss = 0.0283
Epoch 41: Train Loss = 0.1222, Test Loss = 0.0314
Epoch 42: Train Loss = 0.1220, Test Loss = 0.0308
Epoch 43: Train Loss = 0.1222, Test Loss = 0.0300
Epoch 44: Train Loss = 0.1223, Test Loss = 0.0307
Epoch 45: Train Loss = 0.1219, Test Loss = 0.0287
Epoch 46: Train Loss = 0.1209, Test Loss = 0.0314
Epoch 47: Train Loss = 0.1190, Test Loss = 0.0286
Epoch 48: Train Loss = 0.1172, Test Loss = 0.0292
Epoch 49: Train Loss = 0.1209, Test Loss = 0.0307
Epoch 50: Train Loss = 0.1188, Test Loss = 0.0289
Trial completed in 115.49s with error: 0.0289
Trial completed!
