Running on host hal0082.amarel.rutgers.edu
Time is Thu Apr 24 14:44:50 EDT 2025
Directory is /home/elp95/tfa-predictor
SLURM job ID is 43168389
Starting trial...
Running trial with config: {'input_size': 3883, 'output_size': 214, 'hidden_sizes': [1024, 256], 'lr': 0.00880677492452379, 'weight_decay': 7.411299781083242e-05, 'batch_size': 32, 'max_epochs': 50, 'dropout_rate': 0.03177917514301182, 'activation': 'elu', 'optimizer': 'adamw', 'learning_rate_schedule': 'exponential', 'batch_norm': 'true'}
Using data directory: /cache/home/elp95/tfa-predictor/data
xprs_path: /cache/home/elp95/tfa-predictor/data/gene-xprs/processed/xprs-data.csv
tfa_path: /cache/home/elp95/tfa-predictor/data/tfa/processed/tfa-labels.csv
Epoch 1: Train Loss = 0.3973, Test Loss = 0.0979
Epoch 2: Train Loss = 0.2032, Test Loss = 0.0902
Epoch 3: Train Loss = 0.1706, Test Loss = 0.0780
Epoch 4: Train Loss = 0.1741, Test Loss = 0.0759
Epoch 5: Train Loss = 0.1673, Test Loss = 0.0784
Epoch 6: Train Loss = 0.1655, Test Loss = 0.0741
Epoch 7: Train Loss = 0.1571, Test Loss = 0.0649
Epoch 8: Train Loss = 0.1606, Test Loss = 0.0703
Epoch 9: Train Loss = 0.1621, Test Loss = 0.0595
Epoch 10: Train Loss = 0.1617, Test Loss = 0.0620
Epoch 11: Train Loss = 0.1612, Test Loss = 0.0864
Epoch 12: Train Loss = 0.1670, Test Loss = 0.0614
Epoch 13: Train Loss = 0.1657, Test Loss = 0.0719
Epoch 14: Train Loss = 0.1630, Test Loss = 0.0753
Epoch 15: Train Loss = 0.1609, Test Loss = 0.0708
Epoch 16: Train Loss = 0.1702, Test Loss = 0.0694
Epoch 17: Train Loss = 0.1646, Test Loss = 0.0685
Epoch 18: Train Loss = 0.1594, Test Loss = 0.0673
Epoch 19: Train Loss = 0.1631, Test Loss = 0.0771
Epoch 20: Train Loss = 0.1674, Test Loss = 0.0719
Epoch 21: Train Loss = 0.1650, Test Loss = 0.0690
Epoch 22: Train Loss = 0.1603, Test Loss = 0.0747
Epoch 23: Train Loss = 0.1645, Test Loss = 0.0685
Epoch 24: Train Loss = 0.1742, Test Loss = 0.0684
Epoch 25: Train Loss = 0.1644, Test Loss = 0.0753
Epoch 26: Train Loss = 0.1693, Test Loss = 0.0826
Epoch 27: Train Loss = 0.1692, Test Loss = 0.0864
Epoch 28: Train Loss = 0.1724, Test Loss = 0.0702
Epoch 29: Train Loss = 0.1656, Test Loss = 0.0819
Epoch 30: Train Loss = 0.1711, Test Loss = 0.0692
Epoch 31: Train Loss = 0.1698, Test Loss = 0.0813
Epoch 32: Train Loss = 0.1768, Test Loss = 0.0676
Epoch 33: Train Loss = 0.1823, Test Loss = 0.0778
Epoch 34: Train Loss = 0.1747, Test Loss = 0.0684
Epoch 35: Train Loss = 0.1675, Test Loss = 0.0712
Epoch 36: Train Loss = 0.1740, Test Loss = 0.0687
Epoch 37: Train Loss = 0.1700, Test Loss = 0.0771
Epoch 38: Train Loss = 0.1738, Test Loss = 0.0782
Epoch 39: Train Loss = 0.1705, Test Loss = 0.0710
Epoch 40: Train Loss = 0.1718, Test Loss = 0.0926
Epoch 41: Train Loss = 0.1765, Test Loss = 0.0762
Epoch 42: Train Loss = 0.1751, Test Loss = 0.0721
Epoch 43: Train Loss = 0.1697, Test Loss = 0.0742
Epoch 44: Train Loss = 0.1734, Test Loss = 0.0779
Epoch 45: Train Loss = 0.1784, Test Loss = 0.0763
Epoch 46: Train Loss = 0.1754, Test Loss = 0.0837
Epoch 47: Train Loss = 0.1764, Test Loss = 0.0687
Epoch 48: Train Loss = 0.1722, Test Loss = 0.0637
Epoch 49: Train Loss = 0.1794, Test Loss = 0.0753
Epoch 50: Train Loss = 0.1790, Test Loss = 0.0816
Trial completed in 83.03s with error: 0.0816
Trial completed!
