Running on host hal0059.amarel.rutgers.edu
Time is Thu Apr 24 14:44:50 EDT 2025
Directory is /home/elp95/tfa-predictor
SLURM job ID is 43168381
Starting trial...
Running trial with config: {'input_size': 3883, 'output_size': 214, 'hidden_sizes': [2048, 1024, 512, 256], 'lr': 0.00016539910843476336, 'weight_decay': 3.489018845491386e-05, 'batch_size': 16, 'max_epochs': 150, 'dropout_rate': 0.4299702033681603, 'activation': 'elu', 'optimizer': 'adam', 'learning_rate_schedule': 'none', 'batch_norm': 'true'}
Using data directory: /cache/home/elp95/tfa-predictor/data
xprs_path: /cache/home/elp95/tfa-predictor/data/gene-xprs/processed/xprs-data.csv
tfa_path: /cache/home/elp95/tfa-predictor/data/tfa/processed/tfa-labels.csv
Epoch 1: Train Loss = 0.6843, Test Loss = 0.1720
Epoch 2: Train Loss = 0.4066, Test Loss = 0.1234
Epoch 3: Train Loss = 0.3477, Test Loss = 0.0952
Epoch 4: Train Loss = 0.3111, Test Loss = 0.0978
Epoch 5: Train Loss = 0.2856, Test Loss = 0.0948
Epoch 6: Train Loss = 0.2607, Test Loss = 0.0839
Epoch 7: Train Loss = 0.2474, Test Loss = 0.0810
Epoch 8: Train Loss = 0.2328, Test Loss = 0.0861
Epoch 9: Train Loss = 0.2221, Test Loss = 0.0815
Epoch 10: Train Loss = 0.2134, Test Loss = 0.0729
Epoch 11: Train Loss = 0.2009, Test Loss = 0.0784
Epoch 12: Train Loss = 0.1925, Test Loss = 0.0788
Epoch 13: Train Loss = 0.1862, Test Loss = 0.0805
Epoch 14: Train Loss = 0.1798, Test Loss = 0.0776
Epoch 15: Train Loss = 0.1754, Test Loss = 0.0753
Epoch 16: Train Loss = 0.1725, Test Loss = 0.0802
Epoch 17: Train Loss = 0.1660, Test Loss = 0.0759
Epoch 18: Train Loss = 0.1676, Test Loss = 0.0689
Epoch 19: Train Loss = 0.1636, Test Loss = 0.0847
Epoch 20: Train Loss = 0.1618, Test Loss = 0.0785
Epoch 21: Train Loss = 0.1548, Test Loss = 0.0697
Epoch 22: Train Loss = 0.1549, Test Loss = 0.0752
Epoch 23: Train Loss = 0.1532, Test Loss = 0.0723
Epoch 24: Train Loss = 0.1505, Test Loss = 0.0778
Epoch 25: Train Loss = 0.1516, Test Loss = 0.0753
Epoch 26: Train Loss = 0.1492, Test Loss = 0.0768
Epoch 27: Train Loss = 0.1460, Test Loss = 0.0758
Epoch 28: Train Loss = 0.1472, Test Loss = 0.0814
Epoch 29: Train Loss = 0.1451, Test Loss = 0.0742
Epoch 30: Train Loss = 0.1436, Test Loss = 0.0808
Epoch 31: Train Loss = 0.1447, Test Loss = 0.0774
Epoch 32: Train Loss = 0.1463, Test Loss = 0.0723
Epoch 33: Train Loss = 0.1427, Test Loss = 0.0785
Epoch 34: Train Loss = 0.1389, Test Loss = 0.0754
Epoch 35: Train Loss = 0.1394, Test Loss = 0.0700
Epoch 36: Train Loss = 0.1379, Test Loss = 0.0747
Epoch 37: Train Loss = 0.1376, Test Loss = 0.0742
Epoch 38: Train Loss = 0.1390, Test Loss = 0.0676
Epoch 39: Train Loss = 0.1396, Test Loss = 0.0706
Epoch 40: Train Loss = 0.1385, Test Loss = 0.0694
Epoch 41: Train Loss = 0.1372, Test Loss = 0.0698
Epoch 42: Train Loss = 0.1376, Test Loss = 0.0832
Epoch 43: Train Loss = 0.1375, Test Loss = 0.0684
Epoch 44: Train Loss = 0.1381, Test Loss = 0.0736
Epoch 45: Train Loss = 0.1377, Test Loss = 0.0719
Epoch 46: Train Loss = 0.1356, Test Loss = 0.0795
Epoch 47: Train Loss = 0.1336, Test Loss = 0.0789
Epoch 48: Train Loss = 0.1343, Test Loss = 0.0667
Epoch 49: Train Loss = 0.1354, Test Loss = 0.0749
Epoch 50: Train Loss = 0.1350, Test Loss = 0.0804
Epoch 51: Train Loss = 0.1338, Test Loss = 0.0808
Epoch 52: Train Loss = 0.1324, Test Loss = 0.0744
Epoch 53: Train Loss = 0.1338, Test Loss = 0.0807
Epoch 54: Train Loss = 0.1339, Test Loss = 0.0718
Epoch 55: Train Loss = 0.1365, Test Loss = 0.0738
Epoch 56: Train Loss = 0.1342, Test Loss = 0.0759
Epoch 57: Train Loss = 0.1315, Test Loss = 0.0793
Epoch 58: Train Loss = 0.1346, Test Loss = 0.0772
Epoch 59: Train Loss = 0.1331, Test Loss = 0.0734
Epoch 60: Train Loss = 0.1341, Test Loss = 0.0737
Epoch 61: Train Loss = 0.1309, Test Loss = 0.0756
Epoch 62: Train Loss = 0.1359, Test Loss = 0.0830
Epoch 63: Train Loss = 0.1321, Test Loss = 0.0776
Epoch 64: Train Loss = 0.1298, Test Loss = 0.0758
Epoch 65: Train Loss = 0.1312, Test Loss = 0.0803
Epoch 66: Train Loss = 0.1314, Test Loss = 0.0655
Epoch 67: Train Loss = 0.1316, Test Loss = 0.0741
Epoch 68: Train Loss = 0.1306, Test Loss = 0.0799
Epoch 69: Train Loss = 0.1342, Test Loss = 0.0743
Epoch 70: Train Loss = 0.1324, Test Loss = 0.0716
Epoch 71: Train Loss = 0.1314, Test Loss = 0.0767
Epoch 72: Train Loss = 0.1309, Test Loss = 0.0735
Epoch 73: Train Loss = 0.1323, Test Loss = 0.0750
Epoch 74: Train Loss = 0.1306, Test Loss = 0.0733
Epoch 75: Train Loss = 0.1284, Test Loss = 0.0715
Epoch 76: Train Loss = 0.1298, Test Loss = 0.0793
Epoch 77: Train Loss = 0.1284, Test Loss = 0.0718
Epoch 78: Train Loss = 0.1312, Test Loss = 0.0744
Epoch 79: Train Loss = 0.1288, Test Loss = 0.0778
Epoch 80: Train Loss = 0.1301, Test Loss = 0.0741
Epoch 81: Train Loss = 0.1312, Test Loss = 0.0799
Epoch 82: Train Loss = 0.1342, Test Loss = 0.0830
Epoch 83: Train Loss = 0.1312, Test Loss = 0.0772
Epoch 84: Train Loss = 0.1300, Test Loss = 0.0797
Epoch 85: Train Loss = 0.1284, Test Loss = 0.0807
Epoch 86: Train Loss = 0.1289, Test Loss = 0.0727
Epoch 87: Train Loss = 0.1301, Test Loss = 0.0721
Epoch 88: Train Loss = 0.1294, Test Loss = 0.0760
Epoch 89: Train Loss = 0.1292, Test Loss = 0.0776
Epoch 90: Train Loss = 0.1286, Test Loss = 0.0762
Epoch 91: Train Loss = 0.1265, Test Loss = 0.0717
Epoch 92: Train Loss = 0.1251, Test Loss = 0.0779
Epoch 93: Train Loss = 0.1280, Test Loss = 0.0774
Epoch 94: Train Loss = 0.1306, Test Loss = 0.0743
Epoch 95: Train Loss = 0.1259, Test Loss = 0.0743
Epoch 96: Train Loss = 0.1319, Test Loss = 0.0714
Epoch 97: Train Loss = 0.1312, Test Loss = 0.0739
Epoch 98: Train Loss = 0.1252, Test Loss = 0.0719
Epoch 99: Train Loss = 0.1260, Test Loss = 0.0750
Epoch 100: Train Loss = 0.1285, Test Loss = 0.0789
Epoch 101: Train Loss = 0.1292, Test Loss = 0.0717
Epoch 102: Train Loss = 0.1282, Test Loss = 0.0791
Epoch 103: Train Loss = 0.1271, Test Loss = 0.0797
Epoch 104: Train Loss = 0.1271, Test Loss = 0.0766
Epoch 105: Train Loss = 0.1272, Test Loss = 0.0749
Epoch 106: Train Loss = 0.1285, Test Loss = 0.0829
Epoch 107: Train Loss = 0.1291, Test Loss = 0.0799
Epoch 108: Train Loss = 0.1308, Test Loss = 0.0731
Epoch 109: Train Loss = 0.1266, Test Loss = 0.0924
Epoch 110: Train Loss = 0.1289, Test Loss = 0.0771
Epoch 111: Train Loss = 0.1271, Test Loss = 0.0779
Epoch 112: Train Loss = 0.1294, Test Loss = 0.0706
Epoch 113: Train Loss = 0.1266, Test Loss = 0.0769
Epoch 114: Train Loss = 0.1281, Test Loss = 0.0795
Epoch 115: Train Loss = 0.1284, Test Loss = 0.0741
Epoch 116: Train Loss = 0.1261, Test Loss = 0.0752
Epoch 117: Train Loss = 0.1267, Test Loss = 0.0781
Epoch 118: Train Loss = 0.1268, Test Loss = 0.0829
Epoch 119: Train Loss = 0.1272, Test Loss = 0.0772
Epoch 120: Train Loss = 0.1285, Test Loss = 0.0669
Epoch 121: Train Loss = 0.1278, Test Loss = 0.0734
Epoch 122: Train Loss = 0.1294, Test Loss = 0.0705
Epoch 123: Train Loss = 0.1271, Test Loss = 0.0775
Epoch 124: Train Loss = 0.1262, Test Loss = 0.0817
Epoch 125: Train Loss = 0.1284, Test Loss = 0.0841
Epoch 126: Train Loss = 0.1284, Test Loss = 0.0738
Epoch 127: Train Loss = 0.1237, Test Loss = 0.0743
Epoch 128: Train Loss = 0.1259, Test Loss = 0.0705
Epoch 129: Train Loss = 0.1275, Test Loss = 0.0753
Epoch 130: Train Loss = 0.1284, Test Loss = 0.0790
Epoch 131: Train Loss = 0.1281, Test Loss = 0.0756
Epoch 132: Train Loss = 0.1266, Test Loss = 0.0733
Epoch 133: Train Loss = 0.1271, Test Loss = 0.0748
Epoch 134: Train Loss = 0.1253, Test Loss = 0.0735
Epoch 135: Train Loss = 0.1249, Test Loss = 0.0715
Epoch 136: Train Loss = 0.1248, Test Loss = 0.0748
Epoch 137: Train Loss = 0.1249, Test Loss = 0.0725
Epoch 138: Train Loss = 0.1258, Test Loss = 0.0758
Epoch 139: Train Loss = 0.1233, Test Loss = 0.0703
Epoch 140: Train Loss = 0.1278, Test Loss = 0.0790
Epoch 141: Train Loss = 0.1257, Test Loss = 0.0754
Epoch 142: Train Loss = 0.1260, Test Loss = 0.0778
Epoch 143: Train Loss = 0.1227, Test Loss = 0.0798
Epoch 144: Train Loss = 0.1248, Test Loss = 0.0698
Epoch 145: Train Loss = 0.1248, Test Loss = 0.0777
Epoch 146: Train Loss = 0.1238, Test Loss = 0.0796
Epoch 147: Train Loss = 0.1254, Test Loss = 0.0720
Epoch 148: Train Loss = 0.1276, Test Loss = 0.0769
Epoch 149: Train Loss = 0.1271, Test Loss = 0.0715
Epoch 150: Train Loss = 0.1268, Test Loss = 0.0740
Trial completed in 1104.86s with error: 0.0740
Trial completed!
