Running on host hal0016.amarel.rutgers.edu
Time is Thu Apr 24 14:56:42 EDT 2025
Directory is /home/elp95/tfa-predictor
SLURM job ID is 43168507
Starting trial...
Running trial with config: {'input_size': 3883, 'output_size': 214, 'hidden_sizes': [2048, 1024, 512, 256, 128], 'lr': 0.0032365423270666717, 'weight_decay': 5.130781383387442e-05, 'batch_size': 32, 'max_epochs': 100, 'dropout_rate': 0.12708182453486938, 'activation': 'leaky_relu', 'optimizer': 'adamw', 'learning_rate_schedule': 'step', 'batch_norm': 'true'}
Using data directory: /cache/home/elp95/tfa-predictor/data
xprs_path: /cache/home/elp95/tfa-predictor/data/gene-xprs/processed/xprs-data.csv
tfa_path: /cache/home/elp95/tfa-predictor/data/tfa/processed/tfa-labels.csv
Epoch 1: Train Loss = 0.4634, Test Loss = 0.1355
Epoch 2: Train Loss = 0.2780, Test Loss = 0.1369
Epoch 3: Train Loss = 0.2367, Test Loss = 0.1178
Epoch 4: Train Loss = 0.2262, Test Loss = 0.1157
Epoch 5: Train Loss = 0.2186, Test Loss = 0.1129
Epoch 6: Train Loss = 0.2005, Test Loss = 0.1034
Epoch 7: Train Loss = 0.1991, Test Loss = 0.1068
Epoch 8: Train Loss = 0.1999, Test Loss = 0.0931
Epoch 9: Train Loss = 0.2001, Test Loss = 0.0972
Epoch 10: Train Loss = 0.1900, Test Loss = 0.1055
Epoch 11: Train Loss = 0.2010, Test Loss = 0.0925
Epoch 12: Train Loss = 0.1988, Test Loss = 0.0949
Epoch 13: Train Loss = 0.1949, Test Loss = 0.1052
Epoch 14: Train Loss = 0.2028, Test Loss = 0.1165
Epoch 15: Train Loss = 0.1847, Test Loss = 0.0867
Epoch 16: Train Loss = 0.1870, Test Loss = 0.0823
Epoch 17: Train Loss = 0.1931, Test Loss = 0.0936
Epoch 18: Train Loss = 0.1888, Test Loss = 0.0949
Epoch 19: Train Loss = 0.1905, Test Loss = 0.1089
Epoch 20: Train Loss = 0.1997, Test Loss = 0.0973
Epoch 21: Train Loss = 0.1874, Test Loss = 0.1097
Epoch 22: Train Loss = 0.1836, Test Loss = 0.0895
Epoch 23: Train Loss = 0.1949, Test Loss = 0.0860
Epoch 24: Train Loss = 0.1823, Test Loss = 0.0870
Epoch 25: Train Loss = 0.1945, Test Loss = 0.1041
Epoch 26: Train Loss = 0.1880, Test Loss = 0.1065
Epoch 27: Train Loss = 0.1881, Test Loss = 0.1014
Epoch 28: Train Loss = 0.1834, Test Loss = 0.0853
Epoch 29: Train Loss = 0.1942, Test Loss = 0.0907
Epoch 30: Train Loss = 0.2034, Test Loss = 0.1015
Epoch 31: Train Loss = 0.1918, Test Loss = 0.1081
Epoch 32: Train Loss = 0.1997, Test Loss = 0.0983
Epoch 33: Train Loss = 0.1817, Test Loss = 0.1128
Epoch 34: Train Loss = 0.1918, Test Loss = 0.0813
Epoch 35: Train Loss = 0.1775, Test Loss = 0.0919
Epoch 36: Train Loss = 0.1815, Test Loss = 0.0928
Epoch 37: Train Loss = 0.1851, Test Loss = 0.0974
Epoch 38: Train Loss = 0.1913, Test Loss = 0.0797
Epoch 39: Train Loss = 0.1961, Test Loss = 0.1046
Epoch 40: Train Loss = 0.1955, Test Loss = 0.0956
Epoch 41: Train Loss = 0.1875, Test Loss = 0.1103
Epoch 42: Train Loss = 0.1918, Test Loss = 0.0934
Epoch 43: Train Loss = 0.1976, Test Loss = 0.1006
Epoch 44: Train Loss = 0.1904, Test Loss = 0.1139
Epoch 45: Train Loss = 0.1902, Test Loss = 0.0840
Epoch 46: Train Loss = 0.1925, Test Loss = 0.0865
Epoch 47: Train Loss = 0.1797, Test Loss = 0.0988
Epoch 48: Train Loss = 0.2188, Test Loss = 0.1086
Epoch 49: Train Loss = 0.1922, Test Loss = 0.1083
Epoch 50: Train Loss = 0.1915, Test Loss = 0.1075
Epoch 51: Train Loss = 0.1859, Test Loss = 0.0856
Epoch 52: Train Loss = 0.1916, Test Loss = 0.0974
Epoch 53: Train Loss = 0.1848, Test Loss = 0.0923
Epoch 54: Train Loss = 0.1848, Test Loss = 0.0911
Epoch 55: Train Loss = 0.1880, Test Loss = 0.0910
Epoch 56: Train Loss = 0.1891, Test Loss = 0.0861
Epoch 57: Train Loss = 0.1964, Test Loss = 0.1038
Epoch 58: Train Loss = 0.1956, Test Loss = 0.1010
Epoch 59: Train Loss = 0.1911, Test Loss = 0.0887
Epoch 60: Train Loss = 0.1862, Test Loss = 0.0958
Epoch 61: Train Loss = 0.1792, Test Loss = 0.0836
Epoch 62: Train Loss = 0.1979, Test Loss = 0.0848
Epoch 63: Train Loss = 0.1776, Test Loss = 0.0892
Epoch 64: Train Loss = 0.1875, Test Loss = 0.0958
Epoch 65: Train Loss = 0.1903, Test Loss = 0.0980
Epoch 66: Train Loss = 0.1814, Test Loss = 0.0883
Epoch 67: Train Loss = 0.1808, Test Loss = 0.1015
Epoch 68: Train Loss = 0.1867, Test Loss = 0.0950
Epoch 69: Train Loss = 0.1921, Test Loss = 0.0797
Epoch 70: Train Loss = 0.2090, Test Loss = 0.0916
Epoch 71: Train Loss = 0.1845, Test Loss = 0.1039
Epoch 72: Train Loss = 0.1760, Test Loss = 0.0933
Epoch 73: Train Loss = 0.1923, Test Loss = 0.0879
Epoch 74: Train Loss = 0.1940, Test Loss = 0.0853
Epoch 75: Train Loss = 0.1893, Test Loss = 0.0944
Epoch 76: Train Loss = 0.1902, Test Loss = 0.0940
Epoch 77: Train Loss = 0.1867, Test Loss = 0.0868
Epoch 78: Train Loss = 0.1910, Test Loss = 0.0873
Epoch 79: Train Loss = 0.1842, Test Loss = 0.0832
Epoch 80: Train Loss = 0.1935, Test Loss = 0.1057
Epoch 81: Train Loss = 0.1916, Test Loss = 0.0907
Epoch 82: Train Loss = 0.1811, Test Loss = 0.0737
Epoch 83: Train Loss = 0.1859, Test Loss = 0.1046
Epoch 84: Train Loss = 0.1828, Test Loss = 0.0767
Epoch 85: Train Loss = 0.1854, Test Loss = 0.0924
Epoch 86: Train Loss = 0.1857, Test Loss = 0.0857
Epoch 87: Train Loss = 0.1871, Test Loss = 0.1009
Epoch 88: Train Loss = 0.1862, Test Loss = 0.0886
Epoch 89: Train Loss = 0.1842, Test Loss = 0.0910
Epoch 90: Train Loss = 0.1786, Test Loss = 0.0848
Epoch 91: Train Loss = 0.1957, Test Loss = 0.0911
Epoch 92: Train Loss = 0.1892, Test Loss = 0.0802
Epoch 93: Train Loss = 0.1948, Test Loss = 0.0827
Epoch 94: Train Loss = 0.1940, Test Loss = 0.0962
Epoch 95: Train Loss = 0.1813, Test Loss = 0.0871
Epoch 96: Train Loss = 0.1871, Test Loss = 0.0881
Epoch 97: Train Loss = 0.1825, Test Loss = 0.0876
Epoch 98: Train Loss = 0.1857, Test Loss = 0.1084
Epoch 99: Train Loss = 0.1958, Test Loss = 0.0935
Epoch 100: Train Loss = 0.2031, Test Loss = 0.0808
Trial completed in 475.00s with error: 0.0808
Trial completed!
