Running on host hal0072.amarel.rutgers.edu
Time is Thu Apr 24 13:11:24 EDT 2025
Directory is /home/elp95/tfa-predictor
SLURM job ID is 43167362
Starting trial...
Running trial with config: {'input_size': 3883, 'output_size': 214, 'hidden_sizes': [1024, 512, 256], 'lr': 0.0005611516415334506, 'weight_decay': 0.0007969454818643932, 'batch_size': 128, 'max_epochs': 50}
Using data directory: /cache/home/elp95/tfa-predictor/data
xprs_path: /cache/home/elp95/tfa-predictor/data/gene-xprs/processed/xprs-data.csv
tfa_path: /cache/home/elp95/tfa-predictor/data/tfa/processed/tfa-labels.csv
Epoch 1: Train Loss = 0.6410, Test Loss = 0.1705
Epoch 2: Train Loss = 0.3669, Test Loss = 0.1074
Epoch 3: Train Loss = 0.2986, Test Loss = 0.0828
Epoch 4: Train Loss = 0.2562, Test Loss = 0.0691
Epoch 5: Train Loss = 0.2303, Test Loss = 0.0594
Epoch 6: Train Loss = 0.2059, Test Loss = 0.0554
Epoch 7: Train Loss = 0.1934, Test Loss = 0.0526
Epoch 8: Train Loss = 0.1768, Test Loss = 0.0462
Epoch 9: Train Loss = 0.1676, Test Loss = 0.0585
Epoch 10: Train Loss = 0.1590, Test Loss = 0.0528
Epoch 11: Train Loss = 0.1554, Test Loss = 0.0444
Epoch 12: Train Loss = 0.1472, Test Loss = 0.0505
Epoch 13: Train Loss = 0.1420, Test Loss = 0.0427
Epoch 14: Train Loss = 0.1361, Test Loss = 0.0413
Epoch 15: Train Loss = 0.1338, Test Loss = 0.0405
Epoch 16: Train Loss = 0.1360, Test Loss = 0.0458
Epoch 17: Train Loss = 0.1322, Test Loss = 0.0436
Epoch 18: Train Loss = 0.1264, Test Loss = 0.0424
Epoch 19: Train Loss = 0.1257, Test Loss = 0.0404
Epoch 20: Train Loss = 0.1246, Test Loss = 0.0451
Epoch 21: Train Loss = 0.1271, Test Loss = 0.0463
Epoch 22: Train Loss = 0.1253, Test Loss = 0.0417
Epoch 23: Train Loss = 0.1179, Test Loss = 0.0406
Epoch 24: Train Loss = 0.1207, Test Loss = 0.0405
Epoch 25: Train Loss = 0.1204, Test Loss = 0.0441
Epoch 26: Train Loss = 0.1174, Test Loss = 0.0428
Epoch 27: Train Loss = 0.1221, Test Loss = 0.0494
Epoch 28: Train Loss = 0.1205, Test Loss = 0.0421
Epoch 29: Train Loss = 0.1176, Test Loss = 0.0437
Epoch 30: Train Loss = 0.1162, Test Loss = 0.0407
Epoch 31: Train Loss = 0.1139, Test Loss = 0.0369
Epoch 32: Train Loss = 0.1166, Test Loss = 0.0433
Epoch 33: Train Loss = 0.1114, Test Loss = 0.0431
Epoch 34: Train Loss = 0.1121, Test Loss = 0.0373
Epoch 35: Train Loss = 0.1127, Test Loss = 0.0425
Epoch 36: Train Loss = 0.1138, Test Loss = 0.0391
Epoch 37: Train Loss = 0.1163, Test Loss = 0.0393
Epoch 38: Train Loss = 0.1173, Test Loss = 0.0460
Epoch 39: Train Loss = 0.1149, Test Loss = 0.0485
Epoch 40: Train Loss = 0.1143, Test Loss = 0.0408
Epoch 41: Train Loss = 0.1111, Test Loss = 0.0475
Epoch 42: Train Loss = 0.1157, Test Loss = 0.0426
Epoch 43: Train Loss = 0.1159, Test Loss = 0.0410
Epoch 44: Train Loss = 0.1135, Test Loss = 0.0396
Epoch 45: Train Loss = 0.1071, Test Loss = 0.0394
Epoch 46: Train Loss = 0.1141, Test Loss = 0.0397
Epoch 47: Train Loss = 0.1116, Test Loss = 0.0389
Epoch 48: Train Loss = 0.1116, Test Loss = 0.0431
Epoch 49: Train Loss = 0.1086, Test Loss = 0.0416
Epoch 50: Train Loss = 0.1108, Test Loss = 0.0441
Trial completed in 47.15s with error: 0.0441
Trial completed!
