Running on host hal0056.amarel.rutgers.edu
Time is Thu Apr 24 14:58:15 EDT 2025
Directory is /home/elp95/tfa-predictor
SLURM job ID is 43168519
Starting trial...
Running trial with config: {'input_size': 3883, 'output_size': 214, 'hidden_sizes': [2048, 1024, 1024, 512], 'lr': 0.0008137368423789767, 'weight_decay': 4.245549454254901e-05, 'batch_size': 256, 'max_epochs': 100, 'dropout_rate': 0.4302023091558376, 'activation': 'relu', 'optimizer': 'rmsprop', 'learning_rate_schedule': 'step', 'batch_norm': 'false'}
Using data directory: /cache/home/elp95/tfa-predictor/data
xprs_path: /cache/home/elp95/tfa-predictor/data/gene-xprs/processed/xprs-data.csv
tfa_path: /cache/home/elp95/tfa-predictor/data/tfa/processed/tfa-labels.csv
Epoch 1: Train Loss = 0.6218, Test Loss = 1.4070
Epoch 2: Train Loss = 0.2924, Test Loss = 0.4609
Epoch 3: Train Loss = 0.2268, Test Loss = 0.1606
Epoch 4: Train Loss = 0.1988, Test Loss = 0.0557
Epoch 5: Train Loss = 0.1775, Test Loss = 0.0404
Epoch 6: Train Loss = 0.1602, Test Loss = 0.0364
Epoch 7: Train Loss = 0.1456, Test Loss = 0.0322
Epoch 8: Train Loss = 0.1375, Test Loss = 0.0306
Epoch 9: Train Loss = 0.1282, Test Loss = 0.0310
Epoch 10: Train Loss = 0.1167, Test Loss = 0.0280
Epoch 11: Train Loss = 0.1108, Test Loss = 0.0261
Epoch 12: Train Loss = 0.1013, Test Loss = 0.0261
Epoch 13: Train Loss = 0.0966, Test Loss = 0.0250
Epoch 14: Train Loss = 0.0902, Test Loss = 0.0231
Epoch 15: Train Loss = 0.0852, Test Loss = 0.0231
Epoch 16: Train Loss = 0.0812, Test Loss = 0.0225
Epoch 17: Train Loss = 0.0791, Test Loss = 0.0226
Epoch 18: Train Loss = 0.0747, Test Loss = 0.0232
Epoch 19: Train Loss = 0.0693, Test Loss = 0.0228
Epoch 20: Train Loss = 0.0665, Test Loss = 0.0197
Epoch 21: Train Loss = 0.0635, Test Loss = 0.0200
Epoch 22: Train Loss = 0.0622, Test Loss = 0.0195
Epoch 23: Train Loss = 0.0601, Test Loss = 0.0214
Epoch 24: Train Loss = 0.0565, Test Loss = 0.0193
Epoch 25: Train Loss = 0.0540, Test Loss = 0.0199
Epoch 26: Train Loss = 0.0532, Test Loss = 0.0188
Epoch 27: Train Loss = 0.0540, Test Loss = 0.0178
Epoch 28: Train Loss = 0.0527, Test Loss = 0.0204
Epoch 29: Train Loss = 0.0522, Test Loss = 0.0213
Epoch 30: Train Loss = 0.0495, Test Loss = 0.0198
Epoch 31: Train Loss = 0.0474, Test Loss = 0.0219
Epoch 32: Train Loss = 0.0466, Test Loss = 0.0195
Epoch 33: Train Loss = 0.0478, Test Loss = 0.0195
Epoch 34: Train Loss = 0.0458, Test Loss = 0.0171
Epoch 35: Train Loss = 0.0439, Test Loss = 0.0175
Epoch 36: Train Loss = 0.0437, Test Loss = 0.0147
Epoch 37: Train Loss = 0.0429, Test Loss = 0.0170
Epoch 38: Train Loss = 0.0419, Test Loss = 0.0187
Epoch 39: Train Loss = 0.0393, Test Loss = 0.0177
Epoch 40: Train Loss = 0.0414, Test Loss = 0.0174
Epoch 41: Train Loss = 0.0412, Test Loss = 0.0181
Epoch 42: Train Loss = 0.0384, Test Loss = 0.0157
Epoch 43: Train Loss = 0.0411, Test Loss = 0.0185
Epoch 44: Train Loss = 0.0400, Test Loss = 0.0191
Epoch 45: Train Loss = 0.0393, Test Loss = 0.0192
Epoch 46: Train Loss = 0.0377, Test Loss = 0.0163
Epoch 47: Train Loss = 0.0379, Test Loss = 0.0186
Epoch 48: Train Loss = 0.0376, Test Loss = 0.0159
Epoch 49: Train Loss = 0.0367, Test Loss = 0.0183
Epoch 50: Train Loss = 0.0367, Test Loss = 0.0149
Epoch 51: Train Loss = 0.0360, Test Loss = 0.0172
Epoch 52: Train Loss = 0.0364, Test Loss = 0.0166
Epoch 53: Train Loss = 0.0347, Test Loss = 0.0174
Epoch 54: Train Loss = 0.0357, Test Loss = 0.0165
Epoch 55: Train Loss = 0.0359, Test Loss = 0.0162
Epoch 56: Train Loss = 0.0338, Test Loss = 0.0171
Epoch 57: Train Loss = 0.0353, Test Loss = 0.0165
Epoch 58: Train Loss = 0.0342, Test Loss = 0.0173
Epoch 59: Train Loss = 0.0343, Test Loss = 0.0164
Epoch 60: Train Loss = 0.0372, Test Loss = 0.0163
Epoch 61: Train Loss = 0.0367, Test Loss = 0.0165
Epoch 62: Train Loss = 0.0369, Test Loss = 0.0188
Epoch 63: Train Loss = 0.0373, Test Loss = 0.0179
Epoch 64: Train Loss = 0.0349, Test Loss = 0.0170
Epoch 65: Train Loss = 0.0364, Test Loss = 0.0173
Epoch 66: Train Loss = 0.0369, Test Loss = 0.0182
Epoch 67: Train Loss = 0.0342, Test Loss = 0.0176
Epoch 68: Train Loss = 0.0330, Test Loss = 0.0174
Epoch 69: Train Loss = 0.0339, Test Loss = 0.0174
Epoch 70: Train Loss = 0.0360, Test Loss = 0.0175
Epoch 71: Train Loss = 0.0358, Test Loss = 0.0224
Epoch 72: Train Loss = 0.0362, Test Loss = 0.0227
Epoch 73: Train Loss = 0.0360, Test Loss = 0.0218
Epoch 74: Train Loss = 0.0357, Test Loss = 0.0190
Epoch 75: Train Loss = 0.0359, Test Loss = 0.0177
Epoch 76: Train Loss = 0.0353, Test Loss = 0.0163
Epoch 77: Train Loss = 0.0355, Test Loss = 0.0163
Epoch 78: Train Loss = 0.0374, Test Loss = 0.0159
Epoch 79: Train Loss = 0.0368, Test Loss = 0.0157
Epoch 80: Train Loss = 0.0357, Test Loss = 0.0151
Epoch 81: Train Loss = 0.0357, Test Loss = 0.0152
Epoch 82: Train Loss = 0.0363, Test Loss = 0.0148
Epoch 83: Train Loss = 0.0363, Test Loss = 0.0170
Epoch 84: Train Loss = 0.0348, Test Loss = 0.0142
Epoch 85: Train Loss = 0.0336, Test Loss = 0.0148
Epoch 86: Train Loss = 0.0338, Test Loss = 0.0181
Epoch 87: Train Loss = 0.0327, Test Loss = 0.0160
Epoch 88: Train Loss = 0.0343, Test Loss = 0.0177
Epoch 89: Train Loss = 0.0338, Test Loss = 0.0170
Epoch 90: Train Loss = 0.0337, Test Loss = 0.0158
Epoch 91: Train Loss = 0.0325, Test Loss = 0.0164
Epoch 92: Train Loss = 0.0327, Test Loss = 0.0150
Epoch 93: Train Loss = 0.0317, Test Loss = 0.0177
Epoch 94: Train Loss = 0.0338, Test Loss = 0.0166
Epoch 95: Train Loss = 0.0330, Test Loss = 0.0179
Epoch 96: Train Loss = 0.0338, Test Loss = 0.0177
Epoch 97: Train Loss = 0.0350, Test Loss = 0.0214
Epoch 98: Train Loss = 0.0343, Test Loss = 0.0202
Epoch 99: Train Loss = 0.0339, Test Loss = 0.0194
Epoch 100: Train Loss = 0.0335, Test Loss = 0.0172
Trial completed in 107.85s with error: 0.0172
Trial completed!
