Running on host hal0093.amarel.rutgers.edu
Time is Thu Apr 24 11:43:01 EDT 2025
Directory is /home/elp95/tfa-predictor
SLURM job ID is 43165689
Starting trial...
Running trial with config: {'input_size': 3883, 'output_size': 214, 'hidden_sizes': [2048, 1024, 512], 'lr': 0.00012966511753760416, 'weight_decay': 0.00027796975515266835, 'batch_size': 64, 'max_epochs': 100}
Using data directory: /cache/home/elp95/tfa-predictor/data
xprs_path: /cache/home/elp95/tfa-predictor/data/gene-xprs/processed/xprs-data.csv
tfa_path: /cache/home/elp95/tfa-predictor/data/tfa/processed/tfa-labels.csv
Epoch 1: Train Loss = 0.5509, Test Loss = 0.1222
Epoch 2: Train Loss = 0.3456, Test Loss = 0.0802
Epoch 3: Train Loss = 0.2973, Test Loss = 0.0651
Epoch 4: Train Loss = 0.2692, Test Loss = 0.0547
Epoch 5: Train Loss = 0.2506, Test Loss = 0.0511
Epoch 6: Train Loss = 0.2342, Test Loss = 0.0466
Epoch 7: Train Loss = 0.2211, Test Loss = 0.0459
Epoch 8: Train Loss = 0.2090, Test Loss = 0.0428
Epoch 9: Train Loss = 0.1971, Test Loss = 0.0466
Epoch 10: Train Loss = 0.1891, Test Loss = 0.0408
Epoch 11: Train Loss = 0.1830, Test Loss = 0.0413
Epoch 12: Train Loss = 0.1742, Test Loss = 0.0383
Epoch 13: Train Loss = 0.1689, Test Loss = 0.0376
Epoch 14: Train Loss = 0.1615, Test Loss = 0.0387
Epoch 15: Train Loss = 0.1557, Test Loss = 0.0316
Epoch 16: Train Loss = 0.1540, Test Loss = 0.0314
Epoch 17: Train Loss = 0.1468, Test Loss = 0.0324
Epoch 18: Train Loss = 0.1425, Test Loss = 0.0327
Epoch 19: Train Loss = 0.1371, Test Loss = 0.0307
Epoch 20: Train Loss = 0.1303, Test Loss = 0.0295
Epoch 21: Train Loss = 0.1273, Test Loss = 0.0258
Epoch 22: Train Loss = 0.1235, Test Loss = 0.0315
Epoch 23: Train Loss = 0.1205, Test Loss = 0.0316
Epoch 24: Train Loss = 0.1173, Test Loss = 0.0270
Epoch 25: Train Loss = 0.1144, Test Loss = 0.0291
Epoch 26: Train Loss = 0.1124, Test Loss = 0.0357
Epoch 27: Train Loss = 0.1108, Test Loss = 0.0278
Epoch 28: Train Loss = 0.1066, Test Loss = 0.0257
Epoch 29: Train Loss = 0.1036, Test Loss = 0.0270
Epoch 30: Train Loss = 0.1032, Test Loss = 0.0272
Epoch 31: Train Loss = 0.1050, Test Loss = 0.0265
Epoch 32: Train Loss = 0.1015, Test Loss = 0.0295
Epoch 33: Train Loss = 0.0994, Test Loss = 0.0295
Epoch 34: Train Loss = 0.0973, Test Loss = 0.0251
Epoch 35: Train Loss = 0.0956, Test Loss = 0.0285
Epoch 36: Train Loss = 0.0942, Test Loss = 0.0267
Epoch 37: Train Loss = 0.0952, Test Loss = 0.0288
Epoch 38: Train Loss = 0.0938, Test Loss = 0.0252
Epoch 39: Train Loss = 0.0901, Test Loss = 0.0263
Epoch 40: Train Loss = 0.0917, Test Loss = 0.0271
Epoch 41: Train Loss = 0.0922, Test Loss = 0.0258
Epoch 42: Train Loss = 0.0898, Test Loss = 0.0267
Epoch 43: Train Loss = 0.0891, Test Loss = 0.0260
Epoch 44: Train Loss = 0.0885, Test Loss = 0.0290
Epoch 45: Train Loss = 0.0893, Test Loss = 0.0253
Epoch 46: Train Loss = 0.0875, Test Loss = 0.0317
Epoch 47: Train Loss = 0.0867, Test Loss = 0.0249
Epoch 48: Train Loss = 0.0854, Test Loss = 0.0268
Epoch 49: Train Loss = 0.0835, Test Loss = 0.0291
Epoch 50: Train Loss = 0.0838, Test Loss = 0.0260
Epoch 51: Train Loss = 0.0846, Test Loss = 0.0292
Epoch 52: Train Loss = 0.0819, Test Loss = 0.0269
Epoch 53: Train Loss = 0.0830, Test Loss = 0.0259
Epoch 54: Train Loss = 0.0863, Test Loss = 0.0265
Epoch 55: Train Loss = 0.0876, Test Loss = 0.0242
Epoch 56: Train Loss = 0.0851, Test Loss = 0.0221
Epoch 57: Train Loss = 0.0817, Test Loss = 0.0255
Epoch 58: Train Loss = 0.0811, Test Loss = 0.0236
Epoch 59: Train Loss = 0.0797, Test Loss = 0.0238
Epoch 60: Train Loss = 0.0816, Test Loss = 0.0264
Epoch 61: Train Loss = 0.0850, Test Loss = 0.0255
Epoch 62: Train Loss = 0.0798, Test Loss = 0.0223
Epoch 63: Train Loss = 0.0823, Test Loss = 0.0290
Epoch 64: Train Loss = 0.0817, Test Loss = 0.0239
Epoch 65: Train Loss = 0.0810, Test Loss = 0.0247
Epoch 66: Train Loss = 0.0819, Test Loss = 0.0287
Epoch 67: Train Loss = 0.0804, Test Loss = 0.0217
Epoch 68: Train Loss = 0.0826, Test Loss = 0.0263
Epoch 69: Train Loss = 0.0783, Test Loss = 0.0220
Epoch 70: Train Loss = 0.0798, Test Loss = 0.0239
Epoch 71: Train Loss = 0.0786, Test Loss = 0.0260
Epoch 72: Train Loss = 0.0811, Test Loss = 0.0290
Epoch 73: Train Loss = 0.0812, Test Loss = 0.0264
Epoch 74: Train Loss = 0.0828, Test Loss = 0.0261
Epoch 75: Train Loss = 0.0801, Test Loss = 0.0251
Epoch 76: Train Loss = 0.0814, Test Loss = 0.0259
Epoch 77: Train Loss = 0.0807, Test Loss = 0.0222
Epoch 78: Train Loss = 0.0789, Test Loss = 0.0228
Epoch 79: Train Loss = 0.0788, Test Loss = 0.0229
Epoch 80: Train Loss = 0.0799, Test Loss = 0.0262
Epoch 81: Train Loss = 0.0804, Test Loss = 0.0263
Epoch 82: Train Loss = 0.0794, Test Loss = 0.0251
Epoch 83: Train Loss = 0.0815, Test Loss = 0.0255
Epoch 84: Train Loss = 0.0802, Test Loss = 0.0236
Epoch 85: Train Loss = 0.0779, Test Loss = 0.0225
Epoch 86: Train Loss = 0.0775, Test Loss = 0.0222
Epoch 87: Train Loss = 0.0765, Test Loss = 0.0248
Epoch 88: Train Loss = 0.0787, Test Loss = 0.0220
Epoch 89: Train Loss = 0.0797, Test Loss = 0.0225
Epoch 90: Train Loss = 0.0785, Test Loss = 0.0268
Epoch 91: Train Loss = 0.0779, Test Loss = 0.0253
Epoch 92: Train Loss = 0.0769, Test Loss = 0.0256
Epoch 93: Train Loss = 0.0783, Test Loss = 0.0281
Epoch 94: Train Loss = 0.0791, Test Loss = 0.0268
Epoch 95: Train Loss = 0.0797, Test Loss = 0.0241
Epoch 96: Train Loss = 0.0777, Test Loss = 0.0265
Epoch 97: Train Loss = 0.0779, Test Loss = 0.0268
Epoch 98: Train Loss = 0.0783, Test Loss = 0.0269
Epoch 99: Train Loss = 0.0779, Test Loss = 0.0262
Epoch 100: Train Loss = 0.0766, Test Loss = 0.0256
Trial completed in 313.14s with error: 0.0256
Trial completed!
