Running on host hal0018.amarel.rutgers.edu
Time is Thu Apr 24 15:38:25 EDT 2025
Directory is /home/elp95/tfa-predictor
SLURM job ID is 43169379
Starting trial...
Running trial with config: {'input_size': 3883, 'output_size': 214, 'hidden_sizes': [2048, 1024, 512, 256], 'lr': 0.0060128977680929474, 'weight_decay': 7.650699925531628e-05, 'batch_size': 64, 'max_epochs': 300, 'dropout_rate': 0.0012975121918232801, 'activation': 'selu', 'optimizer': 'adam', 'learning_rate_schedule': 'exponential', 'batch_norm': 'true'}
Using data directory: /cache/home/elp95/tfa-predictor/data
xprs_path: /cache/home/elp95/tfa-predictor/data/gene-xprs/processed/xprs-data.csv
tfa_path: /cache/home/elp95/tfa-predictor/data/tfa/processed/tfa-labels.csv
Epoch 1: Train Loss = 0.4437, Test Loss = 0.1270
Epoch 2: Train Loss = 0.2347, Test Loss = 0.1150
Epoch 3: Train Loss = 0.1897, Test Loss = 0.1129
Epoch 4: Train Loss = 0.1591, Test Loss = 0.0890
Epoch 5: Train Loss = 0.1565, Test Loss = 0.0739
Epoch 6: Train Loss = 0.1470, Test Loss = 0.0939
Epoch 7: Train Loss = 0.1491, Test Loss = 0.1064
Epoch 8: Train Loss = 0.1511, Test Loss = 0.0907
Epoch 9: Train Loss = 0.1384, Test Loss = 0.0869
Epoch 10: Train Loss = 0.1355, Test Loss = 0.0877
Epoch 11: Train Loss = 0.1466, Test Loss = 0.0899
Epoch 12: Train Loss = 0.1356, Test Loss = 0.0824
Epoch 13: Train Loss = 0.1397, Test Loss = 0.0742
Epoch 14: Train Loss = 0.1399, Test Loss = 0.0719
Epoch 15: Train Loss = 0.1477, Test Loss = 0.0721
Epoch 16: Train Loss = 0.1484, Test Loss = 0.0822
Epoch 17: Train Loss = 0.1405, Test Loss = 0.0744
Epoch 18: Train Loss = 0.1398, Test Loss = 0.0666
Epoch 19: Train Loss = 0.1405, Test Loss = 0.0900
Epoch 20: Train Loss = 0.1554, Test Loss = 0.0650
Epoch 21: Train Loss = 0.1335, Test Loss = 0.0780
Epoch 22: Train Loss = 0.1423, Test Loss = 0.0829
Epoch 23: Train Loss = 0.1457, Test Loss = 0.0778
Epoch 24: Train Loss = 0.1436, Test Loss = 0.0844
Epoch 25: Train Loss = 0.1428, Test Loss = 0.0689
Epoch 26: Train Loss = 0.1455, Test Loss = 0.0800
Epoch 27: Train Loss = 0.1457, Test Loss = 0.0708
Epoch 28: Train Loss = 0.1420, Test Loss = 0.0731
Epoch 29: Train Loss = 0.1426, Test Loss = 0.0835
Epoch 30: Train Loss = 0.1420, Test Loss = 0.0859
Epoch 31: Train Loss = 0.1309, Test Loss = 0.0739
Epoch 32: Train Loss = 0.1371, Test Loss = 0.0918
Epoch 33: Train Loss = 0.1381, Test Loss = 0.0970
Epoch 34: Train Loss = 0.1514, Test Loss = 0.0843
Epoch 35: Train Loss = 0.1462, Test Loss = 0.0694
Epoch 36: Train Loss = 0.1443, Test Loss = 0.0903
Epoch 37: Train Loss = 0.1384, Test Loss = 0.0801
Epoch 38: Train Loss = 0.1397, Test Loss = 0.0888
Epoch 39: Train Loss = 0.1384, Test Loss = 0.0629
Epoch 40: Train Loss = 0.1490, Test Loss = 0.0849
Epoch 41: Train Loss = 0.1558, Test Loss = 0.0726
Epoch 42: Train Loss = 0.1392, Test Loss = 0.0827
Epoch 43: Train Loss = 0.1365, Test Loss = 0.0930
Epoch 44: Train Loss = 0.1501, Test Loss = 0.0836
Epoch 45: Train Loss = 0.1422, Test Loss = 0.0726
Epoch 46: Train Loss = 0.1427, Test Loss = 0.0766
Epoch 47: Train Loss = 0.1369, Test Loss = 0.0843
Epoch 48: Train Loss = 0.1455, Test Loss = 0.0723
Epoch 49: Train Loss = 0.1472, Test Loss = 0.0925
Epoch 50: Train Loss = 0.1488, Test Loss = 0.0755
Epoch 51: Train Loss = 0.1433, Test Loss = 0.0796
Epoch 52: Train Loss = 0.1417, Test Loss = 0.0778
Epoch 53: Train Loss = 0.1424, Test Loss = 0.1230
Epoch 54: Train Loss = 0.1649, Test Loss = 0.0746
Epoch 55: Train Loss = 0.1397, Test Loss = 0.0887
Epoch 56: Train Loss = 0.1419, Test Loss = 0.0878
Epoch 57: Train Loss = 0.1507, Test Loss = 0.0721
Epoch 58: Train Loss = 0.1414, Test Loss = 0.0677
Epoch 59: Train Loss = 0.1430, Test Loss = 0.0716
Epoch 60: Train Loss = 0.1505, Test Loss = 0.0763
Epoch 61: Train Loss = 0.1466, Test Loss = 0.0870
Epoch 62: Train Loss = 0.1419, Test Loss = 0.0639
Epoch 63: Train Loss = 0.1414, Test Loss = 0.0841
Epoch 64: Train Loss = 0.1363, Test Loss = 0.0613
Epoch 65: Train Loss = 0.1507, Test Loss = 0.1047
Epoch 66: Train Loss = 0.1569, Test Loss = 0.0907
Epoch 67: Train Loss = 0.1507, Test Loss = 0.0799
Epoch 68: Train Loss = 0.1371, Test Loss = 0.0775
Epoch 69: Train Loss = 0.1427, Test Loss = 0.0787
Epoch 70: Train Loss = 0.1512, Test Loss = 0.0768
Epoch 71: Train Loss = 0.1495, Test Loss = 0.1140
Epoch 72: Train Loss = 0.1588, Test Loss = 0.0722
Epoch 73: Train Loss = 0.1397, Test Loss = 0.0724
Epoch 74: Train Loss = 0.1454, Test Loss = 0.1084
Epoch 75: Train Loss = 0.1527, Test Loss = 0.0778
Epoch 76: Train Loss = 0.1499, Test Loss = 0.1070
Epoch 77: Train Loss = 0.1518, Test Loss = 0.0679
Epoch 78: Train Loss = 0.1456, Test Loss = 0.0928
Epoch 79: Train Loss = 0.1566, Test Loss = 0.0896
Epoch 80: Train Loss = 0.1500, Test Loss = 0.0878
Epoch 81: Train Loss = 0.1494, Test Loss = 0.0817
Epoch 82: Train Loss = 0.1545, Test Loss = 0.0827
Epoch 83: Train Loss = 0.1541, Test Loss = 0.0724
Epoch 84: Train Loss = 0.1542, Test Loss = 0.0853
Epoch 85: Train Loss = 0.1350, Test Loss = 0.0647
Epoch 86: Train Loss = 0.1472, Test Loss = 0.0850
Epoch 87: Train Loss = 0.1546, Test Loss = 0.1086
Epoch 88: Train Loss = 0.1607, Test Loss = 0.0935
Epoch 89: Train Loss = 0.1499, Test Loss = 0.0943
Epoch 90: Train Loss = 0.1432, Test Loss = 0.0927
Epoch 91: Train Loss = 0.1474, Test Loss = 0.0839
Epoch 92: Train Loss = 0.1449, Test Loss = 0.0814
Epoch 93: Train Loss = 0.1472, Test Loss = 0.0802
Epoch 94: Train Loss = 0.1467, Test Loss = 0.0850
Epoch 95: Train Loss = 0.1513, Test Loss = 0.0724
Epoch 96: Train Loss = 0.1476, Test Loss = 0.0754
Epoch 97: Train Loss = 0.1512, Test Loss = 0.0718
Epoch 98: Train Loss = 0.1476, Test Loss = 0.0681
Epoch 99: Train Loss = 0.1560, Test Loss = 0.0993
Epoch 100: Train Loss = 0.1445, Test Loss = 0.0881
Epoch 101: Train Loss = 0.1593, Test Loss = 0.0690
Epoch 102: Train Loss = 0.1434, Test Loss = 0.0752
Epoch 103: Train Loss = 0.1427, Test Loss = 0.0643
Epoch 104: Train Loss = 0.1453, Test Loss = 0.0784
Epoch 105: Train Loss = 0.1646, Test Loss = 0.1142
Epoch 106: Train Loss = 0.1614, Test Loss = 0.0678
Epoch 107: Train Loss = 0.1497, Test Loss = 0.0804
Epoch 108: Train Loss = 0.1527, Test Loss = 0.0895
Epoch 109: Train Loss = 0.1525, Test Loss = 0.0746
Epoch 110: Train Loss = 0.1405, Test Loss = 0.0888
Epoch 111: Train Loss = 0.1557, Test Loss = 0.0778
Epoch 112: Train Loss = 0.1457, Test Loss = 0.0824
Epoch 113: Train Loss = 0.1580, Test Loss = 0.0807
Epoch 114: Train Loss = 0.1483, Test Loss = 0.0744
Epoch 115: Train Loss = 0.1457, Test Loss = 0.0694
Epoch 116: Train Loss = 0.1554, Test Loss = 0.0767
Epoch 117: Train Loss = 0.1453, Test Loss = 0.0834
Epoch 118: Train Loss = 0.1547, Test Loss = 0.0744
Epoch 119: Train Loss = 0.1551, Test Loss = 0.0827
Epoch 120: Train Loss = 0.1451, Test Loss = 0.0872
Epoch 121: Train Loss = 0.1520, Test Loss = 0.0936
Epoch 122: Train Loss = 0.1456, Test Loss = 0.0762
Epoch 123: Train Loss = 0.1506, Test Loss = 0.0794
Epoch 124: Train Loss = 0.1533, Test Loss = 0.1090
Epoch 125: Train Loss = 0.1490, Test Loss = 0.0946
Epoch 126: Train Loss = 0.1468, Test Loss = 0.0769
Epoch 127: Train Loss = 0.1602, Test Loss = 0.0854
Epoch 128: Train Loss = 0.1639, Test Loss = 0.0843
Epoch 129: Train Loss = 0.1563, Test Loss = 0.0755
Epoch 130: Train Loss = 0.1501, Test Loss = 0.0669
Epoch 131: Train Loss = 0.1492, Test Loss = 0.0770
Epoch 132: Train Loss = 0.1460, Test Loss = 0.0714
Epoch 133: Train Loss = 0.1501, Test Loss = 0.1066
Epoch 134: Train Loss = 0.1482, Test Loss = 0.1083
Epoch 135: Train Loss = 0.1468, Test Loss = 0.0697
Epoch 136: Train Loss = 0.1598, Test Loss = 0.0786
Epoch 137: Train Loss = 0.1535, Test Loss = 0.0759
Epoch 138: Train Loss = 0.1506, Test Loss = 0.0812
Epoch 139: Train Loss = 0.1597, Test Loss = 0.0883
Epoch 140: Train Loss = 0.1545, Test Loss = 0.0903
Epoch 141: Train Loss = 0.1501, Test Loss = 0.0773
Epoch 142: Train Loss = 0.1484, Test Loss = 0.0985
Epoch 143: Train Loss = 0.1516, Test Loss = 0.0880
Epoch 144: Train Loss = 0.1508, Test Loss = 0.0821
Epoch 145: Train Loss = 0.1504, Test Loss = 0.0766
Epoch 146: Train Loss = 0.1451, Test Loss = 0.0800
Epoch 147: Train Loss = 0.1444, Test Loss = 0.0740
Epoch 148: Train Loss = 0.1560, Test Loss = 0.0755
Epoch 149: Train Loss = 0.1488, Test Loss = 0.0946
Epoch 150: Train Loss = 0.1607, Test Loss = 0.0675
Epoch 151: Train Loss = 0.1569, Test Loss = 0.0771
Epoch 152: Train Loss = 0.1512, Test Loss = 0.0789
Epoch 153: Train Loss = 0.1476, Test Loss = 0.0748
Epoch 154: Train Loss = 0.1454, Test Loss = 0.1008
Epoch 155: Train Loss = 0.1775, Test Loss = 0.0663
Epoch 156: Train Loss = 0.1514, Test Loss = 0.0961
Epoch 157: Train Loss = 0.1564, Test Loss = 0.0745
Epoch 158: Train Loss = 0.1444, Test Loss = 0.0804
Epoch 159: Train Loss = 0.1482, Test Loss = 0.0737
Epoch 160: Train Loss = 0.1449, Test Loss = 0.0734
Epoch 161: Train Loss = 0.1434, Test Loss = 0.0830
Epoch 162: Train Loss = 0.1405, Test Loss = 0.0842
Epoch 163: Train Loss = 0.1511, Test Loss = 0.0994
Epoch 164: Train Loss = 0.1617, Test Loss = 0.0707
Epoch 165: Train Loss = 0.1525, Test Loss = 0.0771
Epoch 166: Train Loss = 0.1521, Test Loss = 0.0923
Epoch 167: Train Loss = 0.1620, Test Loss = 0.0652
Epoch 168: Train Loss = 0.1482, Test Loss = 0.0697
Epoch 169: Train Loss = 0.1530, Test Loss = 0.0827
Epoch 170: Train Loss = 0.1459, Test Loss = 0.0616
Epoch 171: Train Loss = 0.1488, Test Loss = 0.0826
Epoch 172: Train Loss = 0.1490, Test Loss = 0.0758
Epoch 173: Train Loss = 0.1570, Test Loss = 0.0679
Epoch 174: Train Loss = 0.1467, Test Loss = 0.0791
Epoch 175: Train Loss = 0.1466, Test Loss = 0.0861
Epoch 176: Train Loss = 0.1519, Test Loss = 0.0821
Epoch 177: Train Loss = 0.1508, Test Loss = 0.0841
Epoch 178: Train Loss = 0.1460, Test Loss = 0.0806
Epoch 179: Train Loss = 0.1570, Test Loss = 0.0995
Epoch 180: Train Loss = 0.1500, Test Loss = 0.0621
Epoch 181: Train Loss = 0.1471, Test Loss = 0.0903
Epoch 182: Train Loss = 0.1442, Test Loss = 0.0695
Epoch 183: Train Loss = 0.1535, Test Loss = 0.0816
Epoch 184: Train Loss = 0.1636, Test Loss = 0.1185
Epoch 185: Train Loss = 0.1569, Test Loss = 0.0662
Epoch 186: Train Loss = 0.1474, Test Loss = 0.0774
Epoch 187: Train Loss = 0.1462, Test Loss = 0.0807
Epoch 188: Train Loss = 0.1470, Test Loss = 0.0814
Epoch 189: Train Loss = 0.1433, Test Loss = 0.0841
Epoch 190: Train Loss = 0.1389, Test Loss = 0.0715
Epoch 191: Train Loss = 0.1594, Test Loss = 0.0607
Epoch 192: Train Loss = 0.1555, Test Loss = 0.0759
Epoch 193: Train Loss = 0.1468, Test Loss = 0.0927
Epoch 194: Train Loss = 0.1573, Test Loss = 0.0946
Epoch 195: Train Loss = 0.1474, Test Loss = 0.0615
Epoch 196: Train Loss = 0.1517, Test Loss = 0.0752
Epoch 197: Train Loss = 0.1564, Test Loss = 0.0684
Epoch 198: Train Loss = 0.1508, Test Loss = 0.0717
Epoch 199: Train Loss = 0.1576, Test Loss = 0.0806
Epoch 200: Train Loss = 0.1519, Test Loss = 0.0714
Epoch 201: Train Loss = 0.1567, Test Loss = 0.0766
Epoch 202: Train Loss = 0.1593, Test Loss = 0.0700
Epoch 203: Train Loss = 0.1397, Test Loss = 0.0743
Epoch 204: Train Loss = 0.1458, Test Loss = 0.0839
Epoch 205: Train Loss = 0.1527, Test Loss = 0.0699
Epoch 206: Train Loss = 0.1544, Test Loss = 0.0732
Epoch 207: Train Loss = 0.1491, Test Loss = 0.0761
Epoch 208: Train Loss = 0.1605, Test Loss = 0.0734
Epoch 209: Train Loss = 0.1530, Test Loss = 0.0842
Epoch 210: Train Loss = 0.1534, Test Loss = 0.0822
Epoch 211: Train Loss = 0.1524, Test Loss = 0.0646
Epoch 212: Train Loss = 0.1472, Test Loss = 0.0901
Epoch 213: Train Loss = 0.1499, Test Loss = 0.0627
Epoch 214: Train Loss = 0.1542, Test Loss = 0.0803
Epoch 215: Train Loss = 0.1432, Test Loss = 0.0782
Epoch 216: Train Loss = 0.1596, Test Loss = 0.0989
Epoch 217: Train Loss = 0.1474, Test Loss = 0.0716
Epoch 218: Train Loss = 0.1573, Test Loss = 0.0811
Epoch 219: Train Loss = 0.1423, Test Loss = 0.0794
Epoch 220: Train Loss = 0.1590, Test Loss = 0.0837
Epoch 221: Train Loss = 0.1516, Test Loss = 0.0892
Epoch 222: Train Loss = 0.1440, Test Loss = 0.0958
Epoch 223: Train Loss = 0.1448, Test Loss = 0.0812
Epoch 224: Train Loss = 0.1465, Test Loss = 0.0683
Epoch 225: Train Loss = 0.1547, Test Loss = 0.0701
Epoch 226: Train Loss = 0.1465, Test Loss = 0.0732
Epoch 227: Train Loss = 0.1442, Test Loss = 0.0572
Epoch 228: Train Loss = 0.1532, Test Loss = 0.0924
Epoch 229: Train Loss = 0.1440, Test Loss = 0.0848
Epoch 230: Train Loss = 0.1555, Test Loss = 0.0730
Epoch 231: Train Loss = 0.1445, Test Loss = 0.0726
Epoch 232: Train Loss = 0.1433, Test Loss = 0.0784
Epoch 233: Train Loss = 0.1578, Test Loss = 0.0797
Epoch 234: Train Loss = 0.1406, Test Loss = 0.0719
Epoch 235: Train Loss = 0.1448, Test Loss = 0.0716
Epoch 236: Train Loss = 0.1610, Test Loss = 0.0876
Epoch 237: Train Loss = 0.1554, Test Loss = 0.0554
Epoch 238: Train Loss = 0.1467, Test Loss = 0.0778
Epoch 239: Train Loss = 0.1508, Test Loss = 0.0884
Epoch 240: Train Loss = 0.1531, Test Loss = 0.0687
Epoch 241: Train Loss = 0.1555, Test Loss = 0.0826
Epoch 242: Train Loss = 0.1476, Test Loss = 0.0695
Epoch 243: Train Loss = 0.1529, Test Loss = 0.0789
Epoch 244: Train Loss = 0.1839, Test Loss = 0.1118
Epoch 245: Train Loss = 0.1772, Test Loss = 0.0973
Epoch 246: Train Loss = 0.1541, Test Loss = 0.0861
Epoch 247: Train Loss = 0.1571, Test Loss = 0.0775
Epoch 248: Train Loss = 0.1523, Test Loss = 0.0803
Epoch 249: Train Loss = 0.1500, Test Loss = 0.0781
Epoch 250: Train Loss = 0.1517, Test Loss = 0.0768
Epoch 251: Train Loss = 0.1556, Test Loss = 0.0794
Epoch 252: Train Loss = 0.1483, Test Loss = 0.0818
Epoch 253: Train Loss = 0.1539, Test Loss = 0.0640
Epoch 254: Train Loss = 0.1522, Test Loss = 0.0715
Epoch 255: Train Loss = 0.1463, Test Loss = 0.0909
Epoch 256: Train Loss = 0.1540, Test Loss = 0.0808
Epoch 257: Train Loss = 0.1440, Test Loss = 0.0984
Epoch 258: Train Loss = 0.1444, Test Loss = 0.0561
Epoch 259: Train Loss = 0.1460, Test Loss = 0.0677
Epoch 260: Train Loss = 0.1524, Test Loss = 0.0720
Epoch 261: Train Loss = 0.1571, Test Loss = 0.0801
Epoch 262: Train Loss = 0.1448, Test Loss = 0.0651
Epoch 263: Train Loss = 0.1477, Test Loss = 0.0933
Epoch 264: Train Loss = 0.1395, Test Loss = 0.0684
Epoch 265: Train Loss = 0.1447, Test Loss = 0.0609
Epoch 266: Train Loss = 0.1526, Test Loss = 0.0740
Epoch 267: Train Loss = 0.1545, Test Loss = 0.0813
Epoch 268: Train Loss = 0.1459, Test Loss = 0.0720
Epoch 269: Train Loss = 0.1435, Test Loss = 0.0735
Epoch 270: Train Loss = 0.1693, Test Loss = 0.0627
Epoch 271: Train Loss = 0.1615, Test Loss = 0.0699
Epoch 272: Train Loss = 0.1439, Test Loss = 0.0697
Epoch 273: Train Loss = 0.1590, Test Loss = 0.0754
Epoch 274: Train Loss = 0.1478, Test Loss = 0.0634
Epoch 275: Train Loss = 0.1488, Test Loss = 0.0710
Epoch 276: Train Loss = 0.1440, Test Loss = 0.0739
Epoch 277: Train Loss = 0.1486, Test Loss = 0.0875
Epoch 278: Train Loss = 0.1460, Test Loss = 0.0802
Epoch 279: Train Loss = 0.1520, Test Loss = 0.0931
Epoch 280: Train Loss = 0.1476, Test Loss = 0.0648
Epoch 281: Train Loss = 0.1492, Test Loss = 0.0684
Epoch 282: Train Loss = 0.1438, Test Loss = 0.0575
Epoch 283: Train Loss = 0.1484, Test Loss = 0.0981
Epoch 284: Train Loss = 0.1467, Test Loss = 0.0732
Epoch 285: Train Loss = 0.1502, Test Loss = 0.0680
Epoch 286: Train Loss = 0.1500, Test Loss = 0.1010
Epoch 287: Train Loss = 0.1508, Test Loss = 0.0958
Epoch 288: Train Loss = 0.1484, Test Loss = 0.0658
Epoch 289: Train Loss = 0.1399, Test Loss = 0.0667
Epoch 290: Train Loss = 0.1520, Test Loss = 0.0696
Epoch 291: Train Loss = 0.1478, Test Loss = 0.0791
Epoch 292: Train Loss = 0.1342, Test Loss = 0.0756
Epoch 293: Train Loss = 0.1428, Test Loss = 0.0776
Epoch 294: Train Loss = 0.1511, Test Loss = 0.0808
Epoch 295: Train Loss = 0.1553, Test Loss = 0.0850
Epoch 296: Train Loss = 0.1492, Test Loss = 0.0837
Epoch 297: Train Loss = 0.1404, Test Loss = 0.0688
Epoch 298: Train Loss = 0.1418, Test Loss = 0.0910
Epoch 299: Train Loss = 0.1542, Test Loss = 0.0813
Epoch 300: Train Loss = 0.1479, Test Loss = 0.0807
Trial completed in 840.76s with error: 0.0807
Trial completed!
