Running on host slepner086.amarel.rutgers.edu
Time is Thu Apr 24 15:15:19 EDT 2025
Directory is /home/elp95/tfa-predictor
SLURM job ID is 43168670
Starting trial...
Running trial with config: {'input_size': 3883, 'output_size': 214, 'hidden_sizes': [512, 256, 128], 'lr': 0.0010831172944395174, 'weight_decay': 5.0082294452713535e-06, 'batch_size': 256, 'max_epochs': 50, 'dropout_rate': 0.4401799843192084, 'activation': 'relu', 'optimizer': 'sgd_momentum', 'learning_rate_schedule': 'cosine', 'batch_norm': 'true'}
Using data directory: /cache/home/elp95/tfa-predictor/data
xprs_path: /cache/home/elp95/tfa-predictor/data/gene-xprs/processed/xprs-data.csv
tfa_path: /cache/home/elp95/tfa-predictor/data/tfa/processed/tfa-labels.csv
Epoch 1: Train Loss = 0.9160, Test Loss = 0.5183
Epoch 2: Train Loss = 0.4378, Test Loss = 0.3472
Epoch 3: Train Loss = 0.3398, Test Loss = 0.1645
Epoch 4: Train Loss = 0.2813, Test Loss = 0.1052
Epoch 5: Train Loss = 0.2546, Test Loss = 0.0819
Epoch 6: Train Loss = 0.2206, Test Loss = 0.0691
Epoch 7: Train Loss = 0.1995, Test Loss = 0.0614
Epoch 8: Train Loss = 0.1870, Test Loss = 0.0539
Epoch 9: Train Loss = 0.1675, Test Loss = 0.0488
Epoch 10: Train Loss = 0.1585, Test Loss = 0.0453
Epoch 11: Train Loss = 0.1491, Test Loss = 0.0419
Epoch 12: Train Loss = 0.1368, Test Loss = 0.0381
Epoch 13: Train Loss = 0.1327, Test Loss = 0.0362
Epoch 14: Train Loss = 0.1254, Test Loss = 0.0349
Epoch 15: Train Loss = 0.1172, Test Loss = 0.0318
Epoch 16: Train Loss = 0.1148, Test Loss = 0.0313
Epoch 17: Train Loss = 0.1120, Test Loss = 0.0295
Epoch 18: Train Loss = 0.1075, Test Loss = 0.0303
Epoch 19: Train Loss = 0.0987, Test Loss = 0.0273
Epoch 20: Train Loss = 0.0975, Test Loss = 0.0276
Epoch 21: Train Loss = 0.0952, Test Loss = 0.0265
Epoch 22: Train Loss = 0.0930, Test Loss = 0.0275
Epoch 23: Train Loss = 0.0897, Test Loss = 0.0247
Epoch 24: Train Loss = 0.0884, Test Loss = 0.0256
Epoch 25: Train Loss = 0.0877, Test Loss = 0.0251
Epoch 26: Train Loss = 0.0854, Test Loss = 0.0242
Epoch 27: Train Loss = 0.0805, Test Loss = 0.0242
Epoch 28: Train Loss = 0.0806, Test Loss = 0.0253
Epoch 29: Train Loss = 0.0818, Test Loss = 0.0232
Epoch 30: Train Loss = 0.0780, Test Loss = 0.0242
Epoch 31: Train Loss = 0.0775, Test Loss = 0.0226
Epoch 32: Train Loss = 0.0755, Test Loss = 0.0211
Epoch 33: Train Loss = 0.0788, Test Loss = 0.0220
Epoch 34: Train Loss = 0.0739, Test Loss = 0.0227
Epoch 35: Train Loss = 0.0762, Test Loss = 0.0225
Epoch 36: Train Loss = 0.0753, Test Loss = 0.0217
Epoch 37: Train Loss = 0.0721, Test Loss = 0.0220
Epoch 38: Train Loss = 0.0734, Test Loss = 0.0207
Epoch 39: Train Loss = 0.0736, Test Loss = 0.0212
Epoch 40: Train Loss = 0.0707, Test Loss = 0.0236
Epoch 41: Train Loss = 0.0712, Test Loss = 0.0208
Epoch 42: Train Loss = 0.0716, Test Loss = 0.0221
Epoch 43: Train Loss = 0.0736, Test Loss = 0.0215
Epoch 44: Train Loss = 0.0701, Test Loss = 0.0208
Epoch 45: Train Loss = 0.0705, Test Loss = 0.0203
Epoch 46: Train Loss = 0.0722, Test Loss = 0.0224
Epoch 47: Train Loss = 0.0703, Test Loss = 0.0198
Epoch 48: Train Loss = 0.0696, Test Loss = 0.0214
Epoch 49: Train Loss = 0.0687, Test Loss = 0.0209
Epoch 50: Train Loss = 0.0695, Test Loss = 0.0199
Trial completed in 20.07s with error: 0.0199
Trial completed!
