Running on host hal0046.amarel.rutgers.edu
Time is Thu Apr 24 11:43:01 EDT 2025
Directory is /home/elp95/tfa-predictor
SLURM job ID is 43165688
Starting trial...
Running trial with config: {'input_size': 3883, 'output_size': 214, 'hidden_sizes': [1024, 256], 'lr': 0.0008288916866885145, 'weight_decay': 4.649617447336336e-05, 'batch_size': 128, 'max_epochs': 100}
Using data directory: /cache/home/elp95/tfa-predictor/data
xprs_path: /cache/home/elp95/tfa-predictor/data/gene-xprs/processed/xprs-data.csv
tfa_path: /cache/home/elp95/tfa-predictor/data/tfa/processed/tfa-labels.csv
Epoch 1: Train Loss = 0.5838, Test Loss = 0.1623
Epoch 2: Train Loss = 0.3317, Test Loss = 0.0988
Epoch 3: Train Loss = 0.2608, Test Loss = 0.0707
Epoch 4: Train Loss = 0.2237, Test Loss = 0.0615
Epoch 5: Train Loss = 0.1977, Test Loss = 0.0520
Epoch 6: Train Loss = 0.1780, Test Loss = 0.0504
Epoch 7: Train Loss = 0.1663, Test Loss = 0.0489
Epoch 8: Train Loss = 0.1518, Test Loss = 0.0433
Epoch 9: Train Loss = 0.1437, Test Loss = 0.0504
Epoch 10: Train Loss = 0.1355, Test Loss = 0.0444
Epoch 11: Train Loss = 0.1280, Test Loss = 0.0407
Epoch 12: Train Loss = 0.1243, Test Loss = 0.0388
Epoch 13: Train Loss = 0.1186, Test Loss = 0.0391
Epoch 14: Train Loss = 0.1158, Test Loss = 0.0383
Epoch 15: Train Loss = 0.1126, Test Loss = 0.0384
Epoch 16: Train Loss = 0.1123, Test Loss = 0.0350
Epoch 17: Train Loss = 0.1111, Test Loss = 0.0414
Epoch 18: Train Loss = 0.1096, Test Loss = 0.0350
Epoch 19: Train Loss = 0.1036, Test Loss = 0.0329
Epoch 20: Train Loss = 0.1038, Test Loss = 0.0325
Epoch 21: Train Loss = 0.1002, Test Loss = 0.0362
Epoch 22: Train Loss = 0.1025, Test Loss = 0.0307
Epoch 23: Train Loss = 0.1001, Test Loss = 0.0318
Epoch 24: Train Loss = 0.0997, Test Loss = 0.0299
Epoch 25: Train Loss = 0.0967, Test Loss = 0.0314
Epoch 26: Train Loss = 0.0975, Test Loss = 0.0308
Epoch 27: Train Loss = 0.0946, Test Loss = 0.0291
Epoch 28: Train Loss = 0.0922, Test Loss = 0.0296
Epoch 29: Train Loss = 0.0939, Test Loss = 0.0277
Epoch 30: Train Loss = 0.0902, Test Loss = 0.0311
Epoch 31: Train Loss = 0.0966, Test Loss = 0.0400
Epoch 32: Train Loss = 0.1012, Test Loss = 0.0376
Epoch 33: Train Loss = 0.0926, Test Loss = 0.0301
Epoch 34: Train Loss = 0.0935, Test Loss = 0.0321
Epoch 35: Train Loss = 0.0910, Test Loss = 0.0277
Epoch 36: Train Loss = 0.0907, Test Loss = 0.0320
Epoch 37: Train Loss = 0.1006, Test Loss = 0.0347
Epoch 38: Train Loss = 0.0935, Test Loss = 0.0320
Epoch 39: Train Loss = 0.0883, Test Loss = 0.0298
Epoch 40: Train Loss = 0.0852, Test Loss = 0.0311
Epoch 41: Train Loss = 0.0893, Test Loss = 0.0296
Epoch 42: Train Loss = 0.0916, Test Loss = 0.0291
Epoch 43: Train Loss = 0.0893, Test Loss = 0.0287
Epoch 44: Train Loss = 0.0844, Test Loss = 0.0350
Epoch 45: Train Loss = 0.0933, Test Loss = 0.0325
Epoch 46: Train Loss = 0.0854, Test Loss = 0.0276
Epoch 47: Train Loss = 0.0908, Test Loss = 0.0346
Epoch 48: Train Loss = 0.0902, Test Loss = 0.0299
Epoch 49: Train Loss = 0.0852, Test Loss = 0.0372
Epoch 50: Train Loss = 0.0921, Test Loss = 0.0312
Epoch 51: Train Loss = 0.0885, Test Loss = 0.0298
Epoch 52: Train Loss = 0.0906, Test Loss = 0.0337
Epoch 53: Train Loss = 0.0906, Test Loss = 0.0280
Epoch 54: Train Loss = 0.0963, Test Loss = 0.0298
Epoch 55: Train Loss = 0.0910, Test Loss = 0.0296
Epoch 56: Train Loss = 0.0872, Test Loss = 0.0310
Epoch 57: Train Loss = 0.0890, Test Loss = 0.0351
Epoch 58: Train Loss = 0.0894, Test Loss = 0.0285
Epoch 59: Train Loss = 0.0866, Test Loss = 0.0285
Epoch 60: Train Loss = 0.0904, Test Loss = 0.0265
Epoch 61: Train Loss = 0.0927, Test Loss = 0.0285
Epoch 62: Train Loss = 0.0893, Test Loss = 0.0304
Epoch 63: Train Loss = 0.0900, Test Loss = 0.0296
Epoch 64: Train Loss = 0.0818, Test Loss = 0.0285
Epoch 65: Train Loss = 0.0954, Test Loss = 0.0274
Epoch 66: Train Loss = 0.0963, Test Loss = 0.0295
Epoch 67: Train Loss = 0.0871, Test Loss = 0.0280
Epoch 68: Train Loss = 0.0832, Test Loss = 0.0289
Epoch 69: Train Loss = 0.0820, Test Loss = 0.0294
Epoch 70: Train Loss = 0.0774, Test Loss = 0.0267
Epoch 71: Train Loss = 0.0808, Test Loss = 0.0259
Epoch 72: Train Loss = 0.0873, Test Loss = 0.0295
Epoch 73: Train Loss = 0.0930, Test Loss = 0.0344
Epoch 74: Train Loss = 0.0852, Test Loss = 0.0310
Epoch 75: Train Loss = 0.0893, Test Loss = 0.0323
Epoch 76: Train Loss = 0.0929, Test Loss = 0.0303
Epoch 77: Train Loss = 0.0828, Test Loss = 0.0287
Epoch 78: Train Loss = 0.0862, Test Loss = 0.0302
Epoch 79: Train Loss = 0.0793, Test Loss = 0.0275
Epoch 80: Train Loss = 0.0771, Test Loss = 0.0274
Epoch 81: Train Loss = 0.0780, Test Loss = 0.0299
Epoch 82: Train Loss = 0.0881, Test Loss = 0.0300
Epoch 83: Train Loss = 0.0850, Test Loss = 0.0262
Epoch 84: Train Loss = 0.0823, Test Loss = 0.0296
Epoch 85: Train Loss = 0.0938, Test Loss = 0.0266
Epoch 86: Train Loss = 0.0935, Test Loss = 0.0325
Epoch 87: Train Loss = 0.0875, Test Loss = 0.0289
Epoch 88: Train Loss = 0.0826, Test Loss = 0.0301
Epoch 89: Train Loss = 0.0887, Test Loss = 0.0328
Epoch 90: Train Loss = 0.0940, Test Loss = 0.0326
Epoch 91: Train Loss = 0.0796, Test Loss = 0.0285
Epoch 92: Train Loss = 0.0761, Test Loss = 0.0279
Epoch 93: Train Loss = 0.0841, Test Loss = 0.0280
Epoch 94: Train Loss = 0.0859, Test Loss = 0.0288
Epoch 95: Train Loss = 0.0886, Test Loss = 0.0304
Epoch 96: Train Loss = 0.0835, Test Loss = 0.0315
Epoch 97: Train Loss = 0.0835, Test Loss = 0.0279
Epoch 98: Train Loss = 0.0850, Test Loss = 0.0329
Epoch 99: Train Loss = 0.0891, Test Loss = 0.0294
Epoch 100: Train Loss = 0.0917, Test Loss = 0.0296
Trial completed in 77.35s with error: 0.0296
Trial completed!
