Running on host hal0032.amarel.rutgers.edu
Time is Thu Apr 24 15:18:27 EDT 2025
Directory is /home/elp95/tfa-predictor
SLURM job ID is 43168698
Starting trial...
Running trial with config: {'input_size': 3883, 'output_size': 214, 'hidden_sizes': [4096, 2048, 1024], 'lr': 6.475520527761088e-05, 'weight_decay': 0.00047144316216931123, 'batch_size': 256, 'max_epochs': 150, 'dropout_rate': 0.4595578576393297, 'activation': 'selu', 'optimizer': 'sgd_momentum', 'learning_rate_schedule': 'cosine', 'batch_norm': 'false'}
Using data directory: /cache/home/elp95/tfa-predictor/data
xprs_path: /cache/home/elp95/tfa-predictor/data/gene-xprs/processed/xprs-data.csv
tfa_path: /cache/home/elp95/tfa-predictor/data/tfa/processed/tfa-labels.csv
Epoch 1: Train Loss = 0.8174, Test Loss = 0.4323
Epoch 2: Train Loss = 0.3857, Test Loss = 0.1072
Epoch 3: Train Loss = 0.2993, Test Loss = 0.0682
Epoch 4: Train Loss = 0.2650, Test Loss = 0.0534
Epoch 5: Train Loss = 0.2450, Test Loss = 0.0441
Epoch 6: Train Loss = 0.2316, Test Loss = 0.0379
Epoch 7: Train Loss = 0.2216, Test Loss = 0.0334
Epoch 8: Train Loss = 0.2153, Test Loss = 0.0307
Epoch 9: Train Loss = 0.2068, Test Loss = 0.0289
Epoch 10: Train Loss = 0.1996, Test Loss = 0.0263
Epoch 11: Train Loss = 0.1964, Test Loss = 0.0252
Epoch 12: Train Loss = 0.1923, Test Loss = 0.0234
Epoch 13: Train Loss = 0.1874, Test Loss = 0.0227
Epoch 14: Train Loss = 0.1816, Test Loss = 0.0216
Epoch 15: Train Loss = 0.1785, Test Loss = 0.0210
Epoch 16: Train Loss = 0.1749, Test Loss = 0.0202
Epoch 17: Train Loss = 0.1714, Test Loss = 0.0198
Epoch 18: Train Loss = 0.1678, Test Loss = 0.0187
Epoch 19: Train Loss = 0.1665, Test Loss = 0.0186
Epoch 20: Train Loss = 0.1628, Test Loss = 0.0181
Epoch 21: Train Loss = 0.1603, Test Loss = 0.0177
Epoch 22: Train Loss = 0.1582, Test Loss = 0.0164
Epoch 23: Train Loss = 0.1557, Test Loss = 0.0166
Epoch 24: Train Loss = 0.1518, Test Loss = 0.0158
Epoch 25: Train Loss = 0.1515, Test Loss = 0.0163
Epoch 26: Train Loss = 0.1471, Test Loss = 0.0152
Epoch 27: Train Loss = 0.1463, Test Loss = 0.0151
Epoch 28: Train Loss = 0.1431, Test Loss = 0.0148
Epoch 29: Train Loss = 0.1423, Test Loss = 0.0137
Epoch 30: Train Loss = 0.1399, Test Loss = 0.0145
Epoch 31: Train Loss = 0.1381, Test Loss = 0.0136
Epoch 32: Train Loss = 0.1361, Test Loss = 0.0135
Epoch 33: Train Loss = 0.1347, Test Loss = 0.0132
Epoch 34: Train Loss = 0.1325, Test Loss = 0.0139
Epoch 35: Train Loss = 0.1316, Test Loss = 0.0128
Epoch 36: Train Loss = 0.1304, Test Loss = 0.0129
Epoch 37: Train Loss = 0.1297, Test Loss = 0.0125
Epoch 38: Train Loss = 0.1279, Test Loss = 0.0124
Epoch 39: Train Loss = 0.1244, Test Loss = 0.0120
Epoch 40: Train Loss = 0.1230, Test Loss = 0.0127
Epoch 41: Train Loss = 0.1221, Test Loss = 0.0120
Epoch 42: Train Loss = 0.1213, Test Loss = 0.0121
Epoch 43: Train Loss = 0.1186, Test Loss = 0.0118
Epoch 44: Train Loss = 0.1169, Test Loss = 0.0121
Epoch 45: Train Loss = 0.1168, Test Loss = 0.0115
Epoch 46: Train Loss = 0.1141, Test Loss = 0.0120
Epoch 47: Train Loss = 0.1124, Test Loss = 0.0113
Epoch 48: Train Loss = 0.1121, Test Loss = 0.0105
Epoch 49: Train Loss = 0.1106, Test Loss = 0.0116
Epoch 50: Train Loss = 0.1097, Test Loss = 0.0104
Epoch 51: Train Loss = 0.1070, Test Loss = 0.0114
Epoch 52: Train Loss = 0.1066, Test Loss = 0.0109
Epoch 53: Train Loss = 0.1061, Test Loss = 0.0110
Epoch 54: Train Loss = 0.1042, Test Loss = 0.0106
Epoch 55: Train Loss = 0.1026, Test Loss = 0.0103
Epoch 56: Train Loss = 0.1017, Test Loss = 0.0098
Epoch 57: Train Loss = 0.1006, Test Loss = 0.0108
Epoch 58: Train Loss = 0.0993, Test Loss = 0.0100
Epoch 59: Train Loss = 0.0994, Test Loss = 0.0100
Epoch 60: Train Loss = 0.0995, Test Loss = 0.0100
Epoch 61: Train Loss = 0.0966, Test Loss = 0.0111
Epoch 62: Train Loss = 0.0949, Test Loss = 0.0100
Epoch 63: Train Loss = 0.0939, Test Loss = 0.0097
Epoch 64: Train Loss = 0.0926, Test Loss = 0.0106
Epoch 65: Train Loss = 0.0923, Test Loss = 0.0107
Epoch 66: Train Loss = 0.0923, Test Loss = 0.0105
Epoch 67: Train Loss = 0.0904, Test Loss = 0.0101
Epoch 68: Train Loss = 0.0903, Test Loss = 0.0099
Epoch 69: Train Loss = 0.0884, Test Loss = 0.0095
Epoch 70: Train Loss = 0.0870, Test Loss = 0.0104
Epoch 71: Train Loss = 0.0864, Test Loss = 0.0091
Epoch 72: Train Loss = 0.0867, Test Loss = 0.0098
Epoch 73: Train Loss = 0.0845, Test Loss = 0.0105
Epoch 74: Train Loss = 0.0825, Test Loss = 0.0096
Epoch 75: Train Loss = 0.0826, Test Loss = 0.0100
Epoch 76: Train Loss = 0.0832, Test Loss = 0.0094
Epoch 77: Train Loss = 0.0819, Test Loss = 0.0112
Epoch 78: Train Loss = 0.0803, Test Loss = 0.0101
Epoch 79: Train Loss = 0.0797, Test Loss = 0.0095
Epoch 80: Train Loss = 0.0784, Test Loss = 0.0095
Epoch 81: Train Loss = 0.0777, Test Loss = 0.0101
Epoch 82: Train Loss = 0.0776, Test Loss = 0.0118
Epoch 83: Train Loss = 0.0762, Test Loss = 0.0095
Epoch 84: Train Loss = 0.0752, Test Loss = 0.0091
Epoch 85: Train Loss = 0.0755, Test Loss = 0.0091
Epoch 86: Train Loss = 0.0740, Test Loss = 0.0103
Epoch 87: Train Loss = 0.0733, Test Loss = 0.0090
Epoch 88: Train Loss = 0.0719, Test Loss = 0.0093
Epoch 89: Train Loss = 0.0720, Test Loss = 0.0100
Epoch 90: Train Loss = 0.0709, Test Loss = 0.0098
Epoch 91: Train Loss = 0.0702, Test Loss = 0.0110
Epoch 92: Train Loss = 0.0687, Test Loss = 0.0105
Epoch 93: Train Loss = 0.0682, Test Loss = 0.0106
Epoch 94: Train Loss = 0.0678, Test Loss = 0.0099
Epoch 95: Train Loss = 0.0685, Test Loss = 0.0099
Epoch 96: Train Loss = 0.0667, Test Loss = 0.0096
Epoch 97: Train Loss = 0.0655, Test Loss = 0.0091
Epoch 98: Train Loss = 0.0654, Test Loss = 0.0088
Epoch 99: Train Loss = 0.0643, Test Loss = 0.0099
Epoch 100: Train Loss = 0.0634, Test Loss = 0.0090
Epoch 101: Train Loss = 0.0625, Test Loss = 0.0097
Epoch 102: Train Loss = 0.0626, Test Loss = 0.0100
Epoch 103: Train Loss = 0.0622, Test Loss = 0.0109
Epoch 104: Train Loss = 0.0622, Test Loss = 0.0122
Epoch 105: Train Loss = 0.0617, Test Loss = 0.0096
Epoch 106: Train Loss = 0.0603, Test Loss = 0.0097
Epoch 107: Train Loss = 0.0605, Test Loss = 0.0087
Epoch 108: Train Loss = 0.0603, Test Loss = 0.0101
Epoch 109: Train Loss = 0.0597, Test Loss = 0.0083
Epoch 110: Train Loss = 0.0597, Test Loss = 0.0101
Epoch 111: Train Loss = 0.0584, Test Loss = 0.0117
Epoch 112: Train Loss = 0.0585, Test Loss = 0.0120
Epoch 113: Train Loss = 0.0583, Test Loss = 0.0124
Epoch 114: Train Loss = 0.0577, Test Loss = 0.0109
Epoch 115: Train Loss = 0.0569, Test Loss = 0.0107
Epoch 116: Train Loss = 0.0568, Test Loss = 0.0095
Epoch 117: Train Loss = 0.0555, Test Loss = 0.0089
Epoch 118: Train Loss = 0.0544, Test Loss = 0.0099
Epoch 119: Train Loss = 0.0535, Test Loss = 0.0106
Epoch 120: Train Loss = 0.0534, Test Loss = 0.0099
Epoch 121: Train Loss = 0.0525, Test Loss = 0.0100
Epoch 122: Train Loss = 0.0522, Test Loss = 0.0088
Epoch 123: Train Loss = 0.0516, Test Loss = 0.0086
Epoch 124: Train Loss = 0.0513, Test Loss = 0.0085
Epoch 125: Train Loss = 0.0504, Test Loss = 0.0092
Epoch 126: Train Loss = 0.0502, Test Loss = 0.0106
Epoch 127: Train Loss = 0.0493, Test Loss = 0.0102
Epoch 128: Train Loss = 0.0484, Test Loss = 0.0099
Epoch 129: Train Loss = 0.0480, Test Loss = 0.0099
Epoch 130: Train Loss = 0.0476, Test Loss = 0.0102
Epoch 131: Train Loss = 0.0487, Test Loss = 0.0090
Epoch 132: Train Loss = 0.0485, Test Loss = 0.0095
Epoch 133: Train Loss = 0.0480, Test Loss = 0.0091
Epoch 134: Train Loss = 0.0469, Test Loss = 0.0083
Epoch 135: Train Loss = 0.0465, Test Loss = 0.0099
Epoch 136: Train Loss = 0.0459, Test Loss = 0.0088
Epoch 137: Train Loss = 0.0460, Test Loss = 0.0100
Epoch 138: Train Loss = 0.0446, Test Loss = 0.0096
Epoch 139: Train Loss = 0.0446, Test Loss = 0.0088
Epoch 140: Train Loss = 0.0452, Test Loss = 0.0097
Epoch 141: Train Loss = 0.0458, Test Loss = 0.0104
Epoch 142: Train Loss = 0.0436, Test Loss = 0.0114
Epoch 143: Train Loss = 0.0443, Test Loss = 0.0112
Epoch 144: Train Loss = 0.0429, Test Loss = 0.0113
Epoch 145: Train Loss = 0.0433, Test Loss = 0.0102
Epoch 146: Train Loss = 0.0435, Test Loss = 0.0101
Epoch 147: Train Loss = 0.0443, Test Loss = 0.0088
Epoch 148: Train Loss = 0.0426, Test Loss = 0.0089
Epoch 149: Train Loss = 0.0417, Test Loss = 0.0098
Epoch 150: Train Loss = 0.0421, Test Loss = 0.0099
Trial completed in 367.74s with error: 0.0099
Trial completed!
