Running on host hal0027.amarel.rutgers.edu
Time is Thu Apr 24 13:11:24 EDT 2025
Directory is /home/elp95/tfa-predictor
SLURM job ID is 43167367
Starting trial...
Running trial with config: {'input_size': 3883, 'output_size': 214, 'hidden_sizes': [2048, 1024, 512, 256], 'lr': 0.0011207606211860567, 'weight_decay': 7.309539835912905e-05, 'batch_size': 32, 'max_epochs': 200}
Using data directory: /cache/home/elp95/tfa-predictor/data
xprs_path: /cache/home/elp95/tfa-predictor/data/gene-xprs/processed/xprs-data.csv
tfa_path: /cache/home/elp95/tfa-predictor/data/tfa/processed/tfa-labels.csv
Epoch 1: Train Loss = 0.5064, Test Loss = 0.1588
Epoch 2: Train Loss = 0.3040, Test Loss = 0.1138
Epoch 3: Train Loss = 0.2540, Test Loss = 0.0919
Epoch 4: Train Loss = 0.2259, Test Loss = 0.0831
Epoch 5: Train Loss = 0.2114, Test Loss = 0.0830
Epoch 6: Train Loss = 0.2006, Test Loss = 0.0769
Epoch 7: Train Loss = 0.1991, Test Loss = 0.0771
Epoch 8: Train Loss = 0.1837, Test Loss = 0.0736
Epoch 9: Train Loss = 0.1959, Test Loss = 0.0693
Epoch 10: Train Loss = 0.1859, Test Loss = 0.0676
Epoch 11: Train Loss = 0.1829, Test Loss = 0.0667
Epoch 12: Train Loss = 0.1838, Test Loss = 0.0691
Epoch 13: Train Loss = 0.1781, Test Loss = 0.0680
Epoch 14: Train Loss = 0.1827, Test Loss = 0.0746
Epoch 15: Train Loss = 0.1823, Test Loss = 0.0712
Epoch 16: Train Loss = 0.1855, Test Loss = 0.0677
Epoch 17: Train Loss = 0.1743, Test Loss = 0.0731
Epoch 18: Train Loss = 0.1829, Test Loss = 0.0691
Epoch 19: Train Loss = 0.1803, Test Loss = 0.0652
Epoch 20: Train Loss = 0.1808, Test Loss = 0.0784
Epoch 21: Train Loss = 0.1760, Test Loss = 0.0637
Epoch 22: Train Loss = 0.1845, Test Loss = 0.0648
Epoch 23: Train Loss = 0.1738, Test Loss = 0.0626
Epoch 24: Train Loss = 0.1732, Test Loss = 0.0756
Epoch 25: Train Loss = 0.1801, Test Loss = 0.0629
Epoch 26: Train Loss = 0.1842, Test Loss = 0.0687
Epoch 27: Train Loss = 0.1737, Test Loss = 0.0589
Epoch 28: Train Loss = 0.1702, Test Loss = 0.0580
Epoch 29: Train Loss = 0.1764, Test Loss = 0.0620
Epoch 30: Train Loss = 0.1681, Test Loss = 0.0665
Epoch 31: Train Loss = 0.1728, Test Loss = 0.0635
Epoch 32: Train Loss = 0.1747, Test Loss = 0.0627
Epoch 33: Train Loss = 0.1719, Test Loss = 0.0636
Epoch 34: Train Loss = 0.1764, Test Loss = 0.0650
Epoch 35: Train Loss = 0.1635, Test Loss = 0.0572
Epoch 36: Train Loss = 0.1741, Test Loss = 0.0632
Epoch 37: Train Loss = 0.1672, Test Loss = 0.0595
Epoch 38: Train Loss = 0.1720, Test Loss = 0.0750
Epoch 39: Train Loss = 0.1728, Test Loss = 0.0611
Epoch 40: Train Loss = 0.1655, Test Loss = 0.0592
Epoch 41: Train Loss = 0.1695, Test Loss = 0.0671
Epoch 42: Train Loss = 0.1656, Test Loss = 0.0583
Epoch 43: Train Loss = 0.1681, Test Loss = 0.0564
Epoch 44: Train Loss = 0.1683, Test Loss = 0.0686
Epoch 45: Train Loss = 0.1788, Test Loss = 0.0699
Epoch 46: Train Loss = 0.1680, Test Loss = 0.0544
Epoch 47: Train Loss = 0.1691, Test Loss = 0.0639
Epoch 48: Train Loss = 0.1638, Test Loss = 0.0634
Epoch 49: Train Loss = 0.1659, Test Loss = 0.0624
Epoch 50: Train Loss = 0.1708, Test Loss = 0.0560
Epoch 51: Train Loss = 0.1740, Test Loss = 0.0549
Epoch 52: Train Loss = 0.1673, Test Loss = 0.0690
Epoch 53: Train Loss = 0.1763, Test Loss = 0.0587
Epoch 54: Train Loss = 0.1760, Test Loss = 0.0590
Epoch 55: Train Loss = 0.1646, Test Loss = 0.0597
Epoch 56: Train Loss = 0.1618, Test Loss = 0.0967
Epoch 57: Train Loss = 0.1710, Test Loss = 0.0518
Epoch 58: Train Loss = 0.1676, Test Loss = 0.0607
Epoch 59: Train Loss = 0.1685, Test Loss = 0.0542
Epoch 60: Train Loss = 0.1563, Test Loss = 0.0537
Epoch 61: Train Loss = 0.1535, Test Loss = 0.0565
Epoch 62: Train Loss = 0.1675, Test Loss = 0.0576
Epoch 63: Train Loss = 0.1504, Test Loss = 0.0694
Epoch 64: Train Loss = 0.1516, Test Loss = 0.0671
Epoch 65: Train Loss = 0.1516, Test Loss = 0.0606
Epoch 66: Train Loss = 0.1579, Test Loss = 0.0706
Epoch 67: Train Loss = 0.1701, Test Loss = 0.0887
Epoch 68: Train Loss = 0.1768, Test Loss = 0.0638
Epoch 69: Train Loss = 0.1734, Test Loss = 0.0653
Epoch 70: Train Loss = 0.1623, Test Loss = 0.0547
Epoch 71: Train Loss = 0.1567, Test Loss = 0.0568
Epoch 72: Train Loss = 0.1735, Test Loss = 0.0527
Epoch 73: Train Loss = 0.1716, Test Loss = 0.0617
Epoch 74: Train Loss = 0.1636, Test Loss = 0.0612
Epoch 75: Train Loss = 0.1615, Test Loss = 0.0678
Epoch 76: Train Loss = 0.1552, Test Loss = 0.0514
Epoch 77: Train Loss = 0.1487, Test Loss = 0.0545
Epoch 78: Train Loss = 0.1513, Test Loss = 0.0540
Epoch 79: Train Loss = 0.1658, Test Loss = 0.0616
Epoch 80: Train Loss = 0.1658, Test Loss = 0.0578
Epoch 81: Train Loss = 0.1533, Test Loss = 0.0558
Epoch 82: Train Loss = 0.1562, Test Loss = 0.0542
Epoch 83: Train Loss = 0.1535, Test Loss = 0.0593
Epoch 84: Train Loss = 0.1700, Test Loss = 0.0535
Epoch 85: Train Loss = 0.1601, Test Loss = 0.0578
Epoch 86: Train Loss = 0.1652, Test Loss = 0.0655
Epoch 87: Train Loss = 0.1662, Test Loss = 0.0702
Epoch 88: Train Loss = 0.1540, Test Loss = 0.0553
Epoch 89: Train Loss = 0.1675, Test Loss = 0.0715
Epoch 90: Train Loss = 0.1774, Test Loss = 0.0643
Epoch 91: Train Loss = 0.1642, Test Loss = 0.0562
Epoch 92: Train Loss = 0.1740, Test Loss = 0.0745
Epoch 93: Train Loss = 0.1727, Test Loss = 0.0714
Epoch 94: Train Loss = 0.1683, Test Loss = 0.0515
Epoch 95: Train Loss = 0.1437, Test Loss = 0.0534
Epoch 96: Train Loss = 0.1674, Test Loss = 0.0525
Epoch 97: Train Loss = 0.1540, Test Loss = 0.0522
Epoch 98: Train Loss = 0.1465, Test Loss = 0.0603
Epoch 99: Train Loss = 0.1540, Test Loss = 0.0623
Epoch 100: Train Loss = 0.1528, Test Loss = 0.0520
Epoch 101: Train Loss = 0.1478, Test Loss = 0.0566
Epoch 102: Train Loss = 0.1428, Test Loss = 0.0604
Epoch 103: Train Loss = 0.1799, Test Loss = 0.0640
Epoch 104: Train Loss = 0.1848, Test Loss = 0.0639
Epoch 105: Train Loss = 0.1539, Test Loss = 0.0570
Epoch 106: Train Loss = 0.1484, Test Loss = 0.0555
Epoch 107: Train Loss = 0.1562, Test Loss = 0.0640
Epoch 108: Train Loss = 0.1420, Test Loss = 0.0566
Epoch 109: Train Loss = 0.1376, Test Loss = 0.0491
Epoch 110: Train Loss = 0.1492, Test Loss = 0.0771
Epoch 111: Train Loss = 0.1816, Test Loss = 0.0619
Epoch 112: Train Loss = 0.1568, Test Loss = 0.0648
Epoch 113: Train Loss = 0.1368, Test Loss = 0.0665
Epoch 114: Train Loss = 0.1513, Test Loss = 0.0600
Epoch 115: Train Loss = 0.1412, Test Loss = 0.0634
Epoch 116: Train Loss = 0.1564, Test Loss = 0.0614
Epoch 117: Train Loss = 0.1567, Test Loss = 0.0788
Epoch 118: Train Loss = 0.1713, Test Loss = 0.0693
Epoch 119: Train Loss = 0.1657, Test Loss = 0.0626
Epoch 120: Train Loss = 0.1772, Test Loss = 0.0707
Epoch 121: Train Loss = 0.1562, Test Loss = 0.0520
Epoch 122: Train Loss = 0.1522, Test Loss = 0.0600
Epoch 123: Train Loss = 0.1668, Test Loss = 0.0564
Epoch 124: Train Loss = 0.1610, Test Loss = 0.0521
Epoch 125: Train Loss = 0.1439, Test Loss = 0.0602
Epoch 126: Train Loss = 0.1589, Test Loss = 0.0578
Epoch 127: Train Loss = 0.1482, Test Loss = 0.0551
Epoch 128: Train Loss = 0.1332, Test Loss = 0.0838
Epoch 129: Train Loss = 0.1537, Test Loss = 0.0526
Epoch 130: Train Loss = 0.1460, Test Loss = 0.0625
Epoch 131: Train Loss = 0.1907, Test Loss = 0.1118
Epoch 132: Train Loss = 0.1491, Test Loss = 0.0633
Epoch 133: Train Loss = 0.1744, Test Loss = 0.0514
Epoch 134: Train Loss = 0.1624, Test Loss = 0.0784
Epoch 135: Train Loss = 0.1465, Test Loss = 0.0518
Epoch 136: Train Loss = 0.1394, Test Loss = 0.0512
Epoch 137: Train Loss = 0.1537, Test Loss = 0.0546
Epoch 138: Train Loss = 0.1677, Test Loss = 0.0546
Epoch 139: Train Loss = 0.1415, Test Loss = 0.0528
Epoch 140: Train Loss = 0.1735, Test Loss = 0.0561
Epoch 141: Train Loss = 0.1708, Test Loss = 0.0583
Epoch 142: Train Loss = 0.1602, Test Loss = 2.8088
Epoch 143: Train Loss = 0.1778, Test Loss = 0.0576
Epoch 144: Train Loss = 0.1566, Test Loss = 0.0507
Epoch 145: Train Loss = 0.1543, Test Loss = 0.0792
Epoch 146: Train Loss = 0.1409, Test Loss = 0.0605
Epoch 147: Train Loss = 0.1460, Test Loss = 0.0798
Epoch 148: Train Loss = 0.1379, Test Loss = 0.0625
Epoch 149: Train Loss = 0.1829, Test Loss = 0.0581
Epoch 150: Train Loss = 0.1523, Test Loss = 0.0501
Epoch 151: Train Loss = 0.1660, Test Loss = 0.0549
Epoch 152: Train Loss = 0.1647, Test Loss = 0.0745
Epoch 153: Train Loss = 0.1701, Test Loss = 0.0528
Epoch 154: Train Loss = 0.1521, Test Loss = 0.0637
Epoch 155: Train Loss = 0.1822, Test Loss = 0.0515
Epoch 156: Train Loss = 0.1566, Test Loss = 0.0572
Epoch 157: Train Loss = 0.1500, Test Loss = 0.1485
Epoch 158: Train Loss = 0.1549, Test Loss = 0.0701
Epoch 159: Train Loss = 0.1626, Test Loss = 0.0624
Epoch 160: Train Loss = 0.1557, Test Loss = 0.0644
Epoch 161: Train Loss = 0.1403, Test Loss = 0.0977
Epoch 162: Train Loss = 0.1356, Test Loss = 0.0578
Epoch 163: Train Loss = 0.1252, Test Loss = 0.0484
Epoch 164: Train Loss = 0.1320, Test Loss = 0.0586
Epoch 165: Train Loss = 0.1353, Test Loss = 0.0787
Epoch 166: Train Loss = 0.1542, Test Loss = 0.0636
Epoch 167: Train Loss = 0.1876, Test Loss = 0.0534
Epoch 168: Train Loss = 0.1482, Test Loss = 0.0791
Epoch 169: Train Loss = 0.1311, Test Loss = 0.0941
Epoch 170: Train Loss = 0.1409, Test Loss = 0.0583
Epoch 171: Train Loss = 0.1378, Test Loss = 0.0850
Epoch 172: Train Loss = 0.1393, Test Loss = 0.0858
Epoch 173: Train Loss = 0.1400, Test Loss = 0.0529
Epoch 174: Train Loss = 0.1635, Test Loss = 0.0606
Epoch 175: Train Loss = 0.1518, Test Loss = 0.0536
Epoch 176: Train Loss = 0.1302, Test Loss = 0.0521
Epoch 177: Train Loss = 0.1239, Test Loss = 0.0483
Epoch 178: Train Loss = 0.1555, Test Loss = 0.0537
Epoch 179: Train Loss = 0.1420, Test Loss = 0.0484
Epoch 180: Train Loss = 0.1650, Test Loss = 0.0679
Epoch 181: Train Loss = 0.1640, Test Loss = 0.0636
Epoch 182: Train Loss = 0.1688, Test Loss = 0.0651
Epoch 183: Train Loss = 0.1700, Test Loss = 0.0557
Epoch 184: Train Loss = 0.1334, Test Loss = 0.0555
Epoch 185: Train Loss = 0.1258, Test Loss = 0.0504
Epoch 186: Train Loss = 0.1209, Test Loss = 0.0483
Epoch 187: Train Loss = 0.1204, Test Loss = 0.0483
Epoch 188: Train Loss = 0.1299, Test Loss = 0.0565
Epoch 189: Train Loss = 0.1266, Test Loss = 0.0560
Epoch 190: Train Loss = 0.1481, Test Loss = 0.0612
Epoch 191: Train Loss = 0.1520, Test Loss = 0.0530
Epoch 192: Train Loss = 0.1436, Test Loss = 0.0554
Epoch 193: Train Loss = 0.1993, Test Loss = 0.0588
Epoch 194: Train Loss = 0.1560, Test Loss = 0.0504
Epoch 195: Train Loss = 0.1408, Test Loss = 0.0547
Epoch 196: Train Loss = 0.1220, Test Loss = 0.0486
Epoch 197: Train Loss = 0.1463, Test Loss = 0.0530
Epoch 198: Train Loss = 0.1525, Test Loss = 0.0548
Epoch 199: Train Loss = 0.1738, Test Loss = 0.0636
Epoch 200: Train Loss = 0.1491, Test Loss = 0.0736
Trial completed in 925.87s with error: 0.0736
Trial completed!
