Running on host hal0013.amarel.rutgers.edu
Time is Thu Apr 24 13:11:24 EDT 2025
Directory is /home/elp95/tfa-predictor
SLURM job ID is 43167374
Starting trial...
Running trial with config: {'input_size': 3883, 'output_size': 214, 'hidden_sizes': [512, 256, 128], 'lr': 0.006586289317583112, 'weight_decay': 3.292759134423613e-05, 'batch_size': 64, 'max_epochs': 100}
Using data directory: /cache/home/elp95/tfa-predictor/data
xprs_path: /cache/home/elp95/tfa-predictor/data/gene-xprs/processed/xprs-data.csv
tfa_path: /cache/home/elp95/tfa-predictor/data/tfa/processed/tfa-labels.csv
Epoch 1: Train Loss = 0.5373, Test Loss = 0.2033
Epoch 2: Train Loss = 0.3039, Test Loss = 0.1525
Epoch 3: Train Loss = 0.2534, Test Loss = 0.1225
Epoch 4: Train Loss = 0.2366, Test Loss = 0.1132
Epoch 5: Train Loss = 0.2266, Test Loss = 0.0970
Epoch 6: Train Loss = 0.2301, Test Loss = 0.0989
Epoch 7: Train Loss = 0.2302, Test Loss = 0.0989
Epoch 8: Train Loss = 0.2279, Test Loss = 0.1171
Epoch 9: Train Loss = 0.2204, Test Loss = 0.0944
Epoch 10: Train Loss = 0.2226, Test Loss = 0.1069
Epoch 11: Train Loss = 0.2458, Test Loss = 0.1070
Epoch 12: Train Loss = 0.2205, Test Loss = 0.0930
Epoch 13: Train Loss = 0.2270, Test Loss = 0.0971
Epoch 14: Train Loss = 0.2430, Test Loss = 0.1074
Epoch 15: Train Loss = 0.2264, Test Loss = 0.0905
Epoch 16: Train Loss = 0.2335, Test Loss = 0.0956
Epoch 17: Train Loss = 0.2267, Test Loss = 0.0945
Epoch 18: Train Loss = 0.2212, Test Loss = 0.0886
Epoch 19: Train Loss = 0.2231, Test Loss = 0.1103
Epoch 20: Train Loss = 0.2354, Test Loss = 0.0974
Epoch 21: Train Loss = 0.2376, Test Loss = 0.1003
Epoch 22: Train Loss = 0.2338, Test Loss = 0.0985
Epoch 23: Train Loss = 0.2343, Test Loss = 0.0968
Epoch 24: Train Loss = 0.2310, Test Loss = 0.0953
Epoch 25: Train Loss = 0.2236, Test Loss = 0.1013
Epoch 26: Train Loss = 0.2312, Test Loss = 0.0968
Epoch 27: Train Loss = 0.2227, Test Loss = 0.1006
Epoch 28: Train Loss = 0.2391, Test Loss = 0.1001
Epoch 29: Train Loss = 0.2418, Test Loss = 0.1040
Epoch 30: Train Loss = 0.2439, Test Loss = 0.1014
Epoch 31: Train Loss = 0.2390, Test Loss = 0.1011
Epoch 32: Train Loss = 0.2290, Test Loss = 0.1070
Epoch 33: Train Loss = 0.2322, Test Loss = 0.1083
Epoch 34: Train Loss = 0.2322, Test Loss = 0.2571
Epoch 35: Train Loss = 0.2371, Test Loss = 0.1031
Epoch 36: Train Loss = 0.2300, Test Loss = 0.0976
Epoch 37: Train Loss = 0.2341, Test Loss = 0.1029
Epoch 38: Train Loss = 0.2338, Test Loss = 0.1062
Epoch 39: Train Loss = 0.2361, Test Loss = 0.3088
Epoch 40: Train Loss = 0.2350, Test Loss = 2.3906
Epoch 41: Train Loss = 0.2329, Test Loss = 0.1015
Epoch 42: Train Loss = 0.2320, Test Loss = 0.0960
Epoch 43: Train Loss = 0.2382, Test Loss = 0.1053
Epoch 44: Train Loss = 0.2281, Test Loss = 0.0946
Epoch 45: Train Loss = 0.2306, Test Loss = 0.0955
Epoch 46: Train Loss = 0.2370, Test Loss = 0.1024
Epoch 47: Train Loss = 0.2325, Test Loss = 0.1162
Epoch 48: Train Loss = 0.2310, Test Loss = 0.1143
Epoch 49: Train Loss = 0.2265, Test Loss = 0.0965
Epoch 50: Train Loss = 0.2366, Test Loss = 0.1031
Epoch 51: Train Loss = 0.2355, Test Loss = 0.1005
Epoch 52: Train Loss = 0.2318, Test Loss = 0.1118
Epoch 53: Train Loss = 0.2174, Test Loss = 0.1004
Epoch 54: Train Loss = 0.2290, Test Loss = 0.1071
Epoch 55: Train Loss = 0.2451, Test Loss = 0.1082
Epoch 56: Train Loss = 0.2453, Test Loss = 0.1110
Epoch 57: Train Loss = 0.2478, Test Loss = 0.1071
Epoch 58: Train Loss = 0.2483, Test Loss = 0.1760
Epoch 59: Train Loss = 0.2500, Test Loss = 0.1083
Epoch 60: Train Loss = 0.2573, Test Loss = 0.1189
Epoch 61: Train Loss = 0.2415, Test Loss = 0.1133
Epoch 62: Train Loss = 0.2578, Test Loss = 0.1094
Epoch 63: Train Loss = 0.2398, Test Loss = 0.1084
Epoch 64: Train Loss = 0.2532, Test Loss = 0.1175
Epoch 65: Train Loss = 0.2495, Test Loss = 0.1000
Epoch 66: Train Loss = 0.2370, Test Loss = 0.1059
Epoch 67: Train Loss = 0.2505, Test Loss = 0.2646
Epoch 68: Train Loss = 0.2550, Test Loss = 0.1104
Epoch 69: Train Loss = 0.2412, Test Loss = 0.1090
Epoch 70: Train Loss = 0.2507, Test Loss = 0.1239
Epoch 71: Train Loss = 0.2434, Test Loss = 0.1346
Epoch 72: Train Loss = 0.2431, Test Loss = 0.1065
Epoch 73: Train Loss = 0.2381, Test Loss = 0.1140
Epoch 74: Train Loss = 0.2434, Test Loss = 0.1039
Epoch 75: Train Loss = 0.2374, Test Loss = 1.4184
Epoch 76: Train Loss = 0.2443, Test Loss = 0.4416
Epoch 77: Train Loss = 0.2447, Test Loss = 0.1132
Epoch 78: Train Loss = 0.2500, Test Loss = 0.1069
Epoch 79: Train Loss = 0.2496, Test Loss = 0.1089
Epoch 80: Train Loss = 0.2495, Test Loss = 0.0993
Epoch 81: Train Loss = 0.2309, Test Loss = 0.1033
Epoch 82: Train Loss = 0.2342, Test Loss = 0.9803
Epoch 83: Train Loss = 0.2487, Test Loss = 0.1066
Epoch 84: Train Loss = 0.2362, Test Loss = 0.1052
Epoch 85: Train Loss = 0.2402, Test Loss = 0.1048
Epoch 86: Train Loss = 0.2515, Test Loss = 0.1128
Epoch 87: Train Loss = 0.2403, Test Loss = 0.0995
Epoch 88: Train Loss = 0.2333, Test Loss = 0.1088
Epoch 89: Train Loss = 0.2428, Test Loss = 0.1025
Epoch 90: Train Loss = 0.2406, Test Loss = 0.1028
Epoch 91: Train Loss = 0.2294, Test Loss = 0.1072
Epoch 92: Train Loss = 0.2500, Test Loss = 0.1208
Epoch 93: Train Loss = 0.2440, Test Loss = 0.1085
Epoch 94: Train Loss = 0.2395, Test Loss = 0.1020
Epoch 95: Train Loss = 0.2414, Test Loss = 0.1149
Epoch 96: Train Loss = 0.2436, Test Loss = 0.1025
Epoch 97: Train Loss = 0.2353, Test Loss = 0.0975
Epoch 98: Train Loss = 0.2433, Test Loss = 0.1014
Epoch 99: Train Loss = 0.2465, Test Loss = 0.1093
Epoch 100: Train Loss = 0.2454, Test Loss = 0.1161
Trial completed in 81.33s with error: 0.1161
Trial completed!
