Running on host hal0072.amarel.rutgers.edu
Time is Thu Apr 24 14:47:55 EDT 2025
Directory is /home/elp95/tfa-predictor
SLURM job ID is 43168432
Starting trial...
Running trial with config: {'input_size': 3883, 'output_size': 214, 'hidden_sizes': [4096, 2048, 1024, 512], 'lr': 0.0003033007027452638, 'weight_decay': 7.153547794693157e-06, 'batch_size': 16, 'max_epochs': 150, 'dropout_rate': 0.3047821669899484, 'activation': 'leaky_relu', 'optimizer': 'rmsprop', 'learning_rate_schedule': 'step', 'batch_norm': 'true'}
Using data directory: /cache/home/elp95/tfa-predictor/data
xprs_path: /cache/home/elp95/tfa-predictor/data/gene-xprs/processed/xprs-data.csv
tfa_path: /cache/home/elp95/tfa-predictor/data/tfa/processed/tfa-labels.csv
Epoch 1: Train Loss = 0.4995, Test Loss = 0.1023
Epoch 2: Train Loss = 0.3336, Test Loss = 0.1007
Epoch 3: Train Loss = 0.2846, Test Loss = 0.1002
Epoch 4: Train Loss = 0.2518, Test Loss = 0.0847
Epoch 5: Train Loss = 0.2244, Test Loss = 0.0746
Epoch 6: Train Loss = 0.2107, Test Loss = 0.0901
Epoch 7: Train Loss = 0.1923, Test Loss = 0.0908
Epoch 8: Train Loss = 0.1773, Test Loss = 0.0801
Epoch 9: Train Loss = 0.1724, Test Loss = 0.0882
Epoch 10: Train Loss = 0.1625, Test Loss = 0.0803
Epoch 11: Train Loss = 0.1570, Test Loss = 0.0827
Epoch 12: Train Loss = 0.1502, Test Loss = 0.0711
Epoch 13: Train Loss = 0.1461, Test Loss = 0.0819
Epoch 14: Train Loss = 0.1480, Test Loss = 0.0700
Epoch 15: Train Loss = 0.1464, Test Loss = 0.0728
Epoch 16: Train Loss = 0.1377, Test Loss = 0.0844
Epoch 17: Train Loss = 0.1361, Test Loss = 0.0922
Epoch 18: Train Loss = 0.1379, Test Loss = 0.0671
Epoch 19: Train Loss = 0.1330, Test Loss = 0.0599
Epoch 20: Train Loss = 0.1338, Test Loss = 0.0651
Epoch 21: Train Loss = 0.1303, Test Loss = 0.0730
Epoch 22: Train Loss = 0.1294, Test Loss = 0.0627
Epoch 23: Train Loss = 0.1308, Test Loss = 0.0780
Epoch 24: Train Loss = 0.1283, Test Loss = 0.0771
Epoch 25: Train Loss = 0.1321, Test Loss = 0.0810
Epoch 26: Train Loss = 0.1265, Test Loss = 0.0730
Epoch 27: Train Loss = 0.1271, Test Loss = 0.0682
Epoch 28: Train Loss = 0.1281, Test Loss = 0.0669
Epoch 29: Train Loss = 0.1284, Test Loss = 0.0660
Epoch 30: Train Loss = 0.1285, Test Loss = 0.0690
Epoch 31: Train Loss = 0.1255, Test Loss = 0.0657
Epoch 32: Train Loss = 0.1238, Test Loss = 0.0736
Epoch 33: Train Loss = 0.1248, Test Loss = 0.0806
Epoch 34: Train Loss = 0.1245, Test Loss = 0.0757
Epoch 35: Train Loss = 0.1274, Test Loss = 0.0692
Epoch 36: Train Loss = 0.1254, Test Loss = 0.0693
Epoch 37: Train Loss = 0.1234, Test Loss = 0.0633
Epoch 38: Train Loss = 0.1220, Test Loss = 0.0627
Epoch 39: Train Loss = 0.1216, Test Loss = 0.0745
Epoch 40: Train Loss = 0.1256, Test Loss = 0.0712
Epoch 41: Train Loss = 0.1248, Test Loss = 0.0715
Epoch 42: Train Loss = 0.1214, Test Loss = 0.0703
Epoch 43: Train Loss = 0.1216, Test Loss = 0.0799
Epoch 44: Train Loss = 0.1214, Test Loss = 0.0711
Epoch 45: Train Loss = 0.1202, Test Loss = 0.0791
Epoch 46: Train Loss = 0.1213, Test Loss = 0.0737
Epoch 47: Train Loss = 0.1209, Test Loss = 0.0670
Epoch 48: Train Loss = 0.1220, Test Loss = 0.0684
Epoch 49: Train Loss = 0.1222, Test Loss = 0.0628
Epoch 50: Train Loss = 0.1188, Test Loss = 0.0720
Epoch 51: Train Loss = 0.1219, Test Loss = 0.0758
Epoch 52: Train Loss = 0.1202, Test Loss = 0.0626
Epoch 53: Train Loss = 0.1215, Test Loss = 0.0668
Epoch 54: Train Loss = 0.1177, Test Loss = 0.0723
Epoch 55: Train Loss = 0.1206, Test Loss = 0.0678
Epoch 56: Train Loss = 0.1192, Test Loss = 0.0668
Epoch 57: Train Loss = 0.1173, Test Loss = 0.0723
Epoch 58: Train Loss = 0.1188, Test Loss = 0.0647
Epoch 59: Train Loss = 0.1191, Test Loss = 0.0717
Epoch 60: Train Loss = 0.1179, Test Loss = 0.0756
Epoch 61: Train Loss = 0.1197, Test Loss = 0.0777
Epoch 62: Train Loss = 0.1191, Test Loss = 0.0713
Epoch 63: Train Loss = 0.1184, Test Loss = 0.0677
Epoch 64: Train Loss = 0.1183, Test Loss = 0.0696
Epoch 65: Train Loss = 0.1199, Test Loss = 0.0608
Epoch 66: Train Loss = 0.1195, Test Loss = 0.0713
Epoch 67: Train Loss = 0.1173, Test Loss = 0.0661
Epoch 68: Train Loss = 0.1183, Test Loss = 0.0691
Epoch 69: Train Loss = 0.1192, Test Loss = 0.0649
Epoch 70: Train Loss = 0.1206, Test Loss = 0.0715
Epoch 71: Train Loss = 0.1172, Test Loss = 0.0710
Epoch 72: Train Loss = 0.1150, Test Loss = 0.0718
Epoch 73: Train Loss = 0.1183, Test Loss = 0.0650
Epoch 74: Train Loss = 0.1166, Test Loss = 0.0592
Epoch 75: Train Loss = 0.1179, Test Loss = 0.0599
Epoch 76: Train Loss = 0.1170, Test Loss = 0.0704
Epoch 77: Train Loss = 0.1202, Test Loss = 0.0671
Epoch 78: Train Loss = 0.1183, Test Loss = 0.0657
Epoch 79: Train Loss = 0.1160, Test Loss = 0.0663
Epoch 80: Train Loss = 0.1148, Test Loss = 0.0651
Epoch 81: Train Loss = 0.1171, Test Loss = 0.0689
Epoch 82: Train Loss = 0.1172, Test Loss = 0.0662
Epoch 83: Train Loss = 0.1165, Test Loss = 0.0762
Epoch 84: Train Loss = 0.1162, Test Loss = 0.0556
Epoch 85: Train Loss = 0.1177, Test Loss = 0.0665
Epoch 86: Train Loss = 0.1150, Test Loss = 0.0752
Epoch 87: Train Loss = 0.1150, Test Loss = 0.0813
Epoch 88: Train Loss = 0.1165, Test Loss = 0.0748
Epoch 89: Train Loss = 0.1139, Test Loss = 0.0651
Epoch 90: Train Loss = 0.1148, Test Loss = 0.0668
Epoch 91: Train Loss = 0.1149, Test Loss = 0.0674
Epoch 92: Train Loss = 0.1166, Test Loss = 0.0719
Epoch 93: Train Loss = 0.1153, Test Loss = 0.0707
Epoch 94: Train Loss = 0.1157, Test Loss = 0.0694
Epoch 95: Train Loss = 0.1135, Test Loss = 0.0720
Epoch 96: Train Loss = 0.1126, Test Loss = 0.0658
Epoch 97: Train Loss = 0.1144, Test Loss = 0.0570
Epoch 98: Train Loss = 0.1147, Test Loss = 0.0639
Epoch 99: Train Loss = 0.1154, Test Loss = 0.0637
Epoch 100: Train Loss = 0.1154, Test Loss = 0.0666
Epoch 101: Train Loss = 0.1120, Test Loss = 0.0828
Epoch 102: Train Loss = 0.1159, Test Loss = 0.0721
Epoch 103: Train Loss = 0.1121, Test Loss = 0.0582
Epoch 104: Train Loss = 0.1126, Test Loss = 0.0651
Epoch 105: Train Loss = 0.1125, Test Loss = 0.0701
Epoch 106: Train Loss = 0.1150, Test Loss = 0.0673
Epoch 107: Train Loss = 0.1162, Test Loss = 0.0679
Epoch 108: Train Loss = 0.1157, Test Loss = 0.0727
Epoch 109: Train Loss = 0.1144, Test Loss = 0.0699
Epoch 110: Train Loss = 0.1118, Test Loss = 0.0679
Epoch 111: Train Loss = 0.1128, Test Loss = 0.0641
Epoch 112: Train Loss = 0.1139, Test Loss = 0.0723
Epoch 113: Train Loss = 0.1156, Test Loss = 0.0686
Epoch 114: Train Loss = 0.1140, Test Loss = 0.0722
Epoch 115: Train Loss = 0.1152, Test Loss = 0.0675
Epoch 116: Train Loss = 0.1131, Test Loss = 0.0803
Epoch 117: Train Loss = 0.1127, Test Loss = 0.0643
Epoch 118: Train Loss = 0.1130, Test Loss = 0.0646
Epoch 119: Train Loss = 0.1142, Test Loss = 0.0724
Epoch 120: Train Loss = 0.1112, Test Loss = 0.0732
Epoch 121: Train Loss = 0.1129, Test Loss = 0.0678
Epoch 122: Train Loss = 0.1136, Test Loss = 0.0778
Epoch 123: Train Loss = 0.1132, Test Loss = 0.0677
Epoch 124: Train Loss = 0.1119, Test Loss = 0.0656
Epoch 125: Train Loss = 0.1135, Test Loss = 0.0692
Epoch 126: Train Loss = 0.1145, Test Loss = 0.0700
Epoch 127: Train Loss = 0.1130, Test Loss = 0.0638
Epoch 128: Train Loss = 0.1126, Test Loss = 0.0749
Epoch 129: Train Loss = 0.1131, Test Loss = 0.0680
Epoch 130: Train Loss = 0.1129, Test Loss = 0.0649
Epoch 131: Train Loss = 0.1124, Test Loss = 0.0670
Epoch 132: Train Loss = 0.1107, Test Loss = 0.0694
Epoch 133: Train Loss = 0.1117, Test Loss = 0.0661
Epoch 134: Train Loss = 0.1110, Test Loss = 0.0735
Epoch 135: Train Loss = 0.1120, Test Loss = 0.0766
Epoch 136: Train Loss = 0.1133, Test Loss = 0.0660
Epoch 137: Train Loss = 0.1123, Test Loss = 0.0649
Epoch 138: Train Loss = 0.1111, Test Loss = 0.0693
Epoch 139: Train Loss = 0.1120, Test Loss = 0.0615
Epoch 140: Train Loss = 0.1102, Test Loss = 0.0636
Epoch 141: Train Loss = 0.1128, Test Loss = 0.0620
Epoch 142: Train Loss = 0.1126, Test Loss = 0.0716
Epoch 143: Train Loss = 0.1124, Test Loss = 0.0641
Epoch 144: Train Loss = 0.1110, Test Loss = 0.0654
Epoch 145: Train Loss = 0.1112, Test Loss = 0.0653
Epoch 146: Train Loss = 0.1119, Test Loss = 0.0610
Epoch 147: Train Loss = 0.1113, Test Loss = 0.0673
Epoch 148: Train Loss = 0.1119, Test Loss = 0.0639
Epoch 149: Train Loss = 0.1134, Test Loss = 0.0620
Epoch 150: Train Loss = 0.1102, Test Loss = 0.0686
Trial completed in 2526.50s with error: 0.0686
Trial completed!
