Running on host hal0056.amarel.rutgers.edu
Time is Thu Apr 24 15:00:49 EDT 2025
Directory is /home/elp95/tfa-predictor
SLURM job ID is 43168537
Starting trial...
Running trial with config: {'input_size': 3883, 'output_size': 214, 'hidden_sizes': [4096, 2048, 1024], 'lr': 0.015989648982940332, 'weight_decay': 0.0003220626495993124, 'batch_size': 16, 'max_epochs': 200, 'dropout_rate': 0.20447647220713494, 'activation': 'leaky_relu', 'optimizer': 'adamw', 'learning_rate_schedule': 'none', 'batch_norm': 'true'}
Using data directory: /cache/home/elp95/tfa-predictor/data
xprs_path: /cache/home/elp95/tfa-predictor/data/gene-xprs/processed/xprs-data.csv
tfa_path: /cache/home/elp95/tfa-predictor/data/tfa/processed/tfa-labels.csv
Epoch 1: Train Loss = 2.0394, Test Loss = 0.5291
Epoch 2: Train Loss = 0.6454, Test Loss = 0.3353
Epoch 3: Train Loss = 0.4297, Test Loss = 0.3366
Epoch 4: Train Loss = 0.3535, Test Loss = 0.3333
Epoch 5: Train Loss = 0.3516, Test Loss = 0.4002
Epoch 6: Train Loss = 0.3637, Test Loss = 0.3388
Epoch 7: Train Loss = 0.3656, Test Loss = 0.3526
Epoch 8: Train Loss = 0.3625, Test Loss = 0.5705
Epoch 9: Train Loss = 0.3567, Test Loss = 0.3418
Epoch 10: Train Loss = 0.3878, Test Loss = 0.3321
Epoch 11: Train Loss = 0.3746, Test Loss = 0.3995
Epoch 12: Train Loss = 0.3835, Test Loss = 0.3336
Epoch 13: Train Loss = 0.4035, Test Loss = 0.4408
Epoch 14: Train Loss = 0.3914, Test Loss = 0.3453
Epoch 15: Train Loss = 0.3845, Test Loss = 0.3140
Epoch 16: Train Loss = 0.3883, Test Loss = 0.6395
Epoch 17: Train Loss = 0.4170, Test Loss = 0.3698
Epoch 18: Train Loss = 0.3942, Test Loss = 0.3203
Epoch 19: Train Loss = 0.4085, Test Loss = 0.3864
Epoch 20: Train Loss = 0.4179, Test Loss = 0.6721
Epoch 21: Train Loss = 0.3958, Test Loss = 0.3742
Epoch 22: Train Loss = 0.3936, Test Loss = 3918.3997
Epoch 23: Train Loss = 0.3914, Test Loss = 0.3476
Epoch 24: Train Loss = 0.3907, Test Loss = 0.3387
Epoch 25: Train Loss = 0.4022, Test Loss = 0.3761
Epoch 26: Train Loss = 0.4154, Test Loss = 1.1231
Epoch 27: Train Loss = 0.4167, Test Loss = 7.7686
Epoch 28: Train Loss = 0.4370, Test Loss = 0.3751
Epoch 29: Train Loss = 0.4176, Test Loss = 0.2935
Epoch 30: Train Loss = 0.4185, Test Loss = 14.2745
Epoch 31: Train Loss = 0.4300, Test Loss = 0.3597
Epoch 32: Train Loss = 0.4441, Test Loss = 0.4225
Epoch 33: Train Loss = 0.4105, Test Loss = 0.2724
Epoch 34: Train Loss = 0.4076, Test Loss = 4.9481
Epoch 35: Train Loss = 0.4503, Test Loss = 0.9922
Epoch 36: Train Loss = 0.4303, Test Loss = 0.3887
Epoch 37: Train Loss = 0.4333, Test Loss = 0.3444
Epoch 38: Train Loss = 0.4113, Test Loss = 0.2794
Epoch 39: Train Loss = 0.4236, Test Loss = 0.3195
Epoch 40: Train Loss = 0.4030, Test Loss = 0.2667
Epoch 41: Train Loss = 0.4020, Test Loss = 0.3371
Epoch 42: Train Loss = 0.4086, Test Loss = 0.3780
Epoch 43: Train Loss = 0.4389, Test Loss = 23.9507
Epoch 44: Train Loss = 0.4159, Test Loss = 0.5531
Epoch 45: Train Loss = 0.4115, Test Loss = 0.6341
Epoch 46: Train Loss = 0.4372, Test Loss = 139.5119
Epoch 47: Train Loss = 0.4320, Test Loss = 1.6218
Epoch 48: Train Loss = 0.4114, Test Loss = 0.3387
Epoch 49: Train Loss = 0.4029, Test Loss = 0.2414
Epoch 50: Train Loss = 0.4069, Test Loss = 0.2101
Epoch 51: Train Loss = 0.4063, Test Loss = 0.3992
Epoch 52: Train Loss = 0.4144, Test Loss = 0.9722
Epoch 53: Train Loss = 0.4246, Test Loss = 0.3121
Epoch 54: Train Loss = 0.4282, Test Loss = 2.0891
Epoch 55: Train Loss = 0.4703, Test Loss = 0.4202
Epoch 56: Train Loss = 0.4350, Test Loss = 0.4587
Epoch 57: Train Loss = 0.4281, Test Loss = 58.4153
Epoch 58: Train Loss = 0.4522, Test Loss = 1640.8227
Epoch 59: Train Loss = 0.3931, Test Loss = 0.4313
Epoch 60: Train Loss = 0.3899, Test Loss = 0.3026
Epoch 61: Train Loss = 0.3872, Test Loss = 0.2674
Epoch 62: Train Loss = 0.3879, Test Loss = 4.6732
Epoch 63: Train Loss = 0.4044, Test Loss = 0.7357
Epoch 64: Train Loss = 0.4118, Test Loss = 1.3105
Epoch 65: Train Loss = 0.3962, Test Loss = 0.2934
Epoch 66: Train Loss = 0.3878, Test Loss = 0.3070
Epoch 67: Train Loss = 0.3842, Test Loss = 0.2760
Epoch 68: Train Loss = 0.3832, Test Loss = 0.3223
Epoch 69: Train Loss = 0.3837, Test Loss = 0.2312
Epoch 70: Train Loss = 0.3815, Test Loss = 0.2981
Epoch 71: Train Loss = 0.3995, Test Loss = 0.4504
Epoch 72: Train Loss = 0.4045, Test Loss = 0.2538
Epoch 73: Train Loss = 0.4278, Test Loss = 0.4402
Epoch 74: Train Loss = 0.4397, Test Loss = 0.4339
Epoch 75: Train Loss = 0.4051, Test Loss = 0.3332
Epoch 76: Train Loss = 0.4000, Test Loss = 0.3455
Epoch 77: Train Loss = 0.4036, Test Loss = 0.2970
Epoch 78: Train Loss = 0.3906, Test Loss = 0.3387
Epoch 79: Train Loss = 0.4012, Test Loss = 0.6993
Epoch 80: Train Loss = 0.4142, Test Loss = 0.3010
Epoch 81: Train Loss = 0.4199, Test Loss = 1.0962
Epoch 82: Train Loss = 0.4242, Test Loss = 0.5712
Epoch 83: Train Loss = 0.4552, Test Loss = 3.8849
Epoch 84: Train Loss = 0.4127, Test Loss = 0.3582
Epoch 85: Train Loss = 0.4108, Test Loss = 0.3617
Epoch 86: Train Loss = 0.4123, Test Loss = 0.3466
Epoch 87: Train Loss = 0.4272, Test Loss = 0.4000
Epoch 88: Train Loss = 0.4192, Test Loss = 7.0267
Epoch 89: Train Loss = 0.4075, Test Loss = 64.3398
Epoch 90: Train Loss = 0.4204, Test Loss = 0.5448
Epoch 91: Train Loss = 0.4366, Test Loss = 0.4047
Epoch 92: Train Loss = 0.4163, Test Loss = 0.2633
Epoch 93: Train Loss = 0.4035, Test Loss = 0.3807
Epoch 94: Train Loss = 0.4199, Test Loss = 0.3269
Epoch 95: Train Loss = 0.4230, Test Loss = 0.3561
Epoch 96: Train Loss = 0.4073, Test Loss = 0.2465
Epoch 97: Train Loss = 0.4244, Test Loss = 0.4701
Epoch 98: Train Loss = 0.4211, Test Loss = 0.4683
Epoch 99: Train Loss = 0.4276, Test Loss = 0.6298
Epoch 100: Train Loss = 0.4721, Test Loss = 7.7550
Epoch 101: Train Loss = 0.4295, Test Loss = 0.3991
Epoch 102: Train Loss = 0.4044, Test Loss = 0.2403
Epoch 103: Train Loss = 0.4119, Test Loss = 0.2783
Epoch 104: Train Loss = 0.4133, Test Loss = 0.3424
Epoch 105: Train Loss = 0.3946, Test Loss = 0.3111
Epoch 106: Train Loss = 0.4007, Test Loss = 0.4986
Epoch 107: Train Loss = 0.4238, Test Loss = 0.4803
Epoch 108: Train Loss = 0.3955, Test Loss = 0.3178
Epoch 109: Train Loss = 0.3951, Test Loss = 5.5358
Epoch 110: Train Loss = 0.4104, Test Loss = 0.4945
Epoch 111: Train Loss = 0.4026, Test Loss = 0.8472
Epoch 112: Train Loss = 0.4201, Test Loss = 0.3759
Epoch 113: Train Loss = 0.4346, Test Loss = 1.7143
Epoch 114: Train Loss = 0.4302, Test Loss = 91.7679
Epoch 115: Train Loss = 0.4240, Test Loss = 0.4175
Epoch 116: Train Loss = 0.4107, Test Loss = 0.4720
Epoch 117: Train Loss = 0.4250, Test Loss = 0.8707
Epoch 118: Train Loss = 0.4149, Test Loss = 0.3013
Epoch 119: Train Loss = 0.4324, Test Loss = 0.3398
Epoch 120: Train Loss = 0.4156, Test Loss = 5.5339
Epoch 121: Train Loss = 0.4197, Test Loss = 0.3185
Epoch 122: Train Loss = 0.4063, Test Loss = 1.1510
Epoch 123: Train Loss = 0.4034, Test Loss = 0.3037
Epoch 124: Train Loss = 0.4145, Test Loss = 0.2966
Epoch 125: Train Loss = 0.4496, Test Loss = 0.3492
Epoch 126: Train Loss = 0.4093, Test Loss = 0.4120
Epoch 127: Train Loss = 0.4305, Test Loss = 43.3136
Epoch 128: Train Loss = 0.4055, Test Loss = 0.3200
Epoch 129: Train Loss = 0.4013, Test Loss = 0.3120
Epoch 130: Train Loss = 0.4186, Test Loss = 0.4408
Epoch 131: Train Loss = 0.4175, Test Loss = 0.6569
Epoch 132: Train Loss = 0.4562, Test Loss = 0.4431
Epoch 133: Train Loss = 0.4364, Test Loss = 0.3765
Epoch 134: Train Loss = 0.4430, Test Loss = 0.3359
Epoch 135: Train Loss = 0.4120, Test Loss = 0.5843
Epoch 136: Train Loss = 0.4248, Test Loss = 0.3552
Epoch 137: Train Loss = 0.4118, Test Loss = 0.6157
Epoch 138: Train Loss = 0.4227, Test Loss = 0.3398
Epoch 139: Train Loss = 0.4371, Test Loss = 0.5144
Epoch 140: Train Loss = 0.4214, Test Loss = 0.4742
Epoch 141: Train Loss = 0.4190, Test Loss = 0.3260
Epoch 142: Train Loss = 0.4229, Test Loss = 0.3851
Epoch 143: Train Loss = 0.4070, Test Loss = 0.2375
Epoch 144: Train Loss = 0.3973, Test Loss = 0.2271
Epoch 145: Train Loss = 0.4012, Test Loss = 0.3926
Epoch 146: Train Loss = 0.3952, Test Loss = 0.4719
Epoch 147: Train Loss = 0.4172, Test Loss = 0.3055
Epoch 148: Train Loss = 0.4476, Test Loss = 0.5156
Epoch 149: Train Loss = 0.4184, Test Loss = 0.4254
Epoch 150: Train Loss = 0.3962, Test Loss = 0.3925
Epoch 151: Train Loss = 0.4187, Test Loss = 0.2743
Epoch 152: Train Loss = 0.4285, Test Loss = 0.6612
Epoch 153: Train Loss = 0.4045, Test Loss = 0.2687
Epoch 154: Train Loss = 0.3892, Test Loss = 0.2673
Epoch 155: Train Loss = 0.4295, Test Loss = 0.4955
Epoch 156: Train Loss = 0.4215, Test Loss = 0.3066
Epoch 157: Train Loss = 0.4213, Test Loss = 190.4683
Epoch 158: Train Loss = 0.4152, Test Loss = 0.3143
Epoch 159: Train Loss = 0.4008, Test Loss = 0.3633
Epoch 160: Train Loss = 0.3890, Test Loss = 0.2174
Epoch 161: Train Loss = 0.4015, Test Loss = 0.2626
Epoch 162: Train Loss = 0.4042, Test Loss = 0.3932
Epoch 163: Train Loss = 0.4527, Test Loss = 0.4700
Epoch 164: Train Loss = 0.4401, Test Loss = 473.6864
Epoch 165: Train Loss = 0.4261, Test Loss = 0.3136
Epoch 166: Train Loss = 0.4475, Test Loss = 45.2612
Epoch 167: Train Loss = 0.4114, Test Loss = 0.3506
Epoch 168: Train Loss = 0.4154, Test Loss = 0.3661
Epoch 169: Train Loss = 0.3946, Test Loss = 0.4021
Epoch 170: Train Loss = 0.4139, Test Loss = 11.0572
Epoch 171: Train Loss = 0.4055, Test Loss = 110.9597
Epoch 172: Train Loss = 0.4200, Test Loss = 0.8308
Epoch 173: Train Loss = 0.4236, Test Loss = 7858.4526
Epoch 174: Train Loss = 0.4319, Test Loss = 145.8846
Epoch 175: Train Loss = 0.4149, Test Loss = 0.3202
Epoch 176: Train Loss = 0.4065, Test Loss = 0.6766
Epoch 177: Train Loss = 0.3944, Test Loss = 0.2995
Epoch 178: Train Loss = 0.3932, Test Loss = 0.3051
Epoch 179: Train Loss = 0.3953, Test Loss = 0.3284
Epoch 180: Train Loss = 0.4187, Test Loss = 0.5113
Epoch 181: Train Loss = 0.4312, Test Loss = 0.3221
Epoch 182: Train Loss = 0.4162, Test Loss = 0.5828
Epoch 183: Train Loss = 0.3962, Test Loss = 0.3031
Epoch 184: Train Loss = 0.4085, Test Loss = 0.2911
Epoch 185: Train Loss = 0.3941, Test Loss = 0.2199
Epoch 186: Train Loss = 0.4003, Test Loss = 0.2755
Epoch 187: Train Loss = 0.3973, Test Loss = 0.2309
Epoch 188: Train Loss = 0.4000, Test Loss = 0.3021
Epoch 189: Train Loss = 0.4169, Test Loss = 1.0541
Epoch 190: Train Loss = 0.4314, Test Loss = 0.3400
Epoch 191: Train Loss = 0.4144, Test Loss = 0.3724
Epoch 192: Train Loss = 0.4107, Test Loss = 0.5448
Epoch 193: Train Loss = 0.4302, Test Loss = 0.3887
Epoch 194: Train Loss = 0.4380, Test Loss = 0.3634
Epoch 195: Train Loss = 0.4231, Test Loss = 0.2202
Epoch 196: Train Loss = 0.4051, Test Loss = 0.2398
Epoch 197: Train Loss = 0.4401, Test Loss = 0.4081
Epoch 198: Train Loss = 0.4632, Test Loss = 3.1762
Epoch 199: Train Loss = 0.4279, Test Loss = 0.3434
Epoch 200: Train Loss = 0.4283, Test Loss = 0.8412
Trial completed in 3396.63s with error: 0.8412
Trial completed!
