Running on host hal0029.amarel.rutgers.edu
Time is Thu Apr 24 15:38:25 EDT 2025
Directory is /home/elp95/tfa-predictor
SLURM job ID is 43169385
Starting trial...
Running trial with config: {'input_size': 3883, 'output_size': 214, 'hidden_sizes': [3072, 1536, 768, 384], 'lr': 0.0017911147314908884, 'weight_decay': 0.0009094335831625782, 'batch_size': 32, 'max_epochs': 200, 'dropout_rate': 0.1844568197848862, 'activation': 'selu', 'optimizer': 'adamw', 'learning_rate_schedule': 'none', 'batch_norm': 'false'}
Using data directory: /cache/home/elp95/tfa-predictor/data
xprs_path: /cache/home/elp95/tfa-predictor/data/gene-xprs/processed/xprs-data.csv
tfa_path: /cache/home/elp95/tfa-predictor/data/tfa/processed/tfa-labels.csv
Epoch 1: Train Loss = 0.4243, Test Loss = 0.1686
Epoch 2: Train Loss = 0.2583, Test Loss = 0.1328
Epoch 3: Train Loss = 0.2241, Test Loss = 0.1387
Epoch 4: Train Loss = 0.2187, Test Loss = 0.1590
Epoch 5: Train Loss = 0.2155, Test Loss = 0.1659
Epoch 6: Train Loss = 0.2124, Test Loss = 0.1886
Epoch 7: Train Loss = 0.2151, Test Loss = 0.1602
Epoch 8: Train Loss = 0.2088, Test Loss = 0.1390
Epoch 9: Train Loss = 0.2085, Test Loss = 0.1441
Epoch 10: Train Loss = 0.2115, Test Loss = 0.1269
Epoch 11: Train Loss = 0.2037, Test Loss = 0.1641
Epoch 12: Train Loss = 0.2132, Test Loss = 0.1256
Epoch 13: Train Loss = 0.2024, Test Loss = 0.1147
Epoch 14: Train Loss = 0.2045, Test Loss = 0.1436
Epoch 15: Train Loss = 0.2047, Test Loss = 0.1102
Epoch 16: Train Loss = 0.2048, Test Loss = 0.1191
Epoch 17: Train Loss = 0.1978, Test Loss = 0.1308
Epoch 18: Train Loss = 0.2065, Test Loss = 0.1144
Epoch 19: Train Loss = 0.2043, Test Loss = 0.1270
Epoch 20: Train Loss = 0.2017, Test Loss = 0.0990
Epoch 21: Train Loss = 0.2069, Test Loss = 0.1155
Epoch 22: Train Loss = 0.2054, Test Loss = 0.1210
Epoch 23: Train Loss = 0.2016, Test Loss = 0.1091
Epoch 24: Train Loss = 0.2047, Test Loss = 0.0987
Epoch 25: Train Loss = 0.1956, Test Loss = 0.1113
Epoch 26: Train Loss = 0.2021, Test Loss = 0.1020
Epoch 27: Train Loss = 0.2024, Test Loss = 0.1133
Epoch 28: Train Loss = 0.2011, Test Loss = 0.0954
Epoch 29: Train Loss = 0.1962, Test Loss = 0.1133
Epoch 30: Train Loss = 0.2034, Test Loss = 0.1107
Epoch 31: Train Loss = 0.2000, Test Loss = 0.1023
Epoch 32: Train Loss = 0.1918, Test Loss = 0.0920
Epoch 33: Train Loss = 0.1987, Test Loss = 0.1290
Epoch 34: Train Loss = 0.2041, Test Loss = 0.1188
Epoch 35: Train Loss = 0.1962, Test Loss = 0.1088
Epoch 36: Train Loss = 0.1926, Test Loss = 0.1120
Epoch 37: Train Loss = 0.2022, Test Loss = 0.0928
Epoch 38: Train Loss = 0.1975, Test Loss = 0.1133
Epoch 39: Train Loss = 0.1957, Test Loss = 0.1069
Epoch 40: Train Loss = 0.1976, Test Loss = 0.1245
Epoch 41: Train Loss = 0.1984, Test Loss = 0.1059
Epoch 42: Train Loss = 0.1970, Test Loss = 0.0916
Epoch 43: Train Loss = 0.1954, Test Loss = 0.1076
Epoch 44: Train Loss = 0.2037, Test Loss = 0.0932
Epoch 45: Train Loss = 0.1957, Test Loss = 0.1058
Epoch 46: Train Loss = 0.1992, Test Loss = 0.1172
Epoch 47: Train Loss = 0.1911, Test Loss = 0.1051
Epoch 48: Train Loss = 0.1899, Test Loss = 0.1127
Epoch 49: Train Loss = 0.1950, Test Loss = 0.1020
Epoch 50: Train Loss = 0.1995, Test Loss = 0.1041
Epoch 51: Train Loss = 0.1921, Test Loss = 0.0925
Epoch 52: Train Loss = 0.1960, Test Loss = 0.1167
Epoch 53: Train Loss = 0.1916, Test Loss = 0.0970
Epoch 54: Train Loss = 0.1962, Test Loss = 0.0945
Epoch 55: Train Loss = 0.1951, Test Loss = 0.1085
Epoch 56: Train Loss = 0.1974, Test Loss = 0.0907
Epoch 57: Train Loss = 0.1965, Test Loss = 0.1100
Epoch 58: Train Loss = 0.1991, Test Loss = 0.0960
Epoch 59: Train Loss = 0.1934, Test Loss = 0.1074
Epoch 60: Train Loss = 0.2003, Test Loss = 0.1054
Epoch 61: Train Loss = 0.2017, Test Loss = 0.1127
Epoch 62: Train Loss = 0.1994, Test Loss = 0.0975
Epoch 63: Train Loss = 0.1954, Test Loss = 0.1148
Epoch 64: Train Loss = 0.1965, Test Loss = 0.0902
Epoch 65: Train Loss = 0.1940, Test Loss = 0.1044
Epoch 66: Train Loss = 0.1952, Test Loss = 0.0869
Epoch 67: Train Loss = 0.1917, Test Loss = 0.1117
Epoch 68: Train Loss = 0.2020, Test Loss = 0.1053
Epoch 69: Train Loss = 0.1961, Test Loss = 0.1280
Epoch 70: Train Loss = 0.1973, Test Loss = 0.1083
Epoch 71: Train Loss = 0.1918, Test Loss = 0.1066
Epoch 72: Train Loss = 0.1921, Test Loss = 0.1033
Epoch 73: Train Loss = 0.2018, Test Loss = 0.1148
Epoch 74: Train Loss = 0.1979, Test Loss = 0.1065
Epoch 75: Train Loss = 0.1902, Test Loss = 0.0909
Epoch 76: Train Loss = 0.1952, Test Loss = 0.0960
Epoch 77: Train Loss = 0.1927, Test Loss = 0.1158
Epoch 78: Train Loss = 0.1932, Test Loss = 0.1061
Epoch 79: Train Loss = 0.1971, Test Loss = 0.0871
Epoch 80: Train Loss = 0.1984, Test Loss = 0.0962
Epoch 81: Train Loss = 0.1886, Test Loss = 0.1040
Epoch 82: Train Loss = 0.1957, Test Loss = 0.1210
Epoch 83: Train Loss = 0.1973, Test Loss = 0.0958
Epoch 84: Train Loss = 0.1926, Test Loss = 0.0964
Epoch 85: Train Loss = 0.1929, Test Loss = 0.0974
Epoch 86: Train Loss = 0.1925, Test Loss = 0.1034
Epoch 87: Train Loss = 0.2003, Test Loss = 0.0830
Epoch 88: Train Loss = 0.1928, Test Loss = 0.0949
Epoch 89: Train Loss = 0.1928, Test Loss = 0.0826
Epoch 90: Train Loss = 0.1976, Test Loss = 0.1054
Epoch 91: Train Loss = 0.1884, Test Loss = 0.1073
Epoch 92: Train Loss = 0.2006, Test Loss = 0.0966
Epoch 93: Train Loss = 0.1868, Test Loss = 0.0890
Epoch 94: Train Loss = 0.1916, Test Loss = 0.1190
Epoch 95: Train Loss = 0.1963, Test Loss = 0.1043
Epoch 96: Train Loss = 0.1947, Test Loss = 0.0896
Epoch 97: Train Loss = 0.1900, Test Loss = 0.0969
Epoch 98: Train Loss = 0.1994, Test Loss = 0.1015
Epoch 99: Train Loss = 0.1915, Test Loss = 0.0929
Epoch 100: Train Loss = 0.1912, Test Loss = 0.0926
Epoch 101: Train Loss = 0.1988, Test Loss = 0.0944
Epoch 102: Train Loss = 0.1902, Test Loss = 0.1303
Epoch 103: Train Loss = 0.1898, Test Loss = 0.1046
Epoch 104: Train Loss = 0.1941, Test Loss = 0.0985
Epoch 105: Train Loss = 0.1966, Test Loss = 0.0919
Epoch 106: Train Loss = 0.1988, Test Loss = 0.0871
Epoch 107: Train Loss = 0.1913, Test Loss = 0.1102
Epoch 108: Train Loss = 0.1966, Test Loss = 0.0962
Epoch 109: Train Loss = 0.1928, Test Loss = 0.1176
Epoch 110: Train Loss = 0.1985, Test Loss = 0.0983
Epoch 111: Train Loss = 0.1882, Test Loss = 0.0979
Epoch 112: Train Loss = 0.1908, Test Loss = 0.1003
Epoch 113: Train Loss = 0.1939, Test Loss = 0.0935
Epoch 114: Train Loss = 0.1944, Test Loss = 0.0889
Epoch 115: Train Loss = 0.2009, Test Loss = 0.1071
Epoch 116: Train Loss = 0.1904, Test Loss = 0.0882
Epoch 117: Train Loss = 0.1971, Test Loss = 0.0994
Epoch 118: Train Loss = 0.1921, Test Loss = 0.1040
Epoch 119: Train Loss = 0.1925, Test Loss = 0.0867
Epoch 120: Train Loss = 0.1906, Test Loss = 0.1035
Epoch 121: Train Loss = 0.1967, Test Loss = 0.0949
Epoch 122: Train Loss = 0.1951, Test Loss = 0.1268
Epoch 123: Train Loss = 0.1942, Test Loss = 0.1279
Epoch 124: Train Loss = 0.2006, Test Loss = 0.1165
Epoch 125: Train Loss = 0.1935, Test Loss = 0.0957
Epoch 126: Train Loss = 0.1912, Test Loss = 0.0972
Epoch 127: Train Loss = 0.1890, Test Loss = 0.1003
Epoch 128: Train Loss = 0.1867, Test Loss = 0.1086
Epoch 129: Train Loss = 0.1961, Test Loss = 0.1085
Epoch 130: Train Loss = 0.1867, Test Loss = 0.0967
Epoch 131: Train Loss = 0.1981, Test Loss = 0.1133
Epoch 132: Train Loss = 0.1935, Test Loss = 0.1005
Epoch 133: Train Loss = 0.1941, Test Loss = 0.1081
Epoch 134: Train Loss = 0.1931, Test Loss = 0.1050
Epoch 135: Train Loss = 0.1928, Test Loss = 0.1120
Epoch 136: Train Loss = 0.1877, Test Loss = 0.1266
Epoch 137: Train Loss = 0.1966, Test Loss = 0.0965
Epoch 138: Train Loss = 0.1895, Test Loss = 0.1283
Epoch 139: Train Loss = 0.1905, Test Loss = 0.1048
Epoch 140: Train Loss = 0.1959, Test Loss = 0.0957
Epoch 141: Train Loss = 0.1995, Test Loss = 0.1129
Epoch 142: Train Loss = 0.1865, Test Loss = 0.1053
Epoch 143: Train Loss = 0.1977, Test Loss = 0.1093
Epoch 144: Train Loss = 0.1930, Test Loss = 0.1079
Epoch 145: Train Loss = 0.1910, Test Loss = 0.0944
Epoch 146: Train Loss = 0.1882, Test Loss = 0.0928
Epoch 147: Train Loss = 0.1990, Test Loss = 0.1084
Epoch 148: Train Loss = 0.1932, Test Loss = 0.0989
Epoch 149: Train Loss = 0.1903, Test Loss = 0.1336
Epoch 150: Train Loss = 0.1927, Test Loss = 0.0975
Epoch 151: Train Loss = 0.1846, Test Loss = 0.1128
Epoch 152: Train Loss = 0.1938, Test Loss = 0.0893
Epoch 153: Train Loss = 0.1971, Test Loss = 0.1006
Epoch 154: Train Loss = 0.1855, Test Loss = 0.1013
Epoch 155: Train Loss = 0.1950, Test Loss = 0.1208
Epoch 156: Train Loss = 0.1947, Test Loss = 0.1041
Epoch 157: Train Loss = 0.1879, Test Loss = 0.0858
Epoch 158: Train Loss = 0.1915, Test Loss = 0.1029
Epoch 159: Train Loss = 0.1898, Test Loss = 0.0968
Epoch 160: Train Loss = 0.1879, Test Loss = 0.1037
Epoch 161: Train Loss = 0.1940, Test Loss = 0.1070
Epoch 162: Train Loss = 0.1971, Test Loss = 0.1097
Epoch 163: Train Loss = 0.1893, Test Loss = 0.0977
Epoch 164: Train Loss = 0.1966, Test Loss = 0.1078
Epoch 165: Train Loss = 0.1903, Test Loss = 0.1118
Epoch 166: Train Loss = 0.1946, Test Loss = 0.0917
Epoch 167: Train Loss = 0.1868, Test Loss = 0.0963
Epoch 168: Train Loss = 0.1967, Test Loss = 0.1165
Epoch 169: Train Loss = 0.1948, Test Loss = 0.1105
Epoch 170: Train Loss = 0.1908, Test Loss = 0.1005
Epoch 171: Train Loss = 0.2016, Test Loss = 0.1111
Epoch 172: Train Loss = 0.1896, Test Loss = 0.1111
Epoch 173: Train Loss = 0.1928, Test Loss = 0.0961
Epoch 174: Train Loss = 0.1892, Test Loss = 0.0957
Epoch 175: Train Loss = 0.1996, Test Loss = 0.1037
Epoch 176: Train Loss = 0.1976, Test Loss = 0.1043
Epoch 177: Train Loss = 0.1929, Test Loss = 0.0950
Epoch 178: Train Loss = 0.1964, Test Loss = 0.0821
Epoch 179: Train Loss = 0.1921, Test Loss = 0.1049
Epoch 180: Train Loss = 0.1921, Test Loss = 0.1123
Epoch 181: Train Loss = 0.1957, Test Loss = 0.0977
Epoch 182: Train Loss = 0.1913, Test Loss = 0.0999
Epoch 183: Train Loss = 0.2047, Test Loss = 0.0988
Epoch 184: Train Loss = 0.1949, Test Loss = 0.1081
Epoch 185: Train Loss = 0.1971, Test Loss = 0.0968
Epoch 186: Train Loss = 0.1925, Test Loss = 0.0976
Epoch 187: Train Loss = 0.1901, Test Loss = 0.1093
Epoch 188: Train Loss = 0.1901, Test Loss = 0.0998
Epoch 189: Train Loss = 0.1947, Test Loss = 0.1233
Epoch 190: Train Loss = 0.1952, Test Loss = 0.0908
Epoch 191: Train Loss = 0.2001, Test Loss = 0.0998
Epoch 192: Train Loss = 0.1961, Test Loss = 0.1053
Epoch 193: Train Loss = 0.1965, Test Loss = 0.0980
Epoch 194: Train Loss = 0.1942, Test Loss = 0.0936
Epoch 195: Train Loss = 0.1911, Test Loss = 0.0954
Epoch 196: Train Loss = 0.1912, Test Loss = 0.0923
Epoch 197: Train Loss = 0.1974, Test Loss = 0.1062
Epoch 198: Train Loss = 0.1922, Test Loss = 0.0825
Epoch 199: Train Loss = 0.1930, Test Loss = 0.0930
Epoch 200: Train Loss = 0.1866, Test Loss = 0.0786
Trial completed in 3408.76s with error: 0.0786
Trial completed!
