Running on host hal0072.amarel.rutgers.edu
Time is Thu Apr 24 15:30:30 EDT 2025
Directory is /home/elp95/tfa-predictor
SLURM job ID is 43169292
Starting trial...
Running trial with config: {'input_size': 3883, 'output_size': 214, 'hidden_sizes': [1024, 1024, 512, 256], 'lr': 0.0016655749916240168, 'weight_decay': 0.00015078652484904726, 'batch_size': 32, 'max_epochs': 100, 'dropout_rate': 0.18892527463789321, 'activation': 'relu', 'optimizer': 'adamw', 'learning_rate_schedule': 'none', 'batch_norm': 'false'}
Using data directory: /cache/home/elp95/tfa-predictor/data
xprs_path: /cache/home/elp95/tfa-predictor/data/gene-xprs/processed/xprs-data.csv
tfa_path: /cache/home/elp95/tfa-predictor/data/tfa/processed/tfa-labels.csv
Epoch 1: Train Loss = 0.4341, Test Loss = 0.1093
Epoch 2: Train Loss = 0.2538, Test Loss = 0.0958
Epoch 3: Train Loss = 0.2163, Test Loss = 0.0918
Epoch 4: Train Loss = 0.1859, Test Loss = 0.0978
Epoch 5: Train Loss = 0.1706, Test Loss = 0.0843
Epoch 6: Train Loss = 0.1628, Test Loss = 0.0782
Epoch 7: Train Loss = 0.1593, Test Loss = 0.0862
Epoch 8: Train Loss = 0.1721, Test Loss = 0.0775
Epoch 9: Train Loss = 0.1549, Test Loss = 0.0824
Epoch 10: Train Loss = 0.1509, Test Loss = 0.0823
Epoch 11: Train Loss = 0.1570, Test Loss = 0.0849
Epoch 12: Train Loss = 0.1604, Test Loss = 0.0807
Epoch 13: Train Loss = 0.1515, Test Loss = 0.0770
Epoch 14: Train Loss = 0.1538, Test Loss = 0.0738
Epoch 15: Train Loss = 0.1518, Test Loss = 0.0678
Epoch 16: Train Loss = 0.1534, Test Loss = 0.0721
Epoch 17: Train Loss = 0.1568, Test Loss = 0.0705
Epoch 18: Train Loss = 0.1536, Test Loss = 0.0848
Epoch 19: Train Loss = 0.1527, Test Loss = 0.0801
Epoch 20: Train Loss = 0.1568, Test Loss = 0.0814
Epoch 21: Train Loss = 0.1506, Test Loss = 0.0731
Epoch 22: Train Loss = 0.1588, Test Loss = 0.0751
Epoch 23: Train Loss = 0.1563, Test Loss = 0.0702
Epoch 24: Train Loss = 0.1484, Test Loss = 0.0965
Epoch 25: Train Loss = 0.1465, Test Loss = 0.0838
Epoch 26: Train Loss = 0.1477, Test Loss = 0.0888
Epoch 27: Train Loss = 0.1568, Test Loss = 0.0751
Epoch 28: Train Loss = 0.1651, Test Loss = 0.0966
Epoch 29: Train Loss = 0.1513, Test Loss = 0.0772
Epoch 30: Train Loss = 0.1477, Test Loss = 0.0730
Epoch 31: Train Loss = 0.1594, Test Loss = 0.0810
Epoch 32: Train Loss = 0.1476, Test Loss = 0.0641
Epoch 33: Train Loss = 0.1438, Test Loss = 0.0833
Epoch 34: Train Loss = 0.1417, Test Loss = 0.0674
Epoch 35: Train Loss = 0.1603, Test Loss = 0.0801
Epoch 36: Train Loss = 0.1535, Test Loss = 0.0788
Epoch 37: Train Loss = 0.1564, Test Loss = 0.0743
Epoch 38: Train Loss = 0.1465, Test Loss = 0.0782
Epoch 39: Train Loss = 0.1512, Test Loss = 0.0821
Epoch 40: Train Loss = 0.1517, Test Loss = 0.0755
Epoch 41: Train Loss = 0.1562, Test Loss = 0.0778
Epoch 42: Train Loss = 0.1442, Test Loss = 0.0766
Epoch 43: Train Loss = 0.1477, Test Loss = 0.0724
Epoch 44: Train Loss = 0.1451, Test Loss = 0.0754
Epoch 45: Train Loss = 0.1553, Test Loss = 0.0737
Epoch 46: Train Loss = 0.1434, Test Loss = 0.0870
Epoch 47: Train Loss = 0.1502, Test Loss = 0.0787
Epoch 48: Train Loss = 0.1539, Test Loss = 0.0876
Epoch 49: Train Loss = 0.1547, Test Loss = 0.0617
Epoch 50: Train Loss = 0.1497, Test Loss = 0.0766
Epoch 51: Train Loss = 0.1445, Test Loss = 0.0785
Epoch 52: Train Loss = 0.1442, Test Loss = 0.0809
Epoch 53: Train Loss = 0.1614, Test Loss = 0.0914
Epoch 54: Train Loss = 0.1435, Test Loss = 0.0823
Epoch 55: Train Loss = 0.1590, Test Loss = 0.0707
Epoch 56: Train Loss = 0.1576, Test Loss = 0.0684
Epoch 57: Train Loss = 0.1435, Test Loss = 0.0650
Epoch 58: Train Loss = 0.1430, Test Loss = 0.0656
Epoch 59: Train Loss = 0.1477, Test Loss = 0.0827
Epoch 60: Train Loss = 0.1475, Test Loss = 0.0713
Epoch 61: Train Loss = 0.1392, Test Loss = 0.0703
Epoch 62: Train Loss = 0.1434, Test Loss = 0.0645
Epoch 63: Train Loss = 0.1460, Test Loss = 0.0837
Epoch 64: Train Loss = 0.1463, Test Loss = 0.0808
Epoch 65: Train Loss = 0.1576, Test Loss = 0.0636
Epoch 66: Train Loss = 0.1515, Test Loss = 0.0611
Epoch 67: Train Loss = 0.1513, Test Loss = 0.0895
Epoch 68: Train Loss = 0.1414, Test Loss = 0.0710
Epoch 69: Train Loss = 0.1414, Test Loss = 0.0687
Epoch 70: Train Loss = 0.1594, Test Loss = 0.0683
Epoch 71: Train Loss = 0.1417, Test Loss = 0.0828
Epoch 72: Train Loss = 0.1494, Test Loss = 0.0765
Epoch 73: Train Loss = 0.1527, Test Loss = 0.0612
Epoch 74: Train Loss = 0.1564, Test Loss = 0.0831
Epoch 75: Train Loss = 0.1595, Test Loss = 0.0682
Epoch 76: Train Loss = 0.1523, Test Loss = 0.0809
Epoch 77: Train Loss = 0.1539, Test Loss = 0.0869
Epoch 78: Train Loss = 0.1526, Test Loss = 0.0821
Epoch 79: Train Loss = 0.1410, Test Loss = 0.0741
Epoch 80: Train Loss = 0.1435, Test Loss = 0.0688
Epoch 81: Train Loss = 0.1419, Test Loss = 0.0826
Epoch 82: Train Loss = 0.1480, Test Loss = 0.0653
Epoch 83: Train Loss = 0.1481, Test Loss = 0.0696
Epoch 84: Train Loss = 0.1505, Test Loss = 0.0723
Epoch 85: Train Loss = 0.1382, Test Loss = 0.0702
Epoch 86: Train Loss = 0.1466, Test Loss = 0.0608
Epoch 87: Train Loss = 0.1512, Test Loss = 0.0671
Epoch 88: Train Loss = 0.1489, Test Loss = 0.0717
Epoch 89: Train Loss = 0.1408, Test Loss = 0.0656
Epoch 90: Train Loss = 0.1387, Test Loss = 0.0671
Epoch 91: Train Loss = 0.1447, Test Loss = 0.0596
Epoch 92: Train Loss = 0.1634, Test Loss = 0.0717
Epoch 93: Train Loss = 0.1528, Test Loss = 0.0787
Epoch 94: Train Loss = 0.1371, Test Loss = 0.0611
Epoch 95: Train Loss = 0.1426, Test Loss = 0.0831
Epoch 96: Train Loss = 0.1481, Test Loss = 0.0729
Epoch 97: Train Loss = 0.1402, Test Loss = 0.0724
Epoch 98: Train Loss = 0.1364, Test Loss = 0.0714
Epoch 99: Train Loss = 0.1613, Test Loss = 0.0680
Epoch 100: Train Loss = 0.1510, Test Loss = 0.0689
Trial completed in 198.97s with error: 0.0689
Trial completed!
