Running on host hal0018.amarel.rutgers.edu
Time is Thu Apr 24 15:25:47 EDT 2025
Directory is /home/elp95/tfa-predictor
SLURM job ID is 43169260
Starting trial...
Running trial with config: {'input_size': 3883, 'output_size': 214, 'hidden_sizes': [2048, 1024, 1024, 512], 'lr': 0.00896437882646051, 'weight_decay': 1.3666459236837392e-06, 'batch_size': 16, 'max_epochs': 50, 'dropout_rate': 0.24018504093317733, 'activation': 'elu', 'optimizer': 'adam', 'learning_rate_schedule': 'cosine', 'batch_norm': 'true'}
Using data directory: /cache/home/elp95/tfa-predictor/data
xprs_path: /cache/home/elp95/tfa-predictor/data/gene-xprs/processed/xprs-data.csv
tfa_path: /cache/home/elp95/tfa-predictor/data/tfa/processed/tfa-labels.csv
Epoch 1: Train Loss = 0.7587, Test Loss = 0.3346
Epoch 2: Train Loss = 0.3970, Test Loss = 0.1971
Epoch 3: Train Loss = 0.2910, Test Loss = 0.1426
Epoch 4: Train Loss = 0.2523, Test Loss = 0.1071
Epoch 5: Train Loss = 0.2298, Test Loss = 0.1157
Epoch 6: Train Loss = 0.2174, Test Loss = 0.1203
Epoch 7: Train Loss = 0.2139, Test Loss = 0.1037
Epoch 8: Train Loss = 0.2110, Test Loss = 0.1074
Epoch 9: Train Loss = 0.2103, Test Loss = 0.1017
Epoch 10: Train Loss = 0.2123, Test Loss = 0.0943
Epoch 11: Train Loss = 0.2074, Test Loss = 0.1021
Epoch 12: Train Loss = 0.2052, Test Loss = 0.0986
Epoch 13: Train Loss = 0.2086, Test Loss = 0.1142
Epoch 14: Train Loss = 0.2085, Test Loss = 0.1057
Epoch 15: Train Loss = 0.2055, Test Loss = 0.0977
Epoch 16: Train Loss = 0.2057, Test Loss = 0.1135
Epoch 17: Train Loss = 0.2061, Test Loss = 0.1029
Epoch 18: Train Loss = 0.2120, Test Loss = 0.1293
Epoch 19: Train Loss = 0.2198, Test Loss = 0.1001
Epoch 20: Train Loss = 0.2133, Test Loss = 0.0965
Epoch 21: Train Loss = 0.2152, Test Loss = 0.1195
Epoch 22: Train Loss = 0.2189, Test Loss = 0.1086
Epoch 23: Train Loss = 0.2235, Test Loss = 0.1308
Epoch 24: Train Loss = 0.2165, Test Loss = 0.1096
Epoch 25: Train Loss = 0.2254, Test Loss = 0.1221
Epoch 26: Train Loss = 0.2283, Test Loss = 0.1228
Epoch 27: Train Loss = 0.2204, Test Loss = 0.1001
Epoch 28: Train Loss = 0.2228, Test Loss = 0.1207
Epoch 29: Train Loss = 0.2233, Test Loss = 0.1132
Epoch 30: Train Loss = 0.2307, Test Loss = 0.1019
Epoch 31: Train Loss = 0.2245, Test Loss = 0.1069
Epoch 32: Train Loss = 0.2295, Test Loss = 0.0981
Epoch 33: Train Loss = 0.2392, Test Loss = 0.1355
Epoch 34: Train Loss = 0.2355, Test Loss = 0.1153
Epoch 35: Train Loss = 0.2372, Test Loss = 0.1312
Epoch 36: Train Loss = 0.2460, Test Loss = 0.1243
Epoch 37: Train Loss = 0.2341, Test Loss = 0.1344
Epoch 38: Train Loss = 0.2470, Test Loss = 0.0957
Epoch 39: Train Loss = 0.2404, Test Loss = 3.1775
Epoch 40: Train Loss = 0.2513, Test Loss = 111.3735
Epoch 41: Train Loss = 0.2989, Test Loss = 120.3042
Epoch 42: Train Loss = 0.2757, Test Loss = 0.1393
Epoch 43: Train Loss = 0.2421, Test Loss = 0.1526
Epoch 44: Train Loss = 0.2336, Test Loss = 19.0631
Epoch 45: Train Loss = 0.2454, Test Loss = 0.1293
Epoch 46: Train Loss = 0.2317, Test Loss = 0.2528
Epoch 47: Train Loss = 0.2390, Test Loss = 0.3523
Epoch 48: Train Loss = 0.2300, Test Loss = 0.2379
Epoch 49: Train Loss = 0.2203, Test Loss = 3.8395
Epoch 50: Train Loss = 0.2262, Test Loss = 0.7947
Trial completed in 449.87s with error: 0.7947
Trial completed!
