Running on host hal0279.amarel.rutgers.edu
Time is Thu Apr 24 11:43:01 EDT 2025
Directory is /home/elp95/tfa-predictor
SLURM job ID is 43165694
Starting trial...
Running trial with config: {'input_size': 3883, 'output_size': 214, 'hidden_sizes': [2048, 1024, 512], 'lr': 0.0001238513729886094, 'weight_decay': 0.000164092867306479, 'batch_size': 32, 'max_epochs': 50}
Using data directory: /cache/home/elp95/tfa-predictor/data
xprs_path: /cache/home/elp95/tfa-predictor/data/gene-xprs/processed/xprs-data.csv
tfa_path: /cache/home/elp95/tfa-predictor/data/tfa/processed/tfa-labels.csv
Epoch 1: Train Loss = 0.5034, Test Loss = 0.1018
Epoch 2: Train Loss = 0.3333, Test Loss = 0.0728
Epoch 3: Train Loss = 0.2936, Test Loss = 0.0614
Epoch 4: Train Loss = 0.2654, Test Loss = 0.0553
Epoch 5: Train Loss = 0.2475, Test Loss = 0.0543
Epoch 6: Train Loss = 0.2302, Test Loss = 0.0491
Epoch 7: Train Loss = 0.2152, Test Loss = 0.0433
Epoch 8: Train Loss = 0.2054, Test Loss = 0.0447
Epoch 9: Train Loss = 0.1950, Test Loss = 0.0425
Epoch 10: Train Loss = 0.1829, Test Loss = 0.0369
Epoch 11: Train Loss = 0.1765, Test Loss = 0.0380
Epoch 12: Train Loss = 0.1655, Test Loss = 0.0373
Epoch 13: Train Loss = 0.1614, Test Loss = 0.0361
Epoch 14: Train Loss = 0.1542, Test Loss = 0.0354
Epoch 15: Train Loss = 0.1490, Test Loss = 0.0333
Epoch 16: Train Loss = 0.1434, Test Loss = 0.0367
Epoch 17: Train Loss = 0.1414, Test Loss = 0.0398
Epoch 18: Train Loss = 0.1365, Test Loss = 0.0343
Epoch 19: Train Loss = 0.1338, Test Loss = 0.0331
Epoch 20: Train Loss = 0.1287, Test Loss = 0.0347
Epoch 21: Train Loss = 0.1256, Test Loss = 0.0355
Epoch 22: Train Loss = 0.1207, Test Loss = 0.0350
Epoch 23: Train Loss = 0.1200, Test Loss = 0.0332
Epoch 24: Train Loss = 0.1187, Test Loss = 0.0342
Epoch 25: Train Loss = 0.1154, Test Loss = 0.0287
Epoch 26: Train Loss = 0.1137, Test Loss = 0.0316
Epoch 27: Train Loss = 0.1133, Test Loss = 0.0306
Epoch 28: Train Loss = 0.1121, Test Loss = 0.0292
Epoch 29: Train Loss = 0.1122, Test Loss = 0.0304
Epoch 30: Train Loss = 0.1097, Test Loss = 0.0300
Epoch 31: Train Loss = 0.1070, Test Loss = 0.0301
Epoch 32: Train Loss = 0.1056, Test Loss = 0.0294
Epoch 33: Train Loss = 0.1072, Test Loss = 0.0278
Epoch 34: Train Loss = 0.1027, Test Loss = 0.0309
Epoch 35: Train Loss = 0.1026, Test Loss = 0.0325
Epoch 36: Train Loss = 0.1034, Test Loss = 0.0316
Epoch 37: Train Loss = 0.1018, Test Loss = 0.0286
Epoch 38: Train Loss = 0.1005, Test Loss = 0.0327
Epoch 39: Train Loss = 0.1024, Test Loss = 0.0349
Epoch 40: Train Loss = 0.1013, Test Loss = 0.0264
Epoch 41: Train Loss = 0.1010, Test Loss = 0.0252
Epoch 42: Train Loss = 0.1007, Test Loss = 0.0353
Epoch 43: Train Loss = 0.1022, Test Loss = 0.0282
Epoch 44: Train Loss = 0.0992, Test Loss = 0.0286
Epoch 45: Train Loss = 0.0993, Test Loss = 0.0250
Epoch 46: Train Loss = 0.0980, Test Loss = 0.0279
Epoch 47: Train Loss = 0.0986, Test Loss = 0.0304
Epoch 48: Train Loss = 0.0980, Test Loss = 0.0266
Epoch 49: Train Loss = 0.0964, Test Loss = 0.0272
Epoch 50: Train Loss = 0.0980, Test Loss = 0.0307
Trial completed in 132.81s with error: 0.0307
Trial completed!
