Running on host hal0032.amarel.rutgers.edu
Time is Thu Apr 24 14:46:23 EDT 2025
Directory is /home/elp95/tfa-predictor
SLURM job ID is 43168418
Starting trial...
Running trial with config: {'input_size': 3883, 'output_size': 214, 'hidden_sizes': [4096, 2048, 1024, 512], 'lr': 0.001869391591978569, 'weight_decay': 4.164120360093463e-05, 'batch_size': 256, 'max_epochs': 200, 'dropout_rate': 0.4714267852789905, 'activation': 'elu', 'optimizer': 'sgd_momentum', 'learning_rate_schedule': 'cosine', 'batch_norm': 'false'}
Using data directory: /cache/home/elp95/tfa-predictor/data
xprs_path: /cache/home/elp95/tfa-predictor/data/gene-xprs/processed/xprs-data.csv
tfa_path: /cache/home/elp95/tfa-predictor/data/tfa/processed/tfa-labels.csv
Epoch 1: Train Loss = 0.5501, Test Loss = 13.0409
Epoch 2: Train Loss = 0.2753, Test Loss = 1.1462
Epoch 3: Train Loss = 0.2309, Test Loss = 0.1827
Epoch 4: Train Loss = 0.1944, Test Loss = 0.0721
Epoch 5: Train Loss = 0.1669, Test Loss = 0.0530
Epoch 6: Train Loss = 0.1430, Test Loss = 0.0526
Epoch 7: Train Loss = 0.1274, Test Loss = 0.0481
Epoch 8: Train Loss = 0.1101, Test Loss = 0.0411
Epoch 9: Train Loss = 0.1047, Test Loss = 0.0427
Epoch 10: Train Loss = 0.0993, Test Loss = 0.0481
Epoch 11: Train Loss = 0.0903, Test Loss = 0.0447
Epoch 12: Train Loss = 0.0838, Test Loss = 0.0409
Epoch 13: Train Loss = 0.0762, Test Loss = 0.0383
Epoch 14: Train Loss = 0.0738, Test Loss = 0.0361
Epoch 15: Train Loss = 0.0674, Test Loss = 0.0345
Epoch 16: Train Loss = 0.0662, Test Loss = 0.0310
Epoch 17: Train Loss = 0.0621, Test Loss = 0.0344
Epoch 18: Train Loss = 0.0602, Test Loss = 0.0358
Epoch 19: Train Loss = 0.0593, Test Loss = 0.0352
Epoch 20: Train Loss = 0.0570, Test Loss = 0.0292
Epoch 21: Train Loss = 0.0514, Test Loss = 0.0307
Epoch 22: Train Loss = 0.0492, Test Loss = 0.0305
Epoch 23: Train Loss = 0.0508, Test Loss = 0.0284
Epoch 24: Train Loss = 0.0532, Test Loss = 0.0320
Epoch 25: Train Loss = 0.0514, Test Loss = 0.0320
Epoch 26: Train Loss = 0.0474, Test Loss = 0.0279
Epoch 27: Train Loss = 0.0477, Test Loss = 0.0363
Epoch 28: Train Loss = 0.0474, Test Loss = 0.0309
Epoch 29: Train Loss = 0.0450, Test Loss = 0.0328
Epoch 30: Train Loss = 0.0482, Test Loss = 0.0313
Epoch 31: Train Loss = 0.0456, Test Loss = 0.0318
Epoch 32: Train Loss = 0.0432, Test Loss = 0.0296
Epoch 33: Train Loss = 0.0447, Test Loss = 0.0251
Epoch 34: Train Loss = 0.0465, Test Loss = 0.0280
Epoch 35: Train Loss = 0.0474, Test Loss = 0.0276
Epoch 36: Train Loss = 0.0480, Test Loss = 0.0279
Epoch 37: Train Loss = 0.0458, Test Loss = 0.0294
Epoch 38: Train Loss = 0.0478, Test Loss = 0.0289
Epoch 39: Train Loss = 0.0478, Test Loss = 0.0316
Epoch 40: Train Loss = 0.0485, Test Loss = 0.0329
Epoch 41: Train Loss = 0.0476, Test Loss = 0.0291
Epoch 42: Train Loss = 0.0456, Test Loss = 0.0279
Epoch 43: Train Loss = 0.0496, Test Loss = 0.0293
Epoch 44: Train Loss = 0.0465, Test Loss = 0.0295
Epoch 45: Train Loss = 0.0479, Test Loss = 0.0282
Epoch 46: Train Loss = 0.0495, Test Loss = 0.0274
Epoch 47: Train Loss = 0.0459, Test Loss = 0.0294
Epoch 48: Train Loss = 0.0433, Test Loss = 0.0251
Epoch 49: Train Loss = 0.0431, Test Loss = 0.0341
Epoch 50: Train Loss = 0.0446, Test Loss = 0.0300
Epoch 51: Train Loss = 0.0441, Test Loss = 0.0279
Epoch 52: Train Loss = 0.0428, Test Loss = 0.0270
Epoch 53: Train Loss = 0.0429, Test Loss = 0.0282
Epoch 54: Train Loss = 0.0397, Test Loss = 0.0263
Epoch 55: Train Loss = 0.0416, Test Loss = 0.0265
Epoch 56: Train Loss = 0.0432, Test Loss = 0.0354
Epoch 57: Train Loss = 0.0489, Test Loss = 0.0349
Epoch 58: Train Loss = 0.0488, Test Loss = 0.0248
Epoch 59: Train Loss = 0.0485, Test Loss = 0.0279
Epoch 60: Train Loss = 0.0520, Test Loss = 0.0284
Epoch 61: Train Loss = 0.0579, Test Loss = 0.0395
Epoch 62: Train Loss = 0.0587, Test Loss = 0.0349
Epoch 63: Train Loss = 0.0530, Test Loss = 0.0280
Epoch 64: Train Loss = 0.0493, Test Loss = 0.0245
Epoch 65: Train Loss = 0.0431, Test Loss = 0.0285
Epoch 66: Train Loss = 0.0422, Test Loss = 0.0273
Epoch 67: Train Loss = 0.0423, Test Loss = 0.0292
Epoch 68: Train Loss = 0.0417, Test Loss = 0.0316
Epoch 69: Train Loss = 0.0441, Test Loss = 0.0266
Epoch 70: Train Loss = 0.0437, Test Loss = 0.0343
Epoch 71: Train Loss = 0.0451, Test Loss = 0.0331
Epoch 72: Train Loss = 0.0458, Test Loss = 0.0394
Epoch 73: Train Loss = 0.0458, Test Loss = 0.0280
Epoch 74: Train Loss = 0.0437, Test Loss = 0.0282
Epoch 75: Train Loss = 0.0494, Test Loss = 0.0274
Epoch 76: Train Loss = 0.0439, Test Loss = 0.0309
Epoch 77: Train Loss = 0.0424, Test Loss = 0.0287
Epoch 78: Train Loss = 0.0415, Test Loss = 0.0275
Epoch 79: Train Loss = 0.0422, Test Loss = 0.0293
Epoch 80: Train Loss = 0.0421, Test Loss = 0.0296
Epoch 81: Train Loss = 0.0432, Test Loss = 0.0290
Epoch 82: Train Loss = 0.0431, Test Loss = 0.0233
Epoch 83: Train Loss = 0.0441, Test Loss = 0.0905
Epoch 84: Train Loss = 0.0639, Test Loss = 0.0372
Epoch 85: Train Loss = 0.0645, Test Loss = 0.0339
Epoch 86: Train Loss = 0.0608, Test Loss = 0.0358
Epoch 87: Train Loss = 0.0533, Test Loss = 0.0351
Epoch 88: Train Loss = 0.0483, Test Loss = 0.0313
Epoch 89: Train Loss = 0.0458, Test Loss = 0.0299
Epoch 90: Train Loss = 0.0511, Test Loss = 0.0277
Epoch 91: Train Loss = 0.0473, Test Loss = 0.0327
Epoch 92: Train Loss = 0.0441, Test Loss = 0.0334
Epoch 93: Train Loss = 0.0449, Test Loss = 0.0338
Epoch 94: Train Loss = 0.0424, Test Loss = 0.0398
Epoch 95: Train Loss = 0.0419, Test Loss = 0.0293
Epoch 96: Train Loss = 0.0431, Test Loss = 0.0338
Epoch 97: Train Loss = 0.0420, Test Loss = 0.0290
Epoch 98: Train Loss = 0.0435, Test Loss = 0.0265
Epoch 99: Train Loss = 0.0416, Test Loss = 0.0319
Epoch 100: Train Loss = 0.0468, Test Loss = 0.0307
Epoch 101: Train Loss = 0.0427, Test Loss = 0.0258
Epoch 102: Train Loss = 0.0422, Test Loss = 0.0274
Epoch 103: Train Loss = 0.0458, Test Loss = 0.0292
Epoch 104: Train Loss = 0.0452, Test Loss = 0.0288
Epoch 105: Train Loss = 0.0388, Test Loss = 0.0258
Epoch 106: Train Loss = 0.0414, Test Loss = 0.0249
Epoch 107: Train Loss = 0.0407, Test Loss = 0.0311
Epoch 108: Train Loss = 0.0426, Test Loss = 0.0278
Epoch 109: Train Loss = 0.0470, Test Loss = 0.0273
Epoch 110: Train Loss = 0.0419, Test Loss = 0.0307
Epoch 111: Train Loss = 0.0436, Test Loss = 0.0254
Epoch 112: Train Loss = 0.0494, Test Loss = 0.0275
Epoch 113: Train Loss = 0.0487, Test Loss = 0.0287
Epoch 114: Train Loss = 0.0466, Test Loss = 0.0347
Epoch 115: Train Loss = 0.0504, Test Loss = 0.0333
Epoch 116: Train Loss = 0.0467, Test Loss = 0.0296
Epoch 117: Train Loss = 0.0449, Test Loss = 0.0221
Epoch 118: Train Loss = 0.0454, Test Loss = 0.0254
Epoch 119: Train Loss = 0.0419, Test Loss = 0.0263
Epoch 120: Train Loss = 0.0440, Test Loss = 0.0317
Epoch 121: Train Loss = 0.0455, Test Loss = 0.0273
Epoch 122: Train Loss = 0.0482, Test Loss = 0.0279
Epoch 123: Train Loss = 0.0438, Test Loss = 0.0272
Epoch 124: Train Loss = 0.0424, Test Loss = 0.0259
Epoch 125: Train Loss = 0.0407, Test Loss = 0.0266
Epoch 126: Train Loss = 0.0459, Test Loss = 0.0350
Epoch 127: Train Loss = 0.0438, Test Loss = 0.0274
Epoch 128: Train Loss = 0.0485, Test Loss = 0.0266
Epoch 129: Train Loss = 0.0584, Test Loss = 0.0534
Epoch 130: Train Loss = 0.0632, Test Loss = 0.0491
Epoch 131: Train Loss = 0.0614, Test Loss = 0.0447
Epoch 132: Train Loss = 0.0556, Test Loss = 0.0333
Epoch 133: Train Loss = 0.0500, Test Loss = 0.0264
Epoch 134: Train Loss = 0.0439, Test Loss = 0.0328
Epoch 135: Train Loss = 0.0442, Test Loss = 0.0293
Epoch 136: Train Loss = 0.0450, Test Loss = 0.0301
Epoch 137: Train Loss = 0.0452, Test Loss = 0.0352
Epoch 138: Train Loss = 0.0494, Test Loss = 0.0300
Epoch 139: Train Loss = 0.0503, Test Loss = 0.0304
Epoch 140: Train Loss = 0.0460, Test Loss = 0.0286
Epoch 141: Train Loss = 0.0452, Test Loss = 0.0325
Epoch 142: Train Loss = 0.0443, Test Loss = 0.0299
Epoch 143: Train Loss = 0.0450, Test Loss = 0.0285
Epoch 144: Train Loss = 0.0434, Test Loss = 0.0311
Epoch 145: Train Loss = 0.0413, Test Loss = 0.0272
Epoch 146: Train Loss = 0.0408, Test Loss = 0.0291
Epoch 147: Train Loss = 0.0450, Test Loss = 0.0315
Epoch 148: Train Loss = 0.0437, Test Loss = 0.0312
Epoch 149: Train Loss = 0.0420, Test Loss = 0.0235
Epoch 150: Train Loss = 0.0387, Test Loss = 0.0268
Epoch 151: Train Loss = 0.0381, Test Loss = 0.0334
Epoch 152: Train Loss = 0.0408, Test Loss = 0.0250
Epoch 153: Train Loss = 0.0426, Test Loss = 0.0281
Epoch 154: Train Loss = 0.0415, Test Loss = 0.0264
Epoch 155: Train Loss = 0.0407, Test Loss = 0.0247
Epoch 156: Train Loss = 0.0412, Test Loss = 0.0324
Epoch 157: Train Loss = 0.0431, Test Loss = 0.0253
Epoch 158: Train Loss = 0.0431, Test Loss = 0.0304
Epoch 159: Train Loss = 0.0460, Test Loss = 0.0320
Epoch 160: Train Loss = 0.0474, Test Loss = 0.0230
Epoch 161: Train Loss = 0.0468, Test Loss = 0.0333
Epoch 162: Train Loss = 0.0458, Test Loss = 0.0266
Epoch 163: Train Loss = 0.0506, Test Loss = 0.0393
Epoch 164: Train Loss = 0.0506, Test Loss = 0.0293
Epoch 165: Train Loss = 0.0491, Test Loss = 0.0337
Epoch 166: Train Loss = 0.0481, Test Loss = 0.0268
Epoch 167: Train Loss = 0.0414, Test Loss = 0.0266
Epoch 168: Train Loss = 0.0406, Test Loss = 0.0262
Epoch 169: Train Loss = 0.0410, Test Loss = 0.0267
Epoch 170: Train Loss = 0.0391, Test Loss = 0.0265
Epoch 171: Train Loss = 0.0382, Test Loss = 0.0295
Epoch 172: Train Loss = 0.0398, Test Loss = 0.0262
Epoch 173: Train Loss = 0.0410, Test Loss = 0.0329
Epoch 174: Train Loss = 0.0417, Test Loss = 0.0222
Epoch 175: Train Loss = 0.0417, Test Loss = 0.0244
Epoch 176: Train Loss = 0.0406, Test Loss = 0.0263
Epoch 177: Train Loss = 0.0438, Test Loss = 0.0249
Epoch 178: Train Loss = 0.0419, Test Loss = 0.0291
Epoch 179: Train Loss = 0.0439, Test Loss = 0.0265
Epoch 180: Train Loss = 0.0413, Test Loss = 0.0261
Epoch 181: Train Loss = 0.0399, Test Loss = 0.0251
Epoch 182: Train Loss = 0.0412, Test Loss = 0.0267
Epoch 183: Train Loss = 0.0408, Test Loss = 0.0284
Epoch 184: Train Loss = 0.0435, Test Loss = 0.0247
Epoch 185: Train Loss = 0.0445, Test Loss = 0.0217
Epoch 186: Train Loss = 0.0468, Test Loss = 0.0246
Epoch 187: Train Loss = 0.0424, Test Loss = 0.0279
Epoch 188: Train Loss = 0.0467, Test Loss = 0.0263
Epoch 189: Train Loss = 0.0429, Test Loss = 0.0288
Epoch 190: Train Loss = 0.0447, Test Loss = 0.0278
Epoch 191: Train Loss = 0.0483, Test Loss = 0.0260
Epoch 192: Train Loss = 0.0519, Test Loss = 0.0281
Epoch 193: Train Loss = 0.0578, Test Loss = 0.0387
Epoch 194: Train Loss = 0.0619, Test Loss = 0.0404
Epoch 195: Train Loss = 0.0595, Test Loss = 0.0324
Epoch 196: Train Loss = 0.0576, Test Loss = 0.0276
Epoch 197: Train Loss = 0.0542, Test Loss = 0.0237
Epoch 198: Train Loss = 0.0449, Test Loss = 0.0278
Epoch 199: Train Loss = 0.0442, Test Loss = 0.0284
Epoch 200: Train Loss = 0.0448, Test Loss = 0.0261
Trial completed in 500.32s with error: 0.0261
Trial completed!
