Running on host hal0072.amarel.rutgers.edu
Time is Thu Apr 24 15:34:11 EDT 2025
Directory is /home/elp95/tfa-predictor
SLURM job ID is 43169331
Starting trial...
Running trial with config: {'input_size': 3883, 'output_size': 214, 'hidden_sizes': [2048, 1024, 1024, 512], 'lr': 0.0002980426198224422, 'weight_decay': 3.722261051682579e-05, 'batch_size': 16, 'max_epochs': 300, 'dropout_rate': 0.39823588783693864, 'activation': 'leaky_relu', 'optimizer': 'rmsprop', 'learning_rate_schedule': 'none', 'batch_norm': 'false'}
Using data directory: /cache/home/elp95/tfa-predictor/data
xprs_path: /cache/home/elp95/tfa-predictor/data/gene-xprs/processed/xprs-data.csv
tfa_path: /cache/home/elp95/tfa-predictor/data/tfa/processed/tfa-labels.csv
Epoch 1: Train Loss = 0.5219, Test Loss = 0.1060
Epoch 2: Train Loss = 0.3371, Test Loss = 0.0967
Epoch 3: Train Loss = 0.2888, Test Loss = 0.0916
Epoch 4: Train Loss = 0.2519, Test Loss = 0.0837
Epoch 5: Train Loss = 0.2315, Test Loss = 0.0883
Epoch 6: Train Loss = 0.2146, Test Loss = 0.0807
Epoch 7: Train Loss = 0.2000, Test Loss = 0.0758
Epoch 8: Train Loss = 0.1878, Test Loss = 0.0926
Epoch 9: Train Loss = 0.1739, Test Loss = 0.0859
Epoch 10: Train Loss = 0.1673, Test Loss = 0.0879
Epoch 11: Train Loss = 0.1627, Test Loss = 0.0793
Epoch 12: Train Loss = 0.1584, Test Loss = 0.0825
Epoch 13: Train Loss = 0.1541, Test Loss = 0.0657
Epoch 14: Train Loss = 0.1494, Test Loss = 0.0755
Epoch 15: Train Loss = 0.1449, Test Loss = 0.0700
Epoch 16: Train Loss = 0.1451, Test Loss = 0.0855
Epoch 17: Train Loss = 0.1417, Test Loss = 0.0731
Epoch 18: Train Loss = 0.1416, Test Loss = 0.0737
Epoch 19: Train Loss = 0.1373, Test Loss = 0.0752
Epoch 20: Train Loss = 0.1375, Test Loss = 0.0813
Epoch 21: Train Loss = 0.1367, Test Loss = 0.0768
Epoch 22: Train Loss = 0.1392, Test Loss = 0.0745
Epoch 23: Train Loss = 0.1351, Test Loss = 0.0729
Epoch 24: Train Loss = 0.1337, Test Loss = 0.0741
Epoch 25: Train Loss = 0.1362, Test Loss = 0.0877
Epoch 26: Train Loss = 0.1356, Test Loss = 0.0705
Epoch 27: Train Loss = 0.1310, Test Loss = 0.0621
Epoch 28: Train Loss = 0.1309, Test Loss = 0.0790
Epoch 29: Train Loss = 0.1313, Test Loss = 0.0818
Epoch 30: Train Loss = 0.1332, Test Loss = 0.0742
Epoch 31: Train Loss = 0.1312, Test Loss = 0.0730
Epoch 32: Train Loss = 0.1289, Test Loss = 0.0709
Epoch 33: Train Loss = 0.1293, Test Loss = 0.0751
Epoch 34: Train Loss = 0.1320, Test Loss = 0.0768
Epoch 35: Train Loss = 0.1305, Test Loss = 0.0629
Epoch 36: Train Loss = 0.1293, Test Loss = 0.0660
Epoch 37: Train Loss = 0.1277, Test Loss = 0.0701
Epoch 38: Train Loss = 0.1273, Test Loss = 0.0686
Epoch 39: Train Loss = 0.1280, Test Loss = 0.0774
Epoch 40: Train Loss = 0.1314, Test Loss = 0.0811
Epoch 41: Train Loss = 0.1309, Test Loss = 0.0694
Epoch 42: Train Loss = 0.1277, Test Loss = 0.0698
Epoch 43: Train Loss = 0.1263, Test Loss = 0.0696
Epoch 44: Train Loss = 0.1264, Test Loss = 0.0753
Epoch 45: Train Loss = 0.1262, Test Loss = 0.0709
Epoch 46: Train Loss = 0.1261, Test Loss = 0.0719
Epoch 47: Train Loss = 0.1242, Test Loss = 0.0700
Epoch 48: Train Loss = 0.1242, Test Loss = 0.0719
Epoch 49: Train Loss = 0.1271, Test Loss = 0.0819
Epoch 50: Train Loss = 0.1409, Test Loss = 0.0743
Epoch 51: Train Loss = 0.1286, Test Loss = 0.0686
Epoch 52: Train Loss = 0.1290, Test Loss = 0.0631
Epoch 53: Train Loss = 0.1260, Test Loss = 0.0848
Epoch 54: Train Loss = 0.1251, Test Loss = 0.0666
Epoch 55: Train Loss = 0.1245, Test Loss = 0.0696
Epoch 56: Train Loss = 0.1256, Test Loss = 0.0603
Epoch 57: Train Loss = 0.1244, Test Loss = 0.0682
Epoch 58: Train Loss = 0.1242, Test Loss = 0.0708
Epoch 59: Train Loss = 0.1233, Test Loss = 0.0723
Epoch 60: Train Loss = 0.1249, Test Loss = 0.0776
Epoch 61: Train Loss = 0.1239, Test Loss = 0.0671
Epoch 62: Train Loss = 0.1261, Test Loss = 0.0679
Epoch 63: Train Loss = 0.1255, Test Loss = 0.0647
Epoch 64: Train Loss = 0.1248, Test Loss = 0.0756
Epoch 65: Train Loss = 0.1257, Test Loss = 0.0703
Epoch 66: Train Loss = 0.1239, Test Loss = 0.0691
Epoch 67: Train Loss = 0.1223, Test Loss = 0.0630
Epoch 68: Train Loss = 0.1230, Test Loss = 0.0681
Epoch 69: Train Loss = 0.1216, Test Loss = 0.0748
Epoch 70: Train Loss = 0.1238, Test Loss = 0.0637
Epoch 71: Train Loss = 0.1226, Test Loss = 0.0713
Epoch 72: Train Loss = 0.1230, Test Loss = 0.0669
Epoch 73: Train Loss = 0.1232, Test Loss = 0.0734
Epoch 74: Train Loss = 0.1217, Test Loss = 0.0747
Epoch 75: Train Loss = 0.1215, Test Loss = 0.0681
Epoch 76: Train Loss = 0.1222, Test Loss = 0.0729
Epoch 77: Train Loss = 0.1222, Test Loss = 0.0683
Epoch 78: Train Loss = 0.1227, Test Loss = 0.0689
Epoch 79: Train Loss = 0.1206, Test Loss = 0.0713
Epoch 80: Train Loss = 0.1232, Test Loss = 0.0709
Epoch 81: Train Loss = 0.1215, Test Loss = 0.0726
Epoch 82: Train Loss = 0.1233, Test Loss = 0.0687
Epoch 83: Train Loss = 0.1217, Test Loss = 0.0862
Epoch 84: Train Loss = 0.1217, Test Loss = 0.0703
Epoch 85: Train Loss = 0.1187, Test Loss = 0.0669
Epoch 86: Train Loss = 0.1245, Test Loss = 0.0680
Epoch 87: Train Loss = 0.1214, Test Loss = 0.0724
Epoch 88: Train Loss = 0.1236, Test Loss = 0.0742
Epoch 89: Train Loss = 0.1221, Test Loss = 0.0694
Epoch 90: Train Loss = 0.1202, Test Loss = 0.0644
Epoch 91: Train Loss = 0.1207, Test Loss = 0.0776
Epoch 92: Train Loss = 0.1204, Test Loss = 0.0663
Epoch 93: Train Loss = 0.1219, Test Loss = 0.0750
Epoch 94: Train Loss = 0.1232, Test Loss = 0.0685
Epoch 95: Train Loss = 0.1203, Test Loss = 0.0699
Epoch 96: Train Loss = 0.1204, Test Loss = 0.0782
Epoch 97: Train Loss = 0.1206, Test Loss = 0.0699
Epoch 98: Train Loss = 0.1230, Test Loss = 0.0715
Epoch 99: Train Loss = 0.1212, Test Loss = 0.0650
Epoch 100: Train Loss = 0.1180, Test Loss = 0.0649
Epoch 101: Train Loss = 0.1193, Test Loss = 0.0730
Epoch 102: Train Loss = 0.1195, Test Loss = 0.0730
Epoch 103: Train Loss = 0.1191, Test Loss = 0.0745
Epoch 104: Train Loss = 0.1213, Test Loss = 0.0715
Epoch 105: Train Loss = 0.1205, Test Loss = 0.0772
Epoch 106: Train Loss = 0.1213, Test Loss = 0.0669
Epoch 107: Train Loss = 0.1216, Test Loss = 0.0747
Epoch 108: Train Loss = 0.1209, Test Loss = 0.0638
Epoch 109: Train Loss = 0.1199, Test Loss = 0.0695
Epoch 110: Train Loss = 0.1196, Test Loss = 0.0699
Epoch 111: Train Loss = 0.1189, Test Loss = 0.0648
Epoch 112: Train Loss = 0.1189, Test Loss = 0.0732
Epoch 113: Train Loss = 0.1198, Test Loss = 0.0657
Epoch 114: Train Loss = 0.1380, Test Loss = 0.0652
Epoch 115: Train Loss = 0.1223, Test Loss = 0.0690
Epoch 116: Train Loss = 0.1205, Test Loss = 0.0703
Epoch 117: Train Loss = 0.1219, Test Loss = 0.0718
Epoch 118: Train Loss = 0.1191, Test Loss = 0.0685
Epoch 119: Train Loss = 0.1182, Test Loss = 0.0650
Epoch 120: Train Loss = 0.1187, Test Loss = 0.0804
Epoch 121: Train Loss = 0.1212, Test Loss = 0.0734
Epoch 122: Train Loss = 0.1176, Test Loss = 0.0735
Epoch 123: Train Loss = 0.1169, Test Loss = 0.0669
Epoch 124: Train Loss = 0.1193, Test Loss = 0.0665
Epoch 125: Train Loss = 0.1183, Test Loss = 0.0619
Epoch 126: Train Loss = 0.1199, Test Loss = 0.0623
Epoch 127: Train Loss = 0.1195, Test Loss = 0.0650
Epoch 128: Train Loss = 0.1189, Test Loss = 0.0697
Epoch 129: Train Loss = 0.1269, Test Loss = 0.0632
Epoch 130: Train Loss = 0.1206, Test Loss = 0.0675
Epoch 131: Train Loss = 0.1174, Test Loss = 0.0715
Epoch 132: Train Loss = 0.1177, Test Loss = 0.0716
Epoch 133: Train Loss = 0.1195, Test Loss = 0.0809
Epoch 134: Train Loss = 0.1166, Test Loss = 0.0698
Epoch 135: Train Loss = 0.1166, Test Loss = 0.0716
Epoch 136: Train Loss = 0.1193, Test Loss = 0.0644
Epoch 137: Train Loss = 0.1187, Test Loss = 0.0728
Epoch 138: Train Loss = 0.1170, Test Loss = 0.0678
Epoch 139: Train Loss = 0.1174, Test Loss = 0.0640
Epoch 140: Train Loss = 0.1174, Test Loss = 0.0696
Epoch 141: Train Loss = 0.1189, Test Loss = 0.0633
Epoch 142: Train Loss = 0.1170, Test Loss = 0.0686
Epoch 143: Train Loss = 0.1195, Test Loss = 0.0734
Epoch 144: Train Loss = 0.1167, Test Loss = 0.0667
Epoch 145: Train Loss = 0.1180, Test Loss = 0.0632
Epoch 146: Train Loss = 0.1160, Test Loss = 0.0645
Epoch 147: Train Loss = 0.1200, Test Loss = 0.0647
Epoch 148: Train Loss = 0.1177, Test Loss = 0.0739
Epoch 149: Train Loss = 0.1168, Test Loss = 0.0683
Epoch 150: Train Loss = 0.1149, Test Loss = 0.0685
Epoch 151: Train Loss = 0.1180, Test Loss = 0.0676
Epoch 152: Train Loss = 0.1162, Test Loss = 0.0681
Epoch 153: Train Loss = 0.1169, Test Loss = 0.0685
Epoch 154: Train Loss = 0.1184, Test Loss = 0.0634
Epoch 155: Train Loss = 0.1194, Test Loss = 0.0656
Epoch 156: Train Loss = 0.1185, Test Loss = 0.0696
Epoch 157: Train Loss = 0.1198, Test Loss = 0.0651
Epoch 158: Train Loss = 0.1156, Test Loss = 0.0677
Epoch 159: Train Loss = 0.1164, Test Loss = 0.0653
Epoch 160: Train Loss = 0.1170, Test Loss = 0.0623
Epoch 161: Train Loss = 0.1176, Test Loss = 0.0662
Epoch 162: Train Loss = 0.1191, Test Loss = 0.0627
Epoch 163: Train Loss = 0.1170, Test Loss = 0.0711
Epoch 164: Train Loss = 0.1157, Test Loss = 0.0677
Epoch 165: Train Loss = 0.1168, Test Loss = 0.0705
Epoch 166: Train Loss = 0.1154, Test Loss = 0.0703
Epoch 167: Train Loss = 0.1175, Test Loss = 0.0619
Epoch 168: Train Loss = 0.1187, Test Loss = 0.0635
Epoch 169: Train Loss = 0.1188, Test Loss = 0.0703
Epoch 170: Train Loss = 0.1140, Test Loss = 0.0651
Epoch 171: Train Loss = 0.1167, Test Loss = 0.0705
Epoch 172: Train Loss = 0.1169, Test Loss = 0.0673
Epoch 173: Train Loss = 0.1170, Test Loss = 0.0616
Epoch 174: Train Loss = 0.1155, Test Loss = 0.0621
Epoch 175: Train Loss = 0.1162, Test Loss = 0.0722
Epoch 176: Train Loss = 0.1172, Test Loss = 0.0599
Epoch 177: Train Loss = 0.1146, Test Loss = 0.0748
Epoch 178: Train Loss = 0.1163, Test Loss = 0.0868
Epoch 179: Train Loss = 0.1180, Test Loss = 0.0673
Epoch 180: Train Loss = 0.1142, Test Loss = 0.0717
Epoch 181: Train Loss = 0.1176, Test Loss = 0.0708
Epoch 182: Train Loss = 0.1160, Test Loss = 0.0598
Epoch 183: Train Loss = 0.1171, Test Loss = 0.0727
Epoch 184: Train Loss = 0.1162, Test Loss = 0.0750
Epoch 185: Train Loss = 0.1151, Test Loss = 0.0672
Epoch 186: Train Loss = 0.1175, Test Loss = 0.0672
Epoch 187: Train Loss = 0.1191, Test Loss = 0.0762
Epoch 188: Train Loss = 0.1167, Test Loss = 0.0687
Epoch 189: Train Loss = 0.1157, Test Loss = 0.0683
Epoch 190: Train Loss = 0.1166, Test Loss = 0.0635
Epoch 191: Train Loss = 0.1166, Test Loss = 0.0737
Epoch 192: Train Loss = 0.1165, Test Loss = 0.0707
Epoch 193: Train Loss = 0.1155, Test Loss = 0.0685
Epoch 194: Train Loss = 0.1157, Test Loss = 0.0652
Epoch 195: Train Loss = 0.1161, Test Loss = 0.0812
Epoch 196: Train Loss = 0.1154, Test Loss = 0.0582
Epoch 197: Train Loss = 0.1154, Test Loss = 0.0734
Epoch 198: Train Loss = 0.1174, Test Loss = 0.0651
Epoch 199: Train Loss = 0.1141, Test Loss = 0.0641
Epoch 200: Train Loss = 0.1162, Test Loss = 0.0584
Epoch 201: Train Loss = 0.1162, Test Loss = 0.0661
Epoch 202: Train Loss = 0.1147, Test Loss = 0.0630
Epoch 203: Train Loss = 0.1138, Test Loss = 0.0719
Epoch 204: Train Loss = 0.1161, Test Loss = 0.0638
Epoch 205: Train Loss = 0.1167, Test Loss = 0.0697
Epoch 206: Train Loss = 0.1171, Test Loss = 0.0560
Epoch 207: Train Loss = 0.1148, Test Loss = 0.0600
Epoch 208: Train Loss = 0.1163, Test Loss = 0.0717
Epoch 209: Train Loss = 0.1151, Test Loss = 0.0670
Epoch 210: Train Loss = 0.1149, Test Loss = 0.0671
Epoch 211: Train Loss = 0.1156, Test Loss = 0.0628
Epoch 212: Train Loss = 0.1159, Test Loss = 0.0689
Epoch 213: Train Loss = 0.1185, Test Loss = 0.0706
Epoch 214: Train Loss = 0.1163, Test Loss = 0.0690
Epoch 215: Train Loss = 0.1152, Test Loss = 0.0736
Epoch 216: Train Loss = 0.1130, Test Loss = 0.0654
Epoch 217: Train Loss = 0.1140, Test Loss = 0.0676
Epoch 218: Train Loss = 0.1159, Test Loss = 0.0616
Epoch 219: Train Loss = 0.1161, Test Loss = 0.0598
Epoch 220: Train Loss = 0.1167, Test Loss = 0.0620
Epoch 221: Train Loss = 0.1147, Test Loss = 0.0735
Epoch 222: Train Loss = 0.1167, Test Loss = 0.0705
Epoch 223: Train Loss = 0.1156, Test Loss = 0.0682
Epoch 224: Train Loss = 0.1163, Test Loss = 0.0673
Epoch 225: Train Loss = 0.1170, Test Loss = 0.0719
Epoch 226: Train Loss = 0.1132, Test Loss = 0.0826
Epoch 227: Train Loss = 0.1151, Test Loss = 0.0603
Epoch 228: Train Loss = 0.1155, Test Loss = 0.0631
Epoch 229: Train Loss = 0.1147, Test Loss = 0.0685
Epoch 230: Train Loss = 0.1161, Test Loss = 0.0709
Epoch 231: Train Loss = 0.1156, Test Loss = 0.0559
Epoch 232: Train Loss = 0.1131, Test Loss = 0.0707
Epoch 233: Train Loss = 0.1143, Test Loss = 0.0661
Epoch 234: Train Loss = 0.1160, Test Loss = 0.0753
Epoch 235: Train Loss = 0.1157, Test Loss = 0.0649
Epoch 236: Train Loss = 0.1154, Test Loss = 0.0702
Epoch 237: Train Loss = 0.1145, Test Loss = 0.0566
Epoch 238: Train Loss = 0.1134, Test Loss = 0.0667
Epoch 239: Train Loss = 0.1163, Test Loss = 0.0653
Epoch 240: Train Loss = 0.1133, Test Loss = 0.0683
Epoch 241: Train Loss = 0.1134, Test Loss = 0.0642
Epoch 242: Train Loss = 0.1166, Test Loss = 0.0635
Epoch 243: Train Loss = 0.1153, Test Loss = 0.0655
Epoch 244: Train Loss = 0.1123, Test Loss = 0.0665
Epoch 245: Train Loss = 0.1170, Test Loss = 0.0637
Epoch 246: Train Loss = 0.1150, Test Loss = 0.0663
Epoch 247: Train Loss = 0.1139, Test Loss = 0.0583
Epoch 248: Train Loss = 0.1174, Test Loss = 0.0667
Epoch 249: Train Loss = 0.1158, Test Loss = 0.0633
Epoch 250: Train Loss = 0.1159, Test Loss = 0.0674
Epoch 251: Train Loss = 0.1168, Test Loss = 0.0664
Epoch 252: Train Loss = 0.1164, Test Loss = 0.0688
Epoch 253: Train Loss = 0.1145, Test Loss = 0.0642
Epoch 254: Train Loss = 0.1134, Test Loss = 0.0596
Epoch 255: Train Loss = 0.1145, Test Loss = 0.0684
Epoch 256: Train Loss = 0.1149, Test Loss = 0.0686
Epoch 257: Train Loss = 0.1156, Test Loss = 0.0668
Epoch 258: Train Loss = 0.1128, Test Loss = 0.0605
Epoch 259: Train Loss = 0.1147, Test Loss = 0.0574
Epoch 260: Train Loss = 0.1163, Test Loss = 0.0677
Epoch 261: Train Loss = 0.1130, Test Loss = 0.0619
Epoch 262: Train Loss = 0.1141, Test Loss = 0.0625
Epoch 263: Train Loss = 0.1146, Test Loss = 0.0681
Epoch 264: Train Loss = 0.1154, Test Loss = 0.0633
Epoch 265: Train Loss = 0.1133, Test Loss = 0.0593
Epoch 266: Train Loss = 0.1147, Test Loss = 0.0595
Epoch 267: Train Loss = 0.1145, Test Loss = 0.0598
Epoch 268: Train Loss = 0.1146, Test Loss = 0.0689
Epoch 269: Train Loss = 0.1145, Test Loss = 0.0653
Epoch 270: Train Loss = 0.1136, Test Loss = 0.0632
Epoch 271: Train Loss = 0.1126, Test Loss = 0.0721
Epoch 272: Train Loss = 0.1139, Test Loss = 0.0656
Epoch 273: Train Loss = 0.1135, Test Loss = 0.0680
Epoch 274: Train Loss = 0.1147, Test Loss = 0.0662
Epoch 275: Train Loss = 0.1151, Test Loss = 0.0616
Epoch 276: Train Loss = 0.1151, Test Loss = 0.0665
Epoch 277: Train Loss = 0.1135, Test Loss = 0.0587
Epoch 278: Train Loss = 0.1128, Test Loss = 0.0684
Epoch 279: Train Loss = 0.1164, Test Loss = 0.0696
Epoch 280: Train Loss = 0.1123, Test Loss = 0.0576
Epoch 281: Train Loss = 0.1138, Test Loss = 0.0594
Epoch 282: Train Loss = 0.1140, Test Loss = 0.0562
Epoch 283: Train Loss = 0.1138, Test Loss = 0.0630
Epoch 284: Train Loss = 0.1134, Test Loss = 0.0637
Epoch 285: Train Loss = 0.1154, Test Loss = 0.0629
Epoch 286: Train Loss = 0.1175, Test Loss = 0.0735
Epoch 287: Train Loss = 0.1152, Test Loss = 0.0632
Epoch 288: Train Loss = 0.1148, Test Loss = 0.0582
Epoch 289: Train Loss = 0.1118, Test Loss = 0.0660
Epoch 290: Train Loss = 0.1118, Test Loss = 0.0678
Epoch 291: Train Loss = 0.1130, Test Loss = 0.0605
Epoch 292: Train Loss = 0.1129, Test Loss = 0.0642
Epoch 293: Train Loss = 0.1134, Test Loss = 0.0603
Epoch 294: Train Loss = 0.1137, Test Loss = 0.0698
Epoch 295: Train Loss = 0.1147, Test Loss = 0.0609
Epoch 296: Train Loss = 0.1155, Test Loss = 0.0602
Epoch 297: Train Loss = 0.1135, Test Loss = 0.0618
Epoch 298: Train Loss = 0.1143, Test Loss = 0.0616
Epoch 299: Train Loss = 0.1140, Test Loss = 0.0580
Epoch 300: Train Loss = 0.1124, Test Loss = 0.0627
Trial completed in 2250.63s with error: 0.0627
Trial completed!
