Job started at Thu Apr 24 13:10:53 EDT 2025
Running on host: slepner087.amarel.rutgers.edu
SLURM job ID: 43167359
PYTHONPATH set to: :/home/elp95/tfa-predictor
Python executable: /cache/home/elp95/tfa-predictor/.venv/bin/python
Python version: Python 3.12.3
Current directory: /home/elp95/tfa-predictor
Contents of data directory:
total 121579
drwxrwxr-x  6 elp95 elp95      4096 Apr 20 13:33 .
drwxrwxr-x 15 elp95 elp95      8192 Apr 24 13:10 ..
drwxrwxr-x  5 elp95 elp95      4096 Apr 20 13:31 gene-xprs
drwxrwxr-x  2 elp95 elp95      4096 Apr 20 13:33 old
drwxrwxr-x  2 elp95 elp95      4096 Apr 20 13:29 __pycache__
-rw-rw-r--  1 elp95 elp95 124474679 Apr 20 13:30 pysnailed_no_jm.tsv
drwxrwxr-x  6 elp95 elp95      4096 Apr 20 13:32 tfa
Starting HPO campaign...
2025-04-24 13:10:54,512 - hpo_campaign - INFO - Starting HPO campaign with config: hpo.config.mlp_config
2025-04-24 13:10:54,513 - amarel_async_search - INFO - Initialized AmarelAsyncRandomSearch with output_dir=/home/elp95/tfa-predictor/hpo_results/mlp
2025-04-24 13:10:54,513 - amarel_async_search - INFO - Configuration space: {'input_size': 3883, 'output_size': 214, 'hidden_sizes': [[1024, 512, 256], [2048, 1024, 512], [2048, 1024, 512, 256], [512, 256, 128], [1024, 256]], 'lr': <scipy.stats._distn_infrastructure.rv_continuous_frozen object at 0x7fa0fde9b8f0>, 'weight_decay': <scipy.stats._distn_infrastructure.rv_continuous_frozen object at 0x7fa0fdefa420>, 'batch_size': [32, 64, 128], 'max_epochs': [50, 100, 200]}
2025-04-24 13:10:54,514 - hpo_campaign - INFO - Found checkpoint to resume from: /home/elp95/tfa-predictor/hpo_results/mlp/checkpoints/checkpoint_9.pkl
2025-04-24 13:10:54,514 - amarel_async_search - INFO - Loaded checkpoint from /home/elp95/tfa-predictor/hpo_results/mlp/checkpoints/checkpoint_9.pkl
2025-04-24 13:10:54,514 - amarel_async_search - INFO - Restored 9 completed trials
2025-04-24 13:10:54,514 - amarel_async_search - INFO - Best error so far: 0.0237816891943415
2025-04-24 13:10:54,515 - amarel_async_search - INFO - Starting asynchronous random search for 30 trials
2025-04-24 13:10:54,515 - amarel_async_search - INFO - Maximum concurrent jobs: 8
2025-04-24 13:10:54,544 - amarel_async_search - INFO - Job 607cd0fd-4223-442c-ad3a-cefbf5ec1598 no longer in SLURM memory (likely completed)
2025-04-24 13:10:54,544 - amarel_async_search - ERROR - Results file not found for job 607cd0fd-4223-442c-ad3a-cefbf5ec1598 (trial 1)
2025-04-24 13:10:54,544 - amarel_async_search - WARNING - Job 607cd0fd-4223-442c-ad3a-cefbf5ec1598 marked as completed but couldn't process results, removing from active jobs
2025-04-24 13:10:54,575 - amarel_async_search - INFO - Job 7f2aa220-2f91-4ad4-8302-a643bc670244 no longer in SLURM memory (likely completed)
2025-04-24 13:10:54,575 - amarel_async_search - ERROR - Results file not found for job 7f2aa220-2f91-4ad4-8302-a643bc670244 (trial 4)
2025-04-24 13:10:54,575 - amarel_async_search - WARNING - Job 7f2aa220-2f91-4ad4-8302-a643bc670244 marked as completed but couldn't process results, removing from active jobs
2025-04-24 13:10:54,606 - amarel_async_search - INFO - Job 8c2a4d12-a6c9-4ad5-914f-2f042397d5e8 no longer in SLURM memory (likely completed)
2025-04-24 13:10:54,606 - amarel_async_search - ERROR - Results file not found for job 8c2a4d12-a6c9-4ad5-914f-2f042397d5e8 (trial 6)
2025-04-24 13:10:54,607 - amarel_async_search - WARNING - Job 8c2a4d12-a6c9-4ad5-914f-2f042397d5e8 marked as completed but couldn't process results, removing from active jobs
2025-04-24 13:10:54,611 - amarel_async_search - INFO - Saved checkpoint to /home/elp95/tfa-predictor/hpo_results/mlp/checkpoints/checkpoint_10.pkl
2025-04-24 13:10:54,612 - amarel_async_search - INFO - Processed results for job 6beb9844-7018-4d2f-b83e-6dcc35af31ab (trial 7): error=0.07078146632938158
2025-04-24 13:10:54,616 - amarel_async_search - INFO - Saved checkpoint to /home/elp95/tfa-predictor/hpo_results/mlp/checkpoints/checkpoint_11.pkl
2025-04-24 13:10:54,617 - amarel_async_search - INFO - Processed results for job a1ce93b3-dc25-4dcf-8ac3-1ac855fc06b3 (trial 11): error=0.02933283912187273
2025-04-24 13:10:54,623 - amarel_async_search - INFO - Saved checkpoint to /home/elp95/tfa-predictor/hpo_results/mlp/checkpoints/checkpoint_12.pkl
2025-04-24 13:10:54,625 - amarel_async_search - INFO - Processed results for job 3a3d11b0-7408-40c8-b3c3-6434a5e33ee0 (trial 12): error=0.029896348376165737
2025-04-24 13:10:54,628 - amarel_async_search - INFO - Saved checkpoint to /home/elp95/tfa-predictor/hpo_results/mlp/checkpoints/checkpoint_13.pkl
2025-04-24 13:10:54,630 - amarel_async_search - INFO - Processed results for job aa537217-d369-4496-8e44-2d2e9610cd2a (trial 13): error=0.07979721017181873
2025-04-24 13:10:54,655 - amarel_async_search - INFO - Saved checkpoint to /home/elp95/tfa-predictor/hpo_results/mlp/checkpoints/checkpoint_14.pkl
2025-04-24 13:10:54,657 - amarel_async_search - INFO - Processed results for job 578bf2fa-25b6-4420-94b0-6ee0b69c1f5e (trial 14): error=0.1001010997728868
2025-04-24 13:10:54,657 - amarel_async_search - INFO - Removing job 607cd0fd-4223-442c-ad3a-cefbf5ec1598 from active jobs
2025-04-24 13:10:54,657 - amarel_async_search - INFO - Removing job 7f2aa220-2f91-4ad4-8302-a643bc670244 from active jobs
2025-04-24 13:10:54,657 - amarel_async_search - INFO - Removing job 8c2a4d12-a6c9-4ad5-914f-2f042397d5e8 from active jobs
2025-04-24 13:10:54,694 - amarel_async_search - INFO - Submitted SLURM job 43167362 for trial 15
2025-04-24 13:10:54,728 - amarel_async_search - INFO - Submitted SLURM job 43167363 for trial 16
2025-04-24 13:10:54,761 - amarel_async_search - INFO - Submitted SLURM job 43167364 for trial 17
2025-04-24 13:10:54,793 - amarel_async_search - INFO - Submitted SLURM job 43167365 for trial 18
2025-04-24 13:10:54,825 - amarel_async_search - INFO - Submitted SLURM job 43167366 for trial 19
2025-04-24 13:10:54,857 - amarel_async_search - INFO - Submitted SLURM job 43167367 for trial 20
2025-04-24 13:10:54,890 - amarel_async_search - INFO - Submitted SLURM job 43167368 for trial 21
2025-04-24 13:10:54,922 - amarel_async_search - INFO - Submitted SLURM job 43167369 for trial 22
2025-04-24 13:10:54,922 - amarel_async_search - INFO - Status: 14/30 trials completed, 8 jobs active, best error: 0.0237816891943415, elapsed: 613998.5s
2025-04-24 13:10:59,927 - amarel_async_search - INFO - Saved checkpoint to /home/elp95/tfa-predictor/hpo_results/mlp/checkpoints/checkpoint_15.pkl
2025-04-24 13:10:59,929 - amarel_async_search - INFO - Processed results for job 43167362 (trial 15): error=0.03755064060290655
2025-04-24 13:10:59,933 - amarel_async_search - INFO - Saved checkpoint to /home/elp95/tfa-predictor/hpo_results/mlp/checkpoints/checkpoint_16.pkl
2025-04-24 13:10:59,935 - amarel_async_search - INFO - Processed results for job 43167363 (trial 16): error=0.05099343229085207
2025-04-24 13:10:59,939 - amarel_async_search - INFO - Saved checkpoint to /home/elp95/tfa-predictor/hpo_results/mlp/checkpoints/checkpoint_17.pkl
2025-04-24 13:10:59,940 - amarel_async_search - INFO - Processed results for job 43167364 (trial 17): error=0.02964811896284421
2025-04-24 13:10:59,944 - amarel_async_search - INFO - Saved checkpoint to /home/elp95/tfa-predictor/hpo_results/mlp/checkpoints/checkpoint_18.pkl
2025-04-24 13:10:59,946 - amarel_async_search - INFO - Processed results for job 43167365 (trial 18): error=0.02559833618050272
2025-04-24 13:10:59,950 - amarel_async_search - INFO - Saved checkpoint to /home/elp95/tfa-predictor/hpo_results/mlp/checkpoints/checkpoint_19.pkl
2025-04-24 13:10:59,951 - amarel_async_search - INFO - Processed results for job 43167366 (trial 19): error=0.029011759995704607
2025-04-24 13:10:59,955 - amarel_async_search - INFO - Saved checkpoint to /home/elp95/tfa-predictor/hpo_results/mlp/checkpoints/checkpoint_20.pkl
2025-04-24 13:10:59,957 - amarel_async_search - INFO - Processed results for job 43167367 (trial 20): error=0.05721167474985123
2025-04-24 13:10:59,961 - amarel_async_search - INFO - Saved checkpoint to /home/elp95/tfa-predictor/hpo_results/mlp/checkpoints/checkpoint_21.pkl
2025-04-24 13:10:59,962 - amarel_async_search - INFO - Processed results for job 43167368 (trial 21): error=0.04735573629538218
2025-04-24 13:10:59,966 - amarel_async_search - INFO - Saved checkpoint to /home/elp95/tfa-predictor/hpo_results/mlp/checkpoints/checkpoint_22.pkl
2025-04-24 13:10:59,968 - amarel_async_search - INFO - Processed results for job 43167369 (trial 22): error=0.026467392221093178
2025-04-24 13:11:00,004 - amarel_async_search - INFO - Submitted SLURM job 43167370 for trial 23
2025-04-24 13:11:00,039 - amarel_async_search - INFO - Submitted SLURM job 43167371 for trial 24
2025-04-24 13:11:00,073 - amarel_async_search - INFO - Submitted SLURM job 43167372 for trial 25
2025-04-24 13:11:00,108 - amarel_async_search - INFO - Submitted SLURM job 43167373 for trial 26
2025-04-24 13:11:00,143 - amarel_async_search - INFO - Submitted SLURM job 43167374 for trial 27
2025-04-24 13:11:00,178 - amarel_async_search - INFO - Submitted SLURM job 43167375 for trial 28
2025-04-24 13:11:00,212 - amarel_async_search - INFO - Submitted SLURM job 43167376 for trial 29
2025-04-24 13:11:00,246 - amarel_async_search - INFO - Submitted SLURM job 43167377 for trial 30
2025-04-24 13:11:00,246 - amarel_async_search - INFO - Status: 22/30 trials completed, 8 jobs active, best error: 0.0237816891943415, elapsed: 614003.8s
2025-04-24 13:11:05,251 - amarel_async_search - INFO - Saved checkpoint to /home/elp95/tfa-predictor/hpo_results/mlp/checkpoints/checkpoint_23.pkl
2025-04-24 13:11:05,252 - amarel_async_search - INFO - Processed results for job 43167370 (trial 23): error=0.030719040405182613
2025-04-24 13:11:05,257 - amarel_async_search - INFO - Saved checkpoint to /home/elp95/tfa-predictor/hpo_results/mlp/checkpoints/checkpoint_24.pkl
2025-04-24 13:11:05,258 - amarel_async_search - INFO - Processed results for job 43167371 (trial 24): error=0.031051684678955513
2025-04-24 13:11:05,260 - amarel_async_search - INFO - New best configuration found! Error: 0.023442814803936264
2025-04-24 13:11:05,260 - amarel_async_search - INFO - Best config: {'input_size': 3883, 'output_size': 214, 'hidden_sizes': [2048, 1024, 512], 'lr': np.float64(0.0005899741796710494), 'weight_decay': np.float64(1.0762979285747974e-05), 'batch_size': np.int64(64), 'max_epochs': np.int64(200)}
2025-04-24 13:11:05,264 - amarel_async_search - INFO - Saved checkpoint to /home/elp95/tfa-predictor/hpo_results/mlp/checkpoints/checkpoint_25.pkl
2025-04-24 13:11:05,266 - amarel_async_search - INFO - Processed results for job 43167372 (trial 25): error=0.023442814803936264
2025-04-24 13:11:05,270 - amarel_async_search - INFO - Saved checkpoint to /home/elp95/tfa-predictor/hpo_results/mlp/checkpoints/checkpoint_26.pkl
2025-04-24 13:11:05,271 - amarel_async_search - INFO - Processed results for job 43167373 (trial 26): error=0.06849322405954202
2025-04-24 13:11:05,275 - amarel_async_search - INFO - Saved checkpoint to /home/elp95/tfa-predictor/hpo_results/mlp/checkpoints/checkpoint_27.pkl
2025-04-24 13:11:05,276 - amarel_async_search - INFO - Processed results for job 43167374 (trial 27): error=6.237474984066053
2025-04-24 13:11:05,280 - amarel_async_search - INFO - Saved checkpoint to /home/elp95/tfa-predictor/hpo_results/mlp/checkpoints/checkpoint_28.pkl
2025-04-24 13:11:05,282 - amarel_async_search - INFO - Processed results for job 43167375 (trial 28): error=0.03756128268485719
2025-04-24 13:11:05,285 - amarel_async_search - INFO - Saved checkpoint to /home/elp95/tfa-predictor/hpo_results/mlp/checkpoints/checkpoint_29.pkl
2025-04-24 13:11:05,286 - amarel_async_search - INFO - Processed results for job 43167376 (trial 29): error=0.13949184661561792
2025-04-24 13:11:05,290 - amarel_async_search - INFO - Saved checkpoint to /home/elp95/tfa-predictor/hpo_results/mlp/checkpoints/checkpoint_30.pkl
2025-04-24 13:11:05,291 - amarel_async_search - INFO - Processed results for job 43167377 (trial 30): error=0.1416675920287768
2025-04-24 13:11:05,291 - amarel_async_search - INFO - Status: 30/30 trials completed, 0 jobs active, best error: 0.023442814803936264, elapsed: 614008.9s
2025-04-24 13:11:10,292 - amarel_async_search - INFO - Search completed, best error: 0.023442814803936264
2025-04-24 13:11:10,292 - amarel_async_search - INFO - Best config: {'input_size': 3883, 'output_size': 214, 'hidden_sizes': [2048, 1024, 512], 'lr': np.float64(0.0005899741796710494), 'weight_decay': np.float64(1.0762979285747974e-05), 'batch_size': np.int64(64), 'max_epochs': np.int64(200)}
2025-04-24 13:11:10,294 - amarel_scheduler - INFO - HPO campaign completed. Results saved to /home/elp95/tfa-predictor/hpo_results/mlp/final_results.json
2025-04-24 13:11:10,295 - hpo_campaign - INFO - HPO campaign completed successfully
2025-04-24 13:11:10,295 - hpo_campaign - INFO - Best configuration: {'input_size': 3883, 'output_size': 214, 'hidden_sizes': [2048, 1024, 512], 'lr': np.float64(0.0005899741796710494), 'weight_decay': np.float64(1.0762979285747974e-05), 'batch_size': np.int64(64), 'max_epochs': np.int64(200)}
2025-04-24 13:11:10,295 - hpo_campaign - INFO - Best error: 0.023442814803936264
HPO campaign completed at Thu Apr 24 13:11:10 EDT 2025
