Running on host hal0056.amarel.rutgers.edu
Time is Thu Apr 24 15:36:47 EDT 2025
Directory is /home/elp95/tfa-predictor
SLURM job ID is 43169360
Starting trial...
Running trial with config: {'input_size': 3883, 'output_size': 214, 'hidden_sizes': [1024, 512, 256], 'lr': 0.0016115875653160043, 'weight_decay': 1.0584969997394116e-05, 'batch_size': 16, 'max_epochs': 150, 'dropout_rate': 0.06941358632470507, 'activation': 'selu', 'optimizer': 'rmsprop', 'learning_rate_schedule': 'exponential', 'batch_norm': 'false'}
Using data directory: /cache/home/elp95/tfa-predictor/data
xprs_path: /cache/home/elp95/tfa-predictor/data/gene-xprs/processed/xprs-data.csv
tfa_path: /cache/home/elp95/tfa-predictor/data/tfa/processed/tfa-labels.csv
Epoch 1: Train Loss = 0.4345, Test Loss = 0.0876
Epoch 2: Train Loss = 0.2556, Test Loss = 0.0759
Epoch 3: Train Loss = 0.2249, Test Loss = 0.0804
Epoch 4: Train Loss = 0.2093, Test Loss = 0.0807
Epoch 5: Train Loss = 0.1934, Test Loss = 0.0709
Epoch 6: Train Loss = 0.1838, Test Loss = 0.0706
Epoch 7: Train Loss = 0.1853, Test Loss = 0.0781
Epoch 8: Train Loss = 0.1774, Test Loss = 0.0771
Epoch 9: Train Loss = 0.1762, Test Loss = 0.0660
Epoch 10: Train Loss = 0.1753, Test Loss = 0.0856
Epoch 11: Train Loss = 0.1723, Test Loss = 0.0673
Epoch 12: Train Loss = 0.1681, Test Loss = 0.0666
Epoch 13: Train Loss = 0.1698, Test Loss = 0.0810
Epoch 14: Train Loss = 0.1674, Test Loss = 0.0737
Epoch 15: Train Loss = 0.1688, Test Loss = 0.0694
Epoch 16: Train Loss = 0.1646, Test Loss = 0.0830
Epoch 17: Train Loss = 0.1619, Test Loss = 0.0886
Epoch 18: Train Loss = 0.1668, Test Loss = 0.0668
Epoch 19: Train Loss = 0.1644, Test Loss = 0.0735
Epoch 20: Train Loss = 0.1618, Test Loss = 0.0639
Epoch 21: Train Loss = 0.1640, Test Loss = 0.0709
Epoch 22: Train Loss = 0.1622, Test Loss = 0.0717
Epoch 23: Train Loss = 0.1578, Test Loss = 0.0623
Epoch 24: Train Loss = 0.1581, Test Loss = 0.0843
Epoch 25: Train Loss = 0.1579, Test Loss = 0.0730
Epoch 26: Train Loss = 0.1618, Test Loss = 0.0738
Epoch 27: Train Loss = 0.1631, Test Loss = 0.0652
Epoch 28: Train Loss = 0.1603, Test Loss = 0.0753
Epoch 29: Train Loss = 0.1599, Test Loss = 0.0611
Epoch 30: Train Loss = 0.1524, Test Loss = 0.0693
Epoch 31: Train Loss = 0.1584, Test Loss = 0.0698
Epoch 32: Train Loss = 0.1567, Test Loss = 0.0591
Epoch 33: Train Loss = 0.1543, Test Loss = 0.0670
Epoch 34: Train Loss = 0.1568, Test Loss = 0.0703
Epoch 35: Train Loss = 0.1598, Test Loss = 0.0748
Epoch 36: Train Loss = 0.1582, Test Loss = 0.0683
Epoch 37: Train Loss = 0.1563, Test Loss = 0.0584
Epoch 38: Train Loss = 0.1530, Test Loss = 0.0742
Epoch 39: Train Loss = 0.1552, Test Loss = 0.0699
Epoch 40: Train Loss = 0.1508, Test Loss = 0.0679
Epoch 41: Train Loss = 0.1536, Test Loss = 0.0659
Epoch 42: Train Loss = 0.1575, Test Loss = 0.0662
Epoch 43: Train Loss = 0.1529, Test Loss = 0.0747
Epoch 44: Train Loss = 0.1532, Test Loss = 0.0622
Epoch 45: Train Loss = 0.1527, Test Loss = 0.0775
Epoch 46: Train Loss = 0.1552, Test Loss = 0.0806
Epoch 47: Train Loss = 0.1534, Test Loss = 0.0678
Epoch 48: Train Loss = 0.1552, Test Loss = 0.0751
Epoch 49: Train Loss = 0.1566, Test Loss = 0.0665
Epoch 50: Train Loss = 0.1537, Test Loss = 0.0724
Epoch 51: Train Loss = 0.1544, Test Loss = 0.0773
Epoch 52: Train Loss = 0.1550, Test Loss = 0.0713
Epoch 53: Train Loss = 0.1556, Test Loss = 0.0682
Epoch 54: Train Loss = 0.1538, Test Loss = 0.0666
Epoch 55: Train Loss = 0.1529, Test Loss = 0.0615
Epoch 56: Train Loss = 0.1512, Test Loss = 0.0664
Epoch 57: Train Loss = 0.1532, Test Loss = 0.0732
Epoch 58: Train Loss = 0.1586, Test Loss = 0.0607
Epoch 59: Train Loss = 0.1563, Test Loss = 0.0696
Epoch 60: Train Loss = 0.1522, Test Loss = 0.0693
Epoch 61: Train Loss = 0.1557, Test Loss = 0.0813
Epoch 62: Train Loss = 0.1580, Test Loss = 0.0789
Epoch 63: Train Loss = 0.1525, Test Loss = 0.0704
Epoch 64: Train Loss = 0.1474, Test Loss = 0.0664
Epoch 65: Train Loss = 0.1475, Test Loss = 0.0657
Epoch 66: Train Loss = 0.1485, Test Loss = 0.0785
Epoch 67: Train Loss = 0.1505, Test Loss = 0.0603
Epoch 68: Train Loss = 0.1521, Test Loss = 0.0638
Epoch 69: Train Loss = 0.1511, Test Loss = 0.0755
Epoch 70: Train Loss = 0.1474, Test Loss = 0.0645
Epoch 71: Train Loss = 0.1447, Test Loss = 0.0696
Epoch 72: Train Loss = 0.1508, Test Loss = 0.0631
Epoch 73: Train Loss = 0.1517, Test Loss = 0.0684
Epoch 74: Train Loss = 0.1516, Test Loss = 0.0666
Epoch 75: Train Loss = 0.1499, Test Loss = 0.0596
Epoch 76: Train Loss = 0.1522, Test Loss = 0.0676
Epoch 77: Train Loss = 0.1540, Test Loss = 0.0683
Epoch 78: Train Loss = 0.1509, Test Loss = 0.0809
Epoch 79: Train Loss = 0.1487, Test Loss = 0.0658
Epoch 80: Train Loss = 0.1458, Test Loss = 0.0652
Epoch 81: Train Loss = 0.1482, Test Loss = 0.0684
Epoch 82: Train Loss = 0.1481, Test Loss = 0.0718
Epoch 83: Train Loss = 0.1477, Test Loss = 0.0709
Epoch 84: Train Loss = 0.1530, Test Loss = 0.0642
Epoch 85: Train Loss = 0.1486, Test Loss = 0.0645
Epoch 86: Train Loss = 0.1560, Test Loss = 0.0724
Epoch 87: Train Loss = 0.1499, Test Loss = 0.0625
Epoch 88: Train Loss = 0.1483, Test Loss = 0.0822
Epoch 89: Train Loss = 0.1434, Test Loss = 0.0709
Epoch 90: Train Loss = 0.1480, Test Loss = 0.0675
Epoch 91: Train Loss = 0.1511, Test Loss = 0.0728
Epoch 92: Train Loss = 0.1528, Test Loss = 0.0714
Epoch 93: Train Loss = 0.1481, Test Loss = 0.0632
Epoch 94: Train Loss = 0.1442, Test Loss = 0.0613
Epoch 95: Train Loss = 0.1508, Test Loss = 0.0809
Epoch 96: Train Loss = 0.1503, Test Loss = 0.0632
Epoch 97: Train Loss = 0.1475, Test Loss = 0.0672
Epoch 98: Train Loss = 0.1482, Test Loss = 0.0691
Epoch 99: Train Loss = 0.1487, Test Loss = 0.0678
Epoch 100: Train Loss = 0.1494, Test Loss = 0.0677
Epoch 101: Train Loss = 0.1460, Test Loss = 0.0697
Epoch 102: Train Loss = 0.1493, Test Loss = 0.0673
Epoch 103: Train Loss = 0.1491, Test Loss = 0.0669
Epoch 104: Train Loss = 0.1484, Test Loss = 0.0692
Epoch 105: Train Loss = 0.1500, Test Loss = 0.0730
Epoch 106: Train Loss = 0.1471, Test Loss = 0.0647
Epoch 107: Train Loss = 0.1435, Test Loss = 0.0627
Epoch 108: Train Loss = 0.1453, Test Loss = 0.0755
Epoch 109: Train Loss = 0.1447, Test Loss = 0.0645
Epoch 110: Train Loss = 0.1482, Test Loss = 0.0690
Epoch 111: Train Loss = 0.1435, Test Loss = 0.0686
Epoch 112: Train Loss = 0.1476, Test Loss = 0.0659
Epoch 113: Train Loss = 0.1510, Test Loss = 0.0623
Epoch 114: Train Loss = 0.1471, Test Loss = 0.0688
Epoch 115: Train Loss = 0.1469, Test Loss = 0.0659
Epoch 116: Train Loss = 0.1494, Test Loss = 0.0704
Epoch 117: Train Loss = 0.1445, Test Loss = 0.0775
Epoch 118: Train Loss = 0.1468, Test Loss = 0.0679
Epoch 119: Train Loss = 0.1450, Test Loss = 0.0593
Epoch 120: Train Loss = 0.1482, Test Loss = 0.0695
Epoch 121: Train Loss = 0.1464, Test Loss = 0.0648
Epoch 122: Train Loss = 0.1449, Test Loss = 0.0638
Epoch 123: Train Loss = 0.1501, Test Loss = 0.0603
Epoch 124: Train Loss = 0.1454, Test Loss = 0.0728
Epoch 125: Train Loss = 0.1491, Test Loss = 0.0618
Epoch 126: Train Loss = 0.1428, Test Loss = 0.0780
Epoch 127: Train Loss = 0.1474, Test Loss = 0.0674
Epoch 128: Train Loss = 0.1419, Test Loss = 0.0662
Epoch 129: Train Loss = 0.1474, Test Loss = 0.0650
Epoch 130: Train Loss = 0.1471, Test Loss = 0.0714
Epoch 131: Train Loss = 0.1459, Test Loss = 0.0646
Epoch 132: Train Loss = 0.1468, Test Loss = 0.0558
Epoch 133: Train Loss = 0.1485, Test Loss = 0.0818
Epoch 134: Train Loss = 0.1514, Test Loss = 0.0647
Epoch 135: Train Loss = 0.1481, Test Loss = 0.0656
Epoch 136: Train Loss = 0.1470, Test Loss = 0.0680
Epoch 137: Train Loss = 0.1453, Test Loss = 0.0673
Epoch 138: Train Loss = 0.1437, Test Loss = 0.0645
Epoch 139: Train Loss = 0.1461, Test Loss = 0.0696
Epoch 140: Train Loss = 0.1474, Test Loss = 0.0651
Epoch 141: Train Loss = 0.1469, Test Loss = 0.0720
Epoch 142: Train Loss = 0.1473, Test Loss = 0.0732
Epoch 143: Train Loss = 0.1468, Test Loss = 0.0613
Epoch 144: Train Loss = 0.1434, Test Loss = 0.0646
Epoch 145: Train Loss = 0.1456, Test Loss = 0.0720
Epoch 146: Train Loss = 0.1463, Test Loss = 0.0668
Epoch 147: Train Loss = 0.1497, Test Loss = 0.0568
Epoch 148: Train Loss = 0.1496, Test Loss = 0.0628
Epoch 149: Train Loss = 0.1463, Test Loss = 0.0640
Epoch 150: Train Loss = 0.1466, Test Loss = 0.0634
Trial completed in 654.40s with error: 0.0634
Trial completed!
