Running on host hal0056.amarel.rutgers.edu
Time is Thu Apr 24 14:58:15 EDT 2025
Directory is /home/elp95/tfa-predictor
SLURM job ID is 43168517
Starting trial...
Running trial with config: {'input_size': 3883, 'output_size': 214, 'hidden_sizes': [2048, 1024, 512, 256, 128], 'lr': 0.005883967576199303, 'weight_decay': 0.00046775240101761456, 'batch_size': 128, 'max_epochs': 100, 'dropout_rate': 0.0469909699204345, 'activation': 'elu', 'optimizer': 'sgd_momentum', 'learning_rate_schedule': 'step', 'batch_norm': 'true'}
Using data directory: /cache/home/elp95/tfa-predictor/data
xprs_path: /cache/home/elp95/tfa-predictor/data/gene-xprs/processed/xprs-data.csv
tfa_path: /cache/home/elp95/tfa-predictor/data/tfa/processed/tfa-labels.csv
Epoch 1: Train Loss = 0.5385, Test Loss = 1.8023
Epoch 2: Train Loss = 0.2516, Test Loss = 0.1395
Epoch 3: Train Loss = 0.1923, Test Loss = 0.2683
Epoch 4: Train Loss = 0.1764, Test Loss = 0.2822
Epoch 5: Train Loss = 0.1678, Test Loss = 0.2257
Epoch 6: Train Loss = 0.1690, Test Loss = 0.1728
Epoch 7: Train Loss = 0.1667, Test Loss = 0.1626
Epoch 8: Train Loss = 0.1616, Test Loss = 0.1413
Epoch 9: Train Loss = 0.1549, Test Loss = 0.1461
Epoch 10: Train Loss = 0.1603, Test Loss = 0.1426
Epoch 11: Train Loss = 0.1603, Test Loss = 0.1230
Epoch 12: Train Loss = 0.1630, Test Loss = 0.1707
Epoch 13: Train Loss = 0.1699, Test Loss = 0.2090
Epoch 14: Train Loss = 0.1757, Test Loss = 0.0996
Epoch 15: Train Loss = 0.1648, Test Loss = 0.1351
Epoch 16: Train Loss = 0.1579, Test Loss = 0.1171
Epoch 17: Train Loss = 0.1635, Test Loss = 0.0964
Epoch 18: Train Loss = 0.1727, Test Loss = 0.1262
Epoch 19: Train Loss = 0.1701, Test Loss = 0.1452
Epoch 20: Train Loss = 0.1596, Test Loss = 0.1036
Epoch 21: Train Loss = 0.1591, Test Loss = 0.1311
Epoch 22: Train Loss = 0.1651, Test Loss = 0.1090
Epoch 23: Train Loss = 0.1677, Test Loss = 0.0968
Epoch 24: Train Loss = 0.1665, Test Loss = 0.1358
Epoch 25: Train Loss = 0.1660, Test Loss = 0.1076
Epoch 26: Train Loss = 0.1615, Test Loss = 0.1161
Epoch 27: Train Loss = 0.1665, Test Loss = 0.1405
Epoch 28: Train Loss = 0.1702, Test Loss = 0.1157
Epoch 29: Train Loss = 0.1672, Test Loss = 0.1246
Epoch 30: Train Loss = 0.1616, Test Loss = 0.1027
Epoch 31: Train Loss = 0.1590, Test Loss = 0.1066
Epoch 32: Train Loss = 0.1738, Test Loss = 0.1391
Epoch 33: Train Loss = 0.1595, Test Loss = 0.0929
Epoch 34: Train Loss = 0.1639, Test Loss = 0.1072
Epoch 35: Train Loss = 0.1672, Test Loss = 0.1112
Epoch 36: Train Loss = 0.1663, Test Loss = 0.0957
Epoch 37: Train Loss = 0.1656, Test Loss = 0.0988
Epoch 38: Train Loss = 0.1663, Test Loss = 0.1495
Epoch 39: Train Loss = 0.1749, Test Loss = 0.1767
Epoch 40: Train Loss = 0.1704, Test Loss = 0.1117
Epoch 41: Train Loss = 0.1705, Test Loss = 0.1156
Epoch 42: Train Loss = 0.1639, Test Loss = 0.1057
Epoch 43: Train Loss = 0.1628, Test Loss = 0.1609
Epoch 44: Train Loss = 0.1770, Test Loss = 0.1683
Epoch 45: Train Loss = 0.1697, Test Loss = 0.1208
Epoch 46: Train Loss = 0.1626, Test Loss = 0.1120
Epoch 47: Train Loss = 0.1634, Test Loss = 0.0872
Epoch 48: Train Loss = 0.1630, Test Loss = 0.1342
Epoch 49: Train Loss = 0.1624, Test Loss = 0.1848
Epoch 50: Train Loss = 0.1705, Test Loss = 0.0971
Epoch 51: Train Loss = 0.1656, Test Loss = 0.1166
Epoch 52: Train Loss = 0.1655, Test Loss = 0.1066
Epoch 53: Train Loss = 0.1727, Test Loss = 0.1753
Epoch 54: Train Loss = 0.1816, Test Loss = 0.1659
Epoch 55: Train Loss = 0.1810, Test Loss = 0.0945
Epoch 56: Train Loss = 0.1743, Test Loss = 0.1087
Epoch 57: Train Loss = 0.1678, Test Loss = 0.1182
Epoch 58: Train Loss = 0.1692, Test Loss = 0.1516
Epoch 59: Train Loss = 0.1802, Test Loss = 0.1166
Epoch 60: Train Loss = 0.1658, Test Loss = 0.1102
Epoch 61: Train Loss = 0.1660, Test Loss = 0.1039
Epoch 62: Train Loss = 0.1716, Test Loss = 0.0898
Epoch 63: Train Loss = 0.1692, Test Loss = 0.1116
Epoch 64: Train Loss = 0.1613, Test Loss = 0.1258
Epoch 65: Train Loss = 0.1768, Test Loss = 0.1242
Epoch 66: Train Loss = 0.1776, Test Loss = 0.1060
Epoch 67: Train Loss = 0.1679, Test Loss = 0.0985
Epoch 68: Train Loss = 0.1694, Test Loss = 0.1301
Epoch 69: Train Loss = 0.1757, Test Loss = 0.1147
Epoch 70: Train Loss = 0.1687, Test Loss = 0.1135
Epoch 71: Train Loss = 0.1672, Test Loss = 0.0946
Epoch 72: Train Loss = 0.1740, Test Loss = 0.1182
Epoch 73: Train Loss = 0.1800, Test Loss = 0.1263
Epoch 74: Train Loss = 0.1796, Test Loss = 0.1125
Epoch 75: Train Loss = 0.1710, Test Loss = 0.1394
Epoch 76: Train Loss = 0.1725, Test Loss = 0.0986
Epoch 77: Train Loss = 0.1736, Test Loss = 0.1143
Epoch 78: Train Loss = 0.1750, Test Loss = 0.1136
Epoch 79: Train Loss = 0.1699, Test Loss = 0.0972
Epoch 80: Train Loss = 0.1767, Test Loss = 0.1422
Epoch 81: Train Loss = 0.1685, Test Loss = 0.1006
Epoch 82: Train Loss = 0.1721, Test Loss = 0.1121
Epoch 83: Train Loss = 0.1739, Test Loss = 0.1460
Epoch 84: Train Loss = 0.1775, Test Loss = 0.1348
Epoch 85: Train Loss = 0.1838, Test Loss = 0.1009
Epoch 86: Train Loss = 0.1823, Test Loss = 0.1210
Epoch 87: Train Loss = 0.1840, Test Loss = 0.1174
Epoch 88: Train Loss = 0.1723, Test Loss = 0.1306
Epoch 89: Train Loss = 0.1744, Test Loss = 0.1029
Epoch 90: Train Loss = 0.1751, Test Loss = 0.1346
Epoch 91: Train Loss = 0.1759, Test Loss = 0.1110
Epoch 92: Train Loss = 0.1773, Test Loss = 0.1155
Epoch 93: Train Loss = 0.1758, Test Loss = 0.1045
Epoch 94: Train Loss = 0.1717, Test Loss = 0.1182
Epoch 95: Train Loss = 0.1808, Test Loss = 0.1290
Epoch 96: Train Loss = 0.1749, Test Loss = 0.1645
Epoch 97: Train Loss = 0.1878, Test Loss = 0.0887
Epoch 98: Train Loss = 0.1779, Test Loss = 0.1363
Epoch 99: Train Loss = 0.1728, Test Loss = 0.1338
Epoch 100: Train Loss = 0.1744, Test Loss = 0.1056
Trial completed in 185.06s with error: 0.1056
Trial completed!
