Running on host hal0037.amarel.rutgers.edu
Time is Thu Apr 24 13:11:24 EDT 2025
Directory is /home/elp95/tfa-predictor
SLURM job ID is 43167369
Starting trial...
Running trial with config: {'input_size': 3883, 'output_size': 214, 'hidden_sizes': [2048, 1024, 512, 256], 'lr': 0.00015177941306507495, 'weight_decay': 0.00017249321573179011, 'batch_size': 128, 'max_epochs': 50}
Using data directory: /cache/home/elp95/tfa-predictor/data
xprs_path: /cache/home/elp95/tfa-predictor/data/gene-xprs/processed/xprs-data.csv
tfa_path: /cache/home/elp95/tfa-predictor/data/tfa/processed/tfa-labels.csv
Epoch 1: Train Loss = 0.8180, Test Loss = 0.2775
Epoch 2: Train Loss = 0.5100, Test Loss = 0.1721
Epoch 3: Train Loss = 0.4166, Test Loss = 0.1254
Epoch 4: Train Loss = 0.3718, Test Loss = 0.1054
Epoch 5: Train Loss = 0.3432, Test Loss = 0.0934
Epoch 6: Train Loss = 0.3205, Test Loss = 0.0838
Epoch 7: Train Loss = 0.3036, Test Loss = 0.0769
Epoch 8: Train Loss = 0.2908, Test Loss = 0.0707
Epoch 9: Train Loss = 0.2763, Test Loss = 0.0666
Epoch 10: Train Loss = 0.2664, Test Loss = 0.0599
Epoch 11: Train Loss = 0.2558, Test Loss = 0.0566
Epoch 12: Train Loss = 0.2442, Test Loss = 0.0547
Epoch 13: Train Loss = 0.2394, Test Loss = 0.0525
Epoch 14: Train Loss = 0.2317, Test Loss = 0.0500
Epoch 15: Train Loss = 0.2228, Test Loss = 0.0493
Epoch 16: Train Loss = 0.2184, Test Loss = 0.0469
Epoch 17: Train Loss = 0.2119, Test Loss = 0.0451
Epoch 18: Train Loss = 0.2042, Test Loss = 0.0460
Epoch 19: Train Loss = 0.2004, Test Loss = 0.0457
Epoch 20: Train Loss = 0.1950, Test Loss = 0.0421
Epoch 21: Train Loss = 0.1896, Test Loss = 0.0432
Epoch 22: Train Loss = 0.1873, Test Loss = 0.0431
Epoch 23: Train Loss = 0.1817, Test Loss = 0.0378
Epoch 24: Train Loss = 0.1759, Test Loss = 0.0380
Epoch 25: Train Loss = 0.1741, Test Loss = 0.0369
Epoch 26: Train Loss = 0.1694, Test Loss = 0.0371
Epoch 27: Train Loss = 0.1675, Test Loss = 0.0361
Epoch 28: Train Loss = 0.1621, Test Loss = 0.0352
Epoch 29: Train Loss = 0.1611, Test Loss = 0.0369
Epoch 30: Train Loss = 0.1560, Test Loss = 0.0333
Epoch 31: Train Loss = 0.1537, Test Loss = 0.0368
Epoch 32: Train Loss = 0.1522, Test Loss = 0.0365
Epoch 33: Train Loss = 0.1480, Test Loss = 0.0402
Epoch 34: Train Loss = 0.1459, Test Loss = 0.0396
Epoch 35: Train Loss = 0.1443, Test Loss = 0.0410
Epoch 36: Train Loss = 0.1429, Test Loss = 0.0362
Epoch 37: Train Loss = 0.1398, Test Loss = 0.0361
Epoch 38: Train Loss = 0.1372, Test Loss = 0.0320
Epoch 39: Train Loss = 0.1348, Test Loss = 0.0360
Epoch 40: Train Loss = 0.1359, Test Loss = 0.0332
Epoch 41: Train Loss = 0.1315, Test Loss = 0.0320
Epoch 42: Train Loss = 0.1303, Test Loss = 0.0315
Epoch 43: Train Loss = 0.1260, Test Loss = 0.0314
Epoch 44: Train Loss = 0.1265, Test Loss = 0.0331
Epoch 45: Train Loss = 0.1259, Test Loss = 0.0280
Epoch 46: Train Loss = 0.1239, Test Loss = 0.0287
Epoch 47: Train Loss = 0.1245, Test Loss = 0.0280
Epoch 48: Train Loss = 0.1203, Test Loss = 0.0266
Epoch 49: Train Loss = 0.1197, Test Loss = 0.0275
Epoch 50: Train Loss = 0.1170, Test Loss = 0.0278
Trial completed in 107.63s with error: 0.0278
Trial completed!
