Running on host hal0025.amarel.rutgers.edu
Time is Thu Apr 24 14:54:07 EDT 2025
Directory is /home/elp95/tfa-predictor
SLURM job ID is 43168487
Starting trial...
Running trial with config: {'input_size': 3883, 'output_size': 214, 'hidden_sizes': [4096, 2048, 1024], 'lr': 0.0033215675828966004, 'weight_decay': 0.00034672361874164576, 'batch_size': 128, 'max_epochs': 50, 'dropout_rate': 0.3210158230771439, 'activation': 'elu', 'optimizer': 'adam', 'learning_rate_schedule': 'exponential', 'batch_norm': 'false'}
Using data directory: /cache/home/elp95/tfa-predictor/data
xprs_path: /cache/home/elp95/tfa-predictor/data/gene-xprs/processed/xprs-data.csv
tfa_path: /cache/home/elp95/tfa-predictor/data/tfa/processed/tfa-labels.csv
Epoch 1: Train Loss = 0.5371, Test Loss = 0.7359
Epoch 2: Train Loss = 0.2789, Test Loss = 0.1065
Epoch 3: Train Loss = 0.2158, Test Loss = 0.1597
Epoch 4: Train Loss = 0.1744, Test Loss = 0.1743
Epoch 5: Train Loss = 0.1435, Test Loss = 0.1397
Epoch 6: Train Loss = 0.1419, Test Loss = 0.1084
Epoch 7: Train Loss = 0.1160, Test Loss = 0.1067
Epoch 8: Train Loss = 0.1137, Test Loss = 0.0835
Epoch 9: Train Loss = 0.1089, Test Loss = 0.0848
Epoch 10: Train Loss = 0.1080, Test Loss = 0.0734
Epoch 11: Train Loss = 0.1066, Test Loss = 0.0987
Epoch 12: Train Loss = 0.1060, Test Loss = 0.0690
Epoch 13: Train Loss = 0.1023, Test Loss = 0.0986
Epoch 14: Train Loss = 0.0978, Test Loss = 0.0732
Epoch 15: Train Loss = 0.1081, Test Loss = 0.0711
Epoch 16: Train Loss = 0.0931, Test Loss = 0.0794
Epoch 17: Train Loss = 0.1021, Test Loss = 0.0871
Epoch 18: Train Loss = 0.1056, Test Loss = 0.0726
Epoch 19: Train Loss = 0.0960, Test Loss = 0.0941
Epoch 20: Train Loss = 0.0936, Test Loss = 0.0942
Epoch 21: Train Loss = 0.0924, Test Loss = 0.0776
Epoch 22: Train Loss = 0.0970, Test Loss = 0.0680
Epoch 23: Train Loss = 0.0920, Test Loss = 0.0717
Epoch 24: Train Loss = 0.1043, Test Loss = 0.0796
Epoch 25: Train Loss = 0.0990, Test Loss = 0.0752
Epoch 26: Train Loss = 0.0903, Test Loss = 0.0753
Epoch 27: Train Loss = 0.0927, Test Loss = 0.1088
Epoch 28: Train Loss = 0.0916, Test Loss = 0.0516
Epoch 29: Train Loss = 0.0912, Test Loss = 0.0757
Epoch 30: Train Loss = 0.0892, Test Loss = 0.0690
Epoch 31: Train Loss = 0.0956, Test Loss = 0.0808
Epoch 32: Train Loss = 0.0917, Test Loss = 0.0649
Epoch 33: Train Loss = 0.0923, Test Loss = 0.0546
Epoch 34: Train Loss = 0.0906, Test Loss = 0.0582
Epoch 35: Train Loss = 0.0935, Test Loss = 0.0803
Epoch 36: Train Loss = 0.0888, Test Loss = 0.0622
Epoch 37: Train Loss = 0.0925, Test Loss = 0.0713
Epoch 38: Train Loss = 0.0921, Test Loss = 0.0513
Epoch 39: Train Loss = 0.0909, Test Loss = 0.0554
Epoch 40: Train Loss = 0.0895, Test Loss = 0.0591
Epoch 41: Train Loss = 0.0899, Test Loss = 0.0688
Epoch 42: Train Loss = 0.0841, Test Loss = 0.0548
Epoch 43: Train Loss = 0.0832, Test Loss = 0.0642
Epoch 44: Train Loss = 0.0943, Test Loss = 0.0613
Epoch 45: Train Loss = 0.0913, Test Loss = 0.0451
Epoch 46: Train Loss = 0.0835, Test Loss = 0.0698
Epoch 47: Train Loss = 0.0884, Test Loss = 0.0525
Epoch 48: Train Loss = 0.0904, Test Loss = 0.0605
Epoch 49: Train Loss = 0.0900, Test Loss = 0.0714
Epoch 50: Train Loss = 0.0934, Test Loss = 0.0516
Trial completed in 203.79s with error: 0.0516
Trial completed!
