Running on host hal0027.amarel.rutgers.edu
Time is Thu Apr 24 15:44:27 EDT 2025
Directory is /home/elp95/tfa-predictor
SLURM job ID is 43170416
Starting trial...
Running trial with config: {'input_size': 3883, 'output_size': 214, 'hidden_sizes': [2048, 1024, 512, 256, 128], 'lr': 0.0004836810806386479, 'weight_decay': 1.0288226138479254e-05, 'batch_size': 128, 'max_epochs': 100, 'dropout_rate': 0.3037776111467864, 'activation': 'elu', 'optimizer': 'rmsprop', 'learning_rate_schedule': 'cosine', 'batch_norm': 'true'}
Using data directory: /cache/home/elp95/tfa-predictor/data
xprs_path: /cache/home/elp95/tfa-predictor/data/gene-xprs/processed/xprs-data.csv
tfa_path: /cache/home/elp95/tfa-predictor/data/tfa/processed/tfa-labels.csv
Epoch 1: Train Loss = 1.0060, Test Loss = 0.4242
Epoch 2: Train Loss = 0.5050, Test Loss = 0.2035
Epoch 3: Train Loss = 0.3729, Test Loss = 0.1390
Epoch 4: Train Loss = 0.3249, Test Loss = 0.1159
Epoch 5: Train Loss = 0.2863, Test Loss = 0.0987
Epoch 6: Train Loss = 0.2616, Test Loss = 0.0864
Epoch 7: Train Loss = 0.2444, Test Loss = 0.0761
Epoch 8: Train Loss = 0.2250, Test Loss = 0.0685
Epoch 9: Train Loss = 0.2099, Test Loss = 0.0631
Epoch 10: Train Loss = 0.2014, Test Loss = 0.0595
Epoch 11: Train Loss = 0.1901, Test Loss = 0.0552
Epoch 12: Train Loss = 0.1796, Test Loss = 0.0503
Epoch 13: Train Loss = 0.1684, Test Loss = 0.0489
Epoch 14: Train Loss = 0.1687, Test Loss = 0.0449
Epoch 15: Train Loss = 0.1580, Test Loss = 0.0431
Epoch 16: Train Loss = 0.1519, Test Loss = 0.0441
Epoch 17: Train Loss = 0.1447, Test Loss = 0.0408
Epoch 18: Train Loss = 0.1405, Test Loss = 0.0389
Epoch 19: Train Loss = 0.1394, Test Loss = 0.0427
Epoch 20: Train Loss = 0.1323, Test Loss = 0.0367
Epoch 21: Train Loss = 0.1274, Test Loss = 0.0372
Epoch 22: Train Loss = 0.1256, Test Loss = 0.0366
Epoch 23: Train Loss = 0.1219, Test Loss = 0.0350
Epoch 24: Train Loss = 0.1189, Test Loss = 0.0356
Epoch 25: Train Loss = 0.1141, Test Loss = 0.0343
Epoch 26: Train Loss = 0.1145, Test Loss = 0.0358
Epoch 27: Train Loss = 0.1097, Test Loss = 0.0311
Epoch 28: Train Loss = 0.1067, Test Loss = 0.0320
Epoch 29: Train Loss = 0.1047, Test Loss = 0.0321
Epoch 30: Train Loss = 0.1034, Test Loss = 0.0310
Epoch 31: Train Loss = 0.1020, Test Loss = 0.0309
Epoch 32: Train Loss = 0.0971, Test Loss = 0.0312
Epoch 33: Train Loss = 0.0957, Test Loss = 0.0295
Epoch 34: Train Loss = 0.1000, Test Loss = 0.0305
Epoch 35: Train Loss = 0.0967, Test Loss = 0.0308
Epoch 36: Train Loss = 0.0980, Test Loss = 0.0308
Epoch 37: Train Loss = 0.0945, Test Loss = 0.0308
Epoch 38: Train Loss = 0.0936, Test Loss = 0.0293
Epoch 39: Train Loss = 0.0914, Test Loss = 0.0276
Epoch 40: Train Loss = 0.0924, Test Loss = 0.0286
Epoch 41: Train Loss = 0.0914, Test Loss = 0.0295
Epoch 42: Train Loss = 0.0943, Test Loss = 0.0298
Epoch 43: Train Loss = 0.0882, Test Loss = 0.0289
Epoch 44: Train Loss = 0.0869, Test Loss = 0.0283
Epoch 45: Train Loss = 0.0908, Test Loss = 0.0282
Epoch 46: Train Loss = 0.0882, Test Loss = 0.0295
Epoch 47: Train Loss = 0.0901, Test Loss = 0.0281
Epoch 48: Train Loss = 0.0882, Test Loss = 0.0281
Epoch 49: Train Loss = 0.0870, Test Loss = 0.0295
Epoch 50: Train Loss = 0.0861, Test Loss = 0.0278
Epoch 51: Train Loss = 0.0832, Test Loss = 0.0261
Epoch 52: Train Loss = 0.0845, Test Loss = 0.0269
Epoch 53: Train Loss = 0.0841, Test Loss = 0.0299
Epoch 54: Train Loss = 0.0851, Test Loss = 0.0284
Epoch 55: Train Loss = 0.0827, Test Loss = 0.0278
Epoch 56: Train Loss = 0.0838, Test Loss = 0.0254
Epoch 57: Train Loss = 0.0825, Test Loss = 0.0259
Epoch 58: Train Loss = 0.0841, Test Loss = 0.0259
Epoch 59: Train Loss = 0.0807, Test Loss = 0.0278
Epoch 60: Train Loss = 0.0839, Test Loss = 0.0272
Epoch 61: Train Loss = 0.0816, Test Loss = 0.0261
Epoch 62: Train Loss = 0.0802, Test Loss = 0.0258
Epoch 63: Train Loss = 0.0823, Test Loss = 0.0264
Epoch 64: Train Loss = 0.0828, Test Loss = 0.0285
Epoch 65: Train Loss = 0.0792, Test Loss = 0.0282
Epoch 66: Train Loss = 0.0808, Test Loss = 0.0271
Epoch 67: Train Loss = 0.0791, Test Loss = 0.0280
Epoch 68: Train Loss = 0.0809, Test Loss = 0.0244
Epoch 69: Train Loss = 0.0811, Test Loss = 0.0275
Epoch 70: Train Loss = 0.0796, Test Loss = 0.0246
Epoch 71: Train Loss = 0.0801, Test Loss = 0.0272
Epoch 72: Train Loss = 0.0800, Test Loss = 0.0256
Epoch 73: Train Loss = 0.0797, Test Loss = 0.0267
Epoch 74: Train Loss = 0.0790, Test Loss = 0.0270
Epoch 75: Train Loss = 0.0758, Test Loss = 0.0258
Epoch 76: Train Loss = 0.0769, Test Loss = 0.0268
Epoch 77: Train Loss = 0.0789, Test Loss = 0.0250
Epoch 78: Train Loss = 0.0779, Test Loss = 0.0264
Epoch 79: Train Loss = 0.0784, Test Loss = 0.0273
Epoch 80: Train Loss = 0.0780, Test Loss = 0.0270
Epoch 81: Train Loss = 0.0775, Test Loss = 0.0250
Epoch 82: Train Loss = 0.0768, Test Loss = 0.0285
Epoch 83: Train Loss = 0.0786, Test Loss = 0.0256
Epoch 84: Train Loss = 0.0757, Test Loss = 0.0265
Epoch 85: Train Loss = 0.0776, Test Loss = 0.0263
Epoch 86: Train Loss = 0.0785, Test Loss = 0.0255
Epoch 87: Train Loss = 0.0777, Test Loss = 0.0263
Epoch 88: Train Loss = 0.0760, Test Loss = 0.0250
Epoch 89: Train Loss = 0.0752, Test Loss = 0.0246
Epoch 90: Train Loss = 0.0764, Test Loss = 0.0256
Epoch 91: Train Loss = 0.0753, Test Loss = 0.0261
Epoch 92: Train Loss = 0.0757, Test Loss = 0.0267
Epoch 93: Train Loss = 0.0759, Test Loss = 0.0255
Epoch 94: Train Loss = 0.0801, Test Loss = 0.0254
Epoch 95: Train Loss = 0.0796, Test Loss = 0.0253
Epoch 96: Train Loss = 0.0773, Test Loss = 0.0265
Epoch 97: Train Loss = 0.0748, Test Loss = 0.0247
Epoch 98: Train Loss = 0.0778, Test Loss = 0.0256
Epoch 99: Train Loss = 0.0759, Test Loss = 0.0243
Epoch 100: Train Loss = 0.0786, Test Loss = 0.0250
Trial completed in 196.92s with error: 0.0250
Trial completed!
