Running on host hal0027.amarel.rutgers.edu
Time is Thu Apr 24 14:53:04 EDT 2025
Directory is /home/elp95/tfa-predictor
SLURM job ID is 43168478
Starting trial...
Running trial with config: {'input_size': 3883, 'output_size': 214, 'hidden_sizes': [2048, 1024, 1024, 512], 'lr': 0.0012818880955644905, 'weight_decay': 0.00012227937155416557, 'batch_size': 128, 'max_epochs': 100, 'dropout_rate': 0.4910841716647178, 'activation': 'selu', 'optimizer': 'rmsprop', 'learning_rate_schedule': 'none', 'batch_norm': 'false'}
Using data directory: /cache/home/elp95/tfa-predictor/data
xprs_path: /cache/home/elp95/tfa-predictor/data/gene-xprs/processed/xprs-data.csv
tfa_path: /cache/home/elp95/tfa-predictor/data/tfa/processed/tfa-labels.csv
Epoch 1: Train Loss = 0.4859, Test Loss = 1.1762
Epoch 2: Train Loss = 0.2461, Test Loss = 0.0884
Epoch 3: Train Loss = 0.1926, Test Loss = 0.0557
Epoch 4: Train Loss = 0.1605, Test Loss = 0.0464
Epoch 5: Train Loss = 0.1411, Test Loss = 0.0430
Epoch 6: Train Loss = 0.1246, Test Loss = 0.0365
Epoch 7: Train Loss = 0.1059, Test Loss = 0.0429
Epoch 8: Train Loss = 0.0992, Test Loss = 0.0365
Epoch 9: Train Loss = 0.0901, Test Loss = 0.0342
Epoch 10: Train Loss = 0.0832, Test Loss = 0.0387
Epoch 11: Train Loss = 0.0807, Test Loss = 0.0379
Epoch 12: Train Loss = 0.0771, Test Loss = 0.0297
Epoch 13: Train Loss = 0.0709, Test Loss = 0.0307
Epoch 14: Train Loss = 0.0696, Test Loss = 0.0347
Epoch 15: Train Loss = 0.0676, Test Loss = 0.0330
Epoch 16: Train Loss = 0.0655, Test Loss = 0.0351
Epoch 17: Train Loss = 0.0674, Test Loss = 0.0520
Epoch 18: Train Loss = 0.0695, Test Loss = 0.0318
Epoch 19: Train Loss = 0.0672, Test Loss = 0.0391
Epoch 20: Train Loss = 0.0659, Test Loss = 0.0335
Epoch 21: Train Loss = 0.0631, Test Loss = 0.0323
Epoch 22: Train Loss = 0.0614, Test Loss = 0.0313
Epoch 23: Train Loss = 0.0578, Test Loss = 0.0325
Epoch 24: Train Loss = 0.0588, Test Loss = 0.0324
Epoch 25: Train Loss = 0.0635, Test Loss = 0.0335
Epoch 26: Train Loss = 0.0609, Test Loss = 0.0426
Epoch 27: Train Loss = 0.0640, Test Loss = 0.0384
Epoch 28: Train Loss = 0.0627, Test Loss = 0.0456
Epoch 29: Train Loss = 0.0635, Test Loss = 0.0375
Epoch 30: Train Loss = 0.0584, Test Loss = 0.0378
Epoch 31: Train Loss = 0.0593, Test Loss = 0.0339
Epoch 32: Train Loss = 0.0602, Test Loss = 0.0414
Epoch 33: Train Loss = 0.0590, Test Loss = 0.0348
Epoch 34: Train Loss = 0.0618, Test Loss = 0.0346
Epoch 35: Train Loss = 0.0563, Test Loss = 0.0356
Epoch 36: Train Loss = 0.0596, Test Loss = 0.0348
Epoch 37: Train Loss = 0.0592, Test Loss = 0.0335
Epoch 38: Train Loss = 0.0574, Test Loss = 0.0342
Epoch 39: Train Loss = 0.0558, Test Loss = 0.0370
Epoch 40: Train Loss = 0.0593, Test Loss = 0.0327
Epoch 41: Train Loss = 0.0575, Test Loss = 0.0362
Epoch 42: Train Loss = 0.0600, Test Loss = 0.0318
Epoch 43: Train Loss = 0.0599, Test Loss = 0.0449
Epoch 44: Train Loss = 0.0599, Test Loss = 0.0389
Epoch 45: Train Loss = 0.0601, Test Loss = 0.0372
Epoch 46: Train Loss = 0.0638, Test Loss = 0.0337
Epoch 47: Train Loss = 0.0624, Test Loss = 0.0407
Epoch 48: Train Loss = 0.0617, Test Loss = 0.0343
Epoch 49: Train Loss = 0.0646, Test Loss = 0.0377
Epoch 50: Train Loss = 0.0650, Test Loss = 0.0479
Epoch 51: Train Loss = 0.0696, Test Loss = 0.0386
Epoch 52: Train Loss = 0.0652, Test Loss = 0.0343
Epoch 53: Train Loss = 0.0629, Test Loss = 0.0411
Epoch 54: Train Loss = 0.0608, Test Loss = 0.0391
Epoch 55: Train Loss = 0.0602, Test Loss = 0.0380
Epoch 56: Train Loss = 0.0606, Test Loss = 0.0347
Epoch 57: Train Loss = 0.0576, Test Loss = 0.0343
Epoch 58: Train Loss = 0.0565, Test Loss = 0.0420
Epoch 59: Train Loss = 0.0606, Test Loss = 0.0421
Epoch 60: Train Loss = 0.0717, Test Loss = 0.0726
Epoch 61: Train Loss = 0.0677, Test Loss = 0.0323
Epoch 62: Train Loss = 0.0601, Test Loss = 0.0374
Epoch 63: Train Loss = 0.0583, Test Loss = 0.0366
Epoch 64: Train Loss = 0.0591, Test Loss = 0.0429
Epoch 65: Train Loss = 0.0669, Test Loss = 0.0482
Epoch 66: Train Loss = 0.0690, Test Loss = 0.0447
Epoch 67: Train Loss = 0.0674, Test Loss = 0.0380
Epoch 68: Train Loss = 0.0735, Test Loss = 0.0495
Epoch 69: Train Loss = 0.0680, Test Loss = 0.0373
Epoch 70: Train Loss = 0.0623, Test Loss = 0.0343
Epoch 71: Train Loss = 0.0593, Test Loss = 0.0343
Epoch 72: Train Loss = 0.0572, Test Loss = 0.0327
Epoch 73: Train Loss = 0.0542, Test Loss = 0.0368
Epoch 74: Train Loss = 0.0574, Test Loss = 0.0352
Epoch 75: Train Loss = 0.0611, Test Loss = 0.0364
Epoch 76: Train Loss = 0.0611, Test Loss = 0.0381
Epoch 77: Train Loss = 0.0595, Test Loss = 0.0339
Epoch 78: Train Loss = 0.0609, Test Loss = 0.0397
Epoch 79: Train Loss = 0.0614, Test Loss = 0.0354
Epoch 80: Train Loss = 0.0581, Test Loss = 0.0310
Epoch 81: Train Loss = 0.0609, Test Loss = 0.0405
Epoch 82: Train Loss = 0.0635, Test Loss = 0.0366
Epoch 83: Train Loss = 0.0617, Test Loss = 0.0327
Epoch 84: Train Loss = 0.0585, Test Loss = 0.0347
Epoch 85: Train Loss = 0.0615, Test Loss = 0.0368
Epoch 86: Train Loss = 0.0621, Test Loss = 0.0355
Epoch 87: Train Loss = 0.0623, Test Loss = 0.0362
Epoch 88: Train Loss = 0.0594, Test Loss = 0.0399
Epoch 89: Train Loss = 0.0596, Test Loss = 0.0413
Epoch 90: Train Loss = 0.0596, Test Loss = 0.0331
Epoch 91: Train Loss = 0.0596, Test Loss = 0.0335
Epoch 92: Train Loss = 0.0582, Test Loss = 0.0389
Epoch 93: Train Loss = 0.0615, Test Loss = 0.0376
Epoch 94: Train Loss = 0.0614, Test Loss = 0.0349
Epoch 95: Train Loss = 0.0583, Test Loss = 0.0368
Epoch 96: Train Loss = 0.0580, Test Loss = 0.0338
Epoch 97: Train Loss = 0.0584, Test Loss = 0.0307
Epoch 98: Train Loss = 0.0557, Test Loss = 0.0346
Epoch 99: Train Loss = 0.0572, Test Loss = 0.0370
Epoch 100: Train Loss = 0.0558, Test Loss = 0.0333
Trial completed in 169.26s with error: 0.0333
Trial completed!
