Running on host slepner086.amarel.rutgers.edu
Time is Thu Apr 24 15:15:51 EDT 2025
Directory is /home/elp95/tfa-predictor
SLURM job ID is 43168679
Starting trial...
Running trial with config: {'input_size': 3883, 'output_size': 214, 'hidden_sizes': [3072, 1536, 768, 384], 'lr': 0.0017342033105307263, 'weight_decay': 1.1237112792113078e-05, 'batch_size': 128, 'max_epochs': 150, 'dropout_rate': 0.3885734579637184, 'activation': 'leaky_relu', 'optimizer': 'sgd_momentum', 'learning_rate_schedule': 'cosine', 'batch_norm': 'false'}
Using data directory: /cache/home/elp95/tfa-predictor/data
xprs_path: /cache/home/elp95/tfa-predictor/data/gene-xprs/processed/xprs-data.csv
tfa_path: /cache/home/elp95/tfa-predictor/data/tfa/processed/tfa-labels.csv
Epoch 1: Train Loss = 0.4779, Test Loss = 1.4684
Epoch 2: Train Loss = 0.2340, Test Loss = 0.1251
Epoch 3: Train Loss = 0.1887, Test Loss = 0.0617
Epoch 4: Train Loss = 0.1593, Test Loss = 0.0541
Epoch 5: Train Loss = 0.1365, Test Loss = 0.0434
Epoch 6: Train Loss = 0.1209, Test Loss = 0.0383
Epoch 7: Train Loss = 0.1087, Test Loss = 0.0408
Epoch 8: Train Loss = 0.0964, Test Loss = 0.0326
Epoch 9: Train Loss = 0.0870, Test Loss = 0.0330
Epoch 10: Train Loss = 0.0799, Test Loss = 0.0281
Epoch 11: Train Loss = 0.0753, Test Loss = 0.0265
Epoch 12: Train Loss = 0.0699, Test Loss = 0.0254
Epoch 13: Train Loss = 0.0679, Test Loss = 0.0273
Epoch 14: Train Loss = 0.0649, Test Loss = 0.0230
Epoch 15: Train Loss = 0.0659, Test Loss = 0.0266
Epoch 16: Train Loss = 0.0648, Test Loss = 0.0292
Epoch 17: Train Loss = 0.0632, Test Loss = 0.0250
Epoch 18: Train Loss = 0.0609, Test Loss = 0.0261
Epoch 19: Train Loss = 0.0606, Test Loss = 0.0248
Epoch 20: Train Loss = 0.0616, Test Loss = 0.0270
Epoch 21: Train Loss = 0.0600, Test Loss = 0.0240
Epoch 22: Train Loss = 0.0610, Test Loss = 0.0256
Epoch 23: Train Loss = 0.0601, Test Loss = 0.0236
Epoch 24: Train Loss = 0.0576, Test Loss = 0.0251
Epoch 25: Train Loss = 0.0570, Test Loss = 0.0216
Epoch 26: Train Loss = 0.0564, Test Loss = 0.0248
Epoch 27: Train Loss = 0.0578, Test Loss = 0.0265
Epoch 28: Train Loss = 0.0563, Test Loss = 0.0256
Epoch 29: Train Loss = 0.0555, Test Loss = 0.0260
Epoch 30: Train Loss = 0.0560, Test Loss = 0.0227
Epoch 31: Train Loss = 0.0522, Test Loss = 0.0210
Epoch 32: Train Loss = 0.0527, Test Loss = 0.0219
Epoch 33: Train Loss = 0.0542, Test Loss = 0.0242
Epoch 34: Train Loss = 0.0520, Test Loss = 0.0209
Epoch 35: Train Loss = 0.0517, Test Loss = 0.0212
Epoch 36: Train Loss = 0.0535, Test Loss = 0.0234
Epoch 37: Train Loss = 0.0549, Test Loss = 0.0287
Epoch 38: Train Loss = 0.0545, Test Loss = 0.0255
Epoch 39: Train Loss = 0.0531, Test Loss = 0.0233
Epoch 40: Train Loss = 0.0533, Test Loss = 0.0246
Epoch 41: Train Loss = 0.0510, Test Loss = 0.0227
Epoch 42: Train Loss = 0.0524, Test Loss = 0.0227
Epoch 43: Train Loss = 0.0509, Test Loss = 0.0205
Epoch 44: Train Loss = 0.0498, Test Loss = 0.0232
Epoch 45: Train Loss = 0.0521, Test Loss = 0.0229
Epoch 46: Train Loss = 0.0528, Test Loss = 0.0228
Epoch 47: Train Loss = 0.0524, Test Loss = 0.0268
Epoch 48: Train Loss = 0.0526, Test Loss = 0.0239
Epoch 49: Train Loss = 0.0545, Test Loss = 0.0231
Epoch 50: Train Loss = 0.0509, Test Loss = 0.0232
Epoch 51: Train Loss = 0.0507, Test Loss = 0.0220
Epoch 52: Train Loss = 0.0502, Test Loss = 0.0212
Epoch 53: Train Loss = 0.0513, Test Loss = 0.0223
Epoch 54: Train Loss = 0.0492, Test Loss = 0.0230
Epoch 55: Train Loss = 0.0517, Test Loss = 0.0210
Epoch 56: Train Loss = 0.0540, Test Loss = 0.0196
Epoch 57: Train Loss = 0.0505, Test Loss = 0.0213
Epoch 58: Train Loss = 0.0489, Test Loss = 0.0216
Epoch 59: Train Loss = 0.0495, Test Loss = 0.0209
Epoch 60: Train Loss = 0.0512, Test Loss = 0.0222
Epoch 61: Train Loss = 0.0523, Test Loss = 0.0230
Epoch 62: Train Loss = 0.0514, Test Loss = 0.0225
Epoch 63: Train Loss = 0.0489, Test Loss = 0.0218
Epoch 64: Train Loss = 0.0505, Test Loss = 0.0217
Epoch 65: Train Loss = 0.0500, Test Loss = 0.0211
Epoch 66: Train Loss = 0.0500, Test Loss = 0.0233
Epoch 67: Train Loss = 0.0511, Test Loss = 0.0240
Epoch 68: Train Loss = 0.0509, Test Loss = 0.0209
Epoch 69: Train Loss = 0.0502, Test Loss = 0.0221
Epoch 70: Train Loss = 0.0469, Test Loss = 0.0224
Epoch 71: Train Loss = 0.0508, Test Loss = 0.0242
Epoch 72: Train Loss = 0.0511, Test Loss = 0.0228
Epoch 73: Train Loss = 0.0536, Test Loss = 0.0238
Epoch 74: Train Loss = 0.0511, Test Loss = 0.0227
Epoch 75: Train Loss = 0.0522, Test Loss = 0.0240
Epoch 76: Train Loss = 0.0502, Test Loss = 0.0220
Epoch 77: Train Loss = 0.0508, Test Loss = 0.0244
Epoch 78: Train Loss = 0.0504, Test Loss = 0.0212
Epoch 79: Train Loss = 0.0495, Test Loss = 0.0239
Epoch 80: Train Loss = 0.0495, Test Loss = 0.0223
Epoch 81: Train Loss = 0.0510, Test Loss = 0.0238
Epoch 82: Train Loss = 0.0509, Test Loss = 0.0265
Epoch 83: Train Loss = 0.0521, Test Loss = 0.0231
Epoch 84: Train Loss = 0.0514, Test Loss = 0.0221
Epoch 85: Train Loss = 0.0515, Test Loss = 0.0245
Epoch 86: Train Loss = 0.0563, Test Loss = 0.0374
Epoch 87: Train Loss = 0.0592, Test Loss = 0.0214
Epoch 88: Train Loss = 0.0518, Test Loss = 0.0213
Epoch 89: Train Loss = 0.0508, Test Loss = 0.0212
Epoch 90: Train Loss = 0.0507, Test Loss = 0.0226
Epoch 91: Train Loss = 0.0474, Test Loss = 0.0215
Epoch 92: Train Loss = 0.0491, Test Loss = 0.0232
Epoch 93: Train Loss = 0.0487, Test Loss = 0.0221
Epoch 94: Train Loss = 0.0519, Test Loss = 0.0254
Epoch 95: Train Loss = 0.0512, Test Loss = 0.0230
Epoch 96: Train Loss = 0.0490, Test Loss = 0.0231
Epoch 97: Train Loss = 0.0483, Test Loss = 0.0246
Epoch 98: Train Loss = 0.0493, Test Loss = 0.0224
Epoch 99: Train Loss = 0.0485, Test Loss = 0.0244
Epoch 100: Train Loss = 0.0485, Test Loss = 0.0245
Epoch 101: Train Loss = 0.0479, Test Loss = 0.0212
Epoch 102: Train Loss = 0.0501, Test Loss = 0.0242
Epoch 103: Train Loss = 0.0490, Test Loss = 0.0233
Epoch 104: Train Loss = 0.0488, Test Loss = 0.0209
Epoch 105: Train Loss = 0.0499, Test Loss = 0.0242
Epoch 106: Train Loss = 0.0473, Test Loss = 0.0231
Epoch 107: Train Loss = 0.0472, Test Loss = 0.0211
Epoch 108: Train Loss = 0.0471, Test Loss = 0.0227
Epoch 109: Train Loss = 0.0466, Test Loss = 0.0204
Epoch 110: Train Loss = 0.0483, Test Loss = 0.0230
Epoch 111: Train Loss = 0.0477, Test Loss = 0.0221
Epoch 112: Train Loss = 0.0488, Test Loss = 0.0230
Epoch 113: Train Loss = 0.0493, Test Loss = 0.0252
Epoch 114: Train Loss = 0.0529, Test Loss = 0.0403
Epoch 115: Train Loss = 0.0668, Test Loss = 0.0246
Epoch 116: Train Loss = 0.0595, Test Loss = 0.0280
Epoch 117: Train Loss = 0.0567, Test Loss = 0.0227
Epoch 118: Train Loss = 0.0538, Test Loss = 0.0245
Epoch 119: Train Loss = 0.0490, Test Loss = 0.0218
Epoch 120: Train Loss = 0.0475, Test Loss = 0.0201
Epoch 121: Train Loss = 0.0490, Test Loss = 0.0226
Epoch 122: Train Loss = 0.0495, Test Loss = 0.0264
Epoch 123: Train Loss = 0.0514, Test Loss = 0.0254
Epoch 124: Train Loss = 0.0500, Test Loss = 0.0248
Epoch 125: Train Loss = 0.0466, Test Loss = 0.0215
Epoch 126: Train Loss = 0.0472, Test Loss = 0.0239
Epoch 127: Train Loss = 0.0478, Test Loss = 0.0246
Epoch 128: Train Loss = 0.0483, Test Loss = 0.0242
Epoch 129: Train Loss = 0.0474, Test Loss = 0.0235
Epoch 130: Train Loss = 0.0466, Test Loss = 0.0237
Epoch 131: Train Loss = 0.0473, Test Loss = 0.0233
Epoch 132: Train Loss = 0.0469, Test Loss = 0.0220
Epoch 133: Train Loss = 0.0488, Test Loss = 0.0250
Epoch 134: Train Loss = 0.0466, Test Loss = 0.0219
Epoch 135: Train Loss = 0.0471, Test Loss = 0.0216
Epoch 136: Train Loss = 0.0452, Test Loss = 0.0238
Epoch 137: Train Loss = 0.0464, Test Loss = 0.0225
Epoch 138: Train Loss = 0.0471, Test Loss = 0.0210
Epoch 139: Train Loss = 0.0459, Test Loss = 0.0267
Epoch 140: Train Loss = 0.0495, Test Loss = 0.0228
Epoch 141: Train Loss = 0.0489, Test Loss = 0.0224
Epoch 142: Train Loss = 0.0486, Test Loss = 0.0207
Epoch 143: Train Loss = 0.0462, Test Loss = 0.0234
Epoch 144: Train Loss = 0.0478, Test Loss = 0.0239
Epoch 145: Train Loss = 0.0464, Test Loss = 0.0219
Epoch 146: Train Loss = 0.0461, Test Loss = 0.0217
Epoch 147: Train Loss = 0.0489, Test Loss = 0.0228
Epoch 148: Train Loss = 0.0468, Test Loss = 0.0241
Epoch 149: Train Loss = 0.0497, Test Loss = 0.0229
Epoch 150: Train Loss = 0.0467, Test Loss = 0.0245
Trial completed in 392.68s with error: 0.0245
Trial completed!
