Running on host hal0027.amarel.rutgers.edu
Time is Thu Apr 24 15:42:48 EDT 2025
Directory is /home/elp95/tfa-predictor
SLURM job ID is 43170157
Starting trial...
Running trial with config: {'input_size': 3883, 'output_size': 214, 'hidden_sizes': [2048, 1024, 512], 'lr': 0.002439191840194436, 'weight_decay': 2.746289429258586e-05, 'batch_size': 128, 'max_epochs': 100, 'dropout_rate': 0.2788711329752187, 'activation': 'selu', 'optimizer': 'adam', 'learning_rate_schedule': 'exponential', 'batch_norm': 'true'}
Using data directory: /cache/home/elp95/tfa-predictor/data
xprs_path: /cache/home/elp95/tfa-predictor/data/gene-xprs/processed/xprs-data.csv
tfa_path: /cache/home/elp95/tfa-predictor/data/tfa/processed/tfa-labels.csv
Epoch 1: Train Loss = 0.4307, Test Loss = 0.9666
Epoch 2: Train Loss = 0.2213, Test Loss = 0.1081
Epoch 3: Train Loss = 0.1629, Test Loss = 0.0492
Epoch 4: Train Loss = 0.1312, Test Loss = 0.0361
Epoch 5: Train Loss = 0.1088, Test Loss = 0.0370
Epoch 6: Train Loss = 0.0949, Test Loss = 0.0312
Epoch 7: Train Loss = 0.0803, Test Loss = 0.0343
Epoch 8: Train Loss = 0.0745, Test Loss = 0.0283
Epoch 9: Train Loss = 0.0688, Test Loss = 0.0274
Epoch 10: Train Loss = 0.0650, Test Loss = 0.0224
Epoch 11: Train Loss = 0.0608, Test Loss = 0.0254
Epoch 12: Train Loss = 0.0592, Test Loss = 0.0244
Epoch 13: Train Loss = 0.0556, Test Loss = 0.0290
Epoch 14: Train Loss = 0.0559, Test Loss = 0.0276
Epoch 15: Train Loss = 0.0544, Test Loss = 0.0222
Epoch 16: Train Loss = 0.0528, Test Loss = 0.0218
Epoch 17: Train Loss = 0.0529, Test Loss = 0.0250
Epoch 18: Train Loss = 0.0502, Test Loss = 0.0255
Epoch 19: Train Loss = 0.0540, Test Loss = 0.0216
Epoch 20: Train Loss = 0.0531, Test Loss = 0.0266
Epoch 21: Train Loss = 0.0514, Test Loss = 0.0216
Epoch 22: Train Loss = 0.0492, Test Loss = 0.0210
Epoch 23: Train Loss = 0.0487, Test Loss = 0.0221
Epoch 24: Train Loss = 0.0484, Test Loss = 0.0263
Epoch 25: Train Loss = 0.0501, Test Loss = 0.0297
Epoch 26: Train Loss = 0.0514, Test Loss = 0.0205
Epoch 27: Train Loss = 0.0523, Test Loss = 0.0246
Epoch 28: Train Loss = 0.0523, Test Loss = 0.0247
Epoch 29: Train Loss = 0.0488, Test Loss = 0.0229
Epoch 30: Train Loss = 0.0487, Test Loss = 0.0209
Epoch 31: Train Loss = 0.0480, Test Loss = 0.0190
Epoch 32: Train Loss = 0.0500, Test Loss = 0.0257
Epoch 33: Train Loss = 0.0535, Test Loss = 0.0227
Epoch 34: Train Loss = 0.0517, Test Loss = 0.0314
Epoch 35: Train Loss = 0.0547, Test Loss = 0.0247
Epoch 36: Train Loss = 0.0525, Test Loss = 0.0270
Epoch 37: Train Loss = 0.0497, Test Loss = 0.0279
Epoch 38: Train Loss = 0.0528, Test Loss = 0.0324
Epoch 39: Train Loss = 0.0519, Test Loss = 0.0224
Epoch 40: Train Loss = 0.0505, Test Loss = 0.0264
Epoch 41: Train Loss = 0.0505, Test Loss = 0.0254
Epoch 42: Train Loss = 0.0493, Test Loss = 0.0250
Epoch 43: Train Loss = 0.0487, Test Loss = 0.0239
Epoch 44: Train Loss = 0.0542, Test Loss = 0.0306
Epoch 45: Train Loss = 0.0522, Test Loss = 0.0228
Epoch 46: Train Loss = 0.0505, Test Loss = 0.0226
Epoch 47: Train Loss = 0.0489, Test Loss = 0.0215
Epoch 48: Train Loss = 0.0486, Test Loss = 0.0240
Epoch 49: Train Loss = 0.0487, Test Loss = 0.0234
Epoch 50: Train Loss = 0.0514, Test Loss = 0.0272
Epoch 51: Train Loss = 0.0520, Test Loss = 0.0297
Epoch 52: Train Loss = 0.0520, Test Loss = 0.0260
Epoch 53: Train Loss = 0.0482, Test Loss = 0.0227
Epoch 54: Train Loss = 0.0507, Test Loss = 0.0256
Epoch 55: Train Loss = 0.0470, Test Loss = 0.0253
Epoch 56: Train Loss = 0.0476, Test Loss = 0.0216
Epoch 57: Train Loss = 0.0480, Test Loss = 0.0283
Epoch 58: Train Loss = 0.0490, Test Loss = 0.0252
Epoch 59: Train Loss = 0.0494, Test Loss = 0.0268
Epoch 60: Train Loss = 0.0504, Test Loss = 0.0286
Epoch 61: Train Loss = 0.0603, Test Loss = 0.0652
Epoch 62: Train Loss = 0.0607, Test Loss = 0.0238
Epoch 63: Train Loss = 0.0548, Test Loss = 0.0280
Epoch 64: Train Loss = 0.0496, Test Loss = 0.0216
Epoch 65: Train Loss = 0.0492, Test Loss = 0.0247
Epoch 66: Train Loss = 0.0505, Test Loss = 0.0245
Epoch 67: Train Loss = 0.0513, Test Loss = 0.0243
Epoch 68: Train Loss = 0.0491, Test Loss = 0.0229
Epoch 69: Train Loss = 0.0492, Test Loss = 0.0248
Epoch 70: Train Loss = 0.0479, Test Loss = 0.0213
Epoch 71: Train Loss = 0.0457, Test Loss = 0.0215
Epoch 72: Train Loss = 0.0458, Test Loss = 0.0227
Epoch 73: Train Loss = 0.0502, Test Loss = 0.0230
Epoch 74: Train Loss = 0.0484, Test Loss = 0.0286
Epoch 75: Train Loss = 0.0506, Test Loss = 0.0231
Epoch 76: Train Loss = 0.0495, Test Loss = 0.0267
Epoch 77: Train Loss = 0.0488, Test Loss = 0.0302
Epoch 78: Train Loss = 0.0491, Test Loss = 0.0214
Epoch 79: Train Loss = 0.0474, Test Loss = 0.0246
Epoch 80: Train Loss = 0.0532, Test Loss = 0.0270
Epoch 81: Train Loss = 0.0523, Test Loss = 0.0273
Epoch 82: Train Loss = 0.0518, Test Loss = 0.0216
Epoch 83: Train Loss = 0.0518, Test Loss = 0.0285
Epoch 84: Train Loss = 0.0508, Test Loss = 0.0242
Epoch 85: Train Loss = 0.0497, Test Loss = 0.0228
Epoch 86: Train Loss = 0.0485, Test Loss = 0.0239
Epoch 87: Train Loss = 0.0480, Test Loss = 0.0271
Epoch 88: Train Loss = 0.0480, Test Loss = 0.0203
Epoch 89: Train Loss = 0.0488, Test Loss = 0.0232
Epoch 90: Train Loss = 0.0473, Test Loss = 0.0214
Epoch 91: Train Loss = 0.0485, Test Loss = 0.0258
Epoch 92: Train Loss = 0.0486, Test Loss = 0.0261
Epoch 93: Train Loss = 0.0489, Test Loss = 0.0237
Epoch 94: Train Loss = 0.0481, Test Loss = 0.0226
Epoch 95: Train Loss = 0.0474, Test Loss = 0.0261
Epoch 96: Train Loss = 0.0478, Test Loss = 0.0246
Epoch 97: Train Loss = 0.0504, Test Loss = 0.0377
Epoch 98: Train Loss = 0.0593, Test Loss = 0.0318
Epoch 99: Train Loss = 0.0590, Test Loss = 0.0296
Epoch 100: Train Loss = 0.0543, Test Loss = 0.0287
Trial completed in 140.61s with error: 0.0287
Trial completed!
