Running on host hal0027.amarel.rutgers.edu
Time is Thu Apr 24 15:00:18 EDT 2025
Directory is /home/elp95/tfa-predictor
SLURM job ID is 43168534
Starting trial...
Running trial with config: {'input_size': 3883, 'output_size': 214, 'hidden_sizes': [4096, 2048, 1024, 512], 'lr': 0.0011025911040150574, 'weight_decay': 9.308279573713824e-06, 'batch_size': 16, 'max_epochs': 150, 'dropout_rate': 0.21948571035281805, 'activation': 'elu', 'optimizer': 'adamw', 'learning_rate_schedule': 'none', 'batch_norm': 'false'}
Using data directory: /cache/home/elp95/tfa-predictor/data
xprs_path: /cache/home/elp95/tfa-predictor/data/gene-xprs/processed/xprs-data.csv
tfa_path: /cache/home/elp95/tfa-predictor/data/tfa/processed/tfa-labels.csv
Epoch 1: Train Loss = 0.4836, Test Loss = 0.1618
Epoch 2: Train Loss = 0.3240, Test Loss = 0.1218
Epoch 3: Train Loss = 0.2598, Test Loss = 0.0870
Epoch 4: Train Loss = 0.2351, Test Loss = 0.0975
Epoch 5: Train Loss = 0.2093, Test Loss = 0.0927
Epoch 6: Train Loss = 0.1986, Test Loss = 0.1020
Epoch 7: Train Loss = 0.1838, Test Loss = 0.0927
Epoch 8: Train Loss = 0.1867, Test Loss = 0.1001
Epoch 9: Train Loss = 0.1813, Test Loss = 0.0771
Epoch 10: Train Loss = 0.1757, Test Loss = 0.0796
Epoch 11: Train Loss = 0.1715, Test Loss = 0.1034
Epoch 12: Train Loss = 0.1697, Test Loss = 0.0914
Epoch 13: Train Loss = 0.1655, Test Loss = 0.0880
Epoch 14: Train Loss = 0.1653, Test Loss = 0.0800
Epoch 15: Train Loss = 0.1630, Test Loss = 0.0883
Epoch 16: Train Loss = 0.1670, Test Loss = 0.0899
Epoch 17: Train Loss = 0.1726, Test Loss = 0.0861
Epoch 18: Train Loss = 0.1647, Test Loss = 0.0997
Epoch 19: Train Loss = 0.1598, Test Loss = 0.0981
Epoch 20: Train Loss = 0.1564, Test Loss = 0.0921
Epoch 21: Train Loss = 0.1610, Test Loss = 0.0894
Epoch 22: Train Loss = 0.1647, Test Loss = 0.1033
Epoch 23: Train Loss = 0.1643, Test Loss = 0.1048
Epoch 24: Train Loss = 0.1552, Test Loss = 0.0910
Epoch 25: Train Loss = 0.1569, Test Loss = 0.1030
Epoch 26: Train Loss = 0.1583, Test Loss = 0.0984
Epoch 27: Train Loss = 0.1606, Test Loss = 0.0892
Epoch 28: Train Loss = 0.1605, Test Loss = 0.1067
Epoch 29: Train Loss = 0.1616, Test Loss = 0.1152
Epoch 30: Train Loss = 0.1575, Test Loss = 0.0888
Epoch 31: Train Loss = 0.1563, Test Loss = 0.0963
Epoch 32: Train Loss = 0.1576, Test Loss = 0.0897
Epoch 33: Train Loss = 0.1671, Test Loss = 0.0894
Epoch 34: Train Loss = 0.1580, Test Loss = 0.0928
Epoch 35: Train Loss = 0.1673, Test Loss = 0.0914
Epoch 36: Train Loss = 0.1647, Test Loss = 0.0980
Epoch 37: Train Loss = 0.1548, Test Loss = 0.0785
Epoch 38: Train Loss = 0.1530, Test Loss = 0.0923
Epoch 39: Train Loss = 0.1481, Test Loss = 0.0846
Epoch 40: Train Loss = 0.1557, Test Loss = 0.0970
Epoch 41: Train Loss = 0.1534, Test Loss = 0.0851
Epoch 42: Train Loss = 0.1492, Test Loss = 0.0998
Epoch 43: Train Loss = 0.1726, Test Loss = 0.0866
Epoch 44: Train Loss = 0.1756, Test Loss = 0.1012
Epoch 45: Train Loss = 0.1547, Test Loss = 0.1014
Epoch 46: Train Loss = 0.1550, Test Loss = 0.0913
Epoch 47: Train Loss = 0.1488, Test Loss = 0.0931
Epoch 48: Train Loss = 0.1487, Test Loss = 0.0780
Epoch 49: Train Loss = 0.1449, Test Loss = 0.0848
Epoch 50: Train Loss = 0.1515, Test Loss = 0.0868
Epoch 51: Train Loss = 0.1489, Test Loss = 0.0781
Epoch 52: Train Loss = 0.1483, Test Loss = 0.0824
Epoch 53: Train Loss = 0.1518, Test Loss = 0.0940
Epoch 54: Train Loss = 0.1461, Test Loss = 0.0810
Epoch 55: Train Loss = 0.1436, Test Loss = 0.0745
Epoch 56: Train Loss = 0.1486, Test Loss = 0.1039
Epoch 57: Train Loss = 0.1480, Test Loss = 0.0909
Epoch 58: Train Loss = 0.1680, Test Loss = 0.0873
Epoch 59: Train Loss = 0.1467, Test Loss = 0.0812
Epoch 60: Train Loss = 0.1464, Test Loss = 0.0947
Epoch 61: Train Loss = 0.1593, Test Loss = 0.0920
Epoch 62: Train Loss = 0.1480, Test Loss = 0.0728
Epoch 63: Train Loss = 0.1436, Test Loss = 0.0850
Epoch 64: Train Loss = 0.1433, Test Loss = 0.0811
Epoch 65: Train Loss = 0.1416, Test Loss = 0.0830
Epoch 66: Train Loss = 0.1449, Test Loss = 0.0910
Epoch 67: Train Loss = 0.1441, Test Loss = 0.0808
Epoch 68: Train Loss = 0.1434, Test Loss = 0.0884
Epoch 69: Train Loss = 0.1524, Test Loss = 0.0933
Epoch 70: Train Loss = 0.1456, Test Loss = 0.0823
Epoch 71: Train Loss = 0.1461, Test Loss = 0.0843
Epoch 72: Train Loss = 0.1469, Test Loss = 0.0835
Epoch 73: Train Loss = 0.1431, Test Loss = 0.0763
Epoch 74: Train Loss = 0.1381, Test Loss = 0.0727
Epoch 75: Train Loss = 0.1530, Test Loss = 0.0948
Epoch 76: Train Loss = 0.1514, Test Loss = 0.0822
Epoch 77: Train Loss = 0.1426, Test Loss = 0.0762
Epoch 78: Train Loss = 0.1393, Test Loss = 0.0839
Epoch 79: Train Loss = 0.1385, Test Loss = 0.0824
Epoch 80: Train Loss = 0.1392, Test Loss = 0.0815
Epoch 81: Train Loss = 0.1376, Test Loss = 0.0835
Epoch 82: Train Loss = 0.1395, Test Loss = 0.0856
Epoch 83: Train Loss = 0.1399, Test Loss = 0.0806
Epoch 84: Train Loss = 0.1372, Test Loss = 0.0734
Epoch 85: Train Loss = 0.1391, Test Loss = 0.0821
Epoch 86: Train Loss = 0.1394, Test Loss = 0.0827
Epoch 87: Train Loss = 0.1374, Test Loss = 0.0765
Epoch 88: Train Loss = 0.1383, Test Loss = 0.0711
Epoch 89: Train Loss = 0.1601, Test Loss = 0.0808
Epoch 90: Train Loss = 0.1435, Test Loss = 0.0766
Epoch 91: Train Loss = 0.1381, Test Loss = 0.0795
Epoch 92: Train Loss = 0.1358, Test Loss = 0.0775
Epoch 93: Train Loss = 0.1384, Test Loss = 0.0909
Epoch 94: Train Loss = 0.1374, Test Loss = 0.0892
Epoch 95: Train Loss = 0.1367, Test Loss = 0.0737
Epoch 96: Train Loss = 0.1362, Test Loss = 0.0848
Epoch 97: Train Loss = 0.1405, Test Loss = 0.0739
Epoch 98: Train Loss = 0.1418, Test Loss = 0.0730
Epoch 99: Train Loss = 0.1372, Test Loss = 0.0750
Epoch 100: Train Loss = 0.1333, Test Loss = 0.0740
Epoch 101: Train Loss = 0.1336, Test Loss = 0.0777
Epoch 102: Train Loss = 0.1391, Test Loss = 0.0738
Epoch 103: Train Loss = 0.1378, Test Loss = 0.0715
Epoch 104: Train Loss = 0.1384, Test Loss = 0.0798
Epoch 105: Train Loss = 0.1369, Test Loss = 0.0748
Epoch 106: Train Loss = 0.1487, Test Loss = 0.0785
Epoch 107: Train Loss = 0.1395, Test Loss = 0.0653
Epoch 108: Train Loss = 0.1363, Test Loss = 0.0717
Epoch 109: Train Loss = 0.1350, Test Loss = 0.0740
Epoch 110: Train Loss = 0.1356, Test Loss = 0.0754
Epoch 111: Train Loss = 0.1362, Test Loss = 0.0772
Epoch 112: Train Loss = 0.1338, Test Loss = 0.0680
Epoch 113: Train Loss = 0.1342, Test Loss = 0.0748
Epoch 114: Train Loss = 0.1322, Test Loss = 0.0686
Epoch 115: Train Loss = 0.1341, Test Loss = 0.0808
Epoch 116: Train Loss = 0.1349, Test Loss = 0.0664
Epoch 117: Train Loss = 0.1353, Test Loss = 0.0686
Epoch 118: Train Loss = 0.1351, Test Loss = 0.0845
Epoch 119: Train Loss = 0.1342, Test Loss = 0.0708
Epoch 120: Train Loss = 0.1358, Test Loss = 0.0800
Epoch 121: Train Loss = 0.1352, Test Loss = 0.0688
Epoch 122: Train Loss = 0.1408, Test Loss = 0.0723
Epoch 123: Train Loss = 0.1378, Test Loss = 0.0658
Epoch 124: Train Loss = 0.1410, Test Loss = 0.0744
Epoch 125: Train Loss = 0.1337, Test Loss = 0.0716
Epoch 126: Train Loss = 0.1352, Test Loss = 0.0735
Epoch 127: Train Loss = 0.1340, Test Loss = 0.0646
Epoch 128: Train Loss = 0.1320, Test Loss = 0.0845
Epoch 129: Train Loss = 0.1354, Test Loss = 0.0624
Epoch 130: Train Loss = 0.1328, Test Loss = 0.0682
Epoch 131: Train Loss = 0.1327, Test Loss = 0.0767
Epoch 132: Train Loss = 0.1421, Test Loss = 0.0730
Epoch 133: Train Loss = 0.1378, Test Loss = 0.0723
Epoch 134: Train Loss = 0.1344, Test Loss = 0.0793
Epoch 135: Train Loss = 0.1333, Test Loss = 0.0757
Epoch 136: Train Loss = 0.1334, Test Loss = 0.0719
Epoch 137: Train Loss = 0.1406, Test Loss = 0.0762
Epoch 138: Train Loss = 0.1347, Test Loss = 0.0729
Epoch 139: Train Loss = 0.1341, Test Loss = 0.0720
Epoch 140: Train Loss = 0.1317, Test Loss = 0.0681
Epoch 141: Train Loss = 0.1322, Test Loss = 0.0657
Epoch 142: Train Loss = 0.1390, Test Loss = 0.0661
Epoch 143: Train Loss = 0.1507, Test Loss = 0.0745
Epoch 144: Train Loss = 0.1396, Test Loss = 0.0673
Epoch 145: Train Loss = 0.1353, Test Loss = 0.0794
Epoch 146: Train Loss = 0.1368, Test Loss = 0.0762
Epoch 147: Train Loss = 0.1366, Test Loss = 0.0807
Epoch 148: Train Loss = 0.1346, Test Loss = 0.0921
Epoch 149: Train Loss = 0.1295, Test Loss = 0.0669
Epoch 150: Train Loss = 0.1315, Test Loss = 0.0707
Trial completed in 2531.07s with error: 0.0707
Trial completed!
