Running on host hal0024.amarel.rutgers.edu
Time is Thu Apr 24 15:00:49 EDT 2025
Directory is /home/elp95/tfa-predictor
SLURM job ID is 43168540
Starting trial...
Running trial with config: {'input_size': 3883, 'output_size': 214, 'hidden_sizes': [2048, 1024, 512], 'lr': 0.00022393245315094142, 'weight_decay': 4.443037656955544e-05, 'batch_size': 16, 'max_epochs': 300, 'dropout_rate': 0.13996694847297142, 'activation': 'selu', 'optimizer': 'adam', 'learning_rate_schedule': 'cosine', 'batch_norm': 'false'}
Using data directory: /cache/home/elp95/tfa-predictor/data
xprs_path: /cache/home/elp95/tfa-predictor/data/gene-xprs/processed/xprs-data.csv
tfa_path: /cache/home/elp95/tfa-predictor/data/tfa/processed/tfa-labels.csv
Epoch 1: Train Loss = 0.4903, Test Loss = 0.0821
Epoch 2: Train Loss = 0.3213, Test Loss = 0.0749
Epoch 3: Train Loss = 0.2750, Test Loss = 0.0708
Epoch 4: Train Loss = 0.2434, Test Loss = 0.0650
Epoch 5: Train Loss = 0.2190, Test Loss = 0.0620
Epoch 6: Train Loss = 0.2025, Test Loss = 0.0683
Epoch 7: Train Loss = 0.1867, Test Loss = 0.0572
Epoch 8: Train Loss = 0.1735, Test Loss = 0.0541
Epoch 9: Train Loss = 0.1655, Test Loss = 0.0580
Epoch 10: Train Loss = 0.1567, Test Loss = 0.0542
Epoch 11: Train Loss = 0.1508, Test Loss = 0.0592
Epoch 12: Train Loss = 0.1475, Test Loss = 0.0567
Epoch 13: Train Loss = 0.1395, Test Loss = 0.0567
Epoch 14: Train Loss = 0.1364, Test Loss = 0.0629
Epoch 15: Train Loss = 0.1348, Test Loss = 0.0625
Epoch 16: Train Loss = 0.1320, Test Loss = 0.0612
Epoch 17: Train Loss = 0.1300, Test Loss = 0.0575
Epoch 18: Train Loss = 0.1306, Test Loss = 0.0599
Epoch 19: Train Loss = 0.1251, Test Loss = 0.0620
Epoch 20: Train Loss = 0.1247, Test Loss = 0.0523
Epoch 21: Train Loss = 0.1235, Test Loss = 0.0527
Epoch 22: Train Loss = 0.1256, Test Loss = 0.0497
Epoch 23: Train Loss = 0.1264, Test Loss = 0.0508
Epoch 24: Train Loss = 0.1188, Test Loss = 0.0628
Epoch 25: Train Loss = 0.1200, Test Loss = 0.0577
Epoch 26: Train Loss = 0.1197, Test Loss = 0.0596
Epoch 27: Train Loss = 0.1192, Test Loss = 0.0622
Epoch 28: Train Loss = 0.1210, Test Loss = 0.0549
Epoch 29: Train Loss = 0.1230, Test Loss = 0.0607
Epoch 30: Train Loss = 0.1185, Test Loss = 0.0497
Epoch 31: Train Loss = 0.1182, Test Loss = 0.0517
Epoch 32: Train Loss = 0.1172, Test Loss = 0.0532
Epoch 33: Train Loss = 0.1181, Test Loss = 0.0569
Epoch 34: Train Loss = 0.1172, Test Loss = 0.0504
Epoch 35: Train Loss = 0.1172, Test Loss = 0.0505
Epoch 36: Train Loss = 0.1186, Test Loss = 0.0541
Epoch 37: Train Loss = 0.1190, Test Loss = 0.0564
Epoch 38: Train Loss = 0.1191, Test Loss = 0.0630
Epoch 39: Train Loss = 0.1159, Test Loss = 0.0625
Epoch 40: Train Loss = 0.1165, Test Loss = 0.0654
Epoch 41: Train Loss = 0.1163, Test Loss = 0.0551
Epoch 42: Train Loss = 0.1180, Test Loss = 0.0618
Epoch 43: Train Loss = 0.1142, Test Loss = 0.0543
Epoch 44: Train Loss = 0.1162, Test Loss = 0.0588
Epoch 45: Train Loss = 0.1161, Test Loss = 0.0568
Epoch 46: Train Loss = 0.1186, Test Loss = 0.0481
Epoch 47: Train Loss = 0.1164, Test Loss = 0.0563
Epoch 48: Train Loss = 0.1170, Test Loss = 0.0626
Epoch 49: Train Loss = 0.1166, Test Loss = 0.0606
Epoch 50: Train Loss = 0.1159, Test Loss = 0.0559
Epoch 51: Train Loss = 0.1149, Test Loss = 0.0585
Epoch 52: Train Loss = 0.1157, Test Loss = 0.0520
Epoch 53: Train Loss = 0.1160, Test Loss = 0.0609
Epoch 54: Train Loss = 0.1160, Test Loss = 0.0690
Epoch 55: Train Loss = 0.1141, Test Loss = 0.0621
Epoch 56: Train Loss = 0.1158, Test Loss = 0.0640
Epoch 57: Train Loss = 0.1154, Test Loss = 0.0643
Epoch 58: Train Loss = 0.1142, Test Loss = 0.0629
Epoch 59: Train Loss = 0.1133, Test Loss = 0.0559
Epoch 60: Train Loss = 0.1206, Test Loss = 0.0534
Epoch 61: Train Loss = 0.1156, Test Loss = 0.0568
Epoch 62: Train Loss = 0.1156, Test Loss = 0.0614
Epoch 63: Train Loss = 0.1155, Test Loss = 0.0613
Epoch 64: Train Loss = 0.1137, Test Loss = 0.0614
Epoch 65: Train Loss = 0.1114, Test Loss = 0.0594
Epoch 66: Train Loss = 0.1161, Test Loss = 0.0725
Epoch 67: Train Loss = 0.1119, Test Loss = 0.0557
Epoch 68: Train Loss = 0.1150, Test Loss = 0.0585
Epoch 69: Train Loss = 0.1125, Test Loss = 0.0576
Epoch 70: Train Loss = 0.1140, Test Loss = 0.0544
Epoch 71: Train Loss = 0.1109, Test Loss = 0.0575
Epoch 72: Train Loss = 0.1123, Test Loss = 0.0684
Epoch 73: Train Loss = 0.1133, Test Loss = 0.0573
Epoch 74: Train Loss = 0.1149, Test Loss = 0.0583
Epoch 75: Train Loss = 0.1130, Test Loss = 0.0609
Epoch 76: Train Loss = 0.1148, Test Loss = 0.0541
Epoch 77: Train Loss = 0.1119, Test Loss = 0.0549
Epoch 78: Train Loss = 0.1156, Test Loss = 0.0562
Epoch 79: Train Loss = 0.1116, Test Loss = 0.0623
Epoch 80: Train Loss = 0.1135, Test Loss = 0.0578
Epoch 81: Train Loss = 0.1127, Test Loss = 0.0572
Epoch 82: Train Loss = 0.1116, Test Loss = 0.0599
Epoch 83: Train Loss = 0.1113, Test Loss = 0.0600
Epoch 84: Train Loss = 0.1134, Test Loss = 0.0557
Epoch 85: Train Loss = 0.1147, Test Loss = 0.0598
Epoch 86: Train Loss = 0.1146, Test Loss = 0.0609
Epoch 87: Train Loss = 0.1114, Test Loss = 0.0568
Epoch 88: Train Loss = 0.1116, Test Loss = 0.0539
Epoch 89: Train Loss = 0.1114, Test Loss = 0.0555
Epoch 90: Train Loss = 0.1112, Test Loss = 0.0637
Epoch 91: Train Loss = 0.1114, Test Loss = 0.0535
Epoch 92: Train Loss = 0.1117, Test Loss = 0.0610
Epoch 93: Train Loss = 0.1100, Test Loss = 0.0632
Epoch 94: Train Loss = 0.1127, Test Loss = 0.0567
Epoch 95: Train Loss = 0.1140, Test Loss = 0.0615
Epoch 96: Train Loss = 0.1152, Test Loss = 0.0586
Epoch 97: Train Loss = 0.1110, Test Loss = 0.0608
Epoch 98: Train Loss = 0.1125, Test Loss = 0.0580
Epoch 99: Train Loss = 0.1121, Test Loss = 0.0599
Epoch 100: Train Loss = 0.1120, Test Loss = 0.0575
Epoch 101: Train Loss = 0.1165, Test Loss = 0.0543
Epoch 102: Train Loss = 0.1128, Test Loss = 0.0549
Epoch 103: Train Loss = 0.1120, Test Loss = 0.0618
Epoch 104: Train Loss = 0.1105, Test Loss = 0.0618
Epoch 105: Train Loss = 0.1112, Test Loss = 0.0584
Epoch 106: Train Loss = 0.1105, Test Loss = 0.0584
Epoch 107: Train Loss = 0.1107, Test Loss = 0.0549
Epoch 108: Train Loss = 0.1100, Test Loss = 0.0612
Epoch 109: Train Loss = 0.1107, Test Loss = 0.0564
Epoch 110: Train Loss = 0.1103, Test Loss = 0.0664
Epoch 111: Train Loss = 0.1111, Test Loss = 0.0609
Epoch 112: Train Loss = 0.1109, Test Loss = 0.0565
Epoch 113: Train Loss = 0.1092, Test Loss = 0.0599
Epoch 114: Train Loss = 0.1100, Test Loss = 0.0639
Epoch 115: Train Loss = 0.1100, Test Loss = 0.0564
Epoch 116: Train Loss = 0.1106, Test Loss = 0.0566
Epoch 117: Train Loss = 0.1101, Test Loss = 0.0651
Epoch 118: Train Loss = 0.1123, Test Loss = 0.0630
Epoch 119: Train Loss = 0.1101, Test Loss = 0.0588
Epoch 120: Train Loss = 0.1096, Test Loss = 0.0557
Epoch 121: Train Loss = 0.1097, Test Loss = 0.0647
Epoch 122: Train Loss = 0.1093, Test Loss = 0.0658
Epoch 123: Train Loss = 0.1101, Test Loss = 0.0591
Epoch 124: Train Loss = 0.1109, Test Loss = 0.0578
Epoch 125: Train Loss = 0.1122, Test Loss = 0.0563
Epoch 126: Train Loss = 0.1121, Test Loss = 0.0585
Epoch 127: Train Loss = 0.1118, Test Loss = 0.0559
Epoch 128: Train Loss = 0.1128, Test Loss = 0.0607
Epoch 129: Train Loss = 0.1127, Test Loss = 0.0586
Epoch 130: Train Loss = 0.1100, Test Loss = 0.0575
Epoch 131: Train Loss = 0.1110, Test Loss = 0.0578
Epoch 132: Train Loss = 0.1078, Test Loss = 0.0649
Epoch 133: Train Loss = 0.1116, Test Loss = 0.0582
Epoch 134: Train Loss = 0.1097, Test Loss = 0.0553
Epoch 135: Train Loss = 0.1083, Test Loss = 0.0584
Epoch 136: Train Loss = 0.1104, Test Loss = 0.0582
Epoch 137: Train Loss = 0.1099, Test Loss = 0.0623
Epoch 138: Train Loss = 0.1098, Test Loss = 0.0636
Epoch 139: Train Loss = 0.1119, Test Loss = 0.0572
Epoch 140: Train Loss = 0.1119, Test Loss = 0.0601
Epoch 141: Train Loss = 0.1099, Test Loss = 0.0542
Epoch 142: Train Loss = 0.1106, Test Loss = 0.0615
Epoch 143: Train Loss = 0.1088, Test Loss = 0.0542
Epoch 144: Train Loss = 0.1093, Test Loss = 0.0618
Epoch 145: Train Loss = 0.1101, Test Loss = 0.0587
Epoch 146: Train Loss = 0.1090, Test Loss = 0.0606
Epoch 147: Train Loss = 0.1073, Test Loss = 0.0650
Epoch 148: Train Loss = 0.1093, Test Loss = 0.0565
Epoch 149: Train Loss = 0.1087, Test Loss = 0.0582
Epoch 150: Train Loss = 0.1099, Test Loss = 0.0546
Epoch 151: Train Loss = 0.1099, Test Loss = 0.0625
Epoch 152: Train Loss = 0.1098, Test Loss = 0.0580
Epoch 153: Train Loss = 0.1087, Test Loss = 0.0645
Epoch 154: Train Loss = 0.1108, Test Loss = 0.0624
Epoch 155: Train Loss = 0.1106, Test Loss = 0.0668
Epoch 156: Train Loss = 0.1094, Test Loss = 0.0565
Epoch 157: Train Loss = 0.1095, Test Loss = 0.0586
Epoch 158: Train Loss = 0.1077, Test Loss = 0.0529
Epoch 159: Train Loss = 0.1105, Test Loss = 0.0584
Epoch 160: Train Loss = 0.1095, Test Loss = 0.0562
Epoch 161: Train Loss = 0.1095, Test Loss = 0.0575
Epoch 162: Train Loss = 0.1090, Test Loss = 0.0570
Epoch 163: Train Loss = 0.1124, Test Loss = 0.0538
Epoch 164: Train Loss = 0.1085, Test Loss = 0.0591
Epoch 165: Train Loss = 0.1086, Test Loss = 0.0611
Epoch 166: Train Loss = 0.1075, Test Loss = 0.0658
Epoch 167: Train Loss = 0.1088, Test Loss = 0.0563
Epoch 168: Train Loss = 0.1086, Test Loss = 0.0629
Epoch 169: Train Loss = 0.1081, Test Loss = 0.0559
Epoch 170: Train Loss = 0.1054, Test Loss = 0.0599
Epoch 171: Train Loss = 0.1084, Test Loss = 0.0651
Epoch 172: Train Loss = 0.1097, Test Loss = 0.0575
Epoch 173: Train Loss = 0.1096, Test Loss = 0.0668
Epoch 174: Train Loss = 0.1125, Test Loss = 0.0637
Epoch 175: Train Loss = 0.1111, Test Loss = 0.0646
Epoch 176: Train Loss = 0.1075, Test Loss = 0.0601
Epoch 177: Train Loss = 0.1078, Test Loss = 0.0650
Epoch 178: Train Loss = 0.1079, Test Loss = 0.0579
Epoch 179: Train Loss = 0.1099, Test Loss = 0.0547
Epoch 180: Train Loss = 0.1088, Test Loss = 0.0544
Epoch 181: Train Loss = 0.1061, Test Loss = 0.0553
Epoch 182: Train Loss = 0.1083, Test Loss = 0.0620
Epoch 183: Train Loss = 0.1088, Test Loss = 0.0509
Epoch 184: Train Loss = 0.1075, Test Loss = 0.0557
Epoch 185: Train Loss = 0.1093, Test Loss = 0.0535
Epoch 186: Train Loss = 0.1083, Test Loss = 0.0531
Epoch 187: Train Loss = 0.1095, Test Loss = 0.0652
Epoch 188: Train Loss = 0.1076, Test Loss = 0.0601
Epoch 189: Train Loss = 0.1075, Test Loss = 0.0576
Epoch 190: Train Loss = 0.1089, Test Loss = 0.0567
Epoch 191: Train Loss = 0.1084, Test Loss = 0.0603
Epoch 192: Train Loss = 0.1089, Test Loss = 0.0576
Epoch 193: Train Loss = 0.1070, Test Loss = 0.0550
Epoch 194: Train Loss = 0.1091, Test Loss = 0.0635
Epoch 195: Train Loss = 0.1074, Test Loss = 0.0680
Epoch 196: Train Loss = 0.1069, Test Loss = 0.0580
Epoch 197: Train Loss = 0.1084, Test Loss = 0.0572
Epoch 198: Train Loss = 0.1094, Test Loss = 0.0542
Epoch 199: Train Loss = 0.1092, Test Loss = 0.0539
Epoch 200: Train Loss = 0.1079, Test Loss = 0.0627
Epoch 201: Train Loss = 0.1096, Test Loss = 0.0592
Epoch 202: Train Loss = 0.1086, Test Loss = 0.0586
Epoch 203: Train Loss = 0.1083, Test Loss = 0.0585
Epoch 204: Train Loss = 0.1068, Test Loss = 0.0542
Epoch 205: Train Loss = 0.1086, Test Loss = 0.0566
Epoch 206: Train Loss = 0.1084, Test Loss = 0.0592
Epoch 207: Train Loss = 0.1071, Test Loss = 0.0583
Epoch 208: Train Loss = 0.1074, Test Loss = 0.0582
Epoch 209: Train Loss = 0.1088, Test Loss = 0.0550
Epoch 210: Train Loss = 0.1098, Test Loss = 0.0601
Epoch 211: Train Loss = 0.1076, Test Loss = 0.0604
Epoch 212: Train Loss = 0.1079, Test Loss = 0.0538
Epoch 213: Train Loss = 0.1076, Test Loss = 0.0560
Epoch 214: Train Loss = 0.1067, Test Loss = 0.0611
Epoch 215: Train Loss = 0.1068, Test Loss = 0.0560
Epoch 216: Train Loss = 0.1068, Test Loss = 0.0584
Epoch 217: Train Loss = 0.1088, Test Loss = 0.0553
Epoch 218: Train Loss = 0.1074, Test Loss = 0.0592
Epoch 219: Train Loss = 0.1071, Test Loss = 0.0535
Epoch 220: Train Loss = 0.1085, Test Loss = 0.0542
Epoch 221: Train Loss = 0.1067, Test Loss = 0.0591
Epoch 222: Train Loss = 0.1072, Test Loss = 0.0577
Epoch 223: Train Loss = 0.1079, Test Loss = 0.0573
Epoch 224: Train Loss = 0.1080, Test Loss = 0.0565
Epoch 225: Train Loss = 0.1081, Test Loss = 0.0578
Epoch 226: Train Loss = 0.1075, Test Loss = 0.0630
Epoch 227: Train Loss = 0.1068, Test Loss = 0.0569
Epoch 228: Train Loss = 0.1069, Test Loss = 0.0692
Epoch 229: Train Loss = 0.1079, Test Loss = 0.0545
Epoch 230: Train Loss = 0.1078, Test Loss = 0.0531
Epoch 231: Train Loss = 0.1072, Test Loss = 0.0572
Epoch 232: Train Loss = 0.1070, Test Loss = 0.0507
Epoch 233: Train Loss = 0.1085, Test Loss = 0.0599
Epoch 234: Train Loss = 0.1086, Test Loss = 0.0606
Epoch 235: Train Loss = 0.1078, Test Loss = 0.0623
Epoch 236: Train Loss = 0.1070, Test Loss = 0.0547
Epoch 237: Train Loss = 0.1072, Test Loss = 0.0572
Epoch 238: Train Loss = 0.1068, Test Loss = 0.0591
Epoch 239: Train Loss = 0.1077, Test Loss = 0.0574
Epoch 240: Train Loss = 0.1071, Test Loss = 0.0573
Epoch 241: Train Loss = 0.1057, Test Loss = 0.0582
Epoch 242: Train Loss = 0.1079, Test Loss = 0.0523
Epoch 243: Train Loss = 0.1077, Test Loss = 0.0589
Epoch 244: Train Loss = 0.1077, Test Loss = 0.0567
Epoch 245: Train Loss = 0.1070, Test Loss = 0.0582
Epoch 246: Train Loss = 0.1077, Test Loss = 0.0555
Epoch 247: Train Loss = 0.1101, Test Loss = 0.0565
Epoch 248: Train Loss = 0.1085, Test Loss = 0.0529
Epoch 249: Train Loss = 0.1076, Test Loss = 0.0580
Epoch 250: Train Loss = 0.1057, Test Loss = 0.0558
Epoch 251: Train Loss = 0.1083, Test Loss = 0.0487
Epoch 252: Train Loss = 0.1064, Test Loss = 0.0526
Epoch 253: Train Loss = 0.1068, Test Loss = 0.0589
Epoch 254: Train Loss = 0.1066, Test Loss = 0.0604
Epoch 255: Train Loss = 0.1080, Test Loss = 0.0665
Epoch 256: Train Loss = 0.1092, Test Loss = 0.0626
Epoch 257: Train Loss = 0.1081, Test Loss = 0.0517
Epoch 258: Train Loss = 0.1075, Test Loss = 0.0515
Epoch 259: Train Loss = 0.1081, Test Loss = 0.0579
Epoch 260: Train Loss = 0.1079, Test Loss = 0.0578
Epoch 261: Train Loss = 0.1073, Test Loss = 0.0557
Epoch 262: Train Loss = 0.1064, Test Loss = 0.0593
Epoch 263: Train Loss = 0.1066, Test Loss = 0.0636
Epoch 264: Train Loss = 0.1060, Test Loss = 0.0573
Epoch 265: Train Loss = 0.1070, Test Loss = 0.0627
Epoch 266: Train Loss = 0.1074, Test Loss = 0.0610
Epoch 267: Train Loss = 0.1090, Test Loss = 0.0614
Epoch 268: Train Loss = 0.1077, Test Loss = 0.0581
Epoch 269: Train Loss = 0.1077, Test Loss = 0.0531
Epoch 270: Train Loss = 0.1065, Test Loss = 0.0656
Epoch 271: Train Loss = 0.1075, Test Loss = 0.0489
Epoch 272: Train Loss = 0.1059, Test Loss = 0.0558
Epoch 273: Train Loss = 0.1059, Test Loss = 0.0529
Epoch 274: Train Loss = 0.1071, Test Loss = 0.0551
Epoch 275: Train Loss = 0.1045, Test Loss = 0.0531
Epoch 276: Train Loss = 0.1083, Test Loss = 0.0552
Epoch 277: Train Loss = 0.1055, Test Loss = 0.0680
Epoch 278: Train Loss = 0.1071, Test Loss = 0.0613
Epoch 279: Train Loss = 0.1079, Test Loss = 0.0585
Epoch 280: Train Loss = 0.1049, Test Loss = 0.0555
Epoch 281: Train Loss = 0.1062, Test Loss = 0.0542
Epoch 282: Train Loss = 0.1066, Test Loss = 0.0633
Epoch 283: Train Loss = 0.1058, Test Loss = 0.0592
Epoch 284: Train Loss = 0.1068, Test Loss = 0.0575
Epoch 285: Train Loss = 0.1088, Test Loss = 0.0547
Epoch 286: Train Loss = 0.1073, Test Loss = 0.0543
Epoch 287: Train Loss = 0.1072, Test Loss = 0.0594
Epoch 288: Train Loss = 0.1074, Test Loss = 0.0516
Epoch 289: Train Loss = 0.1066, Test Loss = 0.0531
Epoch 290: Train Loss = 0.1062, Test Loss = 0.0531
Epoch 291: Train Loss = 0.1059, Test Loss = 0.0642
Epoch 292: Train Loss = 0.1074, Test Loss = 0.0605
Epoch 293: Train Loss = 0.1054, Test Loss = 0.0601
Epoch 294: Train Loss = 0.1048, Test Loss = 0.0603
Epoch 295: Train Loss = 0.1064, Test Loss = 0.0580
Epoch 296: Train Loss = 0.1078, Test Loss = 0.0604
Epoch 297: Train Loss = 0.1073, Test Loss = 0.0609
Epoch 298: Train Loss = 0.1064, Test Loss = 0.0534
Epoch 299: Train Loss = 0.1080, Test Loss = 0.0558
Epoch 300: Train Loss = 0.1056, Test Loss = 0.0579
Trial completed in 2453.11s with error: 0.0579
Trial completed!
