Running on host hal0059.amarel.rutgers.edu
Time is Thu Apr 24 13:11:24 EDT 2025
Directory is /home/elp95/tfa-predictor
SLURM job ID is 43167365
Starting trial...
Running trial with config: {'input_size': 3883, 'output_size': 214, 'hidden_sizes': [1024, 512, 256], 'lr': 0.00012966511753760416, 'weight_decay': 0.00027796975515266835, 'batch_size': 64, 'max_epochs': 100}
Using data directory: /cache/home/elp95/tfa-predictor/data
xprs_path: /cache/home/elp95/tfa-predictor/data/gene-xprs/processed/xprs-data.csv
tfa_path: /cache/home/elp95/tfa-predictor/data/tfa/processed/tfa-labels.csv
Epoch 1: Train Loss = 0.7305, Test Loss = 0.2164
Epoch 2: Train Loss = 0.4442, Test Loss = 0.1293
Epoch 3: Train Loss = 0.3691, Test Loss = 0.0975
Epoch 4: Train Loss = 0.3313, Test Loss = 0.0813
Epoch 5: Train Loss = 0.3065, Test Loss = 0.0724
Epoch 6: Train Loss = 0.2872, Test Loss = 0.0670
Epoch 7: Train Loss = 0.2718, Test Loss = 0.0603
Epoch 8: Train Loss = 0.2591, Test Loss = 0.0558
Epoch 9: Train Loss = 0.2463, Test Loss = 0.0543
Epoch 10: Train Loss = 0.2335, Test Loss = 0.0499
Epoch 11: Train Loss = 0.2252, Test Loss = 0.0475
Epoch 12: Train Loss = 0.2192, Test Loss = 0.0460
Epoch 13: Train Loss = 0.2082, Test Loss = 0.0445
Epoch 14: Train Loss = 0.2016, Test Loss = 0.0420
Epoch 15: Train Loss = 0.1955, Test Loss = 0.0432
Epoch 16: Train Loss = 0.1870, Test Loss = 0.0381
Epoch 17: Train Loss = 0.1808, Test Loss = 0.0359
Epoch 18: Train Loss = 0.1787, Test Loss = 0.0403
Epoch 19: Train Loss = 0.1727, Test Loss = 0.0371
Epoch 20: Train Loss = 0.1694, Test Loss = 0.0351
Epoch 21: Train Loss = 0.1622, Test Loss = 0.0358
Epoch 22: Train Loss = 0.1603, Test Loss = 0.0327
Epoch 23: Train Loss = 0.1552, Test Loss = 0.0331
Epoch 24: Train Loss = 0.1501, Test Loss = 0.0327
Epoch 25: Train Loss = 0.1495, Test Loss = 0.0357
Epoch 26: Train Loss = 0.1443, Test Loss = 0.0353
Epoch 27: Train Loss = 0.1421, Test Loss = 0.0313
Epoch 28: Train Loss = 0.1381, Test Loss = 0.0337
Epoch 29: Train Loss = 0.1376, Test Loss = 0.0335
Epoch 30: Train Loss = 0.1335, Test Loss = 0.0297
Epoch 31: Train Loss = 0.1335, Test Loss = 0.0305
Epoch 32: Train Loss = 0.1316, Test Loss = 0.0320
Epoch 33: Train Loss = 0.1298, Test Loss = 0.0299
Epoch 34: Train Loss = 0.1283, Test Loss = 0.0311
Epoch 35: Train Loss = 0.1225, Test Loss = 0.0282
Epoch 36: Train Loss = 0.1266, Test Loss = 0.0310
Epoch 37: Train Loss = 0.1200, Test Loss = 0.0285
Epoch 38: Train Loss = 0.1184, Test Loss = 0.0301
Epoch 39: Train Loss = 0.1181, Test Loss = 0.0285
Epoch 40: Train Loss = 0.1183, Test Loss = 0.0300
Epoch 41: Train Loss = 0.1164, Test Loss = 0.0271
Epoch 42: Train Loss = 0.1154, Test Loss = 0.0293
Epoch 43: Train Loss = 0.1147, Test Loss = 0.0283
Epoch 44: Train Loss = 0.1146, Test Loss = 0.0292
Epoch 45: Train Loss = 0.1120, Test Loss = 0.0261
Epoch 46: Train Loss = 0.1119, Test Loss = 0.0280
Epoch 47: Train Loss = 0.1094, Test Loss = 0.0284
Epoch 48: Train Loss = 0.1088, Test Loss = 0.0268
Epoch 49: Train Loss = 0.1098, Test Loss = 0.0263
Epoch 50: Train Loss = 0.1094, Test Loss = 0.0296
Epoch 51: Train Loss = 0.1076, Test Loss = 0.0258
Epoch 52: Train Loss = 0.1060, Test Loss = 0.0262
Epoch 53: Train Loss = 0.1068, Test Loss = 0.0259
Epoch 54: Train Loss = 0.1061, Test Loss = 0.0269
Epoch 55: Train Loss = 0.1042, Test Loss = 0.0287
Epoch 56: Train Loss = 0.1042, Test Loss = 0.0269
Epoch 57: Train Loss = 0.1046, Test Loss = 0.0277
Epoch 58: Train Loss = 0.1044, Test Loss = 0.0269
Epoch 59: Train Loss = 0.1026, Test Loss = 0.0308
Epoch 60: Train Loss = 0.1019, Test Loss = 0.0267
Epoch 61: Train Loss = 0.1058, Test Loss = 0.0239
Epoch 62: Train Loss = 0.0987, Test Loss = 0.0256
Epoch 63: Train Loss = 0.1027, Test Loss = 0.0263
Epoch 64: Train Loss = 0.1034, Test Loss = 0.0254
Epoch 65: Train Loss = 0.1034, Test Loss = 0.0284
Epoch 66: Train Loss = 0.1032, Test Loss = 0.0318
Epoch 67: Train Loss = 0.0998, Test Loss = 0.0243
Epoch 68: Train Loss = 0.1029, Test Loss = 0.0267
Epoch 69: Train Loss = 0.1012, Test Loss = 0.0249
Epoch 70: Train Loss = 0.0978, Test Loss = 0.0286
Epoch 71: Train Loss = 0.0981, Test Loss = 0.0272
Epoch 72: Train Loss = 0.1012, Test Loss = 0.0255
Epoch 73: Train Loss = 0.0997, Test Loss = 0.0277
Epoch 74: Train Loss = 0.0982, Test Loss = 0.0267
Epoch 75: Train Loss = 0.0990, Test Loss = 0.0308
Epoch 76: Train Loss = 0.1009, Test Loss = 0.0266
Epoch 77: Train Loss = 0.1015, Test Loss = 0.0280
Epoch 78: Train Loss = 0.0977, Test Loss = 0.0260
Epoch 79: Train Loss = 0.0983, Test Loss = 0.0269
Epoch 80: Train Loss = 0.0957, Test Loss = 0.0251
Epoch 81: Train Loss = 0.0956, Test Loss = 0.0251
Epoch 82: Train Loss = 0.0976, Test Loss = 0.0259
Epoch 83: Train Loss = 0.0949, Test Loss = 0.0228
Epoch 84: Train Loss = 0.0970, Test Loss = 0.0284
Epoch 85: Train Loss = 0.0965, Test Loss = 0.0223
Epoch 86: Train Loss = 0.0965, Test Loss = 0.0253
Epoch 87: Train Loss = 0.0967, Test Loss = 0.0243
Epoch 88: Train Loss = 0.0965, Test Loss = 0.0279
Epoch 89: Train Loss = 0.0959, Test Loss = 0.0269
Epoch 90: Train Loss = 0.0920, Test Loss = 0.0239
Epoch 91: Train Loss = 0.0977, Test Loss = 0.0253
Epoch 92: Train Loss = 0.0952, Test Loss = 0.0253
Epoch 93: Train Loss = 0.0966, Test Loss = 0.0258
Epoch 94: Train Loss = 0.0929, Test Loss = 0.0285
Epoch 95: Train Loss = 0.0971, Test Loss = 0.0274
Epoch 96: Train Loss = 0.0940, Test Loss = 0.0246
Epoch 97: Train Loss = 0.0959, Test Loss = 0.0252
Epoch 98: Train Loss = 0.0956, Test Loss = 0.0267
Epoch 99: Train Loss = 0.0949, Test Loss = 0.0271
Epoch 100: Train Loss = 0.0945, Test Loss = 0.0258
Trial completed in 128.58s with error: 0.0258
Trial completed!
