Running on host hal0027.amarel.rutgers.edu
Time is Thu Apr 24 14:58:46 EDT 2025
Directory is /home/elp95/tfa-predictor
SLURM job ID is 43168524
Starting trial...
Running trial with config: {'input_size': 3883, 'output_size': 214, 'hidden_sizes': [1024, 1024, 512, 256], 'lr': 0.0003076699399861967, 'weight_decay': 4.085519442448726e-05, 'batch_size': 256, 'max_epochs': 50, 'dropout_rate': 0.4139345018937943, 'activation': 'selu', 'optimizer': 'rmsprop', 'learning_rate_schedule': 'exponential', 'batch_norm': 'true'}
Using data directory: /cache/home/elp95/tfa-predictor/data
xprs_path: /cache/home/elp95/tfa-predictor/data/gene-xprs/processed/xprs-data.csv
tfa_path: /cache/home/elp95/tfa-predictor/data/tfa/processed/tfa-labels.csv
Epoch 1: Train Loss = 1.0249, Test Loss = 0.4799
Epoch 2: Train Loss = 0.5406, Test Loss = 0.2447
Epoch 3: Train Loss = 0.3815, Test Loss = 0.1616
Epoch 4: Train Loss = 0.3218, Test Loss = 0.1128
Epoch 5: Train Loss = 0.2813, Test Loss = 0.0880
Epoch 6: Train Loss = 0.2628, Test Loss = 0.0744
Epoch 7: Train Loss = 0.2420, Test Loss = 0.0651
Epoch 8: Train Loss = 0.2291, Test Loss = 0.0578
Epoch 9: Train Loss = 0.2176, Test Loss = 0.0527
Epoch 10: Train Loss = 0.2050, Test Loss = 0.0523
Epoch 11: Train Loss = 0.1976, Test Loss = 0.0435
Epoch 12: Train Loss = 0.1929, Test Loss = 0.0427
Epoch 13: Train Loss = 0.1834, Test Loss = 0.0394
Epoch 14: Train Loss = 0.1780, Test Loss = 0.0385
Epoch 15: Train Loss = 0.1701, Test Loss = 0.0376
Epoch 16: Train Loss = 0.1654, Test Loss = 0.0328
Epoch 17: Train Loss = 0.1593, Test Loss = 0.0340
Epoch 18: Train Loss = 0.1527, Test Loss = 0.0309
Epoch 19: Train Loss = 0.1468, Test Loss = 0.0312
Epoch 20: Train Loss = 0.1440, Test Loss = 0.0294
Epoch 21: Train Loss = 0.1391, Test Loss = 0.0281
Epoch 22: Train Loss = 0.1351, Test Loss = 0.0288
Epoch 23: Train Loss = 0.1314, Test Loss = 0.0261
Epoch 24: Train Loss = 0.1300, Test Loss = 0.0268
Epoch 25: Train Loss = 0.1228, Test Loss = 0.0261
Epoch 26: Train Loss = 0.1223, Test Loss = 0.0241
Epoch 27: Train Loss = 0.1215, Test Loss = 0.0241
Epoch 28: Train Loss = 0.1179, Test Loss = 0.0243
Epoch 29: Train Loss = 0.1146, Test Loss = 0.0225
Epoch 30: Train Loss = 0.1121, Test Loss = 0.0234
Epoch 31: Train Loss = 0.1090, Test Loss = 0.0221
Epoch 32: Train Loss = 0.1056, Test Loss = 0.0238
Epoch 33: Train Loss = 0.1064, Test Loss = 0.0225
Epoch 34: Train Loss = 0.1017, Test Loss = 0.0209
Epoch 35: Train Loss = 0.0992, Test Loss = 0.0235
Epoch 36: Train Loss = 0.0986, Test Loss = 0.0212
Epoch 37: Train Loss = 0.0953, Test Loss = 0.0212
Epoch 38: Train Loss = 0.0931, Test Loss = 0.0204
Epoch 39: Train Loss = 0.0908, Test Loss = 0.0201
Epoch 40: Train Loss = 0.0907, Test Loss = 0.0195
Epoch 41: Train Loss = 0.0887, Test Loss = 0.0207
Epoch 42: Train Loss = 0.0857, Test Loss = 0.0213
Epoch 43: Train Loss = 0.0846, Test Loss = 0.0194
Epoch 44: Train Loss = 0.0827, Test Loss = 0.0188
Epoch 45: Train Loss = 0.0812, Test Loss = 0.0194
Epoch 46: Train Loss = 0.0821, Test Loss = 0.0187
Epoch 47: Train Loss = 0.0786, Test Loss = 0.0192
Epoch 48: Train Loss = 0.0764, Test Loss = 0.0186
Epoch 49: Train Loss = 0.0770, Test Loss = 0.0189
Epoch 50: Train Loss = 0.0741, Test Loss = 0.0175
Trial completed in 37.04s with error: 0.0175
Trial completed!
