Running on host hal0336.amarel.rutgers.edu
Time is Thu Apr 24 14:44:50 EDT 2025
Directory is /home/elp95/tfa-predictor
SLURM job ID is 43168392
Starting trial...
Running trial with config: {'input_size': 3883, 'output_size': 214, 'hidden_sizes': [1024, 512, 256], 'lr': 0.00016743855609639924, 'weight_decay': 0.00048673299445992047, 'batch_size': 16, 'max_epochs': 200, 'dropout_rate': 0.28163778598819184, 'activation': 'selu', 'optimizer': 'adamw', 'learning_rate_schedule': 'none', 'batch_norm': 'true'}
Using data directory: /cache/home/elp95/tfa-predictor/data
xprs_path: /cache/home/elp95/tfa-predictor/data/gene-xprs/processed/xprs-data.csv
tfa_path: /cache/home/elp95/tfa-predictor/data/tfa/processed/tfa-labels.csv
Epoch 1: Train Loss = 0.6454, Test Loss = 0.1431
Epoch 2: Train Loss = 0.3844, Test Loss = 0.0973
Epoch 3: Train Loss = 0.3245, Test Loss = 0.0862
Epoch 4: Train Loss = 0.2873, Test Loss = 0.0793
Epoch 5: Train Loss = 0.2657, Test Loss = 0.0756
Epoch 6: Train Loss = 0.2405, Test Loss = 0.0720
Epoch 7: Train Loss = 0.2229, Test Loss = 0.0670
Epoch 8: Train Loss = 0.2117, Test Loss = 0.0643
Epoch 9: Train Loss = 0.1986, Test Loss = 0.0692
Epoch 10: Train Loss = 0.1926, Test Loss = 0.0748
Epoch 11: Train Loss = 0.1866, Test Loss = 0.0642
Epoch 12: Train Loss = 0.1781, Test Loss = 0.0686
Epoch 13: Train Loss = 0.1735, Test Loss = 0.0643
Epoch 14: Train Loss = 0.1675, Test Loss = 0.0689
Epoch 15: Train Loss = 0.1632, Test Loss = 0.0685
Epoch 16: Train Loss = 0.1583, Test Loss = 0.0610
Epoch 17: Train Loss = 0.1571, Test Loss = 0.0674
Epoch 18: Train Loss = 0.1577, Test Loss = 0.0614
Epoch 19: Train Loss = 0.1510, Test Loss = 0.0624
Epoch 20: Train Loss = 0.1563, Test Loss = 0.0653
Epoch 21: Train Loss = 0.1489, Test Loss = 0.0673
Epoch 22: Train Loss = 0.1512, Test Loss = 0.0606
Epoch 23: Train Loss = 0.1484, Test Loss = 0.0613
Epoch 24: Train Loss = 0.1460, Test Loss = 0.0587
Epoch 25: Train Loss = 0.1469, Test Loss = 0.0623
Epoch 26: Train Loss = 0.1464, Test Loss = 0.0612
Epoch 27: Train Loss = 0.1471, Test Loss = 0.0683
Epoch 28: Train Loss = 0.1443, Test Loss = 0.0734
Epoch 29: Train Loss = 0.1475, Test Loss = 0.0658
Epoch 30: Train Loss = 0.1444, Test Loss = 0.0664
Epoch 31: Train Loss = 0.1431, Test Loss = 0.0627
Epoch 32: Train Loss = 0.1415, Test Loss = 0.0676
Epoch 33: Train Loss = 0.1383, Test Loss = 0.0628
Epoch 34: Train Loss = 0.1426, Test Loss = 0.0749
Epoch 35: Train Loss = 0.1419, Test Loss = 0.0588
Epoch 36: Train Loss = 0.1407, Test Loss = 0.0679
Epoch 37: Train Loss = 0.1408, Test Loss = 0.0679
Epoch 38: Train Loss = 0.1397, Test Loss = 0.0643
Epoch 39: Train Loss = 0.1429, Test Loss = 0.0639
Epoch 40: Train Loss = 0.1410, Test Loss = 0.0728
Epoch 41: Train Loss = 0.1375, Test Loss = 0.0693
Epoch 42: Train Loss = 0.1396, Test Loss = 0.0695
Epoch 43: Train Loss = 0.1364, Test Loss = 0.0586
Epoch 44: Train Loss = 0.1403, Test Loss = 0.0618
Epoch 45: Train Loss = 0.1416, Test Loss = 0.0577
Epoch 46: Train Loss = 0.1434, Test Loss = 0.0623
Epoch 47: Train Loss = 0.1416, Test Loss = 0.0705
Epoch 48: Train Loss = 0.1349, Test Loss = 0.0625
Epoch 49: Train Loss = 0.1363, Test Loss = 0.0687
Epoch 50: Train Loss = 0.1384, Test Loss = 0.0613
Epoch 51: Train Loss = 0.1363, Test Loss = 0.0596
Epoch 52: Train Loss = 0.1390, Test Loss = 0.0584
Epoch 53: Train Loss = 0.1404, Test Loss = 0.0713
Epoch 54: Train Loss = 0.1384, Test Loss = 0.0620
Epoch 55: Train Loss = 0.1385, Test Loss = 0.0640
Epoch 56: Train Loss = 0.1389, Test Loss = 0.0661
Epoch 57: Train Loss = 0.1365, Test Loss = 0.0613
Epoch 58: Train Loss = 0.1357, Test Loss = 0.0650
Epoch 59: Train Loss = 0.1361, Test Loss = 0.0725
Epoch 60: Train Loss = 0.1385, Test Loss = 0.0621
Epoch 61: Train Loss = 0.1384, Test Loss = 0.0578
Epoch 62: Train Loss = 0.1340, Test Loss = 0.0608
Epoch 63: Train Loss = 0.1354, Test Loss = 0.0588
Epoch 64: Train Loss = 0.1413, Test Loss = 0.0585
Epoch 65: Train Loss = 0.1374, Test Loss = 0.0569
Epoch 66: Train Loss = 0.1342, Test Loss = 0.0646
Epoch 67: Train Loss = 0.1369, Test Loss = 0.0615
Epoch 68: Train Loss = 0.1362, Test Loss = 0.0592
Epoch 69: Train Loss = 0.1347, Test Loss = 0.0672
Epoch 70: Train Loss = 0.1377, Test Loss = 0.0650
Epoch 71: Train Loss = 0.1378, Test Loss = 0.0759
Epoch 72: Train Loss = 0.1375, Test Loss = 0.0656
Epoch 73: Train Loss = 0.1387, Test Loss = 0.0650
Epoch 74: Train Loss = 0.1369, Test Loss = 0.0653
Epoch 75: Train Loss = 0.1359, Test Loss = 0.0606
Epoch 76: Train Loss = 0.1345, Test Loss = 0.0637
Epoch 77: Train Loss = 0.1328, Test Loss = 0.0617
Epoch 78: Train Loss = 0.1342, Test Loss = 0.0685
Epoch 79: Train Loss = 0.1342, Test Loss = 0.0674
Epoch 80: Train Loss = 0.1342, Test Loss = 0.0586
Epoch 81: Train Loss = 0.1403, Test Loss = 0.0663
Epoch 82: Train Loss = 0.1346, Test Loss = 0.0664
Epoch 83: Train Loss = 0.1359, Test Loss = 0.0654
Epoch 84: Train Loss = 0.1369, Test Loss = 0.0635
Epoch 85: Train Loss = 0.1356, Test Loss = 0.0584
Epoch 86: Train Loss = 0.1349, Test Loss = 0.0698
Epoch 87: Train Loss = 0.1341, Test Loss = 0.0655
Epoch 88: Train Loss = 0.1366, Test Loss = 0.0662
Epoch 89: Train Loss = 0.1355, Test Loss = 0.0731
Epoch 90: Train Loss = 0.1373, Test Loss = 0.0704
Epoch 91: Train Loss = 0.1376, Test Loss = 0.0636
Epoch 92: Train Loss = 0.1352, Test Loss = 0.0642
Epoch 93: Train Loss = 0.1335, Test Loss = 0.0655
Epoch 94: Train Loss = 0.1331, Test Loss = 0.0706
Epoch 95: Train Loss = 0.1361, Test Loss = 0.0665
Epoch 96: Train Loss = 0.1343, Test Loss = 0.0628
Epoch 97: Train Loss = 0.1317, Test Loss = 0.0635
Epoch 98: Train Loss = 0.1336, Test Loss = 0.0699
Epoch 99: Train Loss = 0.1348, Test Loss = 0.0637
Epoch 100: Train Loss = 0.1355, Test Loss = 0.0660
Epoch 101: Train Loss = 0.1364, Test Loss = 0.0646
Epoch 102: Train Loss = 0.1346, Test Loss = 0.0666
Epoch 103: Train Loss = 0.1350, Test Loss = 0.0669
Epoch 104: Train Loss = 0.1357, Test Loss = 0.0656
Epoch 105: Train Loss = 0.1351, Test Loss = 0.0610
Epoch 106: Train Loss = 0.1326, Test Loss = 0.0625
Epoch 107: Train Loss = 0.1333, Test Loss = 0.0624
Epoch 108: Train Loss = 0.1335, Test Loss = 0.0668
Epoch 109: Train Loss = 0.1337, Test Loss = 0.0656
Epoch 110: Train Loss = 0.1321, Test Loss = 0.0642
Epoch 111: Train Loss = 0.1327, Test Loss = 0.0652
Epoch 112: Train Loss = 0.1325, Test Loss = 0.0557
Epoch 113: Train Loss = 0.1342, Test Loss = 0.0611
Epoch 114: Train Loss = 0.1341, Test Loss = 0.0638
Epoch 115: Train Loss = 0.1370, Test Loss = 0.0661
Epoch 116: Train Loss = 0.1332, Test Loss = 0.0637
Epoch 117: Train Loss = 0.1344, Test Loss = 0.0660
Epoch 118: Train Loss = 0.1351, Test Loss = 0.0696
Epoch 119: Train Loss = 0.1330, Test Loss = 0.0687
Epoch 120: Train Loss = 0.1350, Test Loss = 0.0706
Epoch 121: Train Loss = 0.1340, Test Loss = 0.0642
Epoch 122: Train Loss = 0.1302, Test Loss = 0.0668
Epoch 123: Train Loss = 0.1322, Test Loss = 0.0687
Epoch 124: Train Loss = 0.1366, Test Loss = 0.0724
Epoch 125: Train Loss = 0.1310, Test Loss = 0.0649
Epoch 126: Train Loss = 0.1350, Test Loss = 0.0611
Epoch 127: Train Loss = 0.1339, Test Loss = 0.0583
Epoch 128: Train Loss = 0.1303, Test Loss = 0.0658
Epoch 129: Train Loss = 0.1339, Test Loss = 0.0631
Epoch 130: Train Loss = 0.1324, Test Loss = 0.0697
Epoch 131: Train Loss = 0.1321, Test Loss = 0.0707
Epoch 132: Train Loss = 0.1330, Test Loss = 0.0637
Epoch 133: Train Loss = 0.1317, Test Loss = 0.0715
Epoch 134: Train Loss = 0.1317, Test Loss = 0.0628
Epoch 135: Train Loss = 0.1335, Test Loss = 0.0630
Epoch 136: Train Loss = 0.1326, Test Loss = 0.0614
Epoch 137: Train Loss = 0.1309, Test Loss = 0.0630
Epoch 138: Train Loss = 0.1323, Test Loss = 0.0642
Epoch 139: Train Loss = 0.1328, Test Loss = 0.0687
Epoch 140: Train Loss = 0.1353, Test Loss = 0.0680
Epoch 141: Train Loss = 0.1295, Test Loss = 0.0645
Epoch 142: Train Loss = 0.1323, Test Loss = 0.0648
Epoch 143: Train Loss = 0.1325, Test Loss = 0.0668
Epoch 144: Train Loss = 0.1340, Test Loss = 0.0722
Epoch 145: Train Loss = 0.1328, Test Loss = 0.0675
Epoch 146: Train Loss = 0.1302, Test Loss = 0.0659
Epoch 147: Train Loss = 0.1323, Test Loss = 0.0731
Epoch 148: Train Loss = 0.1327, Test Loss = 0.0661
Epoch 149: Train Loss = 0.1330, Test Loss = 0.0649
Epoch 150: Train Loss = 0.1322, Test Loss = 0.0675
Epoch 151: Train Loss = 0.1324, Test Loss = 0.0631
Epoch 152: Train Loss = 0.1335, Test Loss = 0.0701
Epoch 153: Train Loss = 0.1307, Test Loss = 0.0664
Epoch 154: Train Loss = 0.1303, Test Loss = 0.0618
Epoch 155: Train Loss = 0.1316, Test Loss = 0.0659
Epoch 156: Train Loss = 0.1301, Test Loss = 0.0612
Epoch 157: Train Loss = 0.1335, Test Loss = 0.0590
Epoch 158: Train Loss = 0.1290, Test Loss = 0.0648
Epoch 159: Train Loss = 0.1302, Test Loss = 0.0668
Epoch 160: Train Loss = 0.1299, Test Loss = 0.0605
Epoch 161: Train Loss = 0.1327, Test Loss = 0.0669
Epoch 162: Train Loss = 0.1294, Test Loss = 0.0625
Epoch 163: Train Loss = 0.1327, Test Loss = 0.0626
Epoch 164: Train Loss = 0.1318, Test Loss = 0.0629
Epoch 165: Train Loss = 0.1296, Test Loss = 0.0593
Epoch 166: Train Loss = 0.1337, Test Loss = 0.0633
Epoch 167: Train Loss = 0.1307, Test Loss = 0.0681
Epoch 168: Train Loss = 0.1302, Test Loss = 0.0616
Epoch 169: Train Loss = 0.1295, Test Loss = 0.0632
Epoch 170: Train Loss = 0.1291, Test Loss = 0.0641
Epoch 171: Train Loss = 0.1313, Test Loss = 0.0651
Epoch 172: Train Loss = 0.1339, Test Loss = 0.0655
Epoch 173: Train Loss = 0.1337, Test Loss = 0.0629
Epoch 174: Train Loss = 0.1335, Test Loss = 0.0679
Epoch 175: Train Loss = 0.1307, Test Loss = 0.0608
Epoch 176: Train Loss = 0.1311, Test Loss = 0.0692
Epoch 177: Train Loss = 0.1294, Test Loss = 0.0563
Epoch 178: Train Loss = 0.1304, Test Loss = 0.0615
Epoch 179: Train Loss = 0.1297, Test Loss = 0.0661
Epoch 180: Train Loss = 0.1324, Test Loss = 0.0589
Epoch 181: Train Loss = 0.1275, Test Loss = 0.0611
Epoch 182: Train Loss = 0.1305, Test Loss = 0.0674
Epoch 183: Train Loss = 0.1315, Test Loss = 0.0667
Epoch 184: Train Loss = 0.1295, Test Loss = 0.0615
Epoch 185: Train Loss = 0.1308, Test Loss = 0.0582
Epoch 186: Train Loss = 0.1292, Test Loss = 0.0622
Epoch 187: Train Loss = 0.1315, Test Loss = 0.0654
Epoch 188: Train Loss = 0.1319, Test Loss = 0.0611
Epoch 189: Train Loss = 0.1273, Test Loss = 0.0627
Epoch 190: Train Loss = 0.1270, Test Loss = 0.0675
Epoch 191: Train Loss = 0.1294, Test Loss = 0.0647
Epoch 192: Train Loss = 0.1292, Test Loss = 0.0626
Epoch 193: Train Loss = 0.1286, Test Loss = 0.0671
Epoch 194: Train Loss = 0.1301, Test Loss = 0.0683
Epoch 195: Train Loss = 0.1310, Test Loss = 0.0630
Epoch 196: Train Loss = 0.1287, Test Loss = 0.0600
Epoch 197: Train Loss = 0.1309, Test Loss = 0.0668
Epoch 198: Train Loss = 0.1302, Test Loss = 0.0616
Epoch 199: Train Loss = 0.1292, Test Loss = 0.0653
Epoch 200: Train Loss = 0.1300, Test Loss = 0.0617
Trial completed in 536.36s with error: 0.0617
Trial completed!
