Running on host hal0065.amarel.rutgers.edu
Time is Thu Apr 24 15:02:22 EDT 2025
Directory is /home/elp95/tfa-predictor
SLURM job ID is 43168549
Starting trial...
Running trial with config: {'input_size': 3883, 'output_size': 214, 'hidden_sizes': [1024, 512, 256], 'lr': 0.006289353108872488, 'weight_decay': 1.0937371490116376e-05, 'batch_size': 256, 'max_epochs': 100, 'dropout_rate': 0.30792504902610823, 'activation': 'relu', 'optimizer': 'rmsprop', 'learning_rate_schedule': 'step', 'batch_norm': 'false'}
Using data directory: /cache/home/elp95/tfa-predictor/data
xprs_path: /cache/home/elp95/tfa-predictor/data/gene-xprs/processed/xprs-data.csv
tfa_path: /cache/home/elp95/tfa-predictor/data/tfa/processed/tfa-labels.csv
Epoch 1: Train Loss = 0.5615, Test Loss = 9.3293
Epoch 2: Train Loss = 0.2593, Test Loss = 0.8451
Epoch 3: Train Loss = 0.2213, Test Loss = 0.1697
Epoch 4: Train Loss = 0.1815, Test Loss = 0.0838
Epoch 5: Train Loss = 0.1363, Test Loss = 0.0637
Epoch 6: Train Loss = 0.1155, Test Loss = 0.0520
Epoch 7: Train Loss = 0.1040, Test Loss = 0.0400
Epoch 8: Train Loss = 0.0983, Test Loss = 0.0410
Epoch 9: Train Loss = 0.0912, Test Loss = 0.0385
Epoch 10: Train Loss = 0.0857, Test Loss = 0.0355
Epoch 11: Train Loss = 0.0782, Test Loss = 0.0340
Epoch 12: Train Loss = 0.0716, Test Loss = 0.0329
Epoch 13: Train Loss = 0.0703, Test Loss = 0.0342
Epoch 14: Train Loss = 0.0697, Test Loss = 0.0327
Epoch 15: Train Loss = 0.0638, Test Loss = 0.0305
Epoch 16: Train Loss = 0.0648, Test Loss = 0.0312
Epoch 17: Train Loss = 0.0619, Test Loss = 0.0282
Epoch 18: Train Loss = 0.0588, Test Loss = 0.0278
Epoch 19: Train Loss = 0.0627, Test Loss = 0.0271
Epoch 20: Train Loss = 0.0593, Test Loss = 0.0260
Epoch 21: Train Loss = 0.0564, Test Loss = 0.0243
Epoch 22: Train Loss = 0.0578, Test Loss = 0.0228
Epoch 23: Train Loss = 0.0585, Test Loss = 0.0227
Epoch 24: Train Loss = 0.0601, Test Loss = 0.0251
Epoch 25: Train Loss = 0.0618, Test Loss = 0.0263
Epoch 26: Train Loss = 0.0597, Test Loss = 0.0239
Epoch 27: Train Loss = 0.0576, Test Loss = 0.0259
Epoch 28: Train Loss = 0.0570, Test Loss = 0.0277
Epoch 29: Train Loss = 0.0515, Test Loss = 0.0219
Epoch 30: Train Loss = 0.0544, Test Loss = 0.0257
Epoch 31: Train Loss = 0.0543, Test Loss = 0.0252
Epoch 32: Train Loss = 0.0564, Test Loss = 0.0226
Epoch 33: Train Loss = 0.0564, Test Loss = 0.0239
Epoch 34: Train Loss = 0.0537, Test Loss = 0.0252
Epoch 35: Train Loss = 0.0550, Test Loss = 0.0238
Epoch 36: Train Loss = 0.0541, Test Loss = 0.0222
Epoch 37: Train Loss = 0.0529, Test Loss = 0.0237
Epoch 38: Train Loss = 0.0534, Test Loss = 0.0253
Epoch 39: Train Loss = 0.0525, Test Loss = 0.0246
Epoch 40: Train Loss = 0.0541, Test Loss = 0.0255
Epoch 41: Train Loss = 0.0551, Test Loss = 0.0222
Epoch 42: Train Loss = 0.0576, Test Loss = 0.0223
Epoch 43: Train Loss = 0.0571, Test Loss = 0.0253
Epoch 44: Train Loss = 0.0569, Test Loss = 0.0247
Epoch 45: Train Loss = 0.0553, Test Loss = 0.0245
Epoch 46: Train Loss = 0.0557, Test Loss = 0.0243
Epoch 47: Train Loss = 0.0551, Test Loss = 0.0249
Epoch 48: Train Loss = 0.0560, Test Loss = 0.0219
Epoch 49: Train Loss = 0.0545, Test Loss = 0.0225
Epoch 50: Train Loss = 0.0551, Test Loss = 0.0237
Epoch 51: Train Loss = 0.0527, Test Loss = 0.0224
Epoch 52: Train Loss = 0.0492, Test Loss = 0.0232
Epoch 53: Train Loss = 0.0511, Test Loss = 0.0193
Epoch 54: Train Loss = 0.0525, Test Loss = 0.0214
Epoch 55: Train Loss = 0.0560, Test Loss = 0.0228
Epoch 56: Train Loss = 0.0530, Test Loss = 0.0225
Epoch 57: Train Loss = 0.0518, Test Loss = 0.0248
Epoch 58: Train Loss = 0.0501, Test Loss = 0.0225
Epoch 59: Train Loss = 0.0494, Test Loss = 0.0190
Epoch 60: Train Loss = 0.0491, Test Loss = 0.0197
Epoch 61: Train Loss = 0.0497, Test Loss = 0.0214
Epoch 62: Train Loss = 0.0477, Test Loss = 0.0192
Epoch 63: Train Loss = 0.0520, Test Loss = 0.0233
Epoch 64: Train Loss = 0.0492, Test Loss = 0.0255
Epoch 65: Train Loss = 0.0499, Test Loss = 0.0209
Epoch 66: Train Loss = 0.0498, Test Loss = 0.0241
Epoch 67: Train Loss = 0.0547, Test Loss = 0.0224
Epoch 68: Train Loss = 0.0497, Test Loss = 0.0225
Epoch 69: Train Loss = 0.0511, Test Loss = 0.0196
Epoch 70: Train Loss = 0.0525, Test Loss = 0.0220
Epoch 71: Train Loss = 0.0503, Test Loss = 0.0195
Epoch 72: Train Loss = 0.0515, Test Loss = 0.0216
Epoch 73: Train Loss = 0.0520, Test Loss = 0.0194
Epoch 74: Train Loss = 0.0522, Test Loss = 0.0238
Epoch 75: Train Loss = 0.0561, Test Loss = 0.0243
Epoch 76: Train Loss = 0.0511, Test Loss = 0.0204
Epoch 77: Train Loss = 0.0495, Test Loss = 0.0177
Epoch 78: Train Loss = 0.0495, Test Loss = 0.0191
Epoch 79: Train Loss = 0.0485, Test Loss = 0.0205
Epoch 80: Train Loss = 0.0492, Test Loss = 0.0197
Epoch 81: Train Loss = 0.0501, Test Loss = 0.0200
Epoch 82: Train Loss = 0.0494, Test Loss = 0.0256
Epoch 83: Train Loss = 0.0542, Test Loss = 0.0255
Epoch 84: Train Loss = 0.0512, Test Loss = 0.0212
Epoch 85: Train Loss = 0.0496, Test Loss = 0.0227
Epoch 86: Train Loss = 0.0462, Test Loss = 0.0195
Epoch 87: Train Loss = 0.0486, Test Loss = 0.0232
Epoch 88: Train Loss = 0.0485, Test Loss = 0.0219
Epoch 89: Train Loss = 0.0460, Test Loss = 0.0224
Epoch 90: Train Loss = 0.0468, Test Loss = 0.0203
Epoch 91: Train Loss = 0.0494, Test Loss = 0.0215
Epoch 92: Train Loss = 0.0474, Test Loss = 0.0230
Epoch 93: Train Loss = 0.0488, Test Loss = 0.0225
Epoch 94: Train Loss = 0.0470, Test Loss = 0.0211
Epoch 95: Train Loss = 0.0469, Test Loss = 0.0212
Epoch 96: Train Loss = 0.0500, Test Loss = 0.0214
Epoch 97: Train Loss = 0.0467, Test Loss = 0.0195
Epoch 98: Train Loss = 0.0482, Test Loss = 0.0217
Epoch 99: Train Loss = 0.0462, Test Loss = 0.0225
Epoch 100: Train Loss = 0.0454, Test Loss = 0.0189
Trial completed in 54.77s with error: 0.0189
Trial completed!
