Running on host hal0047.amarel.rutgers.edu
Time is Thu Apr 24 14:53:04 EDT 2025
Directory is /home/elp95/tfa-predictor
SLURM job ID is 43168479
Starting trial...
Running trial with config: {'input_size': 3883, 'output_size': 214, 'hidden_sizes': [768, 512, 256], 'lr': 0.01955608416440164, 'weight_decay': 0.0007875135841747086, 'batch_size': 256, 'max_epochs': 300, 'dropout_rate': 0.44131817159466985, 'activation': 'elu', 'optimizer': 'adam', 'learning_rate_schedule': 'none', 'batch_norm': 'true'}
Using data directory: /cache/home/elp95/tfa-predictor/data
xprs_path: /cache/home/elp95/tfa-predictor/data/gene-xprs/processed/xprs-data.csv
tfa_path: /cache/home/elp95/tfa-predictor/data/tfa/processed/tfa-labels.csv
Epoch 1: Train Loss = 0.9888, Test Loss = 9.9742
Epoch 2: Train Loss = 0.4108, Test Loss = 0.2359
Epoch 3: Train Loss = 0.2865, Test Loss = 0.4573
Epoch 4: Train Loss = 0.2209, Test Loss = 0.7017
Epoch 5: Train Loss = 0.1814, Test Loss = 0.7184
Epoch 6: Train Loss = 0.1545, Test Loss = 0.6921
Epoch 7: Train Loss = 0.1451, Test Loss = 0.5976
Epoch 8: Train Loss = 0.1350, Test Loss = 0.5102
Epoch 9: Train Loss = 0.1332, Test Loss = 0.3628
Epoch 10: Train Loss = 0.1458, Test Loss = 0.2403
Epoch 11: Train Loss = 0.1433, Test Loss = 0.2085
Epoch 12: Train Loss = 0.1405, Test Loss = 0.1470
Epoch 13: Train Loss = 0.1369, Test Loss = 0.1691
Epoch 14: Train Loss = 0.1488, Test Loss = 0.1302
Epoch 15: Train Loss = 0.1378, Test Loss = 0.1264
Epoch 16: Train Loss = 0.1366, Test Loss = 0.1506
Epoch 17: Train Loss = 0.1316, Test Loss = 0.1398
Epoch 18: Train Loss = 0.1356, Test Loss = 0.1199
Epoch 19: Train Loss = 0.1330, Test Loss = 0.1151
Epoch 20: Train Loss = 0.1415, Test Loss = 0.0991
Epoch 21: Train Loss = 0.1360, Test Loss = 0.1815
Epoch 22: Train Loss = 0.1345, Test Loss = 0.1035
Epoch 23: Train Loss = 0.1351, Test Loss = 0.1242
Epoch 24: Train Loss = 0.1352, Test Loss = 0.1150
Epoch 25: Train Loss = 0.1458, Test Loss = 0.1556
Epoch 26: Train Loss = 0.1341, Test Loss = 0.1039
Epoch 27: Train Loss = 0.1495, Test Loss = 0.1100
Epoch 28: Train Loss = 0.1413, Test Loss = 0.1770
Epoch 29: Train Loss = 0.1495, Test Loss = 0.1002
Epoch 30: Train Loss = 0.1425, Test Loss = 0.1341
Epoch 31: Train Loss = 0.1405, Test Loss = 0.1073
Epoch 32: Train Loss = 0.1473, Test Loss = 0.2137
Epoch 33: Train Loss = 0.1454, Test Loss = 0.1205
Epoch 34: Train Loss = 0.1416, Test Loss = 0.1378
Epoch 35: Train Loss = 0.1411, Test Loss = 0.1326
Epoch 36: Train Loss = 0.1491, Test Loss = 0.1319
Epoch 37: Train Loss = 0.1507, Test Loss = 0.1557
Epoch 38: Train Loss = 0.1488, Test Loss = 0.1754
Epoch 39: Train Loss = 0.1461, Test Loss = 0.1198
Epoch 40: Train Loss = 0.1529, Test Loss = 0.1087
Epoch 41: Train Loss = 0.1376, Test Loss = 0.1362
Epoch 42: Train Loss = 0.1470, Test Loss = 0.2736
Epoch 43: Train Loss = 0.1519, Test Loss = 0.1288
Epoch 44: Train Loss = 0.1408, Test Loss = 0.1286
Epoch 45: Train Loss = 0.1577, Test Loss = 0.1407
Epoch 46: Train Loss = 0.1558, Test Loss = 0.1552
Epoch 47: Train Loss = 0.1491, Test Loss = 0.1375
Epoch 48: Train Loss = 0.1505, Test Loss = 0.1598
Epoch 49: Train Loss = 0.1633, Test Loss = 0.1661
Epoch 50: Train Loss = 0.1588, Test Loss = 0.1263
Epoch 51: Train Loss = 0.1465, Test Loss = 0.1725
Epoch 52: Train Loss = 0.1722, Test Loss = 0.1056
Epoch 53: Train Loss = 0.1501, Test Loss = 0.1347
Epoch 54: Train Loss = 0.1545, Test Loss = 0.1485
Epoch 55: Train Loss = 0.1489, Test Loss = 0.1256
Epoch 56: Train Loss = 0.1552, Test Loss = 0.1449
Epoch 57: Train Loss = 0.1624, Test Loss = 0.1741
Epoch 58: Train Loss = 0.1628, Test Loss = 0.1227
Epoch 59: Train Loss = 0.1515, Test Loss = 0.1097
Epoch 60: Train Loss = 0.1483, Test Loss = 0.1503
Epoch 61: Train Loss = 0.1600, Test Loss = 0.1415
Epoch 62: Train Loss = 0.1593, Test Loss = 0.1164
Epoch 63: Train Loss = 0.1505, Test Loss = 0.1394
Epoch 64: Train Loss = 0.1537, Test Loss = 0.2500
Epoch 65: Train Loss = 0.1544, Test Loss = 0.1799
Epoch 66: Train Loss = 0.1739, Test Loss = 0.1406
Epoch 67: Train Loss = 0.1524, Test Loss = 0.1775
Epoch 68: Train Loss = 0.1648, Test Loss = 0.1468
Epoch 69: Train Loss = 0.1544, Test Loss = 0.1401
Epoch 70: Train Loss = 0.1651, Test Loss = 0.2748
Epoch 71: Train Loss = 0.1695, Test Loss = 0.1869
Epoch 72: Train Loss = 0.1616, Test Loss = 0.1931
Epoch 73: Train Loss = 0.1596, Test Loss = 0.1286
Epoch 74: Train Loss = 0.1627, Test Loss = 0.1556
Epoch 75: Train Loss = 0.1561, Test Loss = 0.1578
Epoch 76: Train Loss = 0.1625, Test Loss = 0.1495
Epoch 77: Train Loss = 0.1549, Test Loss = 0.1231
Epoch 78: Train Loss = 0.1530, Test Loss = 0.1678
Epoch 79: Train Loss = 0.1647, Test Loss = 0.0967
Epoch 80: Train Loss = 0.1650, Test Loss = 0.1302
Epoch 81: Train Loss = 0.1584, Test Loss = 0.1363
Epoch 82: Train Loss = 0.1438, Test Loss = 0.1526
Epoch 83: Train Loss = 0.1533, Test Loss = 0.1185
Epoch 84: Train Loss = 0.1653, Test Loss = 0.1376
Epoch 85: Train Loss = 0.1590, Test Loss = 0.1400
Epoch 86: Train Loss = 0.1542, Test Loss = 0.2242
Epoch 87: Train Loss = 0.1706, Test Loss = 0.1350
Epoch 88: Train Loss = 0.1610, Test Loss = 0.1519
Epoch 89: Train Loss = 0.1620, Test Loss = 0.1621
Epoch 90: Train Loss = 0.1786, Test Loss = 0.2158
Epoch 91: Train Loss = 0.1585, Test Loss = 0.1609
Epoch 92: Train Loss = 0.1657, Test Loss = 0.1380
Epoch 93: Train Loss = 0.1643, Test Loss = 0.1617
Epoch 94: Train Loss = 0.1663, Test Loss = 0.1533
Epoch 95: Train Loss = 0.1655, Test Loss = 0.2218
Epoch 96: Train Loss = 0.1634, Test Loss = 0.1667
Epoch 97: Train Loss = 0.1808, Test Loss = 0.1795
Epoch 98: Train Loss = 0.1659, Test Loss = 0.1460
Epoch 99: Train Loss = 0.1701, Test Loss = 0.2061
Epoch 100: Train Loss = 0.1564, Test Loss = 0.1253
Epoch 101: Train Loss = 0.1654, Test Loss = 0.1339
Epoch 102: Train Loss = 0.1616, Test Loss = 0.2233
Epoch 103: Train Loss = 0.1739, Test Loss = 0.1717
Epoch 104: Train Loss = 0.1681, Test Loss = 0.1512
Epoch 105: Train Loss = 0.1803, Test Loss = 0.2771
Epoch 106: Train Loss = 0.1740, Test Loss = 0.1755
Epoch 107: Train Loss = 0.1757, Test Loss = 0.1593
Epoch 108: Train Loss = 0.1685, Test Loss = 0.1830
Epoch 109: Train Loss = 0.1670, Test Loss = 0.1858
Epoch 110: Train Loss = 0.1648, Test Loss = 0.1896
Epoch 111: Train Loss = 0.1637, Test Loss = 0.1442
Epoch 112: Train Loss = 0.1606, Test Loss = 0.1798
Epoch 113: Train Loss = 0.1636, Test Loss = 0.1684
Epoch 114: Train Loss = 0.1770, Test Loss = 0.1496
Epoch 115: Train Loss = 0.1794, Test Loss = 0.1261
Epoch 116: Train Loss = 0.1677, Test Loss = 0.1808
Epoch 117: Train Loss = 0.1658, Test Loss = 0.1328
Epoch 118: Train Loss = 0.1715, Test Loss = 0.1629
Epoch 119: Train Loss = 0.1620, Test Loss = 0.1408
Epoch 120: Train Loss = 0.1645, Test Loss = 0.2109
Epoch 121: Train Loss = 0.1741, Test Loss = 0.1554
Epoch 122: Train Loss = 0.1826, Test Loss = 0.1377
Epoch 123: Train Loss = 0.1743, Test Loss = 0.1441
Epoch 124: Train Loss = 0.1762, Test Loss = 0.2419
Epoch 125: Train Loss = 0.1638, Test Loss = 0.1797
Epoch 126: Train Loss = 0.1741, Test Loss = 0.1649
Epoch 127: Train Loss = 0.1923, Test Loss = 0.1822
Epoch 128: Train Loss = 0.1743, Test Loss = 0.1628
Epoch 129: Train Loss = 0.1721, Test Loss = 0.1410
Epoch 130: Train Loss = 0.1765, Test Loss = 0.1944
Epoch 131: Train Loss = 0.1693, Test Loss = 0.1661
Epoch 132: Train Loss = 0.1821, Test Loss = 0.1300
Epoch 133: Train Loss = 0.1753, Test Loss = 0.1885
Epoch 134: Train Loss = 0.1904, Test Loss = 0.1222
Epoch 135: Train Loss = 0.1670, Test Loss = 0.2794
Epoch 136: Train Loss = 0.1769, Test Loss = 0.1787
Epoch 137: Train Loss = 0.1871, Test Loss = 0.1500
Epoch 138: Train Loss = 0.1843, Test Loss = 0.1997
Epoch 139: Train Loss = 0.1595, Test Loss = 0.1814
Epoch 140: Train Loss = 0.1809, Test Loss = 0.1773
Epoch 141: Train Loss = 0.1627, Test Loss = 0.1863
Epoch 142: Train Loss = 0.1608, Test Loss = 0.1702
Epoch 143: Train Loss = 0.1673, Test Loss = 0.1762
Epoch 144: Train Loss = 0.1967, Test Loss = 0.1265
Epoch 145: Train Loss = 0.1640, Test Loss = 0.1675
Epoch 146: Train Loss = 0.1724, Test Loss = 0.1841
Epoch 147: Train Loss = 0.1692, Test Loss = 0.1563
Epoch 148: Train Loss = 0.1694, Test Loss = 0.1752
Epoch 149: Train Loss = 0.1748, Test Loss = 0.1336
Epoch 150: Train Loss = 0.1665, Test Loss = 0.2186
Epoch 151: Train Loss = 0.1813, Test Loss = 0.1358
Epoch 152: Train Loss = 0.1752, Test Loss = 0.1264
Epoch 153: Train Loss = 0.1820, Test Loss = 0.1432
Epoch 154: Train Loss = 0.1913, Test Loss = 0.2756
Epoch 155: Train Loss = 0.1737, Test Loss = 0.1510
Epoch 156: Train Loss = 0.1818, Test Loss = 0.1458
Epoch 157: Train Loss = 0.1761, Test Loss = 0.1675
Epoch 158: Train Loss = 0.1731, Test Loss = 0.1446
Epoch 159: Train Loss = 0.1632, Test Loss = 0.1964
Epoch 160: Train Loss = 0.1810, Test Loss = 0.1779
Epoch 161: Train Loss = 0.1727, Test Loss = 0.1389
Epoch 162: Train Loss = 0.1732, Test Loss = 0.1660
Epoch 163: Train Loss = 0.1739, Test Loss = 0.1603
Epoch 164: Train Loss = 0.1665, Test Loss = 0.1404
Epoch 165: Train Loss = 0.1796, Test Loss = 0.1429
Epoch 166: Train Loss = 0.1765, Test Loss = 0.1587
Epoch 167: Train Loss = 0.1698, Test Loss = 0.1409
Epoch 168: Train Loss = 0.1708, Test Loss = 0.1809
Epoch 169: Train Loss = 0.1681, Test Loss = 0.1437
Epoch 170: Train Loss = 0.1855, Test Loss = 0.1661
Epoch 171: Train Loss = 0.1795, Test Loss = 0.1510
Epoch 172: Train Loss = 0.1813, Test Loss = 0.1520
Epoch 173: Train Loss = 0.1716, Test Loss = 0.1761
Epoch 174: Train Loss = 0.1639, Test Loss = 0.2405
Epoch 175: Train Loss = 0.1772, Test Loss = 0.1629
Epoch 176: Train Loss = 0.1805, Test Loss = 0.1567
Epoch 177: Train Loss = 0.1925, Test Loss = 0.1939
Epoch 178: Train Loss = 0.1762, Test Loss = 0.1808
Epoch 179: Train Loss = 0.1686, Test Loss = 0.1906
Epoch 180: Train Loss = 0.1692, Test Loss = 0.1560
Epoch 181: Train Loss = 0.1893, Test Loss = 0.1260
Epoch 182: Train Loss = 0.1814, Test Loss = 0.1391
Epoch 183: Train Loss = 0.1929, Test Loss = 0.1468
Epoch 184: Train Loss = 0.1698, Test Loss = 0.1801
Epoch 185: Train Loss = 0.1819, Test Loss = 0.2074
Epoch 186: Train Loss = 0.1824, Test Loss = 0.1674
Epoch 187: Train Loss = 0.1840, Test Loss = 0.1321
Epoch 188: Train Loss = 0.1814, Test Loss = 0.1633
Epoch 189: Train Loss = 0.1704, Test Loss = 0.1525
Epoch 190: Train Loss = 0.1773, Test Loss = 0.1916
Epoch 191: Train Loss = 0.1846, Test Loss = 0.1883
Epoch 192: Train Loss = 0.1724, Test Loss = 0.1338
Epoch 193: Train Loss = 0.1616, Test Loss = 0.1857
Epoch 194: Train Loss = 0.1815, Test Loss = 0.1432
Epoch 195: Train Loss = 0.1774, Test Loss = 0.1500
Epoch 196: Train Loss = 0.1833, Test Loss = 0.1673
Epoch 197: Train Loss = 0.1580, Test Loss = 0.2081
Epoch 198: Train Loss = 0.1704, Test Loss = 0.1524
Epoch 199: Train Loss = 0.1815, Test Loss = 0.1628
Epoch 200: Train Loss = 0.1768, Test Loss = 0.1453
Epoch 201: Train Loss = 0.1672, Test Loss = 0.1442
Epoch 202: Train Loss = 0.1740, Test Loss = 0.1284
Epoch 203: Train Loss = 0.1686, Test Loss = 0.1498
Epoch 204: Train Loss = 0.1782, Test Loss = 0.1875
Epoch 205: Train Loss = 0.1649, Test Loss = 0.1532
Epoch 206: Train Loss = 0.1737, Test Loss = 0.1429
Epoch 207: Train Loss = 0.1751, Test Loss = 0.1243
Epoch 208: Train Loss = 0.1648, Test Loss = 0.1588
Epoch 209: Train Loss = 0.1724, Test Loss = 0.2061
Epoch 210: Train Loss = 0.1815, Test Loss = 0.1103
Epoch 211: Train Loss = 0.1841, Test Loss = 0.2098
Epoch 212: Train Loss = 0.1796, Test Loss = 0.1658
Epoch 213: Train Loss = 0.1816, Test Loss = 0.1977
Epoch 214: Train Loss = 0.1913, Test Loss = 0.1627
Epoch 215: Train Loss = 0.1731, Test Loss = 0.1692
Epoch 216: Train Loss = 0.1760, Test Loss = 0.1593
Epoch 217: Train Loss = 0.1947, Test Loss = 0.1475
Epoch 218: Train Loss = 0.1656, Test Loss = 0.1691
Epoch 219: Train Loss = 0.1658, Test Loss = 0.1615
Epoch 220: Train Loss = 0.1837, Test Loss = 0.1487
Epoch 221: Train Loss = 0.1848, Test Loss = 0.1586
Epoch 222: Train Loss = 0.1787, Test Loss = 0.2209
Epoch 223: Train Loss = 0.1734, Test Loss = 0.1387
Epoch 224: Train Loss = 0.1768, Test Loss = 0.1881
Epoch 225: Train Loss = 0.1928, Test Loss = 0.2100
Epoch 226: Train Loss = 0.1884, Test Loss = 0.1452
Epoch 227: Train Loss = 0.1828, Test Loss = 0.2014
Epoch 228: Train Loss = 0.1907, Test Loss = 0.1852
Epoch 229: Train Loss = 0.1807, Test Loss = 0.2299
Epoch 230: Train Loss = 0.1735, Test Loss = 0.1642
Epoch 231: Train Loss = 0.1846, Test Loss = 0.1322
Epoch 232: Train Loss = 0.1872, Test Loss = 0.1416
Epoch 233: Train Loss = 0.1755, Test Loss = 0.1208
Epoch 234: Train Loss = 0.1669, Test Loss = 0.1916
Epoch 235: Train Loss = 0.1875, Test Loss = 0.1792
Epoch 236: Train Loss = 0.1824, Test Loss = 0.1301
Epoch 237: Train Loss = 0.1750, Test Loss = 0.2049
Epoch 238: Train Loss = 0.1754, Test Loss = 0.1605
Epoch 239: Train Loss = 0.1786, Test Loss = 0.1973
Epoch 240: Train Loss = 0.1730, Test Loss = 0.1764
Epoch 241: Train Loss = 0.1820, Test Loss = 0.1621
Epoch 242: Train Loss = 0.1743, Test Loss = 0.1596
Epoch 243: Train Loss = 0.1838, Test Loss = 0.2112
Epoch 244: Train Loss = 0.1878, Test Loss = 0.1815
Epoch 245: Train Loss = 0.1814, Test Loss = 0.1961
Epoch 246: Train Loss = 0.1844, Test Loss = 0.2483
Epoch 247: Train Loss = 0.1801, Test Loss = 0.1812
Epoch 248: Train Loss = 0.1785, Test Loss = 0.1504
Epoch 249: Train Loss = 0.1624, Test Loss = 0.1929
Epoch 250: Train Loss = 0.1994, Test Loss = 0.1416
Epoch 251: Train Loss = 0.1717, Test Loss = 0.1742
Epoch 252: Train Loss = 0.1821, Test Loss = 0.1306
Epoch 253: Train Loss = 0.1879, Test Loss = 0.1519
Epoch 254: Train Loss = 0.1883, Test Loss = 0.1662
Epoch 255: Train Loss = 0.1840, Test Loss = 0.1817
Epoch 256: Train Loss = 0.1868, Test Loss = 0.1430
Epoch 257: Train Loss = 0.1703, Test Loss = 0.1808
Epoch 258: Train Loss = 0.1764, Test Loss = 0.2079
Epoch 259: Train Loss = 0.1709, Test Loss = 0.1808
Epoch 260: Train Loss = 0.1849, Test Loss = 0.1764
Epoch 261: Train Loss = 0.1749, Test Loss = 0.1205
Epoch 262: Train Loss = 0.1667, Test Loss = 0.1754
Epoch 263: Train Loss = 0.1937, Test Loss = 0.1130
Epoch 264: Train Loss = 0.1795, Test Loss = 0.1402
Epoch 265: Train Loss = 0.1730, Test Loss = 0.2139
Epoch 266: Train Loss = 0.1878, Test Loss = 0.2105
Epoch 267: Train Loss = 0.1851, Test Loss = 0.1549
Epoch 268: Train Loss = 0.1882, Test Loss = 0.2106
Epoch 269: Train Loss = 0.1978, Test Loss = 0.1415
Epoch 270: Train Loss = 0.1930, Test Loss = 0.1533
Epoch 271: Train Loss = 0.1781, Test Loss = 0.1600
Epoch 272: Train Loss = 0.1757, Test Loss = 0.1867
Epoch 273: Train Loss = 0.1696, Test Loss = 0.1400
Epoch 274: Train Loss = 0.1769, Test Loss = 0.1425
Epoch 275: Train Loss = 0.1739, Test Loss = 0.1512
Epoch 276: Train Loss = 0.1786, Test Loss = 0.2011
Epoch 277: Train Loss = 0.1780, Test Loss = 0.1338
Epoch 278: Train Loss = 0.1866, Test Loss = 0.1453
Epoch 279: Train Loss = 0.1890, Test Loss = 0.1464
Epoch 280: Train Loss = 0.1902, Test Loss = 0.1725
Epoch 281: Train Loss = 0.1806, Test Loss = 0.1532
Epoch 282: Train Loss = 0.1692, Test Loss = 0.1657
Epoch 283: Train Loss = 0.1931, Test Loss = 0.1696
Epoch 284: Train Loss = 0.1898, Test Loss = 0.2580
Epoch 285: Train Loss = 0.1890, Test Loss = 0.1799
Epoch 286: Train Loss = 0.1901, Test Loss = 0.1874
Epoch 287: Train Loss = 0.1807, Test Loss = 0.1658
Epoch 288: Train Loss = 0.1853, Test Loss = 0.1614
Epoch 289: Train Loss = 0.1661, Test Loss = 0.2072
Epoch 290: Train Loss = 0.1728, Test Loss = 0.1365
Epoch 291: Train Loss = 0.1944, Test Loss = 0.1483
Epoch 292: Train Loss = 0.1745, Test Loss = 0.2277
Epoch 293: Train Loss = 0.1723, Test Loss = 0.1205
Epoch 294: Train Loss = 0.1679, Test Loss = 0.1725
Epoch 295: Train Loss = 0.1719, Test Loss = 0.1828
Epoch 296: Train Loss = 0.1808, Test Loss = 0.1696
Epoch 297: Train Loss = 0.1804, Test Loss = 0.1443
Epoch 298: Train Loss = 0.1716, Test Loss = 0.1625
Epoch 299: Train Loss = 0.1795, Test Loss = 0.1258
Epoch 300: Train Loss = 0.1803, Test Loss = 0.2546
Trial completed in 282.90s with error: 0.2546
Trial completed!
