Running on host hal0084.amarel.rutgers.edu
Time is Thu Apr 24 11:43:01 EDT 2025
Directory is /home/elp95/tfa-predictor
SLURM job ID is 43165690
Starting trial...
Running trial with config: {'input_size': 3883, 'output_size': 214, 'hidden_sizes': [1024, 256], 'lr': 0.00010035927878780911, 'weight_decay': 0.0009647685075720097, 'batch_size': 32, 'max_epochs': 100}
Using data directory: /cache/home/elp95/tfa-predictor/data
xprs_path: /cache/home/elp95/tfa-predictor/data/gene-xprs/processed/xprs-data.csv
tfa_path: /cache/home/elp95/tfa-predictor/data/tfa/processed/tfa-labels.csv
Epoch 1: Train Loss = 0.5850, Test Loss = 0.1542
Epoch 2: Train Loss = 0.3696, Test Loss = 0.0970
Epoch 3: Train Loss = 0.3185, Test Loss = 0.0754
Epoch 4: Train Loss = 0.2886, Test Loss = 0.0662
Epoch 5: Train Loss = 0.2679, Test Loss = 0.0567
Epoch 6: Train Loss = 0.2512, Test Loss = 0.0527
Epoch 7: Train Loss = 0.2349, Test Loss = 0.0481
Epoch 8: Train Loss = 0.2221, Test Loss = 0.0449
Epoch 9: Train Loss = 0.2124, Test Loss = 0.0426
Epoch 10: Train Loss = 0.2029, Test Loss = 0.0417
Epoch 11: Train Loss = 0.1921, Test Loss = 0.0389
Epoch 12: Train Loss = 0.1855, Test Loss = 0.0379
Epoch 13: Train Loss = 0.1771, Test Loss = 0.0358
Epoch 14: Train Loss = 0.1696, Test Loss = 0.0360
Epoch 15: Train Loss = 0.1624, Test Loss = 0.0368
Epoch 16: Train Loss = 0.1580, Test Loss = 0.0342
Epoch 17: Train Loss = 0.1546, Test Loss = 0.0346
Epoch 18: Train Loss = 0.1473, Test Loss = 0.0382
Epoch 19: Train Loss = 0.1460, Test Loss = 0.0331
Epoch 20: Train Loss = 0.1398, Test Loss = 0.0302
Epoch 21: Train Loss = 0.1382, Test Loss = 0.0312
Epoch 22: Train Loss = 0.1353, Test Loss = 0.0323
Epoch 23: Train Loss = 0.1323, Test Loss = 0.0307
Epoch 24: Train Loss = 0.1309, Test Loss = 0.0309
Epoch 25: Train Loss = 0.1278, Test Loss = 0.0319
Epoch 26: Train Loss = 0.1279, Test Loss = 0.0303
Epoch 27: Train Loss = 0.1237, Test Loss = 0.0354
Epoch 28: Train Loss = 0.1229, Test Loss = 0.0321
Epoch 29: Train Loss = 0.1203, Test Loss = 0.0308
Epoch 30: Train Loss = 0.1173, Test Loss = 0.0365
Epoch 31: Train Loss = 0.1178, Test Loss = 0.0296
Epoch 32: Train Loss = 0.1141, Test Loss = 0.0294
Epoch 33: Train Loss = 0.1159, Test Loss = 0.0290
Epoch 34: Train Loss = 0.1135, Test Loss = 0.0325
Epoch 35: Train Loss = 0.1158, Test Loss = 0.0280
Epoch 36: Train Loss = 0.1107, Test Loss = 0.0292
Epoch 37: Train Loss = 0.1068, Test Loss = 0.0293
Epoch 38: Train Loss = 0.1099, Test Loss = 0.0283
Epoch 39: Train Loss = 0.1082, Test Loss = 0.0289
Epoch 40: Train Loss = 0.1072, Test Loss = 0.0258
Epoch 41: Train Loss = 0.1079, Test Loss = 0.0277
Epoch 42: Train Loss = 0.1072, Test Loss = 0.0287
Epoch 43: Train Loss = 0.1050, Test Loss = 0.0317
Epoch 44: Train Loss = 0.1072, Test Loss = 0.0282
Epoch 45: Train Loss = 0.1074, Test Loss = 0.0276
Epoch 46: Train Loss = 0.1050, Test Loss = 0.0264
Epoch 47: Train Loss = 0.1045, Test Loss = 0.0287
Epoch 48: Train Loss = 0.1031, Test Loss = 0.0260
Epoch 49: Train Loss = 0.1026, Test Loss = 0.0277
Epoch 50: Train Loss = 0.1043, Test Loss = 0.0297
Epoch 51: Train Loss = 0.1034, Test Loss = 0.0289
Epoch 52: Train Loss = 0.1017, Test Loss = 0.0282
Epoch 53: Train Loss = 0.1009, Test Loss = 0.0272
Epoch 54: Train Loss = 0.1003, Test Loss = 0.0292
Epoch 55: Train Loss = 0.0993, Test Loss = 0.0274
Epoch 56: Train Loss = 0.0999, Test Loss = 0.0286
Epoch 57: Train Loss = 0.1001, Test Loss = 0.0288
Epoch 58: Train Loss = 0.0970, Test Loss = 0.0270
Epoch 59: Train Loss = 0.1001, Test Loss = 0.0288
Epoch 60: Train Loss = 0.0994, Test Loss = 0.0267
Epoch 61: Train Loss = 0.0996, Test Loss = 0.0308
Epoch 62: Train Loss = 0.0965, Test Loss = 0.0290
Epoch 63: Train Loss = 0.0958, Test Loss = 0.0258
Epoch 64: Train Loss = 0.0965, Test Loss = 0.0263
Epoch 65: Train Loss = 0.0994, Test Loss = 0.0294
Epoch 66: Train Loss = 0.0957, Test Loss = 0.0285
Epoch 67: Train Loss = 0.0945, Test Loss = 0.0286
Epoch 68: Train Loss = 0.0971, Test Loss = 0.0285
Epoch 69: Train Loss = 0.0974, Test Loss = 0.0252
Epoch 70: Train Loss = 0.0954, Test Loss = 0.0298
Epoch 71: Train Loss = 0.0952, Test Loss = 0.0290
Epoch 72: Train Loss = 0.0962, Test Loss = 0.0289
Epoch 73: Train Loss = 0.0991, Test Loss = 0.0305
Epoch 74: Train Loss = 0.0960, Test Loss = 0.0259
Epoch 75: Train Loss = 0.0940, Test Loss = 0.0301
Epoch 76: Train Loss = 0.0942, Test Loss = 0.0275
Epoch 77: Train Loss = 0.0960, Test Loss = 0.0281
Epoch 78: Train Loss = 0.0956, Test Loss = 0.0301
Epoch 79: Train Loss = 0.0962, Test Loss = 0.0285
Epoch 80: Train Loss = 0.0977, Test Loss = 0.0275
Epoch 81: Train Loss = 0.0958, Test Loss = 0.0268
Epoch 82: Train Loss = 0.0944, Test Loss = 0.0281
Epoch 83: Train Loss = 0.0951, Test Loss = 0.0287
Epoch 84: Train Loss = 0.0967, Test Loss = 0.0307
Epoch 85: Train Loss = 0.0985, Test Loss = 0.0266
Epoch 86: Train Loss = 0.0933, Test Loss = 0.0286
Epoch 87: Train Loss = 0.0924, Test Loss = 0.0308
Epoch 88: Train Loss = 0.0925, Test Loss = 0.0265
Epoch 89: Train Loss = 0.0940, Test Loss = 0.0293
Epoch 90: Train Loss = 0.0924, Test Loss = 0.0265
Epoch 91: Train Loss = 0.0913, Test Loss = 0.0268
Epoch 92: Train Loss = 0.0928, Test Loss = 0.0267
Epoch 93: Train Loss = 0.0908, Test Loss = 0.0256
Epoch 94: Train Loss = 0.0926, Test Loss = 0.0274
Epoch 95: Train Loss = 0.0935, Test Loss = 0.0282
Epoch 96: Train Loss = 0.0929, Test Loss = 0.0284
Epoch 97: Train Loss = 0.0911, Test Loss = 0.0272
Epoch 98: Train Loss = 0.0910, Test Loss = 0.0300
Epoch 99: Train Loss = 0.0909, Test Loss = 0.0263
Epoch 100: Train Loss = 0.0918, Test Loss = 0.0290
Trial completed in 173.90s with error: 0.0290
Trial completed!
