Running on host hal0056.amarel.rutgers.edu
Time is Thu Apr 24 15:23:40 EDT 2025
Directory is /home/elp95/tfa-predictor
SLURM job ID is 43168741
Starting trial...
Running trial with config: {'input_size': 3883, 'output_size': 214, 'hidden_sizes': [4096, 2048, 1024], 'lr': 6.0681743138581085e-05, 'weight_decay': 6.907016945696073e-06, 'batch_size': 256, 'max_epochs': 200, 'dropout_rate': 0.30139094101164926, 'activation': 'selu', 'optimizer': 'adam', 'learning_rate_schedule': 'none', 'batch_norm': 'false'}
Using data directory: /cache/home/elp95/tfa-predictor/data
xprs_path: /cache/home/elp95/tfa-predictor/data/gene-xprs/processed/xprs-data.csv
tfa_path: /cache/home/elp95/tfa-predictor/data/tfa/processed/tfa-labels.csv
Epoch 1: Train Loss = 0.8512, Test Loss = 0.4675
Epoch 2: Train Loss = 0.3987, Test Loss = 0.1190
Epoch 3: Train Loss = 0.3088, Test Loss = 0.0725
Epoch 4: Train Loss = 0.2734, Test Loss = 0.0569
Epoch 5: Train Loss = 0.2502, Test Loss = 0.0470
Epoch 6: Train Loss = 0.2381, Test Loss = 0.0403
Epoch 7: Train Loss = 0.2274, Test Loss = 0.0359
Epoch 8: Train Loss = 0.2184, Test Loss = 0.0328
Epoch 9: Train Loss = 0.2098, Test Loss = 0.0304
Epoch 10: Train Loss = 0.2049, Test Loss = 0.0282
Epoch 11: Train Loss = 0.1996, Test Loss = 0.0267
Epoch 12: Train Loss = 0.1958, Test Loss = 0.0250
Epoch 13: Train Loss = 0.1896, Test Loss = 0.0238
Epoch 14: Train Loss = 0.1877, Test Loss = 0.0228
Epoch 15: Train Loss = 0.1861, Test Loss = 0.0216
Epoch 16: Train Loss = 0.1784, Test Loss = 0.0212
Epoch 17: Train Loss = 0.1791, Test Loss = 0.0200
Epoch 18: Train Loss = 0.1761, Test Loss = 0.0196
Epoch 19: Train Loss = 0.1726, Test Loss = 0.0192
Epoch 20: Train Loss = 0.1681, Test Loss = 0.0184
Epoch 21: Train Loss = 0.1656, Test Loss = 0.0176
Epoch 22: Train Loss = 0.1639, Test Loss = 0.0174
Epoch 23: Train Loss = 0.1623, Test Loss = 0.0170
Epoch 24: Train Loss = 0.1600, Test Loss = 0.0165
Epoch 25: Train Loss = 0.1586, Test Loss = 0.0165
Epoch 26: Train Loss = 0.1550, Test Loss = 0.0155
Epoch 27: Train Loss = 0.1541, Test Loss = 0.0154
Epoch 28: Train Loss = 0.1519, Test Loss = 0.0150
Epoch 29: Train Loss = 0.1503, Test Loss = 0.0150
Epoch 30: Train Loss = 0.1481, Test Loss = 0.0144
Epoch 31: Train Loss = 0.1456, Test Loss = 0.0146
Epoch 32: Train Loss = 0.1442, Test Loss = 0.0137
Epoch 33: Train Loss = 0.1427, Test Loss = 0.0136
Epoch 34: Train Loss = 0.1410, Test Loss = 0.0130
Epoch 35: Train Loss = 0.1401, Test Loss = 0.0130
Epoch 36: Train Loss = 0.1392, Test Loss = 0.0125
Epoch 37: Train Loss = 0.1359, Test Loss = 0.0130
Epoch 38: Train Loss = 0.1341, Test Loss = 0.0122
Epoch 39: Train Loss = 0.1327, Test Loss = 0.0128
Epoch 40: Train Loss = 0.1324, Test Loss = 0.0117
Epoch 41: Train Loss = 0.1294, Test Loss = 0.0124
Epoch 42: Train Loss = 0.1291, Test Loss = 0.0117
Epoch 43: Train Loss = 0.1273, Test Loss = 0.0116
Epoch 44: Train Loss = 0.1263, Test Loss = 0.0118
Epoch 45: Train Loss = 0.1237, Test Loss = 0.0110
Epoch 46: Train Loss = 0.1239, Test Loss = 0.0113
Epoch 47: Train Loss = 0.1224, Test Loss = 0.0108
Epoch 48: Train Loss = 0.1199, Test Loss = 0.0107
Epoch 49: Train Loss = 0.1190, Test Loss = 0.0112
Epoch 50: Train Loss = 0.1191, Test Loss = 0.0107
Epoch 51: Train Loss = 0.1167, Test Loss = 0.0111
Epoch 52: Train Loss = 0.1154, Test Loss = 0.0102
Epoch 53: Train Loss = 0.1147, Test Loss = 0.0109
Epoch 54: Train Loss = 0.1140, Test Loss = 0.0100
Epoch 55: Train Loss = 0.1125, Test Loss = 0.0099
Epoch 56: Train Loss = 0.1119, Test Loss = 0.0101
Epoch 57: Train Loss = 0.1102, Test Loss = 0.0096
Epoch 58: Train Loss = 0.1094, Test Loss = 0.0104
Epoch 59: Train Loss = 0.1078, Test Loss = 0.0094
Epoch 60: Train Loss = 0.1058, Test Loss = 0.0096
Epoch 61: Train Loss = 0.1061, Test Loss = 0.0092
Epoch 62: Train Loss = 0.1045, Test Loss = 0.0093
Epoch 63: Train Loss = 0.1037, Test Loss = 0.0093
Epoch 64: Train Loss = 0.1029, Test Loss = 0.0091
Epoch 65: Train Loss = 0.1012, Test Loss = 0.0095
Epoch 66: Train Loss = 0.1006, Test Loss = 0.0089
Epoch 67: Train Loss = 0.0999, Test Loss = 0.0092
Epoch 68: Train Loss = 0.0984, Test Loss = 0.0090
Epoch 69: Train Loss = 0.0978, Test Loss = 0.0091
Epoch 70: Train Loss = 0.0967, Test Loss = 0.0095
Epoch 71: Train Loss = 0.0961, Test Loss = 0.0086
Epoch 72: Train Loss = 0.0953, Test Loss = 0.0087
Epoch 73: Train Loss = 0.0946, Test Loss = 0.0086
Epoch 74: Train Loss = 0.0932, Test Loss = 0.0090
Epoch 75: Train Loss = 0.0928, Test Loss = 0.0085
Epoch 76: Train Loss = 0.0917, Test Loss = 0.0083
Epoch 77: Train Loss = 0.0908, Test Loss = 0.0088
Epoch 78: Train Loss = 0.0906, Test Loss = 0.0083
Epoch 79: Train Loss = 0.0896, Test Loss = 0.0091
Epoch 80: Train Loss = 0.0883, Test Loss = 0.0079
Epoch 81: Train Loss = 0.0879, Test Loss = 0.0086
Epoch 82: Train Loss = 0.0870, Test Loss = 0.0084
Epoch 83: Train Loss = 0.0855, Test Loss = 0.0081
Epoch 84: Train Loss = 0.0854, Test Loss = 0.0079
Epoch 85: Train Loss = 0.0835, Test Loss = 0.0080
Epoch 86: Train Loss = 0.0830, Test Loss = 0.0082
Epoch 87: Train Loss = 0.0820, Test Loss = 0.0077
Epoch 88: Train Loss = 0.0815, Test Loss = 0.0079
Epoch 89: Train Loss = 0.0810, Test Loss = 0.0083
Epoch 90: Train Loss = 0.0804, Test Loss = 0.0082
Epoch 91: Train Loss = 0.0798, Test Loss = 0.0084
Epoch 92: Train Loss = 0.0784, Test Loss = 0.0076
Epoch 93: Train Loss = 0.0777, Test Loss = 0.0076
Epoch 94: Train Loss = 0.0777, Test Loss = 0.0074
Epoch 95: Train Loss = 0.0769, Test Loss = 0.0088
Epoch 96: Train Loss = 0.0765, Test Loss = 0.0076
Epoch 97: Train Loss = 0.0754, Test Loss = 0.0076
Epoch 98: Train Loss = 0.0749, Test Loss = 0.0078
Epoch 99: Train Loss = 0.0737, Test Loss = 0.0075
Epoch 100: Train Loss = 0.0729, Test Loss = 0.0074
Epoch 101: Train Loss = 0.0720, Test Loss = 0.0078
Epoch 102: Train Loss = 0.0721, Test Loss = 0.0072
Epoch 103: Train Loss = 0.0715, Test Loss = 0.0074
Epoch 104: Train Loss = 0.0711, Test Loss = 0.0069
Epoch 105: Train Loss = 0.0707, Test Loss = 0.0073
Epoch 106: Train Loss = 0.0694, Test Loss = 0.0072
Epoch 107: Train Loss = 0.0685, Test Loss = 0.0072
Epoch 108: Train Loss = 0.0684, Test Loss = 0.0071
Epoch 109: Train Loss = 0.0676, Test Loss = 0.0075
Epoch 110: Train Loss = 0.0675, Test Loss = 0.0070
Epoch 111: Train Loss = 0.0662, Test Loss = 0.0076
Epoch 112: Train Loss = 0.0663, Test Loss = 0.0071
Epoch 113: Train Loss = 0.0658, Test Loss = 0.0070
Epoch 114: Train Loss = 0.0644, Test Loss = 0.0078
Epoch 115: Train Loss = 0.0644, Test Loss = 0.0069
Epoch 116: Train Loss = 0.0636, Test Loss = 0.0070
Epoch 117: Train Loss = 0.0630, Test Loss = 0.0069
Epoch 118: Train Loss = 0.0622, Test Loss = 0.0069
Epoch 119: Train Loss = 0.0622, Test Loss = 0.0074
Epoch 120: Train Loss = 0.0616, Test Loss = 0.0066
Epoch 121: Train Loss = 0.0612, Test Loss = 0.0070
Epoch 122: Train Loss = 0.0599, Test Loss = 0.0068
Epoch 123: Train Loss = 0.0599, Test Loss = 0.0066
Epoch 124: Train Loss = 0.0592, Test Loss = 0.0072
Epoch 125: Train Loss = 0.0582, Test Loss = 0.0067
Epoch 126: Train Loss = 0.0578, Test Loss = 0.0070
Epoch 127: Train Loss = 0.0571, Test Loss = 0.0072
Epoch 128: Train Loss = 0.0567, Test Loss = 0.0066
Epoch 129: Train Loss = 0.0563, Test Loss = 0.0065
Epoch 130: Train Loss = 0.0561, Test Loss = 0.0068
Epoch 131: Train Loss = 0.0558, Test Loss = 0.0070
Epoch 132: Train Loss = 0.0551, Test Loss = 0.0067
Epoch 133: Train Loss = 0.0548, Test Loss = 0.0065
Epoch 134: Train Loss = 0.0543, Test Loss = 0.0068
Epoch 135: Train Loss = 0.0540, Test Loss = 0.0066
Epoch 136: Train Loss = 0.0530, Test Loss = 0.0062
Epoch 137: Train Loss = 0.0527, Test Loss = 0.0066
Epoch 138: Train Loss = 0.0521, Test Loss = 0.0069
Epoch 139: Train Loss = 0.0512, Test Loss = 0.0062
Epoch 140: Train Loss = 0.0512, Test Loss = 0.0067
Epoch 141: Train Loss = 0.0506, Test Loss = 0.0064
Epoch 142: Train Loss = 0.0503, Test Loss = 0.0064
Epoch 143: Train Loss = 0.0502, Test Loss = 0.0061
Epoch 144: Train Loss = 0.0495, Test Loss = 0.0064
Epoch 145: Train Loss = 0.0491, Test Loss = 0.0065
Epoch 146: Train Loss = 0.0491, Test Loss = 0.0060
Epoch 147: Train Loss = 0.0481, Test Loss = 0.0067
Epoch 148: Train Loss = 0.0482, Test Loss = 0.0062
Epoch 149: Train Loss = 0.0475, Test Loss = 0.0068
Epoch 150: Train Loss = 0.0471, Test Loss = 0.0062
Epoch 151: Train Loss = 0.0465, Test Loss = 0.0062
Epoch 152: Train Loss = 0.0462, Test Loss = 0.0061
Epoch 153: Train Loss = 0.0462, Test Loss = 0.0066
Epoch 154: Train Loss = 0.0454, Test Loss = 0.0059
Epoch 155: Train Loss = 0.0447, Test Loss = 0.0062
Epoch 156: Train Loss = 0.0449, Test Loss = 0.0060
Epoch 157: Train Loss = 0.0449, Test Loss = 0.0066
Epoch 158: Train Loss = 0.0440, Test Loss = 0.0061
Epoch 159: Train Loss = 0.0437, Test Loss = 0.0058
Epoch 160: Train Loss = 0.0428, Test Loss = 0.0061
Epoch 161: Train Loss = 0.0430, Test Loss = 0.0063
Epoch 162: Train Loss = 0.0424, Test Loss = 0.0067
Epoch 163: Train Loss = 0.0419, Test Loss = 0.0062
Epoch 164: Train Loss = 0.0414, Test Loss = 0.0063
Epoch 165: Train Loss = 0.0415, Test Loss = 0.0059
Epoch 166: Train Loss = 0.0415, Test Loss = 0.0062
Epoch 167: Train Loss = 0.0417, Test Loss = 0.0062
Epoch 168: Train Loss = 0.0411, Test Loss = 0.0065
Epoch 169: Train Loss = 0.0401, Test Loss = 0.0059
Epoch 170: Train Loss = 0.0402, Test Loss = 0.0057
Epoch 171: Train Loss = 0.0400, Test Loss = 0.0062
Epoch 172: Train Loss = 0.0395, Test Loss = 0.0062
Epoch 173: Train Loss = 0.0390, Test Loss = 0.0060
Epoch 174: Train Loss = 0.0391, Test Loss = 0.0059
Epoch 175: Train Loss = 0.0390, Test Loss = 0.0061
Epoch 176: Train Loss = 0.0383, Test Loss = 0.0059
Epoch 177: Train Loss = 0.0379, Test Loss = 0.0061
Epoch 178: Train Loss = 0.0374, Test Loss = 0.0061
Epoch 179: Train Loss = 0.0372, Test Loss = 0.0059
Epoch 180: Train Loss = 0.0365, Test Loss = 0.0062
Epoch 181: Train Loss = 0.0368, Test Loss = 0.0057
Epoch 182: Train Loss = 0.0365, Test Loss = 0.0061
Epoch 183: Train Loss = 0.0359, Test Loss = 0.0056
Epoch 184: Train Loss = 0.0360, Test Loss = 0.0061
Epoch 185: Train Loss = 0.0358, Test Loss = 0.0069
Epoch 186: Train Loss = 0.0353, Test Loss = 0.0060
Epoch 187: Train Loss = 0.0348, Test Loss = 0.0062
Epoch 188: Train Loss = 0.0348, Test Loss = 0.0061
Epoch 189: Train Loss = 0.0348, Test Loss = 0.0058
Epoch 190: Train Loss = 0.0340, Test Loss = 0.0060
Epoch 191: Train Loss = 0.0337, Test Loss = 0.0063
Epoch 192: Train Loss = 0.0338, Test Loss = 0.0056
Epoch 193: Train Loss = 0.0334, Test Loss = 0.0062
Epoch 194: Train Loss = 0.0336, Test Loss = 0.0060
Epoch 195: Train Loss = 0.0337, Test Loss = 0.0057
Epoch 196: Train Loss = 0.0337, Test Loss = 0.0060
Epoch 197: Train Loss = 0.0325, Test Loss = 0.0061
Epoch 198: Train Loss = 0.0322, Test Loss = 0.0058
Epoch 199: Train Loss = 0.0320, Test Loss = 0.0056
Epoch 200: Train Loss = 0.0318, Test Loss = 0.0060
Trial completed in 549.41s with error: 0.0060
Trial completed!
