Running on host hal0027.amarel.rutgers.edu
Time is Thu Apr 24 14:54:38 EDT 2025
Directory is /home/elp95/tfa-predictor
SLURM job ID is 43168488
Starting trial...
Running trial with config: {'input_size': 3883, 'output_size': 214, 'hidden_sizes': [512, 256, 128], 'lr': 0.010890853305402253, 'weight_decay': 6.596099207886096e-05, 'batch_size': 64, 'max_epochs': 50, 'dropout_rate': 0.3317508845540279, 'activation': 'relu', 'optimizer': 'adamw', 'learning_rate_schedule': 'exponential', 'batch_norm': 'false'}
Using data directory: /cache/home/elp95/tfa-predictor/data
xprs_path: /cache/home/elp95/tfa-predictor/data/gene-xprs/processed/xprs-data.csv
tfa_path: /cache/home/elp95/tfa-predictor/data/tfa/processed/tfa-labels.csv
Epoch 1: Train Loss = 0.4054, Test Loss = 0.0959
Epoch 2: Train Loss = 0.2020, Test Loss = 0.0756
Epoch 3: Train Loss = 0.1684, Test Loss = 0.0619
Epoch 4: Train Loss = 0.1543, Test Loss = 0.0676
Epoch 5: Train Loss = 0.1561, Test Loss = 0.0694
Epoch 6: Train Loss = 0.1488, Test Loss = 0.0683
Epoch 7: Train Loss = 0.1472, Test Loss = 0.0641
Epoch 8: Train Loss = 0.1531, Test Loss = 0.0668
Epoch 9: Train Loss = 0.1473, Test Loss = 0.0666
Epoch 10: Train Loss = 0.1447, Test Loss = 0.0655
Epoch 11: Train Loss = 0.1410, Test Loss = 0.0620
Epoch 12: Train Loss = 0.1400, Test Loss = 0.0609
Epoch 13: Train Loss = 0.1467, Test Loss = 0.0680
Epoch 14: Train Loss = 0.1476, Test Loss = 0.0610
Epoch 15: Train Loss = 0.1446, Test Loss = 0.0646
Epoch 16: Train Loss = 0.1444, Test Loss = 0.0545
Epoch 17: Train Loss = 0.1374, Test Loss = 0.0569
Epoch 18: Train Loss = 0.1501, Test Loss = 0.0797
Epoch 19: Train Loss = 0.1446, Test Loss = 0.0639
Epoch 20: Train Loss = 0.1459, Test Loss = 0.0943
Epoch 21: Train Loss = 0.1519, Test Loss = 0.0801
Epoch 22: Train Loss = 0.1538, Test Loss = 0.0510
Epoch 23: Train Loss = 0.1448, Test Loss = 0.0807
Epoch 24: Train Loss = 0.1524, Test Loss = 0.0593
Epoch 25: Train Loss = 0.1385, Test Loss = 0.0640
Epoch 26: Train Loss = 0.1497, Test Loss = 0.0756
Epoch 27: Train Loss = 0.1431, Test Loss = 0.0674
Epoch 28: Train Loss = 0.1458, Test Loss = 0.0664
Epoch 29: Train Loss = 0.1521, Test Loss = 0.0696
Epoch 30: Train Loss = 0.1466, Test Loss = 0.0637
Epoch 31: Train Loss = 0.1447, Test Loss = 0.0662
Epoch 32: Train Loss = 0.1446, Test Loss = 0.0752
Epoch 33: Train Loss = 0.1479, Test Loss = 0.0652
Epoch 34: Train Loss = 0.1512, Test Loss = 0.0662
Epoch 35: Train Loss = 0.1533, Test Loss = 0.0857
Epoch 36: Train Loss = 0.1603, Test Loss = 0.0665
Epoch 37: Train Loss = 0.1458, Test Loss = 0.0630
Epoch 38: Train Loss = 0.1508, Test Loss = 0.0577
Epoch 39: Train Loss = 0.1467, Test Loss = 0.0827
Epoch 40: Train Loss = 0.1545, Test Loss = 0.0771
Epoch 41: Train Loss = 0.1635, Test Loss = 0.0716
Epoch 42: Train Loss = 0.1450, Test Loss = 0.0745
Epoch 43: Train Loss = 0.1519, Test Loss = 0.0644
Epoch 44: Train Loss = 0.1532, Test Loss = 0.0648
Epoch 45: Train Loss = 0.1606, Test Loss = 0.0807
Epoch 46: Train Loss = 0.1545, Test Loss = 0.0835
Epoch 47: Train Loss = 0.1548, Test Loss = 0.0704
Epoch 48: Train Loss = 0.1556, Test Loss = 0.0645
Epoch 49: Train Loss = 0.1531, Test Loss = 0.0660
Epoch 50: Train Loss = 0.1510, Test Loss = 0.0676
Trial completed in 29.20s with error: 0.0676
Trial completed!
