Running on host hal0019.amarel.rutgers.edu
Time is Thu Apr 24 14:57:13 EDT 2025
Directory is /home/elp95/tfa-predictor
SLURM job ID is 43168509
Starting trial...
Running trial with config: {'input_size': 3883, 'output_size': 214, 'hidden_sizes': [768, 512, 256], 'lr': 0.008077179299100422, 'weight_decay': 2.5695909517346827e-06, 'batch_size': 256, 'max_epochs': 100, 'dropout_rate': 0.4046805777392568, 'activation': 'elu', 'optimizer': 'adamw', 'learning_rate_schedule': 'none', 'batch_norm': 'false'}
Using data directory: /cache/home/elp95/tfa-predictor/data
xprs_path: /cache/home/elp95/tfa-predictor/data/gene-xprs/processed/xprs-data.csv
tfa_path: /cache/home/elp95/tfa-predictor/data/tfa/processed/tfa-labels.csv
Epoch 1: Train Loss = 0.5753, Test Loss = 10.4507
Epoch 2: Train Loss = 0.2594, Test Loss = 0.9222
Epoch 3: Train Loss = 0.2125, Test Loss = 0.2292
Epoch 4: Train Loss = 0.1862, Test Loss = 0.1072
Epoch 5: Train Loss = 0.1612, Test Loss = 0.0838
Epoch 6: Train Loss = 0.1516, Test Loss = 0.0695
Epoch 7: Train Loss = 0.1484, Test Loss = 0.0578
Epoch 8: Train Loss = 0.1357, Test Loss = 0.0565
Epoch 9: Train Loss = 0.1113, Test Loss = 0.0518
Epoch 10: Train Loss = 0.0947, Test Loss = 0.0343
Epoch 11: Train Loss = 0.0812, Test Loss = 0.0315
Epoch 12: Train Loss = 0.0787, Test Loss = 0.0329
Epoch 13: Train Loss = 0.0707, Test Loss = 0.0290
Epoch 14: Train Loss = 0.0700, Test Loss = 0.0295
Epoch 15: Train Loss = 0.0686, Test Loss = 0.0279
Epoch 16: Train Loss = 0.0652, Test Loss = 0.0268
Epoch 17: Train Loss = 0.0628, Test Loss = 0.0245
Epoch 18: Train Loss = 0.0633, Test Loss = 0.0253
Epoch 19: Train Loss = 0.0601, Test Loss = 0.0249
Epoch 20: Train Loss = 0.0608, Test Loss = 0.0256
Epoch 21: Train Loss = 0.0578, Test Loss = 0.0229
Epoch 22: Train Loss = 0.0578, Test Loss = 0.0233
Epoch 23: Train Loss = 0.0588, Test Loss = 0.0247
Epoch 24: Train Loss = 0.0600, Test Loss = 0.0228
Epoch 25: Train Loss = 0.0631, Test Loss = 0.0225
Epoch 26: Train Loss = 0.0647, Test Loss = 0.0223
Epoch 27: Train Loss = 0.0597, Test Loss = 0.0230
Epoch 28: Train Loss = 0.0606, Test Loss = 0.0237
Epoch 29: Train Loss = 0.0578, Test Loss = 0.0243
Epoch 30: Train Loss = 0.0582, Test Loss = 0.0217
Epoch 31: Train Loss = 0.0562, Test Loss = 0.0226
Epoch 32: Train Loss = 0.0568, Test Loss = 0.0212
Epoch 33: Train Loss = 0.0533, Test Loss = 0.0258
Epoch 34: Train Loss = 0.0539, Test Loss = 0.0184
Epoch 35: Train Loss = 0.0563, Test Loss = 0.0182
Epoch 36: Train Loss = 0.0544, Test Loss = 0.0198
Epoch 37: Train Loss = 0.0555, Test Loss = 0.0226
Epoch 38: Train Loss = 0.0547, Test Loss = 0.0232
Epoch 39: Train Loss = 0.0532, Test Loss = 0.0195
Epoch 40: Train Loss = 0.0515, Test Loss = 0.0203
Epoch 41: Train Loss = 0.0507, Test Loss = 0.0209
Epoch 42: Train Loss = 0.0548, Test Loss = 0.0181
Epoch 43: Train Loss = 0.0543, Test Loss = 0.0198
Epoch 44: Train Loss = 0.0506, Test Loss = 0.0196
Epoch 45: Train Loss = 0.0490, Test Loss = 0.0192
Epoch 46: Train Loss = 0.0497, Test Loss = 0.0180
Epoch 47: Train Loss = 0.0521, Test Loss = 0.0221
Epoch 48: Train Loss = 0.0486, Test Loss = 0.0176
Epoch 49: Train Loss = 0.0484, Test Loss = 0.0185
Epoch 50: Train Loss = 0.0476, Test Loss = 0.0167
Epoch 51: Train Loss = 0.0462, Test Loss = 0.0172
Epoch 52: Train Loss = 0.0490, Test Loss = 0.0181
Epoch 53: Train Loss = 0.0490, Test Loss = 0.0181
Epoch 54: Train Loss = 0.0488, Test Loss = 0.0176
Epoch 55: Train Loss = 0.0485, Test Loss = 0.0187
Epoch 56: Train Loss = 0.0500, Test Loss = 0.0179
Epoch 57: Train Loss = 0.0472, Test Loss = 0.0179
Epoch 58: Train Loss = 0.0476, Test Loss = 0.0173
Epoch 59: Train Loss = 0.0458, Test Loss = 0.0169
Epoch 60: Train Loss = 0.0461, Test Loss = 0.0163
Epoch 61: Train Loss = 0.0465, Test Loss = 0.0166
Epoch 62: Train Loss = 0.0494, Test Loss = 0.0181
Epoch 63: Train Loss = 0.0456, Test Loss = 0.0178
Epoch 64: Train Loss = 0.0481, Test Loss = 0.0167
Epoch 65: Train Loss = 0.0490, Test Loss = 0.0164
Epoch 66: Train Loss = 0.0482, Test Loss = 0.0167
Epoch 67: Train Loss = 0.0487, Test Loss = 0.0179
Epoch 68: Train Loss = 0.0498, Test Loss = 0.0181
Epoch 69: Train Loss = 0.0484, Test Loss = 0.0192
Epoch 70: Train Loss = 0.0463, Test Loss = 0.0172
Epoch 71: Train Loss = 0.0502, Test Loss = 0.0188
Epoch 72: Train Loss = 0.0496, Test Loss = 0.0217
Epoch 73: Train Loss = 0.0487, Test Loss = 0.0195
Epoch 74: Train Loss = 0.0500, Test Loss = 0.0178
Epoch 75: Train Loss = 0.0489, Test Loss = 0.0153
Epoch 76: Train Loss = 0.0456, Test Loss = 0.0146
Epoch 77: Train Loss = 0.0461, Test Loss = 0.0191
Epoch 78: Train Loss = 0.0463, Test Loss = 0.0167
Epoch 79: Train Loss = 0.0457, Test Loss = 0.0161
Epoch 80: Train Loss = 0.0464, Test Loss = 0.0172
Epoch 81: Train Loss = 0.0477, Test Loss = 0.0182
Epoch 82: Train Loss = 0.0469, Test Loss = 0.0166
Epoch 83: Train Loss = 0.0457, Test Loss = 0.0175
Epoch 84: Train Loss = 0.0469, Test Loss = 0.0178
Epoch 85: Train Loss = 0.0449, Test Loss = 0.0182
Epoch 86: Train Loss = 0.0448, Test Loss = 0.0182
Epoch 87: Train Loss = 0.0448, Test Loss = 0.0160
Epoch 88: Train Loss = 0.0434, Test Loss = 0.0163
Epoch 89: Train Loss = 0.0443, Test Loss = 0.0150
Epoch 90: Train Loss = 0.0442, Test Loss = 0.0175
Epoch 91: Train Loss = 0.0454, Test Loss = 0.0173
Epoch 92: Train Loss = 0.0442, Test Loss = 0.0157
Epoch 93: Train Loss = 0.0468, Test Loss = 0.0154
Epoch 94: Train Loss = 0.0488, Test Loss = 0.0178
Epoch 95: Train Loss = 0.0463, Test Loss = 0.0171
Epoch 96: Train Loss = 0.0482, Test Loss = 0.0165
Epoch 97: Train Loss = 0.0493, Test Loss = 0.0167
Epoch 98: Train Loss = 0.0468, Test Loss = 0.0180
Epoch 99: Train Loss = 0.0450, Test Loss = 0.0175
Epoch 100: Train Loss = 0.0456, Test Loss = 0.0162
Trial completed in 50.79s with error: 0.0162
Trial completed!
