Running on host hal0018.amarel.rutgers.edu
Time is Thu Apr 24 13:11:24 EDT 2025
Directory is /home/elp95/tfa-predictor
SLURM job ID is 43167377
Starting trial...
Running trial with config: {'input_size': 3883, 'output_size': 214, 'hidden_sizes': [1024, 256], 'lr': 0.006161049539380964, 'weight_decay': 0.0001569639638866114, 'batch_size': 128, 'max_epochs': 100}
Using data directory: /cache/home/elp95/tfa-predictor/data
xprs_path: /cache/home/elp95/tfa-predictor/data/gene-xprs/processed/xprs-data.csv
tfa_path: /cache/home/elp95/tfa-predictor/data/tfa/processed/tfa-labels.csv
Epoch 1: Train Loss = 0.6189, Test Loss = 0.2136
Epoch 2: Train Loss = 0.3158, Test Loss = 0.1379
Epoch 3: Train Loss = 0.2315, Test Loss = 0.1064
Epoch 4: Train Loss = 0.1977, Test Loss = 0.0898
Epoch 5: Train Loss = 0.1818, Test Loss = 0.0759
Epoch 6: Train Loss = 0.1770, Test Loss = 0.0726
Epoch 7: Train Loss = 0.1711, Test Loss = 0.0890
Epoch 8: Train Loss = 0.1742, Test Loss = 0.0730
Epoch 9: Train Loss = 0.1594, Test Loss = 0.0793
Epoch 10: Train Loss = 0.1661, Test Loss = 0.0806
Epoch 11: Train Loss = 0.1563, Test Loss = 0.0920
Epoch 12: Train Loss = 0.1599, Test Loss = 0.0829
Epoch 13: Train Loss = 0.1745, Test Loss = 0.0830
Epoch 14: Train Loss = 0.1719, Test Loss = 0.0819
Epoch 15: Train Loss = 0.1637, Test Loss = 0.0852
Epoch 16: Train Loss = 0.1777, Test Loss = 0.1222
Epoch 17: Train Loss = 0.1711, Test Loss = 0.0805
Epoch 18: Train Loss = 0.1765, Test Loss = 0.0872
Epoch 19: Train Loss = 0.1793, Test Loss = 0.0873
Epoch 20: Train Loss = 0.1753, Test Loss = 0.0846
Epoch 21: Train Loss = 0.1788, Test Loss = 0.0771
Epoch 22: Train Loss = 0.1698, Test Loss = 0.0885
Epoch 23: Train Loss = 0.1789, Test Loss = 0.0930
Epoch 24: Train Loss = 0.1760, Test Loss = 0.0887
Epoch 25: Train Loss = 0.1807, Test Loss = 0.0863
Epoch 26: Train Loss = 0.1656, Test Loss = 0.0990
Epoch 27: Train Loss = 0.1905, Test Loss = 0.1171
Epoch 28: Train Loss = 0.1801, Test Loss = 0.1033
Epoch 29: Train Loss = 0.1779, Test Loss = 0.0810
Epoch 30: Train Loss = 0.1800, Test Loss = 0.0966
Epoch 31: Train Loss = 0.1844, Test Loss = 0.0846
Epoch 32: Train Loss = 0.1810, Test Loss = 0.0890
Epoch 33: Train Loss = 0.1735, Test Loss = 0.4079
Epoch 34: Train Loss = 0.1780, Test Loss = 0.0751
Epoch 35: Train Loss = 0.1775, Test Loss = 0.0810
Epoch 36: Train Loss = 0.1798, Test Loss = 0.0868
Epoch 37: Train Loss = 0.1757, Test Loss = 0.0959
Epoch 38: Train Loss = 0.1782, Test Loss = 0.0908
Epoch 39: Train Loss = 0.1900, Test Loss = 0.2370
Epoch 40: Train Loss = 0.1837, Test Loss = 0.0811
Epoch 41: Train Loss = 0.1883, Test Loss = 0.0908
Epoch 42: Train Loss = 0.1824, Test Loss = 0.0796
Epoch 43: Train Loss = 0.1831, Test Loss = 0.1150
Epoch 44: Train Loss = 0.1795, Test Loss = 0.0857
Epoch 45: Train Loss = 0.1786, Test Loss = 0.0916
Epoch 46: Train Loss = 0.1803, Test Loss = 0.0769
Epoch 47: Train Loss = 0.1744, Test Loss = 0.0835
Epoch 48: Train Loss = 0.1787, Test Loss = 0.0933
Epoch 49: Train Loss = 0.1731, Test Loss = 0.0944
Epoch 50: Train Loss = 0.1824, Test Loss = 0.1384
Epoch 51: Train Loss = 0.1857, Test Loss = 0.0818
Epoch 52: Train Loss = 0.1836, Test Loss = 0.0987
Epoch 53: Train Loss = 0.1813, Test Loss = 0.1063
Epoch 54: Train Loss = 0.1814, Test Loss = 0.0926
Epoch 55: Train Loss = 0.1816, Test Loss = 0.0903
Epoch 56: Train Loss = 0.1721, Test Loss = 0.0783
Epoch 57: Train Loss = 0.1726, Test Loss = 0.0849
Epoch 58: Train Loss = 0.1853, Test Loss = 0.0961
Epoch 59: Train Loss = 0.1784, Test Loss = 0.0925
Epoch 60: Train Loss = 0.1696, Test Loss = 0.1059
Epoch 61: Train Loss = 0.1741, Test Loss = 0.0813
Epoch 62: Train Loss = 0.1743, Test Loss = 0.0870
Epoch 63: Train Loss = 0.1757, Test Loss = 0.0897
Epoch 64: Train Loss = 0.1891, Test Loss = 0.0815
Epoch 65: Train Loss = 0.1781, Test Loss = 0.0862
Epoch 66: Train Loss = 0.1913, Test Loss = 0.0938
Epoch 67: Train Loss = 0.1727, Test Loss = 0.0826
Epoch 68: Train Loss = 0.1784, Test Loss = 0.0821
Epoch 69: Train Loss = 0.1744, Test Loss = 0.1004
Epoch 70: Train Loss = 0.1807, Test Loss = 0.0782
Epoch 71: Train Loss = 0.1849, Test Loss = 0.0913
Epoch 72: Train Loss = 0.1917, Test Loss = 0.0818
Epoch 73: Train Loss = 0.1819, Test Loss = 0.0926
Epoch 74: Train Loss = 0.1795, Test Loss = 0.0728
Epoch 75: Train Loss = 0.1776, Test Loss = 0.0794
Epoch 76: Train Loss = 0.1722, Test Loss = 0.1014
Epoch 77: Train Loss = 0.1847, Test Loss = 0.1064
Epoch 78: Train Loss = 0.1917, Test Loss = 0.0848
Epoch 79: Train Loss = 0.1880, Test Loss = 0.0785
Epoch 80: Train Loss = 0.1711, Test Loss = 0.0832
Epoch 81: Train Loss = 0.1861, Test Loss = 0.0859
Epoch 82: Train Loss = 0.1787, Test Loss = 0.0835
Epoch 83: Train Loss = 0.1827, Test Loss = 0.0849
Epoch 84: Train Loss = 0.1645, Test Loss = 0.0858
Epoch 85: Train Loss = 0.1872, Test Loss = 0.0971
Epoch 86: Train Loss = 0.1771, Test Loss = 0.0796
Epoch 87: Train Loss = 0.1776, Test Loss = 0.0852
Epoch 88: Train Loss = 0.1652, Test Loss = 0.0765
Epoch 89: Train Loss = 0.1783, Test Loss = 0.0801
Epoch 90: Train Loss = 0.1798, Test Loss = 0.0884
Epoch 91: Train Loss = 0.1723, Test Loss = 0.0790
Epoch 92: Train Loss = 0.1779, Test Loss = 0.0789
Epoch 93: Train Loss = 0.1676, Test Loss = 0.0792
Epoch 94: Train Loss = 0.1679, Test Loss = 0.0721
Epoch 95: Train Loss = 0.1761, Test Loss = 0.0773
Epoch 96: Train Loss = 0.1763, Test Loss = 0.0777
Epoch 97: Train Loss = 0.1762, Test Loss = 0.0949
Epoch 98: Train Loss = 0.1895, Test Loss = 0.0895
Epoch 99: Train Loss = 0.1746, Test Loss = 0.0837
Epoch 100: Train Loss = 0.1738, Test Loss = 0.0713
Trial completed in 83.26s with error: 0.0713
Trial completed!
