Running on host hal0032.amarel.rutgers.edu
Time is Thu Apr 24 14:56:42 EDT 2025
Directory is /home/elp95/tfa-predictor
SLURM job ID is 43168506
Starting trial...
Running trial with config: {'input_size': 3883, 'output_size': 214, 'hidden_sizes': [1024, 1024, 1024], 'lr': 7.852817103085164e-05, 'weight_decay': 8.262111618519662e-06, 'batch_size': 16, 'max_epochs': 150, 'dropout_rate': 0.08474637334304624, 'activation': 'relu', 'optimizer': 'adamw', 'learning_rate_schedule': 'cosine', 'batch_norm': 'false'}
Using data directory: /cache/home/elp95/tfa-predictor/data
xprs_path: /cache/home/elp95/tfa-predictor/data/gene-xprs/processed/xprs-data.csv
tfa_path: /cache/home/elp95/tfa-predictor/data/tfa/processed/tfa-labels.csv
Epoch 1: Train Loss = 0.6201, Test Loss = 0.1102
Epoch 2: Train Loss = 0.3951, Test Loss = 0.0850
Epoch 3: Train Loss = 0.3410, Test Loss = 0.0705
Epoch 4: Train Loss = 0.3080, Test Loss = 0.0685
Epoch 5: Train Loss = 0.2807, Test Loss = 0.0614
Epoch 6: Train Loss = 0.2635, Test Loss = 0.0546
Epoch 7: Train Loss = 0.2478, Test Loss = 0.0591
Epoch 8: Train Loss = 0.2324, Test Loss = 0.0578
Epoch 9: Train Loss = 0.2195, Test Loss = 0.0529
Epoch 10: Train Loss = 0.2093, Test Loss = 0.0492
Epoch 11: Train Loss = 0.2005, Test Loss = 0.0496
Epoch 12: Train Loss = 0.1925, Test Loss = 0.0588
Epoch 13: Train Loss = 0.1861, Test Loss = 0.0560
Epoch 14: Train Loss = 0.1777, Test Loss = 0.0513
Epoch 15: Train Loss = 0.1713, Test Loss = 0.0510
Epoch 16: Train Loss = 0.1660, Test Loss = 0.0486
Epoch 17: Train Loss = 0.1608, Test Loss = 0.0537
Epoch 18: Train Loss = 0.1552, Test Loss = 0.0480
Epoch 19: Train Loss = 0.1510, Test Loss = 0.0462
Epoch 20: Train Loss = 0.1473, Test Loss = 0.0511
Epoch 21: Train Loss = 0.1448, Test Loss = 0.0509
Epoch 22: Train Loss = 0.1399, Test Loss = 0.0451
Epoch 23: Train Loss = 0.1371, Test Loss = 0.0487
Epoch 24: Train Loss = 0.1345, Test Loss = 0.0524
Epoch 25: Train Loss = 0.1314, Test Loss = 0.0538
Epoch 26: Train Loss = 0.1300, Test Loss = 0.0525
Epoch 27: Train Loss = 0.1262, Test Loss = 0.0519
Epoch 28: Train Loss = 0.1250, Test Loss = 0.0451
Epoch 29: Train Loss = 0.1238, Test Loss = 0.0454
Epoch 30: Train Loss = 0.1221, Test Loss = 0.0461
Epoch 31: Train Loss = 0.1197, Test Loss = 0.0440
Epoch 32: Train Loss = 0.1182, Test Loss = 0.0478
Epoch 33: Train Loss = 0.1172, Test Loss = 0.0441
Epoch 34: Train Loss = 0.1142, Test Loss = 0.0487
Epoch 35: Train Loss = 0.1138, Test Loss = 0.0446
Epoch 36: Train Loss = 0.1130, Test Loss = 0.0503
Epoch 37: Train Loss = 0.1114, Test Loss = 0.0467
Epoch 38: Train Loss = 0.1126, Test Loss = 0.0502
Epoch 39: Train Loss = 0.1102, Test Loss = 0.0481
Epoch 40: Train Loss = 0.1082, Test Loss = 0.0471
Epoch 41: Train Loss = 0.1092, Test Loss = 0.0488
Epoch 42: Train Loss = 0.1084, Test Loss = 0.0491
Epoch 43: Train Loss = 0.1072, Test Loss = 0.0465
Epoch 44: Train Loss = 0.1049, Test Loss = 0.0522
Epoch 45: Train Loss = 0.1046, Test Loss = 0.0498
Epoch 46: Train Loss = 0.1074, Test Loss = 0.0494
Epoch 47: Train Loss = 0.1052, Test Loss = 0.0433
Epoch 48: Train Loss = 0.1045, Test Loss = 0.0435
Epoch 49: Train Loss = 0.1043, Test Loss = 0.0451
Epoch 50: Train Loss = 0.1032, Test Loss = 0.0459
Epoch 51: Train Loss = 0.1037, Test Loss = 0.0488
Epoch 52: Train Loss = 0.1031, Test Loss = 0.0439
Epoch 53: Train Loss = 0.1038, Test Loss = 0.0479
Epoch 54: Train Loss = 0.1033, Test Loss = 0.0463
Epoch 55: Train Loss = 0.1028, Test Loss = 0.0525
Epoch 56: Train Loss = 0.1017, Test Loss = 0.0443
Epoch 57: Train Loss = 0.1021, Test Loss = 0.0473
Epoch 58: Train Loss = 0.1032, Test Loss = 0.0478
Epoch 59: Train Loss = 0.1005, Test Loss = 0.0450
Epoch 60: Train Loss = 0.1018, Test Loss = 0.0496
Epoch 61: Train Loss = 0.1030, Test Loss = 0.0498
Epoch 62: Train Loss = 0.1005, Test Loss = 0.0454
Epoch 63: Train Loss = 0.1008, Test Loss = 0.0488
Epoch 64: Train Loss = 0.1002, Test Loss = 0.0467
Epoch 65: Train Loss = 0.0996, Test Loss = 0.0470
Epoch 66: Train Loss = 0.1002, Test Loss = 0.0531
Epoch 67: Train Loss = 0.1010, Test Loss = 0.0450
Epoch 68: Train Loss = 0.1000, Test Loss = 0.0471
Epoch 69: Train Loss = 0.1002, Test Loss = 0.0457
Epoch 70: Train Loss = 0.0998, Test Loss = 0.0486
Epoch 71: Train Loss = 0.1014, Test Loss = 0.0502
Epoch 72: Train Loss = 0.0993, Test Loss = 0.0520
Epoch 73: Train Loss = 0.0994, Test Loss = 0.0451
Epoch 74: Train Loss = 0.0996, Test Loss = 0.0459
Epoch 75: Train Loss = 0.0999, Test Loss = 0.0482
Epoch 76: Train Loss = 0.0988, Test Loss = 0.0489
Epoch 77: Train Loss = 0.0998, Test Loss = 0.0466
Epoch 78: Train Loss = 0.0985, Test Loss = 0.0445
Epoch 79: Train Loss = 0.0990, Test Loss = 0.0437
Epoch 80: Train Loss = 0.0993, Test Loss = 0.0456
Epoch 81: Train Loss = 0.0984, Test Loss = 0.0461
Epoch 82: Train Loss = 0.0971, Test Loss = 0.0450
Epoch 83: Train Loss = 0.0982, Test Loss = 0.0468
Epoch 84: Train Loss = 0.0997, Test Loss = 0.0475
Epoch 85: Train Loss = 0.0993, Test Loss = 0.0449
Epoch 86: Train Loss = 0.0986, Test Loss = 0.0520
Epoch 87: Train Loss = 0.0972, Test Loss = 0.0462
Epoch 88: Train Loss = 0.0981, Test Loss = 0.0501
Epoch 89: Train Loss = 0.0971, Test Loss = 0.0485
Epoch 90: Train Loss = 0.0977, Test Loss = 0.0476
Epoch 91: Train Loss = 0.0978, Test Loss = 0.0479
Epoch 92: Train Loss = 0.0975, Test Loss = 0.0475
Epoch 93: Train Loss = 0.0976, Test Loss = 0.0495
Epoch 94: Train Loss = 0.0966, Test Loss = 0.0509
Epoch 95: Train Loss = 0.0963, Test Loss = 0.0436
Epoch 96: Train Loss = 0.0967, Test Loss = 0.0456
Epoch 97: Train Loss = 0.0962, Test Loss = 0.0445
Epoch 98: Train Loss = 0.0960, Test Loss = 0.0534
Epoch 99: Train Loss = 0.0963, Test Loss = 0.0500
Epoch 100: Train Loss = 0.0961, Test Loss = 0.0457
Epoch 101: Train Loss = 0.0963, Test Loss = 0.0482
Epoch 102: Train Loss = 0.0966, Test Loss = 0.0437
Epoch 103: Train Loss = 0.0965, Test Loss = 0.0448
Epoch 104: Train Loss = 0.0963, Test Loss = 0.0448
Epoch 105: Train Loss = 0.0966, Test Loss = 0.0483
Epoch 106: Train Loss = 0.0966, Test Loss = 0.0495
Epoch 107: Train Loss = 0.0962, Test Loss = 0.0447
Epoch 108: Train Loss = 0.0955, Test Loss = 0.0472
Epoch 109: Train Loss = 0.0955, Test Loss = 0.0453
Epoch 110: Train Loss = 0.0960, Test Loss = 0.0408
Epoch 111: Train Loss = 0.0959, Test Loss = 0.0484
Epoch 112: Train Loss = 0.0938, Test Loss = 0.0428
Epoch 113: Train Loss = 0.0970, Test Loss = 0.0471
Epoch 114: Train Loss = 0.0953, Test Loss = 0.0467
Epoch 115: Train Loss = 0.0954, Test Loss = 0.0469
Epoch 116: Train Loss = 0.0945, Test Loss = 0.0481
Epoch 117: Train Loss = 0.0952, Test Loss = 0.0473
Epoch 118: Train Loss = 0.0962, Test Loss = 0.0469
Epoch 119: Train Loss = 0.0956, Test Loss = 0.0529
Epoch 120: Train Loss = 0.0959, Test Loss = 0.0441
Epoch 121: Train Loss = 0.0952, Test Loss = 0.0501
Epoch 122: Train Loss = 0.0949, Test Loss = 0.0478
Epoch 123: Train Loss = 0.0943, Test Loss = 0.0449
Epoch 124: Train Loss = 0.0949, Test Loss = 0.0453
Epoch 125: Train Loss = 0.0928, Test Loss = 0.0455
Epoch 126: Train Loss = 0.0950, Test Loss = 0.0443
Epoch 127: Train Loss = 0.0945, Test Loss = 0.0466
Epoch 128: Train Loss = 0.0955, Test Loss = 0.0457
Epoch 129: Train Loss = 0.0938, Test Loss = 0.0452
Epoch 130: Train Loss = 0.0949, Test Loss = 0.0461
Epoch 131: Train Loss = 0.0948, Test Loss = 0.0433
Epoch 132: Train Loss = 0.0940, Test Loss = 0.0467
Epoch 133: Train Loss = 0.0956, Test Loss = 0.0497
Epoch 134: Train Loss = 0.0951, Test Loss = 0.0486
Epoch 135: Train Loss = 0.0941, Test Loss = 0.0453
Epoch 136: Train Loss = 0.0945, Test Loss = 0.0443
Epoch 137: Train Loss = 0.0944, Test Loss = 0.0507
Epoch 138: Train Loss = 0.0941, Test Loss = 0.0483
Epoch 139: Train Loss = 0.0938, Test Loss = 0.0515
Epoch 140: Train Loss = 0.0948, Test Loss = 0.0460
Epoch 141: Train Loss = 0.0954, Test Loss = 0.0476
Epoch 142: Train Loss = 0.0937, Test Loss = 0.0485
Epoch 143: Train Loss = 0.0946, Test Loss = 0.0437
Epoch 144: Train Loss = 0.0940, Test Loss = 0.0459
Epoch 145: Train Loss = 0.0939, Test Loss = 0.0439
Epoch 146: Train Loss = 0.0943, Test Loss = 0.0487
Epoch 147: Train Loss = 0.0941, Test Loss = 0.0459
Epoch 148: Train Loss = 0.0936, Test Loss = 0.0484
Epoch 149: Train Loss = 0.0941, Test Loss = 0.0453
Epoch 150: Train Loss = 0.0935, Test Loss = 0.0456
Trial completed in 742.48s with error: 0.0456
Trial completed!
