Running on host hal0027.amarel.rutgers.edu
Time is Thu Apr 24 15:02:22 EDT 2025
Directory is /home/elp95/tfa-predictor
SLURM job ID is 43168547
Starting trial...
Running trial with config: {'input_size': 3883, 'output_size': 214, 'hidden_sizes': [4096, 2048, 1024, 512], 'lr': 0.0003877585716496771, 'weight_decay': 1.8853726270160156e-06, 'batch_size': 16, 'max_epochs': 200, 'dropout_rate': 0.08766513494466927, 'activation': 'selu', 'optimizer': 'adamw', 'learning_rate_schedule': 'step', 'batch_norm': 'false'}
Using data directory: /cache/home/elp95/tfa-predictor/data
xprs_path: /cache/home/elp95/tfa-predictor/data/gene-xprs/processed/xprs-data.csv
tfa_path: /cache/home/elp95/tfa-predictor/data/tfa/processed/tfa-labels.csv
Epoch 1: Train Loss = 0.4867, Test Loss = 0.1071
Epoch 2: Train Loss = 0.3292, Test Loss = 0.1034
Epoch 3: Train Loss = 0.2753, Test Loss = 0.0947
Epoch 4: Train Loss = 0.2437, Test Loss = 0.1021
Epoch 5: Train Loss = 0.2176, Test Loss = 0.0835
Epoch 6: Train Loss = 0.1997, Test Loss = 0.0770
Epoch 7: Train Loss = 0.1864, Test Loss = 0.0769
Epoch 8: Train Loss = 0.1757, Test Loss = 0.1006
Epoch 9: Train Loss = 0.1680, Test Loss = 0.0710
Epoch 10: Train Loss = 0.1585, Test Loss = 0.0745
Epoch 11: Train Loss = 0.1540, Test Loss = 0.0737
Epoch 12: Train Loss = 0.1496, Test Loss = 0.0762
Epoch 13: Train Loss = 0.1481, Test Loss = 0.0768
Epoch 14: Train Loss = 0.1475, Test Loss = 0.0756
Epoch 15: Train Loss = 0.1440, Test Loss = 0.0719
Epoch 16: Train Loss = 0.1426, Test Loss = 0.0687
Epoch 17: Train Loss = 0.1417, Test Loss = 0.0751
Epoch 18: Train Loss = 0.1392, Test Loss = 0.0745
Epoch 19: Train Loss = 0.1360, Test Loss = 0.0694
Epoch 20: Train Loss = 0.1359, Test Loss = 0.0712
Epoch 21: Train Loss = 0.1357, Test Loss = 0.0843
Epoch 22: Train Loss = 0.1335, Test Loss = 0.0717
Epoch 23: Train Loss = 0.1318, Test Loss = 0.0724
Epoch 24: Train Loss = 0.1310, Test Loss = 0.0731
Epoch 25: Train Loss = 0.1301, Test Loss = 0.0737
Epoch 26: Train Loss = 0.1307, Test Loss = 0.0726
Epoch 27: Train Loss = 0.1290, Test Loss = 0.0730
Epoch 28: Train Loss = 0.1304, Test Loss = 0.0637
Epoch 29: Train Loss = 0.1300, Test Loss = 0.0755
Epoch 30: Train Loss = 0.1268, Test Loss = 0.0765
Epoch 31: Train Loss = 0.1297, Test Loss = 0.0692
Epoch 32: Train Loss = 0.1258, Test Loss = 0.0738
Epoch 33: Train Loss = 0.1265, Test Loss = 0.0699
Epoch 34: Train Loss = 0.1246, Test Loss = 0.0741
Epoch 35: Train Loss = 0.1231, Test Loss = 0.0790
Epoch 36: Train Loss = 0.1260, Test Loss = 0.0634
Epoch 37: Train Loss = 0.1259, Test Loss = 0.0644
Epoch 38: Train Loss = 0.1273, Test Loss = 0.0740
Epoch 39: Train Loss = 0.1250, Test Loss = 0.0684
Epoch 40: Train Loss = 0.1264, Test Loss = 0.0751
Epoch 41: Train Loss = 0.1240, Test Loss = 0.0831
Epoch 42: Train Loss = 0.1220, Test Loss = 0.0690
Epoch 43: Train Loss = 0.1231, Test Loss = 0.0712
Epoch 44: Train Loss = 0.1239, Test Loss = 0.0874
Epoch 45: Train Loss = 0.1213, Test Loss = 0.0627
Epoch 46: Train Loss = 0.1218, Test Loss = 0.0644
Epoch 47: Train Loss = 0.1220, Test Loss = 0.0649
Epoch 48: Train Loss = 0.1213, Test Loss = 0.0728
Epoch 49: Train Loss = 0.1222, Test Loss = 0.0765
Epoch 50: Train Loss = 0.1199, Test Loss = 0.0819
Epoch 51: Train Loss = 0.1211, Test Loss = 0.0690
Epoch 52: Train Loss = 0.1210, Test Loss = 0.0675
Epoch 53: Train Loss = 0.1209, Test Loss = 0.0733
Epoch 54: Train Loss = 0.1188, Test Loss = 0.0722
Epoch 55: Train Loss = 0.1205, Test Loss = 0.0749
Epoch 56: Train Loss = 0.1188, Test Loss = 0.0678
Epoch 57: Train Loss = 0.1178, Test Loss = 0.0626
Epoch 58: Train Loss = 0.1202, Test Loss = 0.0663
Epoch 59: Train Loss = 0.1199, Test Loss = 0.0714
Epoch 60: Train Loss = 0.1196, Test Loss = 0.0646
Epoch 61: Train Loss = 0.1187, Test Loss = 0.0667
Epoch 62: Train Loss = 0.1187, Test Loss = 0.0695
Epoch 63: Train Loss = 0.1168, Test Loss = 0.0670
Epoch 64: Train Loss = 0.1186, Test Loss = 0.0701
Epoch 65: Train Loss = 0.1257, Test Loss = 0.0728
Epoch 66: Train Loss = 0.1193, Test Loss = 0.0710
Epoch 67: Train Loss = 0.1174, Test Loss = 0.0672
Epoch 68: Train Loss = 0.1172, Test Loss = 0.0656
Epoch 69: Train Loss = 0.1173, Test Loss = 0.0702
Epoch 70: Train Loss = 0.1146, Test Loss = 0.0687
Epoch 71: Train Loss = 0.1163, Test Loss = 0.0596
Epoch 72: Train Loss = 0.1171, Test Loss = 0.0642
Epoch 73: Train Loss = 0.1173, Test Loss = 0.0703
Epoch 74: Train Loss = 0.1166, Test Loss = 0.0739
Epoch 75: Train Loss = 0.1178, Test Loss = 0.0705
Epoch 76: Train Loss = 0.1147, Test Loss = 0.0683
Epoch 77: Train Loss = 0.1165, Test Loss = 0.0782
Epoch 78: Train Loss = 0.1158, Test Loss = 0.0716
Epoch 79: Train Loss = 0.1156, Test Loss = 0.0655
Epoch 80: Train Loss = 0.1131, Test Loss = 0.0674
Epoch 81: Train Loss = 0.1170, Test Loss = 0.0790
Epoch 82: Train Loss = 0.1173, Test Loss = 0.0720
Epoch 83: Train Loss = 0.1151, Test Loss = 0.0732
Epoch 84: Train Loss = 0.1146, Test Loss = 0.0604
Epoch 85: Train Loss = 0.1137, Test Loss = 0.0707
Epoch 86: Train Loss = 0.1130, Test Loss = 0.0655
Epoch 87: Train Loss = 0.1137, Test Loss = 0.0736
Epoch 88: Train Loss = 0.1136, Test Loss = 0.0748
Epoch 89: Train Loss = 0.1121, Test Loss = 0.0596
Epoch 90: Train Loss = 0.1130, Test Loss = 0.0759
Epoch 91: Train Loss = 0.1143, Test Loss = 0.0708
Epoch 92: Train Loss = 0.1128, Test Loss = 0.0727
Epoch 93: Train Loss = 0.1127, Test Loss = 0.0683
Epoch 94: Train Loss = 0.1135, Test Loss = 0.0632
Epoch 95: Train Loss = 0.1152, Test Loss = 0.0667
Epoch 96: Train Loss = 0.1140, Test Loss = 0.0637
Epoch 97: Train Loss = 0.1131, Test Loss = 0.0641
Epoch 98: Train Loss = 0.1140, Test Loss = 0.0674
Epoch 99: Train Loss = 0.1144, Test Loss = 0.0675
Epoch 100: Train Loss = 0.1126, Test Loss = 0.0641
Epoch 101: Train Loss = 0.1104, Test Loss = 0.0661
Epoch 102: Train Loss = 0.1117, Test Loss = 0.0676
Epoch 103: Train Loss = 0.1135, Test Loss = 0.0641
Epoch 104: Train Loss = 0.1133, Test Loss = 0.0698
Epoch 105: Train Loss = 0.1130, Test Loss = 0.0598
Epoch 106: Train Loss = 0.1112, Test Loss = 0.0679
Epoch 107: Train Loss = 0.1132, Test Loss = 0.0631
Epoch 108: Train Loss = 0.1158, Test Loss = 0.0702
Epoch 109: Train Loss = 0.1114, Test Loss = 0.0687
Epoch 110: Train Loss = 0.1123, Test Loss = 0.0697
Epoch 111: Train Loss = 0.1126, Test Loss = 0.0751
Epoch 112: Train Loss = 0.1107, Test Loss = 0.0732
Epoch 113: Train Loss = 0.1149, Test Loss = 0.0704
Epoch 114: Train Loss = 0.1132, Test Loss = 0.0706
Epoch 115: Train Loss = 0.1131, Test Loss = 0.0679
Epoch 116: Train Loss = 0.1118, Test Loss = 0.0641
Epoch 117: Train Loss = 0.1119, Test Loss = 0.0638
Epoch 118: Train Loss = 0.1127, Test Loss = 0.0612
Epoch 119: Train Loss = 0.1122, Test Loss = 0.0686
Epoch 120: Train Loss = 0.1102, Test Loss = 0.0718
Epoch 121: Train Loss = 0.1119, Test Loss = 0.0601
Epoch 122: Train Loss = 0.1118, Test Loss = 0.0580
Epoch 123: Train Loss = 0.1093, Test Loss = 0.0579
Epoch 124: Train Loss = 0.1113, Test Loss = 0.0716
Epoch 125: Train Loss = 0.1137, Test Loss = 0.0612
Epoch 126: Train Loss = 0.1108, Test Loss = 0.0670
Epoch 127: Train Loss = 0.1091, Test Loss = 0.0678
Epoch 128: Train Loss = 0.1126, Test Loss = 0.0695
Epoch 129: Train Loss = 0.1106, Test Loss = 0.0744
Epoch 130: Train Loss = 0.1103, Test Loss = 0.0672
Epoch 131: Train Loss = 0.1107, Test Loss = 0.0675
Epoch 132: Train Loss = 0.1095, Test Loss = 0.0668
Epoch 133: Train Loss = 0.1092, Test Loss = 0.0698
Epoch 134: Train Loss = 0.1092, Test Loss = 0.0785
Epoch 135: Train Loss = 0.1098, Test Loss = 0.0684
Epoch 136: Train Loss = 0.1107, Test Loss = 0.0716
Epoch 137: Train Loss = 0.1103, Test Loss = 0.0674
Epoch 138: Train Loss = 0.1110, Test Loss = 0.0645
Epoch 139: Train Loss = 0.1097, Test Loss = 0.0714
Epoch 140: Train Loss = 0.1090, Test Loss = 0.0666
Epoch 141: Train Loss = 0.1094, Test Loss = 0.0689
Epoch 142: Train Loss = 0.1090, Test Loss = 0.0572
Epoch 143: Train Loss = 0.1092, Test Loss = 0.0664
Epoch 144: Train Loss = 0.1085, Test Loss = 0.0768
Epoch 145: Train Loss = 0.1106, Test Loss = 0.0710
Epoch 146: Train Loss = 0.1084, Test Loss = 0.0650
Epoch 147: Train Loss = 0.1111, Test Loss = 0.0621
Epoch 148: Train Loss = 0.1091, Test Loss = 0.0678
Epoch 149: Train Loss = 0.1091, Test Loss = 0.0650
Epoch 150: Train Loss = 0.1102, Test Loss = 0.0581
Epoch 151: Train Loss = 0.1097, Test Loss = 0.0597
Epoch 152: Train Loss = 0.1087, Test Loss = 0.0696
Epoch 153: Train Loss = 0.1111, Test Loss = 0.0663
Epoch 154: Train Loss = 0.1096, Test Loss = 0.0632
Epoch 155: Train Loss = 0.1098, Test Loss = 0.0733
Epoch 156: Train Loss = 0.1093, Test Loss = 0.0586
Epoch 157: Train Loss = 0.1113, Test Loss = 0.0709
Epoch 158: Train Loss = 0.1114, Test Loss = 0.0641
Epoch 159: Train Loss = 0.1114, Test Loss = 0.0725
Epoch 160: Train Loss = 0.1104, Test Loss = 0.0680
Epoch 161: Train Loss = 0.1078, Test Loss = 0.0664
Epoch 162: Train Loss = 0.1093, Test Loss = 0.0713
Epoch 163: Train Loss = 0.1096, Test Loss = 0.0690
Epoch 164: Train Loss = 0.1093, Test Loss = 0.0615
Epoch 165: Train Loss = 0.1104, Test Loss = 0.0681
Epoch 166: Train Loss = 0.1076, Test Loss = 0.0678
Epoch 167: Train Loss = 0.1087, Test Loss = 0.0647
Epoch 168: Train Loss = 0.1076, Test Loss = 0.0697
Epoch 169: Train Loss = 0.1089, Test Loss = 0.0698
Epoch 170: Train Loss = 0.1087, Test Loss = 0.0690
Epoch 171: Train Loss = 0.1074, Test Loss = 0.0682
Epoch 172: Train Loss = 0.1068, Test Loss = 0.0698
Epoch 173: Train Loss = 0.1093, Test Loss = 0.0664
Epoch 174: Train Loss = 0.1096, Test Loss = 0.0740
Epoch 175: Train Loss = 0.1088, Test Loss = 0.0673
Epoch 176: Train Loss = 0.1084, Test Loss = 0.0722
Epoch 177: Train Loss = 0.1088, Test Loss = 0.0743
Epoch 178: Train Loss = 0.1089, Test Loss = 0.0584
Epoch 179: Train Loss = 0.1062, Test Loss = 0.0707
Epoch 180: Train Loss = 0.1089, Test Loss = 0.0730
Epoch 181: Train Loss = 0.1084, Test Loss = 0.0693
Epoch 182: Train Loss = 0.1088, Test Loss = 0.0660
Epoch 183: Train Loss = 0.1079, Test Loss = 0.0558
Epoch 184: Train Loss = 0.1082, Test Loss = 0.0652
Epoch 185: Train Loss = 0.1080, Test Loss = 0.0598
Epoch 186: Train Loss = 0.1092, Test Loss = 0.0648
Epoch 187: Train Loss = 0.1087, Test Loss = 0.0691
Epoch 188: Train Loss = 0.1088, Test Loss = 0.0708
Epoch 189: Train Loss = 0.1083, Test Loss = 0.0730
Epoch 190: Train Loss = 0.1060, Test Loss = 0.0739
Epoch 191: Train Loss = 0.1085, Test Loss = 0.0591
Epoch 192: Train Loss = 0.1080, Test Loss = 0.0647
Epoch 193: Train Loss = 0.1064, Test Loss = 0.0675
Epoch 194: Train Loss = 0.1079, Test Loss = 0.0635
Epoch 195: Train Loss = 0.1077, Test Loss = 0.0584
Epoch 196: Train Loss = 0.1073, Test Loss = 0.0668
Epoch 197: Train Loss = 0.1090, Test Loss = 0.0674
Epoch 198: Train Loss = 0.1093, Test Loss = 0.0615
Epoch 199: Train Loss = 0.1090, Test Loss = 0.0676
Epoch 200: Train Loss = 0.1093, Test Loss = 0.0625
Trial completed in 4384.64s with error: 0.0625
Trial completed!
