Running on host hal0065.amarel.rutgers.edu
Time is Thu Apr 24 14:46:54 EDT 2025
Directory is /home/elp95/tfa-predictor
SLURM job ID is 43168423
Starting trial...
Running trial with config: {'input_size': 3883, 'output_size': 214, 'hidden_sizes': [1024, 1024, 1024], 'lr': 0.0009131175194329681, 'weight_decay': 0.00011948354480999263, 'batch_size': 32, 'max_epochs': 200, 'dropout_rate': 0.12206276112388709, 'activation': 'elu', 'optimizer': 'adamw', 'learning_rate_schedule': 'exponential', 'batch_norm': 'false'}
Using data directory: /cache/home/elp95/tfa-predictor/data
xprs_path: /cache/home/elp95/tfa-predictor/data/gene-xprs/processed/xprs-data.csv
tfa_path: /cache/home/elp95/tfa-predictor/data/tfa/processed/tfa-labels.csv
Epoch 1: Train Loss = 0.4112, Test Loss = 0.0815
Epoch 2: Train Loss = 0.2519, Test Loss = 0.0657
Epoch 3: Train Loss = 0.2038, Test Loss = 0.0615
Epoch 4: Train Loss = 0.1733, Test Loss = 0.0587
Epoch 5: Train Loss = 0.1518, Test Loss = 0.0499
Epoch 6: Train Loss = 0.1435, Test Loss = 0.0640
Epoch 7: Train Loss = 0.1250, Test Loss = 0.0489
Epoch 8: Train Loss = 0.1196, Test Loss = 0.0500
Epoch 9: Train Loss = 0.1152, Test Loss = 0.0445
Epoch 10: Train Loss = 0.1066, Test Loss = 0.0489
Epoch 11: Train Loss = 0.1020, Test Loss = 0.0467
Epoch 12: Train Loss = 0.1009, Test Loss = 0.0427
Epoch 13: Train Loss = 0.1002, Test Loss = 0.0438
Epoch 14: Train Loss = 0.0978, Test Loss = 0.0471
Epoch 15: Train Loss = 0.0958, Test Loss = 0.0568
Epoch 16: Train Loss = 0.0960, Test Loss = 0.0491
Epoch 17: Train Loss = 0.1018, Test Loss = 0.0448
Epoch 18: Train Loss = 0.0988, Test Loss = 0.0485
Epoch 19: Train Loss = 0.0992, Test Loss = 0.0539
Epoch 20: Train Loss = 0.0987, Test Loss = 0.0500
Epoch 21: Train Loss = 0.0986, Test Loss = 0.0454
Epoch 22: Train Loss = 0.1159, Test Loss = 0.0449
Epoch 23: Train Loss = 0.1042, Test Loss = 0.0573
Epoch 24: Train Loss = 0.0943, Test Loss = 0.0501
Epoch 25: Train Loss = 0.0897, Test Loss = 0.0539
Epoch 26: Train Loss = 0.0925, Test Loss = 0.0546
Epoch 27: Train Loss = 0.0970, Test Loss = 0.0461
Epoch 28: Train Loss = 0.0972, Test Loss = 0.0493
Epoch 29: Train Loss = 0.0958, Test Loss = 0.0468
Epoch 30: Train Loss = 0.0944, Test Loss = 0.0573
Epoch 31: Train Loss = 0.0885, Test Loss = 0.0523
Epoch 32: Train Loss = 0.1106, Test Loss = 0.0534
Epoch 33: Train Loss = 0.1095, Test Loss = 0.0499
Epoch 34: Train Loss = 0.0987, Test Loss = 0.0499
Epoch 35: Train Loss = 0.0924, Test Loss = 0.0548
Epoch 36: Train Loss = 0.0954, Test Loss = 0.0594
Epoch 37: Train Loss = 0.0916, Test Loss = 0.0444
Epoch 38: Train Loss = 0.0931, Test Loss = 0.0523
Epoch 39: Train Loss = 0.0973, Test Loss = 0.0481
Epoch 40: Train Loss = 0.0943, Test Loss = 0.0486
Epoch 41: Train Loss = 0.0929, Test Loss = 0.0553
Epoch 42: Train Loss = 0.0930, Test Loss = 0.0496
Epoch 43: Train Loss = 0.1103, Test Loss = 0.0481
Epoch 44: Train Loss = 0.1111, Test Loss = 0.0462
Epoch 45: Train Loss = 0.0987, Test Loss = 0.0411
Epoch 46: Train Loss = 0.0941, Test Loss = 0.0447
Epoch 47: Train Loss = 0.0928, Test Loss = 0.0493
Epoch 48: Train Loss = 0.0884, Test Loss = 0.0568
Epoch 49: Train Loss = 0.0937, Test Loss = 0.0439
Epoch 50: Train Loss = 0.1015, Test Loss = 0.0511
Epoch 51: Train Loss = 0.0991, Test Loss = 0.0489
Epoch 52: Train Loss = 0.0935, Test Loss = 0.0471
Epoch 53: Train Loss = 0.0937, Test Loss = 0.0658
Epoch 54: Train Loss = 0.0945, Test Loss = 0.0532
Epoch 55: Train Loss = 0.0906, Test Loss = 0.0598
Epoch 56: Train Loss = 0.0930, Test Loss = 0.0620
Epoch 57: Train Loss = 0.1022, Test Loss = 0.0441
Epoch 58: Train Loss = 0.0984, Test Loss = 0.0499
Epoch 59: Train Loss = 0.0935, Test Loss = 0.0425
Epoch 60: Train Loss = 0.0901, Test Loss = 0.0495
Epoch 61: Train Loss = 0.0912, Test Loss = 0.0543
Epoch 62: Train Loss = 0.0918, Test Loss = 0.0576
Epoch 63: Train Loss = 0.0976, Test Loss = 0.0532
Epoch 64: Train Loss = 0.1035, Test Loss = 0.0504
Epoch 65: Train Loss = 0.0976, Test Loss = 0.0519
Epoch 66: Train Loss = 0.0949, Test Loss = 0.0600
Epoch 67: Train Loss = 0.0947, Test Loss = 0.0471
Epoch 68: Train Loss = 0.0935, Test Loss = 0.0445
Epoch 69: Train Loss = 0.0918, Test Loss = 0.0532
Epoch 70: Train Loss = 0.0881, Test Loss = 0.0498
Epoch 71: Train Loss = 0.0881, Test Loss = 0.0468
Epoch 72: Train Loss = 0.0901, Test Loss = 0.0454
Epoch 73: Train Loss = 0.0949, Test Loss = 0.0584
Epoch 74: Train Loss = 0.0911, Test Loss = 0.0462
Epoch 75: Train Loss = 0.0938, Test Loss = 0.0547
Epoch 76: Train Loss = 0.1119, Test Loss = 0.0548
Epoch 77: Train Loss = 0.1030, Test Loss = 0.0459
Epoch 78: Train Loss = 0.0969, Test Loss = 0.0492
Epoch 79: Train Loss = 0.0896, Test Loss = 0.0524
Epoch 80: Train Loss = 0.0929, Test Loss = 0.0515
Epoch 81: Train Loss = 0.0949, Test Loss = 0.0381
Epoch 82: Train Loss = 0.0946, Test Loss = 0.0468
Epoch 83: Train Loss = 0.0886, Test Loss = 0.0594
Epoch 84: Train Loss = 0.1034, Test Loss = 0.0518
Epoch 85: Train Loss = 0.0952, Test Loss = 0.0526
Epoch 86: Train Loss = 0.0874, Test Loss = 0.0451
Epoch 87: Train Loss = 0.0882, Test Loss = 0.0499
Epoch 88: Train Loss = 0.0891, Test Loss = 0.0587
Epoch 89: Train Loss = 0.0894, Test Loss = 0.0508
Epoch 90: Train Loss = 0.0876, Test Loss = 0.0422
Epoch 91: Train Loss = 0.0896, Test Loss = 0.0452
Epoch 92: Train Loss = 0.0898, Test Loss = 0.0646
Epoch 93: Train Loss = 0.0954, Test Loss = 0.0460
Epoch 94: Train Loss = 0.0951, Test Loss = 0.0477
Epoch 95: Train Loss = 0.0959, Test Loss = 0.0489
Epoch 96: Train Loss = 0.0946, Test Loss = 0.0535
Epoch 97: Train Loss = 0.0912, Test Loss = 0.0478
Epoch 98: Train Loss = 0.0896, Test Loss = 0.0439
Epoch 99: Train Loss = 0.0906, Test Loss = 0.0520
Epoch 100: Train Loss = 0.0912, Test Loss = 0.0467
Epoch 101: Train Loss = 0.0881, Test Loss = 0.0469
Epoch 102: Train Loss = 0.0922, Test Loss = 0.0420
Epoch 103: Train Loss = 0.0938, Test Loss = 0.0375
Epoch 104: Train Loss = 0.0925, Test Loss = 0.0404
Epoch 105: Train Loss = 0.0933, Test Loss = 0.0457
Epoch 106: Train Loss = 0.0899, Test Loss = 0.0476
Epoch 107: Train Loss = 0.0897, Test Loss = 0.0491
Epoch 108: Train Loss = 0.0902, Test Loss = 0.0461
Epoch 109: Train Loss = 0.0904, Test Loss = 0.0513
Epoch 110: Train Loss = 0.0886, Test Loss = 0.0388
Epoch 111: Train Loss = 0.0900, Test Loss = 0.0460
Epoch 112: Train Loss = 0.0922, Test Loss = 0.0399
Epoch 113: Train Loss = 0.0900, Test Loss = 0.0581
Epoch 114: Train Loss = 0.0908, Test Loss = 0.0495
Epoch 115: Train Loss = 0.0896, Test Loss = 0.0455
Epoch 116: Train Loss = 0.1112, Test Loss = 0.0448
Epoch 117: Train Loss = 0.1106, Test Loss = 0.0459
Epoch 118: Train Loss = 0.1052, Test Loss = 0.0452
Epoch 119: Train Loss = 0.0947, Test Loss = 0.0438
Epoch 120: Train Loss = 0.0890, Test Loss = 0.0490
Epoch 121: Train Loss = 0.0880, Test Loss = 0.0436
Epoch 122: Train Loss = 0.0875, Test Loss = 0.0521
Epoch 123: Train Loss = 0.0911, Test Loss = 0.0495
Epoch 124: Train Loss = 0.0888, Test Loss = 0.0437
Epoch 125: Train Loss = 0.0880, Test Loss = 0.0438
Epoch 126: Train Loss = 0.0932, Test Loss = 0.0446
Epoch 127: Train Loss = 0.0894, Test Loss = 0.0449
Epoch 128: Train Loss = 0.1043, Test Loss = 0.0568
Epoch 129: Train Loss = 0.1044, Test Loss = 0.0533
Epoch 130: Train Loss = 0.0974, Test Loss = 0.0494
Epoch 131: Train Loss = 0.0891, Test Loss = 0.0411
Epoch 132: Train Loss = 0.0874, Test Loss = 0.0446
Epoch 133: Train Loss = 0.0940, Test Loss = 0.0520
Epoch 134: Train Loss = 0.0917, Test Loss = 0.0432
Epoch 135: Train Loss = 0.0893, Test Loss = 0.0513
Epoch 136: Train Loss = 0.0967, Test Loss = 0.0373
Epoch 137: Train Loss = 0.0914, Test Loss = 0.0514
Epoch 138: Train Loss = 0.0914, Test Loss = 0.0406
Epoch 139: Train Loss = 0.0883, Test Loss = 0.0422
Epoch 140: Train Loss = 0.0905, Test Loss = 0.0478
Epoch 141: Train Loss = 0.0904, Test Loss = 0.0475
Epoch 142: Train Loss = 0.1024, Test Loss = 0.0621
Epoch 143: Train Loss = 0.1047, Test Loss = 0.0624
Epoch 144: Train Loss = 0.0952, Test Loss = 0.0495
Epoch 145: Train Loss = 0.0899, Test Loss = 0.0482
Epoch 146: Train Loss = 0.0891, Test Loss = 0.0451
Epoch 147: Train Loss = 0.0919, Test Loss = 0.0386
Epoch 148: Train Loss = 0.0910, Test Loss = 0.0525
Epoch 149: Train Loss = 0.0887, Test Loss = 0.0406
Epoch 150: Train Loss = 0.0891, Test Loss = 0.0409
Epoch 151: Train Loss = 0.0897, Test Loss = 0.0441
Epoch 152: Train Loss = 0.0908, Test Loss = 0.0429
Epoch 153: Train Loss = 0.0930, Test Loss = 0.0542
Epoch 154: Train Loss = 0.0943, Test Loss = 0.0395
Epoch 155: Train Loss = 0.0875, Test Loss = 0.0436
Epoch 156: Train Loss = 0.0873, Test Loss = 0.0564
Epoch 157: Train Loss = 0.0976, Test Loss = 0.0423
Epoch 158: Train Loss = 0.1167, Test Loss = 0.0429
Epoch 159: Train Loss = 0.1074, Test Loss = 0.0472
Epoch 160: Train Loss = 0.0988, Test Loss = 0.0516
Epoch 161: Train Loss = 0.0904, Test Loss = 0.0460
Epoch 162: Train Loss = 0.0921, Test Loss = 0.0538
Epoch 163: Train Loss = 0.0918, Test Loss = 0.0534
Epoch 164: Train Loss = 0.0915, Test Loss = 0.0406
Epoch 165: Train Loss = 0.0909, Test Loss = 0.0596
Epoch 166: Train Loss = 0.0916, Test Loss = 0.0450
Epoch 167: Train Loss = 0.0921, Test Loss = 0.0484
Epoch 168: Train Loss = 0.0881, Test Loss = 0.0498
Epoch 169: Train Loss = 0.0908, Test Loss = 0.0571
Epoch 170: Train Loss = 0.0942, Test Loss = 0.0588
Epoch 171: Train Loss = 0.0942, Test Loss = 0.0439
Epoch 172: Train Loss = 0.0907, Test Loss = 0.0395
Epoch 173: Train Loss = 0.0870, Test Loss = 0.0407
Epoch 174: Train Loss = 0.0845, Test Loss = 0.0403
Epoch 175: Train Loss = 0.0891, Test Loss = 0.0450
Epoch 176: Train Loss = 0.0875, Test Loss = 0.0430
Epoch 177: Train Loss = 0.0892, Test Loss = 0.0437
Epoch 178: Train Loss = 0.0901, Test Loss = 0.0401
Epoch 179: Train Loss = 0.0902, Test Loss = 0.0398
Epoch 180: Train Loss = 0.0880, Test Loss = 0.0439
Epoch 181: Train Loss = 0.0889, Test Loss = 0.0404
Epoch 182: Train Loss = 0.0887, Test Loss = 0.0492
Epoch 183: Train Loss = 0.0881, Test Loss = 0.0445
Epoch 184: Train Loss = 0.0877, Test Loss = 0.0491
Epoch 185: Train Loss = 0.0945, Test Loss = 0.0390
Epoch 186: Train Loss = 0.0918, Test Loss = 0.0411
Epoch 187: Train Loss = 0.0953, Test Loss = 0.0448
Epoch 188: Train Loss = 0.1038, Test Loss = 0.0510
Epoch 189: Train Loss = 0.1051, Test Loss = 0.0531
Epoch 190: Train Loss = 0.1020, Test Loss = 0.0466
Epoch 191: Train Loss = 0.0928, Test Loss = 0.0505
Epoch 192: Train Loss = 0.0902, Test Loss = 0.0473
Epoch 193: Train Loss = 0.0897, Test Loss = 0.0431
Epoch 194: Train Loss = 0.0939, Test Loss = 0.0376
Epoch 195: Train Loss = 0.0875, Test Loss = 0.0382
Epoch 196: Train Loss = 0.0887, Test Loss = 0.0439
Epoch 197: Train Loss = 0.0886, Test Loss = 0.0391
Epoch 198: Train Loss = 0.0860, Test Loss = 0.0362
Epoch 199: Train Loss = 0.0856, Test Loss = 0.0445
Epoch 200: Train Loss = 0.0859, Test Loss = 0.0363
Trial completed in 553.47s with error: 0.0363
Trial completed!
