Running on host hal0288.amarel.rutgers.edu
Time is Thu Apr 24 11:43:01 EDT 2025
Directory is /home/elp95/tfa-predictor
SLURM job ID is 43165696
Starting trial...
Running trial with config: {'input_size': 3883, 'output_size': 214, 'hidden_sizes': [2048, 1024, 512], 'lr': 0.0005899741796710494, 'weight_decay': 1.0762979285747974e-05, 'batch_size': 64, 'max_epochs': 200}
Using data directory: /cache/home/elp95/tfa-predictor/data
xprs_path: /cache/home/elp95/tfa-predictor/data/gene-xprs/processed/xprs-data.csv
tfa_path: /cache/home/elp95/tfa-predictor/data/tfa/processed/tfa-labels.csv
Epoch 1: Train Loss = 0.4735, Test Loss = 0.1133
Epoch 2: Train Loss = 0.2887, Test Loss = 0.0768
Epoch 3: Train Loss = 0.2328, Test Loss = 0.0650
Epoch 4: Train Loss = 0.2020, Test Loss = 0.0606
Epoch 5: Train Loss = 0.1824, Test Loss = 0.0536
Epoch 6: Train Loss = 0.1625, Test Loss = 0.0503
Epoch 7: Train Loss = 0.1505, Test Loss = 0.0479
Epoch 8: Train Loss = 0.1404, Test Loss = 0.0524
Epoch 9: Train Loss = 0.1334, Test Loss = 0.0485
Epoch 10: Train Loss = 0.1244, Test Loss = 0.0501
Epoch 11: Train Loss = 0.1244, Test Loss = 0.0503
Epoch 12: Train Loss = 0.1147, Test Loss = 0.0445
Epoch 13: Train Loss = 0.1173, Test Loss = 0.0433
Epoch 14: Train Loss = 0.1113, Test Loss = 0.0393
Epoch 15: Train Loss = 0.1122, Test Loss = 0.0418
Epoch 16: Train Loss = 0.1054, Test Loss = 0.0366
Epoch 17: Train Loss = 0.1056, Test Loss = 0.0342
Epoch 18: Train Loss = 0.1055, Test Loss = 0.0356
Epoch 19: Train Loss = 0.1053, Test Loss = 0.0358
Epoch 20: Train Loss = 0.1026, Test Loss = 0.0361
Epoch 21: Train Loss = 0.1029, Test Loss = 0.0383
Epoch 22: Train Loss = 0.1005, Test Loss = 0.0335
Epoch 23: Train Loss = 0.1024, Test Loss = 0.0359
Epoch 24: Train Loss = 0.0996, Test Loss = 0.0384
Epoch 25: Train Loss = 0.1008, Test Loss = 0.0393
Epoch 26: Train Loss = 0.1009, Test Loss = 0.0346
Epoch 27: Train Loss = 0.0963, Test Loss = 0.0346
Epoch 28: Train Loss = 0.0975, Test Loss = 0.0340
Epoch 29: Train Loss = 0.0941, Test Loss = 0.0416
Epoch 30: Train Loss = 0.0958, Test Loss = 0.0337
Epoch 31: Train Loss = 0.0958, Test Loss = 0.0344
Epoch 32: Train Loss = 0.0948, Test Loss = 0.0324
Epoch 33: Train Loss = 0.0972, Test Loss = 0.0337
Epoch 34: Train Loss = 0.0965, Test Loss = 0.0354
Epoch 35: Train Loss = 0.0956, Test Loss = 0.0391
Epoch 36: Train Loss = 0.0935, Test Loss = 0.0315
Epoch 37: Train Loss = 0.0935, Test Loss = 0.0304
Epoch 38: Train Loss = 0.0904, Test Loss = 0.0297
Epoch 39: Train Loss = 0.0932, Test Loss = 0.0336
Epoch 40: Train Loss = 0.0932, Test Loss = 0.0343
Epoch 41: Train Loss = 0.0945, Test Loss = 0.0369
Epoch 42: Train Loss = 0.0947, Test Loss = 0.0348
Epoch 43: Train Loss = 0.0936, Test Loss = 0.0331
Epoch 44: Train Loss = 0.0879, Test Loss = 0.0358
Epoch 45: Train Loss = 0.0899, Test Loss = 0.0394
Epoch 46: Train Loss = 0.0947, Test Loss = 0.0411
Epoch 47: Train Loss = 0.0910, Test Loss = 0.0375
Epoch 48: Train Loss = 0.0888, Test Loss = 0.0377
Epoch 49: Train Loss = 0.0919, Test Loss = 0.0343
Epoch 50: Train Loss = 0.0868, Test Loss = 0.0362
Epoch 51: Train Loss = 0.0909, Test Loss = 0.0343
Epoch 52: Train Loss = 0.0851, Test Loss = 0.0336
Epoch 53: Train Loss = 0.0888, Test Loss = 0.0325
Epoch 54: Train Loss = 0.0849, Test Loss = 0.0317
Epoch 55: Train Loss = 0.0835, Test Loss = 0.0375
Epoch 56: Train Loss = 0.0872, Test Loss = 0.0357
Epoch 57: Train Loss = 0.0890, Test Loss = 0.0361
Epoch 58: Train Loss = 0.0852, Test Loss = 0.0294
Epoch 59: Train Loss = 0.0842, Test Loss = 0.0387
Epoch 60: Train Loss = 0.0870, Test Loss = 0.0374
Epoch 61: Train Loss = 0.0860, Test Loss = 0.0317
Epoch 62: Train Loss = 0.0945, Test Loss = 0.0362
Epoch 63: Train Loss = 0.0902, Test Loss = 0.0423
Epoch 64: Train Loss = 0.0943, Test Loss = 0.0339
Epoch 65: Train Loss = 0.0958, Test Loss = 0.0358
Epoch 66: Train Loss = 0.0970, Test Loss = 0.0731
Epoch 67: Train Loss = 0.0958, Test Loss = 0.0310
Epoch 68: Train Loss = 0.1051, Test Loss = 0.0359
Epoch 69: Train Loss = 0.1017, Test Loss = 0.0398
Epoch 70: Train Loss = 0.0943, Test Loss = 0.0340
Epoch 71: Train Loss = 0.0923, Test Loss = 0.0443
Epoch 72: Train Loss = 0.0917, Test Loss = 0.0449
Epoch 73: Train Loss = 0.0887, Test Loss = 0.0416
Epoch 74: Train Loss = 0.0859, Test Loss = 0.0420
Epoch 75: Train Loss = 0.0907, Test Loss = 0.0328
Epoch 76: Train Loss = 0.0905, Test Loss = 0.0330
Epoch 77: Train Loss = 0.0913, Test Loss = 0.0334
Epoch 78: Train Loss = 0.0908, Test Loss = 0.0360
Epoch 79: Train Loss = 0.0928, Test Loss = 0.0387
Epoch 80: Train Loss = 0.0968, Test Loss = 0.0372
Epoch 81: Train Loss = 0.1016, Test Loss = 0.0352
Epoch 82: Train Loss = 0.0895, Test Loss = 0.0749
Epoch 83: Train Loss = 0.0842, Test Loss = 0.0300
Epoch 84: Train Loss = 0.0868, Test Loss = 0.0335
Epoch 85: Train Loss = 0.0807, Test Loss = 0.0379
Epoch 86: Train Loss = 0.0784, Test Loss = 0.0332
Epoch 87: Train Loss = 0.0816, Test Loss = 0.0424
Epoch 88: Train Loss = 0.0779, Test Loss = 0.0549
Epoch 89: Train Loss = 0.0942, Test Loss = 0.0380
Epoch 90: Train Loss = 0.0904, Test Loss = 0.0353
Epoch 91: Train Loss = 0.0846, Test Loss = 0.0311
Epoch 92: Train Loss = 0.0742, Test Loss = 0.0291
Epoch 93: Train Loss = 0.0743, Test Loss = 0.0288
Epoch 94: Train Loss = 0.0717, Test Loss = 0.0264
Epoch 95: Train Loss = 0.0734, Test Loss = 0.0275
Epoch 96: Train Loss = 0.0764, Test Loss = 0.0296
Epoch 97: Train Loss = 0.0758, Test Loss = 0.0298
Epoch 98: Train Loss = 0.0754, Test Loss = 0.0291
Epoch 99: Train Loss = 0.0831, Test Loss = 0.0383
Epoch 100: Train Loss = 0.0747, Test Loss = 0.0311
Epoch 101: Train Loss = 0.0822, Test Loss = 0.0369
Epoch 102: Train Loss = 0.0907, Test Loss = 0.0360
Epoch 103: Train Loss = 0.0783, Test Loss = 0.0317
Epoch 104: Train Loss = 0.0774, Test Loss = 0.0343
Epoch 105: Train Loss = 0.0720, Test Loss = 0.0300
Epoch 106: Train Loss = 0.0774, Test Loss = 0.0301
Epoch 107: Train Loss = 0.0728, Test Loss = 0.0276
Epoch 108: Train Loss = 0.0710, Test Loss = 0.0267
Epoch 109: Train Loss = 0.0657, Test Loss = 0.0266
Epoch 110: Train Loss = 0.0672, Test Loss = 0.0261
Epoch 111: Train Loss = 0.0671, Test Loss = 0.0257
Epoch 112: Train Loss = 0.0655, Test Loss = 0.0264
Epoch 113: Train Loss = 0.0689, Test Loss = 0.0260
Epoch 114: Train Loss = 0.0652, Test Loss = 0.0249
Epoch 115: Train Loss = 0.0675, Test Loss = 0.0267
Epoch 116: Train Loss = 0.0643, Test Loss = 0.0261
Epoch 117: Train Loss = 0.0634, Test Loss = 0.0251
Epoch 118: Train Loss = 0.0659, Test Loss = 0.0744
Epoch 119: Train Loss = 0.0961, Test Loss = 0.0276
Epoch 120: Train Loss = 0.0758, Test Loss = 0.0286
Epoch 121: Train Loss = 0.0808, Test Loss = 0.0301
Epoch 122: Train Loss = 0.0675, Test Loss = 0.0272
Epoch 123: Train Loss = 0.0654, Test Loss = 0.0247
Epoch 124: Train Loss = 0.0663, Test Loss = 0.0246
Epoch 125: Train Loss = 0.0769, Test Loss = 0.0291
Epoch 126: Train Loss = 0.0678, Test Loss = 0.0289
Epoch 127: Train Loss = 0.0737, Test Loss = 0.0273
Epoch 128: Train Loss = 0.0726, Test Loss = 0.0276
Epoch 129: Train Loss = 0.0742, Test Loss = 0.0255
Epoch 130: Train Loss = 0.0752, Test Loss = 0.0287
Epoch 131: Train Loss = 0.0886, Test Loss = 0.0338
Epoch 132: Train Loss = 0.0849, Test Loss = 0.0331
Epoch 133: Train Loss = 0.0797, Test Loss = 0.0287
Epoch 134: Train Loss = 0.0780, Test Loss = 0.0271
Epoch 135: Train Loss = 0.0714, Test Loss = 0.0306
Epoch 136: Train Loss = 0.0736, Test Loss = 0.0269
Epoch 137: Train Loss = 0.0700, Test Loss = 0.0250
Epoch 138: Train Loss = 0.0640, Test Loss = 0.0263
Epoch 139: Train Loss = 0.0615, Test Loss = 0.0250
Epoch 140: Train Loss = 0.0608, Test Loss = 0.0281
Epoch 141: Train Loss = 0.0614, Test Loss = 0.0361
Epoch 142: Train Loss = 0.0630, Test Loss = 0.0239
Epoch 143: Train Loss = 0.0634, Test Loss = 0.0243
Epoch 144: Train Loss = 0.0570, Test Loss = 0.0244
Epoch 145: Train Loss = 0.0633, Test Loss = 0.0248
Epoch 146: Train Loss = 0.0626, Test Loss = 0.0244
Epoch 147: Train Loss = 0.0601, Test Loss = 0.0235
Epoch 148: Train Loss = 0.0614, Test Loss = 0.0215
Epoch 149: Train Loss = 0.0596, Test Loss = 0.0253
Epoch 150: Train Loss = 0.0623, Test Loss = 0.0225
Epoch 151: Train Loss = 0.0580, Test Loss = 0.0220
Epoch 152: Train Loss = 0.0573, Test Loss = 0.0211
Epoch 153: Train Loss = 0.0598, Test Loss = 0.0245
Epoch 154: Train Loss = 0.0576, Test Loss = 0.0234
Epoch 155: Train Loss = 0.0590, Test Loss = 0.0220
Epoch 156: Train Loss = 0.0613, Test Loss = 0.0245
Epoch 157: Train Loss = 0.0627, Test Loss = 0.0221
Epoch 158: Train Loss = 0.0617, Test Loss = 0.0220
Epoch 159: Train Loss = 0.0561, Test Loss = 0.0210
Epoch 160: Train Loss = 0.0574, Test Loss = 0.0259
Epoch 161: Train Loss = 0.0803, Test Loss = 0.0293
Epoch 162: Train Loss = 0.0627, Test Loss = 0.0231
Epoch 163: Train Loss = 0.0630, Test Loss = 0.0227
Epoch 164: Train Loss = 0.0607, Test Loss = 0.0238
Epoch 165: Train Loss = 0.0614, Test Loss = 0.0242
Epoch 166: Train Loss = 0.0678, Test Loss = 0.0257
Epoch 167: Train Loss = 0.0595, Test Loss = 0.0249
Epoch 168: Train Loss = 0.0589, Test Loss = 0.0247
Epoch 169: Train Loss = 0.0614, Test Loss = 0.0380
Epoch 170: Train Loss = 0.0630, Test Loss = 0.0246
Epoch 171: Train Loss = 0.0640, Test Loss = 0.0245
Epoch 172: Train Loss = 0.0647, Test Loss = 0.0251
Epoch 173: Train Loss = 0.0661, Test Loss = 0.0254
Epoch 174: Train Loss = 0.0623, Test Loss = 0.0246
Epoch 175: Train Loss = 0.0620, Test Loss = 0.0222
Epoch 176: Train Loss = 0.0588, Test Loss = 0.0253
Epoch 177: Train Loss = 0.0653, Test Loss = 0.0249
Epoch 178: Train Loss = 0.0608, Test Loss = 0.0236
Epoch 179: Train Loss = 0.0640, Test Loss = 0.0284
Epoch 180: Train Loss = 0.0620, Test Loss = 0.0233
Epoch 181: Train Loss = 0.0720, Test Loss = 0.0323
Epoch 182: Train Loss = 0.0933, Test Loss = 0.0287
Epoch 183: Train Loss = 0.0832, Test Loss = 0.0269
Epoch 184: Train Loss = 0.0839, Test Loss = 0.0310
Epoch 185: Train Loss = 0.0754, Test Loss = 0.0267
Epoch 186: Train Loss = 0.0724, Test Loss = 0.0253
Epoch 187: Train Loss = 0.0700, Test Loss = 0.0254
Epoch 188: Train Loss = 0.0868, Test Loss = 0.0312
Epoch 189: Train Loss = 0.0813, Test Loss = 0.0280
Epoch 190: Train Loss = 0.0720, Test Loss = 0.0259
Epoch 191: Train Loss = 0.0711, Test Loss = 0.0366
Epoch 192: Train Loss = 0.0714, Test Loss = 0.0255
Epoch 193: Train Loss = 0.0709, Test Loss = 0.0249
Epoch 194: Train Loss = 0.0622, Test Loss = 0.0237
Epoch 195: Train Loss = 0.0709, Test Loss = 0.0253
Epoch 196: Train Loss = 0.0682, Test Loss = 0.0246
Epoch 197: Train Loss = 0.0687, Test Loss = 0.0256
Epoch 198: Train Loss = 0.0695, Test Loss = 0.0253
Epoch 199: Train Loss = 0.0609, Test Loss = 0.0234
Epoch 200: Train Loss = 0.0601, Test Loss = 0.0234
Trial completed in 403.13s with error: 0.0234
Trial completed!
