Running on host hal0059.amarel.rutgers.edu
Time is Thu Apr 24 15:03:55 EDT 2025
Directory is /home/elp95/tfa-predictor
SLURM job ID is 43168573
Starting trial...
Running trial with config: {'input_size': 3883, 'output_size': 214, 'hidden_sizes': [1024, 512, 256], 'lr': 0.014290011711272498, 'weight_decay': 0.0006803850954616794, 'batch_size': 128, 'max_epochs': 150, 'dropout_rate': 0.40047464734119986, 'activation': 'selu', 'optimizer': 'adamw', 'learning_rate_schedule': 'cosine', 'batch_norm': 'false'}
Using data directory: /cache/home/elp95/tfa-predictor/data
xprs_path: /cache/home/elp95/tfa-predictor/data/gene-xprs/processed/xprs-data.csv
tfa_path: /cache/home/elp95/tfa-predictor/data/tfa/processed/tfa-labels.csv
Epoch 1: Train Loss = 0.5810, Test Loss = 0.2575
Epoch 2: Train Loss = 0.2541, Test Loss = 0.4624
Epoch 3: Train Loss = 0.1812, Test Loss = 0.6051
Epoch 4: Train Loss = 0.1488, Test Loss = 0.4542
Epoch 5: Train Loss = 0.1321, Test Loss = 0.3313
Epoch 6: Train Loss = 0.1423, Test Loss = 0.1655
Epoch 7: Train Loss = 0.1407, Test Loss = 0.1526
Epoch 8: Train Loss = 0.1436, Test Loss = 0.1066
Epoch 9: Train Loss = 0.1460, Test Loss = 0.1119
Epoch 10: Train Loss = 0.1398, Test Loss = 0.1210
Epoch 11: Train Loss = 0.1418, Test Loss = 0.1078
Epoch 12: Train Loss = 0.1493, Test Loss = 0.0957
Epoch 13: Train Loss = 0.1484, Test Loss = 0.0963
Epoch 14: Train Loss = 0.1452, Test Loss = 0.1160
Epoch 15: Train Loss = 0.1472, Test Loss = 0.0869
Epoch 16: Train Loss = 0.1544, Test Loss = 0.0932
Epoch 17: Train Loss = 0.1525, Test Loss = 0.1288
Epoch 18: Train Loss = 0.1517, Test Loss = 0.0984
Epoch 19: Train Loss = 0.1520, Test Loss = 0.1046
Epoch 20: Train Loss = 0.1641, Test Loss = 0.1181
Epoch 21: Train Loss = 0.1557, Test Loss = 0.1076
Epoch 22: Train Loss = 0.1543, Test Loss = 0.1193
Epoch 23: Train Loss = 0.1560, Test Loss = 0.0977
Epoch 24: Train Loss = 0.1547, Test Loss = 0.0965
Epoch 25: Train Loss = 0.1530, Test Loss = 0.1169
Epoch 26: Train Loss = 0.1532, Test Loss = 0.0981
Epoch 27: Train Loss = 0.1606, Test Loss = 0.1184
Epoch 28: Train Loss = 0.1622, Test Loss = 0.0870
Epoch 29: Train Loss = 0.1548, Test Loss = 0.1298
Epoch 30: Train Loss = 0.1579, Test Loss = 0.1133
Epoch 31: Train Loss = 0.1621, Test Loss = 0.1034
Epoch 32: Train Loss = 0.1621, Test Loss = 0.1488
Epoch 33: Train Loss = 0.1496, Test Loss = 0.1539
Epoch 34: Train Loss = 0.1592, Test Loss = 0.0896
Epoch 35: Train Loss = 0.1554, Test Loss = 0.0775
Epoch 36: Train Loss = 0.1669, Test Loss = 0.1287
Epoch 37: Train Loss = 0.1629, Test Loss = 0.1206
Epoch 38: Train Loss = 0.1692, Test Loss = 0.0934
Epoch 39: Train Loss = 0.1578, Test Loss = 0.1133
Epoch 40: Train Loss = 0.1601, Test Loss = 0.0906
Epoch 41: Train Loss = 0.1651, Test Loss = 0.1019
Epoch 42: Train Loss = 0.1629, Test Loss = 0.1105
Epoch 43: Train Loss = 0.1632, Test Loss = 0.1055
Epoch 44: Train Loss = 0.1580, Test Loss = 0.0913
Epoch 45: Train Loss = 0.1657, Test Loss = 0.1165
Epoch 46: Train Loss = 0.1596, Test Loss = 0.1255
Epoch 47: Train Loss = 0.1718, Test Loss = 0.1078
Epoch 48: Train Loss = 0.1594, Test Loss = 0.1151
Epoch 49: Train Loss = 0.1687, Test Loss = 0.1274
Epoch 50: Train Loss = 0.1796, Test Loss = 0.1293
Epoch 51: Train Loss = 0.1707, Test Loss = 0.1412
Epoch 52: Train Loss = 0.1747, Test Loss = 0.1341
Epoch 53: Train Loss = 0.1648, Test Loss = 0.1155
Epoch 54: Train Loss = 0.1665, Test Loss = 0.1064
Epoch 55: Train Loss = 0.1652, Test Loss = 0.1024
Epoch 56: Train Loss = 0.1613, Test Loss = 0.1066
Epoch 57: Train Loss = 0.1707, Test Loss = 0.1402
Epoch 58: Train Loss = 0.1580, Test Loss = 0.1401
Epoch 59: Train Loss = 0.1629, Test Loss = 0.1267
Epoch 60: Train Loss = 0.1589, Test Loss = 0.0997
Epoch 61: Train Loss = 0.1788, Test Loss = 0.1157
Epoch 62: Train Loss = 0.1743, Test Loss = 0.1314
Epoch 63: Train Loss = 0.1702, Test Loss = 0.1186
Epoch 64: Train Loss = 0.1716, Test Loss = 0.1115
Epoch 65: Train Loss = 0.1672, Test Loss = 0.0881
Epoch 66: Train Loss = 0.1615, Test Loss = 0.1398
Epoch 67: Train Loss = 0.1648, Test Loss = 0.1151
Epoch 68: Train Loss = 0.1654, Test Loss = 0.1232
Epoch 69: Train Loss = 0.1818, Test Loss = 0.1161
Epoch 70: Train Loss = 0.1663, Test Loss = 0.1153
Epoch 71: Train Loss = 0.1720, Test Loss = 0.1494
Epoch 72: Train Loss = 0.1765, Test Loss = 0.1122
Epoch 73: Train Loss = 0.1753, Test Loss = 0.1446
Epoch 74: Train Loss = 0.1747, Test Loss = 0.1098
Epoch 75: Train Loss = 0.1724, Test Loss = 0.1161
Epoch 76: Train Loss = 0.1808, Test Loss = 0.1301
Epoch 77: Train Loss = 0.1684, Test Loss = 0.1728
Epoch 78: Train Loss = 0.1771, Test Loss = 0.0963
Epoch 79: Train Loss = 0.1697, Test Loss = 0.1074
Epoch 80: Train Loss = 0.1643, Test Loss = 0.1015
Epoch 81: Train Loss = 0.1670, Test Loss = 0.1196
Epoch 82: Train Loss = 0.1726, Test Loss = 0.1461
Epoch 83: Train Loss = 0.1722, Test Loss = 0.1304
Epoch 84: Train Loss = 0.1704, Test Loss = 0.1301
Epoch 85: Train Loss = 0.1736, Test Loss = 0.0983
Epoch 86: Train Loss = 0.1749, Test Loss = 0.1255
Epoch 87: Train Loss = 0.1767, Test Loss = 0.1318
Epoch 88: Train Loss = 0.1710, Test Loss = 0.0949
Epoch 89: Train Loss = 0.1753, Test Loss = 0.1098
Epoch 90: Train Loss = 0.1693, Test Loss = 0.1315
Epoch 91: Train Loss = 0.1728, Test Loss = 0.1503
Epoch 92: Train Loss = 0.1749, Test Loss = 0.1462
Epoch 93: Train Loss = 0.1757, Test Loss = 0.1104
Epoch 94: Train Loss = 0.1759, Test Loss = 0.1161
Epoch 95: Train Loss = 0.1772, Test Loss = 0.1067
Epoch 96: Train Loss = 0.1704, Test Loss = 0.1098
Epoch 97: Train Loss = 0.1703, Test Loss = 0.1133
Epoch 98: Train Loss = 0.1752, Test Loss = 0.0980
Epoch 99: Train Loss = 0.1745, Test Loss = 0.1488
Epoch 100: Train Loss = 0.1690, Test Loss = 0.1242
Epoch 101: Train Loss = 0.1710, Test Loss = 0.1373
Epoch 102: Train Loss = 0.1830, Test Loss = 0.1000
Epoch 103: Train Loss = 0.1695, Test Loss = 0.1180
Epoch 104: Train Loss = 0.1757, Test Loss = 0.1166
Epoch 105: Train Loss = 0.1699, Test Loss = 0.1473
Epoch 106: Train Loss = 0.1709, Test Loss = 0.1014
Epoch 107: Train Loss = 0.1659, Test Loss = 0.1981
Epoch 108: Train Loss = 0.1826, Test Loss = 0.0993
Epoch 109: Train Loss = 0.1779, Test Loss = 0.1474
Epoch 110: Train Loss = 0.1722, Test Loss = 0.1566
Epoch 111: Train Loss = 0.1761, Test Loss = 0.1430
Epoch 112: Train Loss = 0.1797, Test Loss = 0.1839
Epoch 113: Train Loss = 0.1903, Test Loss = 0.1507
Epoch 114: Train Loss = 0.1996, Test Loss = 0.1769
Epoch 115: Train Loss = 0.1776, Test Loss = 0.1515
Epoch 116: Train Loss = 0.1733, Test Loss = 0.1309
Epoch 117: Train Loss = 0.1836, Test Loss = 0.1189
Epoch 118: Train Loss = 0.1747, Test Loss = 0.1164
Epoch 119: Train Loss = 0.1768, Test Loss = 0.1224
Epoch 120: Train Loss = 0.1681, Test Loss = 0.1220
Epoch 121: Train Loss = 0.1806, Test Loss = 0.0932
Epoch 122: Train Loss = 0.1737, Test Loss = 0.1092
Epoch 123: Train Loss = 0.1763, Test Loss = 0.1257
Epoch 124: Train Loss = 0.1702, Test Loss = 0.1083
Epoch 125: Train Loss = 0.1757, Test Loss = 0.1056
Epoch 126: Train Loss = 0.1698, Test Loss = 0.1071
Epoch 127: Train Loss = 0.1752, Test Loss = 0.0960
Epoch 128: Train Loss = 0.1767, Test Loss = 0.1080
Epoch 129: Train Loss = 0.1750, Test Loss = 0.1320
Epoch 130: Train Loss = 0.1672, Test Loss = 0.1438
Epoch 131: Train Loss = 0.1703, Test Loss = 0.1293
Epoch 132: Train Loss = 0.1713, Test Loss = 0.1294
Epoch 133: Train Loss = 0.1759, Test Loss = 0.1088
Epoch 134: Train Loss = 0.1745, Test Loss = 0.1180
Epoch 135: Train Loss = 0.1665, Test Loss = 0.1046
Epoch 136: Train Loss = 0.1806, Test Loss = 0.1273
Epoch 137: Train Loss = 0.1781, Test Loss = 0.1251
Epoch 138: Train Loss = 0.1768, Test Loss = 0.1169
Epoch 139: Train Loss = 0.1723, Test Loss = 0.1037
Epoch 140: Train Loss = 0.1671, Test Loss = 0.1194
Epoch 141: Train Loss = 0.1833, Test Loss = 0.1214
Epoch 142: Train Loss = 0.1761, Test Loss = 0.1198
Epoch 143: Train Loss = 0.1786, Test Loss = 0.1077
Epoch 144: Train Loss = 0.1798, Test Loss = 0.1483
Epoch 145: Train Loss = 0.1741, Test Loss = 0.1007
Epoch 146: Train Loss = 0.1749, Test Loss = 0.1225
Epoch 147: Train Loss = 0.1757, Test Loss = 0.1139
Epoch 148: Train Loss = 0.1796, Test Loss = 0.1278
Epoch 149: Train Loss = 0.1774, Test Loss = 0.1003
Epoch 150: Train Loss = 0.1807, Test Loss = 0.1173
Trial completed in 270.25s with error: 0.1173
Trial completed!
