Running on host hal0041.amarel.rutgers.edu
Time is Thu Apr 24 15:36:48 EDT 2025
Directory is /home/elp95/tfa-predictor
SLURM job ID is 43169361
Starting trial...
Running trial with config: {'input_size': 3883, 'output_size': 214, 'hidden_sizes': [4096, 2048, 1024, 512], 'lr': 0.000396658725924042, 'weight_decay': 0.0004901908831315694, 'batch_size': 64, 'max_epochs': 150, 'dropout_rate': 0.3337788692605136, 'activation': 'leaky_relu', 'optimizer': 'adam', 'learning_rate_schedule': 'step', 'batch_norm': 'true'}
Using data directory: /cache/home/elp95/tfa-predictor/data
xprs_path: /cache/home/elp95/tfa-predictor/data/gene-xprs/processed/xprs-data.csv
tfa_path: /cache/home/elp95/tfa-predictor/data/tfa/processed/tfa-labels.csv
Epoch 1: Train Loss = 0.4869, Test Loss = 0.0885
Epoch 2: Train Loss = 0.2674, Test Loss = 0.0557
Epoch 3: Train Loss = 0.2251, Test Loss = 0.0523
Epoch 4: Train Loss = 0.1963, Test Loss = 0.0435
Epoch 5: Train Loss = 0.1785, Test Loss = 0.0409
Epoch 6: Train Loss = 0.1585, Test Loss = 0.0454
Epoch 7: Train Loss = 0.1454, Test Loss = 0.0482
Epoch 8: Train Loss = 0.1405, Test Loss = 0.0431
Epoch 9: Train Loss = 0.1318, Test Loss = 0.0508
Epoch 10: Train Loss = 0.1199, Test Loss = 0.0388
Epoch 11: Train Loss = 0.1144, Test Loss = 0.0487
Epoch 12: Train Loss = 0.1062, Test Loss = 0.0420
Epoch 13: Train Loss = 0.0985, Test Loss = 0.0375
Epoch 14: Train Loss = 0.1018, Test Loss = 0.0488
Epoch 15: Train Loss = 0.1070, Test Loss = 0.0571
Epoch 16: Train Loss = 0.0962, Test Loss = 0.0359
Epoch 17: Train Loss = 0.0871, Test Loss = 0.0489
Epoch 18: Train Loss = 0.0865, Test Loss = 0.0366
Epoch 19: Train Loss = 0.0834, Test Loss = 0.0450
Epoch 20: Train Loss = 0.0817, Test Loss = 0.0441
Epoch 21: Train Loss = 0.0826, Test Loss = 0.0415
Epoch 22: Train Loss = 0.0870, Test Loss = 0.0569
Epoch 23: Train Loss = 0.0859, Test Loss = 0.0476
Epoch 24: Train Loss = 0.0803, Test Loss = 0.0458
Epoch 25: Train Loss = 0.0768, Test Loss = 0.0472
Epoch 26: Train Loss = 0.0741, Test Loss = 0.0435
Epoch 27: Train Loss = 0.0733, Test Loss = 0.0432
Epoch 28: Train Loss = 0.1048, Test Loss = 0.0651
Epoch 29: Train Loss = 0.1051, Test Loss = 0.0388
Epoch 30: Train Loss = 0.0843, Test Loss = 0.0526
Epoch 31: Train Loss = 0.0819, Test Loss = 0.0511
Epoch 32: Train Loss = 0.0756, Test Loss = 0.0444
Epoch 33: Train Loss = 0.0738, Test Loss = 0.0456
Epoch 34: Train Loss = 0.1073, Test Loss = 0.0617
Epoch 35: Train Loss = 0.0961, Test Loss = 0.0453
Epoch 36: Train Loss = 0.0813, Test Loss = 0.0560
Epoch 37: Train Loss = 0.0743, Test Loss = 0.0496
Epoch 38: Train Loss = 0.0757, Test Loss = 0.0499
Epoch 39: Train Loss = 0.0740, Test Loss = 0.0513
Epoch 40: Train Loss = 0.0947, Test Loss = 0.0471
Epoch 41: Train Loss = 0.0868, Test Loss = 0.0490
Epoch 42: Train Loss = 0.0767, Test Loss = 0.0550
Epoch 43: Train Loss = 0.0739, Test Loss = 0.0509
Epoch 44: Train Loss = 0.0714, Test Loss = 0.0456
Epoch 45: Train Loss = 0.0702, Test Loss = 0.0443
Epoch 46: Train Loss = 0.0729, Test Loss = 0.0440
Epoch 47: Train Loss = 0.0762, Test Loss = 0.0447
Epoch 48: Train Loss = 0.1029, Test Loss = 0.0531
Epoch 49: Train Loss = 0.0971, Test Loss = 0.0557
Epoch 50: Train Loss = 0.0793, Test Loss = 0.0495
Epoch 51: Train Loss = 0.0718, Test Loss = 0.0535
Epoch 52: Train Loss = 0.0728, Test Loss = 0.0438
Epoch 53: Train Loss = 0.0820, Test Loss = 0.0583
Epoch 54: Train Loss = 0.0859, Test Loss = 0.0587
Epoch 55: Train Loss = 0.0824, Test Loss = 0.0492
Epoch 56: Train Loss = 0.0750, Test Loss = 0.0494
Epoch 57: Train Loss = 0.0700, Test Loss = 0.0563
Epoch 58: Train Loss = 0.0751, Test Loss = 0.0510
Epoch 59: Train Loss = 0.0746, Test Loss = 0.0546
Epoch 60: Train Loss = 0.0747, Test Loss = 0.0623
Epoch 61: Train Loss = 0.1013, Test Loss = 0.0703
Epoch 62: Train Loss = 0.0848, Test Loss = 0.0583
Epoch 63: Train Loss = 0.0819, Test Loss = 0.0470
Epoch 64: Train Loss = 0.0771, Test Loss = 0.0650
Epoch 65: Train Loss = 0.0721, Test Loss = 0.0505
Epoch 66: Train Loss = 0.0810, Test Loss = 0.0539
Epoch 67: Train Loss = 0.0728, Test Loss = 0.0493
Epoch 68: Train Loss = 0.0907, Test Loss = 0.0507
Epoch 69: Train Loss = 0.0887, Test Loss = 0.0436
Epoch 70: Train Loss = 0.0764, Test Loss = 0.0524
Epoch 71: Train Loss = 0.0870, Test Loss = 0.0602
Epoch 72: Train Loss = 0.0792, Test Loss = 0.0583
Epoch 73: Train Loss = 0.0728, Test Loss = 0.0469
Epoch 74: Train Loss = 0.0717, Test Loss = 0.0521
Epoch 75: Train Loss = 0.0925, Test Loss = 0.0594
Epoch 76: Train Loss = 0.1077, Test Loss = 0.0851
Epoch 77: Train Loss = 0.0835, Test Loss = 0.0569
Epoch 78: Train Loss = 0.0739, Test Loss = 0.0540
Epoch 79: Train Loss = 0.0737, Test Loss = 0.0506
Epoch 80: Train Loss = 0.0734, Test Loss = 0.0482
Epoch 81: Train Loss = 0.0763, Test Loss = 0.0425
Epoch 82: Train Loss = 0.0760, Test Loss = 0.0435
Epoch 83: Train Loss = 0.0723, Test Loss = 0.0521
Epoch 84: Train Loss = 0.0692, Test Loss = 0.0547
Epoch 85: Train Loss = 0.0934, Test Loss = 0.0608
Epoch 86: Train Loss = 0.1085, Test Loss = 0.0421
Epoch 87: Train Loss = 0.0853, Test Loss = 0.0562
Epoch 88: Train Loss = 0.0798, Test Loss = 0.0597
Epoch 89: Train Loss = 0.0779, Test Loss = 0.0523
Epoch 90: Train Loss = 0.0858, Test Loss = 0.0580
Epoch 91: Train Loss = 0.0754, Test Loss = 0.0500
Epoch 92: Train Loss = 0.0737, Test Loss = 0.0493
Epoch 93: Train Loss = 0.0737, Test Loss = 0.0484
Epoch 94: Train Loss = 0.0723, Test Loss = 0.0414
Epoch 95: Train Loss = 0.0723, Test Loss = 0.0421
Epoch 96: Train Loss = 0.0759, Test Loss = 0.0468
Epoch 97: Train Loss = 0.0780, Test Loss = 0.0460
Epoch 98: Train Loss = 0.0783, Test Loss = 0.0534
Epoch 99: Train Loss = 0.1150, Test Loss = 0.0540
Epoch 100: Train Loss = 0.0916, Test Loss = 0.0562
Epoch 101: Train Loss = 0.0755, Test Loss = 0.0598
Epoch 102: Train Loss = 0.0708, Test Loss = 0.0519
Epoch 103: Train Loss = 0.0757, Test Loss = 0.0516
Epoch 104: Train Loss = 0.0725, Test Loss = 0.0483
Epoch 105: Train Loss = 0.0727, Test Loss = 0.0367
Epoch 106: Train Loss = 0.0809, Test Loss = 0.0503
Epoch 107: Train Loss = 0.0806, Test Loss = 0.0472
Epoch 108: Train Loss = 0.0754, Test Loss = 0.0487
Epoch 109: Train Loss = 0.0748, Test Loss = 0.0616
Epoch 110: Train Loss = 0.0753, Test Loss = 0.0435
Epoch 111: Train Loss = 0.0831, Test Loss = 0.0641
Epoch 112: Train Loss = 0.0997, Test Loss = 0.0603
Epoch 113: Train Loss = 0.0798, Test Loss = 0.0513
Epoch 114: Train Loss = 0.0715, Test Loss = 0.0429
Epoch 115: Train Loss = 0.0708, Test Loss = 0.0399
Epoch 116: Train Loss = 0.0718, Test Loss = 0.0416
Epoch 117: Train Loss = 0.0707, Test Loss = 0.0463
Epoch 118: Train Loss = 0.0722, Test Loss = 0.0452
Epoch 119: Train Loss = 0.0716, Test Loss = 0.0413
Epoch 120: Train Loss = 0.0722, Test Loss = 0.0461
Epoch 121: Train Loss = 0.0746, Test Loss = 0.0397
Epoch 122: Train Loss = 0.0704, Test Loss = 0.0396
Epoch 123: Train Loss = 0.0677, Test Loss = 0.0387
Epoch 124: Train Loss = 0.0706, Test Loss = 0.0369
Epoch 125: Train Loss = 0.0714, Test Loss = 0.0405
Epoch 126: Train Loss = 0.0704, Test Loss = 0.0388
Epoch 127: Train Loss = 0.0734, Test Loss = 0.0407
Epoch 128: Train Loss = 0.0911, Test Loss = 0.0517
Epoch 129: Train Loss = 0.0778, Test Loss = 0.0418
Epoch 130: Train Loss = 0.0761, Test Loss = 0.0401
Epoch 131: Train Loss = 0.0742, Test Loss = 0.0375
Epoch 132: Train Loss = 0.0700, Test Loss = 0.0401
Epoch 133: Train Loss = 0.0692, Test Loss = 0.0377
Epoch 134: Train Loss = 0.0700, Test Loss = 0.0400
Epoch 135: Train Loss = 0.0699, Test Loss = 0.0355
Epoch 136: Train Loss = 0.0719, Test Loss = 0.0423
Epoch 137: Train Loss = 0.0715, Test Loss = 0.0375
Epoch 138: Train Loss = 0.0703, Test Loss = 0.0439
Epoch 139: Train Loss = 0.0696, Test Loss = 0.0405
Epoch 140: Train Loss = 0.0705, Test Loss = 0.0354
Epoch 141: Train Loss = 0.0707, Test Loss = 0.0471
Epoch 142: Train Loss = 0.0711, Test Loss = 0.0386
Epoch 143: Train Loss = 0.0728, Test Loss = 0.0298
Epoch 144: Train Loss = 0.0687, Test Loss = 0.0346
Epoch 145: Train Loss = 0.0710, Test Loss = 0.0422
Epoch 146: Train Loss = 0.0702, Test Loss = 0.0382
Epoch 147: Train Loss = 0.0719, Test Loss = 0.0344
Epoch 148: Train Loss = 0.0941, Test Loss = 0.0515
Epoch 149: Train Loss = 0.0883, Test Loss = 0.0533
Epoch 150: Train Loss = 0.0776, Test Loss = 0.0416
Trial completed in 1040.87s with error: 0.0416
Trial completed!
