Running on host hal0065.amarel.rutgers.edu
Time is Thu Apr 24 15:17:24 EDT 2025
Directory is /home/elp95/tfa-predictor
SLURM job ID is 43168690
Starting trial...
Running trial with config: {'input_size': 3883, 'output_size': 214, 'hidden_sizes': [1024, 256], 'lr': 0.0008750095825318233, 'weight_decay': 1.7728580556091046e-06, 'batch_size': 16, 'max_epochs': 300, 'dropout_rate': 0.48161126972030566, 'activation': 'selu', 'optimizer': 'adam', 'learning_rate_schedule': 'exponential', 'batch_norm': 'true'}
Using data directory: /cache/home/elp95/tfa-predictor/data
xprs_path: /cache/home/elp95/tfa-predictor/data/gene-xprs/processed/xprs-data.csv
tfa_path: /cache/home/elp95/tfa-predictor/data/tfa/processed/tfa-labels.csv
Epoch 1: Train Loss = 0.4034, Test Loss = 0.0686
Epoch 2: Train Loss = 0.2479, Test Loss = 0.0514
Epoch 3: Train Loss = 0.2068, Test Loss = 0.0484
Epoch 4: Train Loss = 0.1809, Test Loss = 0.0481
Epoch 5: Train Loss = 0.1655, Test Loss = 0.0440
Epoch 6: Train Loss = 0.1524, Test Loss = 0.0462
Epoch 7: Train Loss = 0.1501, Test Loss = 0.0414
Epoch 8: Train Loss = 0.1463, Test Loss = 0.0559
Epoch 9: Train Loss = 0.1434, Test Loss = 0.0378
Epoch 10: Train Loss = 0.1404, Test Loss = 0.0442
Epoch 11: Train Loss = 0.1401, Test Loss = 0.0495
Epoch 12: Train Loss = 0.1367, Test Loss = 0.0511
Epoch 13: Train Loss = 0.1354, Test Loss = 0.0437
Epoch 14: Train Loss = 0.1354, Test Loss = 0.0434
Epoch 15: Train Loss = 0.1349, Test Loss = 0.0414
Epoch 16: Train Loss = 0.1336, Test Loss = 0.0387
Epoch 17: Train Loss = 0.1414, Test Loss = 0.0379
Epoch 18: Train Loss = 0.1342, Test Loss = 0.0419
Epoch 19: Train Loss = 0.1367, Test Loss = 0.0446
Epoch 20: Train Loss = 0.1316, Test Loss = 0.0411
Epoch 21: Train Loss = 0.1372, Test Loss = 0.0387
Epoch 22: Train Loss = 0.1288, Test Loss = 0.0354
Epoch 23: Train Loss = 0.1345, Test Loss = 0.0432
Epoch 24: Train Loss = 0.1326, Test Loss = 0.0406
Epoch 25: Train Loss = 0.1322, Test Loss = 0.0397
Epoch 26: Train Loss = 0.1325, Test Loss = 0.0430
Epoch 27: Train Loss = 0.1321, Test Loss = 0.0393
Epoch 28: Train Loss = 0.1311, Test Loss = 0.0402
Epoch 29: Train Loss = 0.1305, Test Loss = 0.0367
Epoch 30: Train Loss = 0.1323, Test Loss = 0.0384
Epoch 31: Train Loss = 0.1297, Test Loss = 0.0386
Epoch 32: Train Loss = 0.1278, Test Loss = 0.0413
Epoch 33: Train Loss = 0.1287, Test Loss = 0.0417
Epoch 34: Train Loss = 0.1279, Test Loss = 0.0445
Epoch 35: Train Loss = 0.1305, Test Loss = 0.0458
Epoch 36: Train Loss = 0.1272, Test Loss = 0.0449
Epoch 37: Train Loss = 0.1250, Test Loss = 0.0381
Epoch 38: Train Loss = 0.1249, Test Loss = 0.0420
Epoch 39: Train Loss = 0.1286, Test Loss = 0.0465
Epoch 40: Train Loss = 0.1280, Test Loss = 0.0454
Epoch 41: Train Loss = 0.1272, Test Loss = 0.0397
Epoch 42: Train Loss = 0.1243, Test Loss = 0.0395
Epoch 43: Train Loss = 0.1245, Test Loss = 0.0429
Epoch 44: Train Loss = 0.1247, Test Loss = 0.0407
Epoch 45: Train Loss = 0.1263, Test Loss = 0.0458
Epoch 46: Train Loss = 0.1274, Test Loss = 0.0465
Epoch 47: Train Loss = 0.1239, Test Loss = 0.0419
Epoch 48: Train Loss = 0.1266, Test Loss = 0.0476
Epoch 49: Train Loss = 0.1245, Test Loss = 0.0458
Epoch 50: Train Loss = 0.1265, Test Loss = 0.0389
Epoch 51: Train Loss = 0.1232, Test Loss = 0.0412
Epoch 52: Train Loss = 0.1256, Test Loss = 0.0417
Epoch 53: Train Loss = 0.1225, Test Loss = 0.0414
Epoch 54: Train Loss = 0.1249, Test Loss = 0.0372
Epoch 55: Train Loss = 0.1244, Test Loss = 0.0403
Epoch 56: Train Loss = 0.1240, Test Loss = 0.0429
Epoch 57: Train Loss = 0.1251, Test Loss = 0.0421
Epoch 58: Train Loss = 0.1240, Test Loss = 0.0414
Epoch 59: Train Loss = 0.1230, Test Loss = 0.0381
Epoch 60: Train Loss = 0.1255, Test Loss = 0.0441
Epoch 61: Train Loss = 0.1239, Test Loss = 0.0457
Epoch 62: Train Loss = 0.1225, Test Loss = 0.0445
Epoch 63: Train Loss = 0.1228, Test Loss = 0.0403
Epoch 64: Train Loss = 0.1231, Test Loss = 0.0445
Epoch 65: Train Loss = 0.1236, Test Loss = 0.0458
Epoch 66: Train Loss = 0.1242, Test Loss = 0.0427
Epoch 67: Train Loss = 0.1207, Test Loss = 0.0438
Epoch 68: Train Loss = 0.1220, Test Loss = 0.0415
Epoch 69: Train Loss = 0.1200, Test Loss = 0.0455
Epoch 70: Train Loss = 0.1233, Test Loss = 0.0386
Epoch 71: Train Loss = 0.1218, Test Loss = 0.0423
Epoch 72: Train Loss = 0.1210, Test Loss = 0.0441
Epoch 73: Train Loss = 0.1210, Test Loss = 0.0442
Epoch 74: Train Loss = 0.1236, Test Loss = 0.0441
Epoch 75: Train Loss = 0.1197, Test Loss = 0.0457
Epoch 76: Train Loss = 0.1208, Test Loss = 0.0456
Epoch 77: Train Loss = 0.1198, Test Loss = 0.0447
Epoch 78: Train Loss = 0.1178, Test Loss = 0.0489
Epoch 79: Train Loss = 0.1196, Test Loss = 0.0431
Epoch 80: Train Loss = 0.1226, Test Loss = 0.0449
Epoch 81: Train Loss = 0.1227, Test Loss = 0.0434
Epoch 82: Train Loss = 0.1194, Test Loss = 0.0409
Epoch 83: Train Loss = 0.1216, Test Loss = 0.0476
Epoch 84: Train Loss = 0.1175, Test Loss = 0.0470
Epoch 85: Train Loss = 0.1206, Test Loss = 0.0449
Epoch 86: Train Loss = 0.1205, Test Loss = 0.0458
Epoch 87: Train Loss = 0.1202, Test Loss = 0.0487
Epoch 88: Train Loss = 0.1202, Test Loss = 0.0473
Epoch 89: Train Loss = 0.1198, Test Loss = 0.0423
Epoch 90: Train Loss = 0.1229, Test Loss = 0.0509
Epoch 91: Train Loss = 0.1198, Test Loss = 0.0464
Epoch 92: Train Loss = 0.1183, Test Loss = 0.0483
Epoch 93: Train Loss = 0.1211, Test Loss = 0.0425
Epoch 94: Train Loss = 0.1205, Test Loss = 0.0485
Epoch 95: Train Loss = 0.1168, Test Loss = 0.0431
Epoch 96: Train Loss = 0.1216, Test Loss = 0.0428
Epoch 97: Train Loss = 0.1202, Test Loss = 0.0405
Epoch 98: Train Loss = 0.1167, Test Loss = 0.0487
Epoch 99: Train Loss = 0.1199, Test Loss = 0.0463
Epoch 100: Train Loss = 0.1161, Test Loss = 0.0473
Epoch 101: Train Loss = 0.1187, Test Loss = 0.0475
Epoch 102: Train Loss = 0.1199, Test Loss = 0.0514
Epoch 103: Train Loss = 0.1200, Test Loss = 0.0474
Epoch 104: Train Loss = 0.1194, Test Loss = 0.0400
Epoch 105: Train Loss = 0.1165, Test Loss = 0.0446
Epoch 106: Train Loss = 0.1184, Test Loss = 0.0462
Epoch 107: Train Loss = 0.1178, Test Loss = 0.0493
Epoch 108: Train Loss = 0.1163, Test Loss = 0.0411
Epoch 109: Train Loss = 0.1181, Test Loss = 0.0424
Epoch 110: Train Loss = 0.1173, Test Loss = 0.0436
Epoch 111: Train Loss = 0.1196, Test Loss = 0.0479
Epoch 112: Train Loss = 0.1198, Test Loss = 0.0433
Epoch 113: Train Loss = 0.1184, Test Loss = 0.0530
Epoch 114: Train Loss = 0.1186, Test Loss = 0.0423
Epoch 115: Train Loss = 0.1172, Test Loss = 0.0509
Epoch 116: Train Loss = 0.1158, Test Loss = 0.0477
Epoch 117: Train Loss = 0.1170, Test Loss = 0.0440
Epoch 118: Train Loss = 0.1148, Test Loss = 0.0469
Epoch 119: Train Loss = 0.1148, Test Loss = 0.0441
Epoch 120: Train Loss = 0.1158, Test Loss = 0.0490
Epoch 121: Train Loss = 0.1190, Test Loss = 0.0496
Epoch 122: Train Loss = 0.1191, Test Loss = 0.0496
Epoch 123: Train Loss = 0.1172, Test Loss = 0.0499
Epoch 124: Train Loss = 0.1163, Test Loss = 0.0447
Epoch 125: Train Loss = 0.1164, Test Loss = 0.0509
Epoch 126: Train Loss = 0.1171, Test Loss = 0.0518
Epoch 127: Train Loss = 0.1170, Test Loss = 0.0443
Epoch 128: Train Loss = 0.1190, Test Loss = 0.0498
Epoch 129: Train Loss = 0.1193, Test Loss = 0.0478
Epoch 130: Train Loss = 0.1172, Test Loss = 0.0465
Epoch 131: Train Loss = 0.1163, Test Loss = 0.0425
Epoch 132: Train Loss = 0.1160, Test Loss = 0.0513
Epoch 133: Train Loss = 0.1185, Test Loss = 0.0516
Epoch 134: Train Loss = 0.1162, Test Loss = 0.0536
Epoch 135: Train Loss = 0.1201, Test Loss = 0.0444
Epoch 136: Train Loss = 0.1159, Test Loss = 0.0461
Epoch 137: Train Loss = 0.1168, Test Loss = 0.0473
Epoch 138: Train Loss = 0.1171, Test Loss = 0.0502
Epoch 139: Train Loss = 0.1173, Test Loss = 0.0448
Epoch 140: Train Loss = 0.1148, Test Loss = 0.0426
Epoch 141: Train Loss = 0.1145, Test Loss = 0.0480
Epoch 142: Train Loss = 0.1160, Test Loss = 0.0487
Epoch 143: Train Loss = 0.1164, Test Loss = 0.0475
Epoch 144: Train Loss = 0.1158, Test Loss = 0.0477
Epoch 145: Train Loss = 0.1148, Test Loss = 0.0444
Epoch 146: Train Loss = 0.1177, Test Loss = 0.0492
Epoch 147: Train Loss = 0.1152, Test Loss = 0.0485
Epoch 148: Train Loss = 0.1148, Test Loss = 0.0571
Epoch 149: Train Loss = 0.1175, Test Loss = 0.0462
Epoch 150: Train Loss = 0.1163, Test Loss = 0.0478
Epoch 151: Train Loss = 0.1138, Test Loss = 0.0505
Epoch 152: Train Loss = 0.1164, Test Loss = 0.0487
Epoch 153: Train Loss = 0.1163, Test Loss = 0.0507
Epoch 154: Train Loss = 0.1138, Test Loss = 0.0470
Epoch 155: Train Loss = 0.1150, Test Loss = 0.0491
Epoch 156: Train Loss = 0.1181, Test Loss = 0.0476
Epoch 157: Train Loss = 0.1155, Test Loss = 0.0492
Epoch 158: Train Loss = 0.1168, Test Loss = 0.0477
Epoch 159: Train Loss = 0.1179, Test Loss = 0.0469
Epoch 160: Train Loss = 0.1142, Test Loss = 0.0526
Epoch 161: Train Loss = 0.1164, Test Loss = 0.0469
Epoch 162: Train Loss = 0.1174, Test Loss = 0.0485
Epoch 163: Train Loss = 0.1146, Test Loss = 0.0444
Epoch 164: Train Loss = 0.1153, Test Loss = 0.0510
Epoch 165: Train Loss = 0.1142, Test Loss = 0.0485
Epoch 166: Train Loss = 0.1136, Test Loss = 0.0471
Epoch 167: Train Loss = 0.1159, Test Loss = 0.0472
Epoch 168: Train Loss = 0.1145, Test Loss = 0.0469
Epoch 169: Train Loss = 0.1149, Test Loss = 0.0481
Epoch 170: Train Loss = 0.1141, Test Loss = 0.0468
Epoch 171: Train Loss = 0.1163, Test Loss = 0.0490
Epoch 172: Train Loss = 0.1141, Test Loss = 0.0485
Epoch 173: Train Loss = 0.1152, Test Loss = 0.0459
Epoch 174: Train Loss = 0.1147, Test Loss = 0.0430
Epoch 175: Train Loss = 0.1138, Test Loss = 0.0461
Epoch 176: Train Loss = 0.1149, Test Loss = 0.0477
Epoch 177: Train Loss = 0.1178, Test Loss = 0.0469
Epoch 178: Train Loss = 0.1142, Test Loss = 0.0460
Epoch 179: Train Loss = 0.1175, Test Loss = 0.0460
Epoch 180: Train Loss = 0.1168, Test Loss = 0.0487
Epoch 181: Train Loss = 0.1139, Test Loss = 0.0472
Epoch 182: Train Loss = 0.1154, Test Loss = 0.0435
Epoch 183: Train Loss = 0.1156, Test Loss = 0.0475
Epoch 184: Train Loss = 0.1138, Test Loss = 0.0476
Epoch 185: Train Loss = 0.1115, Test Loss = 0.0479
Epoch 186: Train Loss = 0.1141, Test Loss = 0.0520
Epoch 187: Train Loss = 0.1149, Test Loss = 0.0462
Epoch 188: Train Loss = 0.1142, Test Loss = 0.0437
Epoch 189: Train Loss = 0.1136, Test Loss = 0.0451
Epoch 190: Train Loss = 0.1136, Test Loss = 0.0456
Epoch 191: Train Loss = 0.1150, Test Loss = 0.0501
Epoch 192: Train Loss = 0.1132, Test Loss = 0.0478
Epoch 193: Train Loss = 0.1136, Test Loss = 0.0488
Epoch 194: Train Loss = 0.1133, Test Loss = 0.0417
Epoch 195: Train Loss = 0.1115, Test Loss = 0.0454
Epoch 196: Train Loss = 0.1120, Test Loss = 0.0465
Epoch 197: Train Loss = 0.1138, Test Loss = 0.0536
Epoch 198: Train Loss = 0.1165, Test Loss = 0.0467
Epoch 199: Train Loss = 0.1139, Test Loss = 0.0450
Epoch 200: Train Loss = 0.1135, Test Loss = 0.0478
Epoch 201: Train Loss = 0.1142, Test Loss = 0.0505
Epoch 202: Train Loss = 0.1126, Test Loss = 0.0464
Epoch 203: Train Loss = 0.1144, Test Loss = 0.0518
Epoch 204: Train Loss = 0.1136, Test Loss = 0.0509
Epoch 205: Train Loss = 0.1145, Test Loss = 0.0465
Epoch 206: Train Loss = 0.1123, Test Loss = 0.0421
Epoch 207: Train Loss = 0.1120, Test Loss = 0.0462
Epoch 208: Train Loss = 0.1124, Test Loss = 0.0470
Epoch 209: Train Loss = 0.1112, Test Loss = 0.0457
Epoch 210: Train Loss = 0.1144, Test Loss = 0.0454
Epoch 211: Train Loss = 0.1124, Test Loss = 0.0486
Epoch 212: Train Loss = 0.1144, Test Loss = 0.0468
Epoch 213: Train Loss = 0.1137, Test Loss = 0.0532
Epoch 214: Train Loss = 0.1146, Test Loss = 0.0476
Epoch 215: Train Loss = 0.1138, Test Loss = 0.0491
Epoch 216: Train Loss = 0.1116, Test Loss = 0.0489
Epoch 217: Train Loss = 0.1131, Test Loss = 0.0469
Epoch 218: Train Loss = 0.1130, Test Loss = 0.0433
Epoch 219: Train Loss = 0.1115, Test Loss = 0.0455
Epoch 220: Train Loss = 0.1140, Test Loss = 0.0513
Epoch 221: Train Loss = 0.1143, Test Loss = 0.0496
Epoch 222: Train Loss = 0.1152, Test Loss = 0.0502
Epoch 223: Train Loss = 0.1129, Test Loss = 0.0511
Epoch 224: Train Loss = 0.1139, Test Loss = 0.0495
Epoch 225: Train Loss = 0.1140, Test Loss = 0.0455
Epoch 226: Train Loss = 0.1099, Test Loss = 0.0470
Epoch 227: Train Loss = 0.1144, Test Loss = 0.0472
Epoch 228: Train Loss = 0.1131, Test Loss = 0.0492
Epoch 229: Train Loss = 0.1144, Test Loss = 0.0498
Epoch 230: Train Loss = 0.1138, Test Loss = 0.0505
Epoch 231: Train Loss = 0.1128, Test Loss = 0.0496
Epoch 232: Train Loss = 0.1123, Test Loss = 0.0508
Epoch 233: Train Loss = 0.1125, Test Loss = 0.0509
Epoch 234: Train Loss = 0.1121, Test Loss = 0.0494
Epoch 235: Train Loss = 0.1137, Test Loss = 0.0478
Epoch 236: Train Loss = 0.1121, Test Loss = 0.0530
Epoch 237: Train Loss = 0.1115, Test Loss = 0.0483
Epoch 238: Train Loss = 0.1130, Test Loss = 0.0509
Epoch 239: Train Loss = 0.1124, Test Loss = 0.0493
Epoch 240: Train Loss = 0.1119, Test Loss = 0.0467
Epoch 241: Train Loss = 0.1110, Test Loss = 0.0459
Epoch 242: Train Loss = 0.1135, Test Loss = 0.0505
Epoch 243: Train Loss = 0.1130, Test Loss = 0.0490
Epoch 244: Train Loss = 0.1122, Test Loss = 0.0481
Epoch 245: Train Loss = 0.1133, Test Loss = 0.0449
Epoch 246: Train Loss = 0.1134, Test Loss = 0.0485
Epoch 247: Train Loss = 0.1150, Test Loss = 0.0424
Epoch 248: Train Loss = 0.1124, Test Loss = 0.0509
Epoch 249: Train Loss = 0.1135, Test Loss = 0.0526
Epoch 250: Train Loss = 0.1114, Test Loss = 0.0468
Epoch 251: Train Loss = 0.1127, Test Loss = 0.0487
Epoch 252: Train Loss = 0.1134, Test Loss = 0.0493
Epoch 253: Train Loss = 0.1105, Test Loss = 0.0508
Epoch 254: Train Loss = 0.1129, Test Loss = 0.0466
Epoch 255: Train Loss = 0.1146, Test Loss = 0.0502
Epoch 256: Train Loss = 0.1155, Test Loss = 0.0526
Epoch 257: Train Loss = 0.1099, Test Loss = 0.0466
Epoch 258: Train Loss = 0.1114, Test Loss = 0.0530
Epoch 259: Train Loss = 0.1103, Test Loss = 0.0478
Epoch 260: Train Loss = 0.1122, Test Loss = 0.0494
Epoch 261: Train Loss = 0.1119, Test Loss = 0.0514
Epoch 262: Train Loss = 0.1127, Test Loss = 0.0505
Epoch 263: Train Loss = 0.1123, Test Loss = 0.0500
Epoch 264: Train Loss = 0.1107, Test Loss = 0.0521
Epoch 265: Train Loss = 0.1117, Test Loss = 0.0529
Epoch 266: Train Loss = 0.1118, Test Loss = 0.0474
Epoch 267: Train Loss = 0.1123, Test Loss = 0.0473
Epoch 268: Train Loss = 0.1134, Test Loss = 0.0522
Epoch 269: Train Loss = 0.1132, Test Loss = 0.0517
Epoch 270: Train Loss = 0.1136, Test Loss = 0.0479
Epoch 271: Train Loss = 0.1121, Test Loss = 0.0465
Epoch 272: Train Loss = 0.1131, Test Loss = 0.0482
Epoch 273: Train Loss = 0.1118, Test Loss = 0.0536
Epoch 274: Train Loss = 0.1152, Test Loss = 0.0470
Epoch 275: Train Loss = 0.1126, Test Loss = 0.0497
Epoch 276: Train Loss = 0.1143, Test Loss = 0.0481
Epoch 277: Train Loss = 0.1129, Test Loss = 0.0505
Epoch 278: Train Loss = 0.1124, Test Loss = 0.0498
Epoch 279: Train Loss = 0.1126, Test Loss = 0.0530
Epoch 280: Train Loss = 0.1126, Test Loss = 0.0464
Epoch 281: Train Loss = 0.1133, Test Loss = 0.0498
Epoch 282: Train Loss = 0.1120, Test Loss = 0.0493
Epoch 283: Train Loss = 0.1138, Test Loss = 0.0495
Epoch 284: Train Loss = 0.1111, Test Loss = 0.0509
Epoch 285: Train Loss = 0.1147, Test Loss = 0.0439
Epoch 286: Train Loss = 0.1108, Test Loss = 0.0477
Epoch 287: Train Loss = 0.1132, Test Loss = 0.0530
Epoch 288: Train Loss = 0.1096, Test Loss = 0.0483
Epoch 289: Train Loss = 0.1130, Test Loss = 0.0465
Epoch 290: Train Loss = 0.1123, Test Loss = 0.0501
Epoch 291: Train Loss = 0.1132, Test Loss = 0.0494
Epoch 292: Train Loss = 0.1131, Test Loss = 0.0514
Epoch 293: Train Loss = 0.1126, Test Loss = 0.0493
Epoch 294: Train Loss = 0.1129, Test Loss = 0.0490
Epoch 295: Train Loss = 0.1125, Test Loss = 0.0472
Epoch 296: Train Loss = 0.1116, Test Loss = 0.0474
Epoch 297: Train Loss = 0.1138, Test Loss = 0.0570
Epoch 298: Train Loss = 0.1128, Test Loss = 0.0464
Epoch 299: Train Loss = 0.1134, Test Loss = 0.0477
Epoch 300: Train Loss = 0.1112, Test Loss = 0.0511
Trial completed in 957.59s with error: 0.0511
Trial completed!
