Running on host hal0381.amarel.rutgers.edu
Time is Thu Apr 24 11:43:01 EDT 2025
Directory is /home/elp95/tfa-predictor
SLURM job ID is 43165701
Starting trial...
Running trial with config: {'input_size': 3883, 'output_size': 214, 'hidden_sizes': [512, 256, 128], 'lr': 0.00869299151113955, 'weight_decay': 0.0003550304858128307, 'batch_size': 64, 'max_epochs': 100}
Using data directory: /cache/home/elp95/tfa-predictor/data
xprs_path: /cache/home/elp95/tfa-predictor/data/gene-xprs/processed/xprs-data.csv
tfa_path: /cache/home/elp95/tfa-predictor/data/tfa/processed/tfa-labels.csv
Epoch 1: Train Loss = 0.5370, Test Loss = 0.2106
Epoch 2: Train Loss = 0.3046, Test Loss = 0.1533
Epoch 3: Train Loss = 0.2688, Test Loss = 0.1244
Epoch 4: Train Loss = 0.2648, Test Loss = 0.1244
Epoch 5: Train Loss = 0.2565, Test Loss = 0.1378
Epoch 6: Train Loss = 0.2629, Test Loss = 0.1305
Epoch 7: Train Loss = 0.2444, Test Loss = 0.1251
Epoch 8: Train Loss = 0.2588, Test Loss = 0.1396
Epoch 9: Train Loss = 0.2597, Test Loss = 0.1307
Epoch 10: Train Loss = 0.2490, Test Loss = 0.1233
Epoch 11: Train Loss = 0.2572, Test Loss = 0.1508
Epoch 12: Train Loss = 0.2576, Test Loss = 0.1358
Epoch 13: Train Loss = 0.2606, Test Loss = 0.1246
Epoch 14: Train Loss = 0.2539, Test Loss = 0.1484
Epoch 15: Train Loss = 0.2459, Test Loss = 0.1474
Epoch 16: Train Loss = 0.2442, Test Loss = 0.1478
Epoch 17: Train Loss = 0.2491, Test Loss = 0.1097
Epoch 18: Train Loss = 0.2496, Test Loss = 0.1291
Epoch 19: Train Loss = 0.2580, Test Loss = 0.1512
Epoch 20: Train Loss = 0.2573, Test Loss = 0.1414
Epoch 21: Train Loss = 0.2528, Test Loss = 0.1336
Epoch 22: Train Loss = 0.2570, Test Loss = 0.1293
Epoch 23: Train Loss = 0.2373, Test Loss = 0.1078
Epoch 24: Train Loss = 0.2522, Test Loss = 0.1224
Epoch 25: Train Loss = 0.2495, Test Loss = 0.1196
Epoch 26: Train Loss = 0.2515, Test Loss = 0.1447
Epoch 27: Train Loss = 0.2646, Test Loss = 0.1291
Epoch 28: Train Loss = 0.2502, Test Loss = 0.1255
Epoch 29: Train Loss = 0.2536, Test Loss = 0.1368
Epoch 30: Train Loss = 0.2633, Test Loss = 0.1186
Epoch 31: Train Loss = 0.2459, Test Loss = 0.1244
Epoch 32: Train Loss = 0.2493, Test Loss = 0.1177
Epoch 33: Train Loss = 0.2476, Test Loss = 0.1224
Epoch 34: Train Loss = 0.2508, Test Loss = 0.1178
Epoch 35: Train Loss = 0.2540, Test Loss = 0.1636
Epoch 36: Train Loss = 0.2659, Test Loss = 0.1188
Epoch 37: Train Loss = 0.2533, Test Loss = 0.1235
Epoch 38: Train Loss = 0.2456, Test Loss = 0.1467
Epoch 39: Train Loss = 0.2492, Test Loss = 0.1187
Epoch 40: Train Loss = 0.2504, Test Loss = 0.1215
Epoch 41: Train Loss = 0.2498, Test Loss = 0.1641
Epoch 42: Train Loss = 0.2537, Test Loss = 0.1460
Epoch 43: Train Loss = 0.2584, Test Loss = 0.1319
Epoch 44: Train Loss = 0.2555, Test Loss = 0.1377
Epoch 45: Train Loss = 0.2613, Test Loss = 0.1420
Epoch 46: Train Loss = 0.2639, Test Loss = 0.1614
Epoch 47: Train Loss = 0.2497, Test Loss = 0.1516
Epoch 48: Train Loss = 0.2600, Test Loss = 0.1302
Epoch 49: Train Loss = 0.2670, Test Loss = 0.1380
Epoch 50: Train Loss = 0.2509, Test Loss = 0.1470
Epoch 51: Train Loss = 0.2593, Test Loss = 0.1322
Epoch 52: Train Loss = 0.2515, Test Loss = 0.1171
Epoch 53: Train Loss = 0.2505, Test Loss = 0.1113
Epoch 54: Train Loss = 0.2512, Test Loss = 0.1214
Epoch 55: Train Loss = 0.2491, Test Loss = 0.1799
Epoch 56: Train Loss = 0.2626, Test Loss = 0.1116
Epoch 57: Train Loss = 0.2423, Test Loss = 0.1136
Epoch 58: Train Loss = 0.2598, Test Loss = 0.1306
Epoch 59: Train Loss = 0.2491, Test Loss = 0.1293
Epoch 60: Train Loss = 0.2515, Test Loss = 0.1299
Epoch 61: Train Loss = 0.2532, Test Loss = 0.1195
Epoch 62: Train Loss = 0.2491, Test Loss = 0.1264
Epoch 63: Train Loss = 0.2479, Test Loss = 0.1258
Epoch 64: Train Loss = 0.2590, Test Loss = 0.1462
Epoch 65: Train Loss = 0.2596, Test Loss = 0.1348
Epoch 66: Train Loss = 0.2450, Test Loss = 0.1358
Epoch 67: Train Loss = 0.2641, Test Loss = 0.1164
Epoch 68: Train Loss = 0.2555, Test Loss = 0.1255
Epoch 69: Train Loss = 0.2426, Test Loss = 0.1229
Epoch 70: Train Loss = 0.2553, Test Loss = 0.1238
Epoch 71: Train Loss = 0.2490, Test Loss = 0.1276
Epoch 72: Train Loss = 0.2587, Test Loss = 0.1333
Epoch 73: Train Loss = 0.2536, Test Loss = 0.1217
Epoch 74: Train Loss = 0.2566, Test Loss = 0.1194
Epoch 75: Train Loss = 0.2455, Test Loss = 0.1385
Epoch 76: Train Loss = 0.2626, Test Loss = 0.1452
Epoch 77: Train Loss = 0.2455, Test Loss = 0.1148
Epoch 78: Train Loss = 0.2502, Test Loss = 0.1248
Epoch 79: Train Loss = 0.2571, Test Loss = 0.1494
Epoch 80: Train Loss = 0.2534, Test Loss = 0.1124
Epoch 81: Train Loss = 0.2508, Test Loss = 0.1345
Epoch 82: Train Loss = 0.2532, Test Loss = 0.1583
Epoch 83: Train Loss = 0.2603, Test Loss = 0.1212
Epoch 84: Train Loss = 0.2559, Test Loss = 0.1126
Epoch 85: Train Loss = 0.2612, Test Loss = 0.1227
Epoch 86: Train Loss = 0.2517, Test Loss = 0.1337
Epoch 87: Train Loss = 0.2632, Test Loss = 0.1326
Epoch 88: Train Loss = 0.2466, Test Loss = 0.1157
Epoch 89: Train Loss = 0.2468, Test Loss = 0.1205
Epoch 90: Train Loss = 0.2545, Test Loss = 0.1398
Epoch 91: Train Loss = 0.2457, Test Loss = 0.1528
Epoch 92: Train Loss = 0.2682, Test Loss = 0.1292
Epoch 93: Train Loss = 0.2579, Test Loss = 0.1444
Epoch 94: Train Loss = 0.2527, Test Loss = 0.1413
Epoch 95: Train Loss = 0.2652, Test Loss = 0.1366
Epoch 96: Train Loss = 0.2400, Test Loss = 0.1105
Epoch 97: Train Loss = 0.2545, Test Loss = 0.1168
Epoch 98: Train Loss = 0.2551, Test Loss = 0.1379
Epoch 99: Train Loss = 0.2654, Test Loss = 0.1251
Epoch 100: Train Loss = 0.2504, Test Loss = 0.1395
Trial completed in 57.64s with error: 0.1395
Trial completed!
