Running on host hal0027.amarel.rutgers.edu
Time is Thu Apr 24 14:56:11 EDT 2025
Directory is /home/elp95/tfa-predictor
SLURM job ID is 43168502
Starting trial...
Running trial with config: {'input_size': 3883, 'output_size': 214, 'hidden_sizes': [2048, 1024, 512, 256], 'lr': 0.0010159255306312555, 'weight_decay': 5.379125214937585e-05, 'batch_size': 16, 'max_epochs': 300, 'dropout_rate': 0.11509263412077764, 'activation': 'selu', 'optimizer': 'sgd_momentum', 'learning_rate_schedule': 'exponential', 'batch_norm': 'true'}
Using data directory: /cache/home/elp95/tfa-predictor/data
xprs_path: /cache/home/elp95/tfa-predictor/data/gene-xprs/processed/xprs-data.csv
tfa_path: /cache/home/elp95/tfa-predictor/data/tfa/processed/tfa-labels.csv
Epoch 1: Train Loss = 0.4867, Test Loss = 0.1204
Epoch 2: Train Loss = 0.3072, Test Loss = 0.1140
Epoch 3: Train Loss = 0.2542, Test Loss = 0.1104
Epoch 4: Train Loss = 0.2292, Test Loss = 0.0991
Epoch 5: Train Loss = 0.2148, Test Loss = 0.0969
Epoch 6: Train Loss = 0.2059, Test Loss = 0.0866
Epoch 7: Train Loss = 0.2067, Test Loss = 0.0976
Epoch 8: Train Loss = 0.1959, Test Loss = 0.0915
Epoch 9: Train Loss = 0.1927, Test Loss = 0.0833
Epoch 10: Train Loss = 0.1894, Test Loss = 0.0803
Epoch 11: Train Loss = 0.1915, Test Loss = 0.0900
Epoch 12: Train Loss = 0.1936, Test Loss = 0.0948
Epoch 13: Train Loss = 0.1895, Test Loss = 0.0922
Epoch 14: Train Loss = 0.1848, Test Loss = 0.0844
Epoch 15: Train Loss = 0.1820, Test Loss = 0.0839
Epoch 16: Train Loss = 0.1962, Test Loss = 0.0933
Epoch 17: Train Loss = 0.1905, Test Loss = 0.0857
Epoch 18: Train Loss = 0.1808, Test Loss = 0.1025
Epoch 19: Train Loss = 0.1815, Test Loss = 0.0946
Epoch 20: Train Loss = 0.1865, Test Loss = 0.0987
Epoch 21: Train Loss = 0.1893, Test Loss = 0.1060
Epoch 22: Train Loss = 0.1873, Test Loss = 0.1001
Epoch 23: Train Loss = 0.1810, Test Loss = 0.0853
Epoch 24: Train Loss = 0.1858, Test Loss = 0.0830
Epoch 25: Train Loss = 0.1781, Test Loss = 0.0850
Epoch 26: Train Loss = 0.1785, Test Loss = 0.0905
Epoch 27: Train Loss = 0.1827, Test Loss = 0.0882
Epoch 28: Train Loss = 0.1831, Test Loss = 0.0865
Epoch 29: Train Loss = 0.1820, Test Loss = 0.0965
Epoch 30: Train Loss = 0.1824, Test Loss = 0.0910
Epoch 31: Train Loss = 0.1868, Test Loss = 0.0886
Epoch 32: Train Loss = 0.1856, Test Loss = 0.0987
Epoch 33: Train Loss = 0.1762, Test Loss = 0.0903
Epoch 34: Train Loss = 0.1804, Test Loss = 0.1047
Epoch 35: Train Loss = 0.1893, Test Loss = 0.1116
Epoch 36: Train Loss = 0.1824, Test Loss = 0.0956
Epoch 37: Train Loss = 0.1753, Test Loss = 0.0901
Epoch 38: Train Loss = 0.1757, Test Loss = 0.0841
Epoch 39: Train Loss = 0.1813, Test Loss = 0.0840
Epoch 40: Train Loss = 0.1781, Test Loss = 0.0868
Epoch 41: Train Loss = 0.1784, Test Loss = 0.1097
Epoch 42: Train Loss = 0.1785, Test Loss = 0.1177
Epoch 43: Train Loss = 0.1786, Test Loss = 0.0942
Epoch 44: Train Loss = 0.1805, Test Loss = 0.0950
Epoch 45: Train Loss = 0.1768, Test Loss = 0.0898
Epoch 46: Train Loss = 0.1786, Test Loss = 0.1004
Epoch 47: Train Loss = 0.1811, Test Loss = 0.0996
Epoch 48: Train Loss = 0.1774, Test Loss = 0.0797
Epoch 49: Train Loss = 0.1761, Test Loss = 0.0857
Epoch 50: Train Loss = 0.1798, Test Loss = 0.0841
Epoch 51: Train Loss = 0.1722, Test Loss = 0.0805
Epoch 52: Train Loss = 0.1727, Test Loss = 0.0952
Epoch 53: Train Loss = 0.1701, Test Loss = 0.0958
Epoch 54: Train Loss = 0.1747, Test Loss = 0.0871
Epoch 55: Train Loss = 0.1817, Test Loss = 0.0904
Epoch 56: Train Loss = 0.1775, Test Loss = 0.0901
Epoch 57: Train Loss = 0.1699, Test Loss = 0.0805
Epoch 58: Train Loss = 0.1729, Test Loss = 0.0882
Epoch 59: Train Loss = 0.1761, Test Loss = 0.0935
Epoch 60: Train Loss = 0.1699, Test Loss = 0.0825
Epoch 61: Train Loss = 0.1745, Test Loss = 0.0941
Epoch 62: Train Loss = 0.1734, Test Loss = 0.0826
Epoch 63: Train Loss = 0.1697, Test Loss = 0.0803
Epoch 64: Train Loss = 0.1724, Test Loss = 0.0894
Epoch 65: Train Loss = 0.1761, Test Loss = 0.0849
Epoch 66: Train Loss = 0.1727, Test Loss = 0.0907
Epoch 67: Train Loss = 0.1752, Test Loss = 0.0790
Epoch 68: Train Loss = 0.1756, Test Loss = 0.0969
Epoch 69: Train Loss = 0.1763, Test Loss = 0.0823
Epoch 70: Train Loss = 0.1730, Test Loss = 0.0867
Epoch 71: Train Loss = 0.1691, Test Loss = 0.0848
Epoch 72: Train Loss = 0.1684, Test Loss = 0.0927
Epoch 73: Train Loss = 0.1676, Test Loss = 0.0856
Epoch 74: Train Loss = 0.1669, Test Loss = 0.0755
Epoch 75: Train Loss = 0.1750, Test Loss = 0.0946
Epoch 76: Train Loss = 0.1698, Test Loss = 0.0970
Epoch 77: Train Loss = 0.1670, Test Loss = 0.0867
Epoch 78: Train Loss = 0.1672, Test Loss = 0.0921
Epoch 79: Train Loss = 0.1649, Test Loss = 0.0901
Epoch 80: Train Loss = 0.1699, Test Loss = 0.0919
Epoch 81: Train Loss = 0.1738, Test Loss = 0.0919
Epoch 82: Train Loss = 0.1677, Test Loss = 0.0679
Epoch 83: Train Loss = 0.1649, Test Loss = 0.0882
Epoch 84: Train Loss = 0.1671, Test Loss = 0.0808
Epoch 85: Train Loss = 0.1696, Test Loss = 0.0781
Epoch 86: Train Loss = 0.1723, Test Loss = 0.0825
Epoch 87: Train Loss = 0.1752, Test Loss = 0.0945
Epoch 88: Train Loss = 0.1659, Test Loss = 0.0786
Epoch 89: Train Loss = 0.1661, Test Loss = 0.0841
Epoch 90: Train Loss = 0.1670, Test Loss = 0.0888
Epoch 91: Train Loss = 0.1672, Test Loss = 0.0882
Epoch 92: Train Loss = 0.1631, Test Loss = 0.0872
Epoch 93: Train Loss = 0.1672, Test Loss = 0.0799
Epoch 94: Train Loss = 0.1717, Test Loss = 0.0814
Epoch 95: Train Loss = 0.1652, Test Loss = 0.0781
Epoch 96: Train Loss = 0.1715, Test Loss = 0.0747
Epoch 97: Train Loss = 0.1675, Test Loss = 0.0841
Epoch 98: Train Loss = 0.1682, Test Loss = 0.0864
Epoch 99: Train Loss = 0.1692, Test Loss = 0.0767
Epoch 100: Train Loss = 0.1668, Test Loss = 0.0842
Epoch 101: Train Loss = 0.1698, Test Loss = 0.0852
Epoch 102: Train Loss = 0.1808, Test Loss = 0.0906
Epoch 103: Train Loss = 0.1674, Test Loss = 0.0786
Epoch 104: Train Loss = 0.1689, Test Loss = 0.0828
Epoch 105: Train Loss = 0.1735, Test Loss = 0.0871
Epoch 106: Train Loss = 0.1715, Test Loss = 0.0825
Epoch 107: Train Loss = 0.1650, Test Loss = 0.0736
Epoch 108: Train Loss = 0.1684, Test Loss = 0.0888
Epoch 109: Train Loss = 0.1678, Test Loss = 0.0901
Epoch 110: Train Loss = 0.1686, Test Loss = 0.0797
Epoch 111: Train Loss = 0.1677, Test Loss = 0.0828
Epoch 112: Train Loss = 0.1663, Test Loss = 0.0779
Epoch 113: Train Loss = 0.1650, Test Loss = 0.0845
Epoch 114: Train Loss = 0.1681, Test Loss = 0.0783
Epoch 115: Train Loss = 0.1641, Test Loss = 0.0822
Epoch 116: Train Loss = 0.1653, Test Loss = 0.0873
Epoch 117: Train Loss = 0.1633, Test Loss = 0.0830
Epoch 118: Train Loss = 0.1694, Test Loss = 0.0927
Epoch 119: Train Loss = 0.1679, Test Loss = 0.0774
Epoch 120: Train Loss = 0.1632, Test Loss = 0.0779
Epoch 121: Train Loss = 0.1673, Test Loss = 0.0841
Epoch 122: Train Loss = 0.1657, Test Loss = 0.0794
Epoch 123: Train Loss = 0.1656, Test Loss = 0.0922
Epoch 124: Train Loss = 0.1621, Test Loss = 0.0788
Epoch 125: Train Loss = 0.1647, Test Loss = 0.0828
Epoch 126: Train Loss = 0.1640, Test Loss = 0.0773
Epoch 127: Train Loss = 0.1646, Test Loss = 0.0788
Epoch 128: Train Loss = 0.1683, Test Loss = 0.0791
Epoch 129: Train Loss = 0.1664, Test Loss = 0.0771
Epoch 130: Train Loss = 0.1645, Test Loss = 0.0805
Epoch 131: Train Loss = 0.1724, Test Loss = 0.0767
Epoch 132: Train Loss = 0.1718, Test Loss = 0.0815
Epoch 133: Train Loss = 0.1621, Test Loss = 0.0839
Epoch 134: Train Loss = 0.1626, Test Loss = 0.0812
Epoch 135: Train Loss = 0.1621, Test Loss = 0.0715
Epoch 136: Train Loss = 0.1600, Test Loss = 0.0824
Epoch 137: Train Loss = 0.1671, Test Loss = 0.0859
Epoch 138: Train Loss = 0.1672, Test Loss = 0.0807
Epoch 139: Train Loss = 0.1670, Test Loss = 0.0780
Epoch 140: Train Loss = 0.1652, Test Loss = 0.0811
Epoch 141: Train Loss = 0.1675, Test Loss = 0.0766
Epoch 142: Train Loss = 0.1699, Test Loss = 0.0826
Epoch 143: Train Loss = 0.1679, Test Loss = 0.0695
Epoch 144: Train Loss = 0.1641, Test Loss = 0.0781
Epoch 145: Train Loss = 0.1607, Test Loss = 0.0763
Epoch 146: Train Loss = 0.1644, Test Loss = 0.0825
Epoch 147: Train Loss = 0.1627, Test Loss = 0.0767
Epoch 148: Train Loss = 0.1658, Test Loss = 0.0718
Epoch 149: Train Loss = 0.1668, Test Loss = 0.0754
Epoch 150: Train Loss = 0.1633, Test Loss = 0.0831
Epoch 151: Train Loss = 0.1622, Test Loss = 0.0810
Epoch 152: Train Loss = 0.1642, Test Loss = 0.0754
Epoch 153: Train Loss = 0.1664, Test Loss = 0.0809
Epoch 154: Train Loss = 0.1662, Test Loss = 0.0786
Epoch 155: Train Loss = 0.1618, Test Loss = 0.0789
Epoch 156: Train Loss = 0.1629, Test Loss = 0.0830
Epoch 157: Train Loss = 0.1650, Test Loss = 0.0745
Epoch 158: Train Loss = 0.1680, Test Loss = 0.0852
Epoch 159: Train Loss = 0.1674, Test Loss = 0.0884
Epoch 160: Train Loss = 0.1633, Test Loss = 0.0863
Epoch 161: Train Loss = 0.1648, Test Loss = 0.0851
Epoch 162: Train Loss = 0.1608, Test Loss = 0.0789
Epoch 163: Train Loss = 0.1677, Test Loss = 0.0804
Epoch 164: Train Loss = 0.1673, Test Loss = 0.0772
Epoch 165: Train Loss = 0.1627, Test Loss = 0.0797
Epoch 166: Train Loss = 0.1661, Test Loss = 0.0735
Epoch 167: Train Loss = 0.1654, Test Loss = 0.0759
Epoch 168: Train Loss = 0.1656, Test Loss = 0.0815
Epoch 169: Train Loss = 0.1660, Test Loss = 0.0691
Epoch 170: Train Loss = 0.1608, Test Loss = 0.0746
Epoch 171: Train Loss = 0.1641, Test Loss = 0.0785
Epoch 172: Train Loss = 0.1648, Test Loss = 0.0769
Epoch 173: Train Loss = 0.1668, Test Loss = 0.0783
Epoch 174: Train Loss = 0.1630, Test Loss = 0.0744
Epoch 175: Train Loss = 0.1632, Test Loss = 0.0819
Epoch 176: Train Loss = 0.1617, Test Loss = 0.0791
Epoch 177: Train Loss = 0.1654, Test Loss = 0.0736
Epoch 178: Train Loss = 0.1696, Test Loss = 0.0815
Epoch 179: Train Loss = 0.1644, Test Loss = 0.0672
Epoch 180: Train Loss = 0.1642, Test Loss = 0.0680
Epoch 181: Train Loss = 0.1684, Test Loss = 0.0648
Epoch 182: Train Loss = 0.1622, Test Loss = 0.0734
Epoch 183: Train Loss = 0.1679, Test Loss = 0.0790
Epoch 184: Train Loss = 0.1646, Test Loss = 0.0753
Epoch 185: Train Loss = 0.1593, Test Loss = 0.0790
Epoch 186: Train Loss = 0.1604, Test Loss = 0.0860
Epoch 187: Train Loss = 0.1629, Test Loss = 0.0775
Epoch 188: Train Loss = 0.1613, Test Loss = 0.0719
Epoch 189: Train Loss = 0.1591, Test Loss = 0.0820
Epoch 190: Train Loss = 0.1637, Test Loss = 0.0832
Epoch 191: Train Loss = 0.1642, Test Loss = 0.0876
Epoch 192: Train Loss = 0.1669, Test Loss = 0.0934
Epoch 193: Train Loss = 0.1759, Test Loss = 0.0876
Epoch 194: Train Loss = 0.1631, Test Loss = 0.0799
Epoch 195: Train Loss = 0.1623, Test Loss = 0.0826
Epoch 196: Train Loss = 0.1626, Test Loss = 0.0796
Epoch 197: Train Loss = 0.1588, Test Loss = 0.0759
Epoch 198: Train Loss = 0.1598, Test Loss = 0.0803
Epoch 199: Train Loss = 0.1620, Test Loss = 0.0803
Epoch 200: Train Loss = 0.1603, Test Loss = 0.0929
Epoch 201: Train Loss = 0.1625, Test Loss = 0.0831
Epoch 202: Train Loss = 0.1635, Test Loss = 0.0780
Epoch 203: Train Loss = 0.1638, Test Loss = 0.0766
Epoch 204: Train Loss = 0.1685, Test Loss = 0.0832
Epoch 205: Train Loss = 0.1679, Test Loss = 0.0744
Epoch 206: Train Loss = 0.1633, Test Loss = 0.0925
Epoch 207: Train Loss = 0.1662, Test Loss = 0.0753
Epoch 208: Train Loss = 0.1627, Test Loss = 0.0720
Epoch 209: Train Loss = 0.1646, Test Loss = 0.0728
Epoch 210: Train Loss = 0.1613, Test Loss = 0.0828
Epoch 211: Train Loss = 0.1613, Test Loss = 0.0748
Epoch 212: Train Loss = 0.1608, Test Loss = 0.0958
Epoch 213: Train Loss = 0.1619, Test Loss = 0.0895
Epoch 214: Train Loss = 0.1713, Test Loss = 0.0718
Epoch 215: Train Loss = 0.1635, Test Loss = 0.0752
Epoch 216: Train Loss = 0.1609, Test Loss = 0.0793
Epoch 217: Train Loss = 0.1644, Test Loss = 0.0841
Epoch 218: Train Loss = 0.1629, Test Loss = 0.0803
Epoch 219: Train Loss = 0.1612, Test Loss = 0.0734
Epoch 220: Train Loss = 0.1647, Test Loss = 0.0766
Epoch 221: Train Loss = 0.1669, Test Loss = 0.0808
Epoch 222: Train Loss = 0.1634, Test Loss = 0.0786
Epoch 223: Train Loss = 0.1591, Test Loss = 0.0788
Epoch 224: Train Loss = 0.1602, Test Loss = 0.0822
Epoch 225: Train Loss = 0.1638, Test Loss = 0.0792
Epoch 226: Train Loss = 0.1584, Test Loss = 0.0760
Epoch 227: Train Loss = 0.1608, Test Loss = 0.0698
Epoch 228: Train Loss = 0.1610, Test Loss = 0.0805
Epoch 229: Train Loss = 0.1601, Test Loss = 0.0821
Epoch 230: Train Loss = 0.1687, Test Loss = 0.0769
Epoch 231: Train Loss = 0.1630, Test Loss = 0.0921
Epoch 232: Train Loss = 0.1639, Test Loss = 0.0831
Epoch 233: Train Loss = 0.1606, Test Loss = 0.0689
Epoch 234: Train Loss = 0.1645, Test Loss = 0.0790
Epoch 235: Train Loss = 0.1628, Test Loss = 0.0690
Epoch 236: Train Loss = 0.1649, Test Loss = 0.0773
Epoch 237: Train Loss = 0.1598, Test Loss = 0.0938
Epoch 238: Train Loss = 0.1681, Test Loss = 0.0747
Epoch 239: Train Loss = 0.1648, Test Loss = 0.0773
Epoch 240: Train Loss = 0.1594, Test Loss = 0.0763
Epoch 241: Train Loss = 0.1603, Test Loss = 0.0768
Epoch 242: Train Loss = 0.1660, Test Loss = 0.0747
Epoch 243: Train Loss = 0.1593, Test Loss = 0.0740
Epoch 244: Train Loss = 0.1645, Test Loss = 0.0795
Epoch 245: Train Loss = 0.1692, Test Loss = 0.0920
Epoch 246: Train Loss = 0.1621, Test Loss = 0.0747
Epoch 247: Train Loss = 0.1655, Test Loss = 0.0763
Epoch 248: Train Loss = 0.1589, Test Loss = 0.0790
Epoch 249: Train Loss = 0.1600, Test Loss = 0.0727
Epoch 250: Train Loss = 0.1586, Test Loss = 0.0793
Epoch 251: Train Loss = 0.1634, Test Loss = 0.0818
Epoch 252: Train Loss = 0.1609, Test Loss = 0.0742
Epoch 253: Train Loss = 0.1649, Test Loss = 0.0807
Epoch 254: Train Loss = 0.1602, Test Loss = 0.0881
Epoch 255: Train Loss = 0.1638, Test Loss = 0.0862
Epoch 256: Train Loss = 0.1609, Test Loss = 0.0796
Epoch 257: Train Loss = 0.1618, Test Loss = 0.0757
Epoch 258: Train Loss = 0.1596, Test Loss = 0.0810
Epoch 259: Train Loss = 0.1587, Test Loss = 0.0806
Epoch 260: Train Loss = 0.1675, Test Loss = 0.0912
Epoch 261: Train Loss = 0.1648, Test Loss = 0.0810
Epoch 262: Train Loss = 0.1765, Test Loss = 0.0784
Epoch 263: Train Loss = 0.1617, Test Loss = 0.0737
Epoch 264: Train Loss = 0.1569, Test Loss = 0.0720
Epoch 265: Train Loss = 0.1781, Test Loss = 0.0811
Epoch 266: Train Loss = 0.1718, Test Loss = 0.0717
Epoch 267: Train Loss = 0.1690, Test Loss = 0.0797
Epoch 268: Train Loss = 0.1637, Test Loss = 0.0731
Epoch 269: Train Loss = 0.1675, Test Loss = 0.0766
Epoch 270: Train Loss = 0.1634, Test Loss = 0.0765
Epoch 271: Train Loss = 0.1672, Test Loss = 0.0765
Epoch 272: Train Loss = 0.1598, Test Loss = 0.0697
Epoch 273: Train Loss = 0.1657, Test Loss = 0.0789
Epoch 274: Train Loss = 0.1681, Test Loss = 0.0786
Epoch 275: Train Loss = 0.1721, Test Loss = 0.0825
Epoch 276: Train Loss = 0.1680, Test Loss = 0.0771
Epoch 277: Train Loss = 0.1657, Test Loss = 0.0789
Epoch 278: Train Loss = 0.1637, Test Loss = 0.0846
Epoch 279: Train Loss = 0.1726, Test Loss = 0.0728
Epoch 280: Train Loss = 0.1656, Test Loss = 0.0865
Epoch 281: Train Loss = 0.1652, Test Loss = 0.0720
Epoch 282: Train Loss = 0.1577, Test Loss = 0.0734
Epoch 283: Train Loss = 0.1618, Test Loss = 0.0728
Epoch 284: Train Loss = 0.1643, Test Loss = 0.0854
Epoch 285: Train Loss = 0.1603, Test Loss = 0.0752
Epoch 286: Train Loss = 0.1569, Test Loss = 0.0671
Epoch 287: Train Loss = 0.1810, Test Loss = 0.0850
Epoch 288: Train Loss = 0.1752, Test Loss = 0.0809
Epoch 289: Train Loss = 0.1635, Test Loss = 0.0713
Epoch 290: Train Loss = 0.1562, Test Loss = 0.0718
Epoch 291: Train Loss = 0.1613, Test Loss = 0.0718
Epoch 292: Train Loss = 0.1559, Test Loss = 0.0745
Epoch 293: Train Loss = 0.1538, Test Loss = 0.0713
Epoch 294: Train Loss = 0.1577, Test Loss = 0.0841
Epoch 295: Train Loss = 0.1572, Test Loss = 0.0726
Epoch 296: Train Loss = 0.1576, Test Loss = 0.0834
Epoch 297: Train Loss = 0.1616, Test Loss = 0.0845
Epoch 298: Train Loss = 0.1536, Test Loss = 0.0772
Epoch 299: Train Loss = 0.1643, Test Loss = 0.0717
Epoch 300: Train Loss = 0.1627, Test Loss = 0.0725
Trial completed in 2875.73s with error: 0.0725
Trial completed!
