Running on host hal0065.amarel.rutgers.edu
Time is Thu Apr 24 15:33:39 EDT 2025
Directory is /home/elp95/tfa-predictor
SLURM job ID is 43169323
Starting trial...
Running trial with config: {'input_size': 3883, 'output_size': 214, 'hidden_sizes': [4096, 2048, 1024, 512], 'lr': 0.0020561399443873095, 'weight_decay': 0.00012949091638211226, 'batch_size': 64, 'max_epochs': 200, 'dropout_rate': 0.49023136254618893, 'activation': 'leaky_relu', 'optimizer': 'adamw', 'learning_rate_schedule': 'step', 'batch_norm': 'false'}
Using data directory: /cache/home/elp95/tfa-predictor/data
xprs_path: /cache/home/elp95/tfa-predictor/data/gene-xprs/processed/xprs-data.csv
tfa_path: /cache/home/elp95/tfa-predictor/data/tfa/processed/tfa-labels.csv
Epoch 1: Train Loss = 0.4147, Test Loss = 0.1026
Epoch 2: Train Loss = 0.2359, Test Loss = 0.1103
Epoch 3: Train Loss = 0.1838, Test Loss = 0.0993
Epoch 4: Train Loss = 0.1664, Test Loss = 0.0720
Epoch 5: Train Loss = 0.1408, Test Loss = 0.0777
Epoch 6: Train Loss = 0.1346, Test Loss = 0.0779
Epoch 7: Train Loss = 0.1147, Test Loss = 0.0796
Epoch 8: Train Loss = 0.1208, Test Loss = 0.0814
Epoch 9: Train Loss = 0.1254, Test Loss = 0.0646
Epoch 10: Train Loss = 0.1201, Test Loss = 0.0864
Epoch 11: Train Loss = 0.1311, Test Loss = 0.0830
Epoch 12: Train Loss = 0.1159, Test Loss = 0.0916
Epoch 13: Train Loss = 0.1052, Test Loss = 0.0693
Epoch 14: Train Loss = 0.1026, Test Loss = 0.0690
Epoch 15: Train Loss = 0.1195, Test Loss = 0.0749
Epoch 16: Train Loss = 0.1217, Test Loss = 0.0752
Epoch 17: Train Loss = 0.1291, Test Loss = 0.0959
Epoch 18: Train Loss = 0.1147, Test Loss = 0.0892
Epoch 19: Train Loss = 0.1128, Test Loss = 0.0759
Epoch 20: Train Loss = 0.1156, Test Loss = 0.0950
Epoch 21: Train Loss = 0.1229, Test Loss = 0.0709
Epoch 22: Train Loss = 0.1184, Test Loss = 0.0830
Epoch 23: Train Loss = 0.1165, Test Loss = 0.0750
Epoch 24: Train Loss = 0.1166, Test Loss = 0.0799
Epoch 25: Train Loss = 0.1209, Test Loss = 0.0833
Epoch 26: Train Loss = 0.1038, Test Loss = 0.0855
Epoch 27: Train Loss = 0.1004, Test Loss = 0.0731
Epoch 28: Train Loss = 0.1065, Test Loss = 0.0805
Epoch 29: Train Loss = 0.1195, Test Loss = 0.0878
Epoch 30: Train Loss = 0.1136, Test Loss = 0.0779
Epoch 31: Train Loss = 0.1154, Test Loss = 0.0783
Epoch 32: Train Loss = 0.1106, Test Loss = 0.0894
Epoch 33: Train Loss = 0.1080, Test Loss = 0.0876
Epoch 34: Train Loss = 0.1070, Test Loss = 0.0822
Epoch 35: Train Loss = 0.1067, Test Loss = 0.0820
Epoch 36: Train Loss = 0.1364, Test Loss = 0.0764
Epoch 37: Train Loss = 0.1150, Test Loss = 0.0998
Epoch 38: Train Loss = 0.1074, Test Loss = 0.0628
Epoch 39: Train Loss = 0.1067, Test Loss = 0.0877
Epoch 40: Train Loss = 0.1130, Test Loss = 0.0748
Epoch 41: Train Loss = 0.1263, Test Loss = 0.0923
Epoch 42: Train Loss = 0.1140, Test Loss = 0.0697
Epoch 43: Train Loss = 0.1017, Test Loss = 0.0785
Epoch 44: Train Loss = 0.0994, Test Loss = 0.0710
Epoch 45: Train Loss = 0.1215, Test Loss = 0.0881
Epoch 46: Train Loss = 0.1317, Test Loss = 0.0594
Epoch 47: Train Loss = 0.1120, Test Loss = 0.0729
Epoch 48: Train Loss = 0.1084, Test Loss = 0.0817
Epoch 49: Train Loss = 0.1131, Test Loss = 0.1278
Epoch 50: Train Loss = 0.1159, Test Loss = 0.0874
Epoch 51: Train Loss = 0.1108, Test Loss = 0.0711
Epoch 52: Train Loss = 0.1069, Test Loss = 0.0679
Epoch 53: Train Loss = 0.0954, Test Loss = 0.0585
Epoch 54: Train Loss = 0.1050, Test Loss = 0.0715
Epoch 55: Train Loss = 0.0976, Test Loss = 0.0554
Epoch 56: Train Loss = 0.1122, Test Loss = 0.0736
Epoch 57: Train Loss = 0.1391, Test Loss = 0.0690
Epoch 58: Train Loss = 0.1069, Test Loss = 0.0645
Epoch 59: Train Loss = 0.1179, Test Loss = 0.0705
Epoch 60: Train Loss = 0.1096, Test Loss = 0.0712
Epoch 61: Train Loss = 0.1137, Test Loss = 0.0677
Epoch 62: Train Loss = 0.1037, Test Loss = 0.0669
Epoch 63: Train Loss = 0.0995, Test Loss = 0.0660
Epoch 64: Train Loss = 0.1375, Test Loss = 0.0576
Epoch 65: Train Loss = 0.1164, Test Loss = 0.0746
Epoch 66: Train Loss = 0.1053, Test Loss = 0.0514
Epoch 67: Train Loss = 0.1148, Test Loss = 0.1009
Epoch 68: Train Loss = 0.1100, Test Loss = 0.0492
Epoch 69: Train Loss = 0.1013, Test Loss = 0.0648
Epoch 70: Train Loss = 0.1054, Test Loss = 0.0611
Epoch 71: Train Loss = 0.1033, Test Loss = 0.0680
Epoch 72: Train Loss = 0.1091, Test Loss = 0.0494
Epoch 73: Train Loss = 0.0961, Test Loss = 0.0664
Epoch 74: Train Loss = 0.0968, Test Loss = 0.0539
Epoch 75: Train Loss = 0.1022, Test Loss = 0.0566
Epoch 76: Train Loss = 0.1139, Test Loss = 0.0840
Epoch 77: Train Loss = 0.1073, Test Loss = 0.0553
Epoch 78: Train Loss = 0.1029, Test Loss = 0.0712
Epoch 79: Train Loss = 0.1272, Test Loss = 0.0808
Epoch 80: Train Loss = 0.1113, Test Loss = 0.0539
Epoch 81: Train Loss = 0.1015, Test Loss = 0.0573
Epoch 82: Train Loss = 0.1002, Test Loss = 0.0635
Epoch 83: Train Loss = 0.1051, Test Loss = 0.0549
Epoch 84: Train Loss = 0.1169, Test Loss = 0.0547
Epoch 85: Train Loss = 0.1011, Test Loss = 0.0483
Epoch 86: Train Loss = 0.1052, Test Loss = 0.0535
Epoch 87: Train Loss = 0.1005, Test Loss = 0.0675
Epoch 88: Train Loss = 0.0988, Test Loss = 0.0503
Epoch 89: Train Loss = 0.1018, Test Loss = 0.0587
Epoch 90: Train Loss = 0.1039, Test Loss = 0.0726
Epoch 91: Train Loss = 0.1033, Test Loss = 0.0595
Epoch 92: Train Loss = 0.0998, Test Loss = 0.0527
Epoch 93: Train Loss = 0.1088, Test Loss = 0.3454
Epoch 94: Train Loss = 0.1209, Test Loss = 0.0788
Epoch 95: Train Loss = 0.1081, Test Loss = 0.0564
Epoch 96: Train Loss = 0.1060, Test Loss = 0.0583
Epoch 97: Train Loss = 0.1091, Test Loss = 0.0754
Epoch 98: Train Loss = 0.1061, Test Loss = 0.0588
Epoch 99: Train Loss = 0.0978, Test Loss = 0.0488
Epoch 100: Train Loss = 0.0975, Test Loss = 0.0431
Epoch 101: Train Loss = 0.0970, Test Loss = 0.0471
Epoch 102: Train Loss = 0.1195, Test Loss = 0.0740
Epoch 103: Train Loss = 0.1432, Test Loss = 0.0605
Epoch 104: Train Loss = 0.1195, Test Loss = 0.0597
Epoch 105: Train Loss = 0.1133, Test Loss = 0.0900
Epoch 106: Train Loss = 0.1395, Test Loss = 0.0797
Epoch 107: Train Loss = 0.1093, Test Loss = 0.0595
Epoch 108: Train Loss = 0.1084, Test Loss = 0.0524
Epoch 109: Train Loss = 0.1304, Test Loss = 0.0629
Epoch 110: Train Loss = 0.1069, Test Loss = 0.0567
Epoch 111: Train Loss = 0.1023, Test Loss = 0.0621
Epoch 112: Train Loss = 0.1066, Test Loss = 0.0861
Epoch 113: Train Loss = 0.1163, Test Loss = 0.0947
Epoch 114: Train Loss = 0.1218, Test Loss = 0.0639
Epoch 115: Train Loss = 0.1209, Test Loss = 0.0752
Epoch 116: Train Loss = 0.1065, Test Loss = 0.0664
Epoch 117: Train Loss = 0.1080, Test Loss = 0.0517
Epoch 118: Train Loss = 0.1010, Test Loss = 0.0562
Epoch 119: Train Loss = 0.0994, Test Loss = 0.0580
Epoch 120: Train Loss = 0.1001, Test Loss = 0.1128
Epoch 121: Train Loss = 0.1107, Test Loss = 0.0580
Epoch 122: Train Loss = 0.1023, Test Loss = 0.0517
Epoch 123: Train Loss = 0.1093, Test Loss = 0.0703
Epoch 124: Train Loss = 0.1135, Test Loss = 4.9274
Epoch 125: Train Loss = 0.1207, Test Loss = 0.0535
Epoch 126: Train Loss = 0.1110, Test Loss = 0.0567
Epoch 127: Train Loss = 0.1060, Test Loss = 0.0492
Epoch 128: Train Loss = 0.1012, Test Loss = 0.0623
Epoch 129: Train Loss = 0.1001, Test Loss = 0.0634
Epoch 130: Train Loss = 0.1128, Test Loss = 0.0596
Epoch 131: Train Loss = 0.1006, Test Loss = 0.0532
Epoch 132: Train Loss = 0.1001, Test Loss = 0.0602
Epoch 133: Train Loss = 0.1046, Test Loss = 0.0650
Epoch 134: Train Loss = 0.1078, Test Loss = 0.0506
Epoch 135: Train Loss = 0.1016, Test Loss = 0.0435
Epoch 136: Train Loss = 0.1089, Test Loss = 0.0508
Epoch 137: Train Loss = 0.1091, Test Loss = 0.0555
Epoch 138: Train Loss = 0.1023, Test Loss = 0.0587
Epoch 139: Train Loss = 0.0968, Test Loss = 0.0615
Epoch 140: Train Loss = 0.1043, Test Loss = 0.0527
Epoch 141: Train Loss = 0.1380, Test Loss = 0.0637
Epoch 142: Train Loss = 0.1173, Test Loss = 0.0538
Epoch 143: Train Loss = 0.1103, Test Loss = 0.0538
Epoch 144: Train Loss = 0.1053, Test Loss = 0.0552
Epoch 145: Train Loss = 0.1136, Test Loss = 0.0567
Epoch 146: Train Loss = 0.1020, Test Loss = 0.0548
Epoch 147: Train Loss = 0.0970, Test Loss = 0.2264
Epoch 148: Train Loss = 0.1043, Test Loss = 0.0594
Epoch 149: Train Loss = 0.0982, Test Loss = 0.0485
Epoch 150: Train Loss = 0.1124, Test Loss = 0.0661
Epoch 151: Train Loss = 0.1048, Test Loss = 0.0652
Epoch 152: Train Loss = 0.1270, Test Loss = 0.0821
Epoch 153: Train Loss = 0.1037, Test Loss = 0.0523
Epoch 154: Train Loss = 0.0991, Test Loss = 0.0541
Epoch 155: Train Loss = 0.1040, Test Loss = 0.0596
Epoch 156: Train Loss = 0.1110, Test Loss = 0.0731
Epoch 157: Train Loss = 0.1219, Test Loss = 0.0672
Epoch 158: Train Loss = 0.1271, Test Loss = 0.0604
Epoch 159: Train Loss = 0.1187, Test Loss = 0.0485
Epoch 160: Train Loss = 0.1049, Test Loss = 0.0525
Epoch 161: Train Loss = 0.1137, Test Loss = 0.0600
Epoch 162: Train Loss = 0.1043, Test Loss = 0.0570
Epoch 163: Train Loss = 0.1006, Test Loss = 0.0482
Epoch 164: Train Loss = 0.1011, Test Loss = 0.0509
Epoch 165: Train Loss = 0.1057, Test Loss = 0.0663
Epoch 166: Train Loss = 0.1008, Test Loss = 0.0475
Epoch 167: Train Loss = 0.1040, Test Loss = 0.0722
Epoch 168: Train Loss = 0.1272, Test Loss = 0.0943
Epoch 169: Train Loss = 0.1416, Test Loss = 0.0724
Epoch 170: Train Loss = 0.1480, Test Loss = 0.1075
Epoch 171: Train Loss = 0.1340, Test Loss = 0.0702
Epoch 172: Train Loss = 0.1205, Test Loss = 0.0609
Epoch 173: Train Loss = 0.1158, Test Loss = 0.0581
Epoch 174: Train Loss = 0.1231, Test Loss = 0.0640
Epoch 175: Train Loss = 0.1122, Test Loss = 0.0497
Epoch 176: Train Loss = 0.1036, Test Loss = 0.0586
Epoch 177: Train Loss = 0.1190, Test Loss = 0.0670
Epoch 178: Train Loss = 0.1185, Test Loss = 0.0599
Epoch 179: Train Loss = 0.1026, Test Loss = 0.0592
Epoch 180: Train Loss = 0.0942, Test Loss = 0.0515
Epoch 181: Train Loss = 0.0990, Test Loss = 0.0495
Epoch 182: Train Loss = 0.1015, Test Loss = 0.0565
Epoch 183: Train Loss = 0.1081, Test Loss = 0.0675
Epoch 184: Train Loss = 0.1085, Test Loss = 0.0451
Epoch 185: Train Loss = 0.1213, Test Loss = 0.0600
Epoch 186: Train Loss = 0.1087, Test Loss = 0.0534
Epoch 187: Train Loss = 0.1121, Test Loss = 0.0587
Epoch 188: Train Loss = 0.1028, Test Loss = 0.0599
Epoch 189: Train Loss = 0.1096, Test Loss = 0.0518
Epoch 190: Train Loss = 0.1026, Test Loss = 0.0446
Epoch 191: Train Loss = 0.0941, Test Loss = 0.0571
Epoch 192: Train Loss = 0.0926, Test Loss = 0.0472
Epoch 193: Train Loss = 0.0943, Test Loss = 0.0538
Epoch 194: Train Loss = 0.1005, Test Loss = 0.0828
Epoch 195: Train Loss = 0.1022, Test Loss = 0.0441
Epoch 196: Train Loss = 0.0995, Test Loss = 0.0500
Epoch 197: Train Loss = 0.0968, Test Loss = 0.0414
Epoch 198: Train Loss = 0.1170, Test Loss = 0.0622
Epoch 199: Train Loss = 0.1114, Test Loss = 0.0525
Epoch 200: Train Loss = 0.1031, Test Loss = 0.0471
Trial completed in 1165.22s with error: 0.0471
Trial completed!
