Running on host hal0288.amarel.rutgers.edu
Time is Thu Apr 24 11:43:01 EDT 2025
Directory is /home/elp95/tfa-predictor
SLURM job ID is 43165695
Starting trial...
Running trial with config: {'input_size': 3883, 'output_size': 214, 'hidden_sizes': [1024, 512, 256], 'lr': 0.00013492834268013249, 'weight_decay': 0.000790261954970823, 'batch_size': 64, 'max_epochs': 100}
Using data directory: /cache/home/elp95/tfa-predictor/data
xprs_path: /cache/home/elp95/tfa-predictor/data/gene-xprs/processed/xprs-data.csv
tfa_path: /cache/home/elp95/tfa-predictor/data/tfa/processed/tfa-labels.csv
Epoch 1: Train Loss = 0.7083, Test Loss = 0.2040
Epoch 2: Train Loss = 0.4310, Test Loss = 0.1254
Epoch 3: Train Loss = 0.3604, Test Loss = 0.0954
Epoch 4: Train Loss = 0.3244, Test Loss = 0.0787
Epoch 5: Train Loss = 0.2987, Test Loss = 0.0699
Epoch 6: Train Loss = 0.2817, Test Loss = 0.0644
Epoch 7: Train Loss = 0.2640, Test Loss = 0.0556
Epoch 8: Train Loss = 0.2477, Test Loss = 0.0539
Epoch 9: Train Loss = 0.2361, Test Loss = 0.0537
Epoch 10: Train Loss = 0.2232, Test Loss = 0.0466
Epoch 11: Train Loss = 0.2158, Test Loss = 0.0483
Epoch 12: Train Loss = 0.2080, Test Loss = 0.0483
Epoch 13: Train Loss = 0.1976, Test Loss = 0.0434
Epoch 14: Train Loss = 0.1933, Test Loss = 0.0412
Epoch 15: Train Loss = 0.1871, Test Loss = 0.0380
Epoch 16: Train Loss = 0.1772, Test Loss = 0.0380
Epoch 17: Train Loss = 0.1726, Test Loss = 0.0370
Epoch 18: Train Loss = 0.1673, Test Loss = 0.0357
Epoch 19: Train Loss = 0.1620, Test Loss = 0.0400
Epoch 20: Train Loss = 0.1597, Test Loss = 0.0376
Epoch 21: Train Loss = 0.1542, Test Loss = 0.0403
Epoch 22: Train Loss = 0.1497, Test Loss = 0.0361
Epoch 23: Train Loss = 0.1452, Test Loss = 0.0327
Epoch 24: Train Loss = 0.1440, Test Loss = 0.0323
Epoch 25: Train Loss = 0.1423, Test Loss = 0.0358
Epoch 26: Train Loss = 0.1385, Test Loss = 0.0336
Epoch 27: Train Loss = 0.1357, Test Loss = 0.0339
Epoch 28: Train Loss = 0.1316, Test Loss = 0.0331
Epoch 29: Train Loss = 0.1344, Test Loss = 0.0324
Epoch 30: Train Loss = 0.1301, Test Loss = 0.0330
Epoch 31: Train Loss = 0.1278, Test Loss = 0.0315
Epoch 32: Train Loss = 0.1248, Test Loss = 0.0319
Epoch 33: Train Loss = 0.1236, Test Loss = 0.0320
Epoch 34: Train Loss = 0.1251, Test Loss = 0.0292
Epoch 35: Train Loss = 0.1227, Test Loss = 0.0345
Epoch 36: Train Loss = 0.1223, Test Loss = 0.0327
Epoch 37: Train Loss = 0.1164, Test Loss = 0.0304
Epoch 38: Train Loss = 0.1151, Test Loss = 0.0296
Epoch 39: Train Loss = 0.1140, Test Loss = 0.0316
Epoch 40: Train Loss = 0.1122, Test Loss = 0.0315
Epoch 41: Train Loss = 0.1125, Test Loss = 0.0290
Epoch 42: Train Loss = 0.1158, Test Loss = 0.0290
Epoch 43: Train Loss = 0.1144, Test Loss = 0.0324
Epoch 44: Train Loss = 0.1118, Test Loss = 0.0332
Epoch 45: Train Loss = 0.1130, Test Loss = 0.0354
Epoch 46: Train Loss = 0.1088, Test Loss = 0.0358
Epoch 47: Train Loss = 0.1081, Test Loss = 0.0289
Epoch 48: Train Loss = 0.1092, Test Loss = 0.0298
Epoch 49: Train Loss = 0.1120, Test Loss = 0.0316
Epoch 50: Train Loss = 0.1088, Test Loss = 0.0307
Epoch 51: Train Loss = 0.1059, Test Loss = 0.0308
Epoch 52: Train Loss = 0.1056, Test Loss = 0.0255
Epoch 53: Train Loss = 0.1058, Test Loss = 0.0275
Epoch 54: Train Loss = 0.1048, Test Loss = 0.0293
Epoch 55: Train Loss = 0.1042, Test Loss = 0.0284
Epoch 56: Train Loss = 0.1046, Test Loss = 0.0304
Epoch 57: Train Loss = 0.1070, Test Loss = 0.0312
Epoch 58: Train Loss = 0.1042, Test Loss = 0.0325
Epoch 59: Train Loss = 0.1011, Test Loss = 0.0308
Epoch 60: Train Loss = 0.1006, Test Loss = 0.0272
Epoch 61: Train Loss = 0.1010, Test Loss = 0.0301
Epoch 62: Train Loss = 0.1003, Test Loss = 0.0272
Epoch 63: Train Loss = 0.1027, Test Loss = 0.0265
Epoch 64: Train Loss = 0.1000, Test Loss = 0.0306
Epoch 65: Train Loss = 0.0986, Test Loss = 0.0329
Epoch 66: Train Loss = 0.0992, Test Loss = 0.0282
Epoch 67: Train Loss = 0.1012, Test Loss = 0.0296
Epoch 68: Train Loss = 0.0992, Test Loss = 0.0283
Epoch 69: Train Loss = 0.1007, Test Loss = 0.0351
Epoch 70: Train Loss = 0.1000, Test Loss = 0.0304
Epoch 71: Train Loss = 0.1008, Test Loss = 0.0319
Epoch 72: Train Loss = 0.1028, Test Loss = 0.0289
Epoch 73: Train Loss = 0.1010, Test Loss = 0.0297
Epoch 74: Train Loss = 0.1032, Test Loss = 0.0277
Epoch 75: Train Loss = 0.1021, Test Loss = 0.0297
Epoch 76: Train Loss = 0.0974, Test Loss = 0.0303
Epoch 77: Train Loss = 0.0995, Test Loss = 0.0293
Epoch 78: Train Loss = 0.0991, Test Loss = 0.0334
Epoch 79: Train Loss = 0.1019, Test Loss = 0.0309
Epoch 80: Train Loss = 0.0990, Test Loss = 0.0317
Epoch 81: Train Loss = 0.1000, Test Loss = 0.0349
Epoch 82: Train Loss = 0.1017, Test Loss = 0.0329
Epoch 83: Train Loss = 0.0976, Test Loss = 0.0311
Epoch 84: Train Loss = 0.0971, Test Loss = 0.0283
Epoch 85: Train Loss = 0.0969, Test Loss = 0.0311
Epoch 86: Train Loss = 0.0971, Test Loss = 0.0343
Epoch 87: Train Loss = 0.0982, Test Loss = 0.0297
Epoch 88: Train Loss = 0.0987, Test Loss = 0.0295
Epoch 89: Train Loss = 0.0947, Test Loss = 0.0309
Epoch 90: Train Loss = 0.0961, Test Loss = 0.0309
Epoch 91: Train Loss = 0.0934, Test Loss = 0.0311
Epoch 92: Train Loss = 0.0989, Test Loss = 0.0313
Epoch 93: Train Loss = 0.0972, Test Loss = 0.0306
Epoch 94: Train Loss = 0.1005, Test Loss = 0.0288
Epoch 95: Train Loss = 0.0976, Test Loss = 0.0308
Epoch 96: Train Loss = 0.0931, Test Loss = 0.0324
Epoch 97: Train Loss = 0.0949, Test Loss = 0.0306
Epoch 98: Train Loss = 0.0951, Test Loss = 0.0328
Epoch 99: Train Loss = 0.0971, Test Loss = 0.0297
Epoch 100: Train Loss = 0.0964, Test Loss = 0.0311
Trial completed in 121.42s with error: 0.0311
Trial completed!
