Running on host hal0047.amarel.rutgers.edu
Time is Thu Apr 24 14:44:50 EDT 2025
Directory is /home/elp95/tfa-predictor
SLURM job ID is 43168384
Starting trial...
Running trial with config: {'input_size': 3883, 'output_size': 214, 'hidden_sizes': [1024, 256], 'lr': 0.0003236390549140311, 'weight_decay': 3.632486956676606e-05, 'batch_size': 32, 'max_epochs': 200, 'dropout_rate': 0.09242722776276352, 'activation': 'elu', 'optimizer': 'adamw', 'learning_rate_schedule': 'step', 'batch_norm': 'false'}
Using data directory: /cache/home/elp95/tfa-predictor/data
xprs_path: /cache/home/elp95/tfa-predictor/data/gene-xprs/processed/xprs-data.csv
tfa_path: /cache/home/elp95/tfa-predictor/data/tfa/processed/tfa-labels.csv
Epoch 1: Train Loss = 0.4785, Test Loss = 0.0833
Epoch 2: Train Loss = 0.2694, Test Loss = 0.0556
Epoch 3: Train Loss = 0.2254, Test Loss = 0.0465
Epoch 4: Train Loss = 0.1962, Test Loss = 0.0387
Epoch 5: Train Loss = 0.1741, Test Loss = 0.0342
Epoch 6: Train Loss = 0.1578, Test Loss = 0.0319
Epoch 7: Train Loss = 0.1458, Test Loss = 0.0331
Epoch 8: Train Loss = 0.1321, Test Loss = 0.0336
Epoch 9: Train Loss = 0.1230, Test Loss = 0.0317
Epoch 10: Train Loss = 0.1165, Test Loss = 0.0316
Epoch 11: Train Loss = 0.1097, Test Loss = 0.0283
Epoch 12: Train Loss = 0.1042, Test Loss = 0.0253
Epoch 13: Train Loss = 0.0992, Test Loss = 0.0294
Epoch 14: Train Loss = 0.0981, Test Loss = 0.0287
Epoch 15: Train Loss = 0.0965, Test Loss = 0.0246
Epoch 16: Train Loss = 0.0893, Test Loss = 0.0263
Epoch 17: Train Loss = 0.0898, Test Loss = 0.0267
Epoch 18: Train Loss = 0.0871, Test Loss = 0.0237
Epoch 19: Train Loss = 0.0842, Test Loss = 0.0254
Epoch 20: Train Loss = 0.0824, Test Loss = 0.0330
Epoch 21: Train Loss = 0.0825, Test Loss = 0.0258
Epoch 22: Train Loss = 0.0813, Test Loss = 0.0276
Epoch 23: Train Loss = 0.0787, Test Loss = 0.0314
Epoch 24: Train Loss = 0.0787, Test Loss = 0.0271
Epoch 25: Train Loss = 0.0809, Test Loss = 0.0281
Epoch 26: Train Loss = 0.0781, Test Loss = 0.0264
Epoch 27: Train Loss = 0.0779, Test Loss = 0.0242
Epoch 28: Train Loss = 0.0786, Test Loss = 0.0272
Epoch 29: Train Loss = 0.0750, Test Loss = 0.0294
Epoch 30: Train Loss = 0.0774, Test Loss = 0.0262
Epoch 31: Train Loss = 0.0770, Test Loss = 0.0238
Epoch 32: Train Loss = 0.0754, Test Loss = 0.0296
Epoch 33: Train Loss = 0.0762, Test Loss = 0.0281
Epoch 34: Train Loss = 0.0764, Test Loss = 0.0278
Epoch 35: Train Loss = 0.0776, Test Loss = 0.0263
Epoch 36: Train Loss = 0.0749, Test Loss = 0.0259
Epoch 37: Train Loss = 0.0756, Test Loss = 0.0289
Epoch 38: Train Loss = 0.0756, Test Loss = 0.0261
Epoch 39: Train Loss = 0.0764, Test Loss = 0.0238
Epoch 40: Train Loss = 0.0771, Test Loss = 0.0271
Epoch 41: Train Loss = 0.0758, Test Loss = 0.0257
Epoch 42: Train Loss = 0.0779, Test Loss = 0.0301
Epoch 43: Train Loss = 0.0762, Test Loss = 0.0257
Epoch 44: Train Loss = 0.0742, Test Loss = 0.0221
Epoch 45: Train Loss = 0.0747, Test Loss = 0.0235
Epoch 46: Train Loss = 0.0747, Test Loss = 0.0258
Epoch 47: Train Loss = 0.0746, Test Loss = 0.0299
Epoch 48: Train Loss = 0.0731, Test Loss = 0.0249
Epoch 49: Train Loss = 0.0752, Test Loss = 0.0283
Epoch 50: Train Loss = 0.0745, Test Loss = 0.0314
Epoch 51: Train Loss = 0.0736, Test Loss = 0.0269
Epoch 52: Train Loss = 0.0767, Test Loss = 0.0267
Epoch 53: Train Loss = 0.0729, Test Loss = 0.0301
Epoch 54: Train Loss = 0.0729, Test Loss = 0.0259
Epoch 55: Train Loss = 0.0748, Test Loss = 0.0331
Epoch 56: Train Loss = 0.0770, Test Loss = 0.0264
Epoch 57: Train Loss = 0.0764, Test Loss = 0.0297
Epoch 58: Train Loss = 0.0760, Test Loss = 0.0288
Epoch 59: Train Loss = 0.0757, Test Loss = 0.0270
Epoch 60: Train Loss = 0.0745, Test Loss = 0.0262
Epoch 61: Train Loss = 0.0754, Test Loss = 0.0291
Epoch 62: Train Loss = 0.0748, Test Loss = 0.0231
Epoch 63: Train Loss = 0.0744, Test Loss = 0.0263
Epoch 64: Train Loss = 0.0738, Test Loss = 0.0293
Epoch 65: Train Loss = 0.0731, Test Loss = 0.0263
Epoch 66: Train Loss = 0.0732, Test Loss = 0.0265
Epoch 67: Train Loss = 0.0734, Test Loss = 0.0292
Epoch 68: Train Loss = 0.0742, Test Loss = 0.0265
Epoch 69: Train Loss = 0.0745, Test Loss = 0.0254
Epoch 70: Train Loss = 0.0745, Test Loss = 0.0252
Epoch 71: Train Loss = 0.0741, Test Loss = 0.0255
Epoch 72: Train Loss = 0.0742, Test Loss = 0.0256
Epoch 73: Train Loss = 0.0739, Test Loss = 0.0252
Epoch 74: Train Loss = 0.0758, Test Loss = 0.0249
Epoch 75: Train Loss = 0.0743, Test Loss = 0.0233
Epoch 76: Train Loss = 0.0735, Test Loss = 0.0280
Epoch 77: Train Loss = 0.0730, Test Loss = 0.0279
Epoch 78: Train Loss = 0.0746, Test Loss = 0.0267
Epoch 79: Train Loss = 0.0752, Test Loss = 0.0247
Epoch 80: Train Loss = 0.0751, Test Loss = 0.0276
Epoch 81: Train Loss = 0.0758, Test Loss = 0.0270
Epoch 82: Train Loss = 0.0733, Test Loss = 0.0282
Epoch 83: Train Loss = 0.0728, Test Loss = 0.0253
Epoch 84: Train Loss = 0.0754, Test Loss = 0.0245
Epoch 85: Train Loss = 0.0723, Test Loss = 0.0238
Epoch 86: Train Loss = 0.0750, Test Loss = 0.0291
Epoch 87: Train Loss = 0.0717, Test Loss = 0.0247
Epoch 88: Train Loss = 0.0741, Test Loss = 0.0228
Epoch 89: Train Loss = 0.0734, Test Loss = 0.0257
Epoch 90: Train Loss = 0.0727, Test Loss = 0.0285
Epoch 91: Train Loss = 0.0728, Test Loss = 0.0245
Epoch 92: Train Loss = 0.0740, Test Loss = 0.0268
Epoch 93: Train Loss = 0.0731, Test Loss = 0.0246
Epoch 94: Train Loss = 0.0721, Test Loss = 0.0260
Epoch 95: Train Loss = 0.0739, Test Loss = 0.0280
Epoch 96: Train Loss = 0.0736, Test Loss = 0.0258
Epoch 97: Train Loss = 0.0749, Test Loss = 0.0236
Epoch 98: Train Loss = 0.0738, Test Loss = 0.0251
Epoch 99: Train Loss = 0.0748, Test Loss = 0.0213
Epoch 100: Train Loss = 0.0730, Test Loss = 0.0248
Epoch 101: Train Loss = 0.0726, Test Loss = 0.0252
Epoch 102: Train Loss = 0.0735, Test Loss = 0.0245
Epoch 103: Train Loss = 0.0736, Test Loss = 0.0342
Epoch 104: Train Loss = 0.0730, Test Loss = 0.0254
Epoch 105: Train Loss = 0.0726, Test Loss = 0.0236
Epoch 106: Train Loss = 0.0747, Test Loss = 0.0293
Epoch 107: Train Loss = 0.0741, Test Loss = 0.0235
Epoch 108: Train Loss = 0.0740, Test Loss = 0.0316
Epoch 109: Train Loss = 0.0718, Test Loss = 0.0273
Epoch 110: Train Loss = 0.0726, Test Loss = 0.0267
Epoch 111: Train Loss = 0.0738, Test Loss = 0.0274
Epoch 112: Train Loss = 0.0730, Test Loss = 0.0228
Epoch 113: Train Loss = 0.0725, Test Loss = 0.0244
Epoch 114: Train Loss = 0.0752, Test Loss = 0.0279
Epoch 115: Train Loss = 0.0723, Test Loss = 0.0252
Epoch 116: Train Loss = 0.0719, Test Loss = 0.0261
Epoch 117: Train Loss = 0.0730, Test Loss = 0.0258
Epoch 118: Train Loss = 0.0737, Test Loss = 0.0241
Epoch 119: Train Loss = 0.0732, Test Loss = 0.0288
Epoch 120: Train Loss = 0.0717, Test Loss = 0.0272
Epoch 121: Train Loss = 0.0734, Test Loss = 0.0264
Epoch 122: Train Loss = 0.0721, Test Loss = 0.0240
Epoch 123: Train Loss = 0.0744, Test Loss = 0.0267
Epoch 124: Train Loss = 0.0730, Test Loss = 0.0335
Epoch 125: Train Loss = 0.0736, Test Loss = 0.0278
Epoch 126: Train Loss = 0.0717, Test Loss = 0.0249
Epoch 127: Train Loss = 0.0731, Test Loss = 0.0289
Epoch 128: Train Loss = 0.0720, Test Loss = 0.0294
Epoch 129: Train Loss = 0.0742, Test Loss = 0.0245
Epoch 130: Train Loss = 0.0741, Test Loss = 0.0246
Epoch 131: Train Loss = 0.0731, Test Loss = 0.0279
Epoch 132: Train Loss = 0.0728, Test Loss = 0.0239
Epoch 133: Train Loss = 0.0758, Test Loss = 0.0252
Epoch 134: Train Loss = 0.0730, Test Loss = 0.0274
Epoch 135: Train Loss = 0.0725, Test Loss = 0.0261
Epoch 136: Train Loss = 0.0715, Test Loss = 0.0252
Epoch 137: Train Loss = 0.0731, Test Loss = 0.0254
Epoch 138: Train Loss = 0.0698, Test Loss = 0.0270
Epoch 139: Train Loss = 0.0735, Test Loss = 0.0262
Epoch 140: Train Loss = 0.0728, Test Loss = 0.0262
Epoch 141: Train Loss = 0.0727, Test Loss = 0.0278
Epoch 142: Train Loss = 0.0744, Test Loss = 0.0245
Epoch 143: Train Loss = 0.0725, Test Loss = 0.0306
Epoch 144: Train Loss = 0.0724, Test Loss = 0.0276
Epoch 145: Train Loss = 0.0726, Test Loss = 0.0267
Epoch 146: Train Loss = 0.0726, Test Loss = 0.0257
Epoch 147: Train Loss = 0.0721, Test Loss = 0.0269
Epoch 148: Train Loss = 0.0724, Test Loss = 0.0230
Epoch 149: Train Loss = 0.0716, Test Loss = 0.0254
Epoch 150: Train Loss = 0.0719, Test Loss = 0.0265
Epoch 151: Train Loss = 0.0725, Test Loss = 0.0273
Epoch 152: Train Loss = 0.0738, Test Loss = 0.0277
Epoch 153: Train Loss = 0.0710, Test Loss = 0.0288
Epoch 154: Train Loss = 0.0741, Test Loss = 0.0274
Epoch 155: Train Loss = 0.0729, Test Loss = 0.0259
Epoch 156: Train Loss = 0.0731, Test Loss = 0.0239
Epoch 157: Train Loss = 0.0726, Test Loss = 0.0260
Epoch 158: Train Loss = 0.0717, Test Loss = 0.0234
Epoch 159: Train Loss = 0.0710, Test Loss = 0.0250
Epoch 160: Train Loss = 0.0731, Test Loss = 0.0248
Epoch 161: Train Loss = 0.0713, Test Loss = 0.0271
Epoch 162: Train Loss = 0.0739, Test Loss = 0.0328
Epoch 163: Train Loss = 0.0748, Test Loss = 0.0335
Epoch 164: Train Loss = 0.0707, Test Loss = 0.0268
Epoch 165: Train Loss = 0.0714, Test Loss = 0.0312
Epoch 166: Train Loss = 0.0715, Test Loss = 0.0240
Epoch 167: Train Loss = 0.0721, Test Loss = 0.0254
Epoch 168: Train Loss = 0.0716, Test Loss = 0.0270
Epoch 169: Train Loss = 0.0716, Test Loss = 0.0291
Epoch 170: Train Loss = 0.0711, Test Loss = 0.0272
Epoch 171: Train Loss = 0.0716, Test Loss = 0.0305
Epoch 172: Train Loss = 0.0733, Test Loss = 0.0270
Epoch 173: Train Loss = 0.0728, Test Loss = 0.0255
Epoch 174: Train Loss = 0.0708, Test Loss = 0.0298
Epoch 175: Train Loss = 0.0714, Test Loss = 0.0244
Epoch 176: Train Loss = 0.0710, Test Loss = 0.0256
Epoch 177: Train Loss = 0.0701, Test Loss = 0.0249
Epoch 178: Train Loss = 0.0715, Test Loss = 0.0259
Epoch 179: Train Loss = 0.0714, Test Loss = 0.0271
Epoch 180: Train Loss = 0.0740, Test Loss = 0.0306
Epoch 181: Train Loss = 0.0718, Test Loss = 0.0228
Epoch 182: Train Loss = 0.0706, Test Loss = 0.0251
Epoch 183: Train Loss = 0.0726, Test Loss = 0.0248
Epoch 184: Train Loss = 0.0728, Test Loss = 0.0249
Epoch 185: Train Loss = 0.0716, Test Loss = 0.0247
Epoch 186: Train Loss = 0.0738, Test Loss = 0.0289
Epoch 187: Train Loss = 0.0720, Test Loss = 0.0235
Epoch 188: Train Loss = 0.0725, Test Loss = 0.0263
Epoch 189: Train Loss = 0.0717, Test Loss = 0.0235
Epoch 190: Train Loss = 0.0743, Test Loss = 0.0284
Epoch 191: Train Loss = 0.0732, Test Loss = 0.0268
Epoch 192: Train Loss = 0.0738, Test Loss = 0.0278
Epoch 193: Train Loss = 0.0719, Test Loss = 0.0269
Epoch 194: Train Loss = 0.0723, Test Loss = 0.0280
Epoch 195: Train Loss = 0.0706, Test Loss = 0.0264
Epoch 196: Train Loss = 0.0716, Test Loss = 0.0308
Epoch 197: Train Loss = 0.0728, Test Loss = 0.0255
Epoch 198: Train Loss = 0.0716, Test Loss = 0.0240
Epoch 199: Train Loss = 0.0700, Test Loss = 0.0291
Epoch 200: Train Loss = 0.0731, Test Loss = 0.0261
Trial completed in 295.94s with error: 0.0261
Trial completed!
