Running on host hal0020.amarel.rutgers.edu
Time is Thu Apr 24 14:44:50 EDT 2025
Directory is /home/elp95/tfa-predictor
SLURM job ID is 43168377
Starting trial...
Running trial with config: {'input_size': 3883, 'output_size': 214, 'hidden_sizes': [768, 512, 256], 'lr': 0.0004715696678089838, 'weight_decay': 0.0007114476009343421, 'batch_size': 64, 'max_epochs': 300, 'dropout_rate': 0.2984250789732435, 'activation': 'leaky_relu', 'optimizer': 'sgd_momentum', 'learning_rate_schedule': 'cosine', 'batch_norm': 'true'}
Using data directory: /cache/home/elp95/tfa-predictor/data
xprs_path: /cache/home/elp95/tfa-predictor/data/gene-xprs/processed/xprs-data.csv
tfa_path: /cache/home/elp95/tfa-predictor/data/tfa/processed/tfa-labels.csv
Epoch 1: Train Loss = 0.5920, Test Loss = 0.1145
Epoch 2: Train Loss = 0.2900, Test Loss = 0.0669
Epoch 3: Train Loss = 0.2359, Test Loss = 0.0546
Epoch 4: Train Loss = 0.2032, Test Loss = 0.0476
Epoch 5: Train Loss = 0.1759, Test Loss = 0.0407
Epoch 6: Train Loss = 0.1610, Test Loss = 0.0402
Epoch 7: Train Loss = 0.1448, Test Loss = 0.0410
Epoch 8: Train Loss = 0.1342, Test Loss = 0.0383
Epoch 9: Train Loss = 0.1254, Test Loss = 0.0329
Epoch 10: Train Loss = 0.1202, Test Loss = 0.0403
Epoch 11: Train Loss = 0.1122, Test Loss = 0.0385
Epoch 12: Train Loss = 0.1037, Test Loss = 0.0312
Epoch 13: Train Loss = 0.1052, Test Loss = 0.0364
Epoch 14: Train Loss = 0.0978, Test Loss = 0.0323
Epoch 15: Train Loss = 0.0945, Test Loss = 0.0406
Epoch 16: Train Loss = 0.0889, Test Loss = 0.0333
Epoch 17: Train Loss = 0.0910, Test Loss = 0.0306
Epoch 18: Train Loss = 0.0867, Test Loss = 0.0314
Epoch 19: Train Loss = 0.0877, Test Loss = 0.0307
Epoch 20: Train Loss = 0.0863, Test Loss = 0.0330
Epoch 21: Train Loss = 0.0841, Test Loss = 0.0321
Epoch 22: Train Loss = 0.0818, Test Loss = 0.0345
Epoch 23: Train Loss = 0.0839, Test Loss = 0.0315
Epoch 24: Train Loss = 0.0817, Test Loss = 0.0404
Epoch 25: Train Loss = 0.0817, Test Loss = 0.0368
Epoch 26: Train Loss = 0.0806, Test Loss = 0.0323
Epoch 27: Train Loss = 0.0825, Test Loss = 0.0322
Epoch 28: Train Loss = 0.0795, Test Loss = 0.0308
Epoch 29: Train Loss = 0.0801, Test Loss = 0.0339
Epoch 30: Train Loss = 0.0789, Test Loss = 0.0303
Epoch 31: Train Loss = 0.0758, Test Loss = 0.0336
Epoch 32: Train Loss = 0.0768, Test Loss = 0.0322
Epoch 33: Train Loss = 0.0833, Test Loss = 0.0333
Epoch 34: Train Loss = 0.0806, Test Loss = 0.0364
Epoch 35: Train Loss = 0.0781, Test Loss = 0.0354
Epoch 36: Train Loss = 0.0838, Test Loss = 0.0325
Epoch 37: Train Loss = 0.0776, Test Loss = 0.0359
Epoch 38: Train Loss = 0.0799, Test Loss = 0.0337
Epoch 39: Train Loss = 0.0734, Test Loss = 0.0315
Epoch 40: Train Loss = 0.0733, Test Loss = 0.0316
Epoch 41: Train Loss = 0.0746, Test Loss = 0.0319
Epoch 42: Train Loss = 0.0766, Test Loss = 0.0303
Epoch 43: Train Loss = 0.0785, Test Loss = 0.0305
Epoch 44: Train Loss = 0.0792, Test Loss = 0.0367
Epoch 45: Train Loss = 0.0767, Test Loss = 0.0343
Epoch 46: Train Loss = 0.0819, Test Loss = 0.0371
Epoch 47: Train Loss = 0.0768, Test Loss = 0.0339
Epoch 48: Train Loss = 0.0782, Test Loss = 0.0318
Epoch 49: Train Loss = 0.0791, Test Loss = 0.0388
Epoch 50: Train Loss = 0.0810, Test Loss = 0.0393
Epoch 51: Train Loss = 0.0804, Test Loss = 0.0371
Epoch 52: Train Loss = 0.0767, Test Loss = 0.0344
Epoch 53: Train Loss = 0.0769, Test Loss = 0.0401
Epoch 54: Train Loss = 0.0763, Test Loss = 0.0332
Epoch 55: Train Loss = 0.0800, Test Loss = 0.0375
Epoch 56: Train Loss = 0.0758, Test Loss = 0.0326
Epoch 57: Train Loss = 0.0753, Test Loss = 0.0359
Epoch 58: Train Loss = 0.0756, Test Loss = 0.0355
Epoch 59: Train Loss = 0.0743, Test Loss = 0.0374
Epoch 60: Train Loss = 0.0839, Test Loss = 0.0340
Epoch 61: Train Loss = 0.0790, Test Loss = 0.0372
Epoch 62: Train Loss = 0.0778, Test Loss = 0.0328
Epoch 63: Train Loss = 0.0785, Test Loss = 0.0378
Epoch 64: Train Loss = 0.0754, Test Loss = 0.0373
Epoch 65: Train Loss = 0.0759, Test Loss = 0.0356
Epoch 66: Train Loss = 0.0763, Test Loss = 0.0337
Epoch 67: Train Loss = 0.0769, Test Loss = 0.0300
Epoch 68: Train Loss = 0.0749, Test Loss = 0.0336
Epoch 69: Train Loss = 0.0738, Test Loss = 0.0328
Epoch 70: Train Loss = 0.0755, Test Loss = 0.0345
Epoch 71: Train Loss = 0.0773, Test Loss = 0.0325
Epoch 72: Train Loss = 0.0743, Test Loss = 0.0353
Epoch 73: Train Loss = 0.0770, Test Loss = 0.0366
Epoch 74: Train Loss = 0.0812, Test Loss = 0.0331
Epoch 75: Train Loss = 0.0794, Test Loss = 0.0340
Epoch 76: Train Loss = 0.0796, Test Loss = 0.0391
Epoch 77: Train Loss = 0.0748, Test Loss = 0.0405
Epoch 78: Train Loss = 0.0771, Test Loss = 0.0341
Epoch 79: Train Loss = 0.0755, Test Loss = 0.0357
Epoch 80: Train Loss = 0.0755, Test Loss = 0.0338
Epoch 81: Train Loss = 0.0801, Test Loss = 0.0362
Epoch 82: Train Loss = 0.0757, Test Loss = 0.0314
Epoch 83: Train Loss = 0.0739, Test Loss = 0.0342
Epoch 84: Train Loss = 0.0741, Test Loss = 0.0350
Epoch 85: Train Loss = 0.0747, Test Loss = 0.0320
Epoch 86: Train Loss = 0.0777, Test Loss = 0.0350
Epoch 87: Train Loss = 0.0806, Test Loss = 0.0339
Epoch 88: Train Loss = 0.0759, Test Loss = 0.0355
Epoch 89: Train Loss = 0.0768, Test Loss = 0.0321
Epoch 90: Train Loss = 0.0737, Test Loss = 0.0436
Epoch 91: Train Loss = 0.0769, Test Loss = 0.0363
Epoch 92: Train Loss = 0.0765, Test Loss = 0.0332
Epoch 93: Train Loss = 0.0759, Test Loss = 0.0374
Epoch 94: Train Loss = 0.0761, Test Loss = 0.0385
Epoch 95: Train Loss = 0.0758, Test Loss = 0.0350
Epoch 96: Train Loss = 0.0734, Test Loss = 0.0310
Epoch 97: Train Loss = 0.0755, Test Loss = 0.0391
Epoch 98: Train Loss = 0.0762, Test Loss = 0.0307
Epoch 99: Train Loss = 0.0749, Test Loss = 0.0338
Epoch 100: Train Loss = 0.0786, Test Loss = 0.0343
Epoch 101: Train Loss = 0.0813, Test Loss = 0.0354
Epoch 102: Train Loss = 0.0779, Test Loss = 0.0388
Epoch 103: Train Loss = 0.0774, Test Loss = 0.0399
Epoch 104: Train Loss = 0.0784, Test Loss = 0.0311
Epoch 105: Train Loss = 0.0764, Test Loss = 0.0394
Epoch 106: Train Loss = 0.0769, Test Loss = 0.0337
Epoch 107: Train Loss = 0.0759, Test Loss = 0.0349
Epoch 108: Train Loss = 0.0776, Test Loss = 0.0466
Epoch 109: Train Loss = 0.0784, Test Loss = 0.0354
Epoch 110: Train Loss = 0.0743, Test Loss = 0.0334
Epoch 111: Train Loss = 0.0781, Test Loss = 0.0433
Epoch 112: Train Loss = 0.0753, Test Loss = 0.0341
Epoch 113: Train Loss = 0.0771, Test Loss = 0.0361
Epoch 114: Train Loss = 0.0756, Test Loss = 0.0369
Epoch 115: Train Loss = 0.0751, Test Loss = 0.0339
Epoch 116: Train Loss = 0.0734, Test Loss = 0.0321
Epoch 117: Train Loss = 0.0777, Test Loss = 0.0361
Epoch 118: Train Loss = 0.0746, Test Loss = 0.0374
Epoch 119: Train Loss = 0.0801, Test Loss = 0.0346
Epoch 120: Train Loss = 0.0832, Test Loss = 0.0332
Epoch 121: Train Loss = 0.0781, Test Loss = 0.0394
Epoch 122: Train Loss = 0.0767, Test Loss = 0.0339
Epoch 123: Train Loss = 0.0759, Test Loss = 0.0327
Epoch 124: Train Loss = 0.0749, Test Loss = 0.0339
Epoch 125: Train Loss = 0.0759, Test Loss = 0.0304
Epoch 126: Train Loss = 0.0761, Test Loss = 0.0355
Epoch 127: Train Loss = 0.0740, Test Loss = 0.0335
Epoch 128: Train Loss = 0.0747, Test Loss = 0.0327
Epoch 129: Train Loss = 0.0753, Test Loss = 0.0379
Epoch 130: Train Loss = 0.0786, Test Loss = 0.0373
Epoch 131: Train Loss = 0.0761, Test Loss = 0.0366
Epoch 132: Train Loss = 0.0913, Test Loss = 0.0383
Epoch 133: Train Loss = 0.0817, Test Loss = 0.0391
Epoch 134: Train Loss = 0.0752, Test Loss = 0.0358
Epoch 135: Train Loss = 0.0761, Test Loss = 0.0412
Epoch 136: Train Loss = 0.0738, Test Loss = 0.0376
Epoch 137: Train Loss = 0.0753, Test Loss = 0.0343
Epoch 138: Train Loss = 0.0770, Test Loss = 0.0326
Epoch 139: Train Loss = 0.0790, Test Loss = 0.0337
Epoch 140: Train Loss = 0.0750, Test Loss = 0.0378
Epoch 141: Train Loss = 0.0753, Test Loss = 0.0391
Epoch 142: Train Loss = 0.0750, Test Loss = 0.0352
Epoch 143: Train Loss = 0.0742, Test Loss = 0.0315
Epoch 144: Train Loss = 0.0734, Test Loss = 0.0373
Epoch 145: Train Loss = 0.0724, Test Loss = 0.0360
Epoch 146: Train Loss = 0.0768, Test Loss = 0.0420
Epoch 147: Train Loss = 0.0785, Test Loss = 0.0369
Epoch 148: Train Loss = 0.0773, Test Loss = 0.0393
Epoch 149: Train Loss = 0.0772, Test Loss = 0.0386
Epoch 150: Train Loss = 0.0757, Test Loss = 0.0364
Epoch 151: Train Loss = 0.0762, Test Loss = 0.0328
Epoch 152: Train Loss = 0.0760, Test Loss = 0.0352
Epoch 153: Train Loss = 0.0770, Test Loss = 0.0483
Epoch 154: Train Loss = 0.0775, Test Loss = 0.0359
Epoch 155: Train Loss = 0.0742, Test Loss = 0.0354
Epoch 156: Train Loss = 0.0740, Test Loss = 0.0341
Epoch 157: Train Loss = 0.0729, Test Loss = 0.0371
Epoch 158: Train Loss = 0.0769, Test Loss = 0.0428
Epoch 159: Train Loss = 0.0750, Test Loss = 0.0356
Epoch 160: Train Loss = 0.0747, Test Loss = 0.0303
Epoch 161: Train Loss = 0.0756, Test Loss = 0.0364
Epoch 162: Train Loss = 0.0739, Test Loss = 0.0338
Epoch 163: Train Loss = 0.0738, Test Loss = 0.0357
Epoch 164: Train Loss = 0.0766, Test Loss = 0.0340
Epoch 165: Train Loss = 0.0744, Test Loss = 0.0363
Epoch 166: Train Loss = 0.0736, Test Loss = 0.0348
Epoch 167: Train Loss = 0.0766, Test Loss = 0.0424
Epoch 168: Train Loss = 0.0795, Test Loss = 0.0325
Epoch 169: Train Loss = 0.0759, Test Loss = 0.0390
Epoch 170: Train Loss = 0.0797, Test Loss = 0.0357
Epoch 171: Train Loss = 0.0735, Test Loss = 0.0343
Epoch 172: Train Loss = 0.0740, Test Loss = 0.0349
Epoch 173: Train Loss = 0.0755, Test Loss = 0.0299
Epoch 174: Train Loss = 0.0759, Test Loss = 0.0351
Epoch 175: Train Loss = 0.0741, Test Loss = 0.0319
Epoch 176: Train Loss = 0.0760, Test Loss = 0.0358
Epoch 177: Train Loss = 0.0749, Test Loss = 0.0365
Epoch 178: Train Loss = 0.0737, Test Loss = 0.0348
Epoch 179: Train Loss = 0.0733, Test Loss = 0.0372
Epoch 180: Train Loss = 0.0720, Test Loss = 0.0336
Epoch 181: Train Loss = 0.0746, Test Loss = 0.0369
Epoch 182: Train Loss = 0.0754, Test Loss = 0.0340
Epoch 183: Train Loss = 0.0732, Test Loss = 0.0385
Epoch 184: Train Loss = 0.0731, Test Loss = 0.0362
Epoch 185: Train Loss = 0.0761, Test Loss = 0.0412
Epoch 186: Train Loss = 0.0858, Test Loss = 0.0333
Epoch 187: Train Loss = 0.0779, Test Loss = 0.0330
Epoch 188: Train Loss = 0.0754, Test Loss = 0.0343
Epoch 189: Train Loss = 0.0752, Test Loss = 0.0424
Epoch 190: Train Loss = 0.0811, Test Loss = 0.0403
Epoch 191: Train Loss = 0.0843, Test Loss = 0.0320
Epoch 192: Train Loss = 0.0783, Test Loss = 0.0374
Epoch 193: Train Loss = 0.0762, Test Loss = 0.0349
Epoch 194: Train Loss = 0.0768, Test Loss = 0.0335
Epoch 195: Train Loss = 0.0772, Test Loss = 0.0392
Epoch 196: Train Loss = 0.0760, Test Loss = 0.0353
Epoch 197: Train Loss = 0.0770, Test Loss = 0.0344
Epoch 198: Train Loss = 0.0752, Test Loss = 0.0400
Epoch 199: Train Loss = 0.0910, Test Loss = 0.0436
Epoch 200: Train Loss = 0.0836, Test Loss = 0.0338
Epoch 201: Train Loss = 0.0806, Test Loss = 0.0397
Epoch 202: Train Loss = 0.0755, Test Loss = 0.0351
Epoch 203: Train Loss = 0.0739, Test Loss = 0.0315
Epoch 204: Train Loss = 0.0775, Test Loss = 0.0342
Epoch 205: Train Loss = 0.0768, Test Loss = 0.0365
Epoch 206: Train Loss = 0.0758, Test Loss = 0.0326
Epoch 207: Train Loss = 0.0746, Test Loss = 0.0350
Epoch 208: Train Loss = 0.0741, Test Loss = 0.0317
Epoch 209: Train Loss = 0.0731, Test Loss = 0.0360
Epoch 210: Train Loss = 0.0746, Test Loss = 0.0410
Epoch 211: Train Loss = 0.0746, Test Loss = 0.0375
Epoch 212: Train Loss = 0.0703, Test Loss = 0.0340
Epoch 213: Train Loss = 0.0743, Test Loss = 0.0317
Epoch 214: Train Loss = 0.0728, Test Loss = 0.0396
Epoch 215: Train Loss = 0.0802, Test Loss = 0.0401
Epoch 216: Train Loss = 0.0737, Test Loss = 0.0346
Epoch 217: Train Loss = 0.0826, Test Loss = 0.0447
Epoch 218: Train Loss = 0.0762, Test Loss = 0.0334
Epoch 219: Train Loss = 0.0746, Test Loss = 0.0365
Epoch 220: Train Loss = 0.0717, Test Loss = 0.0298
Epoch 221: Train Loss = 0.0727, Test Loss = 0.0332
Epoch 222: Train Loss = 0.0767, Test Loss = 0.0417
Epoch 223: Train Loss = 0.0767, Test Loss = 0.0341
Epoch 224: Train Loss = 0.0771, Test Loss = 0.0346
Epoch 225: Train Loss = 0.0772, Test Loss = 0.0330
Epoch 226: Train Loss = 0.0755, Test Loss = 0.0301
Epoch 227: Train Loss = 0.0752, Test Loss = 0.0351
Epoch 228: Train Loss = 0.0720, Test Loss = 0.0311
Epoch 229: Train Loss = 0.0730, Test Loss = 0.0313
Epoch 230: Train Loss = 0.0736, Test Loss = 0.0329
Epoch 231: Train Loss = 0.0763, Test Loss = 0.0365
Epoch 232: Train Loss = 0.0812, Test Loss = 0.0317
Epoch 233: Train Loss = 0.0764, Test Loss = 0.0340
Epoch 234: Train Loss = 0.0748, Test Loss = 0.0350
Epoch 235: Train Loss = 0.0706, Test Loss = 0.0387
Epoch 236: Train Loss = 0.0724, Test Loss = 0.0315
Epoch 237: Train Loss = 0.0733, Test Loss = 0.0362
Epoch 238: Train Loss = 0.0759, Test Loss = 0.0324
Epoch 239: Train Loss = 0.0750, Test Loss = 0.0344
Epoch 240: Train Loss = 0.0739, Test Loss = 0.0348
Epoch 241: Train Loss = 0.0813, Test Loss = 0.0395
Epoch 242: Train Loss = 0.1006, Test Loss = 0.0360
Epoch 243: Train Loss = 0.0862, Test Loss = 0.0380
Epoch 244: Train Loss = 0.0774, Test Loss = 0.0375
Epoch 245: Train Loss = 0.0762, Test Loss = 0.0315
Epoch 246: Train Loss = 0.0737, Test Loss = 0.0330
Epoch 247: Train Loss = 0.0726, Test Loss = 0.0308
Epoch 248: Train Loss = 0.0721, Test Loss = 0.0350
Epoch 249: Train Loss = 0.0732, Test Loss = 0.0319
Epoch 250: Train Loss = 0.0739, Test Loss = 0.0292
Epoch 251: Train Loss = 0.0735, Test Loss = 0.0368
Epoch 252: Train Loss = 0.0779, Test Loss = 0.0367
Epoch 253: Train Loss = 0.0804, Test Loss = 0.0336
Epoch 254: Train Loss = 0.0795, Test Loss = 0.0572
Epoch 255: Train Loss = 0.0754, Test Loss = 0.0362
Epoch 256: Train Loss = 0.0761, Test Loss = 0.0316
Epoch 257: Train Loss = 0.0771, Test Loss = 0.0348
Epoch 258: Train Loss = 0.0773, Test Loss = 0.0339
Epoch 259: Train Loss = 0.0842, Test Loss = 0.0333
Epoch 260: Train Loss = 0.0779, Test Loss = 0.0355
Epoch 261: Train Loss = 0.0759, Test Loss = 0.0347
Epoch 262: Train Loss = 0.0703, Test Loss = 0.0348
Epoch 263: Train Loss = 0.0734, Test Loss = 0.0331
Epoch 264: Train Loss = 0.0749, Test Loss = 0.0300
Epoch 265: Train Loss = 0.0766, Test Loss = 0.0381
Epoch 266: Train Loss = 0.0736, Test Loss = 0.0339
Epoch 267: Train Loss = 0.0776, Test Loss = 0.0351
Epoch 268: Train Loss = 0.0735, Test Loss = 0.0387
Epoch 269: Train Loss = 0.0717, Test Loss = 0.0286
Epoch 270: Train Loss = 0.0710, Test Loss = 0.0353
Epoch 271: Train Loss = 0.0745, Test Loss = 0.0486
Epoch 272: Train Loss = 0.0815, Test Loss = 0.0486
Epoch 273: Train Loss = 0.0774, Test Loss = 0.0315
Epoch 274: Train Loss = 0.0748, Test Loss = 0.0365
Epoch 275: Train Loss = 0.0762, Test Loss = 0.0316
Epoch 276: Train Loss = 0.0765, Test Loss = 0.0364
Epoch 277: Train Loss = 0.0909, Test Loss = 0.0510
Epoch 278: Train Loss = 0.1114, Test Loss = 0.0425
Epoch 279: Train Loss = 0.0965, Test Loss = 0.0383
Epoch 280: Train Loss = 0.0860, Test Loss = 0.0343
Epoch 281: Train Loss = 0.0792, Test Loss = 0.0350
Epoch 282: Train Loss = 0.0776, Test Loss = 0.0353
Epoch 283: Train Loss = 0.0762, Test Loss = 0.0360
Epoch 284: Train Loss = 0.0734, Test Loss = 0.0360
Epoch 285: Train Loss = 0.0744, Test Loss = 0.0303
Epoch 286: Train Loss = 0.0732, Test Loss = 0.0314
Epoch 287: Train Loss = 0.0722, Test Loss = 0.0358
Epoch 288: Train Loss = 0.0693, Test Loss = 0.0351
Epoch 289: Train Loss = 0.0731, Test Loss = 0.0332
Epoch 290: Train Loss = 0.0755, Test Loss = 0.0396
Epoch 291: Train Loss = 0.0924, Test Loss = 0.0356
Epoch 292: Train Loss = 0.0820, Test Loss = 0.0364
Epoch 293: Train Loss = 0.0861, Test Loss = 0.0494
Epoch 294: Train Loss = 0.0797, Test Loss = 0.0350
Epoch 295: Train Loss = 0.0766, Test Loss = 0.0344
Epoch 296: Train Loss = 0.0778, Test Loss = 0.0334
Epoch 297: Train Loss = 0.0784, Test Loss = 0.0327
Epoch 298: Train Loss = 0.0741, Test Loss = 0.0363
Epoch 299: Train Loss = 0.0712, Test Loss = 0.0304
Epoch 300: Train Loss = 0.0762, Test Loss = 0.0403
Trial completed in 323.31s with error: 0.0403
Trial completed!
