Running on host hal0047.amarel.rutgers.edu
Time is Thu Apr 24 14:50:30 EDT 2025
Directory is /home/elp95/tfa-predictor
SLURM job ID is 43168441
Starting trial...
Running trial with config: {'input_size': 3883, 'output_size': 214, 'hidden_sizes': [512, 256, 128], 'lr': 0.00026547572814287823, 'weight_decay': 0.0005306371575220846, 'batch_size': 64, 'max_epochs': 100, 'dropout_rate': 0.2654672916585682, 'activation': 'leaky_relu', 'optimizer': 'rmsprop', 'learning_rate_schedule': 'step', 'batch_norm': 'false'}
Using data directory: /cache/home/elp95/tfa-predictor/data
xprs_path: /cache/home/elp95/tfa-predictor/data/gene-xprs/processed/xprs-data.csv
tfa_path: /cache/home/elp95/tfa-predictor/data/tfa/processed/tfa-labels.csv
Epoch 1: Train Loss = 0.9030, Test Loss = 0.3320
Epoch 2: Train Loss = 0.4891, Test Loss = 0.1898
Epoch 3: Train Loss = 0.3807, Test Loss = 0.1395
Epoch 4: Train Loss = 0.3282, Test Loss = 0.1128
Epoch 5: Train Loss = 0.2930, Test Loss = 0.0924
Epoch 6: Train Loss = 0.2677, Test Loss = 0.0782
Epoch 7: Train Loss = 0.2447, Test Loss = 0.0680
Epoch 8: Train Loss = 0.2257, Test Loss = 0.0622
Epoch 9: Train Loss = 0.2131, Test Loss = 0.0575
Epoch 10: Train Loss = 0.1986, Test Loss = 0.0532
Epoch 11: Train Loss = 0.1889, Test Loss = 0.0505
Epoch 12: Train Loss = 0.1820, Test Loss = 0.0485
Epoch 13: Train Loss = 0.1697, Test Loss = 0.0443
Epoch 14: Train Loss = 0.1677, Test Loss = 0.0413
Epoch 15: Train Loss = 0.1590, Test Loss = 0.0439
Epoch 16: Train Loss = 0.1513, Test Loss = 0.0400
Epoch 17: Train Loss = 0.1482, Test Loss = 0.0433
Epoch 18: Train Loss = 0.1447, Test Loss = 0.0397
Epoch 19: Train Loss = 0.1417, Test Loss = 0.0367
Epoch 20: Train Loss = 0.1358, Test Loss = 0.0384
Epoch 21: Train Loss = 0.1323, Test Loss = 0.0361
Epoch 22: Train Loss = 0.1299, Test Loss = 0.0371
Epoch 23: Train Loss = 0.1269, Test Loss = 0.0381
Epoch 24: Train Loss = 0.1246, Test Loss = 0.0358
Epoch 25: Train Loss = 0.1178, Test Loss = 0.0333
Epoch 26: Train Loss = 0.1153, Test Loss = 0.0345
Epoch 27: Train Loss = 0.1138, Test Loss = 0.0343
Epoch 28: Train Loss = 0.1148, Test Loss = 0.0330
Epoch 29: Train Loss = 0.1098, Test Loss = 0.0332
Epoch 30: Train Loss = 0.1137, Test Loss = 0.0368
Epoch 31: Train Loss = 0.1091, Test Loss = 0.0324
Epoch 32: Train Loss = 0.1097, Test Loss = 0.0331
Epoch 33: Train Loss = 0.1046, Test Loss = 0.0336
Epoch 34: Train Loss = 0.1043, Test Loss = 0.0329
Epoch 35: Train Loss = 0.1026, Test Loss = 0.0347
Epoch 36: Train Loss = 0.1044, Test Loss = 0.0319
Epoch 37: Train Loss = 0.1027, Test Loss = 0.0332
Epoch 38: Train Loss = 0.0996, Test Loss = 0.0335
Epoch 39: Train Loss = 0.0998, Test Loss = 0.0320
Epoch 40: Train Loss = 0.0994, Test Loss = 0.0314
Epoch 41: Train Loss = 0.0973, Test Loss = 0.0320
Epoch 42: Train Loss = 0.1007, Test Loss = 0.0349
Epoch 43: Train Loss = 0.1004, Test Loss = 0.0304
Epoch 44: Train Loss = 0.0982, Test Loss = 0.0337
Epoch 45: Train Loss = 0.0972, Test Loss = 0.0322
Epoch 46: Train Loss = 0.0959, Test Loss = 0.0316
Epoch 47: Train Loss = 0.0971, Test Loss = 0.0322
Epoch 48: Train Loss = 0.0981, Test Loss = 0.0312
Epoch 49: Train Loss = 0.0955, Test Loss = 0.0307
Epoch 50: Train Loss = 0.0976, Test Loss = 0.0311
Epoch 51: Train Loss = 0.0947, Test Loss = 0.0304
Epoch 52: Train Loss = 0.0939, Test Loss = 0.0289
Epoch 53: Train Loss = 0.0970, Test Loss = 0.0321
Epoch 54: Train Loss = 0.0919, Test Loss = 0.0324
Epoch 55: Train Loss = 0.0963, Test Loss = 0.0300
Epoch 56: Train Loss = 0.0924, Test Loss = 0.0303
Epoch 57: Train Loss = 0.0918, Test Loss = 0.0331
Epoch 58: Train Loss = 0.0932, Test Loss = 0.0308
Epoch 59: Train Loss = 0.0938, Test Loss = 0.0315
Epoch 60: Train Loss = 0.0962, Test Loss = 0.0303
Epoch 61: Train Loss = 0.0909, Test Loss = 0.0298
Epoch 62: Train Loss = 0.0913, Test Loss = 0.0306
Epoch 63: Train Loss = 0.0933, Test Loss = 0.0324
Epoch 64: Train Loss = 0.0923, Test Loss = 0.0321
Epoch 65: Train Loss = 0.0914, Test Loss = 0.0300
Epoch 66: Train Loss = 0.0918, Test Loss = 0.0304
Epoch 67: Train Loss = 0.0932, Test Loss = 0.0319
Epoch 68: Train Loss = 0.0926, Test Loss = 0.0289
Epoch 69: Train Loss = 0.0913, Test Loss = 0.0297
Epoch 70: Train Loss = 0.0908, Test Loss = 0.0323
Epoch 71: Train Loss = 0.0859, Test Loss = 0.0320
Epoch 72: Train Loss = 0.0901, Test Loss = 0.0324
Epoch 73: Train Loss = 0.0921, Test Loss = 0.0316
Epoch 74: Train Loss = 0.0916, Test Loss = 0.0304
Epoch 75: Train Loss = 0.0937, Test Loss = 0.0305
Epoch 76: Train Loss = 0.0903, Test Loss = 0.0314
Epoch 77: Train Loss = 0.0896, Test Loss = 0.0314
Epoch 78: Train Loss = 0.0916, Test Loss = 0.0327
Epoch 79: Train Loss = 0.0883, Test Loss = 0.0272
Epoch 80: Train Loss = 0.0907, Test Loss = 0.0293
Epoch 81: Train Loss = 0.0892, Test Loss = 0.0305
Epoch 82: Train Loss = 0.0907, Test Loss = 0.0323
Epoch 83: Train Loss = 0.0905, Test Loss = 0.0300
Epoch 84: Train Loss = 0.0901, Test Loss = 0.0316
Epoch 85: Train Loss = 0.0901, Test Loss = 0.0305
Epoch 86: Train Loss = 0.0877, Test Loss = 0.0322
Epoch 87: Train Loss = 0.0884, Test Loss = 0.0293
Epoch 88: Train Loss = 0.0904, Test Loss = 0.0298
Epoch 89: Train Loss = 0.0913, Test Loss = 0.0318
Epoch 90: Train Loss = 0.0893, Test Loss = 0.0294
Epoch 91: Train Loss = 0.0861, Test Loss = 0.0336
Epoch 92: Train Loss = 0.0896, Test Loss = 0.0319
Epoch 93: Train Loss = 0.0880, Test Loss = 0.0314
Epoch 94: Train Loss = 0.0874, Test Loss = 0.0278
Epoch 95: Train Loss = 0.0874, Test Loss = 0.0305
Epoch 96: Train Loss = 0.0918, Test Loss = 0.0287
Epoch 97: Train Loss = 0.0877, Test Loss = 0.0314
Epoch 98: Train Loss = 0.0875, Test Loss = 0.0317
Epoch 99: Train Loss = 0.0892, Test Loss = 0.0299
Epoch 100: Train Loss = 0.0922, Test Loss = 0.0317
Trial completed in 57.62s with error: 0.0317
Trial completed!
