Running on host hal0025.amarel.rutgers.edu
Time is Thu Apr 24 14:57:44 EDT 2025
Directory is /home/elp95/tfa-predictor
SLURM job ID is 43168516
Starting trial...
Running trial with config: {'input_size': 3883, 'output_size': 214, 'hidden_sizes': [768, 512, 256], 'lr': 0.011892597170983212, 'weight_decay': 3.420008587735e-05, 'batch_size': 16, 'max_epochs': 200, 'dropout_rate': 0.3991475894833876, 'activation': 'relu', 'optimizer': 'rmsprop', 'learning_rate_schedule': 'exponential', 'batch_norm': 'false'}
Using data directory: /cache/home/elp95/tfa-predictor/data
xprs_path: /cache/home/elp95/tfa-predictor/data/gene-xprs/processed/xprs-data.csv
tfa_path: /cache/home/elp95/tfa-predictor/data/tfa/processed/tfa-labels.csv
Epoch 1: Train Loss = 0.5565, Test Loss = 0.1459
Epoch 2: Train Loss = 0.2951, Test Loss = 0.1106
Epoch 3: Train Loss = 0.2554, Test Loss = 0.0971
Epoch 4: Train Loss = 0.2581, Test Loss = 0.1192
Epoch 5: Train Loss = 0.2596, Test Loss = 0.0892
Epoch 6: Train Loss = 0.2602, Test Loss = 0.1164
Epoch 7: Train Loss = 0.2620, Test Loss = 0.1127
Epoch 8: Train Loss = 0.2627, Test Loss = 0.1076
Epoch 9: Train Loss = 0.2691, Test Loss = 0.1094
Epoch 10: Train Loss = 0.2664, Test Loss = 0.0989
Epoch 11: Train Loss = 0.2708, Test Loss = 0.1121
Epoch 12: Train Loss = 0.2718, Test Loss = 0.1203
Epoch 13: Train Loss = 0.2749, Test Loss = 0.1249
Epoch 14: Train Loss = 0.2852, Test Loss = 0.1019
Epoch 15: Train Loss = 0.2841, Test Loss = 0.1234
Epoch 16: Train Loss = 0.2831, Test Loss = 0.1136
Epoch 17: Train Loss = 0.2826, Test Loss = 0.1331
Epoch 18: Train Loss = 0.2831, Test Loss = 0.1495
Epoch 19: Train Loss = 0.2840, Test Loss = 0.1050
Epoch 20: Train Loss = 0.2893, Test Loss = 0.1229
Epoch 21: Train Loss = 0.2967, Test Loss = 0.1329
Epoch 22: Train Loss = 0.2917, Test Loss = 0.1560
Epoch 23: Train Loss = 0.2943, Test Loss = 0.1176
Epoch 24: Train Loss = 0.2979, Test Loss = 0.1290
Epoch 25: Train Loss = 0.2987, Test Loss = 0.1213
Epoch 26: Train Loss = 0.2993, Test Loss = 0.1560
Epoch 27: Train Loss = 0.3037, Test Loss = 0.1473
Epoch 28: Train Loss = 0.2944, Test Loss = 0.1324
Epoch 29: Train Loss = 0.2953, Test Loss = 0.1257
Epoch 30: Train Loss = 0.3010, Test Loss = 0.1268
Epoch 31: Train Loss = 0.3015, Test Loss = 0.1254
Epoch 32: Train Loss = 0.3035, Test Loss = 0.1132
Epoch 33: Train Loss = 0.3013, Test Loss = 0.1307
Epoch 34: Train Loss = 0.3006, Test Loss = 0.1341
Epoch 35: Train Loss = 0.3041, Test Loss = 0.1469
Epoch 36: Train Loss = 0.3025, Test Loss = 0.1553
Epoch 37: Train Loss = 0.3053, Test Loss = 0.1391
Epoch 38: Train Loss = 0.3121, Test Loss = 0.1454
Epoch 39: Train Loss = 0.2974, Test Loss = 0.1391
Epoch 40: Train Loss = 0.3004, Test Loss = 0.1397
Epoch 41: Train Loss = 0.3303, Test Loss = 0.1589
Epoch 42: Train Loss = 0.3058, Test Loss = 0.2482
Epoch 43: Train Loss = 0.2968, Test Loss = 0.1422
Epoch 44: Train Loss = 0.3069, Test Loss = 0.1578
Epoch 45: Train Loss = 0.3071, Test Loss = 0.1271
Epoch 46: Train Loss = 0.2990, Test Loss = 0.1171
Epoch 47: Train Loss = 0.2994, Test Loss = 0.1154
Epoch 48: Train Loss = 0.3015, Test Loss = 0.1220
Epoch 49: Train Loss = 0.3000, Test Loss = 0.1321
Epoch 50: Train Loss = 0.2989, Test Loss = 0.1256
Epoch 51: Train Loss = 0.2959, Test Loss = 0.1283
Epoch 52: Train Loss = 0.3035, Test Loss = 0.1522
Epoch 53: Train Loss = 0.2979, Test Loss = 0.0945
Epoch 54: Train Loss = 0.3028, Test Loss = 0.1659
Epoch 55: Train Loss = 0.3046, Test Loss = 0.1244
Epoch 56: Train Loss = 0.3095, Test Loss = 0.1221
Epoch 57: Train Loss = 0.2963, Test Loss = 0.1427
Epoch 58: Train Loss = 0.3107, Test Loss = 0.1251
Epoch 59: Train Loss = 0.3073, Test Loss = 0.1438
Epoch 60: Train Loss = 0.3097, Test Loss = 0.1273
Epoch 61: Train Loss = 0.3098, Test Loss = 0.1312
Epoch 62: Train Loss = 0.3082, Test Loss = 0.1572
Epoch 63: Train Loss = 0.3160, Test Loss = 0.1404
Epoch 64: Train Loss = 0.3021, Test Loss = 0.1442
Epoch 65: Train Loss = 0.3061, Test Loss = 0.1310
Epoch 66: Train Loss = 0.3081, Test Loss = 0.1277
Epoch 67: Train Loss = 0.3014, Test Loss = 0.1273
Epoch 68: Train Loss = 0.2973, Test Loss = 0.1366
Epoch 69: Train Loss = 0.3066, Test Loss = 0.1312
Epoch 70: Train Loss = 0.3032, Test Loss = 0.1332
Epoch 71: Train Loss = 0.3115, Test Loss = 0.1677
Epoch 72: Train Loss = 0.3071, Test Loss = 0.1576
Epoch 73: Train Loss = 0.3042, Test Loss = 0.1265
Epoch 74: Train Loss = 0.3066, Test Loss = 0.1343
Epoch 75: Train Loss = 0.3050, Test Loss = 0.1288
Epoch 76: Train Loss = 0.3038, Test Loss = 0.1476
Epoch 77: Train Loss = 0.3232, Test Loss = 0.1533
Epoch 78: Train Loss = 0.3103, Test Loss = 0.1328
Epoch 79: Train Loss = 0.3087, Test Loss = 0.1540
Epoch 80: Train Loss = 0.2994, Test Loss = 0.1247
Epoch 81: Train Loss = 0.3008, Test Loss = 0.1284
Epoch 82: Train Loss = 0.2985, Test Loss = 0.1178
Epoch 83: Train Loss = 0.3003, Test Loss = 0.1463
Epoch 84: Train Loss = 0.3055, Test Loss = 0.1194
Epoch 85: Train Loss = 0.3014, Test Loss = 0.1309
Epoch 86: Train Loss = 0.3006, Test Loss = 0.1423
Epoch 87: Train Loss = 0.3025, Test Loss = 0.1586
Epoch 88: Train Loss = 0.2998, Test Loss = 0.1149
Epoch 89: Train Loss = 0.3105, Test Loss = 0.1281
Epoch 90: Train Loss = 0.3020, Test Loss = 0.1381
Epoch 91: Train Loss = 0.3032, Test Loss = 0.1177
Epoch 92: Train Loss = 0.3178, Test Loss = 0.1220
Epoch 93: Train Loss = 0.3139, Test Loss = 0.1341
Epoch 94: Train Loss = 0.3172, Test Loss = 0.1303
Epoch 95: Train Loss = 0.3048, Test Loss = 0.1276
Epoch 96: Train Loss = 0.3129, Test Loss = 0.1571
Epoch 97: Train Loss = 0.3028, Test Loss = 0.1371
Epoch 98: Train Loss = 0.2974, Test Loss = 0.1254
Epoch 99: Train Loss = 0.3085, Test Loss = 0.1304
Epoch 100: Train Loss = 0.2990, Test Loss = 0.1413
Epoch 101: Train Loss = 0.3016, Test Loss = 0.1198
Epoch 102: Train Loss = 0.3115, Test Loss = 0.1432
Epoch 103: Train Loss = 0.3047, Test Loss = 0.1439
Epoch 104: Train Loss = 0.3031, Test Loss = 0.1465
Epoch 105: Train Loss = 0.3052, Test Loss = 0.1425
Epoch 106: Train Loss = 0.3022, Test Loss = 0.1126
Epoch 107: Train Loss = 0.3175, Test Loss = 0.2371
Epoch 108: Train Loss = 0.3072, Test Loss = 0.1491
Epoch 109: Train Loss = 0.2986, Test Loss = 0.1397
Epoch 110: Train Loss = 0.3025, Test Loss = 0.1224
Epoch 111: Train Loss = 0.2985, Test Loss = 0.1508
Epoch 112: Train Loss = 0.3056, Test Loss = 0.1164
Epoch 113: Train Loss = 0.2984, Test Loss = 0.1448
Epoch 114: Train Loss = 0.2983, Test Loss = 0.1114
Epoch 115: Train Loss = 0.3055, Test Loss = 0.1672
Epoch 116: Train Loss = 0.2997, Test Loss = 0.1501
Epoch 117: Train Loss = 0.2986, Test Loss = 0.1338
Epoch 118: Train Loss = 0.3004, Test Loss = 0.1407
Epoch 119: Train Loss = 0.3086, Test Loss = 0.1220
Epoch 120: Train Loss = 0.3000, Test Loss = 0.1468
Epoch 121: Train Loss = 0.3098, Test Loss = 0.1238
Epoch 122: Train Loss = 0.3128, Test Loss = 0.1300
Epoch 123: Train Loss = 0.3055, Test Loss = 0.1310
Epoch 124: Train Loss = 0.3033, Test Loss = 0.1217
Epoch 125: Train Loss = 0.2991, Test Loss = 0.1166
Epoch 126: Train Loss = 0.2977, Test Loss = 0.1374
Epoch 127: Train Loss = 0.3131, Test Loss = 0.1474
Epoch 128: Train Loss = 0.3044, Test Loss = 0.1288
Epoch 129: Train Loss = 0.3043, Test Loss = 0.1113
Epoch 130: Train Loss = 0.3095, Test Loss = 0.1478
Epoch 131: Train Loss = 0.3164, Test Loss = 0.1264
Epoch 132: Train Loss = 0.3111, Test Loss = 0.1253
Epoch 133: Train Loss = 0.3010, Test Loss = 0.1532
Epoch 134: Train Loss = 0.3042, Test Loss = 0.1274
Epoch 135: Train Loss = 0.3008, Test Loss = 0.1352
Epoch 136: Train Loss = 0.3092, Test Loss = 0.1273
Epoch 137: Train Loss = 0.3061, Test Loss = 0.1316
Epoch 138: Train Loss = 0.3028, Test Loss = 0.1588
Epoch 139: Train Loss = 0.3084, Test Loss = 0.1264
Epoch 140: Train Loss = 0.3046, Test Loss = 0.1382
Epoch 141: Train Loss = 0.3063, Test Loss = 0.1131
Epoch 142: Train Loss = 0.2968, Test Loss = 0.1382
Epoch 143: Train Loss = 0.3031, Test Loss = 0.1333
Epoch 144: Train Loss = 0.3032, Test Loss = 0.1183
Epoch 145: Train Loss = 0.3215, Test Loss = 0.1397
Epoch 146: Train Loss = 0.2969, Test Loss = 0.1449
Epoch 147: Train Loss = 0.3091, Test Loss = 0.1412
Epoch 148: Train Loss = 0.3093, Test Loss = 0.1152
Epoch 149: Train Loss = 0.3030, Test Loss = 0.1271
Epoch 150: Train Loss = 0.3044, Test Loss = 0.1255
Epoch 151: Train Loss = 0.2989, Test Loss = 0.1153
Epoch 152: Train Loss = 0.3118, Test Loss = 0.1470
Epoch 153: Train Loss = 0.2990, Test Loss = 0.1267
Epoch 154: Train Loss = 0.3075, Test Loss = 0.1383
Epoch 155: Train Loss = 0.2994, Test Loss = 0.1225
Epoch 156: Train Loss = 0.3035, Test Loss = 0.1194
Epoch 157: Train Loss = 0.2977, Test Loss = 0.1227
Epoch 158: Train Loss = 0.3029, Test Loss = 0.1322
Epoch 159: Train Loss = 0.3073, Test Loss = 0.1525
Epoch 160: Train Loss = 0.3091, Test Loss = 0.1601
Epoch 161: Train Loss = 0.3095, Test Loss = 0.1368
Epoch 162: Train Loss = 0.3113, Test Loss = 0.1229
Epoch 163: Train Loss = 0.3058, Test Loss = 0.1641
Epoch 164: Train Loss = 0.3062, Test Loss = 0.1170
Epoch 165: Train Loss = 0.3084, Test Loss = 0.1560
Epoch 166: Train Loss = 0.2979, Test Loss = 0.1343
Epoch 167: Train Loss = 0.3004, Test Loss = 0.1314
Epoch 168: Train Loss = 0.3024, Test Loss = 0.7762
Epoch 169: Train Loss = 0.3128, Test Loss = 0.1520
Epoch 170: Train Loss = 0.3075, Test Loss = 0.1484
Epoch 171: Train Loss = 0.3125, Test Loss = 0.4884
Epoch 172: Train Loss = 0.3197, Test Loss = 0.1631
Epoch 173: Train Loss = 0.3031, Test Loss = 0.1372
Epoch 174: Train Loss = 0.3009, Test Loss = 0.1261
Epoch 175: Train Loss = 0.3148, Test Loss = 0.1482
Epoch 176: Train Loss = 0.3083, Test Loss = 0.1536
Epoch 177: Train Loss = 0.3119, Test Loss = 0.1413
Epoch 178: Train Loss = 0.3052, Test Loss = 0.1587
Epoch 179: Train Loss = 0.3086, Test Loss = 0.1220
Epoch 180: Train Loss = 0.3128, Test Loss = 0.1281
Epoch 181: Train Loss = 0.3160, Test Loss = 0.7086
Epoch 182: Train Loss = 0.3305, Test Loss = 0.1549
Epoch 183: Train Loss = 0.3249, Test Loss = 0.1874
Epoch 184: Train Loss = 0.3418, Test Loss = 0.1585
Epoch 185: Train Loss = 0.3166, Test Loss = 1.0401
Epoch 186: Train Loss = 0.3043, Test Loss = 0.1140
Epoch 187: Train Loss = 0.3044, Test Loss = 0.1765
Epoch 188: Train Loss = 0.2956, Test Loss = 0.1115
Epoch 189: Train Loss = 0.2984, Test Loss = 0.1740
Epoch 190: Train Loss = 0.3075, Test Loss = 0.1472
Epoch 191: Train Loss = 0.2985, Test Loss = 1281.9668
Epoch 192: Train Loss = 0.2966, Test Loss = 0.1176
Epoch 193: Train Loss = 0.2960, Test Loss = 0.5884
Epoch 194: Train Loss = 0.3063, Test Loss = 2.4862
Epoch 195: Train Loss = 0.2993, Test Loss = 6922.6096
Epoch 196: Train Loss = 0.3100, Test Loss = 0.1108
Epoch 197: Train Loss = 0.3015, Test Loss = 0.1383
Epoch 198: Train Loss = 0.3214, Test Loss = 0.1167
Epoch 199: Train Loss = 0.3156, Test Loss = 0.1243
Epoch 200: Train Loss = 0.2999, Test Loss = 0.1465
Trial completed in 655.09s with error: 0.1465
Trial completed!
