Running on host hal0278.amarel.rutgers.edu
Time is Thu Apr 24 15:28:56 EDT 2025
Directory is /home/elp95/tfa-predictor
SLURM job ID is 43169277
Starting trial...
Running trial with config: {'input_size': 3883, 'output_size': 214, 'hidden_sizes': [1024, 1024, 512, 256], 'lr': 0.004460850915371544, 'weight_decay': 1.5099700976862268e-05, 'batch_size': 64, 'max_epochs': 150, 'dropout_rate': 0.2845407345828738, 'activation': 'relu', 'optimizer': 'adamw', 'learning_rate_schedule': 'none', 'batch_norm': 'true'}
Using data directory: /cache/home/elp95/tfa-predictor/data
xprs_path: /cache/home/elp95/tfa-predictor/data/gene-xprs/processed/xprs-data.csv
tfa_path: /cache/home/elp95/tfa-predictor/data/tfa/processed/tfa-labels.csv
Epoch 1: Train Loss = 0.4265, Test Loss = 0.1321
Epoch 2: Train Loss = 0.2107, Test Loss = 0.0818
Epoch 3: Train Loss = 0.1734, Test Loss = 0.0676
Epoch 4: Train Loss = 0.1443, Test Loss = 0.0480
Epoch 5: Train Loss = 0.1373, Test Loss = 0.0502
Epoch 6: Train Loss = 0.1314, Test Loss = 0.0488
Epoch 7: Train Loss = 0.1236, Test Loss = 0.0528
Epoch 8: Train Loss = 0.1172, Test Loss = 0.0492
Epoch 9: Train Loss = 0.1126, Test Loss = 0.0528
Epoch 10: Train Loss = 0.1069, Test Loss = 0.0546
Epoch 11: Train Loss = 0.1029, Test Loss = 0.0408
Epoch 12: Train Loss = 0.1038, Test Loss = 0.0506
Epoch 13: Train Loss = 0.1091, Test Loss = 0.0467
Epoch 14: Train Loss = 0.1067, Test Loss = 0.0368
Epoch 15: Train Loss = 0.1009, Test Loss = 0.0380
Epoch 16: Train Loss = 0.0974, Test Loss = 0.0422
Epoch 17: Train Loss = 0.1021, Test Loss = 0.0423
Epoch 18: Train Loss = 0.0971, Test Loss = 0.0398
Epoch 19: Train Loss = 0.0975, Test Loss = 0.0408
Epoch 20: Train Loss = 0.1010, Test Loss = 0.0362
Epoch 21: Train Loss = 0.0987, Test Loss = 0.0404
Epoch 22: Train Loss = 0.1039, Test Loss = 0.0643
Epoch 23: Train Loss = 0.1015, Test Loss = 0.0486
Epoch 24: Train Loss = 0.0983, Test Loss = 0.0382
Epoch 25: Train Loss = 0.0974, Test Loss = 0.0394
Epoch 26: Train Loss = 0.0965, Test Loss = 0.0381
Epoch 27: Train Loss = 0.1045, Test Loss = 0.0565
Epoch 28: Train Loss = 0.1091, Test Loss = 0.0517
Epoch 29: Train Loss = 0.0978, Test Loss = 0.0573
Epoch 30: Train Loss = 0.0964, Test Loss = 0.0493
Epoch 31: Train Loss = 0.0956, Test Loss = 0.0382
Epoch 32: Train Loss = 0.0934, Test Loss = 0.0398
Epoch 33: Train Loss = 0.0905, Test Loss = 0.0347
Epoch 34: Train Loss = 0.0910, Test Loss = 0.0389
Epoch 35: Train Loss = 0.0926, Test Loss = 0.0402
Epoch 36: Train Loss = 0.0909, Test Loss = 0.0393
Epoch 37: Train Loss = 0.0905, Test Loss = 0.0412
Epoch 38: Train Loss = 0.0888, Test Loss = 0.0397
Epoch 39: Train Loss = 0.0939, Test Loss = 0.0353
Epoch 40: Train Loss = 0.0946, Test Loss = 0.0435
Epoch 41: Train Loss = 0.0911, Test Loss = 0.0506
Epoch 42: Train Loss = 0.0989, Test Loss = 0.0436
Epoch 43: Train Loss = 0.0962, Test Loss = 0.0459
Epoch 44: Train Loss = 0.0955, Test Loss = 0.0524
Epoch 45: Train Loss = 0.1089, Test Loss = 0.0635
Epoch 46: Train Loss = 0.1130, Test Loss = 0.0663
Epoch 47: Train Loss = 0.0974, Test Loss = 0.0504
Epoch 48: Train Loss = 0.0916, Test Loss = 0.0372
Epoch 49: Train Loss = 0.0922, Test Loss = 0.0411
Epoch 50: Train Loss = 0.0894, Test Loss = 0.0490
Epoch 51: Train Loss = 0.0943, Test Loss = 0.0448
Epoch 52: Train Loss = 0.0910, Test Loss = 0.0349
Epoch 53: Train Loss = 0.0921, Test Loss = 0.0523
Epoch 54: Train Loss = 0.0913, Test Loss = 0.0381
Epoch 55: Train Loss = 0.0904, Test Loss = 0.0545
Epoch 56: Train Loss = 0.1051, Test Loss = 0.0473
Epoch 57: Train Loss = 0.1023, Test Loss = 0.0385
Epoch 58: Train Loss = 0.1083, Test Loss = 0.0456
Epoch 59: Train Loss = 0.1074, Test Loss = 0.0647
Epoch 60: Train Loss = 0.1029, Test Loss = 0.0437
Epoch 61: Train Loss = 0.0998, Test Loss = 0.0437
Epoch 62: Train Loss = 0.0991, Test Loss = 0.0503
Epoch 63: Train Loss = 0.0923, Test Loss = 0.0377
Epoch 64: Train Loss = 0.0913, Test Loss = 0.0398
Epoch 65: Train Loss = 0.0936, Test Loss = 0.0467
Epoch 66: Train Loss = 0.0908, Test Loss = 0.0392
Epoch 67: Train Loss = 0.0911, Test Loss = 0.0467
Epoch 68: Train Loss = 0.1131, Test Loss = 0.0891
Epoch 69: Train Loss = 0.1387, Test Loss = 0.0525
Epoch 70: Train Loss = 0.1082, Test Loss = 0.0445
Epoch 71: Train Loss = 0.1064, Test Loss = 0.0465
Epoch 72: Train Loss = 0.0969, Test Loss = 0.0428
Epoch 73: Train Loss = 0.0994, Test Loss = 0.0414
Epoch 74: Train Loss = 0.0990, Test Loss = 0.0412
Epoch 75: Train Loss = 0.0915, Test Loss = 0.0447
Epoch 76: Train Loss = 0.0921, Test Loss = 0.0491
Epoch 77: Train Loss = 0.0924, Test Loss = 0.0443
Epoch 78: Train Loss = 0.1090, Test Loss = 0.0497
Epoch 79: Train Loss = 0.1124, Test Loss = 0.0516
Epoch 80: Train Loss = 0.1084, Test Loss = 0.0493
Epoch 81: Train Loss = 0.0996, Test Loss = 0.0439
Epoch 82: Train Loss = 0.0971, Test Loss = 0.0410
Epoch 83: Train Loss = 0.0934, Test Loss = 0.0405
Epoch 84: Train Loss = 0.0918, Test Loss = 0.0422
Epoch 85: Train Loss = 0.0953, Test Loss = 0.0449
Epoch 86: Train Loss = 0.0968, Test Loss = 0.0482
Epoch 87: Train Loss = 0.0896, Test Loss = 0.0363
Epoch 88: Train Loss = 0.0937, Test Loss = 0.0385
Epoch 89: Train Loss = 0.0956, Test Loss = 0.0583
Epoch 90: Train Loss = 0.1119, Test Loss = 0.0504
Epoch 91: Train Loss = 0.1163, Test Loss = 0.0547
Epoch 92: Train Loss = 0.1028, Test Loss = 0.0532
Epoch 93: Train Loss = 0.1011, Test Loss = 0.0424
Epoch 94: Train Loss = 0.0977, Test Loss = 0.0481
Epoch 95: Train Loss = 0.1054, Test Loss = 0.0502
Epoch 96: Train Loss = 0.1006, Test Loss = 0.0493
Epoch 97: Train Loss = 0.0965, Test Loss = 0.0449
Epoch 98: Train Loss = 0.0980, Test Loss = 0.0494
Epoch 99: Train Loss = 0.0938, Test Loss = 0.0393
Epoch 100: Train Loss = 0.1020, Test Loss = 0.0582
Epoch 101: Train Loss = 0.1021, Test Loss = 0.0419
Epoch 102: Train Loss = 0.1165, Test Loss = 0.0445
Epoch 103: Train Loss = 0.1038, Test Loss = 0.0479
Epoch 104: Train Loss = 0.0997, Test Loss = 0.0459
Epoch 105: Train Loss = 0.1001, Test Loss = 0.0533
Epoch 106: Train Loss = 0.0960, Test Loss = 0.0409
Epoch 107: Train Loss = 0.1037, Test Loss = 0.0531
Epoch 108: Train Loss = 0.1032, Test Loss = 0.0524
Epoch 109: Train Loss = 0.0969, Test Loss = 0.0453
Epoch 110: Train Loss = 0.0965, Test Loss = 0.0427
Epoch 111: Train Loss = 0.0943, Test Loss = 0.0386
Epoch 112: Train Loss = 0.0952, Test Loss = 0.0404
Epoch 113: Train Loss = 0.0938, Test Loss = 0.0490
Epoch 114: Train Loss = 0.0980, Test Loss = 0.0487
Epoch 115: Train Loss = 0.0931, Test Loss = 0.0419
Epoch 116: Train Loss = 0.0963, Test Loss = 0.0481
Epoch 117: Train Loss = 0.1232, Test Loss = 0.0718
Epoch 118: Train Loss = 0.1338, Test Loss = 0.0524
Epoch 119: Train Loss = 0.1085, Test Loss = 0.0409
Epoch 120: Train Loss = 0.1093, Test Loss = 0.0443
Epoch 121: Train Loss = 0.0999, Test Loss = 0.0442
Epoch 122: Train Loss = 0.1014, Test Loss = 0.0441
Epoch 123: Train Loss = 0.1131, Test Loss = 0.0404
Epoch 124: Train Loss = 0.1000, Test Loss = 0.0492
Epoch 125: Train Loss = 0.0961, Test Loss = 0.0482
Epoch 126: Train Loss = 0.1021, Test Loss = 0.0611
Epoch 127: Train Loss = 0.1222, Test Loss = 0.0556
Epoch 128: Train Loss = 0.1053, Test Loss = 0.0513
Epoch 129: Train Loss = 0.0990, Test Loss = 0.0485
Epoch 130: Train Loss = 0.0991, Test Loss = 0.0499
Epoch 131: Train Loss = 0.0939, Test Loss = 0.0400
Epoch 132: Train Loss = 0.0978, Test Loss = 0.0393
Epoch 133: Train Loss = 0.1012, Test Loss = 0.0394
Epoch 134: Train Loss = 0.1035, Test Loss = 0.0403
Epoch 135: Train Loss = 0.1009, Test Loss = 0.0426
Epoch 136: Train Loss = 0.0959, Test Loss = 0.0479
Epoch 137: Train Loss = 0.0970, Test Loss = 0.0421
Epoch 138: Train Loss = 0.0995, Test Loss = 0.0407
Epoch 139: Train Loss = 0.1038, Test Loss = 0.0403
Epoch 140: Train Loss = 0.1500, Test Loss = 0.0536
Epoch 141: Train Loss = 0.1212, Test Loss = 0.0645
Epoch 142: Train Loss = 0.1190, Test Loss = 0.0601
Epoch 143: Train Loss = 0.1090, Test Loss = 0.0429
Epoch 144: Train Loss = 0.0995, Test Loss = 0.3860
Epoch 145: Train Loss = 0.1033, Test Loss = 0.0465
Epoch 146: Train Loss = 0.1005, Test Loss = 0.0463
Epoch 147: Train Loss = 0.1262, Test Loss = 0.0566
Epoch 148: Train Loss = 0.1127, Test Loss = 0.0485
Epoch 149: Train Loss = 0.1013, Test Loss = 0.0401
Epoch 150: Train Loss = 0.0975, Test Loss = 0.0468
Trial completed in 145.06s with error: 0.0468
Trial completed!
