Running on host hal0032.amarel.rutgers.edu
Time is Thu Apr 24 15:09:37 EDT 2025
Directory is /home/elp95/tfa-predictor
SLURM job ID is 43168624
Starting trial...
Running trial with config: {'input_size': 3883, 'output_size': 214, 'hidden_sizes': [4096, 2048, 1024, 512], 'lr': 0.0016202437395518977, 'weight_decay': 0.00039934644403675904, 'batch_size': 256, 'max_epochs': 200, 'dropout_rate': 0.21449701368750917, 'activation': 'relu', 'optimizer': 'sgd_momentum', 'learning_rate_schedule': 'none', 'batch_norm': 'true'}
Using data directory: /cache/home/elp95/tfa-predictor/data
xprs_path: /cache/home/elp95/tfa-predictor/data/gene-xprs/processed/xprs-data.csv
tfa_path: /cache/home/elp95/tfa-predictor/data/tfa/processed/tfa-labels.csv
Epoch 1: Train Loss = 0.5553, Test Loss = 9.5508
Epoch 2: Train Loss = 0.2815, Test Loss = 0.6446
Epoch 3: Train Loss = 0.2234, Test Loss = 0.0966
Epoch 4: Train Loss = 0.1850, Test Loss = 0.0662
Epoch 5: Train Loss = 0.1599, Test Loss = 0.0899
Epoch 6: Train Loss = 0.1410, Test Loss = 0.1013
Epoch 7: Train Loss = 0.1270, Test Loss = 0.1170
Epoch 8: Train Loss = 0.1191, Test Loss = 0.1154
Epoch 9: Train Loss = 0.1149, Test Loss = 0.1224
Epoch 10: Train Loss = 0.1026, Test Loss = 0.1212
Epoch 11: Train Loss = 0.0940, Test Loss = 0.0882
Epoch 12: Train Loss = 0.0870, Test Loss = 0.0850
Epoch 13: Train Loss = 0.0845, Test Loss = 0.0719
Epoch 14: Train Loss = 0.0802, Test Loss = 0.0768
Epoch 15: Train Loss = 0.0812, Test Loss = 0.0758
Epoch 16: Train Loss = 0.0943, Test Loss = 0.0873
Epoch 17: Train Loss = 0.0900, Test Loss = 0.0576
Epoch 18: Train Loss = 0.0899, Test Loss = 0.0520
Epoch 19: Train Loss = 0.0806, Test Loss = 0.0725
Epoch 20: Train Loss = 0.0813, Test Loss = 0.0775
Epoch 21: Train Loss = 0.0774, Test Loss = 0.0629
Epoch 22: Train Loss = 0.0703, Test Loss = 0.0723
Epoch 23: Train Loss = 0.0748, Test Loss = 0.0658
Epoch 24: Train Loss = 0.0747, Test Loss = 0.0638
Epoch 25: Train Loss = 0.0705, Test Loss = 0.0577
Epoch 26: Train Loss = 0.0635, Test Loss = 0.0601
Epoch 27: Train Loss = 0.0645, Test Loss = 0.0707
Epoch 28: Train Loss = 0.0682, Test Loss = 0.0704
Epoch 29: Train Loss = 0.0773, Test Loss = 0.0664
Epoch 30: Train Loss = 0.0771, Test Loss = 0.0518
Epoch 31: Train Loss = 0.0838, Test Loss = 0.0597
Epoch 32: Train Loss = 0.0745, Test Loss = 0.0575
Epoch 33: Train Loss = 0.0712, Test Loss = 0.0726
Epoch 34: Train Loss = 0.0747, Test Loss = 0.0607
Epoch 35: Train Loss = 0.0703, Test Loss = 0.0682
Epoch 36: Train Loss = 0.0660, Test Loss = 0.0778
Epoch 37: Train Loss = 0.0670, Test Loss = 0.0654
Epoch 38: Train Loss = 0.0660, Test Loss = 0.0590
Epoch 39: Train Loss = 0.0720, Test Loss = 0.0655
Epoch 40: Train Loss = 0.0757, Test Loss = 0.0806
Epoch 41: Train Loss = 0.0816, Test Loss = 0.0759
Epoch 42: Train Loss = 0.0771, Test Loss = 0.0444
Epoch 43: Train Loss = 0.0740, Test Loss = 0.0583
Epoch 44: Train Loss = 0.0723, Test Loss = 0.0698
Epoch 45: Train Loss = 0.0653, Test Loss = 0.0834
Epoch 46: Train Loss = 0.0661, Test Loss = 0.0716
Epoch 47: Train Loss = 0.0679, Test Loss = 0.0540
Epoch 48: Train Loss = 0.0660, Test Loss = 0.0687
Epoch 49: Train Loss = 0.0784, Test Loss = 0.0649
Epoch 50: Train Loss = 0.0710, Test Loss = 0.0622
Epoch 51: Train Loss = 0.0657, Test Loss = 0.0662
Epoch 52: Train Loss = 0.0647, Test Loss = 0.0815
Epoch 53: Train Loss = 0.0650, Test Loss = 0.0637
Epoch 54: Train Loss = 0.0715, Test Loss = 0.0699
Epoch 55: Train Loss = 0.0767, Test Loss = 0.0617
Epoch 56: Train Loss = 0.0662, Test Loss = 0.0565
Epoch 57: Train Loss = 0.0615, Test Loss = 0.0662
Epoch 58: Train Loss = 0.0698, Test Loss = 0.0760
Epoch 59: Train Loss = 0.0725, Test Loss = 0.0556
Epoch 60: Train Loss = 0.0653, Test Loss = 0.0603
Epoch 61: Train Loss = 0.0662, Test Loss = 0.0605
Epoch 62: Train Loss = 0.0664, Test Loss = 0.0656
Epoch 63: Train Loss = 0.0668, Test Loss = 0.0588
Epoch 64: Train Loss = 0.0638, Test Loss = 0.0619
Epoch 65: Train Loss = 0.0659, Test Loss = 0.0633
Epoch 66: Train Loss = 0.0704, Test Loss = 0.0784
Epoch 67: Train Loss = 0.0798, Test Loss = 0.0702
Epoch 68: Train Loss = 0.0717, Test Loss = 0.0549
Epoch 69: Train Loss = 0.0769, Test Loss = 0.0673
Epoch 70: Train Loss = 0.0662, Test Loss = 0.0691
Epoch 71: Train Loss = 0.0652, Test Loss = 0.0802
Epoch 72: Train Loss = 0.0671, Test Loss = 0.0685
Epoch 73: Train Loss = 0.0672, Test Loss = 0.0626
Epoch 74: Train Loss = 0.0726, Test Loss = 0.0629
Epoch 75: Train Loss = 0.0702, Test Loss = 0.0520
Epoch 76: Train Loss = 0.0681, Test Loss = 0.0664
Epoch 77: Train Loss = 0.0674, Test Loss = 0.0620
Epoch 78: Train Loss = 0.0624, Test Loss = 0.0704
Epoch 79: Train Loss = 0.0663, Test Loss = 0.0723
Epoch 80: Train Loss = 0.0666, Test Loss = 0.0761
Epoch 81: Train Loss = 0.0638, Test Loss = 0.0552
Epoch 82: Train Loss = 0.0750, Test Loss = 0.0837
Epoch 83: Train Loss = 0.0903, Test Loss = 0.0815
Epoch 84: Train Loss = 0.0752, Test Loss = 0.0597
Epoch 85: Train Loss = 0.0709, Test Loss = 0.0632
Epoch 86: Train Loss = 0.0716, Test Loss = 0.0730
Epoch 87: Train Loss = 0.0677, Test Loss = 0.0904
Epoch 88: Train Loss = 0.0662, Test Loss = 0.0700
Epoch 89: Train Loss = 0.0747, Test Loss = 0.0790
Epoch 90: Train Loss = 0.0735, Test Loss = 0.0668
Epoch 91: Train Loss = 0.0726, Test Loss = 0.0591
Epoch 92: Train Loss = 0.0778, Test Loss = 0.0611
Epoch 93: Train Loss = 0.0750, Test Loss = 0.0666
Epoch 94: Train Loss = 0.0714, Test Loss = 0.0584
Epoch 95: Train Loss = 0.0626, Test Loss = 0.0735
Epoch 96: Train Loss = 0.0645, Test Loss = 0.0781
Epoch 97: Train Loss = 0.0641, Test Loss = 0.0628
Epoch 98: Train Loss = 0.0660, Test Loss = 0.0561
Epoch 99: Train Loss = 0.0663, Test Loss = 0.0620
Epoch 100: Train Loss = 0.0685, Test Loss = 0.0575
Epoch 101: Train Loss = 0.0734, Test Loss = 0.0626
Epoch 102: Train Loss = 0.0721, Test Loss = 0.0595
Epoch 103: Train Loss = 0.0740, Test Loss = 0.0592
Epoch 104: Train Loss = 0.0720, Test Loss = 0.0676
Epoch 105: Train Loss = 0.0731, Test Loss = 0.0517
Epoch 106: Train Loss = 0.0686, Test Loss = 0.0480
Epoch 107: Train Loss = 0.0661, Test Loss = 0.0569
Epoch 108: Train Loss = 0.0652, Test Loss = 0.0699
Epoch 109: Train Loss = 0.0690, Test Loss = 0.0563
Epoch 110: Train Loss = 0.0627, Test Loss = 0.0747
Epoch 111: Train Loss = 0.0688, Test Loss = 0.0607
Epoch 112: Train Loss = 0.0734, Test Loss = 0.0501
Epoch 113: Train Loss = 0.0703, Test Loss = 0.0544
Epoch 114: Train Loss = 0.0740, Test Loss = 0.0578
Epoch 115: Train Loss = 0.0689, Test Loss = 0.0716
Epoch 116: Train Loss = 0.0705, Test Loss = 0.0649
Epoch 117: Train Loss = 0.0718, Test Loss = 0.0657
Epoch 118: Train Loss = 0.0699, Test Loss = 0.0491
Epoch 119: Train Loss = 0.0667, Test Loss = 0.0485
Epoch 120: Train Loss = 0.0699, Test Loss = 0.0491
Epoch 121: Train Loss = 0.0709, Test Loss = 0.0560
Epoch 122: Train Loss = 0.0681, Test Loss = 0.0634
Epoch 123: Train Loss = 0.0694, Test Loss = 0.0510
Epoch 124: Train Loss = 0.0693, Test Loss = 0.0530
Epoch 125: Train Loss = 0.0712, Test Loss = 0.0518
Epoch 126: Train Loss = 0.0648, Test Loss = 0.0614
Epoch 127: Train Loss = 0.0687, Test Loss = 0.0527
Epoch 128: Train Loss = 0.0765, Test Loss = 0.0794
Epoch 129: Train Loss = 0.0819, Test Loss = 0.0442
Epoch 130: Train Loss = 0.0685, Test Loss = 0.0491
Epoch 131: Train Loss = 0.0618, Test Loss = 0.0580
Epoch 132: Train Loss = 0.0652, Test Loss = 0.0679
Epoch 133: Train Loss = 0.0768, Test Loss = 0.0583
Epoch 134: Train Loss = 0.0706, Test Loss = 0.0557
Epoch 135: Train Loss = 0.0869, Test Loss = 0.0556
Epoch 136: Train Loss = 0.0795, Test Loss = 0.0608
Epoch 137: Train Loss = 0.0731, Test Loss = 0.0688
Epoch 138: Train Loss = 0.0676, Test Loss = 0.0619
Epoch 139: Train Loss = 0.0631, Test Loss = 0.0616
Epoch 140: Train Loss = 0.0698, Test Loss = 0.0649
Epoch 141: Train Loss = 0.0708, Test Loss = 0.0612
Epoch 142: Train Loss = 0.0728, Test Loss = 0.0556
Epoch 143: Train Loss = 0.0731, Test Loss = 0.0663
Epoch 144: Train Loss = 0.0767, Test Loss = 0.0506
Epoch 145: Train Loss = 0.0717, Test Loss = 0.0468
Epoch 146: Train Loss = 0.0680, Test Loss = 0.0528
Epoch 147: Train Loss = 0.0662, Test Loss = 0.0557
Epoch 148: Train Loss = 0.0685, Test Loss = 0.0596
Epoch 149: Train Loss = 0.0745, Test Loss = 0.0634
Epoch 150: Train Loss = 0.0818, Test Loss = 0.0575
Epoch 151: Train Loss = 0.0767, Test Loss = 0.0600
Epoch 152: Train Loss = 0.0659, Test Loss = 0.0493
Epoch 153: Train Loss = 0.0671, Test Loss = 0.0581
Epoch 154: Train Loss = 0.0640, Test Loss = 0.0639
Epoch 155: Train Loss = 0.0643, Test Loss = 0.0567
Epoch 156: Train Loss = 0.0612, Test Loss = 0.0555
Epoch 157: Train Loss = 0.0598, Test Loss = 0.0547
Epoch 158: Train Loss = 0.0655, Test Loss = 0.0577
Epoch 159: Train Loss = 0.0655, Test Loss = 0.0607
Epoch 160: Train Loss = 0.0687, Test Loss = 0.0420
Epoch 161: Train Loss = 0.0723, Test Loss = 0.0610
Epoch 162: Train Loss = 0.0816, Test Loss = 0.0643
Epoch 163: Train Loss = 0.0784, Test Loss = 0.0562
Epoch 164: Train Loss = 0.0724, Test Loss = 0.0575
Epoch 165: Train Loss = 0.0678, Test Loss = 0.0493
Epoch 166: Train Loss = 0.0646, Test Loss = 0.0499
Epoch 167: Train Loss = 0.0639, Test Loss = 0.0574
Epoch 168: Train Loss = 0.0621, Test Loss = 0.0519
Epoch 169: Train Loss = 0.0618, Test Loss = 0.0563
Epoch 170: Train Loss = 0.0660, Test Loss = 0.0539
Epoch 171: Train Loss = 0.0659, Test Loss = 0.0515
Epoch 172: Train Loss = 0.0762, Test Loss = 0.0618
Epoch 173: Train Loss = 0.0726, Test Loss = 0.0530
Epoch 174: Train Loss = 0.0740, Test Loss = 0.0549
Epoch 175: Train Loss = 0.0678, Test Loss = 0.0480
Epoch 176: Train Loss = 0.0684, Test Loss = 0.0518
Epoch 177: Train Loss = 0.0714, Test Loss = 0.0523
Epoch 178: Train Loss = 0.0729, Test Loss = 0.0523
Epoch 179: Train Loss = 0.0726, Test Loss = 0.0636
Epoch 180: Train Loss = 0.0676, Test Loss = 0.0484
Epoch 181: Train Loss = 0.0610, Test Loss = 0.0515
Epoch 182: Train Loss = 0.0619, Test Loss = 0.0569
Epoch 183: Train Loss = 0.0634, Test Loss = 0.0519
Epoch 184: Train Loss = 0.0650, Test Loss = 0.0550
Epoch 185: Train Loss = 0.0635, Test Loss = 0.0474
Epoch 186: Train Loss = 0.0608, Test Loss = 0.0461
Epoch 187: Train Loss = 0.0634, Test Loss = 0.0528
Epoch 188: Train Loss = 0.0613, Test Loss = 0.0557
Epoch 189: Train Loss = 0.0663, Test Loss = 0.0524
Epoch 190: Train Loss = 0.0779, Test Loss = 0.0636
Epoch 191: Train Loss = 0.0824, Test Loss = 0.0713
Epoch 192: Train Loss = 0.0805, Test Loss = 0.0594
Epoch 193: Train Loss = 0.0768, Test Loss = 0.0466
Epoch 194: Train Loss = 0.0658, Test Loss = 0.0560
Epoch 195: Train Loss = 0.0686, Test Loss = 0.0463
Epoch 196: Train Loss = 0.0743, Test Loss = 0.0496
Epoch 197: Train Loss = 0.0669, Test Loss = 0.0485
Epoch 198: Train Loss = 0.0664, Test Loss = 0.0598
Epoch 199: Train Loss = 0.0659, Test Loss = 0.0499
Epoch 200: Train Loss = 0.0625, Test Loss = 0.0456
Trial completed in 501.26s with error: 0.0456
Trial completed!
