Running on host slepner086.amarel.rutgers.edu
Time is Thu Apr 24 15:35:14 EDT 2025
Directory is /home/elp95/tfa-predictor
SLURM job ID is 43169347
Starting trial...
Running trial with config: {'input_size': 3883, 'output_size': 214, 'hidden_sizes': [2048, 1024, 512, 256, 128], 'lr': 0.005008873868977706, 'weight_decay': 1.5801849950581874e-06, 'batch_size': 256, 'max_epochs': 100, 'dropout_rate': 0.31040284221104564, 'activation': 'leaky_relu', 'optimizer': 'adam', 'learning_rate_schedule': 'step', 'batch_norm': 'true'}
Using data directory: /cache/home/elp95/tfa-predictor/data
xprs_path: /cache/home/elp95/tfa-predictor/data/gene-xprs/processed/xprs-data.csv
tfa_path: /cache/home/elp95/tfa-predictor/data/tfa/processed/tfa-labels.csv
Epoch 1: Train Loss = 0.6737, Test Loss = 35.8377
Epoch 2: Train Loss = 0.2970, Test Loss = 1.6633
Epoch 3: Train Loss = 0.2326, Test Loss = 0.3276
Epoch 4: Train Loss = 0.1804, Test Loss = 0.1033
Epoch 5: Train Loss = 0.1638, Test Loss = 0.0735
Epoch 6: Train Loss = 0.1440, Test Loss = 0.0649
Epoch 7: Train Loss = 0.1422, Test Loss = 0.0659
Epoch 8: Train Loss = 0.1249, Test Loss = 0.0579
Epoch 9: Train Loss = 0.1195, Test Loss = 0.0557
Epoch 10: Train Loss = 0.1194, Test Loss = 0.0497
Epoch 11: Train Loss = 0.1148, Test Loss = 0.0458
Epoch 12: Train Loss = 0.1068, Test Loss = 0.0475
Epoch 13: Train Loss = 0.1083, Test Loss = 0.0519
Epoch 14: Train Loss = 0.1015, Test Loss = 0.0417
Epoch 15: Train Loss = 0.1043, Test Loss = 0.0390
Epoch 16: Train Loss = 0.1036, Test Loss = 0.0427
Epoch 17: Train Loss = 0.0974, Test Loss = 0.0362
Epoch 18: Train Loss = 0.0917, Test Loss = 0.0370
Epoch 19: Train Loss = 0.0983, Test Loss = 0.0403
Epoch 20: Train Loss = 0.0968, Test Loss = 0.0376
Epoch 21: Train Loss = 0.0895, Test Loss = 0.0379
Epoch 22: Train Loss = 0.0910, Test Loss = 0.0360
Epoch 23: Train Loss = 0.0927, Test Loss = 0.0358
Epoch 24: Train Loss = 0.0846, Test Loss = 0.0344
Epoch 25: Train Loss = 0.0847, Test Loss = 0.0339
Epoch 26: Train Loss = 0.0878, Test Loss = 0.0350
Epoch 27: Train Loss = 0.0894, Test Loss = 0.0397
Epoch 28: Train Loss = 0.0889, Test Loss = 0.0337
Epoch 29: Train Loss = 0.0899, Test Loss = 0.0331
Epoch 30: Train Loss = 0.0847, Test Loss = 0.0330
Epoch 31: Train Loss = 0.0841, Test Loss = 0.0305
Epoch 32: Train Loss = 0.0803, Test Loss = 0.0300
Epoch 33: Train Loss = 0.0806, Test Loss = 0.0299
Epoch 34: Train Loss = 0.0787, Test Loss = 0.0280
Epoch 35: Train Loss = 0.0807, Test Loss = 0.0326
Epoch 36: Train Loss = 0.0782, Test Loss = 0.0285
Epoch 37: Train Loss = 0.0783, Test Loss = 0.0304
Epoch 38: Train Loss = 0.0788, Test Loss = 0.0276
Epoch 39: Train Loss = 0.0772, Test Loss = 0.0277
Epoch 40: Train Loss = 0.0820, Test Loss = 0.0302
Epoch 41: Train Loss = 0.0852, Test Loss = 0.0278
Epoch 42: Train Loss = 0.0815, Test Loss = 0.0327
Epoch 43: Train Loss = 0.0817, Test Loss = 0.0313
Epoch 44: Train Loss = 0.0836, Test Loss = 0.0302
Epoch 45: Train Loss = 0.0808, Test Loss = 0.0286
Epoch 46: Train Loss = 0.0779, Test Loss = 0.0285
Epoch 47: Train Loss = 0.0778, Test Loss = 0.0280
Epoch 48: Train Loss = 0.0766, Test Loss = 0.0276
Epoch 49: Train Loss = 0.0794, Test Loss = 0.0247
Epoch 50: Train Loss = 0.0750, Test Loss = 0.0301
Epoch 51: Train Loss = 0.0783, Test Loss = 0.0303
Epoch 52: Train Loss = 0.0784, Test Loss = 0.0286
Epoch 53: Train Loss = 0.0746, Test Loss = 0.0266
Epoch 54: Train Loss = 0.0779, Test Loss = 0.0291
Epoch 55: Train Loss = 0.0751, Test Loss = 0.0289
Epoch 56: Train Loss = 0.0755, Test Loss = 0.0274
Epoch 57: Train Loss = 0.0728, Test Loss = 0.0266
Epoch 58: Train Loss = 0.0756, Test Loss = 0.0293
Epoch 59: Train Loss = 0.0750, Test Loss = 0.0267
Epoch 60: Train Loss = 0.0750, Test Loss = 0.0275
Epoch 61: Train Loss = 0.0744, Test Loss = 0.0267
Epoch 62: Train Loss = 0.0755, Test Loss = 0.0265
Epoch 63: Train Loss = 0.0773, Test Loss = 0.0264
Epoch 64: Train Loss = 0.0787, Test Loss = 0.0265
Epoch 65: Train Loss = 0.0718, Test Loss = 0.0295
Epoch 66: Train Loss = 0.0745, Test Loss = 0.0255
Epoch 67: Train Loss = 0.0736, Test Loss = 0.0260
Epoch 68: Train Loss = 0.0724, Test Loss = 0.0280
Epoch 69: Train Loss = 0.0780, Test Loss = 0.0286
Epoch 70: Train Loss = 0.0744, Test Loss = 0.0256
Epoch 71: Train Loss = 0.0710, Test Loss = 0.0263
Epoch 72: Train Loss = 0.0751, Test Loss = 0.0261
Epoch 73: Train Loss = 0.0788, Test Loss = 0.0303
Epoch 74: Train Loss = 0.0750, Test Loss = 0.0268
Epoch 75: Train Loss = 0.0748, Test Loss = 0.0269
Epoch 76: Train Loss = 0.0750, Test Loss = 0.0255
Epoch 77: Train Loss = 0.0750, Test Loss = 0.0239
Epoch 78: Train Loss = 0.0704, Test Loss = 0.0257
Epoch 79: Train Loss = 0.0710, Test Loss = 0.0250
Epoch 80: Train Loss = 0.0770, Test Loss = 0.0267
Epoch 81: Train Loss = 0.0725, Test Loss = 0.0256
Epoch 82: Train Loss = 0.0726, Test Loss = 0.0251
Epoch 83: Train Loss = 0.0706, Test Loss = 0.0245
Epoch 84: Train Loss = 0.0708, Test Loss = 0.0245
Epoch 85: Train Loss = 0.0704, Test Loss = 0.0240
Epoch 86: Train Loss = 0.0747, Test Loss = 0.0238
Epoch 87: Train Loss = 0.0701, Test Loss = 0.0260
Epoch 88: Train Loss = 0.0743, Test Loss = 0.0254
Epoch 89: Train Loss = 0.0725, Test Loss = 0.0284
Epoch 90: Train Loss = 0.0728, Test Loss = 0.0274
Epoch 91: Train Loss = 0.0715, Test Loss = 0.0254
Epoch 92: Train Loss = 0.0689, Test Loss = 0.0240
Epoch 93: Train Loss = 0.0717, Test Loss = 0.0253
Epoch 94: Train Loss = 0.0742, Test Loss = 0.0264
Epoch 95: Train Loss = 0.0696, Test Loss = 0.0255
Epoch 96: Train Loss = 0.0723, Test Loss = 0.0260
Epoch 97: Train Loss = 0.0735, Test Loss = 0.0252
Epoch 98: Train Loss = 0.0686, Test Loss = 0.0270
Epoch 99: Train Loss = 0.0703, Test Loss = 0.0244
Epoch 100: Train Loss = 0.0691, Test Loss = 0.0251
Trial completed in 115.76s with error: 0.0251
Trial completed!
