Running on host hal0056.amarel.rutgers.edu
Time is Thu Apr 24 15:01:51 EDT 2025
Directory is /home/elp95/tfa-predictor
SLURM job ID is 43168545
Starting trial...
Running trial with config: {'input_size': 3883, 'output_size': 214, 'hidden_sizes': [4096, 2048, 1024], 'lr': 0.001384944932074332, 'weight_decay': 6.841671828013809e-05, 'batch_size': 64, 'max_epochs': 200, 'dropout_rate': 0.28301860524703815, 'activation': 'elu', 'optimizer': 'adam', 'learning_rate_schedule': 'step', 'batch_norm': 'true'}
Using data directory: /cache/home/elp95/tfa-predictor/data
xprs_path: /cache/home/elp95/tfa-predictor/data/gene-xprs/processed/xprs-data.csv
tfa_path: /cache/home/elp95/tfa-predictor/data/tfa/processed/tfa-labels.csv
Epoch 1: Train Loss = 0.3973, Test Loss = 0.0878
Epoch 2: Train Loss = 0.2328, Test Loss = 0.0744
Epoch 3: Train Loss = 0.1819, Test Loss = 0.0592
Epoch 4: Train Loss = 0.1509, Test Loss = 0.0467
Epoch 5: Train Loss = 0.1223, Test Loss = 0.0535
Epoch 6: Train Loss = 0.1103, Test Loss = 0.0480
Epoch 7: Train Loss = 0.1094, Test Loss = 0.0555
Epoch 8: Train Loss = 0.0956, Test Loss = 0.0428
Epoch 9: Train Loss = 0.0841, Test Loss = 0.0463
Epoch 10: Train Loss = 0.0820, Test Loss = 0.0465
Epoch 11: Train Loss = 0.0814, Test Loss = 0.0444
Epoch 12: Train Loss = 0.0748, Test Loss = 0.0430
Epoch 13: Train Loss = 0.0720, Test Loss = 0.0429
Epoch 14: Train Loss = 0.0719, Test Loss = 0.0400
Epoch 15: Train Loss = 0.0828, Test Loss = 0.0398
Epoch 16: Train Loss = 0.0839, Test Loss = 0.0381
Epoch 17: Train Loss = 0.0760, Test Loss = 0.0451
Epoch 18: Train Loss = 0.0847, Test Loss = 0.0434
Epoch 19: Train Loss = 0.0745, Test Loss = 0.0439
Epoch 20: Train Loss = 0.0735, Test Loss = 0.0473
Epoch 21: Train Loss = 0.0763, Test Loss = 0.0506
Epoch 22: Train Loss = 0.0701, Test Loss = 0.0498
Epoch 23: Train Loss = 0.0864, Test Loss = 0.0452
Epoch 24: Train Loss = 0.0706, Test Loss = 0.0371
Epoch 25: Train Loss = 0.0671, Test Loss = 0.0506
Epoch 26: Train Loss = 0.0706, Test Loss = 0.0573
Epoch 27: Train Loss = 0.0745, Test Loss = 0.0504
Epoch 28: Train Loss = 0.0731, Test Loss = 0.0468
Epoch 29: Train Loss = 0.0669, Test Loss = 0.0469
Epoch 30: Train Loss = 0.0732, Test Loss = 0.0416
Epoch 31: Train Loss = 0.0657, Test Loss = 0.0440
Epoch 32: Train Loss = 0.0698, Test Loss = 0.0498
Epoch 33: Train Loss = 0.0669, Test Loss = 0.0432
Epoch 34: Train Loss = 0.0720, Test Loss = 0.0413
Epoch 35: Train Loss = 0.0736, Test Loss = 0.0429
Epoch 36: Train Loss = 0.0767, Test Loss = 0.0740
Epoch 37: Train Loss = 0.0799, Test Loss = 0.0423
Epoch 38: Train Loss = 0.0728, Test Loss = 0.0490
Epoch 39: Train Loss = 0.0669, Test Loss = 0.0415
Epoch 40: Train Loss = 0.0644, Test Loss = 0.0423
Epoch 41: Train Loss = 0.0664, Test Loss = 0.0359
Epoch 42: Train Loss = 0.0657, Test Loss = 0.0434
Epoch 43: Train Loss = 0.0932, Test Loss = 0.0433
Epoch 44: Train Loss = 0.0825, Test Loss = 0.0529
Epoch 45: Train Loss = 0.0695, Test Loss = 0.0439
Epoch 46: Train Loss = 0.0665, Test Loss = 0.0490
Epoch 47: Train Loss = 0.0667, Test Loss = 0.0520
Epoch 48: Train Loss = 0.0674, Test Loss = 0.0561
Epoch 49: Train Loss = 0.0673, Test Loss = 0.0412
Epoch 50: Train Loss = 0.0939, Test Loss = 0.0412
Epoch 51: Train Loss = 0.0801, Test Loss = 0.0589
Epoch 52: Train Loss = 0.0809, Test Loss = 0.0451
Epoch 53: Train Loss = 0.0688, Test Loss = 0.0496
Epoch 54: Train Loss = 0.0685, Test Loss = 0.0406
Epoch 55: Train Loss = 0.0721, Test Loss = 0.0476
Epoch 56: Train Loss = 0.0644, Test Loss = 0.0376
Epoch 57: Train Loss = 0.0643, Test Loss = 0.0357
Epoch 58: Train Loss = 0.0642, Test Loss = 0.0396
Epoch 59: Train Loss = 0.0696, Test Loss = 0.0399
Epoch 60: Train Loss = 0.0753, Test Loss = 0.0480
Epoch 61: Train Loss = 0.0692, Test Loss = 0.0448
Epoch 62: Train Loss = 0.0679, Test Loss = 0.0399
Epoch 63: Train Loss = 0.0649, Test Loss = 0.0428
Epoch 64: Train Loss = 0.0643, Test Loss = 0.0442
Epoch 65: Train Loss = 0.0669, Test Loss = 0.0418
Epoch 66: Train Loss = 0.0794, Test Loss = 0.0439
Epoch 67: Train Loss = 0.0815, Test Loss = 0.0505
Epoch 68: Train Loss = 0.0756, Test Loss = 0.0458
Epoch 69: Train Loss = 0.0637, Test Loss = 0.0389
Epoch 70: Train Loss = 0.0657, Test Loss = 0.0377
Epoch 71: Train Loss = 0.0662, Test Loss = 0.0372
Epoch 72: Train Loss = 0.0657, Test Loss = 0.0385
Epoch 73: Train Loss = 0.0694, Test Loss = 0.0461
Epoch 74: Train Loss = 0.0751, Test Loss = 0.0453
Epoch 75: Train Loss = 0.0692, Test Loss = 0.0360
Epoch 76: Train Loss = 0.0652, Test Loss = 0.0450
Epoch 77: Train Loss = 0.0657, Test Loss = 0.0314
Epoch 78: Train Loss = 0.0630, Test Loss = 0.0305
Epoch 79: Train Loss = 0.0633, Test Loss = 0.0375
Epoch 80: Train Loss = 0.0654, Test Loss = 0.0306
Epoch 81: Train Loss = 0.0669, Test Loss = 0.0318
Epoch 82: Train Loss = 0.0637, Test Loss = 0.0384
Epoch 83: Train Loss = 0.0702, Test Loss = 0.0364
Epoch 84: Train Loss = 0.0668, Test Loss = 0.0315
Epoch 85: Train Loss = 0.0693, Test Loss = 0.0366
Epoch 86: Train Loss = 0.0644, Test Loss = 0.0407
Epoch 87: Train Loss = 0.0686, Test Loss = 0.0362
Epoch 88: Train Loss = 0.0669, Test Loss = 0.0339
Epoch 89: Train Loss = 0.0641, Test Loss = 0.0329
Epoch 90: Train Loss = 0.0667, Test Loss = 0.0335
Epoch 91: Train Loss = 0.0642, Test Loss = 0.0289
Epoch 92: Train Loss = 0.0688, Test Loss = 0.0396
Epoch 93: Train Loss = 0.0683, Test Loss = 0.0402
Epoch 94: Train Loss = 0.0644, Test Loss = 0.0329
Epoch 95: Train Loss = 0.0648, Test Loss = 0.0355
Epoch 96: Train Loss = 0.0749, Test Loss = 0.0421
Epoch 97: Train Loss = 0.0702, Test Loss = 0.0393
Epoch 98: Train Loss = 0.0666, Test Loss = 0.0309
Epoch 99: Train Loss = 0.0625, Test Loss = 0.0310
Epoch 100: Train Loss = 0.0623, Test Loss = 0.0325
Epoch 101: Train Loss = 0.0614, Test Loss = 0.0293
Epoch 102: Train Loss = 0.0599, Test Loss = 0.0289
Epoch 103: Train Loss = 0.0615, Test Loss = 0.0255
Epoch 104: Train Loss = 0.0650, Test Loss = 0.0330
Epoch 105: Train Loss = 0.0694, Test Loss = 0.0453
Epoch 106: Train Loss = 0.0866, Test Loss = 0.0410
Epoch 107: Train Loss = 0.0752, Test Loss = 0.0425
Epoch 108: Train Loss = 0.0678, Test Loss = 0.0296
Epoch 109: Train Loss = 0.0633, Test Loss = 0.0265
Epoch 110: Train Loss = 0.0610, Test Loss = 0.0328
Epoch 111: Train Loss = 0.0641, Test Loss = 0.0321
Epoch 112: Train Loss = 0.0679, Test Loss = 0.0300
Epoch 113: Train Loss = 0.0636, Test Loss = 0.0281
Epoch 114: Train Loss = 0.0622, Test Loss = 0.0313
Epoch 115: Train Loss = 0.0658, Test Loss = 0.0293
Epoch 116: Train Loss = 0.0699, Test Loss = 0.0354
Epoch 117: Train Loss = 0.0688, Test Loss = 0.0319
Epoch 118: Train Loss = 0.0661, Test Loss = 0.0276
Epoch 119: Train Loss = 0.0638, Test Loss = 0.0282
Epoch 120: Train Loss = 0.0680, Test Loss = 0.0337
Epoch 121: Train Loss = 0.0661, Test Loss = 0.0289
Epoch 122: Train Loss = 0.0659, Test Loss = 0.0293
Epoch 123: Train Loss = 0.0641, Test Loss = 0.0296
Epoch 124: Train Loss = 0.0640, Test Loss = 0.0284
Epoch 125: Train Loss = 0.0633, Test Loss = 0.0317
Epoch 126: Train Loss = 0.0654, Test Loss = 0.0337
Epoch 127: Train Loss = 0.0673, Test Loss = 0.0279
Epoch 128: Train Loss = 0.0725, Test Loss = 0.0346
Epoch 129: Train Loss = 0.0751, Test Loss = 0.0406
Epoch 130: Train Loss = 0.0680, Test Loss = 0.0278
Epoch 131: Train Loss = 0.0653, Test Loss = 0.0260
Epoch 132: Train Loss = 0.0626, Test Loss = 0.0312
Epoch 133: Train Loss = 0.0628, Test Loss = 0.0269
Epoch 134: Train Loss = 0.0647, Test Loss = 0.0290
Epoch 135: Train Loss = 0.0621, Test Loss = 0.0257
Epoch 136: Train Loss = 0.0627, Test Loss = 0.0337
Epoch 137: Train Loss = 0.0650, Test Loss = 0.0333
Epoch 138: Train Loss = 0.0641, Test Loss = 0.0301
Epoch 139: Train Loss = 0.0655, Test Loss = 0.0284
Epoch 140: Train Loss = 0.0660, Test Loss = 0.0374
Epoch 141: Train Loss = 0.0640, Test Loss = 0.0306
Epoch 142: Train Loss = 0.0644, Test Loss = 0.0314
Epoch 143: Train Loss = 0.0705, Test Loss = 0.0349
Epoch 144: Train Loss = 0.0691, Test Loss = 0.0287
Epoch 145: Train Loss = 0.0646, Test Loss = 0.0343
Epoch 146: Train Loss = 0.0622, Test Loss = 0.0334
Epoch 147: Train Loss = 0.0625, Test Loss = 0.0293
Epoch 148: Train Loss = 0.0642, Test Loss = 0.0355
Epoch 149: Train Loss = 0.0758, Test Loss = 0.0346
Epoch 150: Train Loss = 0.0816, Test Loss = 0.0455
Epoch 151: Train Loss = 0.0836, Test Loss = 0.0378
Epoch 152: Train Loss = 0.0684, Test Loss = 0.0246
Epoch 153: Train Loss = 0.0698, Test Loss = 0.0361
Epoch 154: Train Loss = 0.0642, Test Loss = 0.0310
Epoch 155: Train Loss = 0.0633, Test Loss = 0.0290
Epoch 156: Train Loss = 0.0625, Test Loss = 0.0294
Epoch 157: Train Loss = 0.0636, Test Loss = 0.0253
Epoch 158: Train Loss = 0.0643, Test Loss = 0.0282
Epoch 159: Train Loss = 0.0660, Test Loss = 0.0305
Epoch 160: Train Loss = 0.0634, Test Loss = 0.0321
Epoch 161: Train Loss = 0.0634, Test Loss = 0.0324
Epoch 162: Train Loss = 0.0678, Test Loss = 0.0409
Epoch 163: Train Loss = 0.0719, Test Loss = 0.0431
Epoch 164: Train Loss = 0.0698, Test Loss = 0.0364
Epoch 165: Train Loss = 0.0657, Test Loss = 0.0368
Epoch 166: Train Loss = 0.0673, Test Loss = 0.0347
Epoch 167: Train Loss = 0.0632, Test Loss = 0.0284
Epoch 168: Train Loss = 0.0646, Test Loss = 0.0353
Epoch 169: Train Loss = 0.0666, Test Loss = 0.0355
Epoch 170: Train Loss = 0.0643, Test Loss = 0.0280
Epoch 171: Train Loss = 0.0657, Test Loss = 0.0271
Epoch 172: Train Loss = 0.0666, Test Loss = 0.0275
Epoch 173: Train Loss = 0.0639, Test Loss = 0.0274
Epoch 174: Train Loss = 0.0669, Test Loss = 0.0284
Epoch 175: Train Loss = 0.0626, Test Loss = 0.0303
Epoch 176: Train Loss = 0.0619, Test Loss = 0.0287
Epoch 177: Train Loss = 0.0717, Test Loss = 0.0361
Epoch 178: Train Loss = 0.0632, Test Loss = 0.0298
Epoch 179: Train Loss = 0.0614, Test Loss = 0.0262
Epoch 180: Train Loss = 0.0628, Test Loss = 0.0225
Epoch 181: Train Loss = 0.0625, Test Loss = 0.0248
Epoch 182: Train Loss = 0.0614, Test Loss = 0.0267
Epoch 183: Train Loss = 0.0606, Test Loss = 0.0258
Epoch 184: Train Loss = 0.0616, Test Loss = 0.0244
Epoch 185: Train Loss = 0.0689, Test Loss = 0.0327
Epoch 186: Train Loss = 0.0732, Test Loss = 0.0331
Epoch 187: Train Loss = 0.0725, Test Loss = 0.0290
Epoch 188: Train Loss = 0.0688, Test Loss = 0.0361
Epoch 189: Train Loss = 0.0685, Test Loss = 0.0260
Epoch 190: Train Loss = 0.0720, Test Loss = 0.0340
Epoch 191: Train Loss = 0.0657, Test Loss = 0.0377
Epoch 192: Train Loss = 0.0654, Test Loss = 0.0241
Epoch 193: Train Loss = 0.0613, Test Loss = 0.0259
Epoch 194: Train Loss = 0.0620, Test Loss = 0.0292
Epoch 195: Train Loss = 0.0625, Test Loss = 0.0279
Epoch 196: Train Loss = 0.0629, Test Loss = 0.0280
Epoch 197: Train Loss = 0.0637, Test Loss = 0.0268
Epoch 198: Train Loss = 0.0651, Test Loss = 0.0260
Epoch 199: Train Loss = 0.0639, Test Loss = 0.0306
Epoch 200: Train Loss = 0.0674, Test Loss = 0.0367
Trial completed in 1291.03s with error: 0.0367
Trial completed!
