Running on host hal0059.amarel.rutgers.edu
Time is Thu Apr 24 15:11:41 EDT 2025
Directory is /home/elp95/tfa-predictor
SLURM job ID is 43168643
Starting trial...
Running trial with config: {'input_size': 3883, 'output_size': 214, 'hidden_sizes': [1024, 1024, 1024], 'lr': 0.00453621537118797, 'weight_decay': 0.00023699388000283358, 'batch_size': 16, 'max_epochs': 300, 'dropout_rate': 0.4654645528436463, 'activation': 'leaky_relu', 'optimizer': 'sgd_momentum', 'learning_rate_schedule': 'step', 'batch_norm': 'true'}
Using data directory: /cache/home/elp95/tfa-predictor/data
xprs_path: /cache/home/elp95/tfa-predictor/data/gene-xprs/processed/xprs-data.csv
tfa_path: /cache/home/elp95/tfa-predictor/data/tfa/processed/tfa-labels.csv
Epoch 1: Train Loss = 0.7824, Test Loss = 0.3129
Epoch 2: Train Loss = 0.4515, Test Loss = 0.2326
Epoch 3: Train Loss = 0.3621, Test Loss = 0.2535
Epoch 4: Train Loss = 0.3189, Test Loss = 0.1901
Epoch 5: Train Loss = 0.2887, Test Loss = 0.2143
Epoch 6: Train Loss = 0.2756, Test Loss = 0.1605
Epoch 7: Train Loss = 0.2697, Test Loss = 0.1181
Epoch 8: Train Loss = 0.2619, Test Loss = 0.1136
Epoch 9: Train Loss = 0.2563, Test Loss = 0.1389
Epoch 10: Train Loss = 0.2546, Test Loss = 0.1423
Epoch 11: Train Loss = 0.2653, Test Loss = 0.3375
Epoch 12: Train Loss = 0.2761, Test Loss = 0.1327
Epoch 13: Train Loss = 0.2735, Test Loss = 0.1228
Epoch 14: Train Loss = 0.2611, Test Loss = 0.1208
Epoch 15: Train Loss = 0.2693, Test Loss = 0.1321
Epoch 16: Train Loss = 0.2695, Test Loss = 0.1342
Epoch 17: Train Loss = 0.2682, Test Loss = 0.1200
Epoch 18: Train Loss = 0.2685, Test Loss = 0.1265
Epoch 19: Train Loss = 0.2645, Test Loss = 0.1106
Epoch 20: Train Loss = 0.2620, Test Loss = 0.1237
Epoch 21: Train Loss = 0.2628, Test Loss = 0.1462
Epoch 22: Train Loss = 0.2651, Test Loss = 0.1322
Epoch 23: Train Loss = 0.3089, Test Loss = 0.1237
Epoch 24: Train Loss = 0.2799, Test Loss = 0.1305
Epoch 25: Train Loss = 0.2715, Test Loss = 0.1124
Epoch 26: Train Loss = 0.2680, Test Loss = 0.1144
Epoch 27: Train Loss = 0.2667, Test Loss = 0.1213
Epoch 28: Train Loss = 0.2683, Test Loss = 0.1244
Epoch 29: Train Loss = 0.2675, Test Loss = 0.1298
Epoch 30: Train Loss = 0.2657, Test Loss = 0.1123
Epoch 31: Train Loss = 0.2658, Test Loss = 0.1314
Epoch 32: Train Loss = 0.2687, Test Loss = 0.1102
Epoch 33: Train Loss = 0.2637, Test Loss = 0.0969
Epoch 34: Train Loss = 0.2642, Test Loss = 0.1363
Epoch 35: Train Loss = 0.2621, Test Loss = 0.1053
Epoch 36: Train Loss = 0.2615, Test Loss = 0.1074
Epoch 37: Train Loss = 0.2661, Test Loss = 0.1192
Epoch 38: Train Loss = 0.2720, Test Loss = 0.1130
Epoch 39: Train Loss = 0.2665, Test Loss = 0.1114
Epoch 40: Train Loss = 0.2645, Test Loss = 0.1365
Epoch 41: Train Loss = 0.2677, Test Loss = 0.1263
Epoch 42: Train Loss = 0.2685, Test Loss = 0.1260
Epoch 43: Train Loss = 0.2697, Test Loss = 0.1384
Epoch 44: Train Loss = 0.2802, Test Loss = 0.1187
Epoch 45: Train Loss = 0.2799, Test Loss = 0.1386
Epoch 46: Train Loss = 0.2740, Test Loss = 0.1532
Epoch 47: Train Loss = 0.2695, Test Loss = 0.1386
Epoch 48: Train Loss = 0.2740, Test Loss = 0.1108
Epoch 49: Train Loss = 0.2699, Test Loss = 0.1171
Epoch 50: Train Loss = 0.2695, Test Loss = 0.1115
Epoch 51: Train Loss = 0.2705, Test Loss = 0.1271
Epoch 52: Train Loss = 0.2707, Test Loss = 0.1161
Epoch 53: Train Loss = 0.2667, Test Loss = 0.1547
Epoch 54: Train Loss = 0.2682, Test Loss = 0.1125
Epoch 55: Train Loss = 0.2703, Test Loss = 0.1183
Epoch 56: Train Loss = 0.2680, Test Loss = 0.1041
Epoch 57: Train Loss = 0.2711, Test Loss = 0.1095
Epoch 58: Train Loss = 0.2660, Test Loss = 0.1185
Epoch 59: Train Loss = 0.2715, Test Loss = 0.1263
Epoch 60: Train Loss = 0.2707, Test Loss = 0.1012
Epoch 61: Train Loss = 0.2732, Test Loss = 0.1081
Epoch 62: Train Loss = 0.2737, Test Loss = 0.1250
Epoch 63: Train Loss = 0.2707, Test Loss = 0.1341
Epoch 64: Train Loss = 0.2739, Test Loss = 0.0951
Epoch 65: Train Loss = 0.2655, Test Loss = 0.1175
Epoch 66: Train Loss = 0.2770, Test Loss = 0.1329
Epoch 67: Train Loss = 0.2749, Test Loss = 0.1141
Epoch 68: Train Loss = 0.2783, Test Loss = 0.2011
Epoch 69: Train Loss = 0.2830, Test Loss = 0.1521
Epoch 70: Train Loss = 0.2733, Test Loss = 0.1282
Epoch 71: Train Loss = 0.2789, Test Loss = 0.1202
Epoch 72: Train Loss = 0.2733, Test Loss = 0.1238
Epoch 73: Train Loss = 0.2662, Test Loss = 0.1516
Epoch 74: Train Loss = 0.2765, Test Loss = 0.1091
Epoch 75: Train Loss = 0.2786, Test Loss = 0.1542
Epoch 76: Train Loss = 0.2737, Test Loss = 0.1320
Epoch 77: Train Loss = 0.2637, Test Loss = 0.1044
Epoch 78: Train Loss = 0.2708, Test Loss = 0.0989
Epoch 79: Train Loss = 0.2711, Test Loss = 0.1053
Epoch 80: Train Loss = 0.2716, Test Loss = 0.1096
Epoch 81: Train Loss = 0.2741, Test Loss = 0.1049
Epoch 82: Train Loss = 0.2711, Test Loss = 0.1320
Epoch 83: Train Loss = 0.2667, Test Loss = 0.1011
Epoch 84: Train Loss = 0.2694, Test Loss = 0.1392
Epoch 85: Train Loss = 0.2687, Test Loss = 0.1508
Epoch 86: Train Loss = 0.2675, Test Loss = 0.1201
Epoch 87: Train Loss = 0.2750, Test Loss = 0.1108
Epoch 88: Train Loss = 0.2745, Test Loss = 0.1290
Epoch 89: Train Loss = 0.2768, Test Loss = 0.1234
Epoch 90: Train Loss = 0.2782, Test Loss = 0.1047
Epoch 91: Train Loss = 0.2711, Test Loss = 0.1030
Epoch 92: Train Loss = 0.2666, Test Loss = 0.1371
Epoch 93: Train Loss = 0.2770, Test Loss = 0.1162
Epoch 94: Train Loss = 0.2704, Test Loss = 0.1154
Epoch 95: Train Loss = 0.2874, Test Loss = 0.1361
Epoch 96: Train Loss = 0.2910, Test Loss = 0.1465
Epoch 97: Train Loss = 0.2851, Test Loss = 0.1857
Epoch 98: Train Loss = 0.2863, Test Loss = 0.1669
Epoch 99: Train Loss = 0.2867, Test Loss = 37.8439
Epoch 100: Train Loss = 0.3051, Test Loss = 0.2635
Epoch 101: Train Loss = 0.3012, Test Loss = 2.7348
Epoch 102: Train Loss = 0.2851, Test Loss = 0.1712
Epoch 103: Train Loss = 0.2917, Test Loss = 15.8891
Epoch 104: Train Loss = 0.2895, Test Loss = 0.1343
Epoch 105: Train Loss = 0.2815, Test Loss = 0.1057
Epoch 106: Train Loss = 0.2777, Test Loss = 0.1178
Epoch 107: Train Loss = 0.2694, Test Loss = 0.1268
Epoch 108: Train Loss = 0.2717, Test Loss = 0.0995
Epoch 109: Train Loss = 0.2709, Test Loss = 5.0259
Epoch 110: Train Loss = 0.2744, Test Loss = 0.0974
Epoch 111: Train Loss = 0.2724, Test Loss = 0.1292
Epoch 112: Train Loss = 0.2719, Test Loss = 0.0983
Epoch 113: Train Loss = 0.2661, Test Loss = 0.1154
Epoch 114: Train Loss = 0.2656, Test Loss = 0.0900
Epoch 115: Train Loss = 0.2735, Test Loss = 0.1067
Epoch 116: Train Loss = 0.2748, Test Loss = 0.1158
Epoch 117: Train Loss = 0.2688, Test Loss = 0.1136
Epoch 118: Train Loss = 0.2695, Test Loss = 0.1134
Epoch 119: Train Loss = 0.2727, Test Loss = 0.1128
Epoch 120: Train Loss = 0.2735, Test Loss = 0.0973
Epoch 121: Train Loss = 0.2656, Test Loss = 0.1085
Epoch 122: Train Loss = 0.2731, Test Loss = 0.0902
Epoch 123: Train Loss = 0.2685, Test Loss = 0.1342
Epoch 124: Train Loss = 0.2746, Test Loss = 0.1026
Epoch 125: Train Loss = 0.2763, Test Loss = 0.0955
Epoch 126: Train Loss = 0.2721, Test Loss = 0.1057
Epoch 127: Train Loss = 0.2785, Test Loss = 0.1272
Epoch 128: Train Loss = 0.2727, Test Loss = 0.1104
Epoch 129: Train Loss = 0.2696, Test Loss = 0.1333
Epoch 130: Train Loss = 0.2702, Test Loss = 0.1292
Epoch 131: Train Loss = 0.2780, Test Loss = 0.1270
Epoch 132: Train Loss = 0.2732, Test Loss = 0.1130
Epoch 133: Train Loss = 0.2747, Test Loss = 0.0965
Epoch 134: Train Loss = 0.2705, Test Loss = 0.1363
Epoch 135: Train Loss = 0.2754, Test Loss = 0.1128
Epoch 136: Train Loss = 0.2890, Test Loss = 0.1256
Epoch 137: Train Loss = 0.2720, Test Loss = 0.1188
Epoch 138: Train Loss = 0.2725, Test Loss = 0.1277
Epoch 139: Train Loss = 0.2744, Test Loss = 0.1065
Epoch 140: Train Loss = 0.2720, Test Loss = 0.1080
Epoch 141: Train Loss = 0.2781, Test Loss = 0.1099
Epoch 142: Train Loss = 0.2786, Test Loss = 0.1383
Epoch 143: Train Loss = 0.2783, Test Loss = 0.1249
Epoch 144: Train Loss = 0.2752, Test Loss = 0.1084
Epoch 145: Train Loss = 0.2716, Test Loss = 0.1098
Epoch 146: Train Loss = 0.2731, Test Loss = 0.0938
Epoch 147: Train Loss = 0.2699, Test Loss = 0.1078
Epoch 148: Train Loss = 0.2734, Test Loss = 0.1018
Epoch 149: Train Loss = 0.2692, Test Loss = 0.1274
Epoch 150: Train Loss = 0.2756, Test Loss = 0.1158
Epoch 151: Train Loss = 0.2751, Test Loss = 0.1096
Epoch 152: Train Loss = 0.2764, Test Loss = 0.0888
Epoch 153: Train Loss = 0.2748, Test Loss = 0.1376
Epoch 154: Train Loss = 0.2759, Test Loss = 0.1423
Epoch 155: Train Loss = 0.2724, Test Loss = 0.1303
Epoch 156: Train Loss = 0.2749, Test Loss = 0.1086
Epoch 157: Train Loss = 0.2654, Test Loss = 0.1185
Epoch 158: Train Loss = 0.2718, Test Loss = 0.1394
Epoch 159: Train Loss = 0.2678, Test Loss = 0.1051
Epoch 160: Train Loss = 0.2737, Test Loss = 0.1161
Epoch 161: Train Loss = 0.2736, Test Loss = 0.1470
Epoch 162: Train Loss = 0.2758, Test Loss = 0.1216
Epoch 163: Train Loss = 0.2742, Test Loss = 0.1181
Epoch 164: Train Loss = 0.2705, Test Loss = 0.1521
Epoch 165: Train Loss = 0.2633, Test Loss = 0.1024
Epoch 166: Train Loss = 0.2708, Test Loss = 0.0998
Epoch 167: Train Loss = 0.2706, Test Loss = 0.1435
Epoch 168: Train Loss = 0.2765, Test Loss = 0.1090
Epoch 169: Train Loss = 0.2706, Test Loss = 0.1146
Epoch 170: Train Loss = 0.2758, Test Loss = 0.1145
Epoch 171: Train Loss = 0.2733, Test Loss = 0.0937
Epoch 172: Train Loss = 0.2733, Test Loss = 0.1098
Epoch 173: Train Loss = 0.2753, Test Loss = 0.1175
Epoch 174: Train Loss = 0.2718, Test Loss = 0.1194
Epoch 175: Train Loss = 0.2686, Test Loss = 0.1002
Epoch 176: Train Loss = 0.2725, Test Loss = 0.0921
Epoch 177: Train Loss = 0.2723, Test Loss = 0.1068
Epoch 178: Train Loss = 0.2750, Test Loss = 0.1365
Epoch 179: Train Loss = 0.2826, Test Loss = 0.8203
Epoch 180: Train Loss = 0.2871, Test Loss = 0.3690
Epoch 181: Train Loss = 0.2778, Test Loss = 0.1228
Epoch 182: Train Loss = 0.2838, Test Loss = 0.2119
Epoch 183: Train Loss = 0.2941, Test Loss = 0.1703
Epoch 184: Train Loss = 0.2930, Test Loss = 0.1106
Epoch 185: Train Loss = 0.2812, Test Loss = 0.1652
Epoch 186: Train Loss = 0.2827, Test Loss = 1.9424
Epoch 187: Train Loss = 0.2857, Test Loss = 0.1380
Epoch 188: Train Loss = 0.2887, Test Loss = 0.1434
Epoch 189: Train Loss = 0.2815, Test Loss = 0.1147
Epoch 190: Train Loss = 0.2825, Test Loss = 0.4154
Epoch 191: Train Loss = 0.3038, Test Loss = 0.1370
Epoch 192: Train Loss = 0.2839, Test Loss = 0.1501
Epoch 193: Train Loss = 0.2789, Test Loss = 0.1448
Epoch 194: Train Loss = 0.2779, Test Loss = 0.1226
Epoch 195: Train Loss = 0.2770, Test Loss = 0.1151
Epoch 196: Train Loss = 0.2686, Test Loss = 0.1087
Epoch 197: Train Loss = 0.2724, Test Loss = 0.1225
Epoch 198: Train Loss = 0.2684, Test Loss = 0.1272
Epoch 199: Train Loss = 0.2661, Test Loss = 0.0996
Epoch 200: Train Loss = 0.2621, Test Loss = 0.1336
Epoch 201: Train Loss = 0.2696, Test Loss = 0.1133
Epoch 202: Train Loss = 0.2738, Test Loss = 0.1138
Epoch 203: Train Loss = 0.2658, Test Loss = 0.1127
Epoch 204: Train Loss = 0.2707, Test Loss = 0.1131
Epoch 205: Train Loss = 0.2721, Test Loss = 0.1060
Epoch 206: Train Loss = 0.2691, Test Loss = 0.1167
Epoch 207: Train Loss = 0.2757, Test Loss = 0.1263
Epoch 208: Train Loss = 0.2801, Test Loss = 0.1130
Epoch 209: Train Loss = 0.2697, Test Loss = 0.1045
Epoch 210: Train Loss = 0.2716, Test Loss = 0.1287
Epoch 211: Train Loss = 0.2734, Test Loss = 0.1013
Epoch 212: Train Loss = 0.2688, Test Loss = 0.1209
Epoch 213: Train Loss = 0.2743, Test Loss = 0.0981
Epoch 214: Train Loss = 0.2757, Test Loss = 0.1242
Epoch 215: Train Loss = 0.2716, Test Loss = 0.1128
Epoch 216: Train Loss = 0.2744, Test Loss = 0.1082
Epoch 217: Train Loss = 0.2769, Test Loss = 0.3346
Epoch 218: Train Loss = 0.2638, Test Loss = 0.1079
Epoch 219: Train Loss = 0.2666, Test Loss = 0.1115
Epoch 220: Train Loss = 0.2746, Test Loss = 0.1165
Epoch 221: Train Loss = 0.2719, Test Loss = 0.1293
Epoch 222: Train Loss = 0.2745, Test Loss = 0.1261
Epoch 223: Train Loss = 0.2721, Test Loss = 0.1557
Epoch 224: Train Loss = 0.2725, Test Loss = 0.0992
Epoch 225: Train Loss = 0.2710, Test Loss = 0.1412
Epoch 226: Train Loss = 0.2696, Test Loss = 0.1127
Epoch 227: Train Loss = 0.2686, Test Loss = 0.1014
Epoch 228: Train Loss = 0.2734, Test Loss = 0.0998
Epoch 229: Train Loss = 0.2709, Test Loss = 0.1252
Epoch 230: Train Loss = 0.2735, Test Loss = 0.1107
Epoch 231: Train Loss = 0.2730, Test Loss = 0.1435
Epoch 232: Train Loss = 0.2732, Test Loss = 0.1037
Epoch 233: Train Loss = 0.2693, Test Loss = 0.1500
Epoch 234: Train Loss = 0.2806, Test Loss = 0.1426
Epoch 235: Train Loss = 0.2712, Test Loss = 0.1195
Epoch 236: Train Loss = 0.2934, Test Loss = 0.1418
Epoch 237: Train Loss = 0.2801, Test Loss = 0.1556
Epoch 238: Train Loss = 0.2761, Test Loss = 0.1190
Epoch 239: Train Loss = 0.2690, Test Loss = 0.0977
Epoch 240: Train Loss = 0.2759, Test Loss = 0.1373
Epoch 241: Train Loss = 0.2749, Test Loss = 0.1207
Epoch 242: Train Loss = 0.2755, Test Loss = 0.1228
Epoch 243: Train Loss = 0.2662, Test Loss = 0.1157
Epoch 244: Train Loss = 0.2703, Test Loss = 0.1153
Epoch 245: Train Loss = 0.2789, Test Loss = 0.1339
Epoch 246: Train Loss = 0.2688, Test Loss = 0.1006
Epoch 247: Train Loss = 0.2773, Test Loss = 0.1351
Epoch 248: Train Loss = 0.2760, Test Loss = 0.1040
Epoch 249: Train Loss = 0.2707, Test Loss = 0.1010
Epoch 250: Train Loss = 0.2711, Test Loss = 0.1315
Epoch 251: Train Loss = 0.2739, Test Loss = 0.1201
Epoch 252: Train Loss = 0.2715, Test Loss = 0.1213
Epoch 253: Train Loss = 0.2730, Test Loss = 0.1165
Epoch 254: Train Loss = 0.2702, Test Loss = 0.1103
Epoch 255: Train Loss = 0.2755, Test Loss = 0.1387
Epoch 256: Train Loss = 0.2736, Test Loss = 0.1231
Epoch 257: Train Loss = 0.2785, Test Loss = 0.1191
Epoch 258: Train Loss = 0.2711, Test Loss = 0.1214
Epoch 259: Train Loss = 0.2731, Test Loss = 0.1247
Epoch 260: Train Loss = 0.2746, Test Loss = 0.1209
Epoch 261: Train Loss = 0.2773, Test Loss = 0.1153
Epoch 262: Train Loss = 0.2740, Test Loss = 0.1231
Epoch 263: Train Loss = 0.2848, Test Loss = 0.1490
Epoch 264: Train Loss = 0.2732, Test Loss = 0.1425
Epoch 265: Train Loss = 0.2952, Test Loss = 0.1709
Epoch 266: Train Loss = 0.2800, Test Loss = 0.1336
Epoch 267: Train Loss = 0.2852, Test Loss = 8.3984
Epoch 268: Train Loss = 0.2776, Test Loss = 0.2781
Epoch 269: Train Loss = 0.2781, Test Loss = 0.1269
Epoch 270: Train Loss = 0.2829, Test Loss = 0.1344
Epoch 271: Train Loss = 0.2726, Test Loss = 0.1387
Epoch 272: Train Loss = 0.2837, Test Loss = 0.1116
Epoch 273: Train Loss = 0.2765, Test Loss = 0.1108
Epoch 274: Train Loss = 0.2670, Test Loss = 0.1010
Epoch 275: Train Loss = 0.2743, Test Loss = 0.1036
Epoch 276: Train Loss = 0.2668, Test Loss = 0.1088
Epoch 277: Train Loss = 0.2735, Test Loss = 0.1059
Epoch 278: Train Loss = 0.2709, Test Loss = 0.1005
Epoch 279: Train Loss = 0.2726, Test Loss = 0.1169
Epoch 280: Train Loss = 0.2695, Test Loss = 0.1284
Epoch 281: Train Loss = 0.2784, Test Loss = 0.1089
Epoch 282: Train Loss = 0.2699, Test Loss = 0.1198
Epoch 283: Train Loss = 0.2861, Test Loss = 0.1336
Epoch 284: Train Loss = 0.2838, Test Loss = 0.1350
Epoch 285: Train Loss = 0.2893, Test Loss = 0.1527
Epoch 286: Train Loss = 0.2879, Test Loss = 0.1395
Epoch 287: Train Loss = 0.2803, Test Loss = 0.1446
Epoch 288: Train Loss = 0.2781, Test Loss = 0.1519
Epoch 289: Train Loss = 0.2859, Test Loss = 0.1390
Epoch 290: Train Loss = 0.2840, Test Loss = 0.1221
Epoch 291: Train Loss = 0.2714, Test Loss = 0.1169
Epoch 292: Train Loss = 0.2728, Test Loss = 0.1143
Epoch 293: Train Loss = 0.2736, Test Loss = 0.1343
Epoch 294: Train Loss = 0.2750, Test Loss = 0.1346
Epoch 295: Train Loss = 0.2800, Test Loss = 0.1416
Epoch 296: Train Loss = 0.2946, Test Loss = 0.1675
Epoch 297: Train Loss = 0.3079, Test Loss = 0.2728
Epoch 298: Train Loss = 0.2742, Test Loss = 0.2049
Epoch 299: Train Loss = 0.2708, Test Loss = 0.1100
Epoch 300: Train Loss = 0.2726, Test Loss = 0.1166
Trial completed in 1504.52s with error: 0.1166
Trial completed!
