Running on host hal0080.amarel.rutgers.edu
Time is Thu Apr 24 14:44:50 EDT 2025
Directory is /home/elp95/tfa-predictor
SLURM job ID is 43168386
Starting trial...
Running trial with config: {'input_size': 3883, 'output_size': 214, 'hidden_sizes': [4096, 2048, 1024], 'lr': 0.0012684732399442218, 'weight_decay': 5.757759187507041e-05, 'batch_size': 16, 'max_epochs': 200, 'dropout_rate': 0.30351712384334234, 'activation': 'relu', 'optimizer': 'adam', 'learning_rate_schedule': 'none', 'batch_norm': 'true'}
Using data directory: /cache/home/elp95/tfa-predictor/data
xprs_path: /cache/home/elp95/tfa-predictor/data/gene-xprs/processed/xprs-data.csv
tfa_path: /cache/home/elp95/tfa-predictor/data/tfa/processed/tfa-labels.csv
Epoch 1: Train Loss = 0.4859, Test Loss = 0.1698
Epoch 2: Train Loss = 0.3255, Test Loss = 0.1266
Epoch 3: Train Loss = 0.2628, Test Loss = 0.1100
Epoch 4: Train Loss = 0.2400, Test Loss = 0.1171
Epoch 5: Train Loss = 0.2269, Test Loss = 0.1446
Epoch 6: Train Loss = 0.2243, Test Loss = 0.1236
Epoch 7: Train Loss = 0.2131, Test Loss = 0.1256
Epoch 8: Train Loss = 0.2147, Test Loss = 0.1391
Epoch 9: Train Loss = 0.2094, Test Loss = 0.1310
Epoch 10: Train Loss = 0.2158, Test Loss = 0.1172
Epoch 11: Train Loss = 0.2080, Test Loss = 0.0780
Epoch 12: Train Loss = 0.2051, Test Loss = 0.1068
Epoch 13: Train Loss = 0.1981, Test Loss = 0.0916
Epoch 14: Train Loss = 0.1960, Test Loss = 0.0975
Epoch 15: Train Loss = 0.1951, Test Loss = 0.1333
Epoch 16: Train Loss = 0.1931, Test Loss = 0.1143
Epoch 17: Train Loss = 0.1990, Test Loss = 0.0821
Epoch 18: Train Loss = 0.1899, Test Loss = 0.1211
Epoch 19: Train Loss = 0.1952, Test Loss = 0.0905
Epoch 20: Train Loss = 0.1901, Test Loss = 0.0878
Epoch 21: Train Loss = 0.1881, Test Loss = 0.0785
Epoch 22: Train Loss = 0.1855, Test Loss = 0.0861
Epoch 23: Train Loss = 0.1808, Test Loss = 0.1112
Epoch 24: Train Loss = 0.1821, Test Loss = 0.1100
Epoch 25: Train Loss = 0.1845, Test Loss = 0.1017
Epoch 26: Train Loss = 0.1791, Test Loss = 0.0820
Epoch 27: Train Loss = 0.1737, Test Loss = 0.1044
Epoch 28: Train Loss = 0.1760, Test Loss = 0.0831
Epoch 29: Train Loss = 0.1779, Test Loss = 0.0767
Epoch 30: Train Loss = 0.1846, Test Loss = 0.0887
Epoch 31: Train Loss = 0.1777, Test Loss = 0.0865
Epoch 32: Train Loss = 0.1730, Test Loss = 0.0676
Epoch 33: Train Loss = 0.1695, Test Loss = 0.0812
Epoch 34: Train Loss = 0.1710, Test Loss = 0.0720
Epoch 35: Train Loss = 0.1767, Test Loss = 0.0825
Epoch 36: Train Loss = 0.1642, Test Loss = 0.0903
Epoch 37: Train Loss = 0.1688, Test Loss = 0.0912
Epoch 38: Train Loss = 0.1716, Test Loss = 0.0850
Epoch 39: Train Loss = 0.1665, Test Loss = 0.0770
Epoch 40: Train Loss = 0.1639, Test Loss = 0.0751
Epoch 41: Train Loss = 0.1614, Test Loss = 0.0962
Epoch 42: Train Loss = 0.1619, Test Loss = 0.0764
Epoch 43: Train Loss = 0.1598, Test Loss = 0.0952
Epoch 44: Train Loss = 0.1588, Test Loss = 0.0874
Epoch 45: Train Loss = 0.1571, Test Loss = 0.0737
Epoch 46: Train Loss = 0.1605, Test Loss = 0.0762
Epoch 47: Train Loss = 0.1726, Test Loss = 0.0751
Epoch 48: Train Loss = 0.1664, Test Loss = 0.0792
Epoch 49: Train Loss = 0.1621, Test Loss = 0.0719
Epoch 50: Train Loss = 0.1569, Test Loss = 0.0764
Epoch 51: Train Loss = 0.1583, Test Loss = 0.0841
Epoch 52: Train Loss = 0.1558, Test Loss = 0.0852
Epoch 53: Train Loss = 0.1608, Test Loss = 0.0801
Epoch 54: Train Loss = 0.1574, Test Loss = 0.0681
Epoch 55: Train Loss = 0.1574, Test Loss = 0.0716
Epoch 56: Train Loss = 0.1571, Test Loss = 0.0822
Epoch 57: Train Loss = 0.1605, Test Loss = 0.0775
Epoch 58: Train Loss = 0.1630, Test Loss = 0.0737
Epoch 59: Train Loss = 0.1619, Test Loss = 0.0787
Epoch 60: Train Loss = 0.1601, Test Loss = 0.0717
Epoch 61: Train Loss = 0.1599, Test Loss = 0.0682
Epoch 62: Train Loss = 0.1539, Test Loss = 0.0740
Epoch 63: Train Loss = 0.1574, Test Loss = 0.0740
Epoch 64: Train Loss = 0.1539, Test Loss = 0.0781
Epoch 65: Train Loss = 0.1571, Test Loss = 0.0743
Epoch 66: Train Loss = 0.1522, Test Loss = 0.0803
Epoch 67: Train Loss = 0.1533, Test Loss = 0.0790
Epoch 68: Train Loss = 0.1517, Test Loss = 0.0745
Epoch 69: Train Loss = 0.1534, Test Loss = 0.0756
Epoch 70: Train Loss = 0.1545, Test Loss = 0.0837
Epoch 71: Train Loss = 0.1668, Test Loss = 0.0884
Epoch 72: Train Loss = 0.1620, Test Loss = 0.0712
Epoch 73: Train Loss = 0.1566, Test Loss = 0.0806
Epoch 74: Train Loss = 0.1581, Test Loss = 0.0845
Epoch 75: Train Loss = 0.1520, Test Loss = 0.0690
Epoch 76: Train Loss = 0.1530, Test Loss = 0.0825
Epoch 77: Train Loss = 0.1534, Test Loss = 0.0809
Epoch 78: Train Loss = 0.1594, Test Loss = 0.0839
Epoch 79: Train Loss = 0.1621, Test Loss = 0.0873
Epoch 80: Train Loss = 0.1548, Test Loss = 0.0845
Epoch 81: Train Loss = 0.1514, Test Loss = 0.0968
Epoch 82: Train Loss = 0.1540, Test Loss = 0.0671
Epoch 83: Train Loss = 0.1557, Test Loss = 0.0688
Epoch 84: Train Loss = 0.1572, Test Loss = 0.0734
Epoch 85: Train Loss = 0.1492, Test Loss = 0.0642
Epoch 86: Train Loss = 0.1592, Test Loss = 0.0784
Epoch 87: Train Loss = 0.1504, Test Loss = 0.0683
Epoch 88: Train Loss = 0.1542, Test Loss = 0.0763
Epoch 89: Train Loss = 0.1526, Test Loss = 0.0733
Epoch 90: Train Loss = 0.1499, Test Loss = 0.0794
Epoch 91: Train Loss = 0.1513, Test Loss = 0.0816
Epoch 92: Train Loss = 0.1494, Test Loss = 0.0774
Epoch 93: Train Loss = 0.1565, Test Loss = 0.0735
Epoch 94: Train Loss = 0.1538, Test Loss = 0.0818
Epoch 95: Train Loss = 0.1592, Test Loss = 0.0815
Epoch 96: Train Loss = 0.1568, Test Loss = 0.0719
Epoch 97: Train Loss = 0.1532, Test Loss = 0.0745
Epoch 98: Train Loss = 0.1512, Test Loss = 0.0806
Epoch 99: Train Loss = 0.1498, Test Loss = 0.0766
Epoch 100: Train Loss = 0.1571, Test Loss = 0.0721
Epoch 101: Train Loss = 0.1585, Test Loss = 0.0713
Epoch 102: Train Loss = 0.1564, Test Loss = 0.0773
Epoch 103: Train Loss = 0.1685, Test Loss = 0.0853
Epoch 104: Train Loss = 0.1590, Test Loss = 0.0782
Epoch 105: Train Loss = 0.1542, Test Loss = 0.0783
Epoch 106: Train Loss = 0.1496, Test Loss = 0.0634
Epoch 107: Train Loss = 0.1461, Test Loss = 0.0690
Epoch 108: Train Loss = 0.1522, Test Loss = 0.0681
Epoch 109: Train Loss = 0.1547, Test Loss = 0.0726
Epoch 110: Train Loss = 0.1567, Test Loss = 0.0685
Epoch 111: Train Loss = 0.1507, Test Loss = 0.0741
Epoch 112: Train Loss = 0.1541, Test Loss = 0.0947
Epoch 113: Train Loss = 0.1533, Test Loss = 0.0826
Epoch 114: Train Loss = 0.1544, Test Loss = 0.0847
Epoch 115: Train Loss = 0.1549, Test Loss = 0.0870
Epoch 116: Train Loss = 0.1513, Test Loss = 0.0824
Epoch 117: Train Loss = 0.1517, Test Loss = 0.0855
Epoch 118: Train Loss = 0.1496, Test Loss = 0.0642
Epoch 119: Train Loss = 0.1496, Test Loss = 0.0802
Epoch 120: Train Loss = 0.1513, Test Loss = 0.0779
Epoch 121: Train Loss = 0.1560, Test Loss = 0.0718
Epoch 122: Train Loss = 0.1546, Test Loss = 0.0869
Epoch 123: Train Loss = 0.1597, Test Loss = 0.0762
Epoch 124: Train Loss = 0.1807, Test Loss = 0.0821
Epoch 125: Train Loss = 0.1616, Test Loss = 0.0980
Epoch 126: Train Loss = 0.1613, Test Loss = 0.0836
Epoch 127: Train Loss = 0.1652, Test Loss = 0.1194
Epoch 128: Train Loss = 0.1584, Test Loss = 0.5054
Epoch 129: Train Loss = 0.1575, Test Loss = 0.5461
Epoch 130: Train Loss = 0.1638, Test Loss = 0.0787
Epoch 131: Train Loss = 0.1525, Test Loss = 0.0877
Epoch 132: Train Loss = 0.1543, Test Loss = 0.0922
Epoch 133: Train Loss = 0.1562, Test Loss = 0.0875
Epoch 134: Train Loss = 0.1510, Test Loss = 7.4761
Epoch 135: Train Loss = 0.2392, Test Loss = 2.5695
Epoch 136: Train Loss = 0.1967, Test Loss = 0.0652
Epoch 137: Train Loss = 0.1822, Test Loss = 0.7109
Epoch 138: Train Loss = 0.1778, Test Loss = 0.6328
Epoch 139: Train Loss = 0.1717, Test Loss = 0.2316
Epoch 140: Train Loss = 0.1734, Test Loss = 0.0791
Epoch 141: Train Loss = 0.1698, Test Loss = 0.0637
Epoch 142: Train Loss = 0.1715, Test Loss = 0.0649
Epoch 143: Train Loss = 0.1647, Test Loss = 0.0789
Epoch 144: Train Loss = 0.1632, Test Loss = 0.0791
Epoch 145: Train Loss = 0.1631, Test Loss = 0.1921
Epoch 146: Train Loss = 0.1616, Test Loss = 0.0649
Epoch 147: Train Loss = 0.1633, Test Loss = 7.2782
Epoch 148: Train Loss = 0.1696, Test Loss = 0.3274
Epoch 149: Train Loss = 0.1629, Test Loss = 0.4085
Epoch 150: Train Loss = 0.1765, Test Loss = 0.2770
Epoch 151: Train Loss = 0.1948, Test Loss = 0.1466
Epoch 152: Train Loss = 0.2001, Test Loss = 0.7518
Epoch 153: Train Loss = 0.1770, Test Loss = 0.3035
Epoch 154: Train Loss = 0.1704, Test Loss = 2.7462
Epoch 155: Train Loss = 0.1649, Test Loss = 0.0820
Epoch 156: Train Loss = 0.1639, Test Loss = 0.1170
Epoch 157: Train Loss = 0.1589, Test Loss = 0.1626
Epoch 158: Train Loss = 0.1693, Test Loss = 0.1245
Epoch 159: Train Loss = 0.1580, Test Loss = 0.1201
Epoch 160: Train Loss = 0.1618, Test Loss = 351.4595
Epoch 161: Train Loss = 0.1900, Test Loss = 0.2514
Epoch 162: Train Loss = 0.1714, Test Loss = 0.0881
Epoch 163: Train Loss = 0.1612, Test Loss = 0.2409
Epoch 164: Train Loss = 0.1590, Test Loss = 0.0878
Epoch 165: Train Loss = 0.1677, Test Loss = 6.0345
Epoch 166: Train Loss = 0.1569, Test Loss = 0.4045
Epoch 167: Train Loss = 0.1546, Test Loss = 0.0621
Epoch 168: Train Loss = 0.1524, Test Loss = 0.2481
Epoch 169: Train Loss = 0.1653, Test Loss = 0.0806
Epoch 170: Train Loss = 0.1757, Test Loss = 0.1672
Epoch 171: Train Loss = 0.1606, Test Loss = 0.5624
Epoch 172: Train Loss = 0.1539, Test Loss = 0.1159
Epoch 173: Train Loss = 0.1579, Test Loss = 0.0681
Epoch 174: Train Loss = 0.1679, Test Loss = 0.0829
Epoch 175: Train Loss = 0.1631, Test Loss = 0.0747
Epoch 176: Train Loss = 0.1621, Test Loss = 0.0749
Epoch 177: Train Loss = 0.1578, Test Loss = 0.1367
Epoch 178: Train Loss = 0.1522, Test Loss = 0.0714
Epoch 179: Train Loss = 0.1586, Test Loss = 0.5950
Epoch 180: Train Loss = 0.1726, Test Loss = 0.0740
Epoch 181: Train Loss = 0.1554, Test Loss = 0.0746
Epoch 182: Train Loss = 0.1577, Test Loss = 0.0793
Epoch 183: Train Loss = 0.1588, Test Loss = 0.0755
Epoch 184: Train Loss = 0.1537, Test Loss = 0.0692
Epoch 185: Train Loss = 0.1508, Test Loss = 0.0675
Epoch 186: Train Loss = 0.1502, Test Loss = 0.0820
Epoch 187: Train Loss = 0.1494, Test Loss = 0.0830
Epoch 188: Train Loss = 0.1588, Test Loss = 0.0821
Epoch 189: Train Loss = 0.1574, Test Loss = 0.0743
Epoch 190: Train Loss = 0.1535, Test Loss = 0.0705
Epoch 191: Train Loss = 0.1557, Test Loss = 0.0698
Epoch 192: Train Loss = 0.1558, Test Loss = 0.0710
Epoch 193: Train Loss = 0.1637, Test Loss = 0.0719
Epoch 194: Train Loss = 0.1644, Test Loss = 0.0825
Epoch 195: Train Loss = 0.1599, Test Loss = 0.0721
Epoch 196: Train Loss = 0.1552, Test Loss = 0.0769
Epoch 197: Train Loss = 0.1529, Test Loss = 0.0738
Epoch 198: Train Loss = 0.1538, Test Loss = 0.0703
Epoch 199: Train Loss = 0.1512, Test Loss = 0.0689
Epoch 200: Train Loss = 0.1568, Test Loss = 0.0758
Trial completed in 4043.23s with error: 0.0758
Trial completed!
