Running on host hal0088.amarel.rutgers.edu
Time is Thu Apr 24 11:43:01 EDT 2025
Directory is /home/elp95/tfa-predictor
SLURM job ID is 43165691
Starting trial...
Running trial with config: {'input_size': 3883, 'output_size': 214, 'hidden_sizes': [2048, 1024, 512, 256], 'lr': 0.0011207606211860567, 'weight_decay': 7.309539835912905e-05, 'batch_size': 32, 'max_epochs': 200}
Using data directory: /cache/home/elp95/tfa-predictor/data
xprs_path: /cache/home/elp95/tfa-predictor/data/gene-xprs/processed/xprs-data.csv
tfa_path: /cache/home/elp95/tfa-predictor/data/tfa/processed/tfa-labels.csv
Epoch 1: Train Loss = 0.5076, Test Loss = 0.1558
Epoch 2: Train Loss = 0.3055, Test Loss = 0.1058
Epoch 3: Train Loss = 0.2608, Test Loss = 0.0945
Epoch 4: Train Loss = 0.2267, Test Loss = 0.0840
Epoch 5: Train Loss = 0.2122, Test Loss = 0.0813
Epoch 6: Train Loss = 0.2025, Test Loss = 0.0781
Epoch 7: Train Loss = 0.1886, Test Loss = 0.0746
Epoch 8: Train Loss = 0.1969, Test Loss = 0.0768
Epoch 9: Train Loss = 0.1906, Test Loss = 0.0650
Epoch 10: Train Loss = 0.1872, Test Loss = 0.0683
Epoch 11: Train Loss = 0.1848, Test Loss = 0.0648
Epoch 12: Train Loss = 0.1826, Test Loss = 0.0709
Epoch 13: Train Loss = 0.1850, Test Loss = 0.0673
Epoch 14: Train Loss = 0.1851, Test Loss = 0.0698
Epoch 15: Train Loss = 0.1811, Test Loss = 0.0691
Epoch 16: Train Loss = 0.1700, Test Loss = 0.0622
Epoch 17: Train Loss = 0.1808, Test Loss = 0.0678
Epoch 18: Train Loss = 0.1841, Test Loss = 0.0706
Epoch 19: Train Loss = 0.1789, Test Loss = 0.0715
Epoch 20: Train Loss = 0.1893, Test Loss = 0.0719
Epoch 21: Train Loss = 0.1847, Test Loss = 0.0720
Epoch 22: Train Loss = 0.1816, Test Loss = 0.0748
Epoch 23: Train Loss = 0.1783, Test Loss = 0.0670
Epoch 24: Train Loss = 0.1827, Test Loss = 0.0639
Epoch 25: Train Loss = 0.1726, Test Loss = 0.0647
Epoch 26: Train Loss = 0.1791, Test Loss = 0.0655
Epoch 27: Train Loss = 0.1766, Test Loss = 0.0618
Epoch 28: Train Loss = 0.1746, Test Loss = 0.0643
Epoch 29: Train Loss = 0.1649, Test Loss = 0.0634
Epoch 30: Train Loss = 0.1791, Test Loss = 0.0617
Epoch 31: Train Loss = 0.1783, Test Loss = 0.0663
Epoch 32: Train Loss = 0.1706, Test Loss = 0.0668
Epoch 33: Train Loss = 0.1702, Test Loss = 0.0711
Epoch 34: Train Loss = 0.1687, Test Loss = 0.0709
Epoch 35: Train Loss = 0.1800, Test Loss = 0.0724
Epoch 36: Train Loss = 0.1765, Test Loss = 0.0612
Epoch 37: Train Loss = 0.1794, Test Loss = 0.0628
Epoch 38: Train Loss = 0.1715, Test Loss = 0.0689
Epoch 39: Train Loss = 0.1798, Test Loss = 0.0639
Epoch 40: Train Loss = 0.1756, Test Loss = 0.0708
Epoch 41: Train Loss = 0.1654, Test Loss = 0.0909
Epoch 42: Train Loss = 0.1756, Test Loss = 0.0688
Epoch 43: Train Loss = 0.1746, Test Loss = 0.0700
Epoch 44: Train Loss = 0.1581, Test Loss = 0.0784
Epoch 45: Train Loss = 0.1727, Test Loss = 0.0575
Epoch 46: Train Loss = 0.1590, Test Loss = 0.1006
Epoch 47: Train Loss = 0.1795, Test Loss = 0.0658
Epoch 48: Train Loss = 0.1680, Test Loss = 0.0619
Epoch 49: Train Loss = 0.1660, Test Loss = 0.1816
Epoch 50: Train Loss = 0.1725, Test Loss = 0.0661
Epoch 51: Train Loss = 0.1710, Test Loss = 0.0596
Epoch 52: Train Loss = 0.1541, Test Loss = 0.0586
Epoch 53: Train Loss = 0.1631, Test Loss = 0.0617
Epoch 54: Train Loss = 0.1665, Test Loss = 0.0542
Epoch 55: Train Loss = 0.1673, Test Loss = 0.3746
Epoch 56: Train Loss = 0.1688, Test Loss = 0.0767
Epoch 57: Train Loss = 0.1663, Test Loss = 0.0843
Epoch 58: Train Loss = 0.1625, Test Loss = 0.0615
Epoch 59: Train Loss = 0.1607, Test Loss = 0.1420
Epoch 60: Train Loss = 0.1631, Test Loss = 0.1131
Epoch 61: Train Loss = 0.1736, Test Loss = 0.0749
Epoch 62: Train Loss = 0.1642, Test Loss = 0.0632
Epoch 63: Train Loss = 0.1732, Test Loss = 0.0592
Epoch 64: Train Loss = 0.1654, Test Loss = 0.0614
Epoch 65: Train Loss = 0.1658, Test Loss = 0.0679
Epoch 66: Train Loss = 0.1678, Test Loss = 0.0619
Epoch 67: Train Loss = 0.1642, Test Loss = 0.3260
Epoch 68: Train Loss = 0.1700, Test Loss = 0.0583
Epoch 69: Train Loss = 0.1657, Test Loss = 0.0605
Epoch 70: Train Loss = 0.1731, Test Loss = 0.0659
Epoch 71: Train Loss = 0.1632, Test Loss = 0.0591
Epoch 72: Train Loss = 0.1589, Test Loss = 0.0578
Epoch 73: Train Loss = 0.1459, Test Loss = 0.0623
Epoch 74: Train Loss = 0.1342, Test Loss = 0.0556
Epoch 75: Train Loss = 0.1670, Test Loss = 0.0702
Epoch 76: Train Loss = 0.1654, Test Loss = 0.0642
Epoch 77: Train Loss = 0.1498, Test Loss = 0.0590
Epoch 78: Train Loss = 0.1502, Test Loss = 0.0640
Epoch 79: Train Loss = 0.1764, Test Loss = 0.0748
Epoch 80: Train Loss = 0.1618, Test Loss = 0.2226
Epoch 81: Train Loss = 0.1835, Test Loss = 0.0623
Epoch 82: Train Loss = 0.1546, Test Loss = 0.0584
Epoch 83: Train Loss = 0.1564, Test Loss = 0.0499
Epoch 84: Train Loss = 0.1503, Test Loss = 0.0581
Epoch 85: Train Loss = 0.1567, Test Loss = 0.0573
Epoch 86: Train Loss = 0.1525, Test Loss = 0.0576
Epoch 87: Train Loss = 0.1748, Test Loss = 0.1614
Epoch 88: Train Loss = 0.1690, Test Loss = 0.0605
Epoch 89: Train Loss = 0.1744, Test Loss = 0.0629
Epoch 90: Train Loss = 0.1684, Test Loss = 0.0686
Epoch 91: Train Loss = 0.1617, Test Loss = 0.0554
Epoch 92: Train Loss = 0.1539, Test Loss = 0.0663
Epoch 93: Train Loss = 0.1637, Test Loss = 0.0632
Epoch 94: Train Loss = 0.1637, Test Loss = 0.0665
Epoch 95: Train Loss = 0.1662, Test Loss = 0.0714
Epoch 96: Train Loss = 0.1590, Test Loss = 0.0657
Epoch 97: Train Loss = 0.1622, Test Loss = 0.0618
Epoch 98: Train Loss = 0.1577, Test Loss = 0.0699
Epoch 99: Train Loss = 0.1652, Test Loss = 0.0750
Epoch 100: Train Loss = 0.1573, Test Loss = 0.0675
Epoch 101: Train Loss = 0.1525, Test Loss = 0.0595
Epoch 102: Train Loss = 0.1543, Test Loss = 0.0840
Epoch 103: Train Loss = 0.1617, Test Loss = 0.0628
Epoch 104: Train Loss = 0.1493, Test Loss = 0.0691
Epoch 105: Train Loss = 0.1718, Test Loss = 0.0604
Epoch 106: Train Loss = 0.1441, Test Loss = 0.0654
Epoch 107: Train Loss = 0.1559, Test Loss = 0.0536
Epoch 108: Train Loss = 0.1503, Test Loss = 0.0557
Epoch 109: Train Loss = 0.1475, Test Loss = 0.0686
Epoch 110: Train Loss = 0.1659, Test Loss = 0.1210
Epoch 111: Train Loss = 0.1451, Test Loss = 0.0544
Epoch 112: Train Loss = 0.1755, Test Loss = 0.0661
Epoch 113: Train Loss = 0.1564, Test Loss = 0.0866
Epoch 114: Train Loss = 0.1747, Test Loss = 0.0543
Epoch 115: Train Loss = 0.1580, Test Loss = 0.0581
Epoch 116: Train Loss = 0.1630, Test Loss = 0.0796
Epoch 117: Train Loss = 0.1690, Test Loss = 0.0570
Epoch 118: Train Loss = 0.1491, Test Loss = 0.0738
Epoch 119: Train Loss = 0.1579, Test Loss = 0.0550
Epoch 120: Train Loss = 0.1427, Test Loss = 0.0883
Epoch 121: Train Loss = 0.1425, Test Loss = 0.0596
Epoch 122: Train Loss = 0.1634, Test Loss = 0.0859
Epoch 123: Train Loss = 0.1663, Test Loss = 0.0575
Epoch 124: Train Loss = 0.1550, Test Loss = 0.0629
Epoch 125: Train Loss = 0.1705, Test Loss = 0.0538
Epoch 126: Train Loss = 0.1395, Test Loss = 0.0559
Epoch 127: Train Loss = 0.1463, Test Loss = 0.0549
Epoch 128: Train Loss = 0.1304, Test Loss = 0.0609
Epoch 129: Train Loss = 0.1440, Test Loss = 0.0678
Epoch 130: Train Loss = 0.1681, Test Loss = 0.0593
Epoch 131: Train Loss = 0.1555, Test Loss = 0.0525
Epoch 132: Train Loss = 0.1476, Test Loss = 0.0693
Epoch 133: Train Loss = 0.1387, Test Loss = 0.0639
Epoch 134: Train Loss = 0.1562, Test Loss = 0.0602
Epoch 135: Train Loss = 0.1507, Test Loss = 0.0612
Epoch 136: Train Loss = 0.1511, Test Loss = 0.0551
Epoch 137: Train Loss = 0.1454, Test Loss = 0.0611
Epoch 138: Train Loss = 0.1653, Test Loss = 0.0671
Epoch 139: Train Loss = 0.1700, Test Loss = 0.0624
Epoch 140: Train Loss = 0.1466, Test Loss = 0.0513
Epoch 141: Train Loss = 0.1432, Test Loss = 0.0640
Epoch 142: Train Loss = 0.1433, Test Loss = 0.0720
Epoch 143: Train Loss = 0.1525, Test Loss = 0.0637
Epoch 144: Train Loss = 0.1769, Test Loss = 0.0548
Epoch 145: Train Loss = 0.1674, Test Loss = 0.0617
Epoch 146: Train Loss = 0.1611, Test Loss = 0.0611
Epoch 147: Train Loss = 0.1561, Test Loss = 0.0883
Epoch 148: Train Loss = 0.1747, Test Loss = 0.0615
Epoch 149: Train Loss = 0.1506, Test Loss = 0.0626
Epoch 150: Train Loss = 0.1580, Test Loss = 0.0638
Epoch 151: Train Loss = 0.1417, Test Loss = 0.0760
Epoch 152: Train Loss = 0.1502, Test Loss = 0.0575
Epoch 153: Train Loss = 0.1588, Test Loss = 0.0572
Epoch 154: Train Loss = 0.1606, Test Loss = 0.0565
Epoch 155: Train Loss = 0.1552, Test Loss = 0.0582
Epoch 156: Train Loss = 0.1389, Test Loss = 0.0612
Epoch 157: Train Loss = 0.1342, Test Loss = 0.0530
Epoch 158: Train Loss = 0.1552, Test Loss = 0.0550
Epoch 159: Train Loss = 0.1328, Test Loss = 0.0527
Epoch 160: Train Loss = 0.1663, Test Loss = 0.0889
Epoch 161: Train Loss = 0.1595, Test Loss = 0.0600
Epoch 162: Train Loss = 0.1405, Test Loss = 0.0722
Epoch 163: Train Loss = 0.1332, Test Loss = 0.0589
Epoch 164: Train Loss = 0.1469, Test Loss = 0.0601
Epoch 165: Train Loss = 0.1370, Test Loss = 0.0621
Epoch 166: Train Loss = 0.1295, Test Loss = 0.0635
Epoch 167: Train Loss = 0.1226, Test Loss = 0.0484
Epoch 168: Train Loss = 0.1176, Test Loss = 0.0469
Epoch 169: Train Loss = 0.1206, Test Loss = 0.0526
Epoch 170: Train Loss = 0.1837, Test Loss = 0.0730
Epoch 171: Train Loss = 0.1686, Test Loss = 0.0525
Epoch 172: Train Loss = 0.1562, Test Loss = 0.0592
Epoch 173: Train Loss = 0.1575, Test Loss = 0.0536
Epoch 174: Train Loss = 0.1421, Test Loss = 0.0553
Epoch 175: Train Loss = 0.1654, Test Loss = 0.1094
Epoch 176: Train Loss = 0.1633, Test Loss = 0.1437
Epoch 177: Train Loss = 0.1584, Test Loss = 0.0582
Epoch 178: Train Loss = 0.1518, Test Loss = 0.0612
Epoch 179: Train Loss = 0.1622, Test Loss = 0.0717
Epoch 180: Train Loss = 0.1597, Test Loss = 0.0755
Epoch 181: Train Loss = 0.1390, Test Loss = 0.0589
Epoch 182: Train Loss = 0.1262, Test Loss = 0.0491
Epoch 183: Train Loss = 0.1205, Test Loss = 0.0497
Epoch 184: Train Loss = 0.1399, Test Loss = 0.0581
Epoch 185: Train Loss = 0.1761, Test Loss = 0.0633
Epoch 186: Train Loss = 0.1537, Test Loss = 0.0705
Epoch 187: Train Loss = 0.1668, Test Loss = 0.0564
Epoch 188: Train Loss = 0.1527, Test Loss = 0.0973
Epoch 189: Train Loss = 0.1443, Test Loss = 0.0584
Epoch 190: Train Loss = 0.1448, Test Loss = 0.0553
Epoch 191: Train Loss = 0.1598, Test Loss = 0.0586
Epoch 192: Train Loss = 0.1346, Test Loss = 0.1032
Epoch 193: Train Loss = 0.1462, Test Loss = 0.0554
Epoch 194: Train Loss = 0.1369, Test Loss = 0.0514
Epoch 195: Train Loss = 0.1278, Test Loss = 0.0518
Epoch 196: Train Loss = 0.1332, Test Loss = 0.0682
Epoch 197: Train Loss = 0.1474, Test Loss = 0.0600
Epoch 198: Train Loss = 0.1688, Test Loss = 0.0545
Epoch 199: Train Loss = 0.1497, Test Loss = 0.0806
Epoch 200: Train Loss = 0.1433, Test Loss = 0.0572
Trial completed in 961.62s with error: 0.0572
Trial completed!
