Running on host hal0061.amarel.rutgers.edu
Time is Thu Apr 24 13:11:24 EDT 2025
Directory is /home/elp95/tfa-predictor
SLURM job ID is 43167363
Starting trial...
Running trial with config: {'input_size': 3883, 'output_size': 214, 'hidden_sizes': [512, 256, 128], 'lr': 0.0015620693675639863, 'weight_decay': 7.792297153882993e-05, 'batch_size': 128, 'max_epochs': 200}
Using data directory: /cache/home/elp95/tfa-predictor/data
xprs_path: /cache/home/elp95/tfa-predictor/data/gene-xprs/processed/xprs-data.csv
tfa_path: /cache/home/elp95/tfa-predictor/data/tfa/processed/tfa-labels.csv
Epoch 1: Train Loss = 0.7018, Test Loss = 0.2325
Epoch 2: Train Loss = 0.4008, Test Loss = 0.1451
Epoch 3: Train Loss = 0.3033, Test Loss = 0.1007
Epoch 4: Train Loss = 0.2512, Test Loss = 0.0834
Epoch 5: Train Loss = 0.2257, Test Loss = 0.0732
Epoch 6: Train Loss = 0.2101, Test Loss = 0.0690
Epoch 7: Train Loss = 0.1900, Test Loss = 0.0676
Epoch 8: Train Loss = 0.1850, Test Loss = 0.0615
Epoch 9: Train Loss = 0.1752, Test Loss = 0.0596
Epoch 10: Train Loss = 0.1663, Test Loss = 0.0559
Epoch 11: Train Loss = 0.1568, Test Loss = 0.0568
Epoch 12: Train Loss = 0.1529, Test Loss = 0.0540
Epoch 13: Train Loss = 0.1551, Test Loss = 0.0513
Epoch 14: Train Loss = 0.1557, Test Loss = 0.0499
Epoch 15: Train Loss = 0.1422, Test Loss = 0.0486
Epoch 16: Train Loss = 0.1549, Test Loss = 0.0497
Epoch 17: Train Loss = 0.1392, Test Loss = 0.0489
Epoch 18: Train Loss = 0.1547, Test Loss = 0.0478
Epoch 19: Train Loss = 0.1359, Test Loss = 0.0480
Epoch 20: Train Loss = 0.1416, Test Loss = 0.0511
Epoch 21: Train Loss = 0.1409, Test Loss = 0.0487
Epoch 22: Train Loss = 0.1385, Test Loss = 0.0489
Epoch 23: Train Loss = 0.1446, Test Loss = 0.0446
Epoch 24: Train Loss = 0.1356, Test Loss = 0.0553
Epoch 25: Train Loss = 0.1517, Test Loss = 0.0549
Epoch 26: Train Loss = 0.1378, Test Loss = 0.0610
Epoch 27: Train Loss = 0.1377, Test Loss = 0.0465
Epoch 28: Train Loss = 0.1394, Test Loss = 0.0487
Epoch 29: Train Loss = 0.1407, Test Loss = 0.0474
Epoch 30: Train Loss = 0.1535, Test Loss = 0.0473
Epoch 31: Train Loss = 0.1448, Test Loss = 0.0468
Epoch 32: Train Loss = 0.1449, Test Loss = 0.0479
Epoch 33: Train Loss = 0.1345, Test Loss = 0.0503
Epoch 34: Train Loss = 0.1268, Test Loss = 0.0447
Epoch 35: Train Loss = 0.1415, Test Loss = 0.0472
Epoch 36: Train Loss = 0.1352, Test Loss = 0.0471
Epoch 37: Train Loss = 0.1284, Test Loss = 0.0528
Epoch 38: Train Loss = 0.1381, Test Loss = 0.0505
Epoch 39: Train Loss = 0.1376, Test Loss = 0.0465
Epoch 40: Train Loss = 0.1312, Test Loss = 0.0452
Epoch 41: Train Loss = 0.1219, Test Loss = 0.0427
Epoch 42: Train Loss = 0.1214, Test Loss = 0.0435
Epoch 43: Train Loss = 0.1220, Test Loss = 0.0444
Epoch 44: Train Loss = 0.1238, Test Loss = 0.0556
Epoch 45: Train Loss = 0.1273, Test Loss = 0.0460
Epoch 46: Train Loss = 0.1247, Test Loss = 0.0486
Epoch 47: Train Loss = 0.1330, Test Loss = 0.0475
Epoch 48: Train Loss = 0.1306, Test Loss = 0.1083
Epoch 49: Train Loss = 0.1402, Test Loss = 0.0563
Epoch 50: Train Loss = 0.1450, Test Loss = 0.0475
Epoch 51: Train Loss = 0.1383, Test Loss = 0.0492
Epoch 52: Train Loss = 0.1237, Test Loss = 0.0438
Epoch 53: Train Loss = 0.1222, Test Loss = 0.0446
Epoch 54: Train Loss = 0.1360, Test Loss = 0.0453
Epoch 55: Train Loss = 0.1356, Test Loss = 0.0427
Epoch 56: Train Loss = 0.1130, Test Loss = 0.0453
Epoch 57: Train Loss = 0.1073, Test Loss = 0.0399
Epoch 58: Train Loss = 0.1049, Test Loss = 0.0565
Epoch 59: Train Loss = 0.1080, Test Loss = 0.0437
Epoch 60: Train Loss = 0.1096, Test Loss = 0.0977
Epoch 61: Train Loss = 0.1377, Test Loss = 0.0472
Epoch 62: Train Loss = 0.1147, Test Loss = 0.0513
Epoch 63: Train Loss = 0.1179, Test Loss = 0.0414
Epoch 64: Train Loss = 0.1168, Test Loss = 0.0472
Epoch 65: Train Loss = 0.1118, Test Loss = 0.0604
Epoch 66: Train Loss = 0.1137, Test Loss = 0.0604
Epoch 67: Train Loss = 0.1233, Test Loss = 0.0461
Epoch 68: Train Loss = 0.1140, Test Loss = 0.0866
Epoch 69: Train Loss = 0.1102, Test Loss = 0.0422
Epoch 70: Train Loss = 0.1277, Test Loss = 0.0447
Epoch 71: Train Loss = 0.1271, Test Loss = 0.0453
Epoch 72: Train Loss = 0.1309, Test Loss = 0.0487
Epoch 73: Train Loss = 0.1228, Test Loss = 0.0491
Epoch 74: Train Loss = 0.1388, Test Loss = 0.0477
Epoch 75: Train Loss = 0.1479, Test Loss = 0.0503
Epoch 76: Train Loss = 0.1358, Test Loss = 0.0608
Epoch 77: Train Loss = 0.1528, Test Loss = 0.0489
Epoch 78: Train Loss = 0.1316, Test Loss = 0.0474
Epoch 79: Train Loss = 0.1220, Test Loss = 0.0479
Epoch 80: Train Loss = 0.1470, Test Loss = 0.0459
Epoch 81: Train Loss = 0.1338, Test Loss = 0.0475
Epoch 82: Train Loss = 0.1331, Test Loss = 0.0461
Epoch 83: Train Loss = 0.1272, Test Loss = 0.0690
Epoch 84: Train Loss = 0.1239, Test Loss = 0.0454
Epoch 85: Train Loss = 0.1379, Test Loss = 0.0460
Epoch 86: Train Loss = 0.1148, Test Loss = 0.0518
Epoch 87: Train Loss = 0.1172, Test Loss = 0.0451
Epoch 88: Train Loss = 0.1406, Test Loss = 0.0503
Epoch 89: Train Loss = 0.1375, Test Loss = 0.0471
Epoch 90: Train Loss = 0.1307, Test Loss = 0.0544
Epoch 91: Train Loss = 0.1241, Test Loss = 0.0590
Epoch 92: Train Loss = 0.1376, Test Loss = 0.0474
Epoch 93: Train Loss = 0.1288, Test Loss = 0.0650
Epoch 94: Train Loss = 0.1569, Test Loss = 0.0465
Epoch 95: Train Loss = 0.1400, Test Loss = 0.0505
Epoch 96: Train Loss = 0.1324, Test Loss = 0.0472
Epoch 97: Train Loss = 0.1254, Test Loss = 0.0509
Epoch 98: Train Loss = 0.1266, Test Loss = 0.0449
Epoch 99: Train Loss = 0.1160, Test Loss = 0.0511
Epoch 100: Train Loss = 0.1285, Test Loss = 0.0535
Epoch 101: Train Loss = 0.1258, Test Loss = 0.0544
Epoch 102: Train Loss = 0.1522, Test Loss = 0.0542
Epoch 103: Train Loss = 0.1273, Test Loss = 0.0477
Epoch 104: Train Loss = 0.1407, Test Loss = 0.0485
Epoch 105: Train Loss = 0.1274, Test Loss = 0.0483
Epoch 106: Train Loss = 0.1284, Test Loss = 0.0499
Epoch 107: Train Loss = 0.1602, Test Loss = 0.0507
Epoch 108: Train Loss = 0.1484, Test Loss = 0.0521
Epoch 109: Train Loss = 0.1337, Test Loss = 0.0501
Epoch 110: Train Loss = 0.1351, Test Loss = 0.0537
Epoch 111: Train Loss = 0.1243, Test Loss = 0.0473
Epoch 112: Train Loss = 0.1324, Test Loss = 0.0628
Epoch 113: Train Loss = 0.1464, Test Loss = 0.0506
Epoch 114: Train Loss = 0.1351, Test Loss = 0.0524
Epoch 115: Train Loss = 0.1331, Test Loss = 0.0498
Epoch 116: Train Loss = 0.1488, Test Loss = 0.0512
Epoch 117: Train Loss = 0.1258, Test Loss = 0.0509
Epoch 118: Train Loss = 0.1268, Test Loss = 0.0480
Epoch 119: Train Loss = 0.1228, Test Loss = 0.0483
Epoch 120: Train Loss = 0.1257, Test Loss = 0.0458
Epoch 121: Train Loss = 0.1304, Test Loss = 0.0474
Epoch 122: Train Loss = 0.1353, Test Loss = 0.0466
Epoch 123: Train Loss = 0.1344, Test Loss = 0.0507
Epoch 124: Train Loss = 0.1158, Test Loss = 0.0455
Epoch 125: Train Loss = 0.1355, Test Loss = 0.0475
Epoch 126: Train Loss = 0.1180, Test Loss = 0.0444
Epoch 127: Train Loss = 0.1180, Test Loss = 0.0466
Epoch 128: Train Loss = 0.1170, Test Loss = 0.0482
Epoch 129: Train Loss = 0.1185, Test Loss = 0.0472
Epoch 130: Train Loss = 0.1152, Test Loss = 0.0425
Epoch 131: Train Loss = 0.1107, Test Loss = 0.0526
Epoch 132: Train Loss = 0.1107, Test Loss = 0.0420
Epoch 133: Train Loss = 0.1111, Test Loss = 0.0450
Epoch 134: Train Loss = 0.1104, Test Loss = 0.0446
Epoch 135: Train Loss = 0.1217, Test Loss = 0.0418
Epoch 136: Train Loss = 0.1269, Test Loss = 0.0417
Epoch 137: Train Loss = 0.1202, Test Loss = 0.0467
Epoch 138: Train Loss = 0.1512, Test Loss = 0.0505
Epoch 139: Train Loss = 0.1464, Test Loss = 0.0497
Epoch 140: Train Loss = 0.1421, Test Loss = 0.0511
Epoch 141: Train Loss = 0.1313, Test Loss = 0.0459
Epoch 142: Train Loss = 0.1177, Test Loss = 0.0474
Epoch 143: Train Loss = 0.1237, Test Loss = 0.0556
Epoch 144: Train Loss = 0.1322, Test Loss = 0.0511
Epoch 145: Train Loss = 0.1360, Test Loss = 0.0461
Epoch 146: Train Loss = 0.1375, Test Loss = 0.0449
Epoch 147: Train Loss = 0.1252, Test Loss = 0.0478
Epoch 148: Train Loss = 0.1286, Test Loss = 0.0495
Epoch 149: Train Loss = 0.1376, Test Loss = 0.0502
Epoch 150: Train Loss = 0.1299, Test Loss = 0.0455
Epoch 151: Train Loss = 0.1238, Test Loss = 0.0473
Epoch 152: Train Loss = 0.1272, Test Loss = 0.0418
Epoch 153: Train Loss = 0.1176, Test Loss = 0.0421
Epoch 154: Train Loss = 0.1239, Test Loss = 0.0439
Epoch 155: Train Loss = 0.1472, Test Loss = 0.0577
Epoch 156: Train Loss = 0.1263, Test Loss = 0.0448
Epoch 157: Train Loss = 0.1246, Test Loss = 0.0454
Epoch 158: Train Loss = 0.1327, Test Loss = 0.0533
Epoch 159: Train Loss = 0.1206, Test Loss = 0.0484
Epoch 160: Train Loss = 0.1391, Test Loss = 0.0490
Epoch 161: Train Loss = 0.1350, Test Loss = 0.0475
Epoch 162: Train Loss = 0.1448, Test Loss = 0.0453
Epoch 163: Train Loss = 0.1464, Test Loss = 0.0461
Epoch 164: Train Loss = 0.1357, Test Loss = 0.0457
Epoch 165: Train Loss = 0.1415, Test Loss = 0.0469
Epoch 166: Train Loss = 0.1360, Test Loss = 0.0504
Epoch 167: Train Loss = 0.1330, Test Loss = 0.0490
Epoch 168: Train Loss = 0.1432, Test Loss = 0.0569
Epoch 169: Train Loss = 0.1470, Test Loss = 0.0568
Epoch 170: Train Loss = 0.1343, Test Loss = 0.0480
Epoch 171: Train Loss = 0.1306, Test Loss = 0.0593
Epoch 172: Train Loss = 0.1396, Test Loss = 0.0485
Epoch 173: Train Loss = 0.1455, Test Loss = 0.0480
Epoch 174: Train Loss = 0.1426, Test Loss = 0.0527
Epoch 175: Train Loss = 0.1396, Test Loss = 0.0516
Epoch 176: Train Loss = 0.1509, Test Loss = 0.0509
Epoch 177: Train Loss = 0.1315, Test Loss = 0.0468
Epoch 178: Train Loss = 0.1192, Test Loss = 0.0457
Epoch 179: Train Loss = 0.1554, Test Loss = 0.0527
Epoch 180: Train Loss = 0.1433, Test Loss = 0.0487
Epoch 181: Train Loss = 0.1401, Test Loss = 0.0482
Epoch 182: Train Loss = 0.1247, Test Loss = 0.0427
Epoch 183: Train Loss = 0.1253, Test Loss = 0.0439
Epoch 184: Train Loss = 0.1399, Test Loss = 0.0488
Epoch 185: Train Loss = 0.1437, Test Loss = 0.0469
Epoch 186: Train Loss = 0.1417, Test Loss = 0.0624
Epoch 187: Train Loss = 0.1425, Test Loss = 0.0548
Epoch 188: Train Loss = 0.1433, Test Loss = 0.0492
Epoch 189: Train Loss = 0.1336, Test Loss = 0.0465
Epoch 190: Train Loss = 0.1293, Test Loss = 0.0451
Epoch 191: Train Loss = 0.1323, Test Loss = 0.0459
Epoch 192: Train Loss = 0.1353, Test Loss = 0.0498
Epoch 193: Train Loss = 0.1461, Test Loss = 0.0497
Epoch 194: Train Loss = 0.1429, Test Loss = 0.0458
Epoch 195: Train Loss = 0.1359, Test Loss = 0.0495
Epoch 196: Train Loss = 0.1267, Test Loss = 0.0440
Epoch 197: Train Loss = 0.1473, Test Loss = 0.0544
Epoch 198: Train Loss = 0.1299, Test Loss = 0.0595
Epoch 199: Train Loss = 0.1354, Test Loss = 0.0490
Epoch 200: Train Loss = 0.1201, Test Loss = 0.0485
Trial completed in 83.58s with error: 0.0485
Trial completed!
