Running on host hal0038.amarel.rutgers.edu
Time is Thu Apr 24 13:11:24 EDT 2025
Directory is /home/elp95/tfa-predictor
SLURM job ID is 43167372
Starting trial...
Running trial with config: {'input_size': 3883, 'output_size': 214, 'hidden_sizes': [2048, 1024, 512], 'lr': 0.0005899741796710494, 'weight_decay': 1.0762979285747974e-05, 'batch_size': 64, 'max_epochs': 200}
Using data directory: /cache/home/elp95/tfa-predictor/data
xprs_path: /cache/home/elp95/tfa-predictor/data/gene-xprs/processed/xprs-data.csv
tfa_path: /cache/home/elp95/tfa-predictor/data/tfa/processed/tfa-labels.csv
Epoch 1: Train Loss = 0.4688, Test Loss = 0.1086
Epoch 2: Train Loss = 0.2853, Test Loss = 0.0759
Epoch 3: Train Loss = 0.2388, Test Loss = 0.0773
Epoch 4: Train Loss = 0.2025, Test Loss = 0.0601
Epoch 5: Train Loss = 0.1814, Test Loss = 0.0576
Epoch 6: Train Loss = 0.1637, Test Loss = 0.0532
Epoch 7: Train Loss = 0.1498, Test Loss = 0.0519
Epoch 8: Train Loss = 0.1372, Test Loss = 0.0483
Epoch 9: Train Loss = 0.1322, Test Loss = 0.0508
Epoch 10: Train Loss = 0.1255, Test Loss = 0.0525
Epoch 11: Train Loss = 0.1192, Test Loss = 0.0422
Epoch 12: Train Loss = 0.1138, Test Loss = 0.0426
Epoch 13: Train Loss = 0.1112, Test Loss = 0.0377
Epoch 14: Train Loss = 0.1084, Test Loss = 0.0381
Epoch 15: Train Loss = 0.1080, Test Loss = 0.0455
Epoch 16: Train Loss = 0.1107, Test Loss = 0.0418
Epoch 17: Train Loss = 0.1069, Test Loss = 0.0407
Epoch 18: Train Loss = 0.1064, Test Loss = 0.0395
Epoch 19: Train Loss = 0.1067, Test Loss = 0.0385
Epoch 20: Train Loss = 0.1051, Test Loss = 0.0358
Epoch 21: Train Loss = 0.1024, Test Loss = 0.0351
Epoch 22: Train Loss = 0.0993, Test Loss = 0.0370
Epoch 23: Train Loss = 0.0967, Test Loss = 0.0339
Epoch 24: Train Loss = 0.0990, Test Loss = 0.0340
Epoch 25: Train Loss = 0.0996, Test Loss = 0.0361
Epoch 26: Train Loss = 0.1012, Test Loss = 0.0382
Epoch 27: Train Loss = 0.0983, Test Loss = 0.0350
Epoch 28: Train Loss = 0.0993, Test Loss = 0.0356
Epoch 29: Train Loss = 0.0962, Test Loss = 0.0410
Epoch 30: Train Loss = 0.0979, Test Loss = 0.0344
Epoch 31: Train Loss = 0.0999, Test Loss = 0.0360
Epoch 32: Train Loss = 0.0986, Test Loss = 0.0463
Epoch 33: Train Loss = 0.0962, Test Loss = 0.0337
Epoch 34: Train Loss = 0.0948, Test Loss = 0.0349
Epoch 35: Train Loss = 0.0931, Test Loss = 0.0353
Epoch 36: Train Loss = 0.0922, Test Loss = 0.0387
Epoch 37: Train Loss = 0.0949, Test Loss = 0.0371
Epoch 38: Train Loss = 0.0929, Test Loss = 0.0336
Epoch 39: Train Loss = 0.0906, Test Loss = 0.0341
Epoch 40: Train Loss = 0.0907, Test Loss = 0.0354
Epoch 41: Train Loss = 0.0900, Test Loss = 0.0380
Epoch 42: Train Loss = 0.0905, Test Loss = 0.0337
Epoch 43: Train Loss = 0.0888, Test Loss = 0.0332
Epoch 44: Train Loss = 0.0932, Test Loss = 0.0338
Epoch 45: Train Loss = 0.0935, Test Loss = 0.0312
Epoch 46: Train Loss = 0.0905, Test Loss = 0.0331
Epoch 47: Train Loss = 0.0901, Test Loss = 0.0342
Epoch 48: Train Loss = 0.0907, Test Loss = 0.0352
Epoch 49: Train Loss = 0.0903, Test Loss = 0.0320
Epoch 50: Train Loss = 0.0917, Test Loss = 0.0331
Epoch 51: Train Loss = 0.0908, Test Loss = 0.0366
Epoch 52: Train Loss = 0.0930, Test Loss = 0.0378
Epoch 53: Train Loss = 0.0901, Test Loss = 0.0325
Epoch 54: Train Loss = 0.0917, Test Loss = 0.0341
Epoch 55: Train Loss = 0.0850, Test Loss = 0.0330
Epoch 56: Train Loss = 0.0863, Test Loss = 0.0344
Epoch 57: Train Loss = 0.0910, Test Loss = 0.0356
Epoch 58: Train Loss = 0.0924, Test Loss = 0.0345
Epoch 59: Train Loss = 0.0920, Test Loss = 0.0329
Epoch 60: Train Loss = 0.0834, Test Loss = 0.0430
Epoch 61: Train Loss = 0.0939, Test Loss = 0.0354
Epoch 62: Train Loss = 0.0863, Test Loss = 0.0377
Epoch 63: Train Loss = 0.0856, Test Loss = 0.0314
Epoch 64: Train Loss = 0.0879, Test Loss = 0.0404
Epoch 65: Train Loss = 0.0902, Test Loss = 0.0369
Epoch 66: Train Loss = 0.0870, Test Loss = 0.0347
Epoch 67: Train Loss = 0.0872, Test Loss = 0.0358
Epoch 68: Train Loss = 0.0871, Test Loss = 0.0393
Epoch 69: Train Loss = 0.0932, Test Loss = 0.0327
Epoch 70: Train Loss = 0.0902, Test Loss = 0.0353
Epoch 71: Train Loss = 0.0846, Test Loss = 0.0343
Epoch 72: Train Loss = 0.0834, Test Loss = 0.0459
Epoch 73: Train Loss = 0.0886, Test Loss = 0.0332
Epoch 74: Train Loss = 0.0907, Test Loss = 0.0334
Epoch 75: Train Loss = 0.0938, Test Loss = 0.0525
Epoch 76: Train Loss = 0.0999, Test Loss = 0.0366
Epoch 77: Train Loss = 0.0900, Test Loss = 0.0533
Epoch 78: Train Loss = 0.0969, Test Loss = 0.0333
Epoch 79: Train Loss = 0.0846, Test Loss = 0.0367
Epoch 80: Train Loss = 0.0776, Test Loss = 0.0311
Epoch 81: Train Loss = 0.0845, Test Loss = 0.0352
Epoch 82: Train Loss = 0.0842, Test Loss = 0.0315
Epoch 83: Train Loss = 0.0717, Test Loss = 0.0288
Epoch 84: Train Loss = 0.0771, Test Loss = 0.0283
Epoch 85: Train Loss = 0.0910, Test Loss = 0.0387
Epoch 86: Train Loss = 0.0990, Test Loss = 0.0384
Epoch 87: Train Loss = 0.1033, Test Loss = 0.0409
Epoch 88: Train Loss = 0.0867, Test Loss = 0.0325
Epoch 89: Train Loss = 0.0797, Test Loss = 0.0315
Epoch 90: Train Loss = 0.0730, Test Loss = 0.0294
Epoch 91: Train Loss = 0.0712, Test Loss = 0.0289
Epoch 92: Train Loss = 0.0692, Test Loss = 0.0279
Epoch 93: Train Loss = 0.0682, Test Loss = 0.0262
Epoch 94: Train Loss = 0.0690, Test Loss = 0.0266
Epoch 95: Train Loss = 0.0694, Test Loss = 0.0268
Epoch 96: Train Loss = 0.0640, Test Loss = 0.0250
Epoch 97: Train Loss = 0.0723, Test Loss = 0.1020
Epoch 98: Train Loss = 0.0879, Test Loss = 0.0308
Epoch 99: Train Loss = 0.0751, Test Loss = 0.0353
Epoch 100: Train Loss = 0.0980, Test Loss = 0.0348
Epoch 101: Train Loss = 0.0836, Test Loss = 0.0312
Epoch 102: Train Loss = 0.0866, Test Loss = 0.0331
Epoch 103: Train Loss = 0.0802, Test Loss = 0.0290
Epoch 104: Train Loss = 0.0730, Test Loss = 0.0290
Epoch 105: Train Loss = 0.0715, Test Loss = 0.0276
Epoch 106: Train Loss = 0.0742, Test Loss = 0.0273
Epoch 107: Train Loss = 0.0719, Test Loss = 0.0305
Epoch 108: Train Loss = 0.0726, Test Loss = 0.0260
Epoch 109: Train Loss = 0.0705, Test Loss = 0.0264
Epoch 110: Train Loss = 0.0672, Test Loss = 0.0256
Epoch 111: Train Loss = 0.0752, Test Loss = 0.0512
Epoch 112: Train Loss = 0.0887, Test Loss = 0.0346
Epoch 113: Train Loss = 0.0765, Test Loss = 0.0278
Epoch 114: Train Loss = 0.0817, Test Loss = 0.0300
Epoch 115: Train Loss = 0.0703, Test Loss = 0.0290
Epoch 116: Train Loss = 0.0673, Test Loss = 0.0277
Epoch 117: Train Loss = 0.0660, Test Loss = 0.0260
Epoch 118: Train Loss = 0.0639, Test Loss = 0.0250
Epoch 119: Train Loss = 0.0613, Test Loss = 0.0246
Epoch 120: Train Loss = 0.0615, Test Loss = 0.0239
Epoch 121: Train Loss = 0.0590, Test Loss = 0.0236
Epoch 122: Train Loss = 0.0569, Test Loss = 0.0228
Epoch 123: Train Loss = 0.0574, Test Loss = 0.0227
Epoch 124: Train Loss = 0.0613, Test Loss = 0.0220
Epoch 125: Train Loss = 0.0579, Test Loss = 0.0225
Epoch 126: Train Loss = 0.0789, Test Loss = 0.0381
Epoch 127: Train Loss = 0.0949, Test Loss = 0.0383
Epoch 128: Train Loss = 0.0921, Test Loss = 0.0298
Epoch 129: Train Loss = 0.0759, Test Loss = 0.0272
Epoch 130: Train Loss = 0.0729, Test Loss = 0.0271
Epoch 131: Train Loss = 0.0701, Test Loss = 0.0265
Epoch 132: Train Loss = 0.0641, Test Loss = 0.0263
Epoch 133: Train Loss = 0.0681, Test Loss = 0.0259
Epoch 134: Train Loss = 0.0643, Test Loss = 0.0255
Epoch 135: Train Loss = 0.0828, Test Loss = 0.0271
Epoch 136: Train Loss = 0.0807, Test Loss = 0.0330
Epoch 137: Train Loss = 0.0681, Test Loss = 0.0259
Epoch 138: Train Loss = 0.0869, Test Loss = 0.0305
Epoch 139: Train Loss = 0.0734, Test Loss = 0.0290
Epoch 140: Train Loss = 0.0691, Test Loss = 0.0270
Epoch 141: Train Loss = 0.0688, Test Loss = 0.0288
Epoch 142: Train Loss = 0.0659, Test Loss = 0.0252
Epoch 143: Train Loss = 0.0635, Test Loss = 0.0245
Epoch 144: Train Loss = 0.0633, Test Loss = 0.0249
Epoch 145: Train Loss = 0.0661, Test Loss = 0.0246
Epoch 146: Train Loss = 0.0624, Test Loss = 0.0249
Epoch 147: Train Loss = 0.0639, Test Loss = 0.0272
Epoch 148: Train Loss = 0.0665, Test Loss = 0.0225
Epoch 149: Train Loss = 0.0655, Test Loss = 0.0244
Epoch 150: Train Loss = 0.0653, Test Loss = 0.0238
Epoch 151: Train Loss = 0.0684, Test Loss = 0.0753
Epoch 152: Train Loss = 0.0894, Test Loss = 0.0257
Epoch 153: Train Loss = 0.0678, Test Loss = 0.0260
Epoch 154: Train Loss = 0.0653, Test Loss = 0.0245
Epoch 155: Train Loss = 0.0660, Test Loss = 0.0248
Epoch 156: Train Loss = 0.0634, Test Loss = 0.0259
Epoch 157: Train Loss = 0.0733, Test Loss = 0.0445
Epoch 158: Train Loss = 0.0776, Test Loss = 0.0261
Epoch 159: Train Loss = 0.0702, Test Loss = 0.0281
Epoch 160: Train Loss = 0.0684, Test Loss = 0.0291
Epoch 161: Train Loss = 0.0634, Test Loss = 0.0248
Epoch 162: Train Loss = 0.0633, Test Loss = 0.0245
Epoch 163: Train Loss = 0.0627, Test Loss = 0.0239
Epoch 164: Train Loss = 0.0600, Test Loss = 0.0231
Epoch 165: Train Loss = 0.0609, Test Loss = 0.0226
Epoch 166: Train Loss = 0.0682, Test Loss = 0.0241
Epoch 167: Train Loss = 0.0619, Test Loss = 0.0241
Epoch 168: Train Loss = 0.0795, Test Loss = 0.0359
Epoch 169: Train Loss = 0.0721, Test Loss = 0.0237
Epoch 170: Train Loss = 0.0703, Test Loss = 0.0247
Epoch 171: Train Loss = 0.0685, Test Loss = 0.0255
Epoch 172: Train Loss = 0.0659, Test Loss = 0.0249
Epoch 173: Train Loss = 0.0659, Test Loss = 0.0246
Epoch 174: Train Loss = 0.0656, Test Loss = 0.0298
Epoch 175: Train Loss = 0.0634, Test Loss = 0.0236
Epoch 176: Train Loss = 0.0694, Test Loss = 0.0259
Epoch 177: Train Loss = 0.0717, Test Loss = 0.0282
Epoch 178: Train Loss = 0.0704, Test Loss = 0.0268
Epoch 179: Train Loss = 0.0625, Test Loss = 0.0243
Epoch 180: Train Loss = 0.0727, Test Loss = 0.0245
Epoch 181: Train Loss = 0.0654, Test Loss = 0.0261
Epoch 182: Train Loss = 0.0623, Test Loss = 0.0233
Epoch 183: Train Loss = 0.0721, Test Loss = 0.0342
Epoch 184: Train Loss = 0.0906, Test Loss = 0.0284
Epoch 185: Train Loss = 0.0756, Test Loss = 0.0276
Epoch 186: Train Loss = 0.0707, Test Loss = 0.0334
Epoch 187: Train Loss = 0.0687, Test Loss = 0.0259
Epoch 188: Train Loss = 0.0663, Test Loss = 0.0238
Epoch 189: Train Loss = 0.0687, Test Loss = 0.0254
Epoch 190: Train Loss = 0.0738, Test Loss = 0.0348
Epoch 191: Train Loss = 0.0692, Test Loss = 0.0376
Epoch 192: Train Loss = 0.0700, Test Loss = 0.0287
Epoch 193: Train Loss = 0.0743, Test Loss = 0.0295
Epoch 194: Train Loss = 0.0658, Test Loss = 0.0254
Epoch 195: Train Loss = 0.0681, Test Loss = 0.0265
Epoch 196: Train Loss = 0.0793, Test Loss = 0.0257
Epoch 197: Train Loss = 0.0724, Test Loss = 0.0319
Epoch 198: Train Loss = 0.0659, Test Loss = 0.0240
Epoch 199: Train Loss = 0.0655, Test Loss = 0.0243
Epoch 200: Train Loss = 0.0654, Test Loss = 0.0241
Trial completed in 517.41s with error: 0.0241
Trial completed!
