Running on host hal0381.amarel.rutgers.edu
Time is Thu Apr 24 11:43:01 EDT 2025
Directory is /home/elp95/tfa-predictor
SLURM job ID is 43165702
Starting trial...
Running trial with config: {'input_size': 3883, 'output_size': 214, 'hidden_sizes': [2048, 1024, 512], 'lr': 0.006161049539380964, 'weight_decay': 0.0001569639638866114, 'batch_size': 128, 'max_epochs': 100}
Using data directory: /cache/home/elp95/tfa-predictor/data
xprs_path: /cache/home/elp95/tfa-predictor/data/gene-xprs/processed/xprs-data.csv
tfa_path: /cache/home/elp95/tfa-predictor/data/tfa/processed/tfa-labels.csv
Epoch 1: Train Loss = 0.7937, Test Loss = 0.3329
Epoch 2: Train Loss = 0.4444, Test Loss = 0.2274
Epoch 3: Train Loss = 0.3355, Test Loss = 0.1795
Epoch 4: Train Loss = 0.2694, Test Loss = 0.1424
Epoch 5: Train Loss = 0.2389, Test Loss = 0.1248
Epoch 6: Train Loss = 0.2215, Test Loss = 0.1154
Epoch 7: Train Loss = 0.2008, Test Loss = 0.1065
Epoch 8: Train Loss = 0.1875, Test Loss = 0.1120
Epoch 9: Train Loss = 0.1787, Test Loss = 0.1079
Epoch 10: Train Loss = 0.1910, Test Loss = 0.1175
Epoch 11: Train Loss = 0.1897, Test Loss = 0.1140
Epoch 12: Train Loss = 0.1950, Test Loss = 0.0978
Epoch 13: Train Loss = 0.1971, Test Loss = 0.1081
Epoch 14: Train Loss = 0.1945, Test Loss = 0.1794
Epoch 15: Train Loss = 0.2095, Test Loss = 0.2029
Epoch 16: Train Loss = 0.1995, Test Loss = 0.1811
Epoch 17: Train Loss = 0.1942, Test Loss = 0.2035
Epoch 18: Train Loss = 0.1908, Test Loss = 0.1824
Epoch 19: Train Loss = 0.1897, Test Loss = 0.2200
Epoch 20: Train Loss = 0.1861, Test Loss = 9.2189
Epoch 21: Train Loss = 0.1937, Test Loss = 8.2248
Epoch 22: Train Loss = 0.1888, Test Loss = 0.1182
Epoch 23: Train Loss = 0.1826, Test Loss = 2.0261
Epoch 24: Train Loss = 0.1877, Test Loss = 0.1180
Epoch 25: Train Loss = 0.1743, Test Loss = 0.1734
Epoch 26: Train Loss = 0.1847, Test Loss = 0.1270
Epoch 27: Train Loss = 0.1795, Test Loss = 4706.5615
Epoch 28: Train Loss = 0.1974, Test Loss = 0.2071
Epoch 29: Train Loss = 0.1783, Test Loss = 0.9665
Epoch 30: Train Loss = 0.1967, Test Loss = 2.2637
Epoch 31: Train Loss = 0.1874, Test Loss = 0.9111
Epoch 32: Train Loss = 0.1875, Test Loss = 0.1449
Epoch 33: Train Loss = 0.1845, Test Loss = 0.1481
Epoch 34: Train Loss = 0.1869, Test Loss = 11.3732
Epoch 35: Train Loss = 0.1909, Test Loss = 1061.0616
Epoch 36: Train Loss = 0.1846, Test Loss = 895.3765
Epoch 37: Train Loss = 0.1867, Test Loss = 1.8002
Epoch 38: Train Loss = 0.1872, Test Loss = 0.1101
Epoch 39: Train Loss = 0.1811, Test Loss = 1015.8618
Epoch 40: Train Loss = 0.1835, Test Loss = 0.0945
Epoch 41: Train Loss = 0.1590, Test Loss = 5.1315
Epoch 42: Train Loss = 0.1814, Test Loss = 3714.1970
Epoch 43: Train Loss = 0.1795, Test Loss = 0.1215
Epoch 44: Train Loss = 0.1820, Test Loss = 1320.6776
Epoch 45: Train Loss = 0.1744, Test Loss = 0.1334
Epoch 46: Train Loss = 0.1829, Test Loss = 0.1125
Epoch 47: Train Loss = 0.1827, Test Loss = 9.7719
Epoch 48: Train Loss = 0.1878, Test Loss = 0.1538
Epoch 49: Train Loss = 0.1955, Test Loss = 0.1398
Epoch 50: Train Loss = 0.1844, Test Loss = 0.1100
Epoch 51: Train Loss = 0.1798, Test Loss = 0.1500
Epoch 52: Train Loss = 0.1786, Test Loss = 0.1740
Epoch 53: Train Loss = 0.1859, Test Loss = 0.2034
Epoch 54: Train Loss = 0.1801, Test Loss = 9.8391
Epoch 55: Train Loss = 0.1832, Test Loss = 0.0989
Epoch 56: Train Loss = 0.1801, Test Loss = 0.1223
Epoch 57: Train Loss = 0.1742, Test Loss = 0.2516
Epoch 58: Train Loss = 0.1771, Test Loss = 0.1045
Epoch 59: Train Loss = 0.1634, Test Loss = 0.3262
Epoch 60: Train Loss = 0.1776, Test Loss = 0.5009
Epoch 61: Train Loss = 0.1747, Test Loss = 440.5235
Epoch 62: Train Loss = 0.1793, Test Loss = 0.1313
Epoch 63: Train Loss = 0.1715, Test Loss = 0.1281
Epoch 64: Train Loss = 0.1714, Test Loss = 0.1616
Epoch 65: Train Loss = 0.1706, Test Loss = 0.1774
Epoch 66: Train Loss = 0.1785, Test Loss = 0.0994
Epoch 67: Train Loss = 0.1740, Test Loss = 0.1559
Epoch 68: Train Loss = 0.1702, Test Loss = 0.1136
Epoch 69: Train Loss = 0.1649, Test Loss = 0.6357
Epoch 70: Train Loss = 0.1846, Test Loss = 0.1335
Epoch 71: Train Loss = 0.1658, Test Loss = 0.2759
Epoch 72: Train Loss = 0.1692, Test Loss = 0.1196
Epoch 73: Train Loss = 0.1732, Test Loss = 113.2989
Epoch 74: Train Loss = 0.1763, Test Loss = 0.1066
Epoch 75: Train Loss = 0.1735, Test Loss = 0.1184
Epoch 76: Train Loss = 0.1745, Test Loss = 0.1531
Epoch 77: Train Loss = 0.1799, Test Loss = 0.1673
Epoch 78: Train Loss = 0.1741, Test Loss = 0.1612
Epoch 79: Train Loss = 0.1732, Test Loss = 0.1170
Epoch 80: Train Loss = 0.1749, Test Loss = 0.1561
Epoch 81: Train Loss = 0.1815, Test Loss = 0.3845
Epoch 82: Train Loss = 0.1796, Test Loss = 0.0852
Epoch 83: Train Loss = 0.1703, Test Loss = 0.1514
Epoch 84: Train Loss = 0.1734, Test Loss = 0.1138
Epoch 85: Train Loss = 0.1666, Test Loss = 0.1452
Epoch 86: Train Loss = 0.1643, Test Loss = 0.1044
Epoch 87: Train Loss = 0.1732, Test Loss = 0.1461
Epoch 88: Train Loss = 0.1742, Test Loss = 0.1498
Epoch 89: Train Loss = 0.1658, Test Loss = 0.1022
Epoch 90: Train Loss = 0.1676, Test Loss = 0.2495
Epoch 91: Train Loss = 0.1652, Test Loss = 0.1491
Epoch 92: Train Loss = 0.1605, Test Loss = 0.1546
Epoch 93: Train Loss = 0.1607, Test Loss = 0.1233
Epoch 94: Train Loss = 0.1657, Test Loss = 0.1226
Epoch 95: Train Loss = 0.1676, Test Loss = 0.1740
Epoch 96: Train Loss = 0.1653, Test Loss = 220.4399
Epoch 97: Train Loss = 0.1740, Test Loss = 0.1023
Epoch 98: Train Loss = 0.1752, Test Loss = 0.1300
Epoch 99: Train Loss = 0.1799, Test Loss = 0.1138
Epoch 100: Train Loss = 0.1623, Test Loss = 0.1417
Trial completed in 92.42s with error: 0.1417
Trial completed!
