Running on host hal0016.amarel.rutgers.edu
Time is Thu Apr 24 15:04:57 EDT 2025
Directory is /home/elp95/tfa-predictor
SLURM job ID is 43168598
Starting trial...
Running trial with config: {'input_size': 3883, 'output_size': 214, 'hidden_sizes': [2048, 1024, 512, 256], 'lr': 0.00010797808783472622, 'weight_decay': 0.0002714016790972087, 'batch_size': 64, 'max_epochs': 300, 'dropout_rate': 0.3129698350507864, 'activation': 'relu', 'optimizer': 'adam', 'learning_rate_schedule': 'exponential', 'batch_norm': 'false'}
Using data directory: /cache/home/elp95/tfa-predictor/data
xprs_path: /cache/home/elp95/tfa-predictor/data/gene-xprs/processed/xprs-data.csv
tfa_path: /cache/home/elp95/tfa-predictor/data/tfa/processed/tfa-labels.csv
Epoch 1: Train Loss = 0.9425, Test Loss = 0.3201
Epoch 2: Train Loss = 0.5119, Test Loss = 0.1757
Epoch 3: Train Loss = 0.3965, Test Loss = 0.1251
Epoch 4: Train Loss = 0.3427, Test Loss = 0.1002
Epoch 5: Train Loss = 0.3087, Test Loss = 0.0843
Epoch 6: Train Loss = 0.2858, Test Loss = 0.0721
Epoch 7: Train Loss = 0.2710, Test Loss = 0.0649
Epoch 8: Train Loss = 0.2554, Test Loss = 0.0597
Epoch 9: Train Loss = 0.2421, Test Loss = 0.0541
Epoch 10: Train Loss = 0.2301, Test Loss = 0.0519
Epoch 11: Train Loss = 0.2264, Test Loss = 0.0503
Epoch 12: Train Loss = 0.2138, Test Loss = 0.0456
Epoch 13: Train Loss = 0.2045, Test Loss = 0.0443
Epoch 14: Train Loss = 0.1996, Test Loss = 0.0433
Epoch 15: Train Loss = 0.1907, Test Loss = 0.0407
Epoch 16: Train Loss = 0.1863, Test Loss = 0.0393
Epoch 17: Train Loss = 0.1765, Test Loss = 0.0377
Epoch 18: Train Loss = 0.1744, Test Loss = 0.0388
Epoch 19: Train Loss = 0.1705, Test Loss = 0.0352
Epoch 20: Train Loss = 0.1641, Test Loss = 0.0346
Epoch 21: Train Loss = 0.1586, Test Loss = 0.0354
Epoch 22: Train Loss = 0.1541, Test Loss = 0.0341
Epoch 23: Train Loss = 0.1533, Test Loss = 0.0328
Epoch 24: Train Loss = 0.1463, Test Loss = 0.0327
Epoch 25: Train Loss = 0.1419, Test Loss = 0.0316
Epoch 26: Train Loss = 0.1417, Test Loss = 0.0310
Epoch 27: Train Loss = 0.1391, Test Loss = 0.0324
Epoch 28: Train Loss = 0.1339, Test Loss = 0.0300
Epoch 29: Train Loss = 0.1329, Test Loss = 0.0324
Epoch 30: Train Loss = 0.1297, Test Loss = 0.0303
Epoch 31: Train Loss = 0.1261, Test Loss = 0.0320
Epoch 32: Train Loss = 0.1241, Test Loss = 0.0297
Epoch 33: Train Loss = 0.1200, Test Loss = 0.0275
Epoch 34: Train Loss = 0.1170, Test Loss = 0.0310
Epoch 35: Train Loss = 0.1171, Test Loss = 0.0289
Epoch 36: Train Loss = 0.1137, Test Loss = 0.0293
Epoch 37: Train Loss = 0.1160, Test Loss = 0.0308
Epoch 38: Train Loss = 0.1085, Test Loss = 0.0298
Epoch 39: Train Loss = 0.1056, Test Loss = 0.0283
Epoch 40: Train Loss = 0.1079, Test Loss = 0.0292
Epoch 41: Train Loss = 0.1042, Test Loss = 0.0296
Epoch 42: Train Loss = 0.1018, Test Loss = 0.0261
Epoch 43: Train Loss = 0.1004, Test Loss = 0.0278
Epoch 44: Train Loss = 0.0992, Test Loss = 0.0269
Epoch 45: Train Loss = 0.0998, Test Loss = 0.0288
Epoch 46: Train Loss = 0.0957, Test Loss = 0.0260
Epoch 47: Train Loss = 0.0948, Test Loss = 0.0273
Epoch 48: Train Loss = 0.0946, Test Loss = 0.0260
Epoch 49: Train Loss = 0.0935, Test Loss = 0.0240
Epoch 50: Train Loss = 0.0906, Test Loss = 0.0288
Epoch 51: Train Loss = 0.0948, Test Loss = 0.0279
Epoch 52: Train Loss = 0.0905, Test Loss = 0.0258
Epoch 53: Train Loss = 0.0893, Test Loss = 0.0244
Epoch 54: Train Loss = 0.0885, Test Loss = 0.0260
Epoch 55: Train Loss = 0.0848, Test Loss = 0.0256
Epoch 56: Train Loss = 0.0833, Test Loss = 0.0261
Epoch 57: Train Loss = 0.0834, Test Loss = 0.0270
Epoch 58: Train Loss = 0.0837, Test Loss = 0.0256
Epoch 59: Train Loss = 0.0843, Test Loss = 0.0265
Epoch 60: Train Loss = 0.0835, Test Loss = 0.0254
Epoch 61: Train Loss = 0.0798, Test Loss = 0.0274
Epoch 62: Train Loss = 0.0817, Test Loss = 0.0255
Epoch 63: Train Loss = 0.0806, Test Loss = 0.0243
Epoch 64: Train Loss = 0.0780, Test Loss = 0.0246
Epoch 65: Train Loss = 0.0781, Test Loss = 0.0264
Epoch 66: Train Loss = 0.0773, Test Loss = 0.0240
Epoch 67: Train Loss = 0.0784, Test Loss = 0.0241
Epoch 68: Train Loss = 0.0783, Test Loss = 0.0236
Epoch 69: Train Loss = 0.0767, Test Loss = 0.0241
Epoch 70: Train Loss = 0.0739, Test Loss = 0.0241
Epoch 71: Train Loss = 0.0760, Test Loss = 0.0248
Epoch 72: Train Loss = 0.0744, Test Loss = 0.0252
Epoch 73: Train Loss = 0.0752, Test Loss = 0.0250
Epoch 74: Train Loss = 0.0754, Test Loss = 0.0238
Epoch 75: Train Loss = 0.0747, Test Loss = 0.0251
Epoch 76: Train Loss = 0.0729, Test Loss = 0.0233
Epoch 77: Train Loss = 0.0728, Test Loss = 0.0242
Epoch 78: Train Loss = 0.0723, Test Loss = 0.0251
Epoch 79: Train Loss = 0.0731, Test Loss = 0.0240
Epoch 80: Train Loss = 0.0722, Test Loss = 0.0238
Epoch 81: Train Loss = 0.0713, Test Loss = 0.0254
Epoch 82: Train Loss = 0.0729, Test Loss = 0.0256
Epoch 83: Train Loss = 0.0697, Test Loss = 0.0249
Epoch 84: Train Loss = 0.0696, Test Loss = 0.0244
Epoch 85: Train Loss = 0.0687, Test Loss = 0.0246
Epoch 86: Train Loss = 0.0697, Test Loss = 0.0246
Epoch 87: Train Loss = 0.0692, Test Loss = 0.0252
Epoch 88: Train Loss = 0.0707, Test Loss = 0.0246
Epoch 89: Train Loss = 0.0694, Test Loss = 0.0243
Epoch 90: Train Loss = 0.0694, Test Loss = 0.0244
Epoch 91: Train Loss = 0.0693, Test Loss = 0.0252
Epoch 92: Train Loss = 0.0662, Test Loss = 0.0245
Epoch 93: Train Loss = 0.0699, Test Loss = 0.0243
Epoch 94: Train Loss = 0.0682, Test Loss = 0.0227
Epoch 95: Train Loss = 0.0684, Test Loss = 0.0242
Epoch 96: Train Loss = 0.0702, Test Loss = 0.0250
Epoch 97: Train Loss = 0.0685, Test Loss = 0.0253
Epoch 98: Train Loss = 0.0694, Test Loss = 0.0228
Epoch 99: Train Loss = 0.0680, Test Loss = 0.0256
Epoch 100: Train Loss = 0.0678, Test Loss = 0.0242
Epoch 101: Train Loss = 0.0677, Test Loss = 0.0247
Epoch 102: Train Loss = 0.0661, Test Loss = 0.0245
Epoch 103: Train Loss = 0.0666, Test Loss = 0.0234
Epoch 104: Train Loss = 0.0666, Test Loss = 0.0249
Epoch 105: Train Loss = 0.0688, Test Loss = 0.0242
Epoch 106: Train Loss = 0.0664, Test Loss = 0.0243
Epoch 107: Train Loss = 0.0664, Test Loss = 0.0246
Epoch 108: Train Loss = 0.0655, Test Loss = 0.0257
Epoch 109: Train Loss = 0.0661, Test Loss = 0.0244
Epoch 110: Train Loss = 0.0649, Test Loss = 0.0245
Epoch 111: Train Loss = 0.0666, Test Loss = 0.0213
Epoch 112: Train Loss = 0.0659, Test Loss = 0.0237
Epoch 113: Train Loss = 0.0670, Test Loss = 0.0249
Epoch 114: Train Loss = 0.0659, Test Loss = 0.0246
Epoch 115: Train Loss = 0.0658, Test Loss = 0.0232
Epoch 116: Train Loss = 0.0653, Test Loss = 0.0246
Epoch 117: Train Loss = 0.0641, Test Loss = 0.0236
Epoch 118: Train Loss = 0.0661, Test Loss = 0.0247
Epoch 119: Train Loss = 0.0662, Test Loss = 0.0231
Epoch 120: Train Loss = 0.0650, Test Loss = 0.0252
Epoch 121: Train Loss = 0.0650, Test Loss = 0.0240
Epoch 122: Train Loss = 0.0658, Test Loss = 0.0241
Epoch 123: Train Loss = 0.0648, Test Loss = 0.0254
Epoch 124: Train Loss = 0.0658, Test Loss = 0.0247
Epoch 125: Train Loss = 0.0662, Test Loss = 0.0245
Epoch 126: Train Loss = 0.0646, Test Loss = 0.0250
Epoch 127: Train Loss = 0.0646, Test Loss = 0.0248
Epoch 128: Train Loss = 0.0639, Test Loss = 0.0261
Epoch 129: Train Loss = 0.0629, Test Loss = 0.0251
Epoch 130: Train Loss = 0.0653, Test Loss = 0.0250
Epoch 131: Train Loss = 0.0640, Test Loss = 0.0251
Epoch 132: Train Loss = 0.0635, Test Loss = 0.0228
Epoch 133: Train Loss = 0.0639, Test Loss = 0.0240
Epoch 134: Train Loss = 0.0639, Test Loss = 0.0221
Epoch 135: Train Loss = 0.0651, Test Loss = 0.0236
Epoch 136: Train Loss = 0.0627, Test Loss = 0.0251
Epoch 137: Train Loss = 0.0634, Test Loss = 0.0242
Epoch 138: Train Loss = 0.0650, Test Loss = 0.0244
Epoch 139: Train Loss = 0.0614, Test Loss = 0.0241
Epoch 140: Train Loss = 0.0637, Test Loss = 0.0248
Epoch 141: Train Loss = 0.0639, Test Loss = 0.0249
Epoch 142: Train Loss = 0.0627, Test Loss = 0.0226
Epoch 143: Train Loss = 0.0635, Test Loss = 0.0250
Epoch 144: Train Loss = 0.0641, Test Loss = 0.0224
Epoch 145: Train Loss = 0.0636, Test Loss = 0.0237
Epoch 146: Train Loss = 0.0631, Test Loss = 0.0248
Epoch 147: Train Loss = 0.0642, Test Loss = 0.0261
Epoch 148: Train Loss = 0.0638, Test Loss = 0.0243
Epoch 149: Train Loss = 0.0639, Test Loss = 0.0220
Epoch 150: Train Loss = 0.0643, Test Loss = 0.0236
Epoch 151: Train Loss = 0.0643, Test Loss = 0.0231
Epoch 152: Train Loss = 0.0651, Test Loss = 0.0247
Epoch 153: Train Loss = 0.0648, Test Loss = 0.0231
Epoch 154: Train Loss = 0.0627, Test Loss = 0.0248
Epoch 155: Train Loss = 0.0657, Test Loss = 0.0234
Epoch 156: Train Loss = 0.0646, Test Loss = 0.0225
Epoch 157: Train Loss = 0.0632, Test Loss = 0.0251
Epoch 158: Train Loss = 0.0642, Test Loss = 0.0264
Epoch 159: Train Loss = 0.0613, Test Loss = 0.0246
Epoch 160: Train Loss = 0.0617, Test Loss = 0.0262
Epoch 161: Train Loss = 0.0635, Test Loss = 0.0230
Epoch 162: Train Loss = 0.0641, Test Loss = 0.0246
Epoch 163: Train Loss = 0.0640, Test Loss = 0.0246
Epoch 164: Train Loss = 0.0627, Test Loss = 0.0256
Epoch 165: Train Loss = 0.0631, Test Loss = 0.0276
Epoch 166: Train Loss = 0.0637, Test Loss = 0.0234
Epoch 167: Train Loss = 0.0629, Test Loss = 0.0246
Epoch 168: Train Loss = 0.0621, Test Loss = 0.0248
Epoch 169: Train Loss = 0.0649, Test Loss = 0.0263
Epoch 170: Train Loss = 0.0639, Test Loss = 0.0257
Epoch 171: Train Loss = 0.0630, Test Loss = 0.0236
Epoch 172: Train Loss = 0.0625, Test Loss = 0.0229
Epoch 173: Train Loss = 0.0619, Test Loss = 0.0246
Epoch 174: Train Loss = 0.0634, Test Loss = 0.0237
Epoch 175: Train Loss = 0.0609, Test Loss = 0.0240
Epoch 176: Train Loss = 0.0624, Test Loss = 0.0255
Epoch 177: Train Loss = 0.0609, Test Loss = 0.0243
Epoch 178: Train Loss = 0.0636, Test Loss = 0.0234
Epoch 179: Train Loss = 0.0631, Test Loss = 0.0248
Epoch 180: Train Loss = 0.0631, Test Loss = 0.0232
Epoch 181: Train Loss = 0.0637, Test Loss = 0.0230
Epoch 182: Train Loss = 0.0600, Test Loss = 0.0245
Epoch 183: Train Loss = 0.0609, Test Loss = 0.0246
Epoch 184: Train Loss = 0.0624, Test Loss = 0.0247
Epoch 185: Train Loss = 0.0618, Test Loss = 0.0234
Epoch 186: Train Loss = 0.0631, Test Loss = 0.0266
Epoch 187: Train Loss = 0.0634, Test Loss = 0.0238
Epoch 188: Train Loss = 0.0640, Test Loss = 0.0241
Epoch 189: Train Loss = 0.0625, Test Loss = 0.0281
Epoch 190: Train Loss = 0.0618, Test Loss = 0.0233
Epoch 191: Train Loss = 0.0632, Test Loss = 0.0230
Epoch 192: Train Loss = 0.0628, Test Loss = 0.0241
Epoch 193: Train Loss = 0.0625, Test Loss = 0.0215
Epoch 194: Train Loss = 0.0634, Test Loss = 0.0239
Epoch 195: Train Loss = 0.0651, Test Loss = 0.0236
Epoch 196: Train Loss = 0.0610, Test Loss = 0.0246
Epoch 197: Train Loss = 0.0628, Test Loss = 0.0234
Epoch 198: Train Loss = 0.0624, Test Loss = 0.0241
Epoch 199: Train Loss = 0.0648, Test Loss = 0.0233
Epoch 200: Train Loss = 0.0623, Test Loss = 0.0232
Epoch 201: Train Loss = 0.0605, Test Loss = 0.0250
Epoch 202: Train Loss = 0.0630, Test Loss = 0.0224
Epoch 203: Train Loss = 0.0618, Test Loss = 0.0248
Epoch 204: Train Loss = 0.0606, Test Loss = 0.0238
Epoch 205: Train Loss = 0.0613, Test Loss = 0.0232
Epoch 206: Train Loss = 0.0620, Test Loss = 0.0213
Epoch 207: Train Loss = 0.0614, Test Loss = 0.0235
Epoch 208: Train Loss = 0.0611, Test Loss = 0.0213
Epoch 209: Train Loss = 0.0635, Test Loss = 0.0236
Epoch 210: Train Loss = 0.0632, Test Loss = 0.0250
Epoch 211: Train Loss = 0.0614, Test Loss = 0.0238
Epoch 212: Train Loss = 0.0627, Test Loss = 0.0238
Epoch 213: Train Loss = 0.0636, Test Loss = 0.0227
Epoch 214: Train Loss = 0.0636, Test Loss = 0.0235
Epoch 215: Train Loss = 0.0613, Test Loss = 0.0235
Epoch 216: Train Loss = 0.0625, Test Loss = 0.0231
Epoch 217: Train Loss = 0.0621, Test Loss = 0.0244
Epoch 218: Train Loss = 0.0627, Test Loss = 0.0251
Epoch 219: Train Loss = 0.0616, Test Loss = 0.0239
Epoch 220: Train Loss = 0.0619, Test Loss = 0.0225
Epoch 221: Train Loss = 0.0622, Test Loss = 0.0246
Epoch 222: Train Loss = 0.0612, Test Loss = 0.0239
Epoch 223: Train Loss = 0.0611, Test Loss = 0.0255
Epoch 224: Train Loss = 0.0620, Test Loss = 0.0243
Epoch 225: Train Loss = 0.0616, Test Loss = 0.0244
Epoch 226: Train Loss = 0.0623, Test Loss = 0.0215
Epoch 227: Train Loss = 0.0609, Test Loss = 0.0213
Epoch 228: Train Loss = 0.0606, Test Loss = 0.0250
Epoch 229: Train Loss = 0.0615, Test Loss = 0.0254
Epoch 230: Train Loss = 0.0595, Test Loss = 0.0222
Epoch 231: Train Loss = 0.0620, Test Loss = 0.0236
Epoch 232: Train Loss = 0.0629, Test Loss = 0.0244
Epoch 233: Train Loss = 0.0588, Test Loss = 0.0240
Epoch 234: Train Loss = 0.0623, Test Loss = 0.0249
Epoch 235: Train Loss = 0.0618, Test Loss = 0.0227
Epoch 236: Train Loss = 0.0608, Test Loss = 0.0229
Epoch 237: Train Loss = 0.0622, Test Loss = 0.0237
Epoch 238: Train Loss = 0.0605, Test Loss = 0.0241
Epoch 239: Train Loss = 0.0619, Test Loss = 0.0258
Epoch 240: Train Loss = 0.0612, Test Loss = 0.0241
Epoch 241: Train Loss = 0.0598, Test Loss = 0.0247
Epoch 242: Train Loss = 0.0608, Test Loss = 0.0244
Epoch 243: Train Loss = 0.0605, Test Loss = 0.0237
Epoch 244: Train Loss = 0.0619, Test Loss = 0.0221
Epoch 245: Train Loss = 0.0607, Test Loss = 0.0247
Epoch 246: Train Loss = 0.0610, Test Loss = 0.0228
Epoch 247: Train Loss = 0.0615, Test Loss = 0.0242
Epoch 248: Train Loss = 0.0616, Test Loss = 0.0244
Epoch 249: Train Loss = 0.0611, Test Loss = 0.0246
Epoch 250: Train Loss = 0.0603, Test Loss = 0.0214
Epoch 251: Train Loss = 0.0607, Test Loss = 0.0241
Epoch 252: Train Loss = 0.0615, Test Loss = 0.0254
Epoch 253: Train Loss = 0.0607, Test Loss = 0.0232
Epoch 254: Train Loss = 0.0614, Test Loss = 0.0233
Epoch 255: Train Loss = 0.0596, Test Loss = 0.0244
Epoch 256: Train Loss = 0.0609, Test Loss = 0.0236
Epoch 257: Train Loss = 0.0618, Test Loss = 0.0241
Epoch 258: Train Loss = 0.0612, Test Loss = 0.0246
Epoch 259: Train Loss = 0.0594, Test Loss = 0.0231
Epoch 260: Train Loss = 0.0612, Test Loss = 0.0260
Epoch 261: Train Loss = 0.0602, Test Loss = 0.0231
Epoch 262: Train Loss = 0.0590, Test Loss = 0.0241
Epoch 263: Train Loss = 0.0619, Test Loss = 0.0263
Epoch 264: Train Loss = 0.0614, Test Loss = 0.0236
Epoch 265: Train Loss = 0.0590, Test Loss = 0.0236
Epoch 266: Train Loss = 0.0612, Test Loss = 0.0222
Epoch 267: Train Loss = 0.0603, Test Loss = 0.0222
Epoch 268: Train Loss = 0.0605, Test Loss = 0.0244
Epoch 269: Train Loss = 0.0610, Test Loss = 0.0251
Epoch 270: Train Loss = 0.0602, Test Loss = 0.0239
Epoch 271: Train Loss = 0.0600, Test Loss = 0.0229
Epoch 272: Train Loss = 0.0617, Test Loss = 0.0234
Epoch 273: Train Loss = 0.0611, Test Loss = 0.0229
Epoch 274: Train Loss = 0.0622, Test Loss = 0.0236
Epoch 275: Train Loss = 0.0600, Test Loss = 0.0253
Epoch 276: Train Loss = 0.0594, Test Loss = 0.0250
Epoch 277: Train Loss = 0.0607, Test Loss = 0.0246
Epoch 278: Train Loss = 0.0625, Test Loss = 0.0245
Epoch 279: Train Loss = 0.0609, Test Loss = 0.0232
Epoch 280: Train Loss = 0.0594, Test Loss = 0.0235
Epoch 281: Train Loss = 0.0609, Test Loss = 0.0263
Epoch 282: Train Loss = 0.0599, Test Loss = 0.0237
Epoch 283: Train Loss = 0.0601, Test Loss = 0.0214
Epoch 284: Train Loss = 0.0598, Test Loss = 0.0222
Epoch 285: Train Loss = 0.0613, Test Loss = 0.0240
Epoch 286: Train Loss = 0.0614, Test Loss = 0.0228
Epoch 287: Train Loss = 0.0594, Test Loss = 0.0224
Epoch 288: Train Loss = 0.0585, Test Loss = 0.0242
Epoch 289: Train Loss = 0.0599, Test Loss = 0.0222
Epoch 290: Train Loss = 0.0594, Test Loss = 0.0235
Epoch 291: Train Loss = 0.0615, Test Loss = 0.0240
Epoch 292: Train Loss = 0.0604, Test Loss = 0.0247
Epoch 293: Train Loss = 0.0606, Test Loss = 0.0223
Epoch 294: Train Loss = 0.0596, Test Loss = 0.0238
Epoch 295: Train Loss = 0.0593, Test Loss = 0.0233
Epoch 296: Train Loss = 0.0589, Test Loss = 0.0229
Epoch 297: Train Loss = 0.0621, Test Loss = 0.0232
Epoch 298: Train Loss = 0.0597, Test Loss = 0.0230
Epoch 299: Train Loss = 0.0600, Test Loss = 0.0243
Epoch 300: Train Loss = 0.0595, Test Loss = 0.0241
Trial completed in 785.03s with error: 0.0241
Trial completed!
