Running on host hal0018.amarel.rutgers.edu
Time is Thu Apr 24 15:33:39 EDT 2025
Directory is /home/elp95/tfa-predictor
SLURM job ID is 43169322
Starting trial...
Running trial with config: {'input_size': 3883, 'output_size': 214, 'hidden_sizes': [1024, 1024, 512, 256], 'lr': 0.0014406691541388027, 'weight_decay': 0.00042654102473476606, 'batch_size': 16, 'max_epochs': 50, 'dropout_rate': 0.06700761422532037, 'activation': 'elu', 'optimizer': 'sgd_momentum', 'learning_rate_schedule': 'cosine', 'batch_norm': 'true'}
Using data directory: /cache/home/elp95/tfa-predictor/data
xprs_path: /cache/home/elp95/tfa-predictor/data/gene-xprs/processed/xprs-data.csv
tfa_path: /cache/home/elp95/tfa-predictor/data/tfa/processed/tfa-labels.csv
Epoch 1: Train Loss = 0.4619, Test Loss = 0.1487
Epoch 2: Train Loss = 0.3037, Test Loss = 0.1153
Epoch 3: Train Loss = 0.2627, Test Loss = 0.1265
Epoch 4: Train Loss = 0.2522, Test Loss = 0.1338
Epoch 5: Train Loss = 0.2487, Test Loss = 0.1060
Epoch 6: Train Loss = 0.2451, Test Loss = 0.1114
Epoch 7: Train Loss = 0.2378, Test Loss = 0.1000
Epoch 8: Train Loss = 0.2386, Test Loss = 0.1249
Epoch 9: Train Loss = 0.2401, Test Loss = 0.1176
Epoch 10: Train Loss = 0.2465, Test Loss = 0.1120
Epoch 11: Train Loss = 0.2340, Test Loss = 0.1363
Epoch 12: Train Loss = 0.2476, Test Loss = 0.1171
Epoch 13: Train Loss = 0.2377, Test Loss = 0.1263
Epoch 14: Train Loss = 0.2368, Test Loss = 0.1048
Epoch 15: Train Loss = 0.2427, Test Loss = 0.1073
Epoch 16: Train Loss = 0.2398, Test Loss = 0.1085
Epoch 17: Train Loss = 0.2382, Test Loss = 0.1297
Epoch 18: Train Loss = 0.2422, Test Loss = 0.0973
Epoch 19: Train Loss = 0.2340, Test Loss = 0.1234
Epoch 20: Train Loss = 0.2444, Test Loss = 0.1181
Epoch 21: Train Loss = 0.2353, Test Loss = 0.1141
Epoch 22: Train Loss = 0.2431, Test Loss = 0.1346
Epoch 23: Train Loss = 0.2415, Test Loss = 0.1264
Epoch 24: Train Loss = 0.2349, Test Loss = 0.1076
Epoch 25: Train Loss = 0.2431, Test Loss = 0.0967
Epoch 26: Train Loss = 0.2358, Test Loss = 0.1210
Epoch 27: Train Loss = 0.2340, Test Loss = 0.0963
Epoch 28: Train Loss = 0.2385, Test Loss = 0.1165
Epoch 29: Train Loss = 0.2395, Test Loss = 0.1136
Epoch 30: Train Loss = 0.2337, Test Loss = 0.1225
Epoch 31: Train Loss = 0.2384, Test Loss = 0.0966
Epoch 32: Train Loss = 0.2454, Test Loss = 0.1165
Epoch 33: Train Loss = 0.2413, Test Loss = 0.1097
Epoch 34: Train Loss = 0.2341, Test Loss = 0.1222
Epoch 35: Train Loss = 0.2354, Test Loss = 0.1259
Epoch 36: Train Loss = 0.2443, Test Loss = 0.1163
Epoch 37: Train Loss = 0.2349, Test Loss = 0.1064
Epoch 38: Train Loss = 0.2380, Test Loss = 0.1233
Epoch 39: Train Loss = 0.2331, Test Loss = 0.1235
Epoch 40: Train Loss = 0.2467, Test Loss = 0.1240
Epoch 41: Train Loss = 0.2370, Test Loss = 0.1089
Epoch 42: Train Loss = 0.2326, Test Loss = 0.0982
Epoch 43: Train Loss = 0.2358, Test Loss = 0.0901
Epoch 44: Train Loss = 0.2369, Test Loss = 0.1191
Epoch 45: Train Loss = 0.2310, Test Loss = 0.1037
Epoch 46: Train Loss = 0.2390, Test Loss = 0.1194
Epoch 47: Train Loss = 0.2299, Test Loss = 0.1143
Epoch 48: Train Loss = 0.2394, Test Loss = 0.1099
Epoch 49: Train Loss = 0.2380, Test Loss = 0.1123
Epoch 50: Train Loss = 0.2396, Test Loss = 0.1217
Trial completed in 276.25s with error: 0.1217
Trial completed!
