Running on host hal0046.amarel.rutgers.edu
Time is Thu Apr 24 14:44:50 EDT 2025
Directory is /home/elp95/tfa-predictor
SLURM job ID is 43168383
Starting trial...
Running trial with config: {'input_size': 3883, 'output_size': 214, 'hidden_sizes': [1024, 1024, 512, 256], 'lr': 0.0006986717740904972, 'weight_decay': 2.3233503515390116e-06, 'batch_size': 256, 'max_epochs': 150, 'dropout_rate': 0.45466020103939103, 'activation': 'selu', 'optimizer': 'adamw', 'learning_rate_schedule': 'exponential', 'batch_norm': 'false'}
Using data directory: /cache/home/elp95/tfa-predictor/data
xprs_path: /cache/home/elp95/tfa-predictor/data/gene-xprs/processed/xprs-data.csv
tfa_path: /cache/home/elp95/tfa-predictor/data/tfa/processed/tfa-labels.csv
Epoch 1: Train Loss = 0.8187, Test Loss = 0.5052
Epoch 2: Train Loss = 0.3584, Test Loss = 0.4280
Epoch 3: Train Loss = 0.2833, Test Loss = 0.1438
Epoch 4: Train Loss = 0.2382, Test Loss = 0.0773
Epoch 5: Train Loss = 0.2173, Test Loss = 0.0581
Epoch 6: Train Loss = 0.1972, Test Loss = 0.0506
Epoch 7: Train Loss = 0.1832, Test Loss = 0.0445
Epoch 8: Train Loss = 0.1663, Test Loss = 0.0414
Epoch 9: Train Loss = 0.1540, Test Loss = 0.0399
Epoch 10: Train Loss = 0.1468, Test Loss = 0.0337
Epoch 11: Train Loss = 0.1381, Test Loss = 0.0330
Epoch 12: Train Loss = 0.1307, Test Loss = 0.0308
Epoch 13: Train Loss = 0.1226, Test Loss = 0.0286
Epoch 14: Train Loss = 0.1208, Test Loss = 0.0302
Epoch 15: Train Loss = 0.1112, Test Loss = 0.0275
Epoch 16: Train Loss = 0.1080, Test Loss = 0.0267
Epoch 17: Train Loss = 0.1033, Test Loss = 0.0272
Epoch 18: Train Loss = 0.0974, Test Loss = 0.0246
Epoch 19: Train Loss = 0.0945, Test Loss = 0.0236
Epoch 20: Train Loss = 0.0897, Test Loss = 0.0225
Epoch 21: Train Loss = 0.0872, Test Loss = 0.0221
Epoch 22: Train Loss = 0.0825, Test Loss = 0.0220
Epoch 23: Train Loss = 0.0800, Test Loss = 0.0224
Epoch 24: Train Loss = 0.0760, Test Loss = 0.0205
Epoch 25: Train Loss = 0.0755, Test Loss = 0.0203
Epoch 26: Train Loss = 0.0731, Test Loss = 0.0223
Epoch 27: Train Loss = 0.0721, Test Loss = 0.0191
Epoch 28: Train Loss = 0.0711, Test Loss = 0.0212
Epoch 29: Train Loss = 0.0662, Test Loss = 0.0187
Epoch 30: Train Loss = 0.0662, Test Loss = 0.0185
Epoch 31: Train Loss = 0.0646, Test Loss = 0.0192
Epoch 32: Train Loss = 0.0652, Test Loss = 0.0189
Epoch 33: Train Loss = 0.0626, Test Loss = 0.0197
Epoch 34: Train Loss = 0.0615, Test Loss = 0.0189
Epoch 35: Train Loss = 0.0592, Test Loss = 0.0182
Epoch 36: Train Loss = 0.0625, Test Loss = 0.0181
Epoch 37: Train Loss = 0.0563, Test Loss = 0.0176
Epoch 38: Train Loss = 0.0548, Test Loss = 0.0171
Epoch 39: Train Loss = 0.0551, Test Loss = 0.0167
Epoch 40: Train Loss = 0.0540, Test Loss = 0.0168
Epoch 41: Train Loss = 0.0544, Test Loss = 0.0175
Epoch 42: Train Loss = 0.0565, Test Loss = 0.0188
Epoch 43: Train Loss = 0.0547, Test Loss = 0.0182
Epoch 44: Train Loss = 0.0535, Test Loss = 0.0179
Epoch 45: Train Loss = 0.0525, Test Loss = 0.0158
Epoch 46: Train Loss = 0.0517, Test Loss = 0.0155
Epoch 47: Train Loss = 0.0507, Test Loss = 0.0172
Epoch 48: Train Loss = 0.0506, Test Loss = 0.0163
Epoch 49: Train Loss = 0.0527, Test Loss = 0.0155
Epoch 50: Train Loss = 0.0491, Test Loss = 0.0159
Epoch 51: Train Loss = 0.0535, Test Loss = 0.0169
Epoch 52: Train Loss = 0.0499, Test Loss = 0.0153
Epoch 53: Train Loss = 0.0492, Test Loss = 0.0158
Epoch 54: Train Loss = 0.0508, Test Loss = 0.0167
Epoch 55: Train Loss = 0.0505, Test Loss = 0.0166
Epoch 56: Train Loss = 0.0491, Test Loss = 0.0152
Epoch 57: Train Loss = 0.0468, Test Loss = 0.0169
Epoch 58: Train Loss = 0.0461, Test Loss = 0.0147
Epoch 59: Train Loss = 0.0472, Test Loss = 0.0148
Epoch 60: Train Loss = 0.0497, Test Loss = 0.0146
Epoch 61: Train Loss = 0.0476, Test Loss = 0.0155
Epoch 62: Train Loss = 0.0474, Test Loss = 0.0173
Epoch 63: Train Loss = 0.0457, Test Loss = 0.0153
Epoch 64: Train Loss = 0.0454, Test Loss = 0.0158
Epoch 65: Train Loss = 0.0456, Test Loss = 0.0148
Epoch 66: Train Loss = 0.0462, Test Loss = 0.0155
Epoch 67: Train Loss = 0.0450, Test Loss = 0.0148
Epoch 68: Train Loss = 0.0454, Test Loss = 0.0154
Epoch 69: Train Loss = 0.0460, Test Loss = 0.0164
Epoch 70: Train Loss = 0.0487, Test Loss = 0.0160
Epoch 71: Train Loss = 0.0466, Test Loss = 0.0149
Epoch 72: Train Loss = 0.0461, Test Loss = 0.0150
Epoch 73: Train Loss = 0.0450, Test Loss = 0.0140
Epoch 74: Train Loss = 0.0452, Test Loss = 0.0152
Epoch 75: Train Loss = 0.0450, Test Loss = 0.0145
Epoch 76: Train Loss = 0.0458, Test Loss = 0.0146
Epoch 77: Train Loss = 0.0486, Test Loss = 0.0154
Epoch 78: Train Loss = 0.0463, Test Loss = 0.0142
Epoch 79: Train Loss = 0.0467, Test Loss = 0.0158
Epoch 80: Train Loss = 0.0444, Test Loss = 0.0153
Epoch 81: Train Loss = 0.0451, Test Loss = 0.0143
Epoch 82: Train Loss = 0.0475, Test Loss = 0.0164
Epoch 83: Train Loss = 0.0455, Test Loss = 0.0151
Epoch 84: Train Loss = 0.0437, Test Loss = 0.0142
Epoch 85: Train Loss = 0.0448, Test Loss = 0.0148
Epoch 86: Train Loss = 0.0458, Test Loss = 0.0140
Epoch 87: Train Loss = 0.0447, Test Loss = 0.0148
Epoch 88: Train Loss = 0.0449, Test Loss = 0.0147
Epoch 89: Train Loss = 0.0454, Test Loss = 0.0144
Epoch 90: Train Loss = 0.0451, Test Loss = 0.0158
Epoch 91: Train Loss = 0.0437, Test Loss = 0.0146
Epoch 92: Train Loss = 0.0434, Test Loss = 0.0146
Epoch 93: Train Loss = 0.0431, Test Loss = 0.0147
Epoch 94: Train Loss = 0.0449, Test Loss = 0.0156
Epoch 95: Train Loss = 0.0469, Test Loss = 0.0162
Epoch 96: Train Loss = 0.0439, Test Loss = 0.0153
Epoch 97: Train Loss = 0.0428, Test Loss = 0.0149
Epoch 98: Train Loss = 0.0445, Test Loss = 0.0155
Epoch 99: Train Loss = 0.0446, Test Loss = 0.0154
Epoch 100: Train Loss = 0.0453, Test Loss = 0.0137
Epoch 101: Train Loss = 0.0431, Test Loss = 0.0139
Epoch 102: Train Loss = 0.0422, Test Loss = 0.0152
Epoch 103: Train Loss = 0.0423, Test Loss = 0.0141
Epoch 104: Train Loss = 0.0426, Test Loss = 0.0137
Epoch 105: Train Loss = 0.0430, Test Loss = 0.0148
Epoch 106: Train Loss = 0.0434, Test Loss = 0.0164
Epoch 107: Train Loss = 0.0421, Test Loss = 0.0152
Epoch 108: Train Loss = 0.0434, Test Loss = 0.0139
Epoch 109: Train Loss = 0.0418, Test Loss = 0.0162
Epoch 110: Train Loss = 0.0417, Test Loss = 0.0142
Epoch 111: Train Loss = 0.0445, Test Loss = 0.0136
Epoch 112: Train Loss = 0.0427, Test Loss = 0.0129
Epoch 113: Train Loss = 0.0440, Test Loss = 0.0140
Epoch 114: Train Loss = 0.0430, Test Loss = 0.0138
Epoch 115: Train Loss = 0.0436, Test Loss = 0.0137
Epoch 116: Train Loss = 0.0421, Test Loss = 0.0138
Epoch 117: Train Loss = 0.0416, Test Loss = 0.0139
Epoch 118: Train Loss = 0.0424, Test Loss = 0.0158
Epoch 119: Train Loss = 0.0429, Test Loss = 0.0130
Epoch 120: Train Loss = 0.0409, Test Loss = 0.0130
Epoch 121: Train Loss = 0.0408, Test Loss = 0.0130
Epoch 122: Train Loss = 0.0420, Test Loss = 0.0132
Epoch 123: Train Loss = 0.0410, Test Loss = 0.0129
Epoch 124: Train Loss = 0.0427, Test Loss = 0.0139
Epoch 125: Train Loss = 0.0414, Test Loss = 0.0136
Epoch 126: Train Loss = 0.0418, Test Loss = 0.0134
Epoch 127: Train Loss = 0.0415, Test Loss = 0.0132
Epoch 128: Train Loss = 0.0420, Test Loss = 0.0138
Epoch 129: Train Loss = 0.0425, Test Loss = 0.0138
Epoch 130: Train Loss = 0.0425, Test Loss = 0.0133
Epoch 131: Train Loss = 0.0433, Test Loss = 0.0135
Epoch 132: Train Loss = 0.0414, Test Loss = 0.0125
Epoch 133: Train Loss = 0.0409, Test Loss = 0.0148
Epoch 134: Train Loss = 0.0413, Test Loss = 0.0135
Epoch 135: Train Loss = 0.0418, Test Loss = 0.0132
Epoch 136: Train Loss = 0.0416, Test Loss = 0.0128
Epoch 137: Train Loss = 0.0419, Test Loss = 0.0134
Epoch 138: Train Loss = 0.0407, Test Loss = 0.0130
Epoch 139: Train Loss = 0.0426, Test Loss = 0.0135
Epoch 140: Train Loss = 0.0434, Test Loss = 0.0155
Epoch 141: Train Loss = 0.0423, Test Loss = 0.0131
Epoch 142: Train Loss = 0.0416, Test Loss = 0.0145
Epoch 143: Train Loss = 0.0411, Test Loss = 0.0131
Epoch 144: Train Loss = 0.0413, Test Loss = 0.0129
Epoch 145: Train Loss = 0.0395, Test Loss = 0.0123
Epoch 146: Train Loss = 0.0412, Test Loss = 0.0130
Epoch 147: Train Loss = 0.0397, Test Loss = 0.0129
Epoch 148: Train Loss = 0.0439, Test Loss = 0.0129
Epoch 149: Train Loss = 0.0411, Test Loss = 0.0129
Epoch 150: Train Loss = 0.0409, Test Loss = 0.0129
Trial completed in 94.57s with error: 0.0129
Trial completed!
