Running on host hal0032.amarel.rutgers.edu
Time is Thu Apr 24 15:24:43 EDT 2025
Directory is /home/elp95/tfa-predictor
SLURM job ID is 43169041
Starting trial...
Running trial with config: {'input_size': 3883, 'output_size': 214, 'hidden_sizes': [2048, 1024, 1024, 512], 'lr': 7.893106513220708e-05, 'weight_decay': 0.0006631251223975761, 'batch_size': 64, 'max_epochs': 300, 'dropout_rate': 0.30670759796789493, 'activation': 'leaky_relu', 'optimizer': 'adamw', 'learning_rate_schedule': 'exponential', 'batch_norm': 'false'}
Using data directory: /cache/home/elp95/tfa-predictor/data
xprs_path: /cache/home/elp95/tfa-predictor/data/gene-xprs/processed/xprs-data.csv
tfa_path: /cache/home/elp95/tfa-predictor/data/tfa/processed/tfa-labels.csv
Epoch 1: Train Loss = 0.8740, Test Loss = 0.2221
Epoch 2: Train Loss = 0.4355, Test Loss = 0.1206
Epoch 3: Train Loss = 0.3485, Test Loss = 0.0881
Epoch 4: Train Loss = 0.3128, Test Loss = 0.0711
Epoch 5: Train Loss = 0.2861, Test Loss = 0.0620
Epoch 6: Train Loss = 0.2654, Test Loss = 0.0545
Epoch 7: Train Loss = 0.2478, Test Loss = 0.0491
Epoch 8: Train Loss = 0.2375, Test Loss = 0.0453
Epoch 9: Train Loss = 0.2262, Test Loss = 0.0414
Epoch 10: Train Loss = 0.2168, Test Loss = 0.0409
Epoch 11: Train Loss = 0.2087, Test Loss = 0.0395
Epoch 12: Train Loss = 0.1998, Test Loss = 0.0375
Epoch 13: Train Loss = 0.1934, Test Loss = 0.0356
Epoch 14: Train Loss = 0.1874, Test Loss = 0.0352
Epoch 15: Train Loss = 0.1829, Test Loss = 0.0343
Epoch 16: Train Loss = 0.1771, Test Loss = 0.0310
Epoch 17: Train Loss = 0.1702, Test Loss = 0.0326
Epoch 18: Train Loss = 0.1651, Test Loss = 0.0321
Epoch 19: Train Loss = 0.1615, Test Loss = 0.0294
Epoch 20: Train Loss = 0.1582, Test Loss = 0.0313
Epoch 21: Train Loss = 0.1521, Test Loss = 0.0298
Epoch 22: Train Loss = 0.1453, Test Loss = 0.0299
Epoch 23: Train Loss = 0.1458, Test Loss = 0.0309
Epoch 24: Train Loss = 0.1411, Test Loss = 0.0272
Epoch 25: Train Loss = 0.1384, Test Loss = 0.0283
Epoch 26: Train Loss = 0.1338, Test Loss = 0.0262
Epoch 27: Train Loss = 0.1308, Test Loss = 0.0276
Epoch 28: Train Loss = 0.1279, Test Loss = 0.0279
Epoch 29: Train Loss = 0.1248, Test Loss = 0.0260
Epoch 30: Train Loss = 0.1215, Test Loss = 0.0259
Epoch 31: Train Loss = 0.1186, Test Loss = 0.0275
Epoch 32: Train Loss = 0.1161, Test Loss = 0.0276
Epoch 33: Train Loss = 0.1142, Test Loss = 0.0255
Epoch 34: Train Loss = 0.1120, Test Loss = 0.0256
Epoch 35: Train Loss = 0.1090, Test Loss = 0.0241
Epoch 36: Train Loss = 0.1064, Test Loss = 0.0260
Epoch 37: Train Loss = 0.1067, Test Loss = 0.0232
Epoch 38: Train Loss = 0.1037, Test Loss = 0.0247
Epoch 39: Train Loss = 0.1003, Test Loss = 0.0231
Epoch 40: Train Loss = 0.0994, Test Loss = 0.0258
Epoch 41: Train Loss = 0.0984, Test Loss = 0.0249
Epoch 42: Train Loss = 0.0942, Test Loss = 0.0240
Epoch 43: Train Loss = 0.0919, Test Loss = 0.0220
Epoch 44: Train Loss = 0.0922, Test Loss = 0.0254
Epoch 45: Train Loss = 0.0903, Test Loss = 0.0248
Epoch 46: Train Loss = 0.0888, Test Loss = 0.0242
Epoch 47: Train Loss = 0.0874, Test Loss = 0.0224
Epoch 48: Train Loss = 0.0868, Test Loss = 0.0224
Epoch 49: Train Loss = 0.0838, Test Loss = 0.0218
Epoch 50: Train Loss = 0.0836, Test Loss = 0.0243
Epoch 51: Train Loss = 0.0838, Test Loss = 0.0232
Epoch 52: Train Loss = 0.0810, Test Loss = 0.0228
Epoch 53: Train Loss = 0.0810, Test Loss = 0.0229
Epoch 54: Train Loss = 0.0794, Test Loss = 0.0248
Epoch 55: Train Loss = 0.0772, Test Loss = 0.0226
Epoch 56: Train Loss = 0.0757, Test Loss = 0.0227
Epoch 57: Train Loss = 0.0777, Test Loss = 0.0231
Epoch 58: Train Loss = 0.0759, Test Loss = 0.0230
Epoch 59: Train Loss = 0.0747, Test Loss = 0.0216
Epoch 60: Train Loss = 0.0733, Test Loss = 0.0230
Epoch 61: Train Loss = 0.0722, Test Loss = 0.0226
Epoch 62: Train Loss = 0.0707, Test Loss = 0.0226
Epoch 63: Train Loss = 0.0691, Test Loss = 0.0237
Epoch 64: Train Loss = 0.0700, Test Loss = 0.0232
Epoch 65: Train Loss = 0.0704, Test Loss = 0.0234
Epoch 66: Train Loss = 0.0699, Test Loss = 0.0227
Epoch 67: Train Loss = 0.0678, Test Loss = 0.0231
Epoch 68: Train Loss = 0.0673, Test Loss = 0.0236
Epoch 69: Train Loss = 0.0668, Test Loss = 0.0223
Epoch 70: Train Loss = 0.0659, Test Loss = 0.0226
Epoch 71: Train Loss = 0.0636, Test Loss = 0.0235
Epoch 72: Train Loss = 0.0650, Test Loss = 0.0213
Epoch 73: Train Loss = 0.0614, Test Loss = 0.0223
Epoch 74: Train Loss = 0.0636, Test Loss = 0.0232
Epoch 75: Train Loss = 0.0646, Test Loss = 0.0233
Epoch 76: Train Loss = 0.0632, Test Loss = 0.0233
Epoch 77: Train Loss = 0.0622, Test Loss = 0.0219
Epoch 78: Train Loss = 0.0620, Test Loss = 0.0227
Epoch 79: Train Loss = 0.0608, Test Loss = 0.0220
Epoch 80: Train Loss = 0.0619, Test Loss = 0.0253
Epoch 81: Train Loss = 0.0617, Test Loss = 0.0223
Epoch 82: Train Loss = 0.0615, Test Loss = 0.0226
Epoch 83: Train Loss = 0.0616, Test Loss = 0.0230
Epoch 84: Train Loss = 0.0589, Test Loss = 0.0219
Epoch 85: Train Loss = 0.0592, Test Loss = 0.0226
Epoch 86: Train Loss = 0.0578, Test Loss = 0.0231
Epoch 87: Train Loss = 0.0588, Test Loss = 0.0220
Epoch 88: Train Loss = 0.0572, Test Loss = 0.0226
Epoch 89: Train Loss = 0.0583, Test Loss = 0.0248
Epoch 90: Train Loss = 0.0580, Test Loss = 0.0218
Epoch 91: Train Loss = 0.0580, Test Loss = 0.0213
Epoch 92: Train Loss = 0.0562, Test Loss = 0.0197
Epoch 93: Train Loss = 0.0566, Test Loss = 0.0213
Epoch 94: Train Loss = 0.0566, Test Loss = 0.0212
Epoch 95: Train Loss = 0.0553, Test Loss = 0.0242
Epoch 96: Train Loss = 0.0556, Test Loss = 0.0226
Epoch 97: Train Loss = 0.0570, Test Loss = 0.0230
Epoch 98: Train Loss = 0.0559, Test Loss = 0.0218
Epoch 99: Train Loss = 0.0547, Test Loss = 0.0214
Epoch 100: Train Loss = 0.0563, Test Loss = 0.0234
Epoch 101: Train Loss = 0.0550, Test Loss = 0.0203
Epoch 102: Train Loss = 0.0552, Test Loss = 0.0215
Epoch 103: Train Loss = 0.0554, Test Loss = 0.0219
Epoch 104: Train Loss = 0.0542, Test Loss = 0.0218
Epoch 105: Train Loss = 0.0537, Test Loss = 0.0191
Epoch 106: Train Loss = 0.0550, Test Loss = 0.0216
Epoch 107: Train Loss = 0.0521, Test Loss = 0.0211
Epoch 108: Train Loss = 0.0530, Test Loss = 0.0222
Epoch 109: Train Loss = 0.0551, Test Loss = 0.0222
Epoch 110: Train Loss = 0.0547, Test Loss = 0.0224
Epoch 111: Train Loss = 0.0533, Test Loss = 0.0215
Epoch 112: Train Loss = 0.0531, Test Loss = 0.0213
Epoch 113: Train Loss = 0.0528, Test Loss = 0.0223
Epoch 114: Train Loss = 0.0518, Test Loss = 0.0230
Epoch 115: Train Loss = 0.0536, Test Loss = 0.0234
Epoch 116: Train Loss = 0.0535, Test Loss = 0.0210
Epoch 117: Train Loss = 0.0523, Test Loss = 0.0206
Epoch 118: Train Loss = 0.0520, Test Loss = 0.0218
Epoch 119: Train Loss = 0.0530, Test Loss = 0.0230
Epoch 120: Train Loss = 0.0523, Test Loss = 0.0206
Epoch 121: Train Loss = 0.0529, Test Loss = 0.0214
Epoch 122: Train Loss = 0.0517, Test Loss = 0.0195
Epoch 123: Train Loss = 0.0516, Test Loss = 0.0222
Epoch 124: Train Loss = 0.0516, Test Loss = 0.0211
Epoch 125: Train Loss = 0.0526, Test Loss = 0.0218
Epoch 126: Train Loss = 0.0513, Test Loss = 0.0221
Epoch 127: Train Loss = 0.0523, Test Loss = 0.0206
Epoch 128: Train Loss = 0.0524, Test Loss = 0.0212
Epoch 129: Train Loss = 0.0531, Test Loss = 0.0217
Epoch 130: Train Loss = 0.0522, Test Loss = 0.0221
Epoch 131: Train Loss = 0.0515, Test Loss = 0.0233
Epoch 132: Train Loss = 0.0593, Test Loss = 0.0246
Epoch 133: Train Loss = 0.0554, Test Loss = 0.0214
Epoch 134: Train Loss = 0.0519, Test Loss = 0.0221
Epoch 135: Train Loss = 0.0520, Test Loss = 0.0246
Epoch 136: Train Loss = 0.0519, Test Loss = 0.0218
Epoch 137: Train Loss = 0.0503, Test Loss = 0.0235
Epoch 138: Train Loss = 0.0510, Test Loss = 0.0220
Epoch 139: Train Loss = 0.0521, Test Loss = 0.0203
Epoch 140: Train Loss = 0.0508, Test Loss = 0.0228
Epoch 141: Train Loss = 0.0518, Test Loss = 0.0210
Epoch 142: Train Loss = 0.0506, Test Loss = 0.0225
Epoch 143: Train Loss = 0.0504, Test Loss = 0.0218
Epoch 144: Train Loss = 0.0516, Test Loss = 0.0234
Epoch 145: Train Loss = 0.0490, Test Loss = 0.0202
Epoch 146: Train Loss = 0.0496, Test Loss = 0.0236
Epoch 147: Train Loss = 0.0533, Test Loss = 0.0220
Epoch 148: Train Loss = 0.0510, Test Loss = 0.0219
Epoch 149: Train Loss = 0.0516, Test Loss = 0.0198
Epoch 150: Train Loss = 0.0506, Test Loss = 0.0207
Epoch 151: Train Loss = 0.0504, Test Loss = 0.0244
Epoch 152: Train Loss = 0.0505, Test Loss = 0.0211
Epoch 153: Train Loss = 0.0502, Test Loss = 0.0232
Epoch 154: Train Loss = 0.0504, Test Loss = 0.0206
Epoch 155: Train Loss = 0.0510, Test Loss = 0.0213
Epoch 156: Train Loss = 0.0503, Test Loss = 0.0236
Epoch 157: Train Loss = 0.0508, Test Loss = 0.0218
Epoch 158: Train Loss = 0.0497, Test Loss = 0.0198
Epoch 159: Train Loss = 0.0485, Test Loss = 0.0215
Epoch 160: Train Loss = 0.0510, Test Loss = 0.0219
Epoch 161: Train Loss = 0.0509, Test Loss = 0.0230
Epoch 162: Train Loss = 0.0504, Test Loss = 0.0211
Epoch 163: Train Loss = 0.0492, Test Loss = 0.0204
Epoch 164: Train Loss = 0.0493, Test Loss = 0.0215
Epoch 165: Train Loss = 0.0498, Test Loss = 0.0222
Epoch 166: Train Loss = 0.0507, Test Loss = 0.0216
Epoch 167: Train Loss = 0.0505, Test Loss = 0.0205
Epoch 168: Train Loss = 0.0514, Test Loss = 0.0226
Epoch 169: Train Loss = 0.0498, Test Loss = 0.0230
Epoch 170: Train Loss = 0.0506, Test Loss = 0.0228
Epoch 171: Train Loss = 0.0500, Test Loss = 0.0224
Epoch 172: Train Loss = 0.0504, Test Loss = 0.0223
Epoch 173: Train Loss = 0.0495, Test Loss = 0.0206
Epoch 174: Train Loss = 0.0481, Test Loss = 0.0222
Epoch 175: Train Loss = 0.0518, Test Loss = 0.0213
Epoch 176: Train Loss = 0.0493, Test Loss = 0.0206
Epoch 177: Train Loss = 0.0505, Test Loss = 0.0229
Epoch 178: Train Loss = 0.0495, Test Loss = 0.0216
Epoch 179: Train Loss = 0.0495, Test Loss = 0.0232
Epoch 180: Train Loss = 0.0500, Test Loss = 0.0227
Epoch 181: Train Loss = 0.0497, Test Loss = 0.0201
Epoch 182: Train Loss = 0.0487, Test Loss = 0.0221
Epoch 183: Train Loss = 0.0484, Test Loss = 0.0207
Epoch 184: Train Loss = 0.0499, Test Loss = 0.0228
Epoch 185: Train Loss = 0.0487, Test Loss = 0.0208
Epoch 186: Train Loss = 0.0493, Test Loss = 0.0205
Epoch 187: Train Loss = 0.0498, Test Loss = 0.0245
Epoch 188: Train Loss = 0.0500, Test Loss = 0.0211
Epoch 189: Train Loss = 0.0487, Test Loss = 0.0223
Epoch 190: Train Loss = 0.0483, Test Loss = 0.0204
Epoch 191: Train Loss = 0.0496, Test Loss = 0.0224
Epoch 192: Train Loss = 0.0494, Test Loss = 0.0212
Epoch 193: Train Loss = 0.0492, Test Loss = 0.0221
Epoch 194: Train Loss = 0.0526, Test Loss = 0.0222
Epoch 195: Train Loss = 0.0500, Test Loss = 0.0230
Epoch 196: Train Loss = 0.0501, Test Loss = 0.0209
Epoch 197: Train Loss = 0.0496, Test Loss = 0.0220
Epoch 198: Train Loss = 0.0490, Test Loss = 0.0203
Epoch 199: Train Loss = 0.0497, Test Loss = 0.0240
Epoch 200: Train Loss = 0.0487, Test Loss = 0.0202
Epoch 201: Train Loss = 0.0494, Test Loss = 0.0230
Epoch 202: Train Loss = 0.0493, Test Loss = 0.0222
Epoch 203: Train Loss = 0.0560, Test Loss = 0.0233
Epoch 204: Train Loss = 0.0535, Test Loss = 0.0242
Epoch 205: Train Loss = 0.0522, Test Loss = 0.0217
Epoch 206: Train Loss = 0.0503, Test Loss = 0.0235
Epoch 207: Train Loss = 0.0497, Test Loss = 0.0228
Epoch 208: Train Loss = 0.0492, Test Loss = 0.0203
Epoch 209: Train Loss = 0.0484, Test Loss = 0.0208
Epoch 210: Train Loss = 0.0491, Test Loss = 0.0223
Epoch 211: Train Loss = 0.0493, Test Loss = 0.0223
Epoch 212: Train Loss = 0.0484, Test Loss = 0.0222
Epoch 213: Train Loss = 0.0490, Test Loss = 0.0215
Epoch 214: Train Loss = 0.0498, Test Loss = 0.0233
Epoch 215: Train Loss = 0.0500, Test Loss = 0.0208
Epoch 216: Train Loss = 0.0502, Test Loss = 0.0242
Epoch 217: Train Loss = 0.0497, Test Loss = 0.0223
Epoch 218: Train Loss = 0.0480, Test Loss = 0.0206
Epoch 219: Train Loss = 0.0501, Test Loss = 0.0207
Epoch 220: Train Loss = 0.0494, Test Loss = 0.0217
Epoch 221: Train Loss = 0.0478, Test Loss = 0.0223
Epoch 222: Train Loss = 0.0491, Test Loss = 0.0238
Epoch 223: Train Loss = 0.0496, Test Loss = 0.0214
Epoch 224: Train Loss = 0.0504, Test Loss = 0.0205
Epoch 225: Train Loss = 0.0500, Test Loss = 0.0253
Epoch 226: Train Loss = 0.0474, Test Loss = 0.0219
Epoch 227: Train Loss = 0.0484, Test Loss = 0.0219
Epoch 228: Train Loss = 0.0497, Test Loss = 0.0233
Epoch 229: Train Loss = 0.0488, Test Loss = 0.0234
Epoch 230: Train Loss = 0.0478, Test Loss = 0.0216
Epoch 231: Train Loss = 0.0490, Test Loss = 0.0238
Epoch 232: Train Loss = 0.0508, Test Loss = 0.0220
Epoch 233: Train Loss = 0.0498, Test Loss = 0.0240
Epoch 234: Train Loss = 0.0483, Test Loss = 0.0225
Epoch 235: Train Loss = 0.0483, Test Loss = 0.0210
Epoch 236: Train Loss = 0.0495, Test Loss = 0.0209
Epoch 237: Train Loss = 0.0489, Test Loss = 0.0213
Epoch 238: Train Loss = 0.0478, Test Loss = 0.0215
Epoch 239: Train Loss = 0.0492, Test Loss = 0.0223
Epoch 240: Train Loss = 0.0494, Test Loss = 0.0208
Epoch 241: Train Loss = 0.0491, Test Loss = 0.0210
Epoch 242: Train Loss = 0.0491, Test Loss = 0.0214
Epoch 243: Train Loss = 0.0476, Test Loss = 0.0222
Epoch 244: Train Loss = 0.0487, Test Loss = 0.0210
Epoch 245: Train Loss = 0.0479, Test Loss = 0.0217
Epoch 246: Train Loss = 0.0483, Test Loss = 0.0215
Epoch 247: Train Loss = 0.0487, Test Loss = 0.0238
Epoch 248: Train Loss = 0.0486, Test Loss = 0.0221
Epoch 249: Train Loss = 0.0493, Test Loss = 0.0206
Epoch 250: Train Loss = 0.0480, Test Loss = 0.0236
Epoch 251: Train Loss = 0.0490, Test Loss = 0.0210
Epoch 252: Train Loss = 0.0488, Test Loss = 0.0216
Epoch 253: Train Loss = 0.0487, Test Loss = 0.0246
Epoch 254: Train Loss = 0.0493, Test Loss = 0.0230
Epoch 255: Train Loss = 0.0480, Test Loss = 0.0204
Epoch 256: Train Loss = 0.0489, Test Loss = 0.0233
Epoch 257: Train Loss = 0.0487, Test Loss = 0.0204
Epoch 258: Train Loss = 0.0494, Test Loss = 0.0203
Epoch 259: Train Loss = 0.0494, Test Loss = 0.0234
Epoch 260: Train Loss = 0.0490, Test Loss = 0.0227
Epoch 261: Train Loss = 0.0492, Test Loss = 0.0217
Epoch 262: Train Loss = 0.0480, Test Loss = 0.0220
Epoch 263: Train Loss = 0.0493, Test Loss = 0.0248
Epoch 264: Train Loss = 0.0482, Test Loss = 0.0214
Epoch 265: Train Loss = 0.0490, Test Loss = 0.0228
Epoch 266: Train Loss = 0.0497, Test Loss = 0.0237
Epoch 267: Train Loss = 0.0497, Test Loss = 0.0210
Epoch 268: Train Loss = 0.0494, Test Loss = 0.0217
Epoch 269: Train Loss = 0.0494, Test Loss = 0.0221
Epoch 270: Train Loss = 0.0476, Test Loss = 0.0207
Epoch 271: Train Loss = 0.0482, Test Loss = 0.0220
Epoch 272: Train Loss = 0.0494, Test Loss = 0.0262
Epoch 273: Train Loss = 0.0501, Test Loss = 0.0247
Epoch 274: Train Loss = 0.0494, Test Loss = 0.0213
Epoch 275: Train Loss = 0.0495, Test Loss = 0.0213
Epoch 276: Train Loss = 0.0490, Test Loss = 0.0215
Epoch 277: Train Loss = 0.0486, Test Loss = 0.0213
Epoch 278: Train Loss = 0.0477, Test Loss = 0.0227
Epoch 279: Train Loss = 0.0480, Test Loss = 0.0219
Epoch 280: Train Loss = 0.0497, Test Loss = 0.0222
Epoch 281: Train Loss = 0.0482, Test Loss = 0.0218
Epoch 282: Train Loss = 0.0492, Test Loss = 0.0219
Epoch 283: Train Loss = 0.0483, Test Loss = 0.0257
Epoch 284: Train Loss = 0.0502, Test Loss = 0.0228
Epoch 285: Train Loss = 0.0480, Test Loss = 0.0221
Epoch 286: Train Loss = 0.0489, Test Loss = 0.0235
Epoch 287: Train Loss = 0.0482, Test Loss = 0.0222
Epoch 288: Train Loss = 0.0482, Test Loss = 0.0224
Epoch 289: Train Loss = 0.0481, Test Loss = 0.0198
Epoch 290: Train Loss = 0.0482, Test Loss = 0.0238
Epoch 291: Train Loss = 0.0478, Test Loss = 0.0211
Epoch 292: Train Loss = 0.0497, Test Loss = 0.0246
Epoch 293: Train Loss = 0.0485, Test Loss = 0.0250
Epoch 294: Train Loss = 0.0482, Test Loss = 0.0218
Epoch 295: Train Loss = 0.0497, Test Loss = 0.0220
Epoch 296: Train Loss = 0.0479, Test Loss = 0.0223
Epoch 297: Train Loss = 0.0483, Test Loss = 0.0220
Epoch 298: Train Loss = 0.0492, Test Loss = 0.0221
Epoch 299: Train Loss = 0.0490, Test Loss = 0.0207
Epoch 300: Train Loss = 0.0495, Test Loss = 0.0210
Trial completed in 796.46s with error: 0.0210
Trial completed!
