Running on host hal0227.amarel.rutgers.edu
Time is Thu Apr 24 14:44:50 EDT 2025
Directory is /home/elp95/tfa-predictor
SLURM job ID is 43168390
Starting trial...
Running trial with config: {'input_size': 3883, 'output_size': 214, 'hidden_sizes': [2048, 1024, 1024, 512], 'lr': 0.003957756313952871, 'weight_decay': 8.178476574339548e-05, 'batch_size': 64, 'max_epochs': 150, 'dropout_rate': 0.23610746258097465, 'activation': 'relu', 'optimizer': 'sgd_momentum', 'learning_rate_schedule': 'step', 'batch_norm': 'true'}
Using data directory: /cache/home/elp95/tfa-predictor/data
xprs_path: /cache/home/elp95/tfa-predictor/data/gene-xprs/processed/xprs-data.csv
tfa_path: /cache/home/elp95/tfa-predictor/data/tfa/processed/tfa-labels.csv
Epoch 1: Train Loss = 0.4705, Test Loss = 0.1404
Epoch 2: Train Loss = 0.2552, Test Loss = 0.1018
Epoch 3: Train Loss = 0.2008, Test Loss = 0.0948
Epoch 4: Train Loss = 0.1598, Test Loss = 0.0899
Epoch 5: Train Loss = 0.1615, Test Loss = 0.0901
Epoch 6: Train Loss = 0.1429, Test Loss = 0.0820
Epoch 7: Train Loss = 0.1268, Test Loss = 0.0807
Epoch 8: Train Loss = 0.1191, Test Loss = 0.0758
Epoch 9: Train Loss = 0.1276, Test Loss = 0.0721
Epoch 10: Train Loss = 0.1469, Test Loss = 0.0945
Epoch 11: Train Loss = 0.1399, Test Loss = 0.0746
Epoch 12: Train Loss = 0.1189, Test Loss = 0.0895
Epoch 13: Train Loss = 0.1195, Test Loss = 0.0907
Epoch 14: Train Loss = 0.1434, Test Loss = 0.1202
Epoch 15: Train Loss = 0.1499, Test Loss = 0.0780
Epoch 16: Train Loss = 0.1262, Test Loss = 0.0722
Epoch 17: Train Loss = 0.1156, Test Loss = 0.0827
Epoch 18: Train Loss = 0.1301, Test Loss = 0.0895
Epoch 19: Train Loss = 0.1389, Test Loss = 0.0751
Epoch 20: Train Loss = 0.1231, Test Loss = 0.0617
Epoch 21: Train Loss = 0.1353, Test Loss = 0.0749
Epoch 22: Train Loss = 0.1247, Test Loss = 0.0781
Epoch 23: Train Loss = 0.1177, Test Loss = 0.0863
Epoch 24: Train Loss = 0.1123, Test Loss = 0.0763
Epoch 25: Train Loss = 0.1297, Test Loss = 0.0843
Epoch 26: Train Loss = 0.1149, Test Loss = 0.0786
Epoch 27: Train Loss = 0.1342, Test Loss = 0.0841
Epoch 28: Train Loss = 0.1242, Test Loss = 0.0847
Epoch 29: Train Loss = 0.1279, Test Loss = 0.0739
Epoch 30: Train Loss = 0.1174, Test Loss = 0.0696
Epoch 31: Train Loss = 0.1293, Test Loss = 0.0822
Epoch 32: Train Loss = 0.1304, Test Loss = 0.0955
Epoch 33: Train Loss = 0.1177, Test Loss = 0.0853
Epoch 34: Train Loss = 0.1348, Test Loss = 0.0801
Epoch 35: Train Loss = 0.1233, Test Loss = 0.0835
Epoch 36: Train Loss = 0.1249, Test Loss = 0.1065
Epoch 37: Train Loss = 0.1265, Test Loss = 0.0954
Epoch 38: Train Loss = 0.1273, Test Loss = 0.0619
Epoch 39: Train Loss = 0.1320, Test Loss = 0.0710
Epoch 40: Train Loss = 0.1339, Test Loss = 0.0858
Epoch 41: Train Loss = 0.1179, Test Loss = 0.0925
Epoch 42: Train Loss = 0.1203, Test Loss = 0.0897
Epoch 43: Train Loss = 0.1337, Test Loss = 0.0784
Epoch 44: Train Loss = 0.1399, Test Loss = 0.0881
Epoch 45: Train Loss = 0.1351, Test Loss = 0.0940
Epoch 46: Train Loss = 0.1311, Test Loss = 0.0787
Epoch 47: Train Loss = 0.1201, Test Loss = 0.0771
Epoch 48: Train Loss = 0.1152, Test Loss = 0.0683
Epoch 49: Train Loss = 0.1336, Test Loss = 0.0699
Epoch 50: Train Loss = 0.1302, Test Loss = 0.0782
Epoch 51: Train Loss = 0.1228, Test Loss = 0.0700
Epoch 52: Train Loss = 0.1415, Test Loss = 0.0778
Epoch 53: Train Loss = 0.1286, Test Loss = 0.0567
Epoch 54: Train Loss = 0.1092, Test Loss = 0.0648
Epoch 55: Train Loss = 0.1130, Test Loss = 0.0628
Epoch 56: Train Loss = 0.1228, Test Loss = 0.0608
Epoch 57: Train Loss = 0.1204, Test Loss = 0.0797
Epoch 58: Train Loss = 0.1255, Test Loss = 0.0713
Epoch 59: Train Loss = 0.1351, Test Loss = 0.0698
Epoch 60: Train Loss = 0.1191, Test Loss = 0.0766
Epoch 61: Train Loss = 0.1126, Test Loss = 0.0722
Epoch 62: Train Loss = 0.1228, Test Loss = 0.0717
Epoch 63: Train Loss = 0.1362, Test Loss = 0.0762
Epoch 64: Train Loss = 0.1288, Test Loss = 0.0930
Epoch 65: Train Loss = 0.1529, Test Loss = 0.0966
Epoch 66: Train Loss = 0.1300, Test Loss = 0.0731
Epoch 67: Train Loss = 0.1289, Test Loss = 0.0611
Epoch 68: Train Loss = 0.1214, Test Loss = 0.0723
Epoch 69: Train Loss = 0.1286, Test Loss = 0.0774
Epoch 70: Train Loss = 0.1271, Test Loss = 0.0644
Epoch 71: Train Loss = 0.1319, Test Loss = 0.0847
Epoch 72: Train Loss = 0.1232, Test Loss = 0.0632
Epoch 73: Train Loss = 0.1207, Test Loss = 0.0925
Epoch 74: Train Loss = 0.1408, Test Loss = 0.0778
Epoch 75: Train Loss = 0.1237, Test Loss = 0.0601
Epoch 76: Train Loss = 0.1301, Test Loss = 0.0702
Epoch 77: Train Loss = 0.1394, Test Loss = 0.0693
Epoch 78: Train Loss = 0.1222, Test Loss = 0.0884
Epoch 79: Train Loss = 0.1215, Test Loss = 0.0633
Epoch 80: Train Loss = 0.1270, Test Loss = 0.0823
Epoch 81: Train Loss = 0.1322, Test Loss = 0.1042
Epoch 82: Train Loss = 0.1260, Test Loss = 0.0688
Epoch 83: Train Loss = 0.1225, Test Loss = 0.0539
Epoch 84: Train Loss = 0.1187, Test Loss = 0.0637
Epoch 85: Train Loss = 0.1365, Test Loss = 0.0916
Epoch 86: Train Loss = 0.1432, Test Loss = 0.0681
Epoch 87: Train Loss = 0.1291, Test Loss = 0.0982
Epoch 88: Train Loss = 0.1249, Test Loss = 0.0635
Epoch 89: Train Loss = 0.1142, Test Loss = 0.0606
Epoch 90: Train Loss = 0.1186, Test Loss = 0.0606
Epoch 91: Train Loss = 0.1280, Test Loss = 0.0779
Epoch 92: Train Loss = 0.1317, Test Loss = 0.0651
Epoch 93: Train Loss = 0.1414, Test Loss = 0.0918
Epoch 94: Train Loss = 0.1629, Test Loss = 0.1146
Epoch 95: Train Loss = 0.1429, Test Loss = 0.1009
Epoch 96: Train Loss = 0.1401, Test Loss = 0.0594
Epoch 97: Train Loss = 0.1544, Test Loss = 0.1047
Epoch 98: Train Loss = 0.1472, Test Loss = 0.0886
Epoch 99: Train Loss = 0.1565, Test Loss = 0.0860
Epoch 100: Train Loss = 0.1331, Test Loss = 0.0638
Epoch 101: Train Loss = 0.1398, Test Loss = 0.0585
Epoch 102: Train Loss = 0.1323, Test Loss = 0.0628
Epoch 103: Train Loss = 0.1304, Test Loss = 0.1145
Epoch 104: Train Loss = 0.1357, Test Loss = 0.0815
Epoch 105: Train Loss = 0.1250, Test Loss = 0.0784
Epoch 106: Train Loss = 0.1276, Test Loss = 0.0826
Epoch 107: Train Loss = 0.1275, Test Loss = 0.0694
Epoch 108: Train Loss = 0.1331, Test Loss = 0.0586
Epoch 109: Train Loss = 0.1385, Test Loss = 0.0739
Epoch 110: Train Loss = 0.1290, Test Loss = 0.0719
Epoch 111: Train Loss = 0.1266, Test Loss = 0.0575
Epoch 112: Train Loss = 0.1277, Test Loss = 0.0695
Epoch 113: Train Loss = 0.1229, Test Loss = 0.0783
Epoch 114: Train Loss = 0.1358, Test Loss = 0.0735
Epoch 115: Train Loss = 0.1319, Test Loss = 0.0795
Epoch 116: Train Loss = 0.1296, Test Loss = 0.0742
Epoch 117: Train Loss = 0.1260, Test Loss = 0.0715
Epoch 118: Train Loss = 0.1394, Test Loss = 0.7763
Epoch 119: Train Loss = 0.1353, Test Loss = 0.0635
Epoch 120: Train Loss = 0.1278, Test Loss = 0.0744
Epoch 121: Train Loss = 0.1234, Test Loss = 0.0629
Epoch 122: Train Loss = 0.1346, Test Loss = 0.0797
Epoch 123: Train Loss = 0.1318, Test Loss = 0.0819
Epoch 124: Train Loss = 0.1295, Test Loss = 0.0571
Epoch 125: Train Loss = 0.1228, Test Loss = 0.0549
Epoch 126: Train Loss = 0.1267, Test Loss = 0.0829
Epoch 127: Train Loss = 0.1264, Test Loss = 0.0666
Epoch 128: Train Loss = 0.1350, Test Loss = 0.0522
Epoch 129: Train Loss = 0.1495, Test Loss = 0.0716
Epoch 130: Train Loss = 0.1334, Test Loss = 0.0734
Epoch 131: Train Loss = 0.1259, Test Loss = 0.0683
Epoch 132: Train Loss = 0.1365, Test Loss = 0.0607
Epoch 133: Train Loss = 0.1292, Test Loss = 0.0694
Epoch 134: Train Loss = 0.1280, Test Loss = 0.0671
Epoch 135: Train Loss = 0.1332, Test Loss = 0.0697
Epoch 136: Train Loss = 0.1237, Test Loss = 0.0798
Epoch 137: Train Loss = 0.1210, Test Loss = 0.0557
Epoch 138: Train Loss = 0.1413, Test Loss = 0.0920
Epoch 139: Train Loss = 0.1390, Test Loss = 0.0700
Epoch 140: Train Loss = 0.1339, Test Loss = 0.0675
Epoch 141: Train Loss = 0.1371, Test Loss = 0.0851
Epoch 142: Train Loss = 0.1256, Test Loss = 0.0765
Epoch 143: Train Loss = 0.1389, Test Loss = 16.2446
Epoch 144: Train Loss = 0.1731, Test Loss = 0.0657
Epoch 145: Train Loss = 0.1404, Test Loss = 0.0643
Epoch 146: Train Loss = 0.1392, Test Loss = 0.0709
Epoch 147: Train Loss = 0.1351, Test Loss = 0.0674
Epoch 148: Train Loss = 0.1419, Test Loss = 0.0687
Epoch 149: Train Loss = 0.1245, Test Loss = 0.0516
Epoch 150: Train Loss = 0.1221, Test Loss = 0.0715
Trial completed in 302.09s with error: 0.0715
Trial completed!
