Running on host hal0091.amarel.rutgers.edu
Time is Thu Apr 24 14:50:30 EDT 2025
Directory is /home/elp95/tfa-predictor
SLURM job ID is 43168442
Starting trial...
Running trial with config: {'input_size': 3883, 'output_size': 214, 'hidden_sizes': [4096, 2048, 1024, 512], 'lr': 0.0017426189664594895, 'weight_decay': 1.7480746666538235e-06, 'batch_size': 64, 'max_epochs': 50, 'dropout_rate': 0.3641081743059298, 'activation': 'selu', 'optimizer': 'adam', 'learning_rate_schedule': 'exponential', 'batch_norm': 'false'}
Using data directory: /cache/home/elp95/tfa-predictor/data
xprs_path: /cache/home/elp95/tfa-predictor/data/gene-xprs/processed/xprs-data.csv
tfa_path: /cache/home/elp95/tfa-predictor/data/tfa/processed/tfa-labels.csv
Epoch 1: Train Loss = 0.4182, Test Loss = 0.1196
Epoch 2: Train Loss = 0.2355, Test Loss = 0.0811
Epoch 3: Train Loss = 0.1868, Test Loss = 0.0729
Epoch 4: Train Loss = 0.1594, Test Loss = 0.0552
Epoch 5: Train Loss = 0.1324, Test Loss = 0.0524
Epoch 6: Train Loss = 0.1132, Test Loss = 0.0427
Epoch 7: Train Loss = 0.1021, Test Loss = 0.0414
Epoch 8: Train Loss = 0.0927, Test Loss = 0.0385
Epoch 9: Train Loss = 0.0865, Test Loss = 0.0332
Epoch 10: Train Loss = 0.0863, Test Loss = 0.0360
Epoch 11: Train Loss = 0.0812, Test Loss = 0.0347
Epoch 12: Train Loss = 0.0769, Test Loss = 0.0400
Epoch 13: Train Loss = 0.0793, Test Loss = 0.0332
Epoch 14: Train Loss = 0.0777, Test Loss = 0.0377
Epoch 15: Train Loss = 0.0850, Test Loss = 0.0308
Epoch 16: Train Loss = 0.0728, Test Loss = 0.0319
Epoch 17: Train Loss = 0.0714, Test Loss = 0.0329
Epoch 18: Train Loss = 0.0706, Test Loss = 0.0298
Epoch 19: Train Loss = 0.0705, Test Loss = 0.0253
Epoch 20: Train Loss = 0.0676, Test Loss = 0.0301
Epoch 21: Train Loss = 0.0679, Test Loss = 0.0272
Epoch 22: Train Loss = 0.0673, Test Loss = 0.0289
Epoch 23: Train Loss = 0.0696, Test Loss = 0.0278
Epoch 24: Train Loss = 0.0655, Test Loss = 0.0291
Epoch 25: Train Loss = 0.0660, Test Loss = 0.0269
Epoch 26: Train Loss = 0.0628, Test Loss = 0.0286
Epoch 27: Train Loss = 0.0625, Test Loss = 0.0309
Epoch 28: Train Loss = 0.0653, Test Loss = 0.0306
Epoch 29: Train Loss = 0.0652, Test Loss = 0.0326
Epoch 30: Train Loss = 0.0655, Test Loss = 0.0334
Epoch 31: Train Loss = 0.0650, Test Loss = 0.0344
Epoch 32: Train Loss = 0.0647, Test Loss = 0.0305
Epoch 33: Train Loss = 0.0648, Test Loss = 0.0272
Epoch 34: Train Loss = 0.0636, Test Loss = 0.0409
Epoch 35: Train Loss = 0.0638, Test Loss = 0.0354
Epoch 36: Train Loss = 0.0633, Test Loss = 0.0336
Epoch 37: Train Loss = 0.0628, Test Loss = 0.0315
Epoch 38: Train Loss = 0.0630, Test Loss = 0.0283
Epoch 39: Train Loss = 0.0594, Test Loss = 0.0265
Epoch 40: Train Loss = 0.0628, Test Loss = 0.0322
Epoch 41: Train Loss = 0.0592, Test Loss = 0.0313
Epoch 42: Train Loss = 0.0629, Test Loss = 0.0371
Epoch 43: Train Loss = 0.0602, Test Loss = 0.0287
Epoch 44: Train Loss = 0.0614, Test Loss = 0.0297
Epoch 45: Train Loss = 0.0601, Test Loss = 0.0300
Epoch 46: Train Loss = 0.0609, Test Loss = 0.0297
Epoch 47: Train Loss = 0.0593, Test Loss = 0.0283
Epoch 48: Train Loss = 0.0598, Test Loss = 0.0252
Epoch 49: Train Loss = 0.0577, Test Loss = 0.0259
Epoch 50: Train Loss = 0.0610, Test Loss = 0.0260
Trial completed in 361.78s with error: 0.0260
Trial completed!
