Running on host hal0251.amarel.rutgers.edu
Time is Thu Apr 24 14:46:23 EDT 2025
Directory is /home/elp95/tfa-predictor
SLURM job ID is 43168419
Starting trial...
Running trial with config: {'input_size': 3883, 'output_size': 214, 'hidden_sizes': [1024, 256], 'lr': 0.009772375402296194, 'weight_decay': 7.465555774745703e-05, 'batch_size': 16, 'max_epochs': 300, 'dropout_rate': 0.43573029509385885, 'activation': 'selu', 'optimizer': 'rmsprop', 'learning_rate_schedule': 'exponential', 'batch_norm': 'false'}
Using data directory: /cache/home/elp95/tfa-predictor/data
xprs_path: /cache/home/elp95/tfa-predictor/data/gene-xprs/processed/xprs-data.csv
tfa_path: /cache/home/elp95/tfa-predictor/data/tfa/processed/tfa-labels.csv
Epoch 1: Train Loss = 0.4456, Test Loss = 0.1340
Epoch 2: Train Loss = 0.2541, Test Loss = 0.0988
Epoch 3: Train Loss = 0.2441, Test Loss = 0.0833
Epoch 4: Train Loss = 0.2357, Test Loss = 0.0736
Epoch 5: Train Loss = 0.2412, Test Loss = 0.0947
Epoch 6: Train Loss = 0.2382, Test Loss = 0.0918
Epoch 7: Train Loss = 0.2406, Test Loss = 0.0780
Epoch 8: Train Loss = 0.2385, Test Loss = 0.0904
Epoch 9: Train Loss = 0.2438, Test Loss = 0.1087
Epoch 10: Train Loss = 0.2498, Test Loss = 0.0771
Epoch 11: Train Loss = 0.2430, Test Loss = 0.0986
Epoch 12: Train Loss = 0.2434, Test Loss = 0.0836
Epoch 13: Train Loss = 0.2547, Test Loss = 0.0950
Epoch 14: Train Loss = 0.2594, Test Loss = 0.2026
Epoch 15: Train Loss = 0.2506, Test Loss = 0.0969
Epoch 16: Train Loss = 0.2557, Test Loss = 0.1796
Epoch 17: Train Loss = 0.2573, Test Loss = 0.0930
Epoch 18: Train Loss = 0.2525, Test Loss = 0.0950
Epoch 19: Train Loss = 0.2754, Test Loss = 0.1007
Epoch 20: Train Loss = 0.2612, Test Loss = 0.1117
Epoch 21: Train Loss = 0.2601, Test Loss = 0.0872
Epoch 22: Train Loss = 0.2653, Test Loss = 0.1172
Epoch 23: Train Loss = 0.2693, Test Loss = 0.1118
Epoch 24: Train Loss = 0.2576, Test Loss = 0.0996
Epoch 25: Train Loss = 0.2621, Test Loss = 0.1116
Epoch 26: Train Loss = 0.2558, Test Loss = 0.1170
Epoch 27: Train Loss = 0.2684, Test Loss = 0.1148
Epoch 28: Train Loss = 0.2610, Test Loss = 0.1079
Epoch 29: Train Loss = 0.2651, Test Loss = 0.1208
Epoch 30: Train Loss = 0.2596, Test Loss = 0.0924
Epoch 31: Train Loss = 0.2618, Test Loss = 0.5646
Epoch 32: Train Loss = 0.2527, Test Loss = 0.0844
Epoch 33: Train Loss = 0.2630, Test Loss = 0.0823
Epoch 34: Train Loss = 0.2689, Test Loss = 0.1576
Epoch 35: Train Loss = 0.2622, Test Loss = 1.8614
Epoch 36: Train Loss = 0.2627, Test Loss = 8.4060
Epoch 37: Train Loss = 0.2616, Test Loss = 1.9630
Epoch 38: Train Loss = 0.2631, Test Loss = 1.5214
Epoch 39: Train Loss = 0.2679, Test Loss = 0.1020
Epoch 40: Train Loss = 0.2593, Test Loss = 0.1781
Epoch 41: Train Loss = 0.2756, Test Loss = 0.1182
Epoch 42: Train Loss = 0.2790, Test Loss = 0.1040
Epoch 43: Train Loss = 0.2624, Test Loss = 0.0909
Epoch 44: Train Loss = 0.2577, Test Loss = 0.1045
Epoch 45: Train Loss = 0.2602, Test Loss = 0.1015
Epoch 46: Train Loss = 0.2635, Test Loss = 0.1210
Epoch 47: Train Loss = 0.2674, Test Loss = 0.1048
Epoch 48: Train Loss = 0.2605, Test Loss = 0.1307
Epoch 49: Train Loss = 0.2667, Test Loss = 0.0963
Epoch 50: Train Loss = 0.2577, Test Loss = 0.1091
Epoch 51: Train Loss = 0.2661, Test Loss = 0.0973
Epoch 52: Train Loss = 0.2746, Test Loss = 0.1451
Epoch 53: Train Loss = 0.2689, Test Loss = 0.1058
Epoch 54: Train Loss = 0.2628, Test Loss = 0.1026
Epoch 55: Train Loss = 0.2715, Test Loss = 0.1029
Epoch 56: Train Loss = 0.2634, Test Loss = 0.0931
Epoch 57: Train Loss = 0.2869, Test Loss = 0.1177
Epoch 58: Train Loss = 0.2699, Test Loss = 0.1868
Epoch 59: Train Loss = 0.2680, Test Loss = 0.1207
Epoch 60: Train Loss = 0.2635, Test Loss = 0.0993
Epoch 61: Train Loss = 0.2662, Test Loss = 0.1133
Epoch 62: Train Loss = 0.2793, Test Loss = 0.1252
Epoch 63: Train Loss = 0.2711, Test Loss = 0.1132
Epoch 64: Train Loss = 0.2741, Test Loss = 0.0854
Epoch 65: Train Loss = 0.2683, Test Loss = 0.1740
Epoch 66: Train Loss = 0.2680, Test Loss = 0.1418
Epoch 67: Train Loss = 0.2663, Test Loss = 0.0942
Epoch 68: Train Loss = 0.2661, Test Loss = 0.0880
Epoch 69: Train Loss = 0.2637, Test Loss = 0.1034
Epoch 70: Train Loss = 0.2599, Test Loss = 0.0886
Epoch 71: Train Loss = 0.2654, Test Loss = 0.1379
Epoch 72: Train Loss = 0.2693, Test Loss = 0.1077
Epoch 73: Train Loss = 0.2743, Test Loss = 0.1229
Epoch 74: Train Loss = 0.2619, Test Loss = 0.1155
Epoch 75: Train Loss = 0.2563, Test Loss = 0.4559
Epoch 76: Train Loss = 0.2761, Test Loss = 0.1209
Epoch 77: Train Loss = 0.2635, Test Loss = 0.1363
Epoch 78: Train Loss = 0.2690, Test Loss = 94.2693
Epoch 79: Train Loss = 0.2622, Test Loss = 0.1096
Epoch 80: Train Loss = 0.2612, Test Loss = 0.0896
Epoch 81: Train Loss = 0.2658, Test Loss = 1.7163
Epoch 82: Train Loss = 0.2651, Test Loss = 0.1031
Epoch 83: Train Loss = 0.2705, Test Loss = 0.1148
Epoch 84: Train Loss = 0.2575, Test Loss = 0.0732
Epoch 85: Train Loss = 0.2510, Test Loss = 0.1216
Epoch 86: Train Loss = 0.2523, Test Loss = 0.1879
Epoch 87: Train Loss = 0.2545, Test Loss = 0.1372
Epoch 88: Train Loss = 0.2518, Test Loss = 0.0936
Epoch 89: Train Loss = 0.2593, Test Loss = 0.1082
Epoch 90: Train Loss = 0.2558, Test Loss = 0.0812
Epoch 91: Train Loss = 0.2532, Test Loss = 0.0986
Epoch 92: Train Loss = 0.2560, Test Loss = 0.0873
Epoch 93: Train Loss = 0.2549, Test Loss = 0.0880
Epoch 94: Train Loss = 0.2576, Test Loss = 0.0905
Epoch 95: Train Loss = 0.2500, Test Loss = 0.0950
Epoch 96: Train Loss = 0.2531, Test Loss = 0.1066
Epoch 97: Train Loss = 0.2746, Test Loss = 0.1059
Epoch 98: Train Loss = 0.2551, Test Loss = 0.1032
Epoch 99: Train Loss = 0.2552, Test Loss = 0.0787
Epoch 100: Train Loss = 0.2559, Test Loss = 0.0925
Epoch 101: Train Loss = 0.2579, Test Loss = 0.0854
Epoch 102: Train Loss = 0.2627, Test Loss = 0.1088
Epoch 103: Train Loss = 0.2588, Test Loss = 0.1128
Epoch 104: Train Loss = 0.2668, Test Loss = 2.0541
Epoch 105: Train Loss = 0.2788, Test Loss = 0.1253
Epoch 106: Train Loss = 0.2759, Test Loss = 0.1094
Epoch 107: Train Loss = 0.2656, Test Loss = 0.1023
Epoch 108: Train Loss = 0.2560, Test Loss = 0.1039
Epoch 109: Train Loss = 0.2632, Test Loss = 0.1046
Epoch 110: Train Loss = 0.2689, Test Loss = 0.2616
Epoch 111: Train Loss = 0.2521, Test Loss = 0.8677
Epoch 112: Train Loss = 0.2688, Test Loss = 0.1415
Epoch 113: Train Loss = 0.2590, Test Loss = 0.0983
Epoch 114: Train Loss = 0.2631, Test Loss = 0.1330
Epoch 115: Train Loss = 0.2649, Test Loss = 0.1333
Epoch 116: Train Loss = 0.2614, Test Loss = 0.1082
Epoch 117: Train Loss = 0.2599, Test Loss = 0.1197
Epoch 118: Train Loss = 0.2586, Test Loss = 2.0733
Epoch 119: Train Loss = 0.2721, Test Loss = 0.2026
Epoch 120: Train Loss = 0.2587, Test Loss = 0.2400
Epoch 121: Train Loss = 0.2582, Test Loss = 0.0936
Epoch 122: Train Loss = 0.2774, Test Loss = 0.7765
Epoch 123: Train Loss = 0.2977, Test Loss = 0.1058
Epoch 124: Train Loss = 0.2677, Test Loss = 0.1134
Epoch 125: Train Loss = 0.2671, Test Loss = 0.1003
Epoch 126: Train Loss = 0.2614, Test Loss = 0.0957
Epoch 127: Train Loss = 0.2596, Test Loss = 0.1195
Epoch 128: Train Loss = 0.2587, Test Loss = 0.0880
Epoch 129: Train Loss = 0.2560, Test Loss = 0.0765
Epoch 130: Train Loss = 0.2499, Test Loss = 0.0992
Epoch 131: Train Loss = 0.2573, Test Loss = 0.1140
Epoch 132: Train Loss = 0.2583, Test Loss = 0.1374
Epoch 133: Train Loss = 0.2614, Test Loss = 0.1027
Epoch 134: Train Loss = 0.2629, Test Loss = 0.0994
Epoch 135: Train Loss = 0.2574, Test Loss = 0.0958
Epoch 136: Train Loss = 0.2550, Test Loss = 0.1260
Epoch 137: Train Loss = 0.2624, Test Loss = 0.0798
Epoch 138: Train Loss = 0.2559, Test Loss = 0.0974
Epoch 139: Train Loss = 0.2547, Test Loss = 0.1077
Epoch 140: Train Loss = 0.2777, Test Loss = 0.1299
Epoch 141: Train Loss = 0.2716, Test Loss = 0.1175
Epoch 142: Train Loss = 0.2608, Test Loss = 0.1014
Epoch 143: Train Loss = 0.2656, Test Loss = 0.1104
Epoch 144: Train Loss = 0.2729, Test Loss = 0.1315
Epoch 145: Train Loss = 0.2724, Test Loss = 0.1735
Epoch 146: Train Loss = 0.2857, Test Loss = 0.1468
Epoch 147: Train Loss = 0.2627, Test Loss = 0.1074
Epoch 148: Train Loss = 0.2626, Test Loss = 0.1029
Epoch 149: Train Loss = 0.2646, Test Loss = 0.1189
Epoch 150: Train Loss = 0.2543, Test Loss = 0.1086
Epoch 151: Train Loss = 0.2679, Test Loss = 0.0985
Epoch 152: Train Loss = 0.2660, Test Loss = 0.1079
Epoch 153: Train Loss = 0.2552, Test Loss = 0.0956
Epoch 154: Train Loss = 0.2633, Test Loss = 0.6064
Epoch 155: Train Loss = 0.2672, Test Loss = 0.1141
Epoch 156: Train Loss = 0.2576, Test Loss = 0.0964
Epoch 157: Train Loss = 0.2587, Test Loss = 0.1001
Epoch 158: Train Loss = 0.2497, Test Loss = 0.0952
Epoch 159: Train Loss = 0.2607, Test Loss = 0.2679
Epoch 160: Train Loss = 0.2652, Test Loss = 0.1035
Epoch 161: Train Loss = 0.2664, Test Loss = 0.1195
Epoch 162: Train Loss = 0.2573, Test Loss = 0.1156
Epoch 163: Train Loss = 0.2575, Test Loss = 0.1132
Epoch 164: Train Loss = 0.2617, Test Loss = 0.1686
Epoch 165: Train Loss = 0.2555, Test Loss = 22.2319
Epoch 166: Train Loss = 0.2549, Test Loss = 0.0971
Epoch 167: Train Loss = 0.2662, Test Loss = 0.0915
Epoch 168: Train Loss = 0.2697, Test Loss = 0.1154
Epoch 169: Train Loss = 0.2711, Test Loss = 0.0944
Epoch 170: Train Loss = 0.2701, Test Loss = 0.1620
Epoch 171: Train Loss = 0.2665, Test Loss = 1.1066
Epoch 172: Train Loss = 0.2680, Test Loss = 0.1309
Epoch 173: Train Loss = 0.2667, Test Loss = 0.6263
Epoch 174: Train Loss = 0.2799, Test Loss = 0.1174
Epoch 175: Train Loss = 0.2742, Test Loss = 0.1032
Epoch 176: Train Loss = 0.2711, Test Loss = 0.0931
Epoch 177: Train Loss = 0.2678, Test Loss = 0.1063
Epoch 178: Train Loss = 0.2663, Test Loss = 0.0968
Epoch 179: Train Loss = 0.2608, Test Loss = 0.0823
Epoch 180: Train Loss = 0.2607, Test Loss = 0.1218
Epoch 181: Train Loss = 0.2561, Test Loss = 0.0821
Epoch 182: Train Loss = 0.2585, Test Loss = 0.0899
Epoch 183: Train Loss = 0.2694, Test Loss = 0.1220
Epoch 184: Train Loss = 0.2651, Test Loss = 0.0875
Epoch 185: Train Loss = 0.2601, Test Loss = 0.1110
Epoch 186: Train Loss = 0.2641, Test Loss = 0.0837
Epoch 187: Train Loss = 0.2625, Test Loss = 0.0909
Epoch 188: Train Loss = 0.2614, Test Loss = 0.0989
Epoch 189: Train Loss = 0.2560, Test Loss = 0.1078
Epoch 190: Train Loss = 0.2652, Test Loss = 0.0849
Epoch 191: Train Loss = 0.2679, Test Loss = 0.1321
Epoch 192: Train Loss = 0.2640, Test Loss = 0.1061
Epoch 193: Train Loss = 0.2650, Test Loss = 0.1132
Epoch 194: Train Loss = 0.2664, Test Loss = 0.1201
Epoch 195: Train Loss = 0.2795, Test Loss = 0.0885
Epoch 196: Train Loss = 0.2737, Test Loss = 0.0967
Epoch 197: Train Loss = 0.2593, Test Loss = 0.1088
Epoch 198: Train Loss = 0.2667, Test Loss = 0.0995
Epoch 199: Train Loss = 0.2637, Test Loss = 0.0975
Epoch 200: Train Loss = 0.2670, Test Loss = 0.1227
Epoch 201: Train Loss = 0.2577, Test Loss = 0.1179
Epoch 202: Train Loss = 0.2600, Test Loss = 0.0952
Epoch 203: Train Loss = 0.2613, Test Loss = 0.1128
Epoch 204: Train Loss = 0.2625, Test Loss = 0.0988
Epoch 205: Train Loss = 0.2596, Test Loss = 0.1023
Epoch 206: Train Loss = 0.2748, Test Loss = 0.1025
Epoch 207: Train Loss = 0.2677, Test Loss = 0.1024
Epoch 208: Train Loss = 0.2780, Test Loss = 0.1429
Epoch 209: Train Loss = 0.2653, Test Loss = 0.0916
Epoch 210: Train Loss = 0.2727, Test Loss = 0.1350
Epoch 211: Train Loss = 0.2773, Test Loss = 0.1116
Epoch 212: Train Loss = 0.2724, Test Loss = 0.1141
Epoch 213: Train Loss = 0.2729, Test Loss = 0.1215
Epoch 214: Train Loss = 0.2660, Test Loss = 0.1128
Epoch 215: Train Loss = 0.2738, Test Loss = 0.0917
Epoch 216: Train Loss = 0.2677, Test Loss = 0.1116
Epoch 217: Train Loss = 0.2605, Test Loss = 0.1014
Epoch 218: Train Loss = 0.2660, Test Loss = 0.0821
Epoch 219: Train Loss = 0.2615, Test Loss = 0.1153
Epoch 220: Train Loss = 0.2656, Test Loss = 0.1017
Epoch 221: Train Loss = 0.2672, Test Loss = 0.0964
Epoch 222: Train Loss = 0.2577, Test Loss = 0.0996
Epoch 223: Train Loss = 0.2589, Test Loss = 0.1036
Epoch 224: Train Loss = 0.2664, Test Loss = 0.0957
Epoch 225: Train Loss = 0.2689, Test Loss = 0.1192
Epoch 226: Train Loss = 0.2599, Test Loss = 0.0947
Epoch 227: Train Loss = 0.2585, Test Loss = 0.1035
Epoch 228: Train Loss = 0.2681, Test Loss = 0.1100
Epoch 229: Train Loss = 0.2620, Test Loss = 0.1031
Epoch 230: Train Loss = 0.2680, Test Loss = 0.1026
Epoch 231: Train Loss = 0.2701, Test Loss = 0.1157
Epoch 232: Train Loss = 0.2622, Test Loss = 0.1065
Epoch 233: Train Loss = 0.2609, Test Loss = 0.1082
Epoch 234: Train Loss = 0.2665, Test Loss = 0.1085
Epoch 235: Train Loss = 0.2671, Test Loss = 0.1208
Epoch 236: Train Loss = 0.2656, Test Loss = 0.1176
Epoch 237: Train Loss = 0.2692, Test Loss = 0.1659
Epoch 238: Train Loss = 0.2747, Test Loss = 0.3165
Epoch 239: Train Loss = 0.2670, Test Loss = 0.1209
Epoch 240: Train Loss = 0.2717, Test Loss = 0.1232
Epoch 241: Train Loss = 0.2696, Test Loss = 0.1341
Epoch 242: Train Loss = 0.2854, Test Loss = 0.1407
Epoch 243: Train Loss = 0.2625, Test Loss = 0.1447
Epoch 244: Train Loss = 0.2627, Test Loss = 1.6646
Epoch 245: Train Loss = 0.2610, Test Loss = 0.3863
Epoch 246: Train Loss = 0.2685, Test Loss = 0.2792
Epoch 247: Train Loss = 0.2727, Test Loss = 0.4134
Epoch 248: Train Loss = 0.2697, Test Loss = 0.1171
Epoch 249: Train Loss = 0.2532, Test Loss = 0.1155
Epoch 250: Train Loss = 0.2644, Test Loss = 0.0844
Epoch 251: Train Loss = 0.2670, Test Loss = 0.1409
Epoch 252: Train Loss = 0.2686, Test Loss = 0.2150
Epoch 253: Train Loss = 0.2775, Test Loss = 0.1080
Epoch 254: Train Loss = 0.2634, Test Loss = 0.1042
Epoch 255: Train Loss = 0.2654, Test Loss = 0.0934
Epoch 256: Train Loss = 0.2569, Test Loss = 0.1019
Epoch 257: Train Loss = 0.2538, Test Loss = 0.0933
Epoch 258: Train Loss = 0.2621, Test Loss = 0.1333
Epoch 259: Train Loss = 0.2712, Test Loss = 0.1093
Epoch 260: Train Loss = 0.2563, Test Loss = 0.0898
Epoch 261: Train Loss = 0.2605, Test Loss = 0.0914
Epoch 262: Train Loss = 0.2633, Test Loss = 0.1032
Epoch 263: Train Loss = 0.2706, Test Loss = 0.1295
Epoch 264: Train Loss = 0.2583, Test Loss = 0.1781
Epoch 265: Train Loss = 0.2625, Test Loss = 0.1096
Epoch 266: Train Loss = 0.2581, Test Loss = 0.0876
Epoch 267: Train Loss = 0.2539, Test Loss = 0.0955
Epoch 268: Train Loss = 0.2573, Test Loss = 0.1125
Epoch 269: Train Loss = 0.2670, Test Loss = 0.0877
Epoch 270: Train Loss = 0.2533, Test Loss = 0.0971
Epoch 271: Train Loss = 0.2611, Test Loss = 0.1693
Epoch 272: Train Loss = 0.2739, Test Loss = 0.1303
Epoch 273: Train Loss = 0.2599, Test Loss = 0.1087
Epoch 274: Train Loss = 0.2654, Test Loss = 0.0987
Epoch 275: Train Loss = 0.2653, Test Loss = 0.1133
Epoch 276: Train Loss = 0.2563, Test Loss = 0.0994
Epoch 277: Train Loss = 0.2597, Test Loss = 0.0902
Epoch 278: Train Loss = 0.2568, Test Loss = 0.1066
Epoch 279: Train Loss = 0.2579, Test Loss = 0.1043
Epoch 280: Train Loss = 0.2590, Test Loss = 0.1127
Epoch 281: Train Loss = 0.2587, Test Loss = 0.0977
Epoch 282: Train Loss = 0.2762, Test Loss = 0.2930
Epoch 283: Train Loss = 0.2675, Test Loss = 0.0900
Epoch 284: Train Loss = 0.2645, Test Loss = 0.3752
Epoch 285: Train Loss = 0.2775, Test Loss = 0.5540
Epoch 286: Train Loss = 0.2678, Test Loss = 0.1265
Epoch 287: Train Loss = 0.2653, Test Loss = 0.0980
Epoch 288: Train Loss = 0.2660, Test Loss = 0.1507
Epoch 289: Train Loss = 0.2660, Test Loss = 0.2527
Epoch 290: Train Loss = 0.2714, Test Loss = 0.0927
Epoch 291: Train Loss = 0.2617, Test Loss = 0.1080
Epoch 292: Train Loss = 0.2699, Test Loss = 0.0867
Epoch 293: Train Loss = 0.2638, Test Loss = 0.0955
Epoch 294: Train Loss = 0.2634, Test Loss = 0.2518
Epoch 295: Train Loss = 0.2682, Test Loss = 6.2494
Epoch 296: Train Loss = 0.2548, Test Loss = 0.2736
Epoch 297: Train Loss = 0.2626, Test Loss = 0.1024
Epoch 298: Train Loss = 0.2619, Test Loss = 0.1185
Epoch 299: Train Loss = 0.2633, Test Loss = 0.1212
Epoch 300: Train Loss = 0.2768, Test Loss = 0.1279
Trial completed in 605.76s with error: 0.1279
Trial completed!
