Running on host hal0016.amarel.rutgers.edu
Time is Thu Apr 24 15:18:27 EDT 2025
Directory is /home/elp95/tfa-predictor
SLURM job ID is 43168699
Starting trial...
Running trial with config: {'input_size': 3883, 'output_size': 214, 'hidden_sizes': [3072, 1536, 768, 384], 'lr': 7.856972286492116e-05, 'weight_decay': 3.152436125834884e-06, 'batch_size': 16, 'max_epochs': 50, 'dropout_rate': 0.3137790400420317, 'activation': 'leaky_relu', 'optimizer': 'sgd_momentum', 'learning_rate_schedule': 'exponential', 'batch_norm': 'true'}
Using data directory: /cache/home/elp95/tfa-predictor/data
xprs_path: /cache/home/elp95/tfa-predictor/data/gene-xprs/processed/xprs-data.csv
tfa_path: /cache/home/elp95/tfa-predictor/data/tfa/processed/tfa-labels.csv
Epoch 1: Train Loss = 0.7227, Test Loss = 0.1683
Epoch 2: Train Loss = 0.4318, Test Loss = 0.1218
Epoch 3: Train Loss = 0.3749, Test Loss = 0.1006
Epoch 4: Train Loss = 0.3391, Test Loss = 0.0888
Epoch 5: Train Loss = 0.3150, Test Loss = 0.0857
Epoch 6: Train Loss = 0.2953, Test Loss = 0.0793
Epoch 7: Train Loss = 0.2780, Test Loss = 0.0764
Epoch 8: Train Loss = 0.2626, Test Loss = 0.0788
Epoch 9: Train Loss = 0.2541, Test Loss = 0.0860
Epoch 10: Train Loss = 0.2395, Test Loss = 0.0745
Epoch 11: Train Loss = 0.2316, Test Loss = 0.0779
Epoch 12: Train Loss = 0.2262, Test Loss = 0.0748
Epoch 13: Train Loss = 0.2164, Test Loss = 0.0754
Epoch 14: Train Loss = 0.2083, Test Loss = 0.0786
Epoch 15: Train Loss = 0.1996, Test Loss = 0.0704
Epoch 16: Train Loss = 0.1944, Test Loss = 0.0753
Epoch 17: Train Loss = 0.1913, Test Loss = 0.0702
Epoch 18: Train Loss = 0.1831, Test Loss = 0.0735
Epoch 19: Train Loss = 0.1807, Test Loss = 0.0780
Epoch 20: Train Loss = 0.1742, Test Loss = 0.0722
Epoch 21: Train Loss = 0.1686, Test Loss = 0.0722
Epoch 22: Train Loss = 0.1652, Test Loss = 0.0735
Epoch 23: Train Loss = 0.1619, Test Loss = 0.0688
Epoch 24: Train Loss = 0.1585, Test Loss = 0.0801
Epoch 25: Train Loss = 0.1565, Test Loss = 0.0656
Epoch 26: Train Loss = 0.1542, Test Loss = 0.0655
Epoch 27: Train Loss = 0.1504, Test Loss = 0.0792
Epoch 28: Train Loss = 0.1473, Test Loss = 0.0716
Epoch 29: Train Loss = 0.1450, Test Loss = 0.0832
Epoch 30: Train Loss = 0.1436, Test Loss = 0.0720
Epoch 31: Train Loss = 0.1430, Test Loss = 0.0742
Epoch 32: Train Loss = 0.1405, Test Loss = 0.0719
Epoch 33: Train Loss = 0.1385, Test Loss = 0.0760
Epoch 34: Train Loss = 0.1342, Test Loss = 0.0664
Epoch 35: Train Loss = 0.1346, Test Loss = 0.0676
Epoch 36: Train Loss = 0.1327, Test Loss = 0.0690
Epoch 37: Train Loss = 0.1318, Test Loss = 0.0785
Epoch 38: Train Loss = 0.1304, Test Loss = 0.0662
Epoch 39: Train Loss = 0.1307, Test Loss = 0.0653
Epoch 40: Train Loss = 0.1273, Test Loss = 0.0721
Epoch 41: Train Loss = 0.1294, Test Loss = 0.0680
Epoch 42: Train Loss = 0.1270, Test Loss = 0.0730
Epoch 43: Train Loss = 0.1275, Test Loss = 0.0717
Epoch 44: Train Loss = 0.1244, Test Loss = 0.0702
Epoch 45: Train Loss = 0.1258, Test Loss = 0.0784
Epoch 46: Train Loss = 0.1227, Test Loss = 0.0709
Epoch 47: Train Loss = 0.1237, Test Loss = 0.0708
Epoch 48: Train Loss = 0.1226, Test Loss = 0.0728
Epoch 49: Train Loss = 0.1209, Test Loss = 0.0735
Epoch 50: Train Loss = 0.1198, Test Loss = 0.0752
Trial completed in 694.96s with error: 0.0752
Trial completed!
