Running on host hal0016.amarel.rutgers.edu
Time is Thu Apr 24 15:34:11 EDT 2025
Directory is /home/elp95/tfa-predictor
SLURM job ID is 43169328
Starting trial...
Running trial with config: {'input_size': 3883, 'output_size': 214, 'hidden_sizes': [2048, 1024, 1024, 512], 'lr': 0.0013887801545855263, 'weight_decay': 1.8750215915665665e-06, 'batch_size': 32, 'max_epochs': 200, 'dropout_rate': 0.2737231534495558, 'activation': 'relu', 'optimizer': 'rmsprop', 'learning_rate_schedule': 'cosine', 'batch_norm': 'false'}
Using data directory: /cache/home/elp95/tfa-predictor/data
xprs_path: /cache/home/elp95/tfa-predictor/data/gene-xprs/processed/xprs-data.csv
tfa_path: /cache/home/elp95/tfa-predictor/data/tfa/processed/tfa-labels.csv
Epoch 1: Train Loss = 0.4285, Test Loss = 0.0957
Epoch 2: Train Loss = 0.2614, Test Loss = 0.0766
Epoch 3: Train Loss = 0.2140, Test Loss = 0.0664
Epoch 4: Train Loss = 0.1810, Test Loss = 0.0622
Epoch 5: Train Loss = 0.1660, Test Loss = 0.0575
Epoch 6: Train Loss = 0.1507, Test Loss = 0.0650
Epoch 7: Train Loss = 0.1388, Test Loss = 0.0639
Epoch 8: Train Loss = 0.1265, Test Loss = 0.0661
Epoch 9: Train Loss = 0.1197, Test Loss = 0.0579
Epoch 10: Train Loss = 0.1166, Test Loss = 0.0664
Epoch 11: Train Loss = 0.1126, Test Loss = 0.0446
Epoch 12: Train Loss = 0.1107, Test Loss = 0.0575
Epoch 13: Train Loss = 0.1121, Test Loss = 0.0565
Epoch 14: Train Loss = 0.1069, Test Loss = 0.0565
Epoch 15: Train Loss = 0.1098, Test Loss = 0.0602
Epoch 16: Train Loss = 0.1043, Test Loss = 0.0581
Epoch 17: Train Loss = 0.1033, Test Loss = 0.0500
Epoch 18: Train Loss = 0.1028, Test Loss = 0.0488
Epoch 19: Train Loss = 0.0990, Test Loss = 0.0507
Epoch 20: Train Loss = 0.1018, Test Loss = 0.0467
Epoch 21: Train Loss = 0.0971, Test Loss = 0.0493
Epoch 22: Train Loss = 0.0992, Test Loss = 0.0417
Epoch 23: Train Loss = 0.0958, Test Loss = 0.0541
Epoch 24: Train Loss = 0.0930, Test Loss = 0.0433
Epoch 25: Train Loss = 0.0948, Test Loss = 0.0464
Epoch 26: Train Loss = 0.0974, Test Loss = 0.0474
Epoch 27: Train Loss = 0.0942, Test Loss = 0.0451
Epoch 28: Train Loss = 0.0961, Test Loss = 0.0466
Epoch 29: Train Loss = 0.0915, Test Loss = 0.0435
Epoch 30: Train Loss = 0.0916, Test Loss = 0.0477
Epoch 31: Train Loss = 0.0895, Test Loss = 0.0461
Epoch 32: Train Loss = 0.0886, Test Loss = 0.0387
Epoch 33: Train Loss = 0.0903, Test Loss = 0.0446
Epoch 34: Train Loss = 0.0891, Test Loss = 0.0502
Epoch 35: Train Loss = 0.0923, Test Loss = 0.0481
Epoch 36: Train Loss = 0.0901, Test Loss = 0.0414
Epoch 37: Train Loss = 0.0891, Test Loss = 0.0423
Epoch 38: Train Loss = 0.0880, Test Loss = 0.0429
Epoch 39: Train Loss = 0.0886, Test Loss = 0.0488
Epoch 40: Train Loss = 0.0884, Test Loss = 0.0417
Epoch 41: Train Loss = 0.0844, Test Loss = 0.0392
Epoch 42: Train Loss = 0.0857, Test Loss = 0.0431
Epoch 43: Train Loss = 0.0870, Test Loss = 0.0486
Epoch 44: Train Loss = 0.0846, Test Loss = 0.0474
Epoch 45: Train Loss = 0.0875, Test Loss = 0.0488
Epoch 46: Train Loss = 0.0883, Test Loss = 0.0411
Epoch 47: Train Loss = 0.0866, Test Loss = 0.0458
Epoch 48: Train Loss = 0.0861, Test Loss = 0.0487
Epoch 49: Train Loss = 0.0847, Test Loss = 0.0407
Epoch 50: Train Loss = 0.0848, Test Loss = 0.0405
Epoch 51: Train Loss = 0.0868, Test Loss = 0.0395
Epoch 52: Train Loss = 0.0857, Test Loss = 0.0443
Epoch 53: Train Loss = 0.0852, Test Loss = 0.0456
Epoch 54: Train Loss = 0.0824, Test Loss = 0.0471
Epoch 55: Train Loss = 0.0825, Test Loss = 0.0524
Epoch 56: Train Loss = 0.0832, Test Loss = 0.0405
Epoch 57: Train Loss = 0.0830, Test Loss = 0.0417
Epoch 58: Train Loss = 0.0809, Test Loss = 0.0412
Epoch 59: Train Loss = 0.0824, Test Loss = 0.0451
Epoch 60: Train Loss = 0.0807, Test Loss = 0.0395
Epoch 61: Train Loss = 0.0821, Test Loss = 0.0370
Epoch 62: Train Loss = 0.0831, Test Loss = 0.0480
Epoch 63: Train Loss = 0.0813, Test Loss = 0.0404
Epoch 64: Train Loss = 0.0793, Test Loss = 0.0480
Epoch 65: Train Loss = 0.0809, Test Loss = 0.0450
Epoch 66: Train Loss = 0.0808, Test Loss = 0.0445
Epoch 67: Train Loss = 0.0805, Test Loss = 0.0420
Epoch 68: Train Loss = 0.0803, Test Loss = 0.0406
Epoch 69: Train Loss = 0.0918, Test Loss = 0.0437
Epoch 70: Train Loss = 0.0848, Test Loss = 0.0465
Epoch 71: Train Loss = 0.0804, Test Loss = 0.0409
Epoch 72: Train Loss = 0.0802, Test Loss = 0.0468
Epoch 73: Train Loss = 0.0825, Test Loss = 0.0425
Epoch 74: Train Loss = 0.0815, Test Loss = 0.0442
Epoch 75: Train Loss = 0.0815, Test Loss = 0.0436
Epoch 76: Train Loss = 0.0805, Test Loss = 0.0388
Epoch 77: Train Loss = 0.0785, Test Loss = 0.0370
Epoch 78: Train Loss = 0.0792, Test Loss = 0.0460
Epoch 79: Train Loss = 0.0805, Test Loss = 0.0380
Epoch 80: Train Loss = 0.0810, Test Loss = 0.0325
Epoch 81: Train Loss = 0.0806, Test Loss = 0.0440
Epoch 82: Train Loss = 0.0806, Test Loss = 0.0394
Epoch 83: Train Loss = 0.0801, Test Loss = 0.0443
Epoch 84: Train Loss = 0.0782, Test Loss = 0.0464
Epoch 85: Train Loss = 0.0781, Test Loss = 0.0392
Epoch 86: Train Loss = 0.0781, Test Loss = 0.0495
Epoch 87: Train Loss = 0.0793, Test Loss = 0.0446
Epoch 88: Train Loss = 0.0790, Test Loss = 0.0369
Epoch 89: Train Loss = 0.0982, Test Loss = 0.0531
Epoch 90: Train Loss = 0.0856, Test Loss = 0.0460
Epoch 91: Train Loss = 0.0814, Test Loss = 0.0401
Epoch 92: Train Loss = 0.0793, Test Loss = 0.0515
Epoch 93: Train Loss = 0.0805, Test Loss = 0.0505
Epoch 94: Train Loss = 0.0781, Test Loss = 0.0416
Epoch 95: Train Loss = 0.0771, Test Loss = 0.0373
Epoch 96: Train Loss = 0.0787, Test Loss = 0.0460
Epoch 97: Train Loss = 0.0758, Test Loss = 0.0384
Epoch 98: Train Loss = 0.0747, Test Loss = 0.0406
Epoch 99: Train Loss = 0.0762, Test Loss = 0.0406
Epoch 100: Train Loss = 0.0780, Test Loss = 0.0470
Epoch 101: Train Loss = 0.0785, Test Loss = 0.0388
Epoch 102: Train Loss = 0.0765, Test Loss = 0.0395
Epoch 103: Train Loss = 0.0759, Test Loss = 0.0340
Epoch 104: Train Loss = 0.0769, Test Loss = 0.0443
Epoch 105: Train Loss = 0.0760, Test Loss = 0.0365
Epoch 106: Train Loss = 0.0772, Test Loss = 0.0329
Epoch 107: Train Loss = 0.0765, Test Loss = 0.0345
Epoch 108: Train Loss = 0.0776, Test Loss = 0.0400
Epoch 109: Train Loss = 0.0778, Test Loss = 0.0409
Epoch 110: Train Loss = 0.0960, Test Loss = 0.0423
Epoch 111: Train Loss = 0.0866, Test Loss = 0.0471
Epoch 112: Train Loss = 0.0783, Test Loss = 0.0416
Epoch 113: Train Loss = 0.0764, Test Loss = 0.0377
Epoch 114: Train Loss = 0.0778, Test Loss = 0.0404
Epoch 115: Train Loss = 0.0760, Test Loss = 0.0373
Epoch 116: Train Loss = 0.0776, Test Loss = 0.0380
Epoch 117: Train Loss = 0.0765, Test Loss = 0.0392
Epoch 118: Train Loss = 0.0746, Test Loss = 0.0403
Epoch 119: Train Loss = 0.0742, Test Loss = 0.0400
Epoch 120: Train Loss = 0.0769, Test Loss = 0.0383
Epoch 121: Train Loss = 0.0760, Test Loss = 0.0414
Epoch 122: Train Loss = 0.0760, Test Loss = 0.0386
Epoch 123: Train Loss = 0.0755, Test Loss = 0.0364
Epoch 124: Train Loss = 0.0763, Test Loss = 0.0433
Epoch 125: Train Loss = 0.0771, Test Loss = 0.0396
Epoch 126: Train Loss = 0.0771, Test Loss = 0.0459
Epoch 127: Train Loss = 0.0755, Test Loss = 0.0387
Epoch 128: Train Loss = 0.0776, Test Loss = 0.0385
Epoch 129: Train Loss = 0.0765, Test Loss = 0.0347
Epoch 130: Train Loss = 0.1015, Test Loss = 0.0411
Epoch 131: Train Loss = 0.0955, Test Loss = 0.0419
Epoch 132: Train Loss = 0.0839, Test Loss = 0.0417
Epoch 133: Train Loss = 0.0759, Test Loss = 0.0384
Epoch 134: Train Loss = 0.0751, Test Loss = 0.0347
Epoch 135: Train Loss = 0.0744, Test Loss = 0.0374
Epoch 136: Train Loss = 0.0741, Test Loss = 0.0356
Epoch 137: Train Loss = 0.0736, Test Loss = 0.0369
Epoch 138: Train Loss = 0.0750, Test Loss = 0.0362
Epoch 139: Train Loss = 0.0742, Test Loss = 0.0379
Epoch 140: Train Loss = 0.0727, Test Loss = 0.0407
Epoch 141: Train Loss = 0.0767, Test Loss = 0.0391
Epoch 142: Train Loss = 0.0755, Test Loss = 0.0388
Epoch 143: Train Loss = 0.0770, Test Loss = 0.0416
Epoch 144: Train Loss = 0.0756, Test Loss = 0.0336
Epoch 145: Train Loss = 0.0735, Test Loss = 0.0331
Epoch 146: Train Loss = 0.0758, Test Loss = 0.0358
Epoch 147: Train Loss = 0.0756, Test Loss = 0.0372
Epoch 148: Train Loss = 0.0748, Test Loss = 0.0340
Epoch 149: Train Loss = 0.0743, Test Loss = 0.0359
Epoch 150: Train Loss = 0.0755, Test Loss = 0.0342
Epoch 151: Train Loss = 0.0768, Test Loss = 0.0405
Epoch 152: Train Loss = 0.0760, Test Loss = 0.0367
Epoch 153: Train Loss = 0.0764, Test Loss = 0.0422
Epoch 154: Train Loss = 0.0752, Test Loss = 0.0350
Epoch 155: Train Loss = 0.0742, Test Loss = 0.0392
Epoch 156: Train Loss = 0.0760, Test Loss = 0.0383
Epoch 157: Train Loss = 0.0743, Test Loss = 0.0390
Epoch 158: Train Loss = 0.0749, Test Loss = 0.0334
Epoch 159: Train Loss = 0.0752, Test Loss = 0.0351
Epoch 160: Train Loss = 0.0751, Test Loss = 0.0400
Epoch 161: Train Loss = 0.0773, Test Loss = 0.0385
Epoch 162: Train Loss = 0.0748, Test Loss = 0.0361
Epoch 163: Train Loss = 0.0767, Test Loss = 0.0369
Epoch 164: Train Loss = 0.0928, Test Loss = 0.0436
Epoch 165: Train Loss = 0.0904, Test Loss = 0.0501
Epoch 166: Train Loss = 0.0812, Test Loss = 0.0396
Epoch 167: Train Loss = 0.0777, Test Loss = 0.0377
Epoch 168: Train Loss = 0.0754, Test Loss = 0.0329
Epoch 169: Train Loss = 0.0744, Test Loss = 0.0365
Epoch 170: Train Loss = 0.0747, Test Loss = 0.0373
Epoch 171: Train Loss = 0.0734, Test Loss = 0.0350
Epoch 172: Train Loss = 0.0744, Test Loss = 0.0368
Epoch 173: Train Loss = 0.0736, Test Loss = 0.0351
Epoch 174: Train Loss = 0.0747, Test Loss = 0.0323
Epoch 175: Train Loss = 0.0732, Test Loss = 0.0382
Epoch 176: Train Loss = 0.0730, Test Loss = 0.0332
Epoch 177: Train Loss = 0.0744, Test Loss = 0.0361
Epoch 178: Train Loss = 0.0755, Test Loss = 0.0381
Epoch 179: Train Loss = 0.0763, Test Loss = 0.0414
Epoch 180: Train Loss = 0.0741, Test Loss = 0.0466
Epoch 181: Train Loss = 0.0748, Test Loss = 0.0394
Epoch 182: Train Loss = 0.0730, Test Loss = 0.0382
Epoch 183: Train Loss = 0.0734, Test Loss = 0.0370
Epoch 184: Train Loss = 0.0732, Test Loss = 0.0335
Epoch 185: Train Loss = 0.0745, Test Loss = 0.0323
Epoch 186: Train Loss = 0.0750, Test Loss = 0.0402
Epoch 187: Train Loss = 0.0760, Test Loss = 0.0388
Epoch 188: Train Loss = 0.0737, Test Loss = 0.0403
Epoch 189: Train Loss = 0.0744, Test Loss = 0.0377
Epoch 190: Train Loss = 0.0756, Test Loss = 0.0389
Epoch 191: Train Loss = 0.0761, Test Loss = 0.0388
Epoch 192: Train Loss = 0.0763, Test Loss = 0.0397
Epoch 193: Train Loss = 0.0748, Test Loss = 0.0404
Epoch 194: Train Loss = 0.0747, Test Loss = 0.0383
Epoch 195: Train Loss = 0.0742, Test Loss = 0.0373
Epoch 196: Train Loss = 0.0742, Test Loss = 0.0371
Epoch 197: Train Loss = 0.0748, Test Loss = 0.0372
Epoch 198: Train Loss = 0.0739, Test Loss = 0.0386
Epoch 199: Train Loss = 0.0733, Test Loss = 0.0345
Epoch 200: Train Loss = 0.0761, Test Loss = 0.0405
Trial completed in 973.54s with error: 0.0405
Trial completed!
