Running on host hal0020.amarel.rutgers.edu
Time is Thu Apr 24 14:51:01 EDT 2025
Directory is /home/elp95/tfa-predictor
SLURM job ID is 43168446
Starting trial...
Running trial with config: {'input_size': 3883, 'output_size': 214, 'hidden_sizes': [768, 512, 256], 'lr': 0.0022256266758062943, 'weight_decay': 4.0487788181534125e-05, 'batch_size': 16, 'max_epochs': 50, 'dropout_rate': 0.16039003248586792, 'activation': 'leaky_relu', 'optimizer': 'rmsprop', 'learning_rate_schedule': 'none', 'batch_norm': 'true'}
Using data directory: /cache/home/elp95/tfa-predictor/data
xprs_path: /cache/home/elp95/tfa-predictor/data/gene-xprs/processed/xprs-data.csv
tfa_path: /cache/home/elp95/tfa-predictor/data/tfa/processed/tfa-labels.csv
Epoch 1: Train Loss = 0.4306, Test Loss = 0.0982
Epoch 2: Train Loss = 0.2689, Test Loss = 0.0971
Epoch 3: Train Loss = 0.2283, Test Loss = 0.0805
Epoch 4: Train Loss = 0.2126, Test Loss = 0.0745
Epoch 5: Train Loss = 0.2044, Test Loss = 0.0729
Epoch 6: Train Loss = 0.2050, Test Loss = 0.0857
Epoch 7: Train Loss = 0.1995, Test Loss = 0.0822
Epoch 8: Train Loss = 0.1972, Test Loss = 0.0849
Epoch 9: Train Loss = 0.1922, Test Loss = 0.0961
Epoch 10: Train Loss = 0.1944, Test Loss = 0.0764
Epoch 11: Train Loss = 0.1927, Test Loss = 0.0795
Epoch 12: Train Loss = 0.1881, Test Loss = 0.0810
Epoch 13: Train Loss = 0.1862, Test Loss = 0.0906
Epoch 14: Train Loss = 0.1811, Test Loss = 0.0841
Epoch 15: Train Loss = 0.1852, Test Loss = 0.0830
Epoch 16: Train Loss = 0.1882, Test Loss = 0.0813
Epoch 17: Train Loss = 0.1858, Test Loss = 0.0740
Epoch 18: Train Loss = 0.1866, Test Loss = 0.0718
Epoch 19: Train Loss = 0.1893, Test Loss = 0.0843
Epoch 20: Train Loss = 0.1900, Test Loss = 0.0883
Epoch 21: Train Loss = 0.1832, Test Loss = 0.0777
Epoch 22: Train Loss = 0.1826, Test Loss = 0.0949
Epoch 23: Train Loss = 0.1858, Test Loss = 0.0699
Epoch 24: Train Loss = 0.1816, Test Loss = 0.0890
Epoch 25: Train Loss = 0.1832, Test Loss = 0.0716
Epoch 26: Train Loss = 0.1866, Test Loss = 0.0830
Epoch 27: Train Loss = 0.1862, Test Loss = 0.0869
Epoch 28: Train Loss = 0.1828, Test Loss = 0.0816
Epoch 29: Train Loss = 0.1831, Test Loss = 0.0833
Epoch 30: Train Loss = 0.1807, Test Loss = 0.0787
Epoch 31: Train Loss = 0.1803, Test Loss = 0.0717
Epoch 32: Train Loss = 0.1924, Test Loss = 0.0925
Epoch 33: Train Loss = 0.1880, Test Loss = 0.0890
Epoch 34: Train Loss = 0.1842, Test Loss = 0.0842
Epoch 35: Train Loss = 0.1863, Test Loss = 0.0869
Epoch 36: Train Loss = 0.1876, Test Loss = 0.0780
Epoch 37: Train Loss = 0.1794, Test Loss = 0.0988
Epoch 38: Train Loss = 0.1804, Test Loss = 0.0790
Epoch 39: Train Loss = 0.1794, Test Loss = 0.0815
Epoch 40: Train Loss = 0.1897, Test Loss = 0.0921
Epoch 41: Train Loss = 0.1831, Test Loss = 0.0829
Epoch 42: Train Loss = 0.1809, Test Loss = 0.0796
Epoch 43: Train Loss = 0.1854, Test Loss = 0.0845
Epoch 44: Train Loss = 0.1797, Test Loss = 0.0811
Epoch 45: Train Loss = 0.1871, Test Loss = 0.0839
Epoch 46: Train Loss = 0.1833, Test Loss = 0.0730
Epoch 47: Train Loss = 0.1850, Test Loss = 0.0866
Epoch 48: Train Loss = 0.1833, Test Loss = 0.0912
Epoch 49: Train Loss = 0.1925, Test Loss = 0.0989
Epoch 50: Train Loss = 0.1856, Test Loss = 0.0908
Trial completed in 169.95s with error: 0.0908
Trial completed!
