Running on host hal0072.amarel.rutgers.edu
Time is Thu Apr 24 14:44:50 EDT 2025
Directory is /home/elp95/tfa-predictor
SLURM job ID is 43168379
Starting trial...
Running trial with config: {'input_size': 3883, 'output_size': 214, 'hidden_sizes': [1024, 1024, 512, 256], 'lr': 0.00014862418185396996, 'weight_decay': 3.549878832196506e-06, 'batch_size': 128, 'max_epochs': 100, 'dropout_rate': 0.2623782158161189, 'activation': 'selu', 'optimizer': 'adam', 'learning_rate_schedule': 'none', 'batch_norm': 'true'}
Using data directory: /cache/home/elp95/tfa-predictor/data
xprs_path: /cache/home/elp95/tfa-predictor/data/gene-xprs/processed/xprs-data.csv
tfa_path: /cache/home/elp95/tfa-predictor/data/tfa/processed/tfa-labels.csv
Epoch 1: Train Loss = 1.0641, Test Loss = 0.4495
Epoch 2: Train Loss = 0.6154, Test Loss = 0.2231
Epoch 3: Train Loss = 0.4290, Test Loss = 0.1510
Epoch 4: Train Loss = 0.3545, Test Loss = 0.1189
Epoch 5: Train Loss = 0.3209, Test Loss = 0.0986
Epoch 6: Train Loss = 0.2909, Test Loss = 0.0827
Epoch 7: Train Loss = 0.2725, Test Loss = 0.0734
Epoch 8: Train Loss = 0.2592, Test Loss = 0.0651
Epoch 9: Train Loss = 0.2412, Test Loss = 0.0601
Epoch 10: Train Loss = 0.2324, Test Loss = 0.0550
Epoch 11: Train Loss = 0.2227, Test Loss = 0.0516
Epoch 12: Train Loss = 0.2170, Test Loss = 0.0474
Epoch 13: Train Loss = 0.2089, Test Loss = 0.0473
Epoch 14: Train Loss = 0.2023, Test Loss = 0.0426
Epoch 15: Train Loss = 0.1936, Test Loss = 0.0401
Epoch 16: Train Loss = 0.1876, Test Loss = 0.0384
Epoch 17: Train Loss = 0.1818, Test Loss = 0.0386
Epoch 18: Train Loss = 0.1769, Test Loss = 0.0359
Epoch 19: Train Loss = 0.1744, Test Loss = 0.0347
Epoch 20: Train Loss = 0.1707, Test Loss = 0.0332
Epoch 21: Train Loss = 0.1647, Test Loss = 0.0316
Epoch 22: Train Loss = 0.1602, Test Loss = 0.0313
Epoch 23: Train Loss = 0.1558, Test Loss = 0.0320
Epoch 24: Train Loss = 0.1515, Test Loss = 0.0294
Epoch 25: Train Loss = 0.1490, Test Loss = 0.0300
Epoch 26: Train Loss = 0.1450, Test Loss = 0.0292
Epoch 27: Train Loss = 0.1412, Test Loss = 0.0281
Epoch 28: Train Loss = 0.1381, Test Loss = 0.0263
Epoch 29: Train Loss = 0.1331, Test Loss = 0.0267
Epoch 30: Train Loss = 0.1317, Test Loss = 0.0261
Epoch 31: Train Loss = 0.1305, Test Loss = 0.0252
Epoch 32: Train Loss = 0.1283, Test Loss = 0.0256
Epoch 33: Train Loss = 0.1253, Test Loss = 0.0255
Epoch 34: Train Loss = 0.1246, Test Loss = 0.0244
Epoch 35: Train Loss = 0.1198, Test Loss = 0.0250
Epoch 36: Train Loss = 0.1140, Test Loss = 0.0226
Epoch 37: Train Loss = 0.1154, Test Loss = 0.0232
Epoch 38: Train Loss = 0.1123, Test Loss = 0.0242
Epoch 39: Train Loss = 0.1097, Test Loss = 0.0232
Epoch 40: Train Loss = 0.1088, Test Loss = 0.0217
Epoch 41: Train Loss = 0.1070, Test Loss = 0.0222
Epoch 42: Train Loss = 0.1054, Test Loss = 0.0221
Epoch 43: Train Loss = 0.1026, Test Loss = 0.0217
Epoch 44: Train Loss = 0.1008, Test Loss = 0.0210
Epoch 45: Train Loss = 0.0984, Test Loss = 0.0226
Epoch 46: Train Loss = 0.0984, Test Loss = 0.0210
Epoch 47: Train Loss = 0.0958, Test Loss = 0.0199
Epoch 48: Train Loss = 0.0947, Test Loss = 0.0205
Epoch 49: Train Loss = 0.0945, Test Loss = 0.0204
Epoch 50: Train Loss = 0.0924, Test Loss = 0.0196
Epoch 51: Train Loss = 0.0907, Test Loss = 0.0202
Epoch 52: Train Loss = 0.0906, Test Loss = 0.0193
Epoch 53: Train Loss = 0.0884, Test Loss = 0.0192
Epoch 54: Train Loss = 0.0858, Test Loss = 0.0208
Epoch 55: Train Loss = 0.0858, Test Loss = 0.0192
Epoch 56: Train Loss = 0.0840, Test Loss = 0.0201
Epoch 57: Train Loss = 0.0834, Test Loss = 0.0190
Epoch 58: Train Loss = 0.0827, Test Loss = 0.0202
Epoch 59: Train Loss = 0.0805, Test Loss = 0.0185
Epoch 60: Train Loss = 0.0815, Test Loss = 0.0185
Epoch 61: Train Loss = 0.0797, Test Loss = 0.0182
Epoch 62: Train Loss = 0.0780, Test Loss = 0.0185
Epoch 63: Train Loss = 0.0766, Test Loss = 0.0193
Epoch 64: Train Loss = 0.0752, Test Loss = 0.0174
Epoch 65: Train Loss = 0.0741, Test Loss = 0.0183
Epoch 66: Train Loss = 0.0730, Test Loss = 0.0186
Epoch 67: Train Loss = 0.0735, Test Loss = 0.0182
Epoch 68: Train Loss = 0.0715, Test Loss = 0.0176
Epoch 69: Train Loss = 0.0723, Test Loss = 0.0179
Epoch 70: Train Loss = 0.0728, Test Loss = 0.0176
Epoch 71: Train Loss = 0.0710, Test Loss = 0.0170
Epoch 72: Train Loss = 0.0685, Test Loss = 0.0167
Epoch 73: Train Loss = 0.0682, Test Loss = 0.0168
Epoch 74: Train Loss = 0.0690, Test Loss = 0.0183
Epoch 75: Train Loss = 0.0689, Test Loss = 0.0172
Epoch 76: Train Loss = 0.0668, Test Loss = 0.0165
Epoch 77: Train Loss = 0.0664, Test Loss = 0.0173
Epoch 78: Train Loss = 0.0663, Test Loss = 0.0171
Epoch 79: Train Loss = 0.0658, Test Loss = 0.0180
Epoch 80: Train Loss = 0.0659, Test Loss = 0.0161
Epoch 81: Train Loss = 0.0632, Test Loss = 0.0161
Epoch 82: Train Loss = 0.0639, Test Loss = 0.0155
Epoch 83: Train Loss = 0.0640, Test Loss = 0.0175
Epoch 84: Train Loss = 0.0626, Test Loss = 0.0164
Epoch 85: Train Loss = 0.0633, Test Loss = 0.0176
Epoch 86: Train Loss = 0.0617, Test Loss = 0.0159
Epoch 87: Train Loss = 0.0618, Test Loss = 0.0169
Epoch 88: Train Loss = 0.0606, Test Loss = 0.0156
Epoch 89: Train Loss = 0.0593, Test Loss = 0.0175
Epoch 90: Train Loss = 0.0597, Test Loss = 0.0158
Epoch 91: Train Loss = 0.0604, Test Loss = 0.0157
Epoch 92: Train Loss = 0.0588, Test Loss = 0.0151
Epoch 93: Train Loss = 0.0584, Test Loss = 0.0159
Epoch 94: Train Loss = 0.0582, Test Loss = 0.0148
Epoch 95: Train Loss = 0.0585, Test Loss = 0.0151
Epoch 96: Train Loss = 0.0579, Test Loss = 0.0163
Epoch 97: Train Loss = 0.0582, Test Loss = 0.0154
Epoch 98: Train Loss = 0.0565, Test Loss = 0.0165
Epoch 99: Train Loss = 0.0568, Test Loss = 0.0145
Epoch 100: Train Loss = 0.0562, Test Loss = 0.0154
Trial completed in 87.22s with error: 0.0154
Trial completed!
