Running on host hal0046.amarel.rutgers.edu
Time is Thu Apr 24 14:46:54 EDT 2025
Directory is /home/elp95/tfa-predictor
SLURM job ID is 43168420
Starting trial...
Running trial with config: {'input_size': 3883, 'output_size': 214, 'hidden_sizes': [3072, 1536, 768, 384], 'lr': 0.010506596753220968, 'weight_decay': 4.149795789891592e-05, 'batch_size': 32, 'max_epochs': 200, 'dropout_rate': 0.17814891903848745, 'activation': 'leaky_relu', 'optimizer': 'adam', 'learning_rate_schedule': 'none', 'batch_norm': 'true'}
Using data directory: /cache/home/elp95/tfa-predictor/data
xprs_path: /cache/home/elp95/tfa-predictor/data/gene-xprs/processed/xprs-data.csv
tfa_path: /cache/home/elp95/tfa-predictor/data/tfa/processed/tfa-labels.csv
Epoch 1: Train Loss = 0.6015, Test Loss = 0.1885
Epoch 2: Train Loss = 0.3209, Test Loss = 0.1383
Epoch 3: Train Loss = 0.2459, Test Loss = 0.1333
Epoch 4: Train Loss = 0.2235, Test Loss = 0.1394
Epoch 5: Train Loss = 0.2031, Test Loss = 0.1322
Epoch 6: Train Loss = 0.2105, Test Loss = 0.1202
Epoch 7: Train Loss = 0.2031, Test Loss = 0.1120
Epoch 8: Train Loss = 0.2013, Test Loss = 0.1149
Epoch 9: Train Loss = 0.2000, Test Loss = 0.1275
Epoch 10: Train Loss = 0.1978, Test Loss = 0.0951
Epoch 11: Train Loss = 0.2009, Test Loss = 0.1326
Epoch 12: Train Loss = 0.2128, Test Loss = 0.1155
Epoch 13: Train Loss = 0.2065, Test Loss = 0.1155
Epoch 14: Train Loss = 0.2153, Test Loss = 0.1446
Epoch 15: Train Loss = 0.2158, Test Loss = 0.1086
Epoch 16: Train Loss = 0.2103, Test Loss = 0.1245
Epoch 17: Train Loss = 0.2139, Test Loss = 0.1032
Epoch 18: Train Loss = 0.2156, Test Loss = 0.1128
Epoch 19: Train Loss = 0.2088, Test Loss = 0.1207
Epoch 20: Train Loss = 0.2141, Test Loss = 0.1309
Epoch 21: Train Loss = 0.2140, Test Loss = 0.1015
Epoch 22: Train Loss = 0.2218, Test Loss = 0.1102
Epoch 23: Train Loss = 0.2126, Test Loss = 0.1335
Epoch 24: Train Loss = 0.2208, Test Loss = 0.1173
Epoch 25: Train Loss = 0.2209, Test Loss = 0.1138
Epoch 26: Train Loss = 0.2171, Test Loss = 0.1366
Epoch 27: Train Loss = 0.2236, Test Loss = 0.1316
Epoch 28: Train Loss = 0.2245, Test Loss = 0.1232
Epoch 29: Train Loss = 0.2256, Test Loss = 0.1026
Epoch 30: Train Loss = 0.2269, Test Loss = 0.1279
Epoch 31: Train Loss = 0.2263, Test Loss = 0.1306
Epoch 32: Train Loss = 0.2244, Test Loss = 0.1104
Epoch 33: Train Loss = 0.2273, Test Loss = 0.1318
Epoch 34: Train Loss = 0.2266, Test Loss = 0.1549
Epoch 35: Train Loss = 0.2267, Test Loss = 0.1075
Epoch 36: Train Loss = 0.2252, Test Loss = 0.1281
Epoch 37: Train Loss = 0.2231, Test Loss = 0.1028
Epoch 38: Train Loss = 0.2315, Test Loss = 0.1294
Epoch 39: Train Loss = 0.2262, Test Loss = 0.1132
Epoch 40: Train Loss = 0.2250, Test Loss = 0.1272
Epoch 41: Train Loss = 0.2313, Test Loss = 0.1224
Epoch 42: Train Loss = 0.2261, Test Loss = 0.1209
Epoch 43: Train Loss = 0.2346, Test Loss = 0.1274
Epoch 44: Train Loss = 0.2327, Test Loss = 0.1169
Epoch 45: Train Loss = 0.2337, Test Loss = 0.1198
Epoch 46: Train Loss = 0.2316, Test Loss = 0.1408
Epoch 47: Train Loss = 0.2317, Test Loss = 0.1415
Epoch 48: Train Loss = 0.2275, Test Loss = 0.1627
Epoch 49: Train Loss = 0.2289, Test Loss = 0.1408
Epoch 50: Train Loss = 0.2256, Test Loss = 0.1406
Epoch 51: Train Loss = 0.2392, Test Loss = 0.1362
Epoch 52: Train Loss = 0.2330, Test Loss = 0.1153
Epoch 53: Train Loss = 0.2299, Test Loss = 0.1248
Epoch 54: Train Loss = 0.2352, Test Loss = 0.1238
Epoch 55: Train Loss = 0.2308, Test Loss = 0.1363
Epoch 56: Train Loss = 0.2290, Test Loss = 0.1172
Epoch 57: Train Loss = 0.2337, Test Loss = 0.1284
Epoch 58: Train Loss = 0.2389, Test Loss = 0.1254
Epoch 59: Train Loss = 0.2333, Test Loss = 0.1572
Epoch 60: Train Loss = 0.2329, Test Loss = 0.1243
Epoch 61: Train Loss = 0.2369, Test Loss = 0.1079
Epoch 62: Train Loss = 0.2373, Test Loss = 0.1350
Epoch 63: Train Loss = 0.2316, Test Loss = 0.1068
Epoch 64: Train Loss = 0.2263, Test Loss = 0.1350
Epoch 65: Train Loss = 0.2406, Test Loss = 0.1332
Epoch 66: Train Loss = 0.2316, Test Loss = 0.1198
Epoch 67: Train Loss = 0.2332, Test Loss = 0.1425
Epoch 68: Train Loss = 0.2419, Test Loss = 0.1248
Epoch 69: Train Loss = 0.2404, Test Loss = 0.1082
Epoch 70: Train Loss = 0.2311, Test Loss = 0.1169
Epoch 71: Train Loss = 0.2352, Test Loss = 0.1457
Epoch 72: Train Loss = 0.2373, Test Loss = 0.1480
Epoch 73: Train Loss = 0.2385, Test Loss = 0.1077
Epoch 74: Train Loss = 0.2308, Test Loss = 0.1266
Epoch 75: Train Loss = 0.2450, Test Loss = 0.1233
Epoch 76: Train Loss = 0.2344, Test Loss = 0.1131
Epoch 77: Train Loss = 0.2355, Test Loss = 0.1111
Epoch 78: Train Loss = 0.2356, Test Loss = 0.1351
Epoch 79: Train Loss = 0.2412, Test Loss = 0.1196
Epoch 80: Train Loss = 0.2376, Test Loss = 0.1021
Epoch 81: Train Loss = 0.2328, Test Loss = 0.1375
Epoch 82: Train Loss = 0.2311, Test Loss = 0.1078
Epoch 83: Train Loss = 0.2371, Test Loss = 0.1198
Epoch 84: Train Loss = 0.2322, Test Loss = 0.1268
Epoch 85: Train Loss = 0.2303, Test Loss = 0.1286
Epoch 86: Train Loss = 0.2330, Test Loss = 0.1335
Epoch 87: Train Loss = 0.2392, Test Loss = 0.0998
Epoch 88: Train Loss = 0.2373, Test Loss = 0.1057
Epoch 89: Train Loss = 0.2354, Test Loss = 0.1245
Epoch 90: Train Loss = 0.2347, Test Loss = 0.1227
Epoch 91: Train Loss = 0.2430, Test Loss = 0.1115
Epoch 92: Train Loss = 0.2285, Test Loss = 0.1482
Epoch 93: Train Loss = 0.2317, Test Loss = 0.1276
Epoch 94: Train Loss = 0.2337, Test Loss = 0.1565
Epoch 95: Train Loss = 0.2417, Test Loss = 0.1308
Epoch 96: Train Loss = 0.2269, Test Loss = 0.1419
Epoch 97: Train Loss = 0.2398, Test Loss = 0.1082
Epoch 98: Train Loss = 0.2287, Test Loss = 0.1165
Epoch 99: Train Loss = 0.2318, Test Loss = 0.1400
Epoch 100: Train Loss = 0.2293, Test Loss = 0.1249
Epoch 101: Train Loss = 0.2451, Test Loss = 0.1016
Epoch 102: Train Loss = 0.2439, Test Loss = 0.1386
Epoch 103: Train Loss = 0.2445, Test Loss = 0.1255
Epoch 104: Train Loss = 0.2441, Test Loss = 0.0927
Epoch 105: Train Loss = 0.2412, Test Loss = 0.1480
Epoch 106: Train Loss = 0.2263, Test Loss = 0.1120
Epoch 107: Train Loss = 0.2347, Test Loss = 0.1241
Epoch 108: Train Loss = 0.2269, Test Loss = 0.1082
Epoch 109: Train Loss = 0.2344, Test Loss = 0.1046
Epoch 110: Train Loss = 0.2344, Test Loss = 0.1109
Epoch 111: Train Loss = 0.2316, Test Loss = 0.1061
Epoch 112: Train Loss = 0.2308, Test Loss = 0.1334
Epoch 113: Train Loss = 0.2310, Test Loss = 0.1288
Epoch 114: Train Loss = 0.2300, Test Loss = 0.1053
Epoch 115: Train Loss = 0.2309, Test Loss = 0.1095
Epoch 116: Train Loss = 0.2299, Test Loss = 0.1126
Epoch 117: Train Loss = 0.2325, Test Loss = 0.1217
Epoch 118: Train Loss = 0.2272, Test Loss = 0.1181
Epoch 119: Train Loss = 0.2406, Test Loss = 0.1163
Epoch 120: Train Loss = 0.2278, Test Loss = 0.1222
Epoch 121: Train Loss = 0.2322, Test Loss = 0.0966
Epoch 122: Train Loss = 0.2370, Test Loss = 0.1338
Epoch 123: Train Loss = 0.2335, Test Loss = 0.1227
Epoch 124: Train Loss = 0.2290, Test Loss = 0.1215
Epoch 125: Train Loss = 0.2215, Test Loss = 0.1089
Epoch 126: Train Loss = 0.2258, Test Loss = 0.1184
Epoch 127: Train Loss = 0.2396, Test Loss = 0.1428
Epoch 128: Train Loss = 0.2395, Test Loss = 0.1199
Epoch 129: Train Loss = 0.2292, Test Loss = 0.1082
Epoch 130: Train Loss = 0.2329, Test Loss = 0.1290
Epoch 131: Train Loss = 0.2337, Test Loss = 0.1230
Epoch 132: Train Loss = 0.2223, Test Loss = 0.1254
Epoch 133: Train Loss = 0.2345, Test Loss = 0.1135
Epoch 134: Train Loss = 0.2382, Test Loss = 0.1105
Epoch 135: Train Loss = 0.2343, Test Loss = 0.1378
Epoch 136: Train Loss = 0.2368, Test Loss = 0.1457
Epoch 137: Train Loss = 0.2340, Test Loss = 0.1155
Epoch 138: Train Loss = 0.2321, Test Loss = 0.1113
Epoch 139: Train Loss = 0.2310, Test Loss = 0.1201
Epoch 140: Train Loss = 0.2336, Test Loss = 0.1020
Epoch 141: Train Loss = 0.2261, Test Loss = 0.1901
Epoch 142: Train Loss = 0.2461, Test Loss = 0.1221
Epoch 143: Train Loss = 0.2387, Test Loss = 0.1673
Epoch 144: Train Loss = 0.2422, Test Loss = 0.1167
Epoch 145: Train Loss = 0.2415, Test Loss = 0.1002
Epoch 146: Train Loss = 0.2319, Test Loss = 0.1239
Epoch 147: Train Loss = 0.2410, Test Loss = 0.1148
Epoch 148: Train Loss = 0.2366, Test Loss = 0.1524
Epoch 149: Train Loss = 0.2420, Test Loss = 0.1087
Epoch 150: Train Loss = 0.2264, Test Loss = 0.1153
Epoch 151: Train Loss = 0.2316, Test Loss = 0.0977
Epoch 152: Train Loss = 0.2332, Test Loss = 0.1247
Epoch 153: Train Loss = 0.2312, Test Loss = 0.1006
Epoch 154: Train Loss = 0.2303, Test Loss = 0.1081
Epoch 155: Train Loss = 0.2296, Test Loss = 0.1223
Epoch 156: Train Loss = 0.2268, Test Loss = 0.1247
Epoch 157: Train Loss = 0.2304, Test Loss = 0.1145
Epoch 158: Train Loss = 0.2307, Test Loss = 0.1242
Epoch 159: Train Loss = 0.2318, Test Loss = 0.1170
Epoch 160: Train Loss = 0.2324, Test Loss = 0.1366
Epoch 161: Train Loss = 0.2321, Test Loss = 0.1210
Epoch 162: Train Loss = 0.2330, Test Loss = 0.1031
Epoch 163: Train Loss = 0.2376, Test Loss = 0.0976
Epoch 164: Train Loss = 0.2304, Test Loss = 0.1252
Epoch 165: Train Loss = 0.2380, Test Loss = 0.1167
Epoch 166: Train Loss = 0.2394, Test Loss = 0.1347
Epoch 167: Train Loss = 0.2270, Test Loss = 0.1068
Epoch 168: Train Loss = 0.2262, Test Loss = 0.1337
Epoch 169: Train Loss = 0.2332, Test Loss = 0.1216
Epoch 170: Train Loss = 0.2299, Test Loss = 0.1024
Epoch 171: Train Loss = 0.2367, Test Loss = 0.1002
Epoch 172: Train Loss = 0.2324, Test Loss = 0.1331
Epoch 173: Train Loss = 0.2277, Test Loss = 0.1417
Epoch 174: Train Loss = 0.2429, Test Loss = 0.1304
Epoch 175: Train Loss = 0.2344, Test Loss = 0.1481
Epoch 176: Train Loss = 0.2331, Test Loss = 0.1289
Epoch 177: Train Loss = 0.2391, Test Loss = 0.1721
Epoch 178: Train Loss = 0.2433, Test Loss = 0.1235
Epoch 179: Train Loss = 0.2385, Test Loss = 0.1473
Epoch 180: Train Loss = 0.2278, Test Loss = 0.1225
Epoch 181: Train Loss = 0.2339, Test Loss = 0.1069
Epoch 182: Train Loss = 0.2277, Test Loss = 0.1297
Epoch 183: Train Loss = 0.2408, Test Loss = 0.1121
Epoch 184: Train Loss = 0.2289, Test Loss = 0.1276
Epoch 185: Train Loss = 0.2256, Test Loss = 0.1246
Epoch 186: Train Loss = 0.2293, Test Loss = 0.1223
Epoch 187: Train Loss = 0.2375, Test Loss = 0.1252
Epoch 188: Train Loss = 0.2275, Test Loss = 0.1139
Epoch 189: Train Loss = 0.2221, Test Loss = 0.1273
Epoch 190: Train Loss = 0.2350, Test Loss = 0.1147
Epoch 191: Train Loss = 0.2416, Test Loss = 0.1112
Epoch 192: Train Loss = 0.2290, Test Loss = 0.1275
Epoch 193: Train Loss = 0.2315, Test Loss = 0.1208
Epoch 194: Train Loss = 0.2390, Test Loss = 0.1165
Epoch 195: Train Loss = 0.2295, Test Loss = 0.1302
Epoch 196: Train Loss = 0.2315, Test Loss = 0.1061
Epoch 197: Train Loss = 0.2332, Test Loss = 0.1033
Epoch 198: Train Loss = 0.2283, Test Loss = 0.0957
Epoch 199: Train Loss = 0.2274, Test Loss = 0.1296
Epoch 200: Train Loss = 0.2287, Test Loss = 0.1237
Trial completed in 1271.65s with error: 0.1237
Trial completed!
