Running on host hal0088.amarel.rutgers.edu
Time is Thu Apr 24 14:44:50 EDT 2025
Directory is /home/elp95/tfa-predictor
SLURM job ID is 43168388
Starting trial...
Running trial with config: {'input_size': 3883, 'output_size': 214, 'hidden_sizes': [2048, 1024, 1024, 512], 'lr': 0.0034534662678445925, 'weight_decay': 0.00015382308040278996, 'batch_size': 16, 'max_epochs': 150, 'dropout_rate': 0.03702232586704518, 'activation': 'elu', 'optimizer': 'adamw', 'learning_rate_schedule': 'none', 'batch_norm': 'false'}
Using data directory: /cache/home/elp95/tfa-predictor/data
xprs_path: /cache/home/elp95/tfa-predictor/data/gene-xprs/processed/xprs-data.csv
tfa_path: /cache/home/elp95/tfa-predictor/data/tfa/processed/tfa-labels.csv
Epoch 1: Train Loss = 0.5613, Test Loss = 0.2499
Epoch 2: Train Loss = 0.3599, Test Loss = 0.2101
Epoch 3: Train Loss = 0.3113, Test Loss = 0.1913
Epoch 4: Train Loss = 0.3015, Test Loss = 0.1991
Epoch 5: Train Loss = 0.2917, Test Loss = 0.1610
Epoch 6: Train Loss = 0.2799, Test Loss = 0.1433
Epoch 7: Train Loss = 0.2790, Test Loss = 0.1444
Epoch 8: Train Loss = 0.2761, Test Loss = 0.1142
Epoch 9: Train Loss = 0.2650, Test Loss = 0.1219
Epoch 10: Train Loss = 0.2627, Test Loss = 0.1430
Epoch 11: Train Loss = 0.2667, Test Loss = 0.1603
Epoch 12: Train Loss = 0.2772, Test Loss = 0.1146
Epoch 13: Train Loss = 0.2630, Test Loss = 0.1317
Epoch 14: Train Loss = 0.2684, Test Loss = 0.1257
Epoch 15: Train Loss = 0.2606, Test Loss = 0.1293
Epoch 16: Train Loss = 0.2714, Test Loss = 0.1300
Epoch 17: Train Loss = 0.2690, Test Loss = 0.1306
Epoch 18: Train Loss = 0.2654, Test Loss = 0.1527
Epoch 19: Train Loss = 0.2718, Test Loss = 0.1148
Epoch 20: Train Loss = 0.2642, Test Loss = 0.1244
Epoch 21: Train Loss = 0.2678, Test Loss = 0.1311
Epoch 22: Train Loss = 0.2684, Test Loss = 0.1364
Epoch 23: Train Loss = 0.2723, Test Loss = 0.1443
Epoch 24: Train Loss = 0.2672, Test Loss = 0.1409
Epoch 25: Train Loss = 0.2659, Test Loss = 0.1395
Epoch 26: Train Loss = 0.2655, Test Loss = 0.1257
Epoch 27: Train Loss = 0.2677, Test Loss = 0.1158
Epoch 28: Train Loss = 0.2632, Test Loss = 0.1425
Epoch 29: Train Loss = 0.2753, Test Loss = 0.1486
Epoch 30: Train Loss = 0.2690, Test Loss = 0.1132
Epoch 31: Train Loss = 0.2687, Test Loss = 0.1277
Epoch 32: Train Loss = 0.2629, Test Loss = 0.1333
Epoch 33: Train Loss = 0.2642, Test Loss = 0.1361
Epoch 34: Train Loss = 0.2680, Test Loss = 0.1573
Epoch 35: Train Loss = 0.2711, Test Loss = 0.1276
Epoch 36: Train Loss = 0.2679, Test Loss = 0.1393
Epoch 37: Train Loss = 0.2627, Test Loss = 0.1365
Epoch 38: Train Loss = 0.2725, Test Loss = 0.1476
Epoch 39: Train Loss = 0.2665, Test Loss = 0.1408
Epoch 40: Train Loss = 0.2683, Test Loss = 0.1515
Epoch 41: Train Loss = 0.2722, Test Loss = 0.1763
Epoch 42: Train Loss = 0.2604, Test Loss = 0.1501
Epoch 43: Train Loss = 0.2640, Test Loss = 0.1414
Epoch 44: Train Loss = 0.2721, Test Loss = 0.1205
Epoch 45: Train Loss = 0.2688, Test Loss = 0.1292
Epoch 46: Train Loss = 0.2651, Test Loss = 0.1137
Epoch 47: Train Loss = 0.2683, Test Loss = 0.1323
Epoch 48: Train Loss = 0.2646, Test Loss = 0.1308
Epoch 49: Train Loss = 0.2611, Test Loss = 0.1379
Epoch 50: Train Loss = 0.2715, Test Loss = 0.1246
Epoch 51: Train Loss = 0.2738, Test Loss = 0.1168
Epoch 52: Train Loss = 0.2685, Test Loss = 0.1334
Epoch 53: Train Loss = 0.2655, Test Loss = 0.1375
Epoch 54: Train Loss = 0.2696, Test Loss = 0.1180
Epoch 55: Train Loss = 0.2639, Test Loss = 0.1437
Epoch 56: Train Loss = 0.2689, Test Loss = 0.1246
Epoch 57: Train Loss = 0.2573, Test Loss = 0.1379
Epoch 58: Train Loss = 0.2728, Test Loss = 0.1446
Epoch 59: Train Loss = 0.2810, Test Loss = 0.1395
Epoch 60: Train Loss = 0.2677, Test Loss = 0.1232
Epoch 61: Train Loss = 0.2695, Test Loss = 0.1313
Epoch 62: Train Loss = 0.2742, Test Loss = 0.1438
Epoch 63: Train Loss = 0.2649, Test Loss = 0.1396
Epoch 64: Train Loss = 0.2674, Test Loss = 0.1269
Epoch 65: Train Loss = 0.2713, Test Loss = 0.1261
Epoch 66: Train Loss = 0.2653, Test Loss = 0.1372
Epoch 67: Train Loss = 0.2701, Test Loss = 0.1293
Epoch 68: Train Loss = 0.2726, Test Loss = 0.1440
Epoch 69: Train Loss = 0.2743, Test Loss = 0.1460
Epoch 70: Train Loss = 0.2728, Test Loss = 0.1449
Epoch 71: Train Loss = 0.2772, Test Loss = 0.1404
Epoch 72: Train Loss = 0.2992, Test Loss = 0.1943
Epoch 73: Train Loss = 0.2766, Test Loss = 0.1503
Epoch 74: Train Loss = 0.2723, Test Loss = 0.1414
Epoch 75: Train Loss = 0.2762, Test Loss = 0.1456
Epoch 76: Train Loss = 0.2745, Test Loss = 0.1531
Epoch 77: Train Loss = 0.3028, Test Loss = 0.1383
Epoch 78: Train Loss = 0.2702, Test Loss = 1.8832
Epoch 79: Train Loss = 0.2707, Test Loss = 0.3140
Epoch 80: Train Loss = 0.2764, Test Loss = 83.0633
Epoch 81: Train Loss = 0.2973, Test Loss = 8.2050
Epoch 82: Train Loss = 0.2848, Test Loss = 0.1471
Epoch 83: Train Loss = 0.2902, Test Loss = 0.1562
Epoch 84: Train Loss = 0.2871, Test Loss = 0.2283
Epoch 85: Train Loss = 0.2663, Test Loss = 708.5019
Epoch 86: Train Loss = 0.2685, Test Loss = 0.3245
Epoch 87: Train Loss = 0.2703, Test Loss = 0.1355
Epoch 88: Train Loss = 0.2954, Test Loss = 2420.8118
Epoch 89: Train Loss = 0.2790, Test Loss = 0.1350
Epoch 90: Train Loss = 0.2682, Test Loss = 51.2421
Epoch 91: Train Loss = 0.2780, Test Loss = 0.1766
Epoch 92: Train Loss = 0.2759, Test Loss = 2.5575
Epoch 93: Train Loss = 0.2694, Test Loss = 0.1345
Epoch 94: Train Loss = 0.3022, Test Loss = 0.2007
Epoch 95: Train Loss = 0.2928, Test Loss = 0.1746
Epoch 96: Train Loss = 0.2807, Test Loss = 0.1733
Epoch 97: Train Loss = 0.2822, Test Loss = 60.6573
Epoch 98: Train Loss = 0.2746, Test Loss = 45.2553
Epoch 99: Train Loss = 0.2647, Test Loss = 0.1218
Epoch 100: Train Loss = 0.2646, Test Loss = 0.1327
Epoch 101: Train Loss = 0.2621, Test Loss = 0.1111
Epoch 102: Train Loss = 0.2875, Test Loss = 330.2155
Epoch 103: Train Loss = 0.2800, Test Loss = 1.3044
Epoch 104: Train Loss = 0.2689, Test Loss = 0.1240
Epoch 105: Train Loss = 0.2738, Test Loss = 0.1263
Epoch 106: Train Loss = 0.2716, Test Loss = 0.1473
Epoch 107: Train Loss = 0.2647, Test Loss = 0.1410
Epoch 108: Train Loss = 0.2676, Test Loss = 0.4643
Epoch 109: Train Loss = 0.2702, Test Loss = 0.2661
Epoch 110: Train Loss = 0.2665, Test Loss = 0.1367
Epoch 111: Train Loss = 0.2656, Test Loss = 0.1257
Epoch 112: Train Loss = 0.2649, Test Loss = 0.1353
Epoch 113: Train Loss = 0.2704, Test Loss = 0.1395
Epoch 114: Train Loss = 0.2598, Test Loss = 0.1229
Epoch 115: Train Loss = 0.2633, Test Loss = 0.1468
Epoch 116: Train Loss = 0.2676, Test Loss = 0.1528
Epoch 117: Train Loss = 0.2682, Test Loss = 0.1446
Epoch 118: Train Loss = 0.2662, Test Loss = 0.1423
Epoch 119: Train Loss = 0.2836, Test Loss = 0.1529
Epoch 120: Train Loss = 0.2861, Test Loss = 0.1534
Epoch 121: Train Loss = 0.2945, Test Loss = 0.1511
Epoch 122: Train Loss = 0.2748, Test Loss = 0.1375
Epoch 123: Train Loss = 0.2711, Test Loss = 0.1235
Epoch 124: Train Loss = 0.2652, Test Loss = 0.1346
Epoch 125: Train Loss = 0.2734, Test Loss = 0.1345
Epoch 126: Train Loss = 0.2593, Test Loss = 0.1323
Epoch 127: Train Loss = 0.2644, Test Loss = 0.1097
Epoch 128: Train Loss = 0.2710, Test Loss = 0.1386
Epoch 129: Train Loss = 0.2676, Test Loss = 0.1449
Epoch 130: Train Loss = 0.2701, Test Loss = 0.1492
Epoch 131: Train Loss = 0.2709, Test Loss = 0.1063
Epoch 132: Train Loss = 0.2701, Test Loss = 0.1276
Epoch 133: Train Loss = 0.2704, Test Loss = 0.1589
Epoch 134: Train Loss = 0.2679, Test Loss = 0.1401
Epoch 135: Train Loss = 0.2756, Test Loss = 0.1347
Epoch 136: Train Loss = 0.2606, Test Loss = 0.1274
Epoch 137: Train Loss = 0.2651, Test Loss = 0.1233
Epoch 138: Train Loss = 0.2692, Test Loss = 0.1392
Epoch 139: Train Loss = 0.2611, Test Loss = 0.1468
Epoch 140: Train Loss = 0.2645, Test Loss = 0.1136
Epoch 141: Train Loss = 0.2578, Test Loss = 0.1445
Epoch 142: Train Loss = 0.2644, Test Loss = 0.1056
Epoch 143: Train Loss = 0.2632, Test Loss = 0.1218
Epoch 144: Train Loss = 0.2623, Test Loss = 0.1279
Epoch 145: Train Loss = 0.2653, Test Loss = 0.1241
Epoch 146: Train Loss = 0.2615, Test Loss = 0.2191
Epoch 147: Train Loss = 0.2742, Test Loss = 0.1192
Epoch 148: Train Loss = 0.2682, Test Loss = 0.1303
Epoch 149: Train Loss = 0.2699, Test Loss = 0.1468
Epoch 150: Train Loss = 0.2673, Test Loss = 0.1233
Trial completed in 1488.60s with error: 0.1233
Trial completed!
