Running on host hal0039.amarel.rutgers.edu
Time is Thu Apr 24 11:43:01 EDT 2025
Directory is /home/elp95/tfa-predictor
SLURM job ID is 43165686
Starting trial...
Running trial with config: {'input_size': 3883, 'output_size': 214, 'hidden_sizes': [1024, 256], 'lr': 0.0005611516415334506, 'weight_decay': 0.0007969454818643932, 'batch_size': 128, 'max_epochs': 50}
Using data directory: /cache/home/elp95/tfa-predictor/data
xprs_path: /cache/home/elp95/tfa-predictor/data/gene-xprs/processed/xprs-data.csv
tfa_path: /cache/home/elp95/tfa-predictor/data/tfa/processed/tfa-labels.csv
Epoch 1: Train Loss = 0.5952, Test Loss = 0.1711
Epoch 2: Train Loss = 0.3466, Test Loss = 0.0986
Epoch 3: Train Loss = 0.2747, Test Loss = 0.0728
Epoch 4: Train Loss = 0.2347, Test Loss = 0.0593
Epoch 5: Train Loss = 0.2102, Test Loss = 0.0518
Epoch 6: Train Loss = 0.1903, Test Loss = 0.0453
Epoch 7: Train Loss = 0.1810, Test Loss = 0.0561
Epoch 8: Train Loss = 0.1704, Test Loss = 0.0499
Epoch 9: Train Loss = 0.1596, Test Loss = 0.0478
Epoch 10: Train Loss = 0.1482, Test Loss = 0.0460
Epoch 11: Train Loss = 0.1409, Test Loss = 0.0450
Epoch 12: Train Loss = 0.1313, Test Loss = 0.0437
Epoch 13: Train Loss = 0.1330, Test Loss = 0.0425
Epoch 14: Train Loss = 0.1292, Test Loss = 0.0382
Epoch 15: Train Loss = 0.1267, Test Loss = 0.0451
Epoch 16: Train Loss = 0.1270, Test Loss = 0.0426
Epoch 17: Train Loss = 0.1202, Test Loss = 0.0404
Epoch 18: Train Loss = 0.1161, Test Loss = 0.0385
Epoch 19: Train Loss = 0.1173, Test Loss = 0.0465
Epoch 20: Train Loss = 0.1135, Test Loss = 0.0436
Epoch 21: Train Loss = 0.1121, Test Loss = 0.0416
Epoch 22: Train Loss = 0.1159, Test Loss = 0.0434
Epoch 23: Train Loss = 0.1122, Test Loss = 0.0402
Epoch 24: Train Loss = 0.1043, Test Loss = 0.0372
Epoch 25: Train Loss = 0.1084, Test Loss = 0.0437
Epoch 26: Train Loss = 0.1068, Test Loss = 0.0364
Epoch 27: Train Loss = 0.1066, Test Loss = 0.0378
Epoch 28: Train Loss = 0.1094, Test Loss = 0.0419
Epoch 29: Train Loss = 0.1108, Test Loss = 0.0486
Epoch 30: Train Loss = 0.1107, Test Loss = 0.0405
Epoch 31: Train Loss = 0.1097, Test Loss = 0.0412
Epoch 32: Train Loss = 0.1074, Test Loss = 0.0431
Epoch 33: Train Loss = 0.1047, Test Loss = 0.0410
Epoch 34: Train Loss = 0.1107, Test Loss = 0.0396
Epoch 35: Train Loss = 0.1071, Test Loss = 0.0410
Epoch 36: Train Loss = 0.1014, Test Loss = 0.0393
Epoch 37: Train Loss = 0.1049, Test Loss = 0.0397
Epoch 38: Train Loss = 0.1012, Test Loss = 0.0448
Epoch 39: Train Loss = 0.1041, Test Loss = 0.0396
Epoch 40: Train Loss = 0.1066, Test Loss = 0.0381
Epoch 41: Train Loss = 0.1041, Test Loss = 0.0391
Epoch 42: Train Loss = 0.1046, Test Loss = 0.0360
Epoch 43: Train Loss = 0.1024, Test Loss = 0.0387
Epoch 44: Train Loss = 0.1066, Test Loss = 0.0396
Epoch 45: Train Loss = 0.1070, Test Loss = 0.0388
Epoch 46: Train Loss = 0.0992, Test Loss = 0.0402
Epoch 47: Train Loss = 0.1011, Test Loss = 0.0375
Epoch 48: Train Loss = 0.1076, Test Loss = 0.0412
Epoch 49: Train Loss = 0.1054, Test Loss = 0.0366
Epoch 50: Train Loss = 0.0992, Test Loss = 0.0376
Trial completed in 48.66s with error: 0.0376
Trial completed!
