Running on host hal0025.amarel.rutgers.edu
Time is Thu Apr 24 13:11:24 EDT 2025
Directory is /home/elp95/tfa-predictor
SLURM job ID is 43167366
Starting trial...
Running trial with config: {'input_size': 3883, 'output_size': 214, 'hidden_sizes': [2048, 1024, 512, 256], 'lr': 0.00010035927878780911, 'weight_decay': 0.0009647685075720097, 'batch_size': 32, 'max_epochs': 100}
Using data directory: /cache/home/elp95/tfa-predictor/data
xprs_path: /cache/home/elp95/tfa-predictor/data/gene-xprs/processed/xprs-data.csv
tfa_path: /cache/home/elp95/tfa-predictor/data/tfa/processed/tfa-labels.csv
Epoch 1: Train Loss = 0.6775, Test Loss = 0.1850
Epoch 2: Train Loss = 0.4271, Test Loss = 0.1240
Epoch 3: Train Loss = 0.3678, Test Loss = 0.0986
Epoch 4: Train Loss = 0.3354, Test Loss = 0.0844
Epoch 5: Train Loss = 0.3078, Test Loss = 0.0736
Epoch 6: Train Loss = 0.2868, Test Loss = 0.0684
Epoch 7: Train Loss = 0.2729, Test Loss = 0.0616
Epoch 8: Train Loss = 0.2578, Test Loss = 0.0612
Epoch 9: Train Loss = 0.2439, Test Loss = 0.0555
Epoch 10: Train Loss = 0.2355, Test Loss = 0.0549
Epoch 11: Train Loss = 0.2226, Test Loss = 0.0513
Epoch 12: Train Loss = 0.2118, Test Loss = 0.0501
Epoch 13: Train Loss = 0.2057, Test Loss = 0.0485
Epoch 14: Train Loss = 0.2020, Test Loss = 0.0486
Epoch 15: Train Loss = 0.1977, Test Loss = 0.0469
Epoch 16: Train Loss = 0.1866, Test Loss = 0.0442
Epoch 17: Train Loss = 0.1815, Test Loss = 0.0436
Epoch 18: Train Loss = 0.1781, Test Loss = 0.0448
Epoch 19: Train Loss = 0.1763, Test Loss = 0.0429
Epoch 20: Train Loss = 0.1694, Test Loss = 0.0427
Epoch 21: Train Loss = 0.1676, Test Loss = 0.0410
Epoch 22: Train Loss = 0.1637, Test Loss = 0.0448
Epoch 23: Train Loss = 0.1609, Test Loss = 0.0416
Epoch 24: Train Loss = 0.1589, Test Loss = 0.0392
Epoch 25: Train Loss = 0.1564, Test Loss = 0.0401
Epoch 26: Train Loss = 0.1520, Test Loss = 0.0380
Epoch 27: Train Loss = 0.1511, Test Loss = 0.0419
Epoch 28: Train Loss = 0.1507, Test Loss = 0.0398
Epoch 29: Train Loss = 0.1467, Test Loss = 0.0495
Epoch 30: Train Loss = 0.1471, Test Loss = 0.0402
Epoch 31: Train Loss = 0.1456, Test Loss = 0.0383
Epoch 32: Train Loss = 0.1473, Test Loss = 0.0439
Epoch 33: Train Loss = 0.1420, Test Loss = 0.0418
Epoch 34: Train Loss = 0.1392, Test Loss = 0.0438
Epoch 35: Train Loss = 0.1414, Test Loss = 0.0434
Epoch 36: Train Loss = 0.1413, Test Loss = 0.0359
Epoch 37: Train Loss = 0.1421, Test Loss = 0.0395
Epoch 38: Train Loss = 0.1380, Test Loss = 0.0442
Epoch 39: Train Loss = 0.1385, Test Loss = 0.0408
Epoch 40: Train Loss = 0.1400, Test Loss = 0.0411
Epoch 41: Train Loss = 0.1380, Test Loss = 0.0456
Epoch 42: Train Loss = 0.1349, Test Loss = 0.0363
Epoch 43: Train Loss = 0.1342, Test Loss = 0.0389
Epoch 44: Train Loss = 0.1373, Test Loss = 0.0410
Epoch 45: Train Loss = 0.1324, Test Loss = 0.0386
Epoch 46: Train Loss = 0.1327, Test Loss = 0.0401
Epoch 47: Train Loss = 0.1347, Test Loss = 0.0402
Epoch 48: Train Loss = 0.1345, Test Loss = 0.0386
Epoch 49: Train Loss = 0.1310, Test Loss = 0.0438
Epoch 50: Train Loss = 0.1300, Test Loss = 0.0353
Epoch 51: Train Loss = 0.1304, Test Loss = 0.0379
Epoch 52: Train Loss = 0.1332, Test Loss = 0.0379
Epoch 53: Train Loss = 0.1319, Test Loss = 0.0390
Epoch 54: Train Loss = 0.1326, Test Loss = 0.0394
Epoch 55: Train Loss = 0.1287, Test Loss = 0.0377
Epoch 56: Train Loss = 0.1297, Test Loss = 0.0403
Epoch 57: Train Loss = 0.1329, Test Loss = 0.0463
Epoch 58: Train Loss = 0.1301, Test Loss = 0.0386
Epoch 59: Train Loss = 0.1291, Test Loss = 0.0379
Epoch 60: Train Loss = 0.1307, Test Loss = 0.0375
Epoch 61: Train Loss = 0.1286, Test Loss = 0.0376
Epoch 62: Train Loss = 0.1301, Test Loss = 0.0391
Epoch 63: Train Loss = 0.1296, Test Loss = 0.0409
Epoch 64: Train Loss = 0.1312, Test Loss = 0.0449
Epoch 65: Train Loss = 0.1263, Test Loss = 0.0349
Epoch 66: Train Loss = 0.1269, Test Loss = 0.0364
Epoch 67: Train Loss = 0.1271, Test Loss = 0.0394
Epoch 68: Train Loss = 0.1256, Test Loss = 0.0385
Epoch 69: Train Loss = 0.1271, Test Loss = 0.0428
Epoch 70: Train Loss = 0.1300, Test Loss = 0.0369
Epoch 71: Train Loss = 0.1258, Test Loss = 0.0361
Epoch 72: Train Loss = 0.1265, Test Loss = 0.0366
Epoch 73: Train Loss = 0.1277, Test Loss = 0.0413
Epoch 74: Train Loss = 0.1273, Test Loss = 0.0373
Epoch 75: Train Loss = 0.1249, Test Loss = 0.0391
Epoch 76: Train Loss = 0.1243, Test Loss = 0.0444
Epoch 77: Train Loss = 0.1208, Test Loss = 0.0373
Epoch 78: Train Loss = 0.1249, Test Loss = 0.0403
Epoch 79: Train Loss = 0.1262, Test Loss = 0.0404
Epoch 80: Train Loss = 0.1237, Test Loss = 0.0425
Epoch 81: Train Loss = 0.1229, Test Loss = 0.0429
Epoch 82: Train Loss = 0.1201, Test Loss = 0.0500
Epoch 83: Train Loss = 0.1244, Test Loss = 0.0396
Epoch 84: Train Loss = 0.1228, Test Loss = 0.0434
Epoch 85: Train Loss = 0.1228, Test Loss = 0.0432
Epoch 86: Train Loss = 0.1207, Test Loss = 0.0378
Epoch 87: Train Loss = 0.1192, Test Loss = 0.0355
Epoch 88: Train Loss = 0.1190, Test Loss = 0.0418
Epoch 89: Train Loss = 0.1227, Test Loss = 0.0373
Epoch 90: Train Loss = 0.1227, Test Loss = 0.0391
Epoch 91: Train Loss = 0.1212, Test Loss = 0.0438
Epoch 92: Train Loss = 0.1203, Test Loss = 0.0409
Epoch 93: Train Loss = 0.1227, Test Loss = 0.0424
Epoch 94: Train Loss = 0.1204, Test Loss = 0.0378
Epoch 95: Train Loss = 0.1192, Test Loss = 0.0371
Epoch 96: Train Loss = 0.1216, Test Loss = 0.0367
Epoch 97: Train Loss = 0.1195, Test Loss = 0.0366
Epoch 98: Train Loss = 0.1171, Test Loss = 0.0366
Epoch 99: Train Loss = 0.1187, Test Loss = 0.0430
Epoch 100: Train Loss = 0.1172, Test Loss = 0.0382
Trial completed in 520.31s with error: 0.0382
Trial completed!
