Running on host hal0059.amarel.rutgers.edu
Time is Thu Apr 24 15:39:00 EDT 2025
Directory is /home/elp95/tfa-predictor
SLURM job ID is 43169493
Starting trial...
Running trial with config: {'input_size': 3883, 'output_size': 214, 'hidden_sizes': [4096, 2048, 1024, 512], 'lr': 6.229051176151102e-05, 'weight_decay': 5.718878014855691e-06, 'batch_size': 64, 'max_epochs': 150, 'dropout_rate': 0.2660567426326578, 'activation': 'relu', 'optimizer': 'adamw', 'learning_rate_schedule': 'step', 'batch_norm': 'false'}
Using data directory: /cache/home/elp95/tfa-predictor/data
xprs_path: /cache/home/elp95/tfa-predictor/data/gene-xprs/processed/xprs-data.csv
tfa_path: /cache/home/elp95/tfa-predictor/data/tfa/processed/tfa-labels.csv
Epoch 1: Train Loss = 0.8326, Test Loss = 0.2171
Epoch 2: Train Loss = 0.4318, Test Loss = 0.1165
Epoch 3: Train Loss = 0.3475, Test Loss = 0.0834
Epoch 4: Train Loss = 0.3102, Test Loss = 0.0663
Epoch 5: Train Loss = 0.2846, Test Loss = 0.0570
Epoch 6: Train Loss = 0.2677, Test Loss = 0.0504
Epoch 7: Train Loss = 0.2558, Test Loss = 0.0469
Epoch 8: Train Loss = 0.2446, Test Loss = 0.0422
Epoch 9: Train Loss = 0.2326, Test Loss = 0.0389
Epoch 10: Train Loss = 0.2246, Test Loss = 0.0374
Epoch 11: Train Loss = 0.2173, Test Loss = 0.0350
Epoch 12: Train Loss = 0.2109, Test Loss = 0.0338
Epoch 13: Train Loss = 0.2039, Test Loss = 0.0335
Epoch 14: Train Loss = 0.1981, Test Loss = 0.0319
Epoch 15: Train Loss = 0.1921, Test Loss = 0.0301
Epoch 16: Train Loss = 0.1902, Test Loss = 0.0316
Epoch 17: Train Loss = 0.1849, Test Loss = 0.0307
Epoch 18: Train Loss = 0.1802, Test Loss = 0.0287
Epoch 19: Train Loss = 0.1733, Test Loss = 0.0280
Epoch 20: Train Loss = 0.1687, Test Loss = 0.0261
Epoch 21: Train Loss = 0.1660, Test Loss = 0.0264
Epoch 22: Train Loss = 0.1640, Test Loss = 0.0252
Epoch 23: Train Loss = 0.1606, Test Loss = 0.0262
Epoch 24: Train Loss = 0.1573, Test Loss = 0.0253
Epoch 25: Train Loss = 0.1519, Test Loss = 0.0248
Epoch 26: Train Loss = 0.1506, Test Loss = 0.0242
Epoch 27: Train Loss = 0.1482, Test Loss = 0.0228
Epoch 28: Train Loss = 0.1418, Test Loss = 0.0232
Epoch 29: Train Loss = 0.1414, Test Loss = 0.0236
Epoch 30: Train Loss = 0.1375, Test Loss = 0.0231
Epoch 31: Train Loss = 0.1364, Test Loss = 0.0228
Epoch 32: Train Loss = 0.1331, Test Loss = 0.0229
Epoch 33: Train Loss = 0.1296, Test Loss = 0.0231
Epoch 34: Train Loss = 0.1282, Test Loss = 0.0231
Epoch 35: Train Loss = 0.1256, Test Loss = 0.0215
Epoch 36: Train Loss = 0.1240, Test Loss = 0.0203
Epoch 37: Train Loss = 0.1217, Test Loss = 0.0207
Epoch 38: Train Loss = 0.1198, Test Loss = 0.0216
Epoch 39: Train Loss = 0.1180, Test Loss = 0.0211
Epoch 40: Train Loss = 0.1165, Test Loss = 0.0214
Epoch 41: Train Loss = 0.1145, Test Loss = 0.0229
Epoch 42: Train Loss = 0.1119, Test Loss = 0.0189
Epoch 43: Train Loss = 0.1093, Test Loss = 0.0212
Epoch 44: Train Loss = 0.1068, Test Loss = 0.0209
Epoch 45: Train Loss = 0.1063, Test Loss = 0.0214
Epoch 46: Train Loss = 0.1037, Test Loss = 0.0202
Epoch 47: Train Loss = 0.1026, Test Loss = 0.0209
Epoch 48: Train Loss = 0.1015, Test Loss = 0.0204
Epoch 49: Train Loss = 0.0992, Test Loss = 0.0209
Epoch 50: Train Loss = 0.0986, Test Loss = 0.0206
Epoch 51: Train Loss = 0.0974, Test Loss = 0.0198
Epoch 52: Train Loss = 0.0953, Test Loss = 0.0188
Epoch 53: Train Loss = 0.0938, Test Loss = 0.0201
Epoch 54: Train Loss = 0.0910, Test Loss = 0.0184
Epoch 55: Train Loss = 0.0908, Test Loss = 0.0196
Epoch 56: Train Loss = 0.0901, Test Loss = 0.0183
Epoch 57: Train Loss = 0.0888, Test Loss = 0.0186
Epoch 58: Train Loss = 0.0874, Test Loss = 0.0181
Epoch 59: Train Loss = 0.0855, Test Loss = 0.0187
Epoch 60: Train Loss = 0.0841, Test Loss = 0.0176
Epoch 61: Train Loss = 0.0837, Test Loss = 0.0184
Epoch 62: Train Loss = 0.0824, Test Loss = 0.0188
Epoch 63: Train Loss = 0.0817, Test Loss = 0.0184
Epoch 64: Train Loss = 0.0797, Test Loss = 0.0186
Epoch 65: Train Loss = 0.0792, Test Loss = 0.0189
Epoch 66: Train Loss = 0.0779, Test Loss = 0.0181
Epoch 67: Train Loss = 0.0777, Test Loss = 0.0172
Epoch 68: Train Loss = 0.0767, Test Loss = 0.0182
Epoch 69: Train Loss = 0.0763, Test Loss = 0.0178
Epoch 70: Train Loss = 0.0736, Test Loss = 0.0175
Epoch 71: Train Loss = 0.0742, Test Loss = 0.0181
Epoch 72: Train Loss = 0.0724, Test Loss = 0.0185
Epoch 73: Train Loss = 0.0715, Test Loss = 0.0176
Epoch 74: Train Loss = 0.0703, Test Loss = 0.0177
Epoch 75: Train Loss = 0.0704, Test Loss = 0.0173
Epoch 76: Train Loss = 0.0692, Test Loss = 0.0181
Epoch 77: Train Loss = 0.0690, Test Loss = 0.0180
Epoch 78: Train Loss = 0.0682, Test Loss = 0.0172
Epoch 79: Train Loss = 0.0671, Test Loss = 0.0168
Epoch 80: Train Loss = 0.0657, Test Loss = 0.0168
Epoch 81: Train Loss = 0.0665, Test Loss = 0.0169
Epoch 82: Train Loss = 0.0654, Test Loss = 0.0176
Epoch 83: Train Loss = 0.0643, Test Loss = 0.0180
Epoch 84: Train Loss = 0.0632, Test Loss = 0.0174
Epoch 85: Train Loss = 0.0633, Test Loss = 0.0173
Epoch 86: Train Loss = 0.0622, Test Loss = 0.0177
Epoch 87: Train Loss = 0.0618, Test Loss = 0.0171
Epoch 88: Train Loss = 0.0603, Test Loss = 0.0179
Epoch 89: Train Loss = 0.0608, Test Loss = 0.0174
Epoch 90: Train Loss = 0.0597, Test Loss = 0.0171
Epoch 91: Train Loss = 0.0597, Test Loss = 0.0192
Epoch 92: Train Loss = 0.0589, Test Loss = 0.0160
Epoch 93: Train Loss = 0.0589, Test Loss = 0.0180
Epoch 94: Train Loss = 0.0581, Test Loss = 0.0168
Epoch 95: Train Loss = 0.0578, Test Loss = 0.0168
Epoch 96: Train Loss = 0.0584, Test Loss = 0.0178
Epoch 97: Train Loss = 0.0576, Test Loss = 0.0167
Epoch 98: Train Loss = 0.0573, Test Loss = 0.0169
Epoch 99: Train Loss = 0.0561, Test Loss = 0.0161
Epoch 100: Train Loss = 0.0563, Test Loss = 0.0161
Epoch 101: Train Loss = 0.0551, Test Loss = 0.0175
Epoch 102: Train Loss = 0.0554, Test Loss = 0.0175
Epoch 103: Train Loss = 0.0553, Test Loss = 0.0175
Epoch 104: Train Loss = 0.0538, Test Loss = 0.0175
Epoch 105: Train Loss = 0.0542, Test Loss = 0.0169
Epoch 106: Train Loss = 0.0547, Test Loss = 0.0164
Epoch 107: Train Loss = 0.0534, Test Loss = 0.0156
Epoch 108: Train Loss = 0.0538, Test Loss = 0.0164
Epoch 109: Train Loss = 0.0533, Test Loss = 0.0163
Epoch 110: Train Loss = 0.0516, Test Loss = 0.0159
Epoch 111: Train Loss = 0.0512, Test Loss = 0.0171
Epoch 112: Train Loss = 0.0518, Test Loss = 0.0155
Epoch 113: Train Loss = 0.0515, Test Loss = 0.0179
Epoch 114: Train Loss = 0.0505, Test Loss = 0.0180
Epoch 115: Train Loss = 0.0500, Test Loss = 0.0165
Epoch 116: Train Loss = 0.0515, Test Loss = 0.0151
Epoch 117: Train Loss = 0.0505, Test Loss = 0.0171
Epoch 118: Train Loss = 0.0499, Test Loss = 0.0165
Epoch 119: Train Loss = 0.0501, Test Loss = 0.0163
Epoch 120: Train Loss = 0.0493, Test Loss = 0.0170
Epoch 121: Train Loss = 0.0493, Test Loss = 0.0164
Epoch 122: Train Loss = 0.0494, Test Loss = 0.0168
Epoch 123: Train Loss = 0.0493, Test Loss = 0.0173
Epoch 124: Train Loss = 0.0494, Test Loss = 0.0165
Epoch 125: Train Loss = 0.0484, Test Loss = 0.0161
Epoch 126: Train Loss = 0.0487, Test Loss = 0.0163
Epoch 127: Train Loss = 0.0478, Test Loss = 0.0160
Epoch 128: Train Loss = 0.0490, Test Loss = 0.0152
Epoch 129: Train Loss = 0.0471, Test Loss = 0.0154
Epoch 130: Train Loss = 0.0475, Test Loss = 0.0158
Epoch 131: Train Loss = 0.0476, Test Loss = 0.0183
Epoch 132: Train Loss = 0.0480, Test Loss = 0.0158
Epoch 133: Train Loss = 0.0474, Test Loss = 0.0167
Epoch 134: Train Loss = 0.0467, Test Loss = 0.0174
Epoch 135: Train Loss = 0.0461, Test Loss = 0.0171
Epoch 136: Train Loss = 0.0471, Test Loss = 0.0164
Epoch 137: Train Loss = 0.0466, Test Loss = 0.0169
Epoch 138: Train Loss = 0.0458, Test Loss = 0.0169
Epoch 139: Train Loss = 0.0458, Test Loss = 0.0153
Epoch 140: Train Loss = 0.0460, Test Loss = 0.0164
Epoch 141: Train Loss = 0.0461, Test Loss = 0.0157
Epoch 142: Train Loss = 0.0462, Test Loss = 0.0162
Epoch 143: Train Loss = 0.0460, Test Loss = 0.0185
Epoch 144: Train Loss = 0.0452, Test Loss = 0.0172
Epoch 145: Train Loss = 0.0456, Test Loss = 0.0167
Epoch 146: Train Loss = 0.0457, Test Loss = 0.0168
Epoch 147: Train Loss = 0.0460, Test Loss = 0.0172
Epoch 148: Train Loss = 0.0450, Test Loss = 0.0164
Epoch 149: Train Loss = 0.0462, Test Loss = 0.0150
Epoch 150: Train Loss = 0.0441, Test Loss = 0.0162
Trial completed in 858.96s with error: 0.0162
Trial completed!
