Running on host hal0065.amarel.rutgers.edu
Time is Thu Apr 24 15:09:06 EDT 2025
Directory is /home/elp95/tfa-predictor
SLURM job ID is 43168618
Starting trial...
Running trial with config: {'input_size': 3883, 'output_size': 214, 'hidden_sizes': [2048, 1024, 512, 256, 128], 'lr': 0.001332986398860338, 'weight_decay': 1.863858020737984e-05, 'batch_size': 64, 'max_epochs': 50, 'dropout_rate': 0.3658238776498201, 'activation': 'selu', 'optimizer': 'adamw', 'learning_rate_schedule': 'none', 'batch_norm': 'true'}
Using data directory: /cache/home/elp95/tfa-predictor/data
xprs_path: /cache/home/elp95/tfa-predictor/data/gene-xprs/processed/xprs-data.csv
tfa_path: /cache/home/elp95/tfa-predictor/data/tfa/processed/tfa-labels.csv
Epoch 1: Train Loss = 0.6098, Test Loss = 0.1733
Epoch 2: Train Loss = 0.3040, Test Loss = 0.0938
Epoch 3: Train Loss = 0.2419, Test Loss = 0.0781
Epoch 4: Train Loss = 0.2116, Test Loss = 0.0690
Epoch 5: Train Loss = 0.1892, Test Loss = 0.0619
Epoch 6: Train Loss = 0.1734, Test Loss = 0.0555
Epoch 7: Train Loss = 0.1629, Test Loss = 0.0612
Epoch 8: Train Loss = 0.1519, Test Loss = 0.0563
Epoch 9: Train Loss = 0.1498, Test Loss = 0.0568
Epoch 10: Train Loss = 0.1401, Test Loss = 0.0486
Epoch 11: Train Loss = 0.1353, Test Loss = 0.0452
Epoch 12: Train Loss = 0.1309, Test Loss = 0.0543
Epoch 13: Train Loss = 0.1288, Test Loss = 0.0442
Epoch 14: Train Loss = 0.1287, Test Loss = 0.0437
Epoch 15: Train Loss = 0.1188, Test Loss = 0.0463
Epoch 16: Train Loss = 0.1205, Test Loss = 0.0473
Epoch 17: Train Loss = 0.1214, Test Loss = 0.0446
Epoch 18: Train Loss = 0.1179, Test Loss = 0.0456
Epoch 19: Train Loss = 0.1221, Test Loss = 0.0447
Epoch 20: Train Loss = 0.1137, Test Loss = 0.0457
Epoch 21: Train Loss = 0.1192, Test Loss = 0.0417
Epoch 22: Train Loss = 0.1137, Test Loss = 0.0413
Epoch 23: Train Loss = 0.1098, Test Loss = 0.0437
Epoch 24: Train Loss = 0.1105, Test Loss = 0.0390
Epoch 25: Train Loss = 0.1113, Test Loss = 0.0427
Epoch 26: Train Loss = 0.1101, Test Loss = 0.0428
Epoch 27: Train Loss = 0.1101, Test Loss = 0.0385
Epoch 28: Train Loss = 0.1118, Test Loss = 0.0436
Epoch 29: Train Loss = 0.1117, Test Loss = 0.0437
Epoch 30: Train Loss = 0.1095, Test Loss = 0.0387
Epoch 31: Train Loss = 0.1080, Test Loss = 0.0393
Epoch 32: Train Loss = 0.1068, Test Loss = 0.0401
Epoch 33: Train Loss = 0.1117, Test Loss = 0.0410
Epoch 34: Train Loss = 0.1091, Test Loss = 0.0434
Epoch 35: Train Loss = 0.1058, Test Loss = 0.0387
Epoch 36: Train Loss = 0.1090, Test Loss = 0.0420
Epoch 37: Train Loss = 0.1093, Test Loss = 0.0406
Epoch 38: Train Loss = 0.1076, Test Loss = 0.0387
Epoch 39: Train Loss = 0.1097, Test Loss = 0.0433
Epoch 40: Train Loss = 0.1088, Test Loss = 0.0451
Epoch 41: Train Loss = 0.1078, Test Loss = 0.0408
Epoch 42: Train Loss = 0.1082, Test Loss = 0.0405
Epoch 43: Train Loss = 0.1049, Test Loss = 0.0440
Epoch 44: Train Loss = 0.1076, Test Loss = 0.0381
Epoch 45: Train Loss = 0.1064, Test Loss = 0.0399
Epoch 46: Train Loss = 0.1043, Test Loss = 0.0386
Epoch 47: Train Loss = 0.1038, Test Loss = 0.0411
Epoch 48: Train Loss = 0.1073, Test Loss = 0.0442
Epoch 49: Train Loss = 0.1037, Test Loss = 0.0425
Epoch 50: Train Loss = 0.1052, Test Loss = 0.0390
Trial completed in 125.88s with error: 0.0390
Trial completed!
