Running on host hal0003.amarel.rutgers.edu
Time is Thu Apr 24 13:11:24 EDT 2025
Directory is /home/elp95/tfa-predictor
SLURM job ID is 43167373
Starting trial...
Running trial with config: {'input_size': 3883, 'output_size': 214, 'hidden_sizes': [1024, 512, 256], 'lr': 0.00232555726240368, 'weight_decay': 0.00016595613641357258, 'batch_size': 128, 'max_epochs': 200}
Using data directory: /cache/home/elp95/tfa-predictor/data
xprs_path: /cache/home/elp95/tfa-predictor/data/gene-xprs/processed/xprs-data.csv
tfa_path: /cache/home/elp95/tfa-predictor/data/tfa/processed/tfa-labels.csv
Epoch 1: Train Loss = 0.5860, Test Loss = 0.1777
Epoch 2: Train Loss = 0.3119, Test Loss = 0.1073
Epoch 3: Train Loss = 0.2346, Test Loss = 0.0823
Epoch 4: Train Loss = 0.1954, Test Loss = 0.0686
Epoch 5: Train Loss = 0.1714, Test Loss = 0.0624
Epoch 6: Train Loss = 0.1603, Test Loss = 0.0615
Epoch 7: Train Loss = 0.1496, Test Loss = 0.0560
Epoch 8: Train Loss = 0.1448, Test Loss = 0.0515
Epoch 9: Train Loss = 0.1398, Test Loss = 0.0569
Epoch 10: Train Loss = 0.1380, Test Loss = 0.0597
Epoch 11: Train Loss = 0.1311, Test Loss = 0.0589
Epoch 12: Train Loss = 0.1429, Test Loss = 0.0753
Epoch 13: Train Loss = 0.1438, Test Loss = 0.0617
Epoch 14: Train Loss = 0.1575, Test Loss = 0.0548
Epoch 15: Train Loss = 0.1410, Test Loss = 0.0560
Epoch 16: Train Loss = 0.1523, Test Loss = 0.0556
Epoch 17: Train Loss = 0.1414, Test Loss = 0.0568
Epoch 18: Train Loss = 0.1394, Test Loss = 0.0578
Epoch 19: Train Loss = 0.1503, Test Loss = 0.0698
Epoch 20: Train Loss = 0.1433, Test Loss = 0.0541
Epoch 21: Train Loss = 0.1560, Test Loss = 0.0604
Epoch 22: Train Loss = 0.1440, Test Loss = 0.0618
Epoch 23: Train Loss = 0.1478, Test Loss = 0.0541
Epoch 24: Train Loss = 0.1493, Test Loss = 0.0720
Epoch 25: Train Loss = 0.1604, Test Loss = 0.0671
Epoch 26: Train Loss = 0.1417, Test Loss = 0.0623
Epoch 27: Train Loss = 0.1388, Test Loss = 0.0527
Epoch 28: Train Loss = 0.1419, Test Loss = 0.0617
Epoch 29: Train Loss = 0.1327, Test Loss = 0.0515
Epoch 30: Train Loss = 0.1435, Test Loss = 0.0556
Epoch 31: Train Loss = 0.1571, Test Loss = 0.0586
Epoch 32: Train Loss = 0.1476, Test Loss = 0.0515
Epoch 33: Train Loss = 0.1470, Test Loss = 0.0549
Epoch 34: Train Loss = 0.1544, Test Loss = 0.0623
Epoch 35: Train Loss = 0.1450, Test Loss = 0.0591
Epoch 36: Train Loss = 0.1486, Test Loss = 0.0526
Epoch 37: Train Loss = 0.1334, Test Loss = 0.0501
Epoch 38: Train Loss = 0.1371, Test Loss = 0.0551
Epoch 39: Train Loss = 0.1549, Test Loss = 0.0553
Epoch 40: Train Loss = 0.1472, Test Loss = 0.0584
Epoch 41: Train Loss = 0.1405, Test Loss = 0.0545
Epoch 42: Train Loss = 0.1334, Test Loss = 0.0497
Epoch 43: Train Loss = 0.1412, Test Loss = 0.0562
Epoch 44: Train Loss = 0.1593, Test Loss = 0.0612
Epoch 45: Train Loss = 0.1487, Test Loss = 0.0530
Epoch 46: Train Loss = 0.1333, Test Loss = 0.0555
Epoch 47: Train Loss = 0.1436, Test Loss = 0.0601
Epoch 48: Train Loss = 0.1455, Test Loss = 0.0523
Epoch 49: Train Loss = 0.1405, Test Loss = 0.0573
Epoch 50: Train Loss = 0.1361, Test Loss = 0.0513
Epoch 51: Train Loss = 0.1484, Test Loss = 0.0608
Epoch 52: Train Loss = 0.1422, Test Loss = 0.0517
Epoch 53: Train Loss = 0.1542, Test Loss = 0.0566
Epoch 54: Train Loss = 0.1432, Test Loss = 0.0541
Epoch 55: Train Loss = 0.1411, Test Loss = 0.0624
Epoch 56: Train Loss = 0.1487, Test Loss = 0.0587
Epoch 57: Train Loss = 0.1453, Test Loss = 0.0478
Epoch 58: Train Loss = 0.1349, Test Loss = 0.0508
Epoch 59: Train Loss = 0.1398, Test Loss = 0.0504
Epoch 60: Train Loss = 0.1517, Test Loss = 0.0539
Epoch 61: Train Loss = 0.1420, Test Loss = 0.0509
Epoch 62: Train Loss = 0.1453, Test Loss = 0.0518
Epoch 63: Train Loss = 0.1333, Test Loss = 0.0528
Epoch 64: Train Loss = 0.1490, Test Loss = 0.0467
Epoch 65: Train Loss = 0.1411, Test Loss = 0.0606
Epoch 66: Train Loss = 0.1461, Test Loss = 0.0610
Epoch 67: Train Loss = 0.1423, Test Loss = 0.0541
Epoch 68: Train Loss = 0.1450, Test Loss = 0.0524
Epoch 69: Train Loss = 0.1436, Test Loss = 0.0549
Epoch 70: Train Loss = 0.1378, Test Loss = 0.0500
Epoch 71: Train Loss = 0.1324, Test Loss = 0.0525
Epoch 72: Train Loss = 0.1405, Test Loss = 0.0537
Epoch 73: Train Loss = 0.1324, Test Loss = 0.0527
Epoch 74: Train Loss = 0.1373, Test Loss = 0.0568
Epoch 75: Train Loss = 0.1498, Test Loss = 0.0600
Epoch 76: Train Loss = 0.1373, Test Loss = 0.0624
Epoch 77: Train Loss = 0.1512, Test Loss = 0.0528
Epoch 78: Train Loss = 0.1293, Test Loss = 0.0494
Epoch 79: Train Loss = 0.1272, Test Loss = 0.0552
Epoch 80: Train Loss = 0.1433, Test Loss = 0.0509
Epoch 81: Train Loss = 0.1381, Test Loss = 0.0634
Epoch 82: Train Loss = 0.1616, Test Loss = 0.0690
Epoch 83: Train Loss = 0.1442, Test Loss = 0.0496
Epoch 84: Train Loss = 0.1528, Test Loss = 0.0560
Epoch 85: Train Loss = 0.1383, Test Loss = 0.0554
Epoch 86: Train Loss = 0.1496, Test Loss = 0.0524
Epoch 87: Train Loss = 0.1393, Test Loss = 0.0528
Epoch 88: Train Loss = 0.1486, Test Loss = 0.0580
Epoch 89: Train Loss = 0.1412, Test Loss = 0.0585
Epoch 90: Train Loss = 0.1324, Test Loss = 0.0478
Epoch 91: Train Loss = 0.1478, Test Loss = 0.0510
Epoch 92: Train Loss = 0.1416, Test Loss = 0.0531
Epoch 93: Train Loss = 0.1288, Test Loss = 0.0514
Epoch 94: Train Loss = 0.1374, Test Loss = 0.0600
Epoch 95: Train Loss = 0.1384, Test Loss = 0.0496
Epoch 96: Train Loss = 0.1327, Test Loss = 0.0584
Epoch 97: Train Loss = 0.1466, Test Loss = 0.0630
Epoch 98: Train Loss = 0.1480, Test Loss = 0.0600
Epoch 99: Train Loss = 0.1393, Test Loss = 0.0566
Epoch 100: Train Loss = 0.1372, Test Loss = 0.0531
Epoch 101: Train Loss = 0.1405, Test Loss = 0.0512
Epoch 102: Train Loss = 0.1319, Test Loss = 0.0533
Epoch 103: Train Loss = 0.1518, Test Loss = 0.0648
Epoch 104: Train Loss = 0.1540, Test Loss = 0.0574
Epoch 105: Train Loss = 0.1395, Test Loss = 0.0532
Epoch 106: Train Loss = 0.1362, Test Loss = 0.0554
Epoch 107: Train Loss = 0.1408, Test Loss = 0.0494
Epoch 108: Train Loss = 0.1362, Test Loss = 0.0538
Epoch 109: Train Loss = 0.1328, Test Loss = 0.0532
Epoch 110: Train Loss = 0.1331, Test Loss = 0.1210
Epoch 111: Train Loss = 0.1390, Test Loss = 0.0633
Epoch 112: Train Loss = 0.1483, Test Loss = 0.0692
Epoch 113: Train Loss = 0.1504, Test Loss = 0.0593
Epoch 114: Train Loss = 0.1548, Test Loss = 0.0557
Epoch 115: Train Loss = 0.1428, Test Loss = 0.0554
Epoch 116: Train Loss = 0.1388, Test Loss = 0.0558
Epoch 117: Train Loss = 0.1332, Test Loss = 0.0568
Epoch 118: Train Loss = 0.1280, Test Loss = 0.0482
Epoch 119: Train Loss = 0.1296, Test Loss = 0.0471
Epoch 120: Train Loss = 0.1406, Test Loss = 0.0521
Epoch 121: Train Loss = 0.1435, Test Loss = 0.0618
Epoch 122: Train Loss = 0.1375, Test Loss = 0.0527
Epoch 123: Train Loss = 0.1308, Test Loss = 0.0534
Epoch 124: Train Loss = 0.1340, Test Loss = 0.0545
Epoch 125: Train Loss = 0.1379, Test Loss = 0.0570
Epoch 126: Train Loss = 0.1437, Test Loss = 0.0555
Epoch 127: Train Loss = 0.1340, Test Loss = 0.0598
Epoch 128: Train Loss = 0.1274, Test Loss = 0.0544
Epoch 129: Train Loss = 0.1266, Test Loss = 0.0485
Epoch 130: Train Loss = 0.1374, Test Loss = 0.0578
Epoch 131: Train Loss = 0.1431, Test Loss = 0.0552
Epoch 132: Train Loss = 0.1391, Test Loss = 0.0637
Epoch 133: Train Loss = 0.1365, Test Loss = 0.0561
Epoch 134: Train Loss = 0.1423, Test Loss = 0.0606
Epoch 135: Train Loss = 0.1333, Test Loss = 0.0611
Epoch 136: Train Loss = 0.1347, Test Loss = 0.0664
Epoch 137: Train Loss = 0.1639, Test Loss = 0.0610
Epoch 138: Train Loss = 0.1378, Test Loss = 0.0838
Epoch 139: Train Loss = 0.1461, Test Loss = 0.0598
Epoch 140: Train Loss = 0.1392, Test Loss = 0.0626
Epoch 141: Train Loss = 0.1593, Test Loss = 0.0687
Epoch 142: Train Loss = 0.1434, Test Loss = 0.0556
Epoch 143: Train Loss = 0.1332, Test Loss = 0.0528
Epoch 144: Train Loss = 0.1401, Test Loss = 0.0499
Epoch 145: Train Loss = 0.1343, Test Loss = 0.0609
Epoch 146: Train Loss = 0.1345, Test Loss = 0.0681
Epoch 147: Train Loss = 0.1357, Test Loss = 0.0596
Epoch 148: Train Loss = 0.1495, Test Loss = 0.0550
Epoch 149: Train Loss = 0.1412, Test Loss = 0.0531
Epoch 150: Train Loss = 0.1500, Test Loss = 0.0603
Epoch 151: Train Loss = 0.1361, Test Loss = 0.0578
Epoch 152: Train Loss = 0.1402, Test Loss = 0.0510
Epoch 153: Train Loss = 0.1431, Test Loss = 0.0555
Epoch 154: Train Loss = 0.1294, Test Loss = 0.0548
Epoch 155: Train Loss = 0.1622, Test Loss = 0.0565
Epoch 156: Train Loss = 0.1377, Test Loss = 0.0572
Epoch 157: Train Loss = 0.1275, Test Loss = 0.0526
Epoch 158: Train Loss = 0.1339, Test Loss = 0.0606
Epoch 159: Train Loss = 0.1396, Test Loss = 0.0540
Epoch 160: Train Loss = 0.1275, Test Loss = 0.0580
Epoch 161: Train Loss = 0.1346, Test Loss = 0.0560
Epoch 162: Train Loss = 0.1441, Test Loss = 0.0553
Epoch 163: Train Loss = 0.1411, Test Loss = 0.0472
Epoch 164: Train Loss = 0.1315, Test Loss = 0.0535
Epoch 165: Train Loss = 0.1347, Test Loss = 0.0533
Epoch 166: Train Loss = 0.1405, Test Loss = 0.0559
Epoch 167: Train Loss = 0.1413, Test Loss = 0.0552
Epoch 168: Train Loss = 0.1387, Test Loss = 0.0581
Epoch 169: Train Loss = 0.1316, Test Loss = 0.0547
Epoch 170: Train Loss = 0.1267, Test Loss = 0.0557
Epoch 171: Train Loss = 0.1286, Test Loss = 0.0568
Epoch 172: Train Loss = 0.1250, Test Loss = 0.0580
Epoch 173: Train Loss = 0.1329, Test Loss = 0.0614
Epoch 174: Train Loss = 0.1269, Test Loss = 0.0541
Epoch 175: Train Loss = 0.1338, Test Loss = 0.0557
Epoch 176: Train Loss = 0.1400, Test Loss = 0.0516
Epoch 177: Train Loss = 0.1331, Test Loss = 0.0527
Epoch 178: Train Loss = 0.1325, Test Loss = 0.0516
Epoch 179: Train Loss = 0.1432, Test Loss = 0.0515
Epoch 180: Train Loss = 0.1268, Test Loss = 0.0535
Epoch 181: Train Loss = 0.1270, Test Loss = 0.0544
Epoch 182: Train Loss = 0.1316, Test Loss = 0.0594
Epoch 183: Train Loss = 0.1396, Test Loss = 0.0522
Epoch 184: Train Loss = 0.1376, Test Loss = 0.0517
Epoch 185: Train Loss = 0.1303, Test Loss = 0.0546
Epoch 186: Train Loss = 0.1296, Test Loss = 0.0542
Epoch 187: Train Loss = 0.1292, Test Loss = 0.0563
Epoch 188: Train Loss = 0.1366, Test Loss = 0.0564
Epoch 189: Train Loss = 0.1288, Test Loss = 0.0588
Epoch 190: Train Loss = 0.1360, Test Loss = 0.0585
Epoch 191: Train Loss = 0.1391, Test Loss = 0.0678
Epoch 192: Train Loss = 0.1510, Test Loss = 0.0642
Epoch 193: Train Loss = 0.1359, Test Loss = 0.0595
Epoch 194: Train Loss = 0.1387, Test Loss = 0.0535
Epoch 195: Train Loss = 0.1387, Test Loss = 0.0461
Epoch 196: Train Loss = 0.1310, Test Loss = 0.0619
Epoch 197: Train Loss = 0.1403, Test Loss = 0.0590
Epoch 198: Train Loss = 0.1304, Test Loss = 0.0578
Epoch 199: Train Loss = 0.1325, Test Loss = 0.0589
Epoch 200: Train Loss = 0.1351, Test Loss = 0.0616
Trial completed in 152.61s with error: 0.0616
Trial completed!
