Running on host hal0011.amarel.rutgers.edu
Time is Thu Apr 24 14:44:50 EDT 2025
Directory is /home/elp95/tfa-predictor
SLURM job ID is 43168378
Starting trial...
Running trial with config: {'input_size': 3883, 'output_size': 214, 'hidden_sizes': [4096, 2048, 1024, 512], 'lr': 0.0007833632113880914, 'weight_decay': 1.0025956902289558e-05, 'batch_size': 64, 'max_epochs': 300, 'dropout_rate': 0.48495492608099716, 'activation': 'selu', 'optimizer': 'adamw', 'learning_rate_schedule': 'step', 'batch_norm': 'false'}
Using data directory: /cache/home/elp95/tfa-predictor/data
xprs_path: /cache/home/elp95/tfa-predictor/data/gene-xprs/processed/xprs-data.csv
tfa_path: /cache/home/elp95/tfa-predictor/data/tfa/processed/tfa-labels.csv
Epoch 1: Train Loss = 0.4326, Test Loss = 0.1066
Epoch 2: Train Loss = 0.2493, Test Loss = 0.0556
Epoch 3: Train Loss = 0.2006, Test Loss = 0.0519
Epoch 4: Train Loss = 0.1720, Test Loss = 0.0444
Epoch 5: Train Loss = 0.1480, Test Loss = 0.0363
Epoch 6: Train Loss = 0.1335, Test Loss = 0.0365
Epoch 7: Train Loss = 0.1251, Test Loss = 0.0317
Epoch 8: Train Loss = 0.1077, Test Loss = 0.0350
Epoch 9: Train Loss = 0.0985, Test Loss = 0.0350
Epoch 10: Train Loss = 0.0943, Test Loss = 0.0335
Epoch 11: Train Loss = 0.0900, Test Loss = 0.0322
Epoch 12: Train Loss = 0.0824, Test Loss = 0.0307
Epoch 13: Train Loss = 0.0773, Test Loss = 0.0263
Epoch 14: Train Loss = 0.0767, Test Loss = 0.0362
Epoch 15: Train Loss = 0.0728, Test Loss = 0.0269
Epoch 16: Train Loss = 0.0707, Test Loss = 0.0273
Epoch 17: Train Loss = 0.0702, Test Loss = 0.0266
Epoch 18: Train Loss = 0.0656, Test Loss = 0.0274
Epoch 19: Train Loss = 0.0650, Test Loss = 0.0280
Epoch 20: Train Loss = 0.0646, Test Loss = 0.0244
Epoch 21: Train Loss = 0.0641, Test Loss = 0.0298
Epoch 22: Train Loss = 0.0639, Test Loss = 0.0322
Epoch 23: Train Loss = 0.0658, Test Loss = 0.0271
Epoch 24: Train Loss = 0.0632, Test Loss = 0.0279
Epoch 25: Train Loss = 0.0616, Test Loss = 0.0288
Epoch 26: Train Loss = 0.0604, Test Loss = 0.0279
Epoch 27: Train Loss = 0.0573, Test Loss = 0.0239
Epoch 28: Train Loss = 0.0583, Test Loss = 0.0245
Epoch 29: Train Loss = 0.0607, Test Loss = 0.0286
Epoch 30: Train Loss = 0.0635, Test Loss = 0.0275
Epoch 31: Train Loss = 0.0599, Test Loss = 0.0246
Epoch 32: Train Loss = 0.0588, Test Loss = 0.0274
Epoch 33: Train Loss = 0.0589, Test Loss = 0.0233
Epoch 34: Train Loss = 0.0570, Test Loss = 0.0250
Epoch 35: Train Loss = 0.0579, Test Loss = 0.0261
Epoch 36: Train Loss = 0.0577, Test Loss = 0.0248
Epoch 37: Train Loss = 0.0576, Test Loss = 0.0270
Epoch 38: Train Loss = 0.0558, Test Loss = 0.0251
Epoch 39: Train Loss = 0.0563, Test Loss = 0.0324
Epoch 40: Train Loss = 0.0563, Test Loss = 0.0249
Epoch 41: Train Loss = 0.0574, Test Loss = 0.0258
Epoch 42: Train Loss = 0.0573, Test Loss = 0.0277
Epoch 43: Train Loss = 0.0574, Test Loss = 0.0243
Epoch 44: Train Loss = 0.0581, Test Loss = 0.0228
Epoch 45: Train Loss = 0.0588, Test Loss = 0.0281
Epoch 46: Train Loss = 0.0581, Test Loss = 0.0294
Epoch 47: Train Loss = 0.0563, Test Loss = 0.0250
Epoch 48: Train Loss = 0.0571, Test Loss = 0.0314
Epoch 49: Train Loss = 0.0563, Test Loss = 0.0231
Epoch 50: Train Loss = 0.0579, Test Loss = 0.0257
Epoch 51: Train Loss = 0.0557, Test Loss = 0.0246
Epoch 52: Train Loss = 0.0554, Test Loss = 0.0285
Epoch 53: Train Loss = 0.0548, Test Loss = 0.0247
Epoch 54: Train Loss = 0.0538, Test Loss = 0.0249
Epoch 55: Train Loss = 0.0537, Test Loss = 0.0228
Epoch 56: Train Loss = 0.0560, Test Loss = 0.0305
Epoch 57: Train Loss = 0.0562, Test Loss = 0.0249
Epoch 58: Train Loss = 0.0566, Test Loss = 0.0260
Epoch 59: Train Loss = 0.0547, Test Loss = 0.0229
Epoch 60: Train Loss = 0.0550, Test Loss = 0.0227
Epoch 61: Train Loss = 0.0562, Test Loss = 0.0251
Epoch 62: Train Loss = 0.0575, Test Loss = 0.0257
Epoch 63: Train Loss = 0.0558, Test Loss = 0.0236
Epoch 64: Train Loss = 0.0581, Test Loss = 0.0214
Epoch 65: Train Loss = 0.0588, Test Loss = 0.0306
Epoch 66: Train Loss = 0.0607, Test Loss = 0.0276
Epoch 67: Train Loss = 0.0581, Test Loss = 0.0287
Epoch 68: Train Loss = 0.0576, Test Loss = 0.0322
Epoch 69: Train Loss = 0.0557, Test Loss = 0.0350
Epoch 70: Train Loss = 0.0541, Test Loss = 0.0257
Epoch 71: Train Loss = 0.0553, Test Loss = 0.0289
Epoch 72: Train Loss = 0.0562, Test Loss = 0.0339
Epoch 73: Train Loss = 0.0570, Test Loss = 0.0340
Epoch 74: Train Loss = 0.0557, Test Loss = 0.0303
Epoch 75: Train Loss = 0.0585, Test Loss = 0.0278
Epoch 76: Train Loss = 0.0576, Test Loss = 0.0259
Epoch 77: Train Loss = 0.0556, Test Loss = 0.0263
Epoch 78: Train Loss = 0.0571, Test Loss = 0.0274
Epoch 79: Train Loss = 0.0571, Test Loss = 0.0261
Epoch 80: Train Loss = 0.0544, Test Loss = 0.0263
Epoch 81: Train Loss = 0.0560, Test Loss = 0.0250
Epoch 82: Train Loss = 0.0888, Test Loss = 0.0477
Epoch 83: Train Loss = 0.0758, Test Loss = 0.0290
Epoch 84: Train Loss = 0.0648, Test Loss = 0.0290
Epoch 85: Train Loss = 0.0582, Test Loss = 0.0266
Epoch 86: Train Loss = 0.0565, Test Loss = 0.0271
Epoch 87: Train Loss = 0.0551, Test Loss = 0.0292
Epoch 88: Train Loss = 0.0552, Test Loss = 0.0305
Epoch 89: Train Loss = 0.0555, Test Loss = 0.0263
Epoch 90: Train Loss = 0.0560, Test Loss = 0.0251
Epoch 91: Train Loss = 0.0546, Test Loss = 0.0272
Epoch 92: Train Loss = 0.0532, Test Loss = 0.0289
Epoch 93: Train Loss = 0.0540, Test Loss = 0.0236
Epoch 94: Train Loss = 0.0549, Test Loss = 0.0274
Epoch 95: Train Loss = 0.0550, Test Loss = 0.0300
Epoch 96: Train Loss = 0.0537, Test Loss = 0.0312
Epoch 97: Train Loss = 0.0549, Test Loss = 0.0264
Epoch 98: Train Loss = 0.0565, Test Loss = 0.0227
Epoch 99: Train Loss = 0.0546, Test Loss = 0.0267
Epoch 100: Train Loss = 0.0534, Test Loss = 0.0226
Epoch 101: Train Loss = 0.0528, Test Loss = 0.0267
Epoch 102: Train Loss = 0.0551, Test Loss = 0.0290
Epoch 103: Train Loss = 0.0566, Test Loss = 0.0345
Epoch 104: Train Loss = 0.0578, Test Loss = 0.0266
Epoch 105: Train Loss = 0.0555, Test Loss = 0.0290
Epoch 106: Train Loss = 0.0570, Test Loss = 0.0253
Epoch 107: Train Loss = 0.0548, Test Loss = 0.0296
Epoch 108: Train Loss = 0.0554, Test Loss = 0.0292
Epoch 109: Train Loss = 0.0538, Test Loss = 0.0285
Epoch 110: Train Loss = 0.0557, Test Loss = 0.0272
Epoch 111: Train Loss = 0.0536, Test Loss = 0.0243
Epoch 112: Train Loss = 0.0536, Test Loss = 0.0252
Epoch 113: Train Loss = 0.0578, Test Loss = 0.0260
Epoch 114: Train Loss = 0.0576, Test Loss = 0.0263
Epoch 115: Train Loss = 0.0572, Test Loss = 0.0249
Epoch 116: Train Loss = 0.0580, Test Loss = 0.0274
Epoch 117: Train Loss = 0.0585, Test Loss = 0.0380
Epoch 118: Train Loss = 0.0580, Test Loss = 0.0320
Epoch 119: Train Loss = 0.0561, Test Loss = 0.0283
Epoch 120: Train Loss = 0.0555, Test Loss = 0.0289
Epoch 121: Train Loss = 0.0559, Test Loss = 0.0310
Epoch 122: Train Loss = 0.0538, Test Loss = 0.0222
Epoch 123: Train Loss = 0.0528, Test Loss = 0.0239
Epoch 124: Train Loss = 0.0553, Test Loss = 0.0262
Epoch 125: Train Loss = 0.0562, Test Loss = 0.0291
Epoch 126: Train Loss = 0.0544, Test Loss = 0.0242
Epoch 127: Train Loss = 0.0547, Test Loss = 0.0242
Epoch 128: Train Loss = 0.0691, Test Loss = 0.0315
Epoch 129: Train Loss = 0.1008, Test Loss = 0.0363
Epoch 130: Train Loss = 0.0700, Test Loss = 0.0265
Epoch 131: Train Loss = 0.0599, Test Loss = 0.0278
Epoch 132: Train Loss = 0.0564, Test Loss = 0.0292
Epoch 133: Train Loss = 0.0578, Test Loss = 0.0255
Epoch 134: Train Loss = 0.0569, Test Loss = 0.0268
Epoch 135: Train Loss = 0.0561, Test Loss = 0.0272
Epoch 136: Train Loss = 0.0559, Test Loss = 0.0227
Epoch 137: Train Loss = 0.0543, Test Loss = 0.0242
Epoch 138: Train Loss = 0.0536, Test Loss = 0.0260
Epoch 139: Train Loss = 0.0514, Test Loss = 0.0243
Epoch 140: Train Loss = 0.0548, Test Loss = 0.0222
Epoch 141: Train Loss = 0.0549, Test Loss = 0.0275
Epoch 142: Train Loss = 0.0556, Test Loss = 0.0226
Epoch 143: Train Loss = 0.0560, Test Loss = 0.0283
Epoch 144: Train Loss = 0.0576, Test Loss = 0.0255
Epoch 145: Train Loss = 0.0547, Test Loss = 0.0272
Epoch 146: Train Loss = 0.0571, Test Loss = 0.0268
Epoch 147: Train Loss = 0.0567, Test Loss = 0.0285
Epoch 148: Train Loss = 0.0543, Test Loss = 0.0303
Epoch 149: Train Loss = 0.0548, Test Loss = 0.0245
Epoch 150: Train Loss = 0.0518, Test Loss = 0.0240
Epoch 151: Train Loss = 0.0522, Test Loss = 0.0205
Epoch 152: Train Loss = 0.0526, Test Loss = 0.0256
Epoch 153: Train Loss = 0.0542, Test Loss = 0.0278
Epoch 154: Train Loss = 0.0540, Test Loss = 0.0245
Epoch 155: Train Loss = 0.0531, Test Loss = 0.0246
Epoch 156: Train Loss = 0.0548, Test Loss = 0.0225
Epoch 157: Train Loss = 0.0565, Test Loss = 0.0273
Epoch 158: Train Loss = 0.0590, Test Loss = 0.0273
Epoch 159: Train Loss = 0.0534, Test Loss = 0.0258
Epoch 160: Train Loss = 0.0536, Test Loss = 0.0271
Epoch 161: Train Loss = 0.0547, Test Loss = 0.0286
Epoch 162: Train Loss = 0.0546, Test Loss = 0.0252
Epoch 163: Train Loss = 0.0561, Test Loss = 0.0248
Epoch 164: Train Loss = 0.0665, Test Loss = 0.0351
Epoch 165: Train Loss = 0.0646, Test Loss = 0.0264
Epoch 166: Train Loss = 0.0581, Test Loss = 0.0276
Epoch 167: Train Loss = 0.0555, Test Loss = 0.0230
Epoch 168: Train Loss = 0.0532, Test Loss = 0.0222
Epoch 169: Train Loss = 0.0540, Test Loss = 0.0241
Epoch 170: Train Loss = 0.0546, Test Loss = 0.0243
Epoch 171: Train Loss = 0.0547, Test Loss = 0.0231
Epoch 172: Train Loss = 0.0540, Test Loss = 0.0266
Epoch 173: Train Loss = 0.0525, Test Loss = 0.0245
Epoch 174: Train Loss = 0.0544, Test Loss = 0.0267
Epoch 175: Train Loss = 0.0562, Test Loss = 0.0279
Epoch 176: Train Loss = 0.0540, Test Loss = 0.0216
Epoch 177: Train Loss = 0.0538, Test Loss = 0.0212
Epoch 178: Train Loss = 0.0552, Test Loss = 0.0228
Epoch 179: Train Loss = 0.0534, Test Loss = 0.0235
Epoch 180: Train Loss = 0.0521, Test Loss = 0.0245
Epoch 181: Train Loss = 0.0537, Test Loss = 0.0221
Epoch 182: Train Loss = 0.0549, Test Loss = 0.0239
Epoch 183: Train Loss = 0.0534, Test Loss = 0.0224
Epoch 184: Train Loss = 0.0536, Test Loss = 0.0237
Epoch 185: Train Loss = 0.0542, Test Loss = 0.0255
Epoch 186: Train Loss = 0.0545, Test Loss = 0.0270
Epoch 187: Train Loss = 0.0567, Test Loss = 0.0253
Epoch 188: Train Loss = 0.0549, Test Loss = 0.0250
Epoch 189: Train Loss = 0.0542, Test Loss = 0.0237
Epoch 190: Train Loss = 0.0533, Test Loss = 0.0220
Epoch 191: Train Loss = 0.0559, Test Loss = 0.0211
Epoch 192: Train Loss = 0.0529, Test Loss = 0.0233
Epoch 193: Train Loss = 0.0544, Test Loss = 0.0214
Epoch 194: Train Loss = 0.0536, Test Loss = 0.0226
Epoch 195: Train Loss = 0.0540, Test Loss = 0.0269
Epoch 196: Train Loss = 0.0546, Test Loss = 0.0247
Epoch 197: Train Loss = 0.0538, Test Loss = 0.0240
Epoch 198: Train Loss = 0.0555, Test Loss = 0.0242
Epoch 199: Train Loss = 0.0535, Test Loss = 0.0269
Epoch 200: Train Loss = 0.0534, Test Loss = 0.0212
Epoch 201: Train Loss = 0.0550, Test Loss = 0.0242
Epoch 202: Train Loss = 0.0544, Test Loss = 0.0270
Epoch 203: Train Loss = 0.0524, Test Loss = 0.0238
Epoch 204: Train Loss = 0.0531, Test Loss = 0.0260
Epoch 205: Train Loss = 0.0539, Test Loss = 0.0239
Epoch 206: Train Loss = 0.0532, Test Loss = 0.0236
Epoch 207: Train Loss = 0.0520, Test Loss = 0.0226
Epoch 208: Train Loss = 0.0530, Test Loss = 0.0209
Epoch 209: Train Loss = 0.0549, Test Loss = 0.0276
Epoch 210: Train Loss = 0.0553, Test Loss = 0.0237
Epoch 211: Train Loss = 0.0541, Test Loss = 0.0213
Epoch 212: Train Loss = 0.0530, Test Loss = 0.0219
Epoch 213: Train Loss = 0.0548, Test Loss = 0.0227
Epoch 214: Train Loss = 0.0536, Test Loss = 0.0236
Epoch 215: Train Loss = 0.0524, Test Loss = 0.0212
Epoch 216: Train Loss = 0.0518, Test Loss = 0.0214
Epoch 217: Train Loss = 0.0522, Test Loss = 0.0231
Epoch 218: Train Loss = 0.0538, Test Loss = 0.0264
Epoch 219: Train Loss = 0.0530, Test Loss = 0.0217
Epoch 220: Train Loss = 0.0546, Test Loss = 0.0271
Epoch 221: Train Loss = 0.0590, Test Loss = 0.0276
Epoch 222: Train Loss = 0.0627, Test Loss = 0.0284
Epoch 223: Train Loss = 0.0560, Test Loss = 0.0290
Epoch 224: Train Loss = 0.0570, Test Loss = 0.0266
Epoch 225: Train Loss = 0.0534, Test Loss = 0.0226
Epoch 226: Train Loss = 0.0531, Test Loss = 0.0256
Epoch 227: Train Loss = 0.0523, Test Loss = 0.0233
Epoch 228: Train Loss = 0.0518, Test Loss = 0.0225
Epoch 229: Train Loss = 0.0544, Test Loss = 0.0239
Epoch 230: Train Loss = 0.0540, Test Loss = 0.0223
Epoch 231: Train Loss = 0.0536, Test Loss = 0.0230
Epoch 232: Train Loss = 0.0529, Test Loss = 0.0222
Epoch 233: Train Loss = 0.0518, Test Loss = 0.0238
Epoch 234: Train Loss = 0.0522, Test Loss = 0.0225
Epoch 235: Train Loss = 0.0512, Test Loss = 0.0216
Epoch 236: Train Loss = 0.0543, Test Loss = 0.0249
Epoch 237: Train Loss = 0.0536, Test Loss = 0.0210
Epoch 238: Train Loss = 0.0541, Test Loss = 0.0269
Epoch 239: Train Loss = 0.0548, Test Loss = 0.0251
Epoch 240: Train Loss = 0.0522, Test Loss = 0.0225
Epoch 241: Train Loss = 0.0554, Test Loss = 0.0238
Epoch 242: Train Loss = 0.0530, Test Loss = 0.0231
Epoch 243: Train Loss = 0.0538, Test Loss = 0.0227
Epoch 244: Train Loss = 0.0533, Test Loss = 0.0243
Epoch 245: Train Loss = 0.0535, Test Loss = 0.0220
Epoch 246: Train Loss = 0.0516, Test Loss = 0.0234
Epoch 247: Train Loss = 0.0521, Test Loss = 0.0217
Epoch 248: Train Loss = 0.0526, Test Loss = 0.0237
Epoch 249: Train Loss = 0.0523, Test Loss = 0.0224
Epoch 250: Train Loss = 0.0537, Test Loss = 0.0225
Epoch 251: Train Loss = 0.0541, Test Loss = 0.0232
Epoch 252: Train Loss = 0.0544, Test Loss = 0.0238
Epoch 253: Train Loss = 0.0525, Test Loss = 0.0246
Epoch 254: Train Loss = 0.0561, Test Loss = 0.0267
Epoch 255: Train Loss = 0.0804, Test Loss = 0.0402
Epoch 256: Train Loss = 0.0651, Test Loss = 0.0207
Epoch 257: Train Loss = 0.0567, Test Loss = 0.0219
Epoch 258: Train Loss = 0.0553, Test Loss = 0.0252
Epoch 259: Train Loss = 0.0543, Test Loss = 0.0210
Epoch 260: Train Loss = 0.0511, Test Loss = 0.0207
Epoch 261: Train Loss = 0.0527, Test Loss = 0.0207
Epoch 262: Train Loss = 0.0525, Test Loss = 0.0218
Epoch 263: Train Loss = 0.0525, Test Loss = 0.0207
Epoch 264: Train Loss = 0.0519, Test Loss = 0.0203
Epoch 265: Train Loss = 0.0529, Test Loss = 0.0204
Epoch 266: Train Loss = 0.0541, Test Loss = 0.0226
Epoch 267: Train Loss = 0.0514, Test Loss = 0.0197
Epoch 268: Train Loss = 0.0520, Test Loss = 0.0222
Epoch 269: Train Loss = 0.0516, Test Loss = 0.0214
Epoch 270: Train Loss = 0.0525, Test Loss = 0.0222
Epoch 271: Train Loss = 0.0523, Test Loss = 0.0218
Epoch 272: Train Loss = 0.0517, Test Loss = 0.0230
Epoch 273: Train Loss = 0.0523, Test Loss = 0.0243
Epoch 274: Train Loss = 0.0525, Test Loss = 0.0201
Epoch 275: Train Loss = 0.0514, Test Loss = 0.0240
Epoch 276: Train Loss = 0.0525, Test Loss = 0.0208
Epoch 277: Train Loss = 0.0514, Test Loss = 0.0212
Epoch 278: Train Loss = 0.0517, Test Loss = 0.0226
Epoch 279: Train Loss = 0.0516, Test Loss = 0.0214
Epoch 280: Train Loss = 0.0514, Test Loss = 0.0211
Epoch 281: Train Loss = 0.0530, Test Loss = 0.0201
Epoch 282: Train Loss = 0.0531, Test Loss = 0.0227
Epoch 283: Train Loss = 0.0520, Test Loss = 0.0210
Epoch 284: Train Loss = 0.0518, Test Loss = 0.0216
Epoch 285: Train Loss = 0.0535, Test Loss = 0.0215
Epoch 286: Train Loss = 0.0530, Test Loss = 0.0224
Epoch 287: Train Loss = 0.0519, Test Loss = 0.0213
Epoch 288: Train Loss = 0.0528, Test Loss = 0.0215
Epoch 289: Train Loss = 0.0517, Test Loss = 0.0224
Epoch 290: Train Loss = 0.0515, Test Loss = 0.0229
Epoch 291: Train Loss = 0.0519, Test Loss = 0.0242
Epoch 292: Train Loss = 0.0525, Test Loss = 0.0214
Epoch 293: Train Loss = 0.0519, Test Loss = 0.0223
Epoch 294: Train Loss = 0.0528, Test Loss = 0.0252
Epoch 295: Train Loss = 0.0519, Test Loss = 0.0220
Epoch 296: Train Loss = 0.0522, Test Loss = 0.0224
Epoch 297: Train Loss = 0.0533, Test Loss = 0.0204
Epoch 298: Train Loss = 0.0527, Test Loss = 0.0227
Epoch 299: Train Loss = 0.0513, Test Loss = 0.0214
Epoch 300: Train Loss = 0.0544, Test Loss = 0.0243
Trial completed in 1887.53s with error: 0.0243
Trial completed!
