Running on host hal0046.amarel.rutgers.edu
Time is Thu Apr 24 15:08:34 EDT 2025
Directory is /home/elp95/tfa-predictor
SLURM job ID is 43168612
Starting trial...
Running trial with config: {'input_size': 3883, 'output_size': 214, 'hidden_sizes': [4096, 2048, 1024, 512], 'lr': 0.0025421410246629647, 'weight_decay': 1.4328141535811573e-05, 'batch_size': 32, 'max_epochs': 100, 'dropout_rate': 0.17031228473212, 'activation': 'elu', 'optimizer': 'adam', 'learning_rate_schedule': 'cosine', 'batch_norm': 'false'}
Using data directory: /cache/home/elp95/tfa-predictor/data
xprs_path: /cache/home/elp95/tfa-predictor/data/gene-xprs/processed/xprs-data.csv
tfa_path: /cache/home/elp95/tfa-predictor/data/tfa/processed/tfa-labels.csv
Epoch 1: Train Loss = 0.4492, Test Loss = 0.1173
Epoch 2: Train Loss = 0.2727, Test Loss = 0.0922
Epoch 3: Train Loss = 0.2143, Test Loss = 0.0863
Epoch 4: Train Loss = 0.1901, Test Loss = 0.0765
Epoch 5: Train Loss = 0.1761, Test Loss = 0.0923
Epoch 6: Train Loss = 0.1613, Test Loss = 0.0696
Epoch 7: Train Loss = 0.1464, Test Loss = 0.0626
Epoch 8: Train Loss = 0.1506, Test Loss = 0.0670
Epoch 9: Train Loss = 0.1506, Test Loss = 0.0817
Epoch 10: Train Loss = 0.1396, Test Loss = 0.0651
Epoch 11: Train Loss = 0.1341, Test Loss = 0.0679
Epoch 12: Train Loss = 0.1323, Test Loss = 0.0747
Epoch 13: Train Loss = 0.1491, Test Loss = 0.0694
Epoch 14: Train Loss = 0.1310, Test Loss = 0.0616
Epoch 15: Train Loss = 0.1278, Test Loss = 0.0716
Epoch 16: Train Loss = 0.1295, Test Loss = 0.0669
Epoch 17: Train Loss = 0.1213, Test Loss = 0.0645
Epoch 18: Train Loss = 0.1458, Test Loss = 0.0889
Epoch 19: Train Loss = 0.1594, Test Loss = 0.0609
Epoch 20: Train Loss = 0.1258, Test Loss = 0.0588
Epoch 21: Train Loss = 0.1318, Test Loss = 0.0668
Epoch 22: Train Loss = 0.1273, Test Loss = 0.0612
Epoch 23: Train Loss = 0.1185, Test Loss = 0.0618
Epoch 24: Train Loss = 0.1214, Test Loss = 0.0738
Epoch 25: Train Loss = 0.1315, Test Loss = 0.0597
Epoch 26: Train Loss = 0.1359, Test Loss = 0.0617
Epoch 27: Train Loss = 0.1349, Test Loss = 0.0671
Epoch 28: Train Loss = 0.1344, Test Loss = 0.0661
Epoch 29: Train Loss = 0.1184, Test Loss = 0.0760
Epoch 30: Train Loss = 0.1262, Test Loss = 0.0696
Epoch 31: Train Loss = 0.1183, Test Loss = 0.0762
Epoch 32: Train Loss = 0.1179, Test Loss = 0.0645
Epoch 33: Train Loss = 0.1170, Test Loss = 0.0586
Epoch 34: Train Loss = 0.1146, Test Loss = 0.0656
Epoch 35: Train Loss = 0.1415, Test Loss = 0.0792
Epoch 36: Train Loss = 0.1389, Test Loss = 0.0643
Epoch 37: Train Loss = 0.1194, Test Loss = 0.0598
Epoch 38: Train Loss = 0.1205, Test Loss = 0.0627
Epoch 39: Train Loss = 0.1196, Test Loss = 0.0633
Epoch 40: Train Loss = 0.1226, Test Loss = 0.0669
Epoch 41: Train Loss = 0.1207, Test Loss = 0.0573
Epoch 42: Train Loss = 0.1176, Test Loss = 0.0664
Epoch 43: Train Loss = 0.1147, Test Loss = 0.0632
Epoch 44: Train Loss = 0.1144, Test Loss = 0.0598
Epoch 45: Train Loss = 0.1211, Test Loss = 0.0606
Epoch 46: Train Loss = 0.1622, Test Loss = 0.0615
Epoch 47: Train Loss = 0.1335, Test Loss = 0.0622
Epoch 48: Train Loss = 0.1141, Test Loss = 0.0714
Epoch 49: Train Loss = 0.1118, Test Loss = 0.0675
Epoch 50: Train Loss = 0.1235, Test Loss = 0.0775
Epoch 51: Train Loss = 0.1371, Test Loss = 0.0629
Epoch 52: Train Loss = 0.1237, Test Loss = 0.0716
Epoch 53: Train Loss = 0.1169, Test Loss = 0.0610
Epoch 54: Train Loss = 0.1156, Test Loss = 0.0673
Epoch 55: Train Loss = 0.1276, Test Loss = 0.0586
Epoch 56: Train Loss = 0.1208, Test Loss = 0.0621
Epoch 57: Train Loss = 0.1178, Test Loss = 0.0628
Epoch 58: Train Loss = 0.1101, Test Loss = 0.0596
Epoch 59: Train Loss = 0.1138, Test Loss = 0.0782
Epoch 60: Train Loss = 0.1178, Test Loss = 0.0610
Epoch 61: Train Loss = 0.1131, Test Loss = 0.0663
Epoch 62: Train Loss = 0.1152, Test Loss = 0.0596
Epoch 63: Train Loss = 0.1280, Test Loss = 0.0826
Epoch 64: Train Loss = 0.1268, Test Loss = 0.0718
Epoch 65: Train Loss = 0.1181, Test Loss = 0.0628
Epoch 66: Train Loss = 0.1169, Test Loss = 0.0676
Epoch 67: Train Loss = 0.1172, Test Loss = 0.0541
Epoch 68: Train Loss = 0.1213, Test Loss = 0.0598
Epoch 69: Train Loss = 0.1153, Test Loss = 0.0603
Epoch 70: Train Loss = 0.1092, Test Loss = 0.0618
Epoch 71: Train Loss = 0.1178, Test Loss = 0.0584
Epoch 72: Train Loss = 0.1165, Test Loss = 0.0640
Epoch 73: Train Loss = 0.1124, Test Loss = 0.0624
Epoch 74: Train Loss = 0.1112, Test Loss = 0.0670
Epoch 75: Train Loss = 0.1219, Test Loss = 0.0601
Epoch 76: Train Loss = 0.1332, Test Loss = 0.0566
Epoch 77: Train Loss = 0.1345, Test Loss = 0.0807
Epoch 78: Train Loss = 0.1215, Test Loss = 0.0715
Epoch 79: Train Loss = 0.1168, Test Loss = 0.0581
Epoch 80: Train Loss = 0.1145, Test Loss = 0.0614
Epoch 81: Train Loss = 0.1107, Test Loss = 0.0653
Epoch 82: Train Loss = 0.1258, Test Loss = 0.0601
Epoch 83: Train Loss = 0.1431, Test Loss = 0.0750
Epoch 84: Train Loss = 0.1311, Test Loss = 0.0614
Epoch 85: Train Loss = 0.1203, Test Loss = 0.0588
Epoch 86: Train Loss = 0.1137, Test Loss = 0.0639
Epoch 87: Train Loss = 0.1157, Test Loss = 0.0777
Epoch 88: Train Loss = 0.1124, Test Loss = 0.0621
Epoch 89: Train Loss = 0.1171, Test Loss = 0.0546
Epoch 90: Train Loss = 0.1167, Test Loss = 0.0571
Epoch 91: Train Loss = 0.1134, Test Loss = 0.0628
Epoch 92: Train Loss = 0.1111, Test Loss = 0.0860
Epoch 93: Train Loss = 0.1087, Test Loss = 0.0620
Epoch 94: Train Loss = 0.1109, Test Loss = 0.0566
Epoch 95: Train Loss = 0.1054, Test Loss = 0.0536
Epoch 96: Train Loss = 0.1053, Test Loss = 0.0500
Epoch 97: Train Loss = 0.1098, Test Loss = 0.0628
Epoch 98: Train Loss = 0.1125, Test Loss = 0.0916
Epoch 99: Train Loss = 0.2020, Test Loss = 0.0657
Epoch 100: Train Loss = 0.1539, Test Loss = 0.0659
Trial completed in 880.05s with error: 0.0659
Trial completed!
