Running on host slepner086.amarel.rutgers.edu
Time is Thu Apr 24 15:22:38 EDT 2025
Directory is /home/elp95/tfa-predictor
SLURM job ID is 43168729
Starting trial...
Running trial with config: {'input_size': 3883, 'output_size': 214, 'hidden_sizes': [4096, 2048, 1024, 512], 'lr': 6.564841006091353e-05, 'weight_decay': 6.964494003285597e-06, 'batch_size': 128, 'max_epochs': 200, 'dropout_rate': 0.1678300323984816, 'activation': 'leaky_relu', 'optimizer': 'rmsprop', 'learning_rate_schedule': 'exponential', 'batch_norm': 'false'}
Using data directory: /cache/home/elp95/tfa-predictor/data
xprs_path: /cache/home/elp95/tfa-predictor/data/gene-xprs/processed/xprs-data.csv
tfa_path: /cache/home/elp95/tfa-predictor/data/tfa/processed/tfa-labels.csv
Epoch 1: Train Loss = 0.9564, Test Loss = 0.3924
Epoch 2: Train Loss = 0.5212, Test Loss = 0.1614
Epoch 3: Train Loss = 0.3813, Test Loss = 0.1109
Epoch 4: Train Loss = 0.3257, Test Loss = 0.0867
Epoch 5: Train Loss = 0.2947, Test Loss = 0.0720
Epoch 6: Train Loss = 0.2724, Test Loss = 0.0613
Epoch 7: Train Loss = 0.2592, Test Loss = 0.0548
Epoch 8: Train Loss = 0.2461, Test Loss = 0.0491
Epoch 9: Train Loss = 0.2361, Test Loss = 0.0446
Epoch 10: Train Loss = 0.2279, Test Loss = 0.0418
Epoch 11: Train Loss = 0.2226, Test Loss = 0.0395
Epoch 12: Train Loss = 0.2156, Test Loss = 0.0373
Epoch 13: Train Loss = 0.2102, Test Loss = 0.0351
Epoch 14: Train Loss = 0.2033, Test Loss = 0.0334
Epoch 15: Train Loss = 0.2000, Test Loss = 0.0325
Epoch 16: Train Loss = 0.1953, Test Loss = 0.0304
Epoch 17: Train Loss = 0.1902, Test Loss = 0.0300
Epoch 18: Train Loss = 0.1866, Test Loss = 0.0276
Epoch 19: Train Loss = 0.1814, Test Loss = 0.0271
Epoch 20: Train Loss = 0.1809, Test Loss = 0.0264
Epoch 21: Train Loss = 0.1763, Test Loss = 0.0267
Epoch 22: Train Loss = 0.1735, Test Loss = 0.0251
Epoch 23: Train Loss = 0.1689, Test Loss = 0.0238
Epoch 24: Train Loss = 0.1672, Test Loss = 0.0238
Epoch 25: Train Loss = 0.1633, Test Loss = 0.0227
Epoch 26: Train Loss = 0.1609, Test Loss = 0.0223
Epoch 27: Train Loss = 0.1575, Test Loss = 0.0224
Epoch 28: Train Loss = 0.1552, Test Loss = 0.0218
Epoch 29: Train Loss = 0.1521, Test Loss = 0.0208
Epoch 30: Train Loss = 0.1513, Test Loss = 0.0201
Epoch 31: Train Loss = 0.1474, Test Loss = 0.0204
Epoch 32: Train Loss = 0.1469, Test Loss = 0.0205
Epoch 33: Train Loss = 0.1435, Test Loss = 0.0197
Epoch 34: Train Loss = 0.1410, Test Loss = 0.0201
Epoch 35: Train Loss = 0.1403, Test Loss = 0.0189
Epoch 36: Train Loss = 0.1366, Test Loss = 0.0179
Epoch 37: Train Loss = 0.1352, Test Loss = 0.0186
Epoch 38: Train Loss = 0.1326, Test Loss = 0.0185
Epoch 39: Train Loss = 0.1312, Test Loss = 0.0175
Epoch 40: Train Loss = 0.1302, Test Loss = 0.0172
Epoch 41: Train Loss = 0.1282, Test Loss = 0.0181
Epoch 42: Train Loss = 0.1264, Test Loss = 0.0174
Epoch 43: Train Loss = 0.1245, Test Loss = 0.0167
Epoch 44: Train Loss = 0.1226, Test Loss = 0.0167
Epoch 45: Train Loss = 0.1197, Test Loss = 0.0169
Epoch 46: Train Loss = 0.1191, Test Loss = 0.0160
Epoch 47: Train Loss = 0.1187, Test Loss = 0.0173
Epoch 48: Train Loss = 0.1169, Test Loss = 0.0169
Epoch 49: Train Loss = 0.1132, Test Loss = 0.0152
Epoch 50: Train Loss = 0.1120, Test Loss = 0.0165
Epoch 51: Train Loss = 0.1111, Test Loss = 0.0158
Epoch 52: Train Loss = 0.1103, Test Loss = 0.0156
Epoch 53: Train Loss = 0.1088, Test Loss = 0.0153
Epoch 54: Train Loss = 0.1069, Test Loss = 0.0150
Epoch 55: Train Loss = 0.1052, Test Loss = 0.0146
Epoch 56: Train Loss = 0.1054, Test Loss = 0.0151
Epoch 57: Train Loss = 0.1036, Test Loss = 0.0147
Epoch 58: Train Loss = 0.1016, Test Loss = 0.0147
Epoch 59: Train Loss = 0.0999, Test Loss = 0.0148
Epoch 60: Train Loss = 0.1010, Test Loss = 0.0145
Epoch 61: Train Loss = 0.0987, Test Loss = 0.0139
Epoch 62: Train Loss = 0.0962, Test Loss = 0.0145
Epoch 63: Train Loss = 0.0957, Test Loss = 0.0145
Epoch 64: Train Loss = 0.0939, Test Loss = 0.0133
Epoch 65: Train Loss = 0.0931, Test Loss = 0.0138
Epoch 66: Train Loss = 0.0917, Test Loss = 0.0146
Epoch 67: Train Loss = 0.0913, Test Loss = 0.0141
Epoch 68: Train Loss = 0.0901, Test Loss = 0.0138
Epoch 69: Train Loss = 0.0895, Test Loss = 0.0135
Epoch 70: Train Loss = 0.0884, Test Loss = 0.0145
Epoch 71: Train Loss = 0.0873, Test Loss = 0.0136
Epoch 72: Train Loss = 0.0855, Test Loss = 0.0132
Epoch 73: Train Loss = 0.0843, Test Loss = 0.0135
Epoch 74: Train Loss = 0.0840, Test Loss = 0.0131
Epoch 75: Train Loss = 0.0825, Test Loss = 0.0145
Epoch 76: Train Loss = 0.0825, Test Loss = 0.0133
Epoch 77: Train Loss = 0.0807, Test Loss = 0.0124
Epoch 78: Train Loss = 0.0798, Test Loss = 0.0126
Epoch 79: Train Loss = 0.0786, Test Loss = 0.0129
Epoch 80: Train Loss = 0.0778, Test Loss = 0.0126
Epoch 81: Train Loss = 0.0771, Test Loss = 0.0129
Epoch 82: Train Loss = 0.0763, Test Loss = 0.0129
Epoch 83: Train Loss = 0.0756, Test Loss = 0.0131
Epoch 84: Train Loss = 0.0746, Test Loss = 0.0127
Epoch 85: Train Loss = 0.0740, Test Loss = 0.0125
Epoch 86: Train Loss = 0.0725, Test Loss = 0.0124
Epoch 87: Train Loss = 0.0722, Test Loss = 0.0124
Epoch 88: Train Loss = 0.0714, Test Loss = 0.0126
Epoch 89: Train Loss = 0.0709, Test Loss = 0.0131
Epoch 90: Train Loss = 0.0705, Test Loss = 0.0134
Epoch 91: Train Loss = 0.0687, Test Loss = 0.0117
Epoch 92: Train Loss = 0.0681, Test Loss = 0.0126
Epoch 93: Train Loss = 0.0678, Test Loss = 0.0119
Epoch 94: Train Loss = 0.0667, Test Loss = 0.0126
Epoch 95: Train Loss = 0.0655, Test Loss = 0.0117
Epoch 96: Train Loss = 0.0657, Test Loss = 0.0117
Epoch 97: Train Loss = 0.0651, Test Loss = 0.0120
Epoch 98: Train Loss = 0.0638, Test Loss = 0.0122
Epoch 99: Train Loss = 0.0640, Test Loss = 0.0126
Epoch 100: Train Loss = 0.0631, Test Loss = 0.0112
Epoch 101: Train Loss = 0.0622, Test Loss = 0.0116
Epoch 102: Train Loss = 0.0613, Test Loss = 0.0122
Epoch 103: Train Loss = 0.0601, Test Loss = 0.0119
Epoch 104: Train Loss = 0.0605, Test Loss = 0.0115
Epoch 105: Train Loss = 0.0599, Test Loss = 0.0122
Epoch 106: Train Loss = 0.0593, Test Loss = 0.0119
Epoch 107: Train Loss = 0.0583, Test Loss = 0.0117
Epoch 108: Train Loss = 0.0588, Test Loss = 0.0114
Epoch 109: Train Loss = 0.0572, Test Loss = 0.0119
Epoch 110: Train Loss = 0.0570, Test Loss = 0.0114
Epoch 111: Train Loss = 0.0570, Test Loss = 0.0105
Epoch 112: Train Loss = 0.0567, Test Loss = 0.0113
Epoch 113: Train Loss = 0.0554, Test Loss = 0.0122
Epoch 114: Train Loss = 0.0552, Test Loss = 0.0115
Epoch 115: Train Loss = 0.0543, Test Loss = 0.0122
Epoch 116: Train Loss = 0.0537, Test Loss = 0.0111
Epoch 117: Train Loss = 0.0536, Test Loss = 0.0117
Epoch 118: Train Loss = 0.0527, Test Loss = 0.0121
Epoch 119: Train Loss = 0.0529, Test Loss = 0.0112
Epoch 120: Train Loss = 0.0518, Test Loss = 0.0103
Epoch 121: Train Loss = 0.0521, Test Loss = 0.0111
Epoch 122: Train Loss = 0.0519, Test Loss = 0.0111
Epoch 123: Train Loss = 0.0509, Test Loss = 0.0103
Epoch 124: Train Loss = 0.0497, Test Loss = 0.0104
Epoch 125: Train Loss = 0.0500, Test Loss = 0.0104
Epoch 126: Train Loss = 0.0503, Test Loss = 0.0114
Epoch 127: Train Loss = 0.0496, Test Loss = 0.0112
Epoch 128: Train Loss = 0.0490, Test Loss = 0.0104
Epoch 129: Train Loss = 0.0486, Test Loss = 0.0107
Epoch 130: Train Loss = 0.0483, Test Loss = 0.0114
Epoch 131: Train Loss = 0.0478, Test Loss = 0.0119
Epoch 132: Train Loss = 0.0474, Test Loss = 0.0109
Epoch 133: Train Loss = 0.0471, Test Loss = 0.0119
Epoch 134: Train Loss = 0.0469, Test Loss = 0.0106
Epoch 135: Train Loss = 0.0462, Test Loss = 0.0106
Epoch 136: Train Loss = 0.0463, Test Loss = 0.0106
Epoch 137: Train Loss = 0.0455, Test Loss = 0.0116
Epoch 138: Train Loss = 0.0452, Test Loss = 0.0112
Epoch 139: Train Loss = 0.0457, Test Loss = 0.0114
Epoch 140: Train Loss = 0.0449, Test Loss = 0.0106
Epoch 141: Train Loss = 0.0438, Test Loss = 0.0103
Epoch 142: Train Loss = 0.0438, Test Loss = 0.0108
Epoch 143: Train Loss = 0.0436, Test Loss = 0.0107
Epoch 144: Train Loss = 0.0437, Test Loss = 0.0113
Epoch 145: Train Loss = 0.0427, Test Loss = 0.0117
Epoch 146: Train Loss = 0.0427, Test Loss = 0.0110
Epoch 147: Train Loss = 0.0429, Test Loss = 0.0105
Epoch 148: Train Loss = 0.0425, Test Loss = 0.0104
Epoch 149: Train Loss = 0.0414, Test Loss = 0.0104
Epoch 150: Train Loss = 0.0409, Test Loss = 0.0105
Epoch 151: Train Loss = 0.0416, Test Loss = 0.0111
Epoch 152: Train Loss = 0.0410, Test Loss = 0.0112
Epoch 153: Train Loss = 0.0412, Test Loss = 0.0114
Epoch 154: Train Loss = 0.0411, Test Loss = 0.0114
Epoch 155: Train Loss = 0.0410, Test Loss = 0.0107
Epoch 156: Train Loss = 0.0408, Test Loss = 0.0101
Epoch 157: Train Loss = 0.0403, Test Loss = 0.0106
Epoch 158: Train Loss = 0.0406, Test Loss = 0.0108
Epoch 159: Train Loss = 0.0399, Test Loss = 0.0105
Epoch 160: Train Loss = 0.0397, Test Loss = 0.0106
Epoch 161: Train Loss = 0.0401, Test Loss = 0.0109
Epoch 162: Train Loss = 0.0388, Test Loss = 0.0095
Epoch 163: Train Loss = 0.0389, Test Loss = 0.0104
Epoch 164: Train Loss = 0.0384, Test Loss = 0.0102
Epoch 165: Train Loss = 0.0386, Test Loss = 0.0099
Epoch 166: Train Loss = 0.0386, Test Loss = 0.0115
Epoch 167: Train Loss = 0.0392, Test Loss = 0.0105
Epoch 168: Train Loss = 0.0384, Test Loss = 0.0112
Epoch 169: Train Loss = 0.0382, Test Loss = 0.0108
Epoch 170: Train Loss = 0.0380, Test Loss = 0.0112
Epoch 171: Train Loss = 0.0381, Test Loss = 0.0107
Epoch 172: Train Loss = 0.0374, Test Loss = 0.0100
Epoch 173: Train Loss = 0.0373, Test Loss = 0.0102
Epoch 174: Train Loss = 0.0371, Test Loss = 0.0098
Epoch 175: Train Loss = 0.0372, Test Loss = 0.0104
Epoch 176: Train Loss = 0.0369, Test Loss = 0.0108
Epoch 177: Train Loss = 0.0365, Test Loss = 0.0100
Epoch 178: Train Loss = 0.0366, Test Loss = 0.0097
Epoch 179: Train Loss = 0.0361, Test Loss = 0.0102
Epoch 180: Train Loss = 0.0359, Test Loss = 0.0107
Epoch 181: Train Loss = 0.0364, Test Loss = 0.0106
Epoch 182: Train Loss = 0.0354, Test Loss = 0.0107
Epoch 183: Train Loss = 0.0360, Test Loss = 0.0110
Epoch 184: Train Loss = 0.0354, Test Loss = 0.0109
Epoch 185: Train Loss = 0.0357, Test Loss = 0.0105
Epoch 186: Train Loss = 0.0350, Test Loss = 0.0104
Epoch 187: Train Loss = 0.0353, Test Loss = 0.0099
Epoch 188: Train Loss = 0.0355, Test Loss = 0.0105
Epoch 189: Train Loss = 0.0349, Test Loss = 0.0101
Epoch 190: Train Loss = 0.0349, Test Loss = 0.0103
Epoch 191: Train Loss = 0.0346, Test Loss = 0.0100
Epoch 192: Train Loss = 0.0345, Test Loss = 0.0097
Epoch 193: Train Loss = 0.0341, Test Loss = 0.0102
Epoch 194: Train Loss = 0.0343, Test Loss = 0.0116
Epoch 195: Train Loss = 0.0336, Test Loss = 0.0101
Epoch 196: Train Loss = 0.0331, Test Loss = 0.0097
Epoch 197: Train Loss = 0.0343, Test Loss = 0.0103
Epoch 198: Train Loss = 0.0334, Test Loss = 0.0103
Epoch 199: Train Loss = 0.0341, Test Loss = 0.0097
Epoch 200: Train Loss = 0.0347, Test Loss = 0.0099
Trial completed in 740.81s with error: 0.0099
Trial completed!
