Running on host hal0025.amarel.rutgers.edu
Time is Thu Apr 24 15:13:14 EDT 2025
Directory is /home/elp95/tfa-predictor
SLURM job ID is 43168650
Starting trial...
Running trial with config: {'input_size': 3883, 'output_size': 214, 'hidden_sizes': [2048, 1024, 512], 'lr': 6.987955015716723e-05, 'weight_decay': 0.00016259480681891792, 'batch_size': 256, 'max_epochs': 150, 'dropout_rate': 0.35291574193934727, 'activation': 'elu', 'optimizer': 'rmsprop', 'learning_rate_schedule': 'none', 'batch_norm': 'false'}
Using data directory: /cache/home/elp95/tfa-predictor/data
xprs_path: /cache/home/elp95/tfa-predictor/data/gene-xprs/processed/xprs-data.csv
tfa_path: /cache/home/elp95/tfa-predictor/data/tfa/processed/tfa-labels.csv
Epoch 1: Train Loss = 1.0419, Test Loss = 0.6263
Epoch 2: Train Loss = 0.6295, Test Loss = 0.2846
Epoch 3: Train Loss = 0.4656, Test Loss = 0.1690
Epoch 4: Train Loss = 0.3810, Test Loss = 0.1258
Epoch 5: Train Loss = 0.3328, Test Loss = 0.1013
Epoch 6: Train Loss = 0.3015, Test Loss = 0.0858
Epoch 7: Train Loss = 0.2818, Test Loss = 0.0742
Epoch 8: Train Loss = 0.2635, Test Loss = 0.0659
Epoch 9: Train Loss = 0.2556, Test Loss = 0.0590
Epoch 10: Train Loss = 0.2459, Test Loss = 0.0536
Epoch 11: Train Loss = 0.2359, Test Loss = 0.0497
Epoch 12: Train Loss = 0.2302, Test Loss = 0.0461
Epoch 13: Train Loss = 0.2235, Test Loss = 0.0436
Epoch 14: Train Loss = 0.2186, Test Loss = 0.0420
Epoch 15: Train Loss = 0.2126, Test Loss = 0.0392
Epoch 16: Train Loss = 0.2088, Test Loss = 0.0372
Epoch 17: Train Loss = 0.2071, Test Loss = 0.0358
Epoch 18: Train Loss = 0.2010, Test Loss = 0.0340
Epoch 19: Train Loss = 0.1988, Test Loss = 0.0326
Epoch 20: Train Loss = 0.1944, Test Loss = 0.0312
Epoch 21: Train Loss = 0.1926, Test Loss = 0.0304
Epoch 22: Train Loss = 0.1863, Test Loss = 0.0296
Epoch 23: Train Loss = 0.1842, Test Loss = 0.0288
Epoch 24: Train Loss = 0.1813, Test Loss = 0.0279
Epoch 25: Train Loss = 0.1769, Test Loss = 0.0267
Epoch 26: Train Loss = 0.1769, Test Loss = 0.0257
Epoch 27: Train Loss = 0.1747, Test Loss = 0.0254
Epoch 28: Train Loss = 0.1711, Test Loss = 0.0251
Epoch 29: Train Loss = 0.1684, Test Loss = 0.0239
Epoch 30: Train Loss = 0.1669, Test Loss = 0.0242
Epoch 31: Train Loss = 0.1640, Test Loss = 0.0233
Epoch 32: Train Loss = 0.1628, Test Loss = 0.0229
Epoch 33: Train Loss = 0.1595, Test Loss = 0.0229
Epoch 34: Train Loss = 0.1562, Test Loss = 0.0216
Epoch 35: Train Loss = 0.1553, Test Loss = 0.0215
Epoch 36: Train Loss = 0.1544, Test Loss = 0.0205
Epoch 37: Train Loss = 0.1518, Test Loss = 0.0207
Epoch 38: Train Loss = 0.1506, Test Loss = 0.0199
Epoch 39: Train Loss = 0.1490, Test Loss = 0.0195
Epoch 40: Train Loss = 0.1471, Test Loss = 0.0199
Epoch 41: Train Loss = 0.1454, Test Loss = 0.0199
Epoch 42: Train Loss = 0.1431, Test Loss = 0.0193
Epoch 43: Train Loss = 0.1410, Test Loss = 0.0182
Epoch 44: Train Loss = 0.1397, Test Loss = 0.0193
Epoch 45: Train Loss = 0.1384, Test Loss = 0.0183
Epoch 46: Train Loss = 0.1382, Test Loss = 0.0174
Epoch 47: Train Loss = 0.1357, Test Loss = 0.0183
Epoch 48: Train Loss = 0.1333, Test Loss = 0.0173
Epoch 49: Train Loss = 0.1334, Test Loss = 0.0175
Epoch 50: Train Loss = 0.1315, Test Loss = 0.0175
Epoch 51: Train Loss = 0.1288, Test Loss = 0.0169
Epoch 52: Train Loss = 0.1280, Test Loss = 0.0170
Epoch 53: Train Loss = 0.1263, Test Loss = 0.0169
Epoch 54: Train Loss = 0.1265, Test Loss = 0.0162
Epoch 55: Train Loss = 0.1239, Test Loss = 0.0161
Epoch 56: Train Loss = 0.1230, Test Loss = 0.0154
Epoch 57: Train Loss = 0.1205, Test Loss = 0.0156
Epoch 58: Train Loss = 0.1211, Test Loss = 0.0155
Epoch 59: Train Loss = 0.1203, Test Loss = 0.0156
Epoch 60: Train Loss = 0.1176, Test Loss = 0.0154
Epoch 61: Train Loss = 0.1168, Test Loss = 0.0149
Epoch 62: Train Loss = 0.1149, Test Loss = 0.0155
Epoch 63: Train Loss = 0.1161, Test Loss = 0.0148
Epoch 64: Train Loss = 0.1140, Test Loss = 0.0148
Epoch 65: Train Loss = 0.1121, Test Loss = 0.0151
Epoch 66: Train Loss = 0.1107, Test Loss = 0.0141
Epoch 67: Train Loss = 0.1108, Test Loss = 0.0138
Epoch 68: Train Loss = 0.1085, Test Loss = 0.0146
Epoch 69: Train Loss = 0.1075, Test Loss = 0.0138
Epoch 70: Train Loss = 0.1069, Test Loss = 0.0138
Epoch 71: Train Loss = 0.1064, Test Loss = 0.0137
Epoch 72: Train Loss = 0.1050, Test Loss = 0.0143
Epoch 73: Train Loss = 0.1033, Test Loss = 0.0139
Epoch 74: Train Loss = 0.1021, Test Loss = 0.0129
Epoch 75: Train Loss = 0.1025, Test Loss = 0.0135
Epoch 76: Train Loss = 0.1019, Test Loss = 0.0135
Epoch 77: Train Loss = 0.1004, Test Loss = 0.0132
Epoch 78: Train Loss = 0.0993, Test Loss = 0.0128
Epoch 79: Train Loss = 0.0972, Test Loss = 0.0130
Epoch 80: Train Loss = 0.0969, Test Loss = 0.0128
Epoch 81: Train Loss = 0.0970, Test Loss = 0.0127
Epoch 82: Train Loss = 0.0965, Test Loss = 0.0137
Epoch 83: Train Loss = 0.0948, Test Loss = 0.0122
Epoch 84: Train Loss = 0.0942, Test Loss = 0.0129
Epoch 85: Train Loss = 0.0933, Test Loss = 0.0126
Epoch 86: Train Loss = 0.0907, Test Loss = 0.0127
Epoch 87: Train Loss = 0.0918, Test Loss = 0.0122
Epoch 88: Train Loss = 0.0910, Test Loss = 0.0125
Epoch 89: Train Loss = 0.0895, Test Loss = 0.0121
Epoch 90: Train Loss = 0.0899, Test Loss = 0.0118
Epoch 91: Train Loss = 0.0881, Test Loss = 0.0126
Epoch 92: Train Loss = 0.0868, Test Loss = 0.0117
Epoch 93: Train Loss = 0.0855, Test Loss = 0.0121
Epoch 94: Train Loss = 0.0854, Test Loss = 0.0123
Epoch 95: Train Loss = 0.0863, Test Loss = 0.0119
Epoch 96: Train Loss = 0.0844, Test Loss = 0.0132
Epoch 97: Train Loss = 0.0839, Test Loss = 0.0114
Epoch 98: Train Loss = 0.0825, Test Loss = 0.0128
Epoch 99: Train Loss = 0.0810, Test Loss = 0.0116
Epoch 100: Train Loss = 0.0812, Test Loss = 0.0114
Epoch 101: Train Loss = 0.0804, Test Loss = 0.0111
Epoch 102: Train Loss = 0.0797, Test Loss = 0.0117
Epoch 103: Train Loss = 0.0782, Test Loss = 0.0116
Epoch 104: Train Loss = 0.0780, Test Loss = 0.0110
Epoch 105: Train Loss = 0.0775, Test Loss = 0.0120
Epoch 106: Train Loss = 0.0765, Test Loss = 0.0110
Epoch 107: Train Loss = 0.0761, Test Loss = 0.0111
Epoch 108: Train Loss = 0.0757, Test Loss = 0.0107
Epoch 109: Train Loss = 0.0746, Test Loss = 0.0112
Epoch 110: Train Loss = 0.0728, Test Loss = 0.0122
Epoch 111: Train Loss = 0.0734, Test Loss = 0.0105
Epoch 112: Train Loss = 0.0731, Test Loss = 0.0101
Epoch 113: Train Loss = 0.0717, Test Loss = 0.0115
Epoch 114: Train Loss = 0.0713, Test Loss = 0.0103
Epoch 115: Train Loss = 0.0711, Test Loss = 0.0112
Epoch 116: Train Loss = 0.0707, Test Loss = 0.0105
Epoch 117: Train Loss = 0.0701, Test Loss = 0.0102
Epoch 118: Train Loss = 0.0694, Test Loss = 0.0108
Epoch 119: Train Loss = 0.0681, Test Loss = 0.0104
Epoch 120: Train Loss = 0.0680, Test Loss = 0.0119
Epoch 121: Train Loss = 0.0664, Test Loss = 0.0105
Epoch 122: Train Loss = 0.0672, Test Loss = 0.0101
Epoch 123: Train Loss = 0.0663, Test Loss = 0.0103
Epoch 124: Train Loss = 0.0666, Test Loss = 0.0097
Epoch 125: Train Loss = 0.0649, Test Loss = 0.0108
Epoch 126: Train Loss = 0.0659, Test Loss = 0.0100
Epoch 127: Train Loss = 0.0646, Test Loss = 0.0109
Epoch 128: Train Loss = 0.0644, Test Loss = 0.0100
Epoch 129: Train Loss = 0.0646, Test Loss = 0.0109
Epoch 130: Train Loss = 0.0639, Test Loss = 0.0103
Epoch 131: Train Loss = 0.0627, Test Loss = 0.0109
Epoch 132: Train Loss = 0.0615, Test Loss = 0.0096
Epoch 133: Train Loss = 0.0615, Test Loss = 0.0101
Epoch 134: Train Loss = 0.0600, Test Loss = 0.0101
Epoch 135: Train Loss = 0.0600, Test Loss = 0.0105
Epoch 136: Train Loss = 0.0588, Test Loss = 0.0102
Epoch 137: Train Loss = 0.0590, Test Loss = 0.0100
Epoch 138: Train Loss = 0.0585, Test Loss = 0.0094
Epoch 139: Train Loss = 0.0581, Test Loss = 0.0102
Epoch 140: Train Loss = 0.0575, Test Loss = 0.0100
Epoch 141: Train Loss = 0.0578, Test Loss = 0.0101
Epoch 142: Train Loss = 0.0566, Test Loss = 0.0098
Epoch 143: Train Loss = 0.0559, Test Loss = 0.0095
Epoch 144: Train Loss = 0.0555, Test Loss = 0.0099
Epoch 145: Train Loss = 0.0552, Test Loss = 0.0100
Epoch 146: Train Loss = 0.0553, Test Loss = 0.0095
Epoch 147: Train Loss = 0.0545, Test Loss = 0.0094
Epoch 148: Train Loss = 0.0544, Test Loss = 0.0098
Epoch 149: Train Loss = 0.0541, Test Loss = 0.0101
Epoch 150: Train Loss = 0.0529, Test Loss = 0.0096
Trial completed in 183.06s with error: 0.0096
Trial completed!
