Running on host hal0082.amarel.rutgers.edu
Time is Thu Apr 24 14:46:54 EDT 2025
Directory is /home/elp95/tfa-predictor
SLURM job ID is 43168424
Starting trial...
Running trial with config: {'input_size': 3883, 'output_size': 214, 'hidden_sizes': [1024, 256], 'lr': 0.0014163966628908658, 'weight_decay': 1.627453217168502e-05, 'batch_size': 16, 'max_epochs': 100, 'dropout_rate': 0.4812236474710556, 'activation': 'leaky_relu', 'optimizer': 'sgd_momentum', 'learning_rate_schedule': 'step', 'batch_norm': 'true'}
Using data directory: /cache/home/elp95/tfa-predictor/data
xprs_path: /cache/home/elp95/tfa-predictor/data/gene-xprs/processed/xprs-data.csv
tfa_path: /cache/home/elp95/tfa-predictor/data/tfa/processed/tfa-labels.csv
Epoch 1: Train Loss = 0.3849, Test Loss = 0.0663
Epoch 2: Train Loss = 0.2339, Test Loss = 0.0563
Epoch 3: Train Loss = 0.1964, Test Loss = 0.0518
Epoch 4: Train Loss = 0.1786, Test Loss = 0.0593
Epoch 5: Train Loss = 0.1692, Test Loss = 0.0451
Epoch 6: Train Loss = 0.1626, Test Loss = 0.0452
Epoch 7: Train Loss = 0.1602, Test Loss = 0.0527
Epoch 8: Train Loss = 0.1576, Test Loss = 0.0506
Epoch 9: Train Loss = 0.1543, Test Loss = 0.0561
Epoch 10: Train Loss = 0.1546, Test Loss = 0.0501
Epoch 11: Train Loss = 0.1544, Test Loss = 0.0472
Epoch 12: Train Loss = 0.1516, Test Loss = 0.0452
Epoch 13: Train Loss = 0.1477, Test Loss = 0.0447
Epoch 14: Train Loss = 0.1489, Test Loss = 0.0501
Epoch 15: Train Loss = 0.1485, Test Loss = 0.0434
Epoch 16: Train Loss = 0.1517, Test Loss = 0.0499
Epoch 17: Train Loss = 0.1439, Test Loss = 0.0463
Epoch 18: Train Loss = 0.1497, Test Loss = 0.0485
Epoch 19: Train Loss = 0.1495, Test Loss = 0.0532
Epoch 20: Train Loss = 0.1501, Test Loss = 0.0418
Epoch 21: Train Loss = 0.1483, Test Loss = 0.0486
Epoch 22: Train Loss = 0.1491, Test Loss = 0.0593
Epoch 23: Train Loss = 0.1476, Test Loss = 0.0554
Epoch 24: Train Loss = 0.1447, Test Loss = 0.0497
Epoch 25: Train Loss = 0.1430, Test Loss = 0.0429
Epoch 26: Train Loss = 0.1484, Test Loss = 0.0493
Epoch 27: Train Loss = 0.1444, Test Loss = 0.0510
Epoch 28: Train Loss = 0.1437, Test Loss = 0.0493
Epoch 29: Train Loss = 0.1473, Test Loss = 0.0456
Epoch 30: Train Loss = 0.1455, Test Loss = 0.0426
Epoch 31: Train Loss = 0.1479, Test Loss = 0.0565
Epoch 32: Train Loss = 0.1459, Test Loss = 0.0516
Epoch 33: Train Loss = 0.1486, Test Loss = 0.0509
Epoch 34: Train Loss = 0.1437, Test Loss = 0.0488
Epoch 35: Train Loss = 0.1494, Test Loss = 0.0669
Epoch 36: Train Loss = 0.1456, Test Loss = 0.0478
Epoch 37: Train Loss = 0.1438, Test Loss = 0.0452
Epoch 38: Train Loss = 0.1437, Test Loss = 0.0520
Epoch 39: Train Loss = 0.1491, Test Loss = 0.0407
Epoch 40: Train Loss = 0.1481, Test Loss = 0.0449
Epoch 41: Train Loss = 0.1468, Test Loss = 0.0524
Epoch 42: Train Loss = 0.1435, Test Loss = 0.0468
Epoch 43: Train Loss = 0.1435, Test Loss = 0.0452
Epoch 44: Train Loss = 0.1438, Test Loss = 0.0477
Epoch 45: Train Loss = 0.1436, Test Loss = 0.0559
Epoch 46: Train Loss = 0.1431, Test Loss = 0.0469
Epoch 47: Train Loss = 0.1420, Test Loss = 0.0493
Epoch 48: Train Loss = 0.1448, Test Loss = 0.0469
Epoch 49: Train Loss = 0.1463, Test Loss = 0.0552
Epoch 50: Train Loss = 0.1443, Test Loss = 0.0481
Epoch 51: Train Loss = 0.1423, Test Loss = 0.0507
Epoch 52: Train Loss = 0.1388, Test Loss = 0.0504
Epoch 53: Train Loss = 0.1408, Test Loss = 0.0435
Epoch 54: Train Loss = 0.1385, Test Loss = 0.0524
Epoch 55: Train Loss = 0.1440, Test Loss = 0.0457
Epoch 56: Train Loss = 0.1465, Test Loss = 0.0522
Epoch 57: Train Loss = 0.1457, Test Loss = 0.0498
Epoch 58: Train Loss = 0.1420, Test Loss = 0.0462
Epoch 59: Train Loss = 0.1432, Test Loss = 0.0489
Epoch 60: Train Loss = 0.1407, Test Loss = 0.0493
Epoch 61: Train Loss = 0.1430, Test Loss = 0.0504
Epoch 62: Train Loss = 0.1455, Test Loss = 0.0467
Epoch 63: Train Loss = 0.1426, Test Loss = 0.0500
Epoch 64: Train Loss = 0.1391, Test Loss = 0.0467
Epoch 65: Train Loss = 0.1392, Test Loss = 0.0470
Epoch 66: Train Loss = 0.1470, Test Loss = 0.0548
Epoch 67: Train Loss = 0.1394, Test Loss = 0.0510
Epoch 68: Train Loss = 0.1390, Test Loss = 0.0537
Epoch 69: Train Loss = 0.1414, Test Loss = 0.0541
Epoch 70: Train Loss = 0.1374, Test Loss = 0.0462
Epoch 71: Train Loss = 0.1406, Test Loss = 0.0579
Epoch 72: Train Loss = 0.1407, Test Loss = 0.0466
Epoch 73: Train Loss = 0.1387, Test Loss = 0.0491
Epoch 74: Train Loss = 0.1400, Test Loss = 0.0468
Epoch 75: Train Loss = 0.1403, Test Loss = 0.0531
Epoch 76: Train Loss = 0.1434, Test Loss = 0.0522
Epoch 77: Train Loss = 0.1391, Test Loss = 0.0541
Epoch 78: Train Loss = 0.1411, Test Loss = 0.0565
Epoch 79: Train Loss = 0.1408, Test Loss = 0.0529
Epoch 80: Train Loss = 0.1409, Test Loss = 0.0598
Epoch 81: Train Loss = 0.1371, Test Loss = 0.0487
Epoch 82: Train Loss = 0.1404, Test Loss = 0.0515
Epoch 83: Train Loss = 0.1427, Test Loss = 0.0485
Epoch 84: Train Loss = 0.1375, Test Loss = 0.0522
Epoch 85: Train Loss = 0.1381, Test Loss = 0.0466
Epoch 86: Train Loss = 0.1430, Test Loss = 0.0509
Epoch 87: Train Loss = 0.1383, Test Loss = 0.0573
Epoch 88: Train Loss = 0.1386, Test Loss = 0.0429
Epoch 89: Train Loss = 0.1424, Test Loss = 0.0538
Epoch 90: Train Loss = 0.1402, Test Loss = 0.0491
Epoch 91: Train Loss = 0.1388, Test Loss = 0.0470
Epoch 92: Train Loss = 0.1370, Test Loss = 0.0509
Epoch 93: Train Loss = 0.1349, Test Loss = 0.0558
Epoch 94: Train Loss = 0.1371, Test Loss = 0.0439
Epoch 95: Train Loss = 0.1419, Test Loss = 0.0493
Epoch 96: Train Loss = 0.1386, Test Loss = 0.0530
Epoch 97: Train Loss = 0.1428, Test Loss = 0.0467
Epoch 98: Train Loss = 0.1352, Test Loss = 0.0569
Epoch 99: Train Loss = 0.1351, Test Loss = 0.0460
Epoch 100: Train Loss = 0.1423, Test Loss = 0.0458
Trial completed in 279.89s with error: 0.0458
Trial completed!
