Running on host hal0046.amarel.rutgers.edu
Time is Thu Apr 24 15:23:40 EDT 2025
Directory is /home/elp95/tfa-predictor
SLURM job ID is 43168740
Starting trial...
Running trial with config: {'input_size': 3883, 'output_size': 214, 'hidden_sizes': [2048, 1024, 512, 256, 128], 'lr': 0.0005119972545747164, 'weight_decay': 4.877353541111819e-06, 'batch_size': 128, 'max_epochs': 200, 'dropout_rate': 0.18017254760263413, 'activation': 'selu', 'optimizer': 'rmsprop', 'learning_rate_schedule': 'cosine', 'batch_norm': 'false'}
Using data directory: /cache/home/elp95/tfa-predictor/data
xprs_path: /cache/home/elp95/tfa-predictor/data/gene-xprs/processed/xprs-data.csv
tfa_path: /cache/home/elp95/tfa-predictor/data/tfa/processed/tfa-labels.csv
Epoch 1: Train Loss = 0.9741, Test Loss = 0.4179
Epoch 2: Train Loss = 0.4918, Test Loss = 0.2094
Epoch 3: Train Loss = 0.3693, Test Loss = 0.1434
Epoch 4: Train Loss = 0.3191, Test Loss = 0.1176
Epoch 5: Train Loss = 0.2855, Test Loss = 0.0979
Epoch 6: Train Loss = 0.2665, Test Loss = 0.0846
Epoch 7: Train Loss = 0.2402, Test Loss = 0.0753
Epoch 8: Train Loss = 0.2228, Test Loss = 0.0674
Epoch 9: Train Loss = 0.2127, Test Loss = 0.0635
Epoch 10: Train Loss = 0.1961, Test Loss = 0.0556
Epoch 11: Train Loss = 0.1918, Test Loss = 0.0534
Epoch 12: Train Loss = 0.1782, Test Loss = 0.0513
Epoch 13: Train Loss = 0.1722, Test Loss = 0.0474
Epoch 14: Train Loss = 0.1616, Test Loss = 0.0453
Epoch 15: Train Loss = 0.1580, Test Loss = 0.0442
Epoch 16: Train Loss = 0.1501, Test Loss = 0.0417
Epoch 17: Train Loss = 0.1452, Test Loss = 0.0403
Epoch 18: Train Loss = 0.1400, Test Loss = 0.0400
Epoch 19: Train Loss = 0.1353, Test Loss = 0.0366
Epoch 20: Train Loss = 0.1325, Test Loss = 0.0355
Epoch 21: Train Loss = 0.1284, Test Loss = 0.0339
Epoch 22: Train Loss = 0.1246, Test Loss = 0.0371
Epoch 23: Train Loss = 0.1172, Test Loss = 0.0343
Epoch 24: Train Loss = 0.1181, Test Loss = 0.0332
Epoch 25: Train Loss = 0.1158, Test Loss = 0.0345
Epoch 26: Train Loss = 0.1094, Test Loss = 0.0320
Epoch 27: Train Loss = 0.1074, Test Loss = 0.0329
Epoch 28: Train Loss = 0.1072, Test Loss = 0.0317
Epoch 29: Train Loss = 0.1041, Test Loss = 0.0328
Epoch 30: Train Loss = 0.1029, Test Loss = 0.0306
Epoch 31: Train Loss = 0.1017, Test Loss = 0.0299
Epoch 32: Train Loss = 0.0973, Test Loss = 0.0301
Epoch 33: Train Loss = 0.0976, Test Loss = 0.0292
Epoch 34: Train Loss = 0.0998, Test Loss = 0.0316
Epoch 35: Train Loss = 0.0950, Test Loss = 0.0283
Epoch 36: Train Loss = 0.1025, Test Loss = 0.0290
Epoch 37: Train Loss = 0.0944, Test Loss = 0.0278
Epoch 38: Train Loss = 0.0967, Test Loss = 0.0293
Epoch 39: Train Loss = 0.0945, Test Loss = 0.0282
Epoch 40: Train Loss = 0.0937, Test Loss = 0.0275
Epoch 41: Train Loss = 0.0925, Test Loss = 0.0310
Epoch 42: Train Loss = 0.0900, Test Loss = 0.0299
Epoch 43: Train Loss = 0.0902, Test Loss = 0.0290
Epoch 44: Train Loss = 0.0884, Test Loss = 0.0263
Epoch 45: Train Loss = 0.0885, Test Loss = 0.0280
Epoch 46: Train Loss = 0.0897, Test Loss = 0.0272
Epoch 47: Train Loss = 0.0869, Test Loss = 0.0289
Epoch 48: Train Loss = 0.0856, Test Loss = 0.0259
Epoch 49: Train Loss = 0.0855, Test Loss = 0.0280
Epoch 50: Train Loss = 0.0859, Test Loss = 0.0273
Epoch 51: Train Loss = 0.0855, Test Loss = 0.0263
Epoch 52: Train Loss = 0.0866, Test Loss = 0.0264
Epoch 53: Train Loss = 0.0826, Test Loss = 0.0266
Epoch 54: Train Loss = 0.0840, Test Loss = 0.0274
Epoch 55: Train Loss = 0.0855, Test Loss = 0.0259
Epoch 56: Train Loss = 0.0805, Test Loss = 0.0266
Epoch 57: Train Loss = 0.0822, Test Loss = 0.0270
Epoch 58: Train Loss = 0.0803, Test Loss = 0.0265
Epoch 59: Train Loss = 0.0854, Test Loss = 0.0267
Epoch 60: Train Loss = 0.0837, Test Loss = 0.0264
Epoch 61: Train Loss = 0.0807, Test Loss = 0.0263
Epoch 62: Train Loss = 0.0803, Test Loss = 0.0262
Epoch 63: Train Loss = 0.0802, Test Loss = 0.0258
Epoch 64: Train Loss = 0.0834, Test Loss = 0.0261
Epoch 65: Train Loss = 0.0816, Test Loss = 0.0270
Epoch 66: Train Loss = 0.0804, Test Loss = 0.0262
Epoch 67: Train Loss = 0.0816, Test Loss = 0.0248
Epoch 68: Train Loss = 0.0803, Test Loss = 0.0266
Epoch 69: Train Loss = 0.0789, Test Loss = 0.0268
Epoch 70: Train Loss = 0.0806, Test Loss = 0.0268
Epoch 71: Train Loss = 0.0803, Test Loss = 0.0246
Epoch 72: Train Loss = 0.0764, Test Loss = 0.0257
Epoch 73: Train Loss = 0.0777, Test Loss = 0.0258
Epoch 74: Train Loss = 0.0803, Test Loss = 0.0259
Epoch 75: Train Loss = 0.0768, Test Loss = 0.0249
Epoch 76: Train Loss = 0.0782, Test Loss = 0.0262
Epoch 77: Train Loss = 0.0776, Test Loss = 0.0256
Epoch 78: Train Loss = 0.0760, Test Loss = 0.0248
Epoch 79: Train Loss = 0.0768, Test Loss = 0.0257
Epoch 80: Train Loss = 0.0775, Test Loss = 0.0252
Epoch 81: Train Loss = 0.0784, Test Loss = 0.0250
Epoch 82: Train Loss = 0.0779, Test Loss = 0.0250
Epoch 83: Train Loss = 0.0758, Test Loss = 0.0263
Epoch 84: Train Loss = 0.0753, Test Loss = 0.0241
Epoch 85: Train Loss = 0.0785, Test Loss = 0.0252
Epoch 86: Train Loss = 0.0768, Test Loss = 0.0257
Epoch 87: Train Loss = 0.0767, Test Loss = 0.0260
Epoch 88: Train Loss = 0.0780, Test Loss = 0.0248
Epoch 89: Train Loss = 0.0753, Test Loss = 0.0255
Epoch 90: Train Loss = 0.0754, Test Loss = 0.0254
Epoch 91: Train Loss = 0.0796, Test Loss = 0.0258
Epoch 92: Train Loss = 0.0771, Test Loss = 0.0244
Epoch 93: Train Loss = 0.0774, Test Loss = 0.0256
Epoch 94: Train Loss = 0.0785, Test Loss = 0.0253
Epoch 95: Train Loss = 0.0760, Test Loss = 0.0257
Epoch 96: Train Loss = 0.0745, Test Loss = 0.0252
Epoch 97: Train Loss = 0.0755, Test Loss = 0.0259
Epoch 98: Train Loss = 0.0769, Test Loss = 0.0251
Epoch 99: Train Loss = 0.0775, Test Loss = 0.0243
Epoch 100: Train Loss = 0.0749, Test Loss = 0.0264
Epoch 101: Train Loss = 0.0751, Test Loss = 0.0238
Epoch 102: Train Loss = 0.0758, Test Loss = 0.0260
Epoch 103: Train Loss = 0.0758, Test Loss = 0.0263
Epoch 104: Train Loss = 0.0752, Test Loss = 0.0250
Epoch 105: Train Loss = 0.0752, Test Loss = 0.0229
Epoch 106: Train Loss = 0.0758, Test Loss = 0.0262
Epoch 107: Train Loss = 0.0739, Test Loss = 0.0257
Epoch 108: Train Loss = 0.0776, Test Loss = 0.0255
Epoch 109: Train Loss = 0.0754, Test Loss = 0.0258
Epoch 110: Train Loss = 0.0744, Test Loss = 0.0245
Epoch 111: Train Loss = 0.0753, Test Loss = 0.0254
Epoch 112: Train Loss = 0.0761, Test Loss = 0.0249
Epoch 113: Train Loss = 0.0747, Test Loss = 0.0275
Epoch 114: Train Loss = 0.0778, Test Loss = 0.0259
Epoch 115: Train Loss = 0.0752, Test Loss = 0.0266
Epoch 116: Train Loss = 0.0735, Test Loss = 0.0234
Epoch 117: Train Loss = 0.0735, Test Loss = 0.0245
Epoch 118: Train Loss = 0.0737, Test Loss = 0.0234
Epoch 119: Train Loss = 0.0734, Test Loss = 0.0235
Epoch 120: Train Loss = 0.0745, Test Loss = 0.0230
Epoch 121: Train Loss = 0.0723, Test Loss = 0.0257
Epoch 122: Train Loss = 0.0734, Test Loss = 0.0241
Epoch 123: Train Loss = 0.0740, Test Loss = 0.0241
Epoch 124: Train Loss = 0.0763, Test Loss = 0.0249
Epoch 125: Train Loss = 0.0743, Test Loss = 0.0249
Epoch 126: Train Loss = 0.0709, Test Loss = 0.0230
Epoch 127: Train Loss = 0.0760, Test Loss = 0.0244
Epoch 128: Train Loss = 0.0748, Test Loss = 0.0249
Epoch 129: Train Loss = 0.0726, Test Loss = 0.0240
Epoch 130: Train Loss = 0.0745, Test Loss = 0.0253
Epoch 131: Train Loss = 0.0747, Test Loss = 0.0234
Epoch 132: Train Loss = 0.0728, Test Loss = 0.0250
Epoch 133: Train Loss = 0.0725, Test Loss = 0.0235
Epoch 134: Train Loss = 0.0722, Test Loss = 0.0248
Epoch 135: Train Loss = 0.0740, Test Loss = 0.0248
Epoch 136: Train Loss = 0.0745, Test Loss = 0.0250
Epoch 137: Train Loss = 0.0718, Test Loss = 0.0243
Epoch 138: Train Loss = 0.0729, Test Loss = 0.0222
Epoch 139: Train Loss = 0.0745, Test Loss = 0.0239
Epoch 140: Train Loss = 0.0739, Test Loss = 0.0258
Epoch 141: Train Loss = 0.0735, Test Loss = 0.0237
Epoch 142: Train Loss = 0.0721, Test Loss = 0.0244
Epoch 143: Train Loss = 0.0725, Test Loss = 0.0230
Epoch 144: Train Loss = 0.0702, Test Loss = 0.0264
Epoch 145: Train Loss = 0.0779, Test Loss = 0.0257
Epoch 146: Train Loss = 0.0741, Test Loss = 0.0240
Epoch 147: Train Loss = 0.0712, Test Loss = 0.0248
Epoch 148: Train Loss = 0.0706, Test Loss = 0.0247
Epoch 149: Train Loss = 0.0751, Test Loss = 0.0255
Epoch 150: Train Loss = 0.0726, Test Loss = 0.0235
Epoch 151: Train Loss = 0.0715, Test Loss = 0.0225
Epoch 152: Train Loss = 0.0737, Test Loss = 0.0243
Epoch 153: Train Loss = 0.0729, Test Loss = 0.0259
Epoch 154: Train Loss = 0.0733, Test Loss = 0.0231
Epoch 155: Train Loss = 0.0715, Test Loss = 0.0236
Epoch 156: Train Loss = 0.0727, Test Loss = 0.0244
Epoch 157: Train Loss = 0.0725, Test Loss = 0.0228
Epoch 158: Train Loss = 0.0725, Test Loss = 0.0240
Epoch 159: Train Loss = 0.0737, Test Loss = 0.0247
Epoch 160: Train Loss = 0.0737, Test Loss = 0.0232
Epoch 161: Train Loss = 0.0727, Test Loss = 0.0239
Epoch 162: Train Loss = 0.0710, Test Loss = 0.0252
Epoch 163: Train Loss = 0.0698, Test Loss = 0.0221
Epoch 164: Train Loss = 0.0691, Test Loss = 0.0237
Epoch 165: Train Loss = 0.0714, Test Loss = 0.0244
Epoch 166: Train Loss = 0.0715, Test Loss = 0.0237
Epoch 167: Train Loss = 0.0727, Test Loss = 0.0245
Epoch 168: Train Loss = 0.0719, Test Loss = 0.0248
Epoch 169: Train Loss = 0.0705, Test Loss = 0.0231
Epoch 170: Train Loss = 0.0713, Test Loss = 0.0241
Epoch 171: Train Loss = 0.0691, Test Loss = 0.0233
Epoch 172: Train Loss = 0.0757, Test Loss = 0.0247
Epoch 173: Train Loss = 0.0723, Test Loss = 0.0231
Epoch 174: Train Loss = 0.0707, Test Loss = 0.0240
Epoch 175: Train Loss = 0.0713, Test Loss = 0.0229
Epoch 176: Train Loss = 0.0721, Test Loss = 0.0231
Epoch 177: Train Loss = 0.0717, Test Loss = 0.0262
Epoch 178: Train Loss = 0.0695, Test Loss = 0.0245
Epoch 179: Train Loss = 0.0711, Test Loss = 0.0233
Epoch 180: Train Loss = 0.0728, Test Loss = 0.0229
Epoch 181: Train Loss = 0.0709, Test Loss = 0.0235
Epoch 182: Train Loss = 0.0735, Test Loss = 0.0231
Epoch 183: Train Loss = 0.0709, Test Loss = 0.0255
Epoch 184: Train Loss = 0.0718, Test Loss = 0.0225
Epoch 185: Train Loss = 0.0729, Test Loss = 0.0226
Epoch 186: Train Loss = 0.0735, Test Loss = 0.0241
Epoch 187: Train Loss = 0.0734, Test Loss = 0.0255
Epoch 188: Train Loss = 0.0717, Test Loss = 0.0225
Epoch 189: Train Loss = 0.0726, Test Loss = 0.0220
Epoch 190: Train Loss = 0.0700, Test Loss = 0.0252
Epoch 191: Train Loss = 0.0720, Test Loss = 0.0250
Epoch 192: Train Loss = 0.0701, Test Loss = 0.0246
Epoch 193: Train Loss = 0.0694, Test Loss = 0.0223
Epoch 194: Train Loss = 0.0709, Test Loss = 0.0245
Epoch 195: Train Loss = 0.0715, Test Loss = 0.0244
Epoch 196: Train Loss = 0.0726, Test Loss = 0.0231
Epoch 197: Train Loss = 0.0708, Test Loss = 0.0233
Epoch 198: Train Loss = 0.0705, Test Loss = 0.0263
Epoch 199: Train Loss = 0.0723, Test Loss = 0.0236
Epoch 200: Train Loss = 0.0685, Test Loss = 0.0237
Trial completed in 276.08s with error: 0.0237
Trial completed!
