Running on host hal0027.amarel.rutgers.edu
Time is Thu Apr 24 14:59:48 EDT 2025
Directory is /home/elp95/tfa-predictor
SLURM job ID is 43168531
Starting trial...
Running trial with config: {'input_size': 3883, 'output_size': 214, 'hidden_sizes': [1024, 256], 'lr': 0.0007741076989688419, 'weight_decay': 0.00033579113392092426, 'batch_size': 128, 'max_epochs': 150, 'dropout_rate': 0.3187149507491033, 'activation': 'selu', 'optimizer': 'rmsprop', 'learning_rate_schedule': 'none', 'batch_norm': 'false'}
Using data directory: /cache/home/elp95/tfa-predictor/data
xprs_path: /cache/home/elp95/tfa-predictor/data/gene-xprs/processed/xprs-data.csv
tfa_path: /cache/home/elp95/tfa-predictor/data/tfa/processed/tfa-labels.csv
Epoch 1: Train Loss = 0.5132, Test Loss = 0.2127
Epoch 2: Train Loss = 0.2379, Test Loss = 0.0563
Epoch 3: Train Loss = 0.1905, Test Loss = 0.0394
Epoch 4: Train Loss = 0.1652, Test Loss = 0.0342
Epoch 5: Train Loss = 0.1457, Test Loss = 0.0308
Epoch 6: Train Loss = 0.1307, Test Loss = 0.0269
Epoch 7: Train Loss = 0.1147, Test Loss = 0.0253
Epoch 8: Train Loss = 0.1040, Test Loss = 0.0233
Epoch 9: Train Loss = 0.0948, Test Loss = 0.0237
Epoch 10: Train Loss = 0.0881, Test Loss = 0.0224
Epoch 11: Train Loss = 0.0836, Test Loss = 0.0248
Epoch 12: Train Loss = 0.0766, Test Loss = 0.0196
Epoch 13: Train Loss = 0.0733, Test Loss = 0.0220
Epoch 14: Train Loss = 0.0701, Test Loss = 0.0186
Epoch 15: Train Loss = 0.0674, Test Loss = 0.0208
Epoch 16: Train Loss = 0.0661, Test Loss = 0.0215
Epoch 17: Train Loss = 0.0623, Test Loss = 0.0191
Epoch 18: Train Loss = 0.0600, Test Loss = 0.0227
Epoch 19: Train Loss = 0.0602, Test Loss = 0.0167
Epoch 20: Train Loss = 0.0559, Test Loss = 0.0190
Epoch 21: Train Loss = 0.0553, Test Loss = 0.0195
Epoch 22: Train Loss = 0.0562, Test Loss = 0.0200
Epoch 23: Train Loss = 0.0550, Test Loss = 0.0222
Epoch 24: Train Loss = 0.0523, Test Loss = 0.0173
Epoch 25: Train Loss = 0.0510, Test Loss = 0.0167
Epoch 26: Train Loss = 0.0504, Test Loss = 0.0194
Epoch 27: Train Loss = 0.0516, Test Loss = 0.0185
Epoch 28: Train Loss = 0.0525, Test Loss = 0.0202
Epoch 29: Train Loss = 0.0494, Test Loss = 0.0182
Epoch 30: Train Loss = 0.0488, Test Loss = 0.0199
Epoch 31: Train Loss = 0.0523, Test Loss = 0.0193
Epoch 32: Train Loss = 0.0486, Test Loss = 0.0186
Epoch 33: Train Loss = 0.0485, Test Loss = 0.0202
Epoch 34: Train Loss = 0.0485, Test Loss = 0.0192
Epoch 35: Train Loss = 0.0490, Test Loss = 0.0180
Epoch 36: Train Loss = 0.0490, Test Loss = 0.0176
Epoch 37: Train Loss = 0.0477, Test Loss = 0.0184
Epoch 38: Train Loss = 0.0482, Test Loss = 0.0195
Epoch 39: Train Loss = 0.0517, Test Loss = 0.0231
Epoch 40: Train Loss = 0.0514, Test Loss = 0.0183
Epoch 41: Train Loss = 0.0485, Test Loss = 0.0169
Epoch 42: Train Loss = 0.0501, Test Loss = 0.0197
Epoch 43: Train Loss = 0.0526, Test Loss = 0.0202
Epoch 44: Train Loss = 0.0509, Test Loss = 0.0202
Epoch 45: Train Loss = 0.0497, Test Loss = 0.0188
Epoch 46: Train Loss = 0.0493, Test Loss = 0.0188
Epoch 47: Train Loss = 0.0492, Test Loss = 0.0190
Epoch 48: Train Loss = 0.0506, Test Loss = 0.0185
Epoch 49: Train Loss = 0.0495, Test Loss = 0.0191
Epoch 50: Train Loss = 0.0489, Test Loss = 0.0201
Epoch 51: Train Loss = 0.0505, Test Loss = 0.0214
Epoch 52: Train Loss = 0.0483, Test Loss = 0.0194
Epoch 53: Train Loss = 0.0471, Test Loss = 0.0199
Epoch 54: Train Loss = 0.0498, Test Loss = 0.0203
Epoch 55: Train Loss = 0.0464, Test Loss = 0.0186
Epoch 56: Train Loss = 0.0482, Test Loss = 0.0184
Epoch 57: Train Loss = 0.0473, Test Loss = 0.0195
Epoch 58: Train Loss = 0.0477, Test Loss = 0.0187
Epoch 59: Train Loss = 0.0489, Test Loss = 0.0213
Epoch 60: Train Loss = 0.0484, Test Loss = 0.0188
Epoch 61: Train Loss = 0.0508, Test Loss = 0.0196
Epoch 62: Train Loss = 0.0489, Test Loss = 0.0196
Epoch 63: Train Loss = 0.0492, Test Loss = 0.0235
Epoch 64: Train Loss = 0.0492, Test Loss = 0.0204
Epoch 65: Train Loss = 0.0474, Test Loss = 0.0192
Epoch 66: Train Loss = 0.0462, Test Loss = 0.0177
Epoch 67: Train Loss = 0.0486, Test Loss = 0.0201
Epoch 68: Train Loss = 0.0515, Test Loss = 0.0251
Epoch 69: Train Loss = 0.0498, Test Loss = 0.0201
Epoch 70: Train Loss = 0.0483, Test Loss = 0.0199
Epoch 71: Train Loss = 0.0497, Test Loss = 0.0221
Epoch 72: Train Loss = 0.0471, Test Loss = 0.0203
Epoch 73: Train Loss = 0.0481, Test Loss = 0.0188
Epoch 74: Train Loss = 0.0467, Test Loss = 0.0183
Epoch 75: Train Loss = 0.0493, Test Loss = 0.0217
Epoch 76: Train Loss = 0.0461, Test Loss = 0.0212
Epoch 77: Train Loss = 0.0471, Test Loss = 0.0247
Epoch 78: Train Loss = 0.0460, Test Loss = 0.0195
Epoch 79: Train Loss = 0.0489, Test Loss = 0.0202
Epoch 80: Train Loss = 0.0463, Test Loss = 0.0200
Epoch 81: Train Loss = 0.0499, Test Loss = 0.0228
Epoch 82: Train Loss = 0.0496, Test Loss = 0.0213
Epoch 83: Train Loss = 0.0495, Test Loss = 0.0231
Epoch 84: Train Loss = 0.0499, Test Loss = 0.0201
Epoch 85: Train Loss = 0.0479, Test Loss = 0.0191
Epoch 86: Train Loss = 0.0475, Test Loss = 0.0215
Epoch 87: Train Loss = 0.0500, Test Loss = 0.0227
Epoch 88: Train Loss = 0.0499, Test Loss = 0.0247
Epoch 89: Train Loss = 0.0485, Test Loss = 0.0203
Epoch 90: Train Loss = 0.0494, Test Loss = 0.0203
Epoch 91: Train Loss = 0.0485, Test Loss = 0.0224
Epoch 92: Train Loss = 0.0505, Test Loss = 0.0233
Epoch 93: Train Loss = 0.0515, Test Loss = 0.0261
Epoch 94: Train Loss = 0.0494, Test Loss = 0.0191
Epoch 95: Train Loss = 0.0465, Test Loss = 0.0216
Epoch 96: Train Loss = 0.0472, Test Loss = 0.0213
Epoch 97: Train Loss = 0.0479, Test Loss = 0.0233
Epoch 98: Train Loss = 0.0481, Test Loss = 0.0196
Epoch 99: Train Loss = 0.0475, Test Loss = 0.0202
Epoch 100: Train Loss = 0.0470, Test Loss = 0.0178
Epoch 101: Train Loss = 0.0485, Test Loss = 0.0209
Epoch 102: Train Loss = 0.0471, Test Loss = 0.0211
Epoch 103: Train Loss = 0.0486, Test Loss = 0.0212
Epoch 104: Train Loss = 0.0467, Test Loss = 0.0207
Epoch 105: Train Loss = 0.0483, Test Loss = 0.0224
Epoch 106: Train Loss = 0.0500, Test Loss = 0.0193
Epoch 107: Train Loss = 0.0471, Test Loss = 0.0222
Epoch 108: Train Loss = 0.0464, Test Loss = 0.0223
Epoch 109: Train Loss = 0.0482, Test Loss = 0.0194
Epoch 110: Train Loss = 0.0503, Test Loss = 0.0205
Epoch 111: Train Loss = 0.0469, Test Loss = 0.0201
Epoch 112: Train Loss = 0.0472, Test Loss = 0.0192
Epoch 113: Train Loss = 0.0477, Test Loss = 0.0256
Epoch 114: Train Loss = 0.0487, Test Loss = 0.0241
Epoch 115: Train Loss = 0.0501, Test Loss = 0.0242
Epoch 116: Train Loss = 0.0492, Test Loss = 0.0192
Epoch 117: Train Loss = 0.0486, Test Loss = 0.0193
Epoch 118: Train Loss = 0.0465, Test Loss = 0.0218
Epoch 119: Train Loss = 0.0490, Test Loss = 0.0206
Epoch 120: Train Loss = 0.0479, Test Loss = 0.0184
Epoch 121: Train Loss = 0.0493, Test Loss = 0.0261
Epoch 122: Train Loss = 0.0497, Test Loss = 0.0214
Epoch 123: Train Loss = 0.0481, Test Loss = 0.0220
Epoch 124: Train Loss = 0.0483, Test Loss = 0.0198
Epoch 125: Train Loss = 0.0483, Test Loss = 0.0212
Epoch 126: Train Loss = 0.0470, Test Loss = 0.0183
Epoch 127: Train Loss = 0.0474, Test Loss = 0.0223
Epoch 128: Train Loss = 0.0470, Test Loss = 0.0226
Epoch 129: Train Loss = 0.0475, Test Loss = 0.0174
Epoch 130: Train Loss = 0.0475, Test Loss = 0.0227
Epoch 131: Train Loss = 0.0492, Test Loss = 0.0200
Epoch 132: Train Loss = 0.0496, Test Loss = 0.0232
Epoch 133: Train Loss = 0.0476, Test Loss = 0.0216
Epoch 134: Train Loss = 0.0463, Test Loss = 0.0188
Epoch 135: Train Loss = 0.0495, Test Loss = 0.0214
Epoch 136: Train Loss = 0.0498, Test Loss = 0.0210
Epoch 137: Train Loss = 0.0497, Test Loss = 0.0238
Epoch 138: Train Loss = 0.0480, Test Loss = 0.0200
Epoch 139: Train Loss = 0.0486, Test Loss = 0.0198
Epoch 140: Train Loss = 0.0466, Test Loss = 0.0190
Epoch 141: Train Loss = 0.0493, Test Loss = 0.0205
Epoch 142: Train Loss = 0.0457, Test Loss = 0.0217
Epoch 143: Train Loss = 0.0483, Test Loss = 0.0201
Epoch 144: Train Loss = 0.0473, Test Loss = 0.0224
Epoch 145: Train Loss = 0.0490, Test Loss = 0.0214
Epoch 146: Train Loss = 0.0480, Test Loss = 0.0212
Epoch 147: Train Loss = 0.0479, Test Loss = 0.0223
Epoch 148: Train Loss = 0.0491, Test Loss = 0.0213
Epoch 149: Train Loss = 0.0500, Test Loss = 0.0203
Epoch 150: Train Loss = 0.0482, Test Loss = 0.0229
Trial completed in 132.68s with error: 0.0229
Trial completed!
