Running on host hal0027.amarel.rutgers.edu
Time is Thu Apr 24 15:45:33 EDT 2025
Directory is /home/elp95/tfa-predictor
SLURM job ID is 43170618
Starting trial...
Running trial with config: {'input_size': 3883, 'output_size': 214, 'hidden_sizes': [2048, 1024, 1024, 512], 'lr': 0.00036187332484341055, 'weight_decay': 0.0006325217608524989, 'batch_size': 256, 'max_epochs': 300, 'dropout_rate': 0.07642956959216601, 'activation': 'elu', 'optimizer': 'rmsprop', 'learning_rate_schedule': 'exponential', 'batch_norm': 'false'}
Using data directory: /cache/home/elp95/tfa-predictor/data
xprs_path: /cache/home/elp95/tfa-predictor/data/gene-xprs/processed/xprs-data.csv
tfa_path: /cache/home/elp95/tfa-predictor/data/tfa/processed/tfa-labels.csv
Epoch 1: Train Loss = 0.7721, Test Loss = 0.2677
Epoch 2: Train Loss = 0.3397, Test Loss = 0.2078
Epoch 3: Train Loss = 0.2693, Test Loss = 0.0899
Epoch 4: Train Loss = 0.2331, Test Loss = 0.0574
Epoch 5: Train Loss = 0.2088, Test Loss = 0.0460
Epoch 6: Train Loss = 0.1947, Test Loss = 0.0427
Epoch 7: Train Loss = 0.1840, Test Loss = 0.0421
Epoch 8: Train Loss = 0.1707, Test Loss = 0.0392
Epoch 9: Train Loss = 0.1624, Test Loss = 0.0379
Epoch 10: Train Loss = 0.1540, Test Loss = 0.0337
Epoch 11: Train Loss = 0.1435, Test Loss = 0.0343
Epoch 12: Train Loss = 0.1418, Test Loss = 0.0290
Epoch 13: Train Loss = 0.1352, Test Loss = 0.0358
Epoch 14: Train Loss = 0.1283, Test Loss = 0.0310
Epoch 15: Train Loss = 0.1213, Test Loss = 0.0293
Epoch 16: Train Loss = 0.1171, Test Loss = 0.0278
Epoch 17: Train Loss = 0.1106, Test Loss = 0.0270
Epoch 18: Train Loss = 0.1089, Test Loss = 0.0312
Epoch 19: Train Loss = 0.1026, Test Loss = 0.0258
Epoch 20: Train Loss = 0.1002, Test Loss = 0.0271
Epoch 21: Train Loss = 0.0977, Test Loss = 0.0271
Epoch 22: Train Loss = 0.0927, Test Loss = 0.0287
Epoch 23: Train Loss = 0.0901, Test Loss = 0.0236
Epoch 24: Train Loss = 0.0844, Test Loss = 0.0253
Epoch 25: Train Loss = 0.0837, Test Loss = 0.0253
Epoch 26: Train Loss = 0.0819, Test Loss = 0.0252
Epoch 27: Train Loss = 0.0790, Test Loss = 0.0285
Epoch 28: Train Loss = 0.0791, Test Loss = 0.0241
Epoch 29: Train Loss = 0.0737, Test Loss = 0.0252
Epoch 30: Train Loss = 0.0724, Test Loss = 0.0210
Epoch 31: Train Loss = 0.0719, Test Loss = 0.0246
Epoch 32: Train Loss = 0.0696, Test Loss = 0.0244
Epoch 33: Train Loss = 0.0678, Test Loss = 0.0200
Epoch 34: Train Loss = 0.0657, Test Loss = 0.0211
Epoch 35: Train Loss = 0.0641, Test Loss = 0.0213
Epoch 36: Train Loss = 0.0618, Test Loss = 0.0222
Epoch 37: Train Loss = 0.0595, Test Loss = 0.0224
Epoch 38: Train Loss = 0.0602, Test Loss = 0.0226
Epoch 39: Train Loss = 0.0598, Test Loss = 0.0252
Epoch 40: Train Loss = 0.0609, Test Loss = 0.0250
Epoch 41: Train Loss = 0.0608, Test Loss = 0.0247
Epoch 42: Train Loss = 0.0621, Test Loss = 0.0249
Epoch 43: Train Loss = 0.0620, Test Loss = 0.0233
Epoch 44: Train Loss = 0.0576, Test Loss = 0.0227
Epoch 45: Train Loss = 0.0557, Test Loss = 0.0207
Epoch 46: Train Loss = 0.0517, Test Loss = 0.0253
Epoch 47: Train Loss = 0.0514, Test Loss = 0.0251
Epoch 48: Train Loss = 0.0499, Test Loss = 0.0210
Epoch 49: Train Loss = 0.0482, Test Loss = 0.0219
Epoch 50: Train Loss = 0.0480, Test Loss = 0.0237
Epoch 51: Train Loss = 0.0468, Test Loss = 0.0245
Epoch 52: Train Loss = 0.0468, Test Loss = 0.0243
Epoch 53: Train Loss = 0.0458, Test Loss = 0.0245
Epoch 54: Train Loss = 0.0472, Test Loss = 0.0244
Epoch 55: Train Loss = 0.0474, Test Loss = 0.0235
Epoch 56: Train Loss = 0.0473, Test Loss = 0.0263
Epoch 57: Train Loss = 0.0488, Test Loss = 0.0239
Epoch 58: Train Loss = 0.0498, Test Loss = 0.0242
Epoch 59: Train Loss = 0.0482, Test Loss = 0.0261
Epoch 60: Train Loss = 0.0506, Test Loss = 0.0219
Epoch 61: Train Loss = 0.0469, Test Loss = 0.0234
Epoch 62: Train Loss = 0.0470, Test Loss = 0.0229
Epoch 63: Train Loss = 0.0447, Test Loss = 0.0181
Epoch 64: Train Loss = 0.0417, Test Loss = 0.0213
Epoch 65: Train Loss = 0.0422, Test Loss = 0.0215
Epoch 66: Train Loss = 0.0447, Test Loss = 0.0248
Epoch 67: Train Loss = 0.0477, Test Loss = 0.0206
Epoch 68: Train Loss = 0.0483, Test Loss = 0.0261
Epoch 69: Train Loss = 0.0496, Test Loss = 0.0255
Epoch 70: Train Loss = 0.0464, Test Loss = 0.0273
Epoch 71: Train Loss = 0.0467, Test Loss = 0.0221
Epoch 72: Train Loss = 0.0438, Test Loss = 0.0200
Epoch 73: Train Loss = 0.0401, Test Loss = 0.0220
Epoch 74: Train Loss = 0.0377, Test Loss = 0.0257
Epoch 75: Train Loss = 0.0380, Test Loss = 0.0243
Epoch 76: Train Loss = 0.0391, Test Loss = 0.0262
Epoch 77: Train Loss = 0.0428, Test Loss = 0.0259
Epoch 78: Train Loss = 0.0499, Test Loss = 0.0351
Epoch 79: Train Loss = 0.0557, Test Loss = 0.0265
Epoch 80: Train Loss = 0.0522, Test Loss = 0.0330
Epoch 81: Train Loss = 0.0494, Test Loss = 0.0271
Epoch 82: Train Loss = 0.0456, Test Loss = 0.0200
Epoch 83: Train Loss = 0.0419, Test Loss = 0.0203
Epoch 84: Train Loss = 0.0416, Test Loss = 0.0221
Epoch 85: Train Loss = 0.0399, Test Loss = 0.0223
Epoch 86: Train Loss = 0.0388, Test Loss = 0.0239
Epoch 87: Train Loss = 0.0369, Test Loss = 0.0278
Epoch 88: Train Loss = 0.0359, Test Loss = 0.0220
Epoch 89: Train Loss = 0.0366, Test Loss = 0.0239
Epoch 90: Train Loss = 0.0363, Test Loss = 0.0233
Epoch 91: Train Loss = 0.0354, Test Loss = 0.0247
Epoch 92: Train Loss = 0.0376, Test Loss = 0.0236
Epoch 93: Train Loss = 0.0393, Test Loss = 0.0267
Epoch 94: Train Loss = 0.0415, Test Loss = 0.0242
Epoch 95: Train Loss = 0.0415, Test Loss = 0.0256
Epoch 96: Train Loss = 0.0401, Test Loss = 0.0234
Epoch 97: Train Loss = 0.0408, Test Loss = 0.0219
Epoch 98: Train Loss = 0.0406, Test Loss = 0.0223
Epoch 99: Train Loss = 0.0386, Test Loss = 0.0262
Epoch 100: Train Loss = 0.0368, Test Loss = 0.0218
Epoch 101: Train Loss = 0.0372, Test Loss = 0.0209
Epoch 102: Train Loss = 0.0373, Test Loss = 0.0212
Epoch 103: Train Loss = 0.0361, Test Loss = 0.0236
Epoch 104: Train Loss = 0.0376, Test Loss = 0.0234
Epoch 105: Train Loss = 0.0384, Test Loss = 0.0232
Epoch 106: Train Loss = 0.0381, Test Loss = 0.0240
Epoch 107: Train Loss = 0.0369, Test Loss = 0.0223
Epoch 108: Train Loss = 0.0369, Test Loss = 0.0228
Epoch 109: Train Loss = 0.0381, Test Loss = 0.0261
Epoch 110: Train Loss = 0.0396, Test Loss = 0.0245
Epoch 111: Train Loss = 0.0378, Test Loss = 0.0221
Epoch 112: Train Loss = 0.0364, Test Loss = 0.0186
Epoch 113: Train Loss = 0.0351, Test Loss = 0.0230
Epoch 114: Train Loss = 0.0353, Test Loss = 0.0224
Epoch 115: Train Loss = 0.0351, Test Loss = 0.0226
Epoch 116: Train Loss = 0.0386, Test Loss = 0.0238
Epoch 117: Train Loss = 0.0402, Test Loss = 0.0214
Epoch 118: Train Loss = 0.0400, Test Loss = 0.0238
Epoch 119: Train Loss = 0.0402, Test Loss = 0.0223
Epoch 120: Train Loss = 0.0393, Test Loss = 0.0209
Epoch 121: Train Loss = 0.0415, Test Loss = 0.0486
Epoch 122: Train Loss = 0.0512, Test Loss = 0.0342
Epoch 123: Train Loss = 0.0577, Test Loss = 0.0220
Epoch 124: Train Loss = 0.0506, Test Loss = 0.0309
Epoch 125: Train Loss = 0.0469, Test Loss = 0.0258
Epoch 126: Train Loss = 0.0405, Test Loss = 0.0204
Epoch 127: Train Loss = 0.0373, Test Loss = 0.0207
Epoch 128: Train Loss = 0.0354, Test Loss = 0.0239
Epoch 129: Train Loss = 0.0359, Test Loss = 0.0267
Epoch 130: Train Loss = 0.0364, Test Loss = 0.0289
Epoch 131: Train Loss = 0.0363, Test Loss = 0.0291
Epoch 132: Train Loss = 0.0356, Test Loss = 0.0253
Epoch 133: Train Loss = 0.0400, Test Loss = 0.0273
Epoch 134: Train Loss = 0.0405, Test Loss = 0.0232
Epoch 135: Train Loss = 0.0403, Test Loss = 0.0261
Epoch 136: Train Loss = 0.0394, Test Loss = 0.0216
Epoch 137: Train Loss = 0.0405, Test Loss = 0.0219
Epoch 138: Train Loss = 0.0410, Test Loss = 0.0239
Epoch 139: Train Loss = 0.0395, Test Loss = 0.0279
Epoch 140: Train Loss = 0.0407, Test Loss = 0.0214
Epoch 141: Train Loss = 0.0384, Test Loss = 0.0192
Epoch 142: Train Loss = 0.0384, Test Loss = 0.0235
Epoch 143: Train Loss = 0.0403, Test Loss = 0.0245
Epoch 144: Train Loss = 0.0415, Test Loss = 0.0250
Epoch 145: Train Loss = 0.0370, Test Loss = 0.0262
Epoch 146: Train Loss = 0.0384, Test Loss = 0.0215
Epoch 147: Train Loss = 0.0361, Test Loss = 0.0221
Epoch 148: Train Loss = 0.0368, Test Loss = 0.0222
Epoch 149: Train Loss = 0.0376, Test Loss = 0.0231
Epoch 150: Train Loss = 0.0396, Test Loss = 0.0238
Epoch 151: Train Loss = 0.0394, Test Loss = 0.0228
Epoch 152: Train Loss = 0.0393, Test Loss = 0.0216
Epoch 153: Train Loss = 0.0371, Test Loss = 0.0229
Epoch 154: Train Loss = 0.0364, Test Loss = 0.0244
Epoch 155: Train Loss = 0.0350, Test Loss = 0.0247
Epoch 156: Train Loss = 0.0350, Test Loss = 0.0196
Epoch 157: Train Loss = 0.0351, Test Loss = 0.0244
Epoch 158: Train Loss = 0.0391, Test Loss = 0.0351
Epoch 159: Train Loss = 0.0531, Test Loss = 0.0392
Epoch 160: Train Loss = 0.0625, Test Loss = 0.0279
Epoch 161: Train Loss = 0.0590, Test Loss = 0.0491
Epoch 162: Train Loss = 0.0482, Test Loss = 0.0249
Epoch 163: Train Loss = 0.0439, Test Loss = 0.0203
Epoch 164: Train Loss = 0.0392, Test Loss = 0.0201
Epoch 165: Train Loss = 0.0376, Test Loss = 0.0243
Epoch 166: Train Loss = 0.0374, Test Loss = 0.0274
Epoch 167: Train Loss = 0.0364, Test Loss = 0.0285
Epoch 168: Train Loss = 0.0362, Test Loss = 0.0273
Epoch 169: Train Loss = 0.0350, Test Loss = 0.0254
Epoch 170: Train Loss = 0.0350, Test Loss = 0.0286
Epoch 171: Train Loss = 0.0350, Test Loss = 0.0263
Epoch 172: Train Loss = 0.0355, Test Loss = 0.0245
Epoch 173: Train Loss = 0.0355, Test Loss = 0.0322
Epoch 174: Train Loss = 0.0366, Test Loss = 0.0229
Epoch 175: Train Loss = 0.0357, Test Loss = 0.0219
Epoch 176: Train Loss = 0.0371, Test Loss = 0.0220
Epoch 177: Train Loss = 0.0406, Test Loss = 0.0245
Epoch 178: Train Loss = 0.0457, Test Loss = 0.0289
Epoch 179: Train Loss = 0.0482, Test Loss = 0.0327
Epoch 180: Train Loss = 0.0446, Test Loss = 0.0251
Epoch 181: Train Loss = 0.0434, Test Loss = 0.0245
Epoch 182: Train Loss = 0.0419, Test Loss = 0.0191
Epoch 183: Train Loss = 0.0417, Test Loss = 0.0238
Epoch 184: Train Loss = 0.0402, Test Loss = 0.0228
Epoch 185: Train Loss = 0.0367, Test Loss = 0.0249
Epoch 186: Train Loss = 0.0363, Test Loss = 0.0285
Epoch 187: Train Loss = 0.0374, Test Loss = 0.0249
Epoch 188: Train Loss = 0.0388, Test Loss = 0.0250
Epoch 189: Train Loss = 0.0387, Test Loss = 0.0244
Epoch 190: Train Loss = 0.0402, Test Loss = 0.0243
Epoch 191: Train Loss = 0.0373, Test Loss = 0.0222
Epoch 192: Train Loss = 0.0353, Test Loss = 0.0262
Epoch 193: Train Loss = 0.0359, Test Loss = 0.0267
Epoch 194: Train Loss = 0.0356, Test Loss = 0.0244
Epoch 195: Train Loss = 0.0357, Test Loss = 0.0269
Epoch 196: Train Loss = 0.0372, Test Loss = 0.0281
Epoch 197: Train Loss = 0.0393, Test Loss = 0.0232
Epoch 198: Train Loss = 0.0387, Test Loss = 0.0282
Epoch 199: Train Loss = 0.0407, Test Loss = 0.0225
Epoch 200: Train Loss = 0.0418, Test Loss = 0.0285
Epoch 201: Train Loss = 0.0413, Test Loss = 0.0270
Epoch 202: Train Loss = 0.0391, Test Loss = 0.0237
Epoch 203: Train Loss = 0.0355, Test Loss = 0.0250
Epoch 204: Train Loss = 0.0350, Test Loss = 0.0262
Epoch 205: Train Loss = 0.0357, Test Loss = 0.0298
Epoch 206: Train Loss = 0.0356, Test Loss = 0.0275
Epoch 207: Train Loss = 0.0347, Test Loss = 0.0218
Epoch 208: Train Loss = 0.0354, Test Loss = 0.0208
Epoch 209: Train Loss = 0.0373, Test Loss = 0.0258
Epoch 210: Train Loss = 0.0379, Test Loss = 0.0312
Epoch 211: Train Loss = 0.0391, Test Loss = 0.0240
Epoch 212: Train Loss = 0.0394, Test Loss = 0.0212
Epoch 213: Train Loss = 0.0378, Test Loss = 0.0225
Epoch 214: Train Loss = 0.0500, Test Loss = 0.0313
Epoch 215: Train Loss = 0.0575, Test Loss = 0.0339
Epoch 216: Train Loss = 0.0584, Test Loss = 0.0353
Epoch 217: Train Loss = 0.0567, Test Loss = 0.0280
Epoch 218: Train Loss = 0.0456, Test Loss = 0.0242
Epoch 219: Train Loss = 0.0396, Test Loss = 0.0235
Epoch 220: Train Loss = 0.0385, Test Loss = 0.0264
Epoch 221: Train Loss = 0.0359, Test Loss = 0.0345
Epoch 222: Train Loss = 0.0400, Test Loss = 0.0293
Epoch 223: Train Loss = 0.0393, Test Loss = 0.0295
Epoch 224: Train Loss = 0.0389, Test Loss = 0.0264
Epoch 225: Train Loss = 0.0350, Test Loss = 0.0266
Epoch 226: Train Loss = 0.0375, Test Loss = 0.0249
Epoch 227: Train Loss = 0.0384, Test Loss = 0.0278
Epoch 228: Train Loss = 0.0370, Test Loss = 0.0248
Epoch 229: Train Loss = 0.0373, Test Loss = 0.0206
Epoch 230: Train Loss = 0.0396, Test Loss = 0.0255
Epoch 231: Train Loss = 0.0361, Test Loss = 0.0287
Epoch 232: Train Loss = 0.0373, Test Loss = 0.0250
Epoch 233: Train Loss = 0.0360, Test Loss = 0.0253
Epoch 234: Train Loss = 0.0352, Test Loss = 0.0218
Epoch 235: Train Loss = 0.0364, Test Loss = 0.0213
Epoch 236: Train Loss = 0.0389, Test Loss = 0.0237
Epoch 237: Train Loss = 0.0386, Test Loss = 0.0248
Epoch 238: Train Loss = 0.0371, Test Loss = 0.0253
Epoch 239: Train Loss = 0.0389, Test Loss = 0.0227
Epoch 240: Train Loss = 0.0396, Test Loss = 0.0259
Epoch 241: Train Loss = 0.0521, Test Loss = 0.0342
Epoch 242: Train Loss = 0.0558, Test Loss = 0.0321
Epoch 243: Train Loss = 0.0595, Test Loss = 0.0388
Epoch 244: Train Loss = 0.0517, Test Loss = 0.0262
Epoch 245: Train Loss = 0.0464, Test Loss = 0.0213
Epoch 246: Train Loss = 0.0412, Test Loss = 0.0297
Epoch 247: Train Loss = 0.0374, Test Loss = 0.0320
Epoch 248: Train Loss = 0.0377, Test Loss = 0.0299
Epoch 249: Train Loss = 0.0365, Test Loss = 0.0294
Epoch 250: Train Loss = 0.0369, Test Loss = 0.0343
Epoch 251: Train Loss = 0.0386, Test Loss = 0.0336
Epoch 252: Train Loss = 0.0367, Test Loss = 0.0226
Epoch 253: Train Loss = 0.0388, Test Loss = 0.0253
Epoch 254: Train Loss = 0.0389, Test Loss = 0.0249
Epoch 255: Train Loss = 0.0378, Test Loss = 0.0229
Epoch 256: Train Loss = 0.0374, Test Loss = 0.0238
Epoch 257: Train Loss = 0.0391, Test Loss = 0.0227
Epoch 258: Train Loss = 0.0369, Test Loss = 0.0292
Epoch 259: Train Loss = 0.0504, Test Loss = 0.0285
Epoch 260: Train Loss = 0.0569, Test Loss = 0.0354
Epoch 261: Train Loss = 0.0497, Test Loss = 0.0318
Epoch 262: Train Loss = 0.0437, Test Loss = 0.0271
Epoch 263: Train Loss = 0.0411, Test Loss = 0.0217
Epoch 264: Train Loss = 0.0411, Test Loss = 0.0257
Epoch 265: Train Loss = 0.0386, Test Loss = 0.0275
Epoch 266: Train Loss = 0.0385, Test Loss = 0.0305
Epoch 267: Train Loss = 0.0374, Test Loss = 0.0288
Epoch 268: Train Loss = 0.0378, Test Loss = 0.0333
Epoch 269: Train Loss = 0.0405, Test Loss = 0.0244
Epoch 270: Train Loss = 0.0381, Test Loss = 0.0237
Epoch 271: Train Loss = 0.0369, Test Loss = 0.0253
Epoch 272: Train Loss = 0.0405, Test Loss = 0.0295
Epoch 273: Train Loss = 0.0434, Test Loss = 0.0226
Epoch 274: Train Loss = 0.0450, Test Loss = 0.0276
Epoch 275: Train Loss = 0.0451, Test Loss = 0.0262
Epoch 276: Train Loss = 0.0445, Test Loss = 0.0215
Epoch 277: Train Loss = 0.0381, Test Loss = 0.0262
Epoch 278: Train Loss = 0.0369, Test Loss = 0.0258
Epoch 279: Train Loss = 0.0359, Test Loss = 0.0303
Epoch 280: Train Loss = 0.0384, Test Loss = 0.0283
Epoch 281: Train Loss = 0.0416, Test Loss = 0.0269
Epoch 282: Train Loss = 0.0370, Test Loss = 0.0229
Epoch 283: Train Loss = 0.0361, Test Loss = 0.0265
Epoch 284: Train Loss = 0.0369, Test Loss = 0.0271
Epoch 285: Train Loss = 0.0364, Test Loss = 0.0235
Epoch 286: Train Loss = 0.0365, Test Loss = 0.0245
Epoch 287: Train Loss = 0.0374, Test Loss = 0.0232
Epoch 288: Train Loss = 0.0385, Test Loss = 0.0308
Epoch 289: Train Loss = 0.0389, Test Loss = 0.0255
Epoch 290: Train Loss = 0.0390, Test Loss = 0.0291
Epoch 291: Train Loss = 0.0399, Test Loss = 0.0231
Epoch 292: Train Loss = 0.0404, Test Loss = 0.0245
Epoch 293: Train Loss = 0.0390, Test Loss = 0.0257
Epoch 294: Train Loss = 0.0376, Test Loss = 0.0258
Epoch 295: Train Loss = 0.0365, Test Loss = 0.0275
Epoch 296: Train Loss = 0.0355, Test Loss = 0.0283
Epoch 297: Train Loss = 0.0348, Test Loss = 0.0309
Epoch 298: Train Loss = 0.0367, Test Loss = 0.0276
Epoch 299: Train Loss = 0.0388, Test Loss = 0.0247
Epoch 300: Train Loss = 0.0396, Test Loss = 0.0263
Trial completed in 321.08s with error: 0.0263
Trial completed!
