Running on host hal0027.amarel.rutgers.edu
Time is Thu Apr 24 14:55:40 EDT 2025
Directory is /home/elp95/tfa-predictor
SLURM job ID is 43168498
Starting trial...
Running trial with config: {'input_size': 3883, 'output_size': 214, 'hidden_sizes': [3072, 1536, 768, 384], 'lr': 0.002263318385362252, 'weight_decay': 5.641381315708957e-06, 'batch_size': 256, 'max_epochs': 150, 'dropout_rate': 0.44602327758855664, 'activation': 'elu', 'optimizer': 'sgd_momentum', 'learning_rate_schedule': 'step', 'batch_norm': 'true'}
Using data directory: /cache/home/elp95/tfa-predictor/data
xprs_path: /cache/home/elp95/tfa-predictor/data/gene-xprs/processed/xprs-data.csv
tfa_path: /cache/home/elp95/tfa-predictor/data/tfa/processed/tfa-labels.csv
Epoch 1: Train Loss = 0.5807, Test Loss = 12.9450
Epoch 2: Train Loss = 0.2900, Test Loss = 0.9875
Epoch 3: Train Loss = 0.2298, Test Loss = 0.2138
Epoch 4: Train Loss = 0.1853, Test Loss = 0.0721
Epoch 5: Train Loss = 0.1587, Test Loss = 0.0541
Epoch 6: Train Loss = 0.1400, Test Loss = 0.0476
Epoch 7: Train Loss = 0.1224, Test Loss = 0.0435
Epoch 8: Train Loss = 0.1150, Test Loss = 0.0412
Epoch 9: Train Loss = 0.1057, Test Loss = 0.0395
Epoch 10: Train Loss = 0.0932, Test Loss = 0.0386
Epoch 11: Train Loss = 0.0888, Test Loss = 0.0385
Epoch 12: Train Loss = 0.0823, Test Loss = 0.0342
Epoch 13: Train Loss = 0.0730, Test Loss = 0.0283
Epoch 14: Train Loss = 0.0683, Test Loss = 0.0266
Epoch 15: Train Loss = 0.0628, Test Loss = 0.0242
Epoch 16: Train Loss = 0.0639, Test Loss = 0.0280
Epoch 17: Train Loss = 0.0634, Test Loss = 0.0271
Epoch 18: Train Loss = 0.0603, Test Loss = 0.0251
Epoch 19: Train Loss = 0.0622, Test Loss = 0.0286
Epoch 20: Train Loss = 0.0576, Test Loss = 0.0247
Epoch 21: Train Loss = 0.0573, Test Loss = 0.0247
Epoch 22: Train Loss = 0.0582, Test Loss = 0.0255
Epoch 23: Train Loss = 0.0525, Test Loss = 0.0269
Epoch 24: Train Loss = 0.0519, Test Loss = 0.0241
Epoch 25: Train Loss = 0.0523, Test Loss = 0.0245
Epoch 26: Train Loss = 0.0483, Test Loss = 0.0227
Epoch 27: Train Loss = 0.0486, Test Loss = 0.0243
Epoch 28: Train Loss = 0.0476, Test Loss = 0.0214
Epoch 29: Train Loss = 0.0473, Test Loss = 0.0236
Epoch 30: Train Loss = 0.0443, Test Loss = 0.0230
Epoch 31: Train Loss = 0.0469, Test Loss = 0.0245
Epoch 32: Train Loss = 0.0493, Test Loss = 0.0240
Epoch 33: Train Loss = 0.0485, Test Loss = 0.0256
Epoch 34: Train Loss = 0.0486, Test Loss = 0.0220
Epoch 35: Train Loss = 0.0442, Test Loss = 0.0228
Epoch 36: Train Loss = 0.0439, Test Loss = 0.0236
Epoch 37: Train Loss = 0.0433, Test Loss = 0.0210
Epoch 38: Train Loss = 0.0419, Test Loss = 0.0198
Epoch 39: Train Loss = 0.0416, Test Loss = 0.0199
Epoch 40: Train Loss = 0.0429, Test Loss = 0.0207
Epoch 41: Train Loss = 0.0427, Test Loss = 0.0208
Epoch 42: Train Loss = 0.0438, Test Loss = 0.0213
Epoch 43: Train Loss = 0.0471, Test Loss = 0.0221
Epoch 44: Train Loss = 0.0471, Test Loss = 0.0246
Epoch 45: Train Loss = 0.0482, Test Loss = 0.0250
Epoch 46: Train Loss = 0.0471, Test Loss = 0.0230
Epoch 47: Train Loss = 0.0461, Test Loss = 0.0237
Epoch 48: Train Loss = 0.0465, Test Loss = 0.0198
Epoch 49: Train Loss = 0.0427, Test Loss = 0.0183
Epoch 50: Train Loss = 0.0446, Test Loss = 0.0203
Epoch 51: Train Loss = 0.0441, Test Loss = 0.0184
Epoch 52: Train Loss = 0.0409, Test Loss = 0.0185
Epoch 53: Train Loss = 0.0400, Test Loss = 0.0177
Epoch 54: Train Loss = 0.0405, Test Loss = 0.0175
Epoch 55: Train Loss = 0.0424, Test Loss = 0.0207
Epoch 56: Train Loss = 0.0404, Test Loss = 0.0181
Epoch 57: Train Loss = 0.0395, Test Loss = 0.0163
Epoch 58: Train Loss = 0.0404, Test Loss = 0.0168
Epoch 59: Train Loss = 0.0399, Test Loss = 0.0173
Epoch 60: Train Loss = 0.0389, Test Loss = 0.0178
Epoch 61: Train Loss = 0.0417, Test Loss = 0.0195
Epoch 62: Train Loss = 0.0412, Test Loss = 0.0208
Epoch 63: Train Loss = 0.0438, Test Loss = 0.0185
Epoch 64: Train Loss = 0.0408, Test Loss = 0.0180
Epoch 65: Train Loss = 0.0384, Test Loss = 0.0177
Epoch 66: Train Loss = 0.0397, Test Loss = 0.0187
Epoch 67: Train Loss = 0.0434, Test Loss = 0.0196
Epoch 68: Train Loss = 0.0422, Test Loss = 0.0201
Epoch 69: Train Loss = 0.0420, Test Loss = 0.0207
Epoch 70: Train Loss = 0.0402, Test Loss = 0.0239
Epoch 71: Train Loss = 0.0383, Test Loss = 0.0218
Epoch 72: Train Loss = 0.0403, Test Loss = 0.0235
Epoch 73: Train Loss = 0.0400, Test Loss = 0.0198
Epoch 74: Train Loss = 0.0384, Test Loss = 0.0201
Epoch 75: Train Loss = 0.0388, Test Loss = 0.0193
Epoch 76: Train Loss = 0.0400, Test Loss = 0.0183
Epoch 77: Train Loss = 0.0402, Test Loss = 0.0179
Epoch 78: Train Loss = 0.0405, Test Loss = 0.0209
Epoch 79: Train Loss = 0.0411, Test Loss = 0.0193
Epoch 80: Train Loss = 0.0400, Test Loss = 0.0195
Epoch 81: Train Loss = 0.0409, Test Loss = 0.0202
Epoch 82: Train Loss = 0.0413, Test Loss = 0.0185
Epoch 83: Train Loss = 0.0393, Test Loss = 0.0176
Epoch 84: Train Loss = 0.0389, Test Loss = 0.0171
Epoch 85: Train Loss = 0.0407, Test Loss = 0.0195
Epoch 86: Train Loss = 0.0383, Test Loss = 0.0209
Epoch 87: Train Loss = 0.0404, Test Loss = 0.0196
Epoch 88: Train Loss = 0.0391, Test Loss = 0.0212
Epoch 89: Train Loss = 0.0383, Test Loss = 0.0224
Epoch 90: Train Loss = 0.0390, Test Loss = 0.0215
Epoch 91: Train Loss = 0.0403, Test Loss = 0.0191
Epoch 92: Train Loss = 0.0399, Test Loss = 0.0183
Epoch 93: Train Loss = 0.0408, Test Loss = 0.0230
Epoch 94: Train Loss = 0.0419, Test Loss = 0.0199
Epoch 95: Train Loss = 0.0388, Test Loss = 0.0184
Epoch 96: Train Loss = 0.0398, Test Loss = 0.0193
Epoch 97: Train Loss = 0.0405, Test Loss = 0.0182
Epoch 98: Train Loss = 0.0376, Test Loss = 0.0190
Epoch 99: Train Loss = 0.0385, Test Loss = 0.0167
Epoch 100: Train Loss = 0.0372, Test Loss = 0.0174
Epoch 101: Train Loss = 0.0388, Test Loss = 0.0176
Epoch 102: Train Loss = 0.0399, Test Loss = 0.0226
Epoch 103: Train Loss = 0.0422, Test Loss = 0.0191
Epoch 104: Train Loss = 0.0419, Test Loss = 0.0213
Epoch 105: Train Loss = 0.0394, Test Loss = 0.0188
Epoch 106: Train Loss = 0.0395, Test Loss = 0.0163
Epoch 107: Train Loss = 0.0374, Test Loss = 0.0171
Epoch 108: Train Loss = 0.0412, Test Loss = 0.0194
Epoch 109: Train Loss = 0.0417, Test Loss = 0.0192
Epoch 110: Train Loss = 0.0410, Test Loss = 0.0188
Epoch 111: Train Loss = 0.0415, Test Loss = 0.0205
Epoch 112: Train Loss = 0.0396, Test Loss = 0.0187
Epoch 113: Train Loss = 0.0390, Test Loss = 0.0176
Epoch 114: Train Loss = 0.0370, Test Loss = 0.0163
Epoch 115: Train Loss = 0.0383, Test Loss = 0.0166
Epoch 116: Train Loss = 0.0394, Test Loss = 0.0195
Epoch 117: Train Loss = 0.0367, Test Loss = 0.0187
Epoch 118: Train Loss = 0.0372, Test Loss = 0.0174
Epoch 119: Train Loss = 0.0366, Test Loss = 0.0161
Epoch 120: Train Loss = 0.0370, Test Loss = 0.0171
Epoch 121: Train Loss = 0.0376, Test Loss = 0.0158
Epoch 122: Train Loss = 0.0368, Test Loss = 0.0151
Epoch 123: Train Loss = 0.0382, Test Loss = 0.0163
Epoch 124: Train Loss = 0.0373, Test Loss = 0.0192
Epoch 125: Train Loss = 0.0391, Test Loss = 0.0170
Epoch 126: Train Loss = 0.0368, Test Loss = 0.0201
Epoch 127: Train Loss = 0.0403, Test Loss = 0.0188
Epoch 128: Train Loss = 0.0394, Test Loss = 0.0196
Epoch 129: Train Loss = 0.0377, Test Loss = 0.0181
Epoch 130: Train Loss = 0.0397, Test Loss = 0.0168
Epoch 131: Train Loss = 0.0366, Test Loss = 0.0181
Epoch 132: Train Loss = 0.0373, Test Loss = 0.0163
Epoch 133: Train Loss = 0.0366, Test Loss = 0.0151
Epoch 134: Train Loss = 0.0349, Test Loss = 0.0158
Epoch 135: Train Loss = 0.0409, Test Loss = 0.0181
Epoch 136: Train Loss = 0.0403, Test Loss = 0.0193
Epoch 137: Train Loss = 0.0392, Test Loss = 0.0180
Epoch 138: Train Loss = 0.0406, Test Loss = 0.0186
Epoch 139: Train Loss = 0.0394, Test Loss = 0.0187
Epoch 140: Train Loss = 0.0369, Test Loss = 0.0174
Epoch 141: Train Loss = 0.0378, Test Loss = 0.0183
Epoch 142: Train Loss = 0.0381, Test Loss = 0.0179
Epoch 143: Train Loss = 0.0366, Test Loss = 0.0174
Epoch 144: Train Loss = 0.0385, Test Loss = 0.0186
Epoch 145: Train Loss = 0.0362, Test Loss = 0.0186
Epoch 146: Train Loss = 0.0366, Test Loss = 0.0187
Epoch 147: Train Loss = 0.0408, Test Loss = 0.0149
Epoch 148: Train Loss = 0.0377, Test Loss = 0.0157
Epoch 149: Train Loss = 0.0364, Test Loss = 0.0172
Epoch 150: Train Loss = 0.0356, Test Loss = 0.0188
Trial completed in 255.14s with error: 0.0188
Trial completed!
