Running on host slepner086.amarel.rutgers.edu
Time is Thu Apr 24 15:40:37 EDT 2025
Directory is /home/elp95/tfa-predictor
SLURM job ID is 43169561
Starting trial...
Running trial with config: {'input_size': 3883, 'output_size': 214, 'hidden_sizes': [1024, 1024, 1024], 'lr': 0.0012158278412346543, 'weight_decay': 5.3384049053138925e-06, 'batch_size': 16, 'max_epochs': 300, 'dropout_rate': 0.09114193923797903, 'activation': 'elu', 'optimizer': 'adam', 'learning_rate_schedule': 'none', 'batch_norm': 'true'}
Using data directory: /cache/home/elp95/tfa-predictor/data
xprs_path: /cache/home/elp95/tfa-predictor/data/gene-xprs/processed/xprs-data.csv
tfa_path: /cache/home/elp95/tfa-predictor/data/tfa/processed/tfa-labels.csv
Epoch 1: Train Loss = 0.4769, Test Loss = 0.1590
Epoch 2: Train Loss = 0.3133, Test Loss = 0.1249
Epoch 3: Train Loss = 0.2531, Test Loss = 0.1157
Epoch 4: Train Loss = 0.2418, Test Loss = 0.1034
Epoch 5: Train Loss = 0.2147, Test Loss = 0.0955
Epoch 6: Train Loss = 0.2014, Test Loss = 0.0935
Epoch 7: Train Loss = 0.1853, Test Loss = 0.0732
Epoch 8: Train Loss = 0.1758, Test Loss = 0.0650
Epoch 9: Train Loss = 0.1654, Test Loss = 0.0727
Epoch 10: Train Loss = 0.1670, Test Loss = 0.0779
Epoch 11: Train Loss = 0.1599, Test Loss = 0.0826
Epoch 12: Train Loss = 0.1576, Test Loss = 0.0796
Epoch 13: Train Loss = 0.1593, Test Loss = 0.0729
Epoch 14: Train Loss = 0.1590, Test Loss = 0.0864
Epoch 15: Train Loss = 0.1604, Test Loss = 0.0770
Epoch 16: Train Loss = 0.1548, Test Loss = 0.0845
Epoch 17: Train Loss = 0.1536, Test Loss = 0.0704
Epoch 18: Train Loss = 0.1466, Test Loss = 0.0717
Epoch 19: Train Loss = 0.1455, Test Loss = 0.0645
Epoch 20: Train Loss = 0.1449, Test Loss = 0.0650
Epoch 21: Train Loss = 0.1463, Test Loss = 0.0774
Epoch 22: Train Loss = 0.1417, Test Loss = 0.0699
Epoch 23: Train Loss = 0.1394, Test Loss = 0.0842
Epoch 24: Train Loss = 0.1385, Test Loss = 0.0780
Epoch 25: Train Loss = 0.1427, Test Loss = 0.0664
Epoch 26: Train Loss = 0.1409, Test Loss = 0.0697
Epoch 27: Train Loss = 0.1405, Test Loss = 0.0924
Epoch 28: Train Loss = 0.1367, Test Loss = 0.0755
Epoch 29: Train Loss = 0.1359, Test Loss = 0.0885
Epoch 30: Train Loss = 0.1364, Test Loss = 0.0823
Epoch 31: Train Loss = 0.1379, Test Loss = 0.0913
Epoch 32: Train Loss = 0.1322, Test Loss = 0.0733
Epoch 33: Train Loss = 0.1330, Test Loss = 0.0755
Epoch 34: Train Loss = 0.1297, Test Loss = 0.0667
Epoch 35: Train Loss = 0.1292, Test Loss = 0.0639
Epoch 36: Train Loss = 0.1289, Test Loss = 0.0746
Epoch 37: Train Loss = 0.1323, Test Loss = 0.0805
Epoch 38: Train Loss = 0.1300, Test Loss = 0.0741
Epoch 39: Train Loss = 0.1279, Test Loss = 0.0630
Epoch 40: Train Loss = 0.1297, Test Loss = 0.0759
Epoch 41: Train Loss = 0.1288, Test Loss = 0.0769
Epoch 42: Train Loss = 0.1274, Test Loss = 0.0748
Epoch 43: Train Loss = 0.1333, Test Loss = 0.0671
Epoch 44: Train Loss = 0.1247, Test Loss = 0.0727
Epoch 45: Train Loss = 0.1261, Test Loss = 0.0730
Epoch 46: Train Loss = 0.1249, Test Loss = 0.0768
Epoch 47: Train Loss = 0.1251, Test Loss = 0.0658
Epoch 48: Train Loss = 0.1219, Test Loss = 0.0610
Epoch 49: Train Loss = 0.1285, Test Loss = 0.0634
Epoch 50: Train Loss = 0.1248, Test Loss = 0.0642
Epoch 51: Train Loss = 0.1241, Test Loss = 0.0628
Epoch 52: Train Loss = 0.1257, Test Loss = 0.0676
Epoch 53: Train Loss = 0.1225, Test Loss = 0.0674
Epoch 54: Train Loss = 0.1212, Test Loss = 0.0539
Epoch 55: Train Loss = 0.1198, Test Loss = 0.0589
Epoch 56: Train Loss = 0.1219, Test Loss = 0.0663
Epoch 57: Train Loss = 0.1253, Test Loss = 0.0640
Epoch 58: Train Loss = 0.1207, Test Loss = 0.0513
Epoch 59: Train Loss = 0.1205, Test Loss = 0.0568
Epoch 60: Train Loss = 0.1219, Test Loss = 0.0658
Epoch 61: Train Loss = 0.1222, Test Loss = 0.0595
Epoch 62: Train Loss = 0.1213, Test Loss = 0.0619
Epoch 63: Train Loss = 0.1203, Test Loss = 0.0662
Epoch 64: Train Loss = 0.1310, Test Loss = 0.0614
Epoch 65: Train Loss = 0.1251, Test Loss = 0.0562
Epoch 66: Train Loss = 0.1226, Test Loss = 0.0697
Epoch 67: Train Loss = 0.1215, Test Loss = 0.0566
Epoch 68: Train Loss = 0.1207, Test Loss = 0.0565
Epoch 69: Train Loss = 0.1220, Test Loss = 0.0772
Epoch 70: Train Loss = 0.1204, Test Loss = 0.0556
Epoch 71: Train Loss = 0.1189, Test Loss = 0.0573
Epoch 72: Train Loss = 0.1186, Test Loss = 0.0678
Epoch 73: Train Loss = 0.1233, Test Loss = 0.0570
Epoch 74: Train Loss = 0.1208, Test Loss = 0.0557
Epoch 75: Train Loss = 0.1180, Test Loss = 0.0772
Epoch 76: Train Loss = 0.1213, Test Loss = 0.0672
Epoch 77: Train Loss = 0.1189, Test Loss = 0.0624
Epoch 78: Train Loss = 0.1226, Test Loss = 0.0586
Epoch 79: Train Loss = 0.1190, Test Loss = 0.0560
Epoch 80: Train Loss = 0.1194, Test Loss = 0.0585
Epoch 81: Train Loss = 0.1174, Test Loss = 0.0722
Epoch 82: Train Loss = 0.1200, Test Loss = 0.0644
Epoch 83: Train Loss = 0.1186, Test Loss = 0.0605
Epoch 84: Train Loss = 0.1208, Test Loss = 0.0612
Epoch 85: Train Loss = 0.1212, Test Loss = 0.0598
Epoch 86: Train Loss = 0.1189, Test Loss = 0.0619
Epoch 87: Train Loss = 0.1178, Test Loss = 0.0598
Epoch 88: Train Loss = 0.1221, Test Loss = 0.0731
Epoch 89: Train Loss = 0.1193, Test Loss = 0.0647
Epoch 90: Train Loss = 0.1172, Test Loss = 0.0673
Epoch 91: Train Loss = 0.1185, Test Loss = 0.0630
Epoch 92: Train Loss = 0.1149, Test Loss = 0.0601
Epoch 93: Train Loss = 0.1148, Test Loss = 0.0555
Epoch 94: Train Loss = 0.1187, Test Loss = 0.0576
Epoch 95: Train Loss = 0.1158, Test Loss = 0.0604
Epoch 96: Train Loss = 0.1193, Test Loss = 0.0509
Epoch 97: Train Loss = 0.1175, Test Loss = 0.0723
Epoch 98: Train Loss = 0.1322, Test Loss = 0.0773
Epoch 99: Train Loss = 0.1240, Test Loss = 0.0634
Epoch 100: Train Loss = 0.1177, Test Loss = 0.0623
Epoch 101: Train Loss = 0.1178, Test Loss = 0.0537
Epoch 102: Train Loss = 0.1177, Test Loss = 0.0669
Epoch 103: Train Loss = 0.1152, Test Loss = 0.0621
Epoch 104: Train Loss = 0.1174, Test Loss = 0.0612
Epoch 105: Train Loss = 0.1191, Test Loss = 0.0626
Epoch 106: Train Loss = 0.1202, Test Loss = 0.0614
Epoch 107: Train Loss = 0.1194, Test Loss = 0.0653
Epoch 108: Train Loss = 0.1167, Test Loss = 0.0569
Epoch 109: Train Loss = 0.1193, Test Loss = 0.0594
Epoch 110: Train Loss = 0.1179, Test Loss = 0.0603
Epoch 111: Train Loss = 0.1181, Test Loss = 0.0628
Epoch 112: Train Loss = 0.1192, Test Loss = 0.0663
Epoch 113: Train Loss = 0.1164, Test Loss = 0.0650
Epoch 114: Train Loss = 0.1166, Test Loss = 0.0652
Epoch 115: Train Loss = 0.1164, Test Loss = 0.0626
Epoch 116: Train Loss = 0.1158, Test Loss = 0.0621
Epoch 117: Train Loss = 0.1164, Test Loss = 0.0658
Epoch 118: Train Loss = 0.1169, Test Loss = 0.0590
Epoch 119: Train Loss = 0.1169, Test Loss = 0.0562
Epoch 120: Train Loss = 0.1180, Test Loss = 0.0566
Epoch 121: Train Loss = 0.1175, Test Loss = 0.0666
Epoch 122: Train Loss = 0.1197, Test Loss = 0.0616
Epoch 123: Train Loss = 0.1183, Test Loss = 0.0599
Epoch 124: Train Loss = 0.1178, Test Loss = 0.0652
Epoch 125: Train Loss = 0.1154, Test Loss = 0.0660
Epoch 126: Train Loss = 0.1173, Test Loss = 0.0580
Epoch 127: Train Loss = 0.1161, Test Loss = 0.0529
Epoch 128: Train Loss = 0.1187, Test Loss = 0.0548
Epoch 129: Train Loss = 0.1174, Test Loss = 0.0629
Epoch 130: Train Loss = 0.1147, Test Loss = 0.0537
Epoch 131: Train Loss = 0.1152, Test Loss = 0.0593
Epoch 132: Train Loss = 0.1178, Test Loss = 0.0568
Epoch 133: Train Loss = 0.1184, Test Loss = 0.0660
Epoch 134: Train Loss = 0.1186, Test Loss = 0.0735
Epoch 135: Train Loss = 0.1178, Test Loss = 0.0593
Epoch 136: Train Loss = 0.1175, Test Loss = 0.0588
Epoch 137: Train Loss = 0.1157, Test Loss = 0.0652
Epoch 138: Train Loss = 0.1179, Test Loss = 0.0605
Epoch 139: Train Loss = 0.1136, Test Loss = 0.0672
Epoch 140: Train Loss = 0.1172, Test Loss = 0.0542
Epoch 141: Train Loss = 0.1161, Test Loss = 0.0566
Epoch 142: Train Loss = 0.1181, Test Loss = 0.0530
Epoch 143: Train Loss = 0.1177, Test Loss = 0.0568
Epoch 144: Train Loss = 0.1158, Test Loss = 0.0604
Epoch 145: Train Loss = 0.1174, Test Loss = 0.0642
Epoch 146: Train Loss = 0.1160, Test Loss = 0.0617
Epoch 147: Train Loss = 0.1176, Test Loss = 0.0553
Epoch 148: Train Loss = 0.1171, Test Loss = 0.0584
Epoch 149: Train Loss = 0.1181, Test Loss = 0.0625
Epoch 150: Train Loss = 0.1163, Test Loss = 0.0583
Epoch 151: Train Loss = 0.1178, Test Loss = 0.0575
Epoch 152: Train Loss = 0.1151, Test Loss = 0.0642
Epoch 153: Train Loss = 0.1170, Test Loss = 0.0675
Epoch 154: Train Loss = 0.1168, Test Loss = 0.0586
Epoch 155: Train Loss = 0.1151, Test Loss = 0.0551
Epoch 156: Train Loss = 0.1175, Test Loss = 0.0545
Epoch 157: Train Loss = 0.1167, Test Loss = 0.0615
Epoch 158: Train Loss = 0.1175, Test Loss = 0.0605
Epoch 159: Train Loss = 0.1169, Test Loss = 0.0662
Epoch 160: Train Loss = 0.1173, Test Loss = 0.0600
Epoch 161: Train Loss = 0.1177, Test Loss = 0.0616
Epoch 162: Train Loss = 0.1159, Test Loss = 0.0541
Epoch 163: Train Loss = 0.1163, Test Loss = 0.0514
Epoch 164: Train Loss = 0.1155, Test Loss = 0.0638
Epoch 165: Train Loss = 0.1166, Test Loss = 0.0566
Epoch 166: Train Loss = 0.1146, Test Loss = 0.0493
Epoch 167: Train Loss = 0.1161, Test Loss = 0.0610
Epoch 168: Train Loss = 0.1130, Test Loss = 0.0598
Epoch 169: Train Loss = 0.1165, Test Loss = 0.0680
Epoch 170: Train Loss = 0.1176, Test Loss = 0.0660
Epoch 171: Train Loss = 0.1178, Test Loss = 0.0751
Epoch 172: Train Loss = 0.1168, Test Loss = 0.0619
Epoch 173: Train Loss = 0.1188, Test Loss = 0.0554
Epoch 174: Train Loss = 0.1178, Test Loss = 0.0684
Epoch 175: Train Loss = 0.1191, Test Loss = 0.0681
Epoch 176: Train Loss = 0.1194, Test Loss = 0.0629
Epoch 177: Train Loss = 0.1162, Test Loss = 0.0621
Epoch 178: Train Loss = 0.1166, Test Loss = 0.0617
Epoch 179: Train Loss = 0.1147, Test Loss = 0.0605
Epoch 180: Train Loss = 0.1194, Test Loss = 0.0618
Epoch 181: Train Loss = 0.1174, Test Loss = 0.0628
Epoch 182: Train Loss = 0.1142, Test Loss = 0.0618
Epoch 183: Train Loss = 0.1151, Test Loss = 0.0542
Epoch 184: Train Loss = 0.1153, Test Loss = 0.0563
Epoch 185: Train Loss = 0.1158, Test Loss = 0.0528
Epoch 186: Train Loss = 0.1162, Test Loss = 0.0619
Epoch 187: Train Loss = 0.1144, Test Loss = 0.0590
Epoch 188: Train Loss = 0.1150, Test Loss = 0.0639
Epoch 189: Train Loss = 0.1163, Test Loss = 0.0632
Epoch 190: Train Loss = 0.1168, Test Loss = 0.0611
Epoch 191: Train Loss = 0.1169, Test Loss = 0.0564
Epoch 192: Train Loss = 0.1151, Test Loss = 0.0614
Epoch 193: Train Loss = 0.1153, Test Loss = 0.0679
Epoch 194: Train Loss = 0.1147, Test Loss = 0.0514
Epoch 195: Train Loss = 0.1169, Test Loss = 0.0521
Epoch 196: Train Loss = 0.1156, Test Loss = 0.0662
Epoch 197: Train Loss = 0.1161, Test Loss = 0.0607
Epoch 198: Train Loss = 0.1173, Test Loss = 0.0636
Epoch 199: Train Loss = 0.1150, Test Loss = 0.0721
Epoch 200: Train Loss = 0.1158, Test Loss = 0.0575
Epoch 201: Train Loss = 0.1144, Test Loss = 0.0668
Epoch 202: Train Loss = 0.1139, Test Loss = 0.0584
Epoch 203: Train Loss = 0.1134, Test Loss = 0.0557
Epoch 204: Train Loss = 0.1159, Test Loss = 0.0621
Epoch 205: Train Loss = 0.1139, Test Loss = 0.0592
Epoch 206: Train Loss = 0.1174, Test Loss = 0.0617
Epoch 207: Train Loss = 0.1162, Test Loss = 0.0586
Epoch 208: Train Loss = 0.1173, Test Loss = 0.0781
Epoch 209: Train Loss = 0.1180, Test Loss = 0.0584
Epoch 210: Train Loss = 0.1215, Test Loss = 0.0659
Epoch 211: Train Loss = 0.1189, Test Loss = 0.0654
Epoch 212: Train Loss = 0.1184, Test Loss = 0.0636
Epoch 213: Train Loss = 0.1166, Test Loss = 0.0570
Epoch 214: Train Loss = 0.1167, Test Loss = 0.0613
Epoch 215: Train Loss = 0.1160, Test Loss = 0.0682
Epoch 216: Train Loss = 0.1172, Test Loss = 0.0639
Epoch 217: Train Loss = 0.1143, Test Loss = 0.0653
Epoch 218: Train Loss = 0.1136, Test Loss = 0.0621
Epoch 219: Train Loss = 0.1164, Test Loss = 0.0575
Epoch 220: Train Loss = 0.1177, Test Loss = 0.0628
Epoch 221: Train Loss = 0.1183, Test Loss = 0.0629
Epoch 222: Train Loss = 0.1126, Test Loss = 0.0609
Epoch 223: Train Loss = 0.1155, Test Loss = 0.0594
Epoch 224: Train Loss = 0.1169, Test Loss = 0.0601
Epoch 225: Train Loss = 0.1162, Test Loss = 0.0627
Epoch 226: Train Loss = 0.1180, Test Loss = 0.0615
Epoch 227: Train Loss = 0.1163, Test Loss = 0.0587
Epoch 228: Train Loss = 0.1166, Test Loss = 0.0682
Epoch 229: Train Loss = 0.1180, Test Loss = 0.0625
Epoch 230: Train Loss = 0.1145, Test Loss = 0.0559
Epoch 231: Train Loss = 0.1183, Test Loss = 0.0674
Epoch 232: Train Loss = 0.1159, Test Loss = 0.0569
Epoch 233: Train Loss = 0.1139, Test Loss = 0.0606
Epoch 234: Train Loss = 0.1171, Test Loss = 0.0674
Epoch 235: Train Loss = 0.1165, Test Loss = 0.0618
Epoch 236: Train Loss = 0.1176, Test Loss = 0.0659
Epoch 237: Train Loss = 0.1155, Test Loss = 0.0588
Epoch 238: Train Loss = 0.1159, Test Loss = 0.0537
Epoch 239: Train Loss = 0.1203, Test Loss = 0.0627
Epoch 240: Train Loss = 0.1154, Test Loss = 0.0613
Epoch 241: Train Loss = 0.1165, Test Loss = 0.0588
Epoch 242: Train Loss = 0.1161, Test Loss = 0.0611
Epoch 243: Train Loss = 0.1200, Test Loss = 0.0599
Epoch 244: Train Loss = 0.1188, Test Loss = 0.0565
Epoch 245: Train Loss = 0.1156, Test Loss = 0.0605
Epoch 246: Train Loss = 0.1150, Test Loss = 0.0508
Epoch 247: Train Loss = 0.1140, Test Loss = 0.0664
Epoch 248: Train Loss = 0.1154, Test Loss = 0.0664
Epoch 249: Train Loss = 0.1132, Test Loss = 0.0586
Epoch 250: Train Loss = 0.1177, Test Loss = 0.0583
Epoch 251: Train Loss = 0.1158, Test Loss = 0.0543
Epoch 252: Train Loss = 0.1173, Test Loss = 0.0624
Epoch 253: Train Loss = 0.1206, Test Loss = 0.0612
Epoch 254: Train Loss = 0.1229, Test Loss = 0.0667
Epoch 255: Train Loss = 0.1260, Test Loss = 0.0698
Epoch 256: Train Loss = 0.1176, Test Loss = 0.0583
Epoch 257: Train Loss = 0.1160, Test Loss = 0.0584
Epoch 258: Train Loss = 0.1157, Test Loss = 0.0644
Epoch 259: Train Loss = 0.1158, Test Loss = 0.0588
Epoch 260: Train Loss = 0.1176, Test Loss = 0.0621
Epoch 261: Train Loss = 0.1181, Test Loss = 0.0582
Epoch 262: Train Loss = 0.1157, Test Loss = 0.0558
Epoch 263: Train Loss = 0.1176, Test Loss = 0.0640
Epoch 264: Train Loss = 0.1152, Test Loss = 0.0586
Epoch 265: Train Loss = 0.1143, Test Loss = 0.0572
Epoch 266: Train Loss = 0.1192, Test Loss = 0.0628
Epoch 267: Train Loss = 0.1157, Test Loss = 0.0672
Epoch 268: Train Loss = 0.1155, Test Loss = 0.0576
Epoch 269: Train Loss = 0.1179, Test Loss = 0.0666
Epoch 270: Train Loss = 0.1146, Test Loss = 0.0572
Epoch 271: Train Loss = 0.1155, Test Loss = 0.0654
Epoch 272: Train Loss = 0.1143, Test Loss = 0.0579
Epoch 273: Train Loss = 0.1148, Test Loss = 0.0574
Epoch 274: Train Loss = 0.1154, Test Loss = 0.0599
Epoch 275: Train Loss = 0.1164, Test Loss = 0.0637
Epoch 276: Train Loss = 0.1174, Test Loss = 0.0658
Epoch 277: Train Loss = 0.1147, Test Loss = 0.0561
Epoch 278: Train Loss = 0.1161, Test Loss = 0.0648
Epoch 279: Train Loss = 0.1170, Test Loss = 0.0668
Epoch 280: Train Loss = 0.1187, Test Loss = 0.0540
Epoch 281: Train Loss = 0.1174, Test Loss = 0.0648
Epoch 282: Train Loss = 0.1203, Test Loss = 0.0559
Epoch 283: Train Loss = 0.1173, Test Loss = 0.0648
Epoch 284: Train Loss = 0.1147, Test Loss = 0.0614
Epoch 285: Train Loss = 0.1150, Test Loss = 0.0639
Epoch 286: Train Loss = 0.1185, Test Loss = 0.0602
Epoch 287: Train Loss = 0.1196, Test Loss = 0.0553
Epoch 288: Train Loss = 0.1174, Test Loss = 0.0572
Epoch 289: Train Loss = 0.1162, Test Loss = 0.0598
Epoch 290: Train Loss = 0.1141, Test Loss = 0.0570
Epoch 291: Train Loss = 0.1160, Test Loss = 0.0536
Epoch 292: Train Loss = 0.1163, Test Loss = 0.0640
Epoch 293: Train Loss = 0.1162, Test Loss = 0.0493
Epoch 294: Train Loss = 0.1146, Test Loss = 0.0627
Epoch 295: Train Loss = 0.1200, Test Loss = 0.0549
Epoch 296: Train Loss = 0.1159, Test Loss = 0.0660
Epoch 297: Train Loss = 0.1139, Test Loss = 0.0634
Epoch 298: Train Loss = 0.1165, Test Loss = 0.0516
Epoch 299: Train Loss = 0.1164, Test Loss = 0.0619
Epoch 300: Train Loss = 0.1153, Test Loss = 0.0672
Trial completed in 1635.74s with error: 0.0672
Trial completed!
