Running on host hal0065.amarel.rutgers.edu
Time is Thu Apr 24 14:56:42 EDT 2025
Directory is /home/elp95/tfa-predictor
SLURM job ID is 43168503
Starting trial...
Running trial with config: {'input_size': 3883, 'output_size': 214, 'hidden_sizes': [2048, 1024, 512], 'lr': 0.0049979701284777875, 'weight_decay': 1.3514852657379037e-06, 'batch_size': 128, 'max_epochs': 200, 'dropout_rate': 0.23497225699547147, 'activation': 'leaky_relu', 'optimizer': 'adam', 'learning_rate_schedule': 'step', 'batch_norm': 'true'}
Using data directory: /cache/home/elp95/tfa-predictor/data
xprs_path: /cache/home/elp95/tfa-predictor/data/gene-xprs/processed/xprs-data.csv
tfa_path: /cache/home/elp95/tfa-predictor/data/tfa/processed/tfa-labels.csv
Epoch 1: Train Loss = 0.4919, Test Loss = 1.0104
Epoch 2: Train Loss = 0.2440, Test Loss = 0.1322
Epoch 3: Train Loss = 0.1905, Test Loss = 0.0996
Epoch 4: Train Loss = 0.1631, Test Loss = 0.0619
Epoch 5: Train Loss = 0.1200, Test Loss = 0.0506
Epoch 6: Train Loss = 0.1039, Test Loss = 0.0347
Epoch 7: Train Loss = 0.0828, Test Loss = 0.0336
Epoch 8: Train Loss = 0.0758, Test Loss = 0.0277
Epoch 9: Train Loss = 0.0701, Test Loss = 0.0342
Epoch 10: Train Loss = 0.0679, Test Loss = 0.0323
Epoch 11: Train Loss = 0.0657, Test Loss = 0.0388
Epoch 12: Train Loss = 0.0660, Test Loss = 0.0324
Epoch 13: Train Loss = 0.0620, Test Loss = 0.0281
Epoch 14: Train Loss = 0.0625, Test Loss = 0.0354
Epoch 15: Train Loss = 0.0604, Test Loss = 0.0256
Epoch 16: Train Loss = 0.0592, Test Loss = 0.0284
Epoch 17: Train Loss = 0.0594, Test Loss = 0.0212
Epoch 18: Train Loss = 0.0570, Test Loss = 0.0220
Epoch 19: Train Loss = 0.0568, Test Loss = 0.0220
Epoch 20: Train Loss = 0.0544, Test Loss = 0.0246
Epoch 21: Train Loss = 0.0539, Test Loss = 0.0194
Epoch 22: Train Loss = 0.0488, Test Loss = 0.0171
Epoch 23: Train Loss = 0.0496, Test Loss = 0.0196
Epoch 24: Train Loss = 0.0503, Test Loss = 0.0169
Epoch 25: Train Loss = 0.0494, Test Loss = 0.0187
Epoch 26: Train Loss = 0.0498, Test Loss = 0.0206
Epoch 27: Train Loss = 0.0487, Test Loss = 0.0222
Epoch 28: Train Loss = 0.0479, Test Loss = 0.0231
Epoch 29: Train Loss = 0.0487, Test Loss = 0.0236
Epoch 30: Train Loss = 0.0492, Test Loss = 0.0248
Epoch 31: Train Loss = 0.0483, Test Loss = 0.0244
Epoch 32: Train Loss = 0.0502, Test Loss = 0.0259
Epoch 33: Train Loss = 0.0493, Test Loss = 0.0222
Epoch 34: Train Loss = 0.0470, Test Loss = 0.0180
Epoch 35: Train Loss = 0.0461, Test Loss = 0.0176
Epoch 36: Train Loss = 0.0440, Test Loss = 0.0206
Epoch 37: Train Loss = 0.0457, Test Loss = 0.0186
Epoch 38: Train Loss = 0.0432, Test Loss = 0.0153
Epoch 39: Train Loss = 0.0450, Test Loss = 0.0158
Epoch 40: Train Loss = 0.0434, Test Loss = 0.0169
Epoch 41: Train Loss = 0.0423, Test Loss = 0.0183
Epoch 42: Train Loss = 0.0435, Test Loss = 0.0169
Epoch 43: Train Loss = 0.0435, Test Loss = 0.0207
Epoch 44: Train Loss = 0.0449, Test Loss = 0.0201
Epoch 45: Train Loss = 0.0448, Test Loss = 0.0160
Epoch 46: Train Loss = 0.0439, Test Loss = 0.0163
Epoch 47: Train Loss = 0.0443, Test Loss = 0.0196
Epoch 48: Train Loss = 0.0460, Test Loss = 0.0215
Epoch 49: Train Loss = 0.0435, Test Loss = 0.0178
Epoch 50: Train Loss = 0.0430, Test Loss = 0.0201
Epoch 51: Train Loss = 0.0436, Test Loss = 0.0173
Epoch 52: Train Loss = 0.0437, Test Loss = 0.0173
Epoch 53: Train Loss = 0.0431, Test Loss = 0.0183
Epoch 54: Train Loss = 0.0440, Test Loss = 0.0157
Epoch 55: Train Loss = 0.0418, Test Loss = 0.0179
Epoch 56: Train Loss = 0.0453, Test Loss = 0.0221
Epoch 57: Train Loss = 0.0439, Test Loss = 0.0141
Epoch 58: Train Loss = 0.0415, Test Loss = 0.0158
Epoch 59: Train Loss = 0.0419, Test Loss = 0.0201
Epoch 60: Train Loss = 0.0429, Test Loss = 0.0178
Epoch 61: Train Loss = 0.0435, Test Loss = 0.0189
Epoch 62: Train Loss = 0.0435, Test Loss = 0.0170
Epoch 63: Train Loss = 0.0426, Test Loss = 0.0185
Epoch 64: Train Loss = 0.0416, Test Loss = 0.0202
Epoch 65: Train Loss = 0.0413, Test Loss = 0.0188
Epoch 66: Train Loss = 0.0424, Test Loss = 0.0185
Epoch 67: Train Loss = 0.0420, Test Loss = 0.0159
Epoch 68: Train Loss = 0.0418, Test Loss = 0.0189
Epoch 69: Train Loss = 0.0414, Test Loss = 0.0170
Epoch 70: Train Loss = 0.0431, Test Loss = 0.0179
Epoch 71: Train Loss = 0.0445, Test Loss = 0.0183
Epoch 72: Train Loss = 0.0446, Test Loss = 0.0155
Epoch 73: Train Loss = 0.0428, Test Loss = 0.0181
Epoch 74: Train Loss = 0.0434, Test Loss = 0.0198
Epoch 75: Train Loss = 0.0459, Test Loss = 0.0176
Epoch 76: Train Loss = 0.0466, Test Loss = 0.0188
Epoch 77: Train Loss = 0.0470, Test Loss = 0.0197
Epoch 78: Train Loss = 0.0470, Test Loss = 0.0225
Epoch 79: Train Loss = 0.0466, Test Loss = 0.0202
Epoch 80: Train Loss = 0.0472, Test Loss = 0.0187
Epoch 81: Train Loss = 0.0468, Test Loss = 0.0219
Epoch 82: Train Loss = 0.0453, Test Loss = 0.0185
Epoch 83: Train Loss = 0.0459, Test Loss = 0.0193
Epoch 84: Train Loss = 0.0419, Test Loss = 0.0178
Epoch 85: Train Loss = 0.0420, Test Loss = 0.0193
Epoch 86: Train Loss = 0.0431, Test Loss = 0.0195
Epoch 87: Train Loss = 0.0422, Test Loss = 0.0215
Epoch 88: Train Loss = 0.0441, Test Loss = 0.0189
Epoch 89: Train Loss = 0.0420, Test Loss = 0.0177
Epoch 90: Train Loss = 0.0422, Test Loss = 0.0208
Epoch 91: Train Loss = 0.0424, Test Loss = 0.0192
Epoch 92: Train Loss = 0.0423, Test Loss = 0.0172
Epoch 93: Train Loss = 0.0407, Test Loss = 0.0181
Epoch 94: Train Loss = 0.0402, Test Loss = 0.0174
Epoch 95: Train Loss = 0.0401, Test Loss = 0.0185
Epoch 96: Train Loss = 0.0391, Test Loss = 0.0170
Epoch 97: Train Loss = 0.0392, Test Loss = 0.0176
Epoch 98: Train Loss = 0.0402, Test Loss = 0.0152
Epoch 99: Train Loss = 0.0398, Test Loss = 0.0160
Epoch 100: Train Loss = 0.0388, Test Loss = 0.0164
Epoch 101: Train Loss = 0.0399, Test Loss = 0.0153
Epoch 102: Train Loss = 0.0385, Test Loss = 0.0174
Epoch 103: Train Loss = 0.0390, Test Loss = 0.0158
Epoch 104: Train Loss = 0.0391, Test Loss = 0.0146
Epoch 105: Train Loss = 0.0387, Test Loss = 0.0146
Epoch 106: Train Loss = 0.0409, Test Loss = 0.0148
Epoch 107: Train Loss = 0.0405, Test Loss = 0.0160
Epoch 108: Train Loss = 0.0405, Test Loss = 0.0172
Epoch 109: Train Loss = 0.0415, Test Loss = 0.0155
Epoch 110: Train Loss = 0.0403, Test Loss = 0.0156
Epoch 111: Train Loss = 0.0401, Test Loss = 0.0165
Epoch 112: Train Loss = 0.0396, Test Loss = 0.0153
Epoch 113: Train Loss = 0.0399, Test Loss = 0.0168
Epoch 114: Train Loss = 0.0407, Test Loss = 0.0165
Epoch 115: Train Loss = 0.0401, Test Loss = 0.0185
Epoch 116: Train Loss = 0.0396, Test Loss = 0.0164
Epoch 117: Train Loss = 0.0396, Test Loss = 0.0200
Epoch 118: Train Loss = 0.0404, Test Loss = 0.0191
Epoch 119: Train Loss = 0.0403, Test Loss = 0.0167
Epoch 120: Train Loss = 0.0398, Test Loss = 0.0187
Epoch 121: Train Loss = 0.0430, Test Loss = 0.0210
Epoch 122: Train Loss = 0.0394, Test Loss = 0.0176
Epoch 123: Train Loss = 0.0385, Test Loss = 0.0206
Epoch 124: Train Loss = 0.0388, Test Loss = 0.0187
Epoch 125: Train Loss = 0.0384, Test Loss = 0.0200
Epoch 126: Train Loss = 0.0390, Test Loss = 0.0180
Epoch 127: Train Loss = 0.0389, Test Loss = 0.0181
Epoch 128: Train Loss = 0.0373, Test Loss = 0.0170
Epoch 129: Train Loss = 0.0388, Test Loss = 0.0180
Epoch 130: Train Loss = 0.0390, Test Loss = 0.0198
Epoch 131: Train Loss = 0.0391, Test Loss = 0.0176
Epoch 132: Train Loss = 0.0388, Test Loss = 0.0140
Epoch 133: Train Loss = 0.0386, Test Loss = 0.0180
Epoch 134: Train Loss = 0.0381, Test Loss = 0.0198
Epoch 135: Train Loss = 0.0381, Test Loss = 0.0193
Epoch 136: Train Loss = 0.0383, Test Loss = 0.0162
Epoch 137: Train Loss = 0.0386, Test Loss = 0.0179
Epoch 138: Train Loss = 0.0375, Test Loss = 0.0180
Epoch 139: Train Loss = 0.0369, Test Loss = 0.0165
Epoch 140: Train Loss = 0.0381, Test Loss = 0.0198
Epoch 141: Train Loss = 0.0382, Test Loss = 0.0166
Epoch 142: Train Loss = 0.0378, Test Loss = 0.0186
Epoch 143: Train Loss = 0.0378, Test Loss = 0.0168
Epoch 144: Train Loss = 0.0357, Test Loss = 0.0168
Epoch 145: Train Loss = 0.0362, Test Loss = 0.0189
Epoch 146: Train Loss = 0.0389, Test Loss = 0.0159
Epoch 147: Train Loss = 0.0374, Test Loss = 0.0168
Epoch 148: Train Loss = 0.0386, Test Loss = 0.0174
Epoch 149: Train Loss = 0.0376, Test Loss = 0.0163
Epoch 150: Train Loss = 0.0377, Test Loss = 0.0157
Epoch 151: Train Loss = 0.0360, Test Loss = 0.0159
Epoch 152: Train Loss = 0.0379, Test Loss = 0.0140
Epoch 153: Train Loss = 0.0373, Test Loss = 0.0159
Epoch 154: Train Loss = 0.0377, Test Loss = 0.0173
Epoch 155: Train Loss = 0.0378, Test Loss = 0.0154
Epoch 156: Train Loss = 0.0370, Test Loss = 0.0167
Epoch 157: Train Loss = 0.0369, Test Loss = 0.0156
Epoch 158: Train Loss = 0.0375, Test Loss = 0.0141
Epoch 159: Train Loss = 0.0370, Test Loss = 0.0169
Epoch 160: Train Loss = 0.0393, Test Loss = 0.0168
Epoch 161: Train Loss = 0.0399, Test Loss = 0.0160
Epoch 162: Train Loss = 0.0409, Test Loss = 0.0197
Epoch 163: Train Loss = 0.0418, Test Loss = 0.0163
Epoch 164: Train Loss = 0.0416, Test Loss = 0.0151
Epoch 165: Train Loss = 0.0373, Test Loss = 0.0156
Epoch 166: Train Loss = 0.0401, Test Loss = 0.0160
Epoch 167: Train Loss = 0.0390, Test Loss = 0.0165
Epoch 168: Train Loss = 0.0397, Test Loss = 0.0168
Epoch 169: Train Loss = 0.0386, Test Loss = 0.0163
Epoch 170: Train Loss = 0.0388, Test Loss = 0.0161
Epoch 171: Train Loss = 0.0374, Test Loss = 0.0148
Epoch 172: Train Loss = 0.0391, Test Loss = 0.0156
Epoch 173: Train Loss = 0.0385, Test Loss = 0.0146
Epoch 174: Train Loss = 0.0370, Test Loss = 0.0142
Epoch 175: Train Loss = 0.0375, Test Loss = 0.0162
Epoch 176: Train Loss = 0.0370, Test Loss = 0.0165
Epoch 177: Train Loss = 0.0375, Test Loss = 0.0167
Epoch 178: Train Loss = 0.0380, Test Loss = 0.0135
Epoch 179: Train Loss = 0.0397, Test Loss = 0.0136
Epoch 180: Train Loss = 0.0393, Test Loss = 0.0170
Epoch 181: Train Loss = 0.0374, Test Loss = 0.0160
Epoch 182: Train Loss = 0.0372, Test Loss = 0.0128
Epoch 183: Train Loss = 0.0379, Test Loss = 0.0142
Epoch 184: Train Loss = 0.0387, Test Loss = 0.0151
Epoch 185: Train Loss = 0.0388, Test Loss = 0.0164
Epoch 186: Train Loss = 0.0390, Test Loss = 0.0154
Epoch 187: Train Loss = 0.0379, Test Loss = 0.0143
Epoch 188: Train Loss = 0.0372, Test Loss = 0.0151
Epoch 189: Train Loss = 0.0384, Test Loss = 0.0160
Epoch 190: Train Loss = 0.0378, Test Loss = 0.0149
Epoch 191: Train Loss = 0.0390, Test Loss = 0.0180
Epoch 192: Train Loss = 0.0386, Test Loss = 0.0143
Epoch 193: Train Loss = 0.0386, Test Loss = 0.0160
Epoch 194: Train Loss = 0.0389, Test Loss = 0.0155
Epoch 195: Train Loss = 0.0379, Test Loss = 0.0163
Epoch 196: Train Loss = 0.0379, Test Loss = 0.0142
Epoch 197: Train Loss = 0.0378, Test Loss = 0.0155
Epoch 198: Train Loss = 0.0380, Test Loss = 0.0154
Epoch 199: Train Loss = 0.0390, Test Loss = 0.0176
Epoch 200: Train Loss = 0.0402, Test Loss = 0.0160
Trial completed in 309.65s with error: 0.0160
Trial completed!
