Running on host hal0025.amarel.rutgers.edu
Time is Thu Apr 24 15:09:06 EDT 2025
Directory is /home/elp95/tfa-predictor
SLURM job ID is 43168616
Starting trial...
Running trial with config: {'input_size': 3883, 'output_size': 214, 'hidden_sizes': [512, 256, 128], 'lr': 0.003176232498686664, 'weight_decay': 1.1091998785656289e-05, 'batch_size': 64, 'max_epochs': 300, 'dropout_rate': 0.019593163337823127, 'activation': 'relu', 'optimizer': 'adam', 'learning_rate_schedule': 'none', 'batch_norm': 'true'}
Using data directory: /cache/home/elp95/tfa-predictor/data
xprs_path: /cache/home/elp95/tfa-predictor/data/gene-xprs/processed/xprs-data.csv
tfa_path: /cache/home/elp95/tfa-predictor/data/tfa/processed/tfa-labels.csv
Epoch 1: Train Loss = 0.4555, Test Loss = 0.0960
Epoch 2: Train Loss = 0.2085, Test Loss = 0.0600
Epoch 3: Train Loss = 0.1638, Test Loss = 0.0475
Epoch 4: Train Loss = 0.1465, Test Loss = 0.0446
Epoch 5: Train Loss = 0.1279, Test Loss = 0.0401
Epoch 6: Train Loss = 0.1248, Test Loss = 0.0370
Epoch 7: Train Loss = 0.1202, Test Loss = 0.0443
Epoch 8: Train Loss = 0.1195, Test Loss = 0.0376
Epoch 9: Train Loss = 0.1163, Test Loss = 0.0331
Epoch 10: Train Loss = 0.1111, Test Loss = 0.0327
Epoch 11: Train Loss = 0.1139, Test Loss = 0.0371
Epoch 12: Train Loss = 0.1104, Test Loss = 0.0333
Epoch 13: Train Loss = 0.1116, Test Loss = 0.0347
Epoch 14: Train Loss = 0.1093, Test Loss = 0.0366
Epoch 15: Train Loss = 0.1033, Test Loss = 0.0324
Epoch 16: Train Loss = 0.1070, Test Loss = 0.0389
Epoch 17: Train Loss = 0.1048, Test Loss = 0.0326
Epoch 18: Train Loss = 0.1039, Test Loss = 0.0393
Epoch 19: Train Loss = 0.1035, Test Loss = 0.0345
Epoch 20: Train Loss = 0.1056, Test Loss = 0.0327
Epoch 21: Train Loss = 0.1066, Test Loss = 0.0333
Epoch 22: Train Loss = 0.1031, Test Loss = 0.0377
Epoch 23: Train Loss = 0.1012, Test Loss = 0.0339
Epoch 24: Train Loss = 0.1006, Test Loss = 0.0317
Epoch 25: Train Loss = 0.1033, Test Loss = 0.0318
Epoch 26: Train Loss = 0.1014, Test Loss = 0.0322
Epoch 27: Train Loss = 0.1002, Test Loss = 0.0322
Epoch 28: Train Loss = 0.0983, Test Loss = 0.0305
Epoch 29: Train Loss = 0.0996, Test Loss = 0.0348
Epoch 30: Train Loss = 0.0980, Test Loss = 0.0356
Epoch 31: Train Loss = 0.1043, Test Loss = 0.0376
Epoch 32: Train Loss = 0.1043, Test Loss = 0.0351
Epoch 33: Train Loss = 0.1011, Test Loss = 0.0314
Epoch 34: Train Loss = 0.1008, Test Loss = 0.0373
Epoch 35: Train Loss = 0.1033, Test Loss = 0.0303
Epoch 36: Train Loss = 0.0997, Test Loss = 0.0342
Epoch 37: Train Loss = 0.0984, Test Loss = 0.0309
Epoch 38: Train Loss = 0.0983, Test Loss = 0.0327
Epoch 39: Train Loss = 0.0977, Test Loss = 0.0304
Epoch 40: Train Loss = 0.0994, Test Loss = 0.0327
Epoch 41: Train Loss = 0.0988, Test Loss = 0.0317
Epoch 42: Train Loss = 0.1000, Test Loss = 0.0347
Epoch 43: Train Loss = 0.0984, Test Loss = 0.0325
Epoch 44: Train Loss = 0.1023, Test Loss = 0.0362
Epoch 45: Train Loss = 0.0992, Test Loss = 0.0301
Epoch 46: Train Loss = 0.0990, Test Loss = 0.0334
Epoch 47: Train Loss = 0.0972, Test Loss = 0.0333
Epoch 48: Train Loss = 0.0980, Test Loss = 0.0292
Epoch 49: Train Loss = 0.0995, Test Loss = 0.0299
Epoch 50: Train Loss = 0.1027, Test Loss = 0.0322
Epoch 51: Train Loss = 0.1008, Test Loss = 0.0331
Epoch 52: Train Loss = 0.0977, Test Loss = 0.0323
Epoch 53: Train Loss = 0.1007, Test Loss = 0.0280
Epoch 54: Train Loss = 0.1010, Test Loss = 0.0317
Epoch 55: Train Loss = 0.0999, Test Loss = 0.0319
Epoch 56: Train Loss = 0.0960, Test Loss = 0.0349
Epoch 57: Train Loss = 0.0978, Test Loss = 0.0325
Epoch 58: Train Loss = 0.1002, Test Loss = 0.0381
Epoch 59: Train Loss = 0.0970, Test Loss = 0.0293
Epoch 60: Train Loss = 0.0988, Test Loss = 0.0319
Epoch 61: Train Loss = 0.0963, Test Loss = 0.0324
Epoch 62: Train Loss = 0.1011, Test Loss = 0.0354
Epoch 63: Train Loss = 0.0947, Test Loss = 0.0325
Epoch 64: Train Loss = 0.0939, Test Loss = 0.0312
Epoch 65: Train Loss = 0.0941, Test Loss = 0.0329
Epoch 66: Train Loss = 0.0941, Test Loss = 0.0289
Epoch 67: Train Loss = 0.0993, Test Loss = 0.0364
Epoch 68: Train Loss = 0.0971, Test Loss = 0.0310
Epoch 69: Train Loss = 0.0911, Test Loss = 0.0297
Epoch 70: Train Loss = 0.0966, Test Loss = 0.0303
Epoch 71: Train Loss = 0.0955, Test Loss = 0.0306
Epoch 72: Train Loss = 0.0953, Test Loss = 0.0307
Epoch 73: Train Loss = 0.0951, Test Loss = 0.0332
Epoch 74: Train Loss = 0.0958, Test Loss = 0.0337
Epoch 75: Train Loss = 0.0951, Test Loss = 0.0309
Epoch 76: Train Loss = 0.0969, Test Loss = 0.0304
Epoch 77: Train Loss = 0.0952, Test Loss = 0.0297
Epoch 78: Train Loss = 0.0980, Test Loss = 0.0303
Epoch 79: Train Loss = 0.0929, Test Loss = 0.0322
Epoch 80: Train Loss = 0.0972, Test Loss = 0.0310
Epoch 81: Train Loss = 0.0929, Test Loss = 0.0279
Epoch 82: Train Loss = 0.0935, Test Loss = 0.0320
Epoch 83: Train Loss = 0.0959, Test Loss = 0.0293
Epoch 84: Train Loss = 0.0947, Test Loss = 0.0308
Epoch 85: Train Loss = 0.0967, Test Loss = 0.0334
Epoch 86: Train Loss = 0.0991, Test Loss = 0.0369
Epoch 87: Train Loss = 0.0972, Test Loss = 0.0317
Epoch 88: Train Loss = 0.0956, Test Loss = 0.0310
Epoch 89: Train Loss = 0.0983, Test Loss = 0.0303
Epoch 90: Train Loss = 0.0962, Test Loss = 0.0333
Epoch 91: Train Loss = 0.0944, Test Loss = 0.0325
Epoch 92: Train Loss = 0.0926, Test Loss = 0.0326
Epoch 93: Train Loss = 0.0959, Test Loss = 0.0368
Epoch 94: Train Loss = 0.1004, Test Loss = 0.0322
Epoch 95: Train Loss = 0.0963, Test Loss = 0.0311
Epoch 96: Train Loss = 0.0979, Test Loss = 0.0346
Epoch 97: Train Loss = 0.0959, Test Loss = 0.0324
Epoch 98: Train Loss = 0.0956, Test Loss = 0.0308
Epoch 99: Train Loss = 0.0965, Test Loss = 0.0361
Epoch 100: Train Loss = 0.0954, Test Loss = 0.0344
Epoch 101: Train Loss = 0.0920, Test Loss = 0.0305
Epoch 102: Train Loss = 0.0942, Test Loss = 0.0323
Epoch 103: Train Loss = 0.0994, Test Loss = 0.0311
Epoch 104: Train Loss = 0.0919, Test Loss = 0.0312
Epoch 105: Train Loss = 0.0949, Test Loss = 0.0334
Epoch 106: Train Loss = 0.0956, Test Loss = 0.0318
Epoch 107: Train Loss = 0.0936, Test Loss = 0.0310
Epoch 108: Train Loss = 0.0982, Test Loss = 0.0312
Epoch 109: Train Loss = 0.0972, Test Loss = 0.0335
Epoch 110: Train Loss = 0.0937, Test Loss = 0.0291
Epoch 111: Train Loss = 0.0972, Test Loss = 0.0313
Epoch 112: Train Loss = 0.0999, Test Loss = 0.0319
Epoch 113: Train Loss = 0.0935, Test Loss = 0.0305
Epoch 114: Train Loss = 0.0976, Test Loss = 0.0330
Epoch 115: Train Loss = 0.0979, Test Loss = 0.0319
Epoch 116: Train Loss = 0.0993, Test Loss = 0.0323
Epoch 117: Train Loss = 0.0942, Test Loss = 0.0318
Epoch 118: Train Loss = 0.0935, Test Loss = 0.0283
Epoch 119: Train Loss = 0.0948, Test Loss = 0.0325
Epoch 120: Train Loss = 0.0933, Test Loss = 0.0299
Epoch 121: Train Loss = 0.0940, Test Loss = 0.0297
Epoch 122: Train Loss = 0.0964, Test Loss = 0.0309
Epoch 123: Train Loss = 0.0966, Test Loss = 0.0333
Epoch 124: Train Loss = 0.0995, Test Loss = 0.0329
Epoch 125: Train Loss = 0.0959, Test Loss = 0.0286
Epoch 126: Train Loss = 0.0941, Test Loss = 0.0312
Epoch 127: Train Loss = 0.0960, Test Loss = 0.0325
Epoch 128: Train Loss = 0.0964, Test Loss = 0.0303
Epoch 129: Train Loss = 0.0925, Test Loss = 0.0322
Epoch 130: Train Loss = 0.0996, Test Loss = 0.0350
Epoch 131: Train Loss = 0.0948, Test Loss = 0.0326
Epoch 132: Train Loss = 0.0938, Test Loss = 0.0358
Epoch 133: Train Loss = 0.0964, Test Loss = 0.0309
Epoch 134: Train Loss = 0.0928, Test Loss = 0.0344
Epoch 135: Train Loss = 0.0970, Test Loss = 0.0349
Epoch 136: Train Loss = 0.0971, Test Loss = 0.0298
Epoch 137: Train Loss = 0.1020, Test Loss = 0.0329
Epoch 138: Train Loss = 0.0972, Test Loss = 0.0321
Epoch 139: Train Loss = 0.0952, Test Loss = 0.0323
Epoch 140: Train Loss = 0.0976, Test Loss = 0.0339
Epoch 141: Train Loss = 0.0976, Test Loss = 0.0336
Epoch 142: Train Loss = 0.0951, Test Loss = 0.0376
Epoch 143: Train Loss = 0.0971, Test Loss = 0.0350
Epoch 144: Train Loss = 0.0941, Test Loss = 0.0312
Epoch 145: Train Loss = 0.0984, Test Loss = 0.0372
Epoch 146: Train Loss = 0.1020, Test Loss = 0.0334
Epoch 147: Train Loss = 0.1003, Test Loss = 0.0314
Epoch 148: Train Loss = 0.0992, Test Loss = 0.0352
Epoch 149: Train Loss = 0.0951, Test Loss = 0.0309
Epoch 150: Train Loss = 0.0935, Test Loss = 0.0322
Epoch 151: Train Loss = 0.0951, Test Loss = 0.0331
Epoch 152: Train Loss = 0.0959, Test Loss = 0.0325
Epoch 153: Train Loss = 0.0960, Test Loss = 0.0331
Epoch 154: Train Loss = 0.0935, Test Loss = 0.0316
Epoch 155: Train Loss = 0.0914, Test Loss = 0.0317
Epoch 156: Train Loss = 0.0981, Test Loss = 0.0320
Epoch 157: Train Loss = 0.0951, Test Loss = 0.0332
Epoch 158: Train Loss = 0.0963, Test Loss = 0.0346
Epoch 159: Train Loss = 0.0963, Test Loss = 0.0353
Epoch 160: Train Loss = 0.0949, Test Loss = 0.0328
Epoch 161: Train Loss = 0.0983, Test Loss = 0.0339
Epoch 162: Train Loss = 0.0951, Test Loss = 0.0344
Epoch 163: Train Loss = 0.1013, Test Loss = 0.0304
Epoch 164: Train Loss = 0.0952, Test Loss = 0.0344
Epoch 165: Train Loss = 0.0951, Test Loss = 0.0335
Epoch 166: Train Loss = 0.0937, Test Loss = 0.0330
Epoch 167: Train Loss = 0.0917, Test Loss = 0.0317
Epoch 168: Train Loss = 0.0977, Test Loss = 0.0325
Epoch 169: Train Loss = 0.0918, Test Loss = 0.0343
Epoch 170: Train Loss = 0.0900, Test Loss = 0.0316
Epoch 171: Train Loss = 0.0952, Test Loss = 0.0360
Epoch 172: Train Loss = 0.0952, Test Loss = 0.0293
Epoch 173: Train Loss = 0.0956, Test Loss = 0.0349
Epoch 174: Train Loss = 0.1021, Test Loss = 0.0354
Epoch 175: Train Loss = 0.0992, Test Loss = 0.0337
Epoch 176: Train Loss = 0.0990, Test Loss = 0.0354
Epoch 177: Train Loss = 0.0971, Test Loss = 0.0343
Epoch 178: Train Loss = 0.0960, Test Loss = 0.0326
Epoch 179: Train Loss = 0.0974, Test Loss = 0.0348
Epoch 180: Train Loss = 0.0957, Test Loss = 0.0299
Epoch 181: Train Loss = 0.0929, Test Loss = 0.0373
Epoch 182: Train Loss = 0.0925, Test Loss = 0.0337
Epoch 183: Train Loss = 0.0956, Test Loss = 0.0313
Epoch 184: Train Loss = 0.0965, Test Loss = 0.0316
Epoch 185: Train Loss = 0.0910, Test Loss = 0.0331
Epoch 186: Train Loss = 0.0926, Test Loss = 0.0360
Epoch 187: Train Loss = 0.0932, Test Loss = 0.0325
Epoch 188: Train Loss = 0.0963, Test Loss = 0.0343
Epoch 189: Train Loss = 0.0965, Test Loss = 0.0363
Epoch 190: Train Loss = 0.0934, Test Loss = 0.0318
Epoch 191: Train Loss = 0.0937, Test Loss = 0.0332
Epoch 192: Train Loss = 0.0943, Test Loss = 0.0333
Epoch 193: Train Loss = 0.0954, Test Loss = 0.0356
Epoch 194: Train Loss = 0.0951, Test Loss = 0.0303
Epoch 195: Train Loss = 0.0990, Test Loss = 0.0339
Epoch 196: Train Loss = 0.0963, Test Loss = 0.0330
Epoch 197: Train Loss = 0.0980, Test Loss = 0.0335
Epoch 198: Train Loss = 0.0962, Test Loss = 0.0377
Epoch 199: Train Loss = 0.0936, Test Loss = 0.0327
Epoch 200: Train Loss = 0.0928, Test Loss = 0.0312
Epoch 201: Train Loss = 0.0933, Test Loss = 0.0317
Epoch 202: Train Loss = 0.0966, Test Loss = 0.0300
Epoch 203: Train Loss = 0.0960, Test Loss = 0.0320
Epoch 204: Train Loss = 0.0943, Test Loss = 0.0336
Epoch 205: Train Loss = 0.0941, Test Loss = 0.0336
Epoch 206: Train Loss = 0.0982, Test Loss = 0.0360
Epoch 207: Train Loss = 0.0931, Test Loss = 0.0344
Epoch 208: Train Loss = 0.0967, Test Loss = 0.0354
Epoch 209: Train Loss = 0.0920, Test Loss = 0.0333
Epoch 210: Train Loss = 0.0934, Test Loss = 0.0307
Epoch 211: Train Loss = 0.0953, Test Loss = 0.0301
Epoch 212: Train Loss = 0.0989, Test Loss = 0.0330
Epoch 213: Train Loss = 0.0947, Test Loss = 0.0373
Epoch 214: Train Loss = 0.0960, Test Loss = 0.0329
Epoch 215: Train Loss = 0.0953, Test Loss = 0.0367
Epoch 216: Train Loss = 0.1046, Test Loss = 0.0404
Epoch 217: Train Loss = 0.1030, Test Loss = 0.0361
Epoch 218: Train Loss = 0.0969, Test Loss = 0.0332
Epoch 219: Train Loss = 0.0935, Test Loss = 0.0314
Epoch 220: Train Loss = 0.0934, Test Loss = 0.0357
Epoch 221: Train Loss = 0.0953, Test Loss = 0.0365
Epoch 222: Train Loss = 0.0964, Test Loss = 0.0362
Epoch 223: Train Loss = 0.0977, Test Loss = 0.0321
Epoch 224: Train Loss = 0.0965, Test Loss = 0.0380
Epoch 225: Train Loss = 0.0997, Test Loss = 0.0333
Epoch 226: Train Loss = 0.0977, Test Loss = 0.0328
Epoch 227: Train Loss = 0.0962, Test Loss = 0.0329
Epoch 228: Train Loss = 0.0929, Test Loss = 0.0338
Epoch 229: Train Loss = 0.0925, Test Loss = 0.0320
Epoch 230: Train Loss = 0.0913, Test Loss = 0.0335
Epoch 231: Train Loss = 0.0940, Test Loss = 0.0323
Epoch 232: Train Loss = 0.0971, Test Loss = 0.0373
Epoch 233: Train Loss = 0.0941, Test Loss = 0.0328
Epoch 234: Train Loss = 0.0941, Test Loss = 0.0352
Epoch 235: Train Loss = 0.0923, Test Loss = 0.0333
Epoch 236: Train Loss = 0.0968, Test Loss = 0.0381
Epoch 237: Train Loss = 0.0925, Test Loss = 0.0352
Epoch 238: Train Loss = 0.1006, Test Loss = 0.0365
Epoch 239: Train Loss = 0.0974, Test Loss = 0.0397
Epoch 240: Train Loss = 0.0951, Test Loss = 0.0344
Epoch 241: Train Loss = 0.0945, Test Loss = 0.0366
Epoch 242: Train Loss = 0.0925, Test Loss = 0.0323
Epoch 243: Train Loss = 0.0970, Test Loss = 0.0295
Epoch 244: Train Loss = 0.0951, Test Loss = 0.0312
Epoch 245: Train Loss = 0.0950, Test Loss = 0.0347
Epoch 246: Train Loss = 0.0960, Test Loss = 0.0353
Epoch 247: Train Loss = 0.0946, Test Loss = 0.0315
Epoch 248: Train Loss = 0.0959, Test Loss = 0.0316
Epoch 249: Train Loss = 0.0929, Test Loss = 0.0299
Epoch 250: Train Loss = 0.0938, Test Loss = 0.0364
Epoch 251: Train Loss = 0.0939, Test Loss = 0.0334
Epoch 252: Train Loss = 0.0936, Test Loss = 0.0327
Epoch 253: Train Loss = 0.0935, Test Loss = 0.0333
Epoch 254: Train Loss = 0.0919, Test Loss = 0.0331
Epoch 255: Train Loss = 0.0983, Test Loss = 0.0331
Epoch 256: Train Loss = 0.0975, Test Loss = 0.0357
Epoch 257: Train Loss = 0.0979, Test Loss = 0.0320
Epoch 258: Train Loss = 0.0933, Test Loss = 0.0328
Epoch 259: Train Loss = 0.0951, Test Loss = 0.0391
Epoch 260: Train Loss = 0.0928, Test Loss = 0.0345
Epoch 261: Train Loss = 0.0944, Test Loss = 0.0366
Epoch 262: Train Loss = 0.0943, Test Loss = 0.0360
Epoch 263: Train Loss = 0.0947, Test Loss = 0.0374
Epoch 264: Train Loss = 0.0971, Test Loss = 0.0345
Epoch 265: Train Loss = 0.0985, Test Loss = 0.0309
Epoch 266: Train Loss = 0.0931, Test Loss = 0.0335
Epoch 267: Train Loss = 0.0939, Test Loss = 0.0319
Epoch 268: Train Loss = 0.0953, Test Loss = 0.0352
Epoch 269: Train Loss = 0.0938, Test Loss = 0.0299
Epoch 270: Train Loss = 0.0982, Test Loss = 0.0351
Epoch 271: Train Loss = 0.0942, Test Loss = 0.0329
Epoch 272: Train Loss = 0.0962, Test Loss = 0.0327
Epoch 273: Train Loss = 0.0957, Test Loss = 0.0326
Epoch 274: Train Loss = 0.0949, Test Loss = 0.0340
Epoch 275: Train Loss = 0.0960, Test Loss = 0.0335
Epoch 276: Train Loss = 0.0990, Test Loss = 0.0295
Epoch 277: Train Loss = 0.0990, Test Loss = 0.0370
Epoch 278: Train Loss = 0.1015, Test Loss = 0.0327
Epoch 279: Train Loss = 0.0945, Test Loss = 0.0410
Epoch 280: Train Loss = 0.0982, Test Loss = 0.0353
Epoch 281: Train Loss = 0.0953, Test Loss = 0.0350
Epoch 282: Train Loss = 0.0940, Test Loss = 0.0359
Epoch 283: Train Loss = 0.0939, Test Loss = 0.0311
Epoch 284: Train Loss = 0.0930, Test Loss = 0.0377
Epoch 285: Train Loss = 0.0962, Test Loss = 0.0341
Epoch 286: Train Loss = 0.0969, Test Loss = 0.0332
Epoch 287: Train Loss = 0.0948, Test Loss = 0.0337
Epoch 288: Train Loss = 0.0930, Test Loss = 0.0339
Epoch 289: Train Loss = 0.0956, Test Loss = 0.0335
Epoch 290: Train Loss = 0.0951, Test Loss = 0.0317
Epoch 291: Train Loss = 0.0948, Test Loss = 0.0338
Epoch 292: Train Loss = 0.0928, Test Loss = 0.0325
Epoch 293: Train Loss = 0.0914, Test Loss = 0.0304
Epoch 294: Train Loss = 0.0946, Test Loss = 0.0337
Epoch 295: Train Loss = 0.0961, Test Loss = 0.0325
Epoch 296: Train Loss = 0.0962, Test Loss = 0.0392
Epoch 297: Train Loss = 0.0961, Test Loss = 0.0339
Epoch 298: Train Loss = 0.0943, Test Loss = 0.0352
Epoch 299: Train Loss = 0.0943, Test Loss = 0.0338
Epoch 300: Train Loss = 0.0934, Test Loss = 0.0370
Trial completed in 225.34s with error: 0.0370
Trial completed!
