Running on host hal0012.amarel.rutgers.edu
Time is Thu Apr 24 13:11:24 EDT 2025
Directory is /home/elp95/tfa-predictor
SLURM job ID is 43167375
Starting trial...
Running trial with config: {'input_size': 3883, 'output_size': 214, 'hidden_sizes': [2048, 1024, 512, 256], 'lr': 0.001096821720752952, 'weight_decay': 0.00012399967836846095, 'batch_size': 64, 'max_epochs': 50}
Using data directory: /cache/home/elp95/tfa-predictor/data
xprs_path: /cache/home/elp95/tfa-predictor/data/gene-xprs/processed/xprs-data.csv
tfa_path: /cache/home/elp95/tfa-predictor/data/tfa/processed/tfa-labels.csv
Epoch 1: Train Loss = 0.5335, Test Loss = 0.1494
Epoch 2: Train Loss = 0.3102, Test Loss = 0.1040
Epoch 3: Train Loss = 0.2471, Test Loss = 0.0863
Epoch 4: Train Loss = 0.2116, Test Loss = 0.0785
Epoch 5: Train Loss = 0.1975, Test Loss = 0.0792
Epoch 6: Train Loss = 0.1868, Test Loss = 0.0756
Epoch 7: Train Loss = 0.1761, Test Loss = 0.0749
Epoch 8: Train Loss = 0.1613, Test Loss = 0.0599
Epoch 9: Train Loss = 0.1595, Test Loss = 0.0656
Epoch 10: Train Loss = 0.1702, Test Loss = 0.0602
Epoch 11: Train Loss = 0.1552, Test Loss = 0.0776
Epoch 12: Train Loss = 0.1579, Test Loss = 0.0600
Epoch 13: Train Loss = 0.1496, Test Loss = 0.0562
Epoch 14: Train Loss = 0.1502, Test Loss = 0.0725
Epoch 15: Train Loss = 0.1528, Test Loss = 0.0544
Epoch 16: Train Loss = 0.1433, Test Loss = 0.0675
Epoch 17: Train Loss = 0.1640, Test Loss = 0.0656
Epoch 18: Train Loss = 0.1489, Test Loss = 0.0569
Epoch 19: Train Loss = 0.1483, Test Loss = 0.0587
Epoch 20: Train Loss = 0.1443, Test Loss = 0.0543
Epoch 21: Train Loss = 0.1541, Test Loss = 0.0775
Epoch 22: Train Loss = 0.1580, Test Loss = 0.0586
Epoch 23: Train Loss = 0.1441, Test Loss = 0.0587
Epoch 24: Train Loss = 0.1433, Test Loss = 0.0538
Epoch 25: Train Loss = 0.1437, Test Loss = 0.0548
Epoch 26: Train Loss = 0.1498, Test Loss = 0.0600
Epoch 27: Train Loss = 0.1491, Test Loss = 0.0548
Epoch 28: Train Loss = 0.1459, Test Loss = 0.0504
Epoch 29: Train Loss = 0.1493, Test Loss = 0.0577
Epoch 30: Train Loss = 0.1579, Test Loss = 0.0526
Epoch 31: Train Loss = 0.1317, Test Loss = 0.0475
Epoch 32: Train Loss = 0.1473, Test Loss = 0.0587
Epoch 33: Train Loss = 0.1434, Test Loss = 0.0508
Epoch 34: Train Loss = 0.1523, Test Loss = 0.0622
Epoch 35: Train Loss = 0.1510, Test Loss = 0.0552
Epoch 36: Train Loss = 0.1372, Test Loss = 0.0556
Epoch 37: Train Loss = 0.1343, Test Loss = 0.0458
Epoch 38: Train Loss = 0.1329, Test Loss = 0.0597
Epoch 39: Train Loss = 0.1360, Test Loss = 0.0488
Epoch 40: Train Loss = 0.1454, Test Loss = 0.0550
Epoch 41: Train Loss = 0.1466, Test Loss = 0.0447
Epoch 42: Train Loss = 0.1391, Test Loss = 0.0527
Epoch 43: Train Loss = 0.1439, Test Loss = 0.0610
Epoch 44: Train Loss = 0.1486, Test Loss = 0.0446
Epoch 45: Train Loss = 0.1369, Test Loss = 0.0459
Epoch 46: Train Loss = 0.1357, Test Loss = 0.0529
Epoch 47: Train Loss = 0.1317, Test Loss = 0.0600
Epoch 48: Train Loss = 0.1512, Test Loss = 0.0517
Epoch 49: Train Loss = 0.1528, Test Loss = 0.0589
Epoch 50: Train Loss = 0.1364, Test Loss = 0.0697
Trial completed in 179.59s with error: 0.0697
Trial completed!
