Running on host hal0032.amarel.rutgers.edu
Time is Thu Apr 24 14:55:09 EDT 2025
Directory is /home/elp95/tfa-predictor
SLURM job ID is 43168491
Starting trial...
Running trial with config: {'input_size': 3883, 'output_size': 214, 'hidden_sizes': [1024, 1024, 512, 256], 'lr': 0.00014597464291287915, 'weight_decay': 1.2572057357983703e-05, 'batch_size': 64, 'max_epochs': 50, 'dropout_rate': 0.1540303959261946, 'activation': 'selu', 'optimizer': 'rmsprop', 'learning_rate_schedule': 'cosine', 'batch_norm': 'true'}
Using data directory: /cache/home/elp95/tfa-predictor/data
xprs_path: /cache/home/elp95/tfa-predictor/data/gene-xprs/processed/xprs-data.csv
tfa_path: /cache/home/elp95/tfa-predictor/data/tfa/processed/tfa-labels.csv
Epoch 1: Train Loss = 0.8958, Test Loss = 0.2654
Epoch 2: Train Loss = 0.4602, Test Loss = 0.1485
Epoch 3: Train Loss = 0.3659, Test Loss = 0.1095
Epoch 4: Train Loss = 0.3199, Test Loss = 0.0879
Epoch 5: Train Loss = 0.2892, Test Loss = 0.0743
Epoch 6: Train Loss = 0.2712, Test Loss = 0.0640
Epoch 7: Train Loss = 0.2488, Test Loss = 0.0569
Epoch 8: Train Loss = 0.2392, Test Loss = 0.0535
Epoch 9: Train Loss = 0.2229, Test Loss = 0.0523
Epoch 10: Train Loss = 0.2155, Test Loss = 0.0457
Epoch 11: Train Loss = 0.2030, Test Loss = 0.0440
Epoch 12: Train Loss = 0.1954, Test Loss = 0.0419
Epoch 13: Train Loss = 0.1881, Test Loss = 0.0394
Epoch 14: Train Loss = 0.1832, Test Loss = 0.0380
Epoch 15: Train Loss = 0.1777, Test Loss = 0.0372
Epoch 16: Train Loss = 0.1688, Test Loss = 0.0352
Epoch 17: Train Loss = 0.1635, Test Loss = 0.0347
Epoch 18: Train Loss = 0.1555, Test Loss = 0.0319
Epoch 19: Train Loss = 0.1542, Test Loss = 0.0326
Epoch 20: Train Loss = 0.1495, Test Loss = 0.0320
Epoch 21: Train Loss = 0.1445, Test Loss = 0.0312
Epoch 22: Train Loss = 0.1392, Test Loss = 0.0325
Epoch 23: Train Loss = 0.1379, Test Loss = 0.0292
Epoch 24: Train Loss = 0.1328, Test Loss = 0.0297
Epoch 25: Train Loss = 0.1290, Test Loss = 0.0291
Epoch 26: Train Loss = 0.1269, Test Loss = 0.0315
Epoch 27: Train Loss = 0.1252, Test Loss = 0.0276
Epoch 28: Train Loss = 0.1228, Test Loss = 0.0287
Epoch 29: Train Loss = 0.1187, Test Loss = 0.0275
Epoch 30: Train Loss = 0.1151, Test Loss = 0.0275
Epoch 31: Train Loss = 0.1127, Test Loss = 0.0268
Epoch 32: Train Loss = 0.1115, Test Loss = 0.0270
Epoch 33: Train Loss = 0.1096, Test Loss = 0.0278
Epoch 34: Train Loss = 0.1050, Test Loss = 0.0258
Epoch 35: Train Loss = 0.1050, Test Loss = 0.0261
Epoch 36: Train Loss = 0.1022, Test Loss = 0.0266
Epoch 37: Train Loss = 0.1018, Test Loss = 0.0254
Epoch 38: Train Loss = 0.0983, Test Loss = 0.0242
Epoch 39: Train Loss = 0.0965, Test Loss = 0.0257
Epoch 40: Train Loss = 0.0953, Test Loss = 0.0244
Epoch 41: Train Loss = 0.0962, Test Loss = 0.0237
Epoch 42: Train Loss = 0.0928, Test Loss = 0.0251
Epoch 43: Train Loss = 0.0916, Test Loss = 0.0246
Epoch 44: Train Loss = 0.0912, Test Loss = 0.0237
Epoch 45: Train Loss = 0.0886, Test Loss = 0.0229
Epoch 46: Train Loss = 0.0932, Test Loss = 0.0238
Epoch 47: Train Loss = 0.0881, Test Loss = 0.0233
Epoch 48: Train Loss = 0.0862, Test Loss = 0.0233
Epoch 49: Train Loss = 0.0835, Test Loss = 0.0238
Epoch 50: Train Loss = 0.0832, Test Loss = 0.0236
Trial completed in 80.32s with error: 0.0236
Trial completed!
