Running on host hal0025.amarel.rutgers.edu
Time is Thu Apr 24 15:16:53 EDT 2025
Directory is /home/elp95/tfa-predictor
SLURM job ID is 43168687
Starting trial...
Running trial with config: {'input_size': 3883, 'output_size': 214, 'hidden_sizes': [4096, 2048, 1024, 512], 'lr': 0.011411913936791813, 'weight_decay': 2.1557204762564076e-06, 'batch_size': 64, 'max_epochs': 300, 'dropout_rate': 0.005676822383709534, 'activation': 'selu', 'optimizer': 'adamw', 'learning_rate_schedule': 'step', 'batch_norm': 'false'}
Using data directory: /cache/home/elp95/tfa-predictor/data
xprs_path: /cache/home/elp95/tfa-predictor/data/gene-xprs/processed/xprs-data.csv
tfa_path: /cache/home/elp95/tfa-predictor/data/tfa/processed/tfa-labels.csv
Epoch 1: Train Loss = 0.7163, Test Loss = 0.2424
Epoch 2: Train Loss = 0.3534, Test Loss = 0.1400
Epoch 3: Train Loss = 0.2524, Test Loss = 0.0978
Epoch 4: Train Loss = 0.1958, Test Loss = 0.0834
Epoch 5: Train Loss = 0.1558, Test Loss = 0.0805
Epoch 6: Train Loss = 0.1463, Test Loss = 0.0751
Epoch 7: Train Loss = 0.1238, Test Loss = 0.0523
Epoch 8: Train Loss = 0.1172, Test Loss = 0.0625
Epoch 9: Train Loss = 0.1119, Test Loss = 0.0521
Epoch 10: Train Loss = 0.1060, Test Loss = 0.0506
Epoch 11: Train Loss = 0.0986, Test Loss = 0.0571
Epoch 12: Train Loss = 0.0976, Test Loss = 0.0411
Epoch 13: Train Loss = 0.0927, Test Loss = 0.0421
Epoch 14: Train Loss = 0.0938, Test Loss = 0.0462
Epoch 15: Train Loss = 0.0891, Test Loss = 0.0404
Epoch 16: Train Loss = 0.0939, Test Loss = 0.0419
Epoch 17: Train Loss = 0.0920, Test Loss = 0.0370
Epoch 18: Train Loss = 0.0859, Test Loss = 0.0397
Epoch 19: Train Loss = 0.0834, Test Loss = 0.0393
Epoch 20: Train Loss = 0.0829, Test Loss = 0.0370
Epoch 21: Train Loss = 0.0836, Test Loss = 0.0434
Epoch 22: Train Loss = 0.0817, Test Loss = 0.0371
Epoch 23: Train Loss = 0.0935, Test Loss = 0.0504
Epoch 24: Train Loss = 0.0948, Test Loss = 0.0363
Epoch 25: Train Loss = 0.0880, Test Loss = 0.0411
Epoch 26: Train Loss = 0.0847, Test Loss = 0.0410
Epoch 27: Train Loss = 0.1065, Test Loss = 0.0528
Epoch 28: Train Loss = 0.0975, Test Loss = 0.0365
Epoch 29: Train Loss = 0.0884, Test Loss = 0.0458
Epoch 30: Train Loss = 0.0852, Test Loss = 0.0409
Epoch 31: Train Loss = 0.0835, Test Loss = 0.0414
Epoch 32: Train Loss = 0.0787, Test Loss = 0.0408
Epoch 33: Train Loss = 0.0803, Test Loss = 0.0401
Epoch 34: Train Loss = 0.0846, Test Loss = 0.0376
Epoch 35: Train Loss = 0.0882, Test Loss = 0.0456
Epoch 36: Train Loss = 0.0844, Test Loss = 0.0467
Epoch 37: Train Loss = 0.0828, Test Loss = 0.0406
Epoch 38: Train Loss = 0.0845, Test Loss = 0.0571
Epoch 39: Train Loss = 0.0876, Test Loss = 0.0392
Epoch 40: Train Loss = 0.0836, Test Loss = 0.0442
Epoch 41: Train Loss = 0.1055, Test Loss = 0.0612
Epoch 42: Train Loss = 0.1270, Test Loss = 0.0547
Epoch 43: Train Loss = 0.1094, Test Loss = 0.0573
Epoch 44: Train Loss = 0.0908, Test Loss = 0.0522
Epoch 45: Train Loss = 0.0919, Test Loss = 0.0535
Epoch 46: Train Loss = 0.0904, Test Loss = 0.0608
Epoch 47: Train Loss = 0.0833, Test Loss = 0.0577
Epoch 48: Train Loss = 0.0804, Test Loss = 0.0453
Epoch 49: Train Loss = 0.1084, Test Loss = 0.0403
Epoch 50: Train Loss = 0.1083, Test Loss = 0.0780
Epoch 51: Train Loss = 0.1047, Test Loss = 0.0641
Epoch 52: Train Loss = 0.0955, Test Loss = 0.0559
Epoch 53: Train Loss = 0.0853, Test Loss = 0.0477
Epoch 54: Train Loss = 0.0934, Test Loss = 0.0583
Epoch 55: Train Loss = 0.0895, Test Loss = 0.0464
Epoch 56: Train Loss = 0.0879, Test Loss = 0.0605
Epoch 57: Train Loss = 0.0853, Test Loss = 0.0529
Epoch 58: Train Loss = 0.0901, Test Loss = 0.0545
Epoch 59: Train Loss = 0.0946, Test Loss = 0.0612
Epoch 60: Train Loss = 0.0906, Test Loss = 0.0575
Epoch 61: Train Loss = 0.0886, Test Loss = 0.0619
Epoch 62: Train Loss = 0.0853, Test Loss = 0.0556
Epoch 63: Train Loss = 0.0907, Test Loss = 0.0650
Epoch 64: Train Loss = 0.1185, Test Loss = 0.0672
Epoch 65: Train Loss = 0.1106, Test Loss = 0.0642
Epoch 66: Train Loss = 0.0998, Test Loss = 0.0671
Epoch 67: Train Loss = 0.0933, Test Loss = 0.0700
Epoch 68: Train Loss = 0.0875, Test Loss = 0.0529
Epoch 69: Train Loss = 0.0824, Test Loss = 0.0535
Epoch 70: Train Loss = 0.0871, Test Loss = 0.0480
Epoch 71: Train Loss = 0.0876, Test Loss = 0.0538
Epoch 72: Train Loss = 0.0983, Test Loss = 0.0807
Epoch 73: Train Loss = 0.1412, Test Loss = 0.0779
Epoch 74: Train Loss = 0.1275, Test Loss = 0.0769
Epoch 75: Train Loss = 0.1042, Test Loss = 0.0741
Epoch 76: Train Loss = 0.1090, Test Loss = 0.0844
Epoch 77: Train Loss = 0.1003, Test Loss = 0.0647
Epoch 78: Train Loss = 0.0983, Test Loss = 0.0590
Epoch 79: Train Loss = 0.0917, Test Loss = 0.0663
Epoch 80: Train Loss = 0.0980, Test Loss = 0.0739
Epoch 81: Train Loss = 0.0914, Test Loss = 0.0549
Epoch 82: Train Loss = 0.0917, Test Loss = 0.0661
Epoch 83: Train Loss = 0.1013, Test Loss = 0.0608
Epoch 84: Train Loss = 0.1039, Test Loss = 0.0712
Epoch 85: Train Loss = 0.0950, Test Loss = 0.0693
Epoch 86: Train Loss = 0.0986, Test Loss = 0.0876
Epoch 87: Train Loss = 0.0962, Test Loss = 0.0619
Epoch 88: Train Loss = 0.0944, Test Loss = 0.0599
Epoch 89: Train Loss = 0.0927, Test Loss = 0.0647
Epoch 90: Train Loss = 0.0975, Test Loss = 0.0903
Epoch 91: Train Loss = 0.0994, Test Loss = 0.0693
Epoch 92: Train Loss = 0.1502, Test Loss = 0.1157
Epoch 93: Train Loss = 0.1457, Test Loss = 0.0927
Epoch 94: Train Loss = 0.1311, Test Loss = 0.0800
Epoch 95: Train Loss = 0.1252, Test Loss = 0.2439
Epoch 96: Train Loss = 0.1214, Test Loss = 0.1050
Epoch 97: Train Loss = 0.1118, Test Loss = 0.0572
Epoch 98: Train Loss = 0.1133, Test Loss = 0.0858
Epoch 99: Train Loss = 0.1032, Test Loss = 0.0874
Epoch 100: Train Loss = 0.1097, Test Loss = 0.0723
Epoch 101: Train Loss = 0.1247, Test Loss = 0.0775
Epoch 102: Train Loss = 0.1322, Test Loss = 0.0994
Epoch 103: Train Loss = 0.1166, Test Loss = 0.0866
Epoch 104: Train Loss = 0.1064, Test Loss = 0.0741
Epoch 105: Train Loss = 0.1146, Test Loss = 0.0758
Epoch 106: Train Loss = 0.1161, Test Loss = 0.0828
Epoch 107: Train Loss = 0.1170, Test Loss = 0.0793
Epoch 108: Train Loss = 0.1484, Test Loss = 0.1155
Epoch 109: Train Loss = 0.1445, Test Loss = 0.0895
Epoch 110: Train Loss = 0.1217, Test Loss = 0.0956
Epoch 111: Train Loss = 0.1259, Test Loss = 0.1506
Epoch 112: Train Loss = 0.1184, Test Loss = 65503.6277
Epoch 113: Train Loss = 0.1056, Test Loss = 9984.5062
Epoch 114: Train Loss = 0.1140, Test Loss = 14607.8050
Epoch 115: Train Loss = 0.1107, Test Loss = 12199.2432
Epoch 116: Train Loss = 0.1311, Test Loss = 5283.8261
Epoch 117: Train Loss = 0.1166, Test Loss = 7313.6430
Epoch 118: Train Loss = 0.1097, Test Loss = 6030.2374
Epoch 119: Train Loss = 0.1053, Test Loss = 5696.6474
Epoch 120: Train Loss = 0.1007, Test Loss = 0.0560
Epoch 121: Train Loss = 0.0961, Test Loss = 1.6341
Epoch 122: Train Loss = 0.0943, Test Loss = 0.0625
Epoch 123: Train Loss = 0.0989, Test Loss = 0.0687
Epoch 124: Train Loss = 0.1080, Test Loss = 10641324.9545
Epoch 125: Train Loss = 0.1111, Test Loss = 18.8136
Epoch 126: Train Loss = 0.1090, Test Loss = 0.0889
Epoch 127: Train Loss = 0.1234, Test Loss = 0.0912
Epoch 128: Train Loss = 0.1074, Test Loss = 0.3699
Epoch 129: Train Loss = 0.1006, Test Loss = 7.2185
Epoch 130: Train Loss = 0.1057, Test Loss = 0.0628
Epoch 131: Train Loss = 0.1116, Test Loss = 0.0872
Epoch 132: Train Loss = 0.1126, Test Loss = 126552.7034
Epoch 133: Train Loss = 0.1062, Test Loss = 0.1125
Epoch 134: Train Loss = 0.1027, Test Loss = 0.0659
Epoch 135: Train Loss = 0.1033, Test Loss = 0.0835
Epoch 136: Train Loss = 0.1057, Test Loss = 0.0788
Epoch 137: Train Loss = 0.1351, Test Loss = 61.2145
Epoch 138: Train Loss = 0.1348, Test Loss = 0.2637
Epoch 139: Train Loss = 0.1192, Test Loss = 0.2112
Epoch 140: Train Loss = 0.1057, Test Loss = 0.1075
Epoch 141: Train Loss = 0.1034, Test Loss = 0.2760
Epoch 142: Train Loss = 0.1072, Test Loss = 1.0204
Epoch 143: Train Loss = 0.1017, Test Loss = 4.5160
Epoch 144: Train Loss = 0.1096, Test Loss = 0.2047
Epoch 145: Train Loss = 0.1043, Test Loss = 0.0731
Epoch 146: Train Loss = 0.1106, Test Loss = 0.0660
Epoch 147: Train Loss = 0.1493, Test Loss = 28.0648
Epoch 148: Train Loss = 0.1243, Test Loss = 4.8201
Epoch 149: Train Loss = 0.1160, Test Loss = 119.0929
Epoch 150: Train Loss = 0.1078, Test Loss = 0.0686
Epoch 151: Train Loss = 0.1092, Test Loss = 0.0767
Epoch 152: Train Loss = 0.1034, Test Loss = 0.0579
Epoch 153: Train Loss = 0.1315, Test Loss = 3.8782
Epoch 154: Train Loss = 0.1774, Test Loss = 39194.3758
Epoch 155: Train Loss = 0.1460, Test Loss = 0.4166
Epoch 156: Train Loss = 0.1375, Test Loss = 167.2757
Epoch 157: Train Loss = 0.1380, Test Loss = 86594.3549
Epoch 158: Train Loss = 0.1349, Test Loss = 12964.0018
Epoch 159: Train Loss = 0.1240, Test Loss = 3096.1112
Epoch 160: Train Loss = 0.1267, Test Loss = 214566676432.7168
Epoch 161: Train Loss = 0.1254, Test Loss = 36197.2105
Epoch 162: Train Loss = 0.1194, Test Loss = 44752.6896
Epoch 163: Train Loss = 0.1112, Test Loss = 2534925.2511
Epoch 164: Train Loss = 0.1055, Test Loss = 623188.5213
Epoch 165: Train Loss = 0.1640, Test Loss = 11350285684.3636
Epoch 166: Train Loss = 0.1717, Test Loss = 19495775.6364
Epoch 167: Train Loss = 0.1519, Test Loss = 62875120.2589
Epoch 168: Train Loss = 0.1398, Test Loss = 882886.2420
Epoch 169: Train Loss = 0.1314, Test Loss = 2231456.3352
Epoch 170: Train Loss = 0.1408, Test Loss = 17299.7067
Epoch 171: Train Loss = 0.1471, Test Loss = 91612364148.5792
Epoch 172: Train Loss = 0.1332, Test Loss = 246696278.8049
Epoch 173: Train Loss = 0.1286, Test Loss = 72618106.2477
Epoch 174: Train Loss = 0.1305, Test Loss = 64809912.0515
Epoch 175: Train Loss = 0.1295, Test Loss = 129023196.0719
Epoch 176: Train Loss = 0.1243, Test Loss = 0.0649
Epoch 177: Train Loss = 0.1185, Test Loss = 655513.9595
Epoch 178: Train Loss = 0.1167, Test Loss = 3.3247
Epoch 179: Train Loss = 0.1069, Test Loss = 6.5135
Epoch 180: Train Loss = 0.1209, Test Loss = 0.0677
Epoch 181: Train Loss = 0.1147, Test Loss = 1068.1815
Epoch 182: Train Loss = 0.1144, Test Loss = 0.0603
Epoch 183: Train Loss = 0.1086, Test Loss = 2476.2583
Epoch 184: Train Loss = 0.1058, Test Loss = 0.0810
Epoch 185: Train Loss = 0.1260, Test Loss = 94.4504
Epoch 186: Train Loss = 0.1588, Test Loss = 0.0757
Epoch 187: Train Loss = 0.1536, Test Loss = 0.1730
Epoch 188: Train Loss = 0.1483, Test Loss = 0.0953
Epoch 189: Train Loss = 0.1394, Test Loss = 0.0671
Epoch 190: Train Loss = 0.1220, Test Loss = 1.1192
Epoch 191: Train Loss = 0.1202, Test Loss = 3384.1028
Epoch 192: Train Loss = 0.1293, Test Loss = 0.0924
Epoch 193: Train Loss = 0.1175, Test Loss = 0.0775
Epoch 194: Train Loss = 0.1127, Test Loss = 0.0843
Epoch 195: Train Loss = 0.1178, Test Loss = 0.0809
Epoch 196: Train Loss = 0.1135, Test Loss = 0.0803
Epoch 197: Train Loss = 0.1079, Test Loss = 0.1986
Epoch 198: Train Loss = 0.1079, Test Loss = 0.0674
Epoch 199: Train Loss = 0.1000, Test Loss = 2.6915
Epoch 200: Train Loss = 0.1120, Test Loss = 379.3062
Epoch 201: Train Loss = 0.1061, Test Loss = 0.0810
Epoch 202: Train Loss = 0.1060, Test Loss = 0.0634
Epoch 203: Train Loss = 0.1114, Test Loss = 0.0758
Epoch 204: Train Loss = 0.1151, Test Loss = 0.0639
Epoch 205: Train Loss = 0.1154, Test Loss = 287408.5813
Epoch 206: Train Loss = 0.1190, Test Loss = 129.5386
Epoch 207: Train Loss = 0.1093, Test Loss = 153977.9752
Epoch 208: Train Loss = 0.1371, Test Loss = 868.5922
Epoch 209: Train Loss = 0.1236, Test Loss = 49548.3387
Epoch 210: Train Loss = 0.1193, Test Loss = 78968.8227
Epoch 211: Train Loss = 0.1383, Test Loss = 43333474.9657
Epoch 212: Train Loss = 0.1454, Test Loss = 0.1009
Epoch 213: Train Loss = 0.1386, Test Loss = 2.6503
Epoch 214: Train Loss = 0.1806, Test Loss = 1059.8953
Epoch 215: Train Loss = 0.1876, Test Loss = 0.0768
Epoch 216: Train Loss = 0.1547, Test Loss = 24.1845
Epoch 217: Train Loss = 0.1472, Test Loss = 0.0765
Epoch 218: Train Loss = 0.1361, Test Loss = 0.0866
Epoch 219: Train Loss = 0.1253, Test Loss = 0.6310
Epoch 220: Train Loss = 0.1425, Test Loss = 1.4580
Epoch 221: Train Loss = 0.1391, Test Loss = 1175.1114
Epoch 222: Train Loss = 0.1198, Test Loss = 38167805.4455
Epoch 223: Train Loss = 0.1180, Test Loss = 5485747.9452
Epoch 224: Train Loss = 0.1559, Test Loss = 0.1185
Epoch 225: Train Loss = 0.1464, Test Loss = 2.3124
Epoch 226: Train Loss = 0.1279, Test Loss = 0.0743
Epoch 227: Train Loss = 0.1193, Test Loss = 0.0676
Epoch 228: Train Loss = 0.1224, Test Loss = 0.0623
Epoch 229: Train Loss = 0.1317, Test Loss = 0.2877
Epoch 230: Train Loss = 0.1201, Test Loss = 0.0746
Epoch 231: Train Loss = 0.1116, Test Loss = 0.0725
Epoch 232: Train Loss = 0.1086, Test Loss = 0.0565
Epoch 233: Train Loss = 0.1068, Test Loss = 0.0636
Epoch 234: Train Loss = 0.1035, Test Loss = 0.0713
Epoch 235: Train Loss = 0.1137, Test Loss = 0.0574
Epoch 236: Train Loss = 0.0977, Test Loss = 0.0695
Epoch 237: Train Loss = 0.1019, Test Loss = 0.0595
Epoch 238: Train Loss = 0.0999, Test Loss = 0.0605
Epoch 239: Train Loss = 0.0999, Test Loss = 0.0691
Epoch 240: Train Loss = 0.1070, Test Loss = 0.0580
Epoch 241: Train Loss = 0.1062, Test Loss = 437693.7403
Epoch 242: Train Loss = 0.1030, Test Loss = 0.0739
Epoch 243: Train Loss = 0.1233, Test Loss = 0.0792
Epoch 244: Train Loss = 0.1288, Test Loss = 293432.9928
Epoch 245: Train Loss = 0.1282, Test Loss = 141990.1273
Epoch 246: Train Loss = 0.1174, Test Loss = 2309976436.4396
Epoch 247: Train Loss = 0.1160, Test Loss = 10027185989.8849
Epoch 248: Train Loss = 0.1209, Test Loss = 999456479.2877
Epoch 249: Train Loss = 0.1989, Test Loss = 4968.5867
Epoch 250: Train Loss = 0.2165, Test Loss = 0.1024
Epoch 251: Train Loss = 0.1697, Test Loss = 0.4888
Epoch 252: Train Loss = 0.1518, Test Loss = 160.9338
Epoch 253: Train Loss = 0.1565, Test Loss = 182125661.1842
Epoch 254: Train Loss = 0.1337, Test Loss = 844.2161
Epoch 255: Train Loss = 0.1224, Test Loss = 3251350062.6309
Epoch 256: Train Loss = 0.1310, Test Loss = 168909.1480
Epoch 257: Train Loss = 0.1346, Test Loss = 1534778993.7241
Epoch 258: Train Loss = 0.1284, Test Loss = 2409131.4662
Epoch 259: Train Loss = 0.1365, Test Loss = 4755311.0043
Epoch 260: Train Loss = 0.1275, Test Loss = 0.0903
Epoch 261: Train Loss = 0.1161, Test Loss = 34.1501
Epoch 262: Train Loss = 0.1214, Test Loss = 0.0792
Epoch 263: Train Loss = 0.1209, Test Loss = 1131.4905
Epoch 264: Train Loss = 0.1134, Test Loss = 0.0684
Epoch 265: Train Loss = 0.1207, Test Loss = 0.0710
Epoch 266: Train Loss = 0.1185, Test Loss = 0.0726
Epoch 267: Train Loss = 0.1155, Test Loss = 14.6421
Epoch 268: Train Loss = 0.1280, Test Loss = 0.0770
Epoch 269: Train Loss = 0.1159, Test Loss = 0.0765
Epoch 270: Train Loss = 0.1153, Test Loss = 0.1055
Epoch 271: Train Loss = 0.1177, Test Loss = 0.0776
Epoch 272: Train Loss = 0.1203, Test Loss = 0.0654
Epoch 273: Train Loss = 0.1215, Test Loss = 0.0905
Epoch 274: Train Loss = 0.1412, Test Loss = 0.1841
Epoch 275: Train Loss = 0.1333, Test Loss = 364307.4577
Epoch 276: Train Loss = 0.1323, Test Loss = 14.7257
Epoch 277: Train Loss = 0.1410, Test Loss = 0.0903
Epoch 278: Train Loss = 0.1405, Test Loss = 818686.8267
Epoch 279: Train Loss = 0.1492, Test Loss = 5080.8374
Epoch 280: Train Loss = 0.1419, Test Loss = 206.0116
Epoch 281: Train Loss = 0.1307, Test Loss = 615520.7408
Epoch 282: Train Loss = 0.1488, Test Loss = 7284.6787
Epoch 283: Train Loss = 0.1366, Test Loss = 0.0805
Epoch 284: Train Loss = 0.1310, Test Loss = 0.1010
Epoch 285: Train Loss = 0.1179, Test Loss = 74186.2303
Epoch 286: Train Loss = 0.1234, Test Loss = 1693.5653
Epoch 287: Train Loss = 0.1175, Test Loss = 652236.4931
Epoch 288: Train Loss = 0.1261, Test Loss = 0.0723
Epoch 289: Train Loss = 0.1182, Test Loss = 0.0596
Epoch 290: Train Loss = 0.1119, Test Loss = 0.0576
Epoch 291: Train Loss = 0.1107, Test Loss = 0.0762
Epoch 292: Train Loss = 0.1068, Test Loss = 0.0680
Epoch 293: Train Loss = 0.1121, Test Loss = 0.0767
Epoch 294: Train Loss = 0.1131, Test Loss = 0.0697
Epoch 295: Train Loss = 0.1147, Test Loss = 0.0649
Epoch 296: Train Loss = 0.1212, Test Loss = 0.0640
Epoch 297: Train Loss = 0.1143, Test Loss = 0.0613
Epoch 298: Train Loss = 0.1102, Test Loss = 0.0691
Epoch 299: Train Loss = 0.1126, Test Loss = 0.0819
Epoch 300: Train Loss = 0.1182, Test Loss = 0.0874
Trial completed in 2000.69s with error: 0.0874
Trial completed!
