Running on host hal0056.amarel.rutgers.edu
Time is Thu Apr 24 15:33:08 EDT 2025
Directory is /home/elp95/tfa-predictor
SLURM job ID is 43169311
Starting trial...
Running trial with config: {'input_size': 3883, 'output_size': 214, 'hidden_sizes': [512, 256, 128], 'lr': 9.873103089702795e-05, 'weight_decay': 0.00010344740166734468, 'batch_size': 32, 'max_epochs': 150, 'dropout_rate': 0.2600817505559967, 'activation': 'selu', 'optimizer': 'adam', 'learning_rate_schedule': 'step', 'batch_norm': 'false'}
Using data directory: /cache/home/elp95/tfa-predictor/data
xprs_path: /cache/home/elp95/tfa-predictor/data/gene-xprs/processed/xprs-data.csv
tfa_path: /cache/home/elp95/tfa-predictor/data/tfa/processed/tfa-labels.csv
Epoch 1: Train Loss = 1.0330, Test Loss = 0.4864
Epoch 2: Train Loss = 0.6533, Test Loss = 0.3002
Epoch 3: Train Loss = 0.5057, Test Loss = 0.2211
Epoch 4: Train Loss = 0.4371, Test Loss = 0.1745
Epoch 5: Train Loss = 0.3915, Test Loss = 0.1465
Epoch 6: Train Loss = 0.3555, Test Loss = 0.1279
Epoch 7: Train Loss = 0.3334, Test Loss = 0.1114
Epoch 8: Train Loss = 0.3172, Test Loss = 0.1021
Epoch 9: Train Loss = 0.2966, Test Loss = 0.0911
Epoch 10: Train Loss = 0.2828, Test Loss = 0.0845
Epoch 11: Train Loss = 0.2686, Test Loss = 0.0829
Epoch 12: Train Loss = 0.2616, Test Loss = 0.0727
Epoch 13: Train Loss = 0.2496, Test Loss = 0.0716
Epoch 14: Train Loss = 0.2426, Test Loss = 0.0673
Epoch 15: Train Loss = 0.2357, Test Loss = 0.0632
Epoch 16: Train Loss = 0.2243, Test Loss = 0.0596
Epoch 17: Train Loss = 0.2237, Test Loss = 0.0611
Epoch 18: Train Loss = 0.2066, Test Loss = 0.0603
Epoch 19: Train Loss = 0.2087, Test Loss = 0.0588
Epoch 20: Train Loss = 0.2065, Test Loss = 0.0566
Epoch 21: Train Loss = 0.1987, Test Loss = 0.0534
Epoch 22: Train Loss = 0.1924, Test Loss = 0.0523
Epoch 23: Train Loss = 0.1923, Test Loss = 0.0548
Epoch 24: Train Loss = 0.1859, Test Loss = 0.0492
Epoch 25: Train Loss = 0.1785, Test Loss = 0.0479
Epoch 26: Train Loss = 0.1739, Test Loss = 0.0495
Epoch 27: Train Loss = 0.1711, Test Loss = 0.0508
Epoch 28: Train Loss = 0.1699, Test Loss = 0.0490
Epoch 29: Train Loss = 0.1676, Test Loss = 0.0517
Epoch 30: Train Loss = 0.1655, Test Loss = 0.0467
Epoch 31: Train Loss = 0.1620, Test Loss = 0.0499
Epoch 32: Train Loss = 0.1585, Test Loss = 0.0460
Epoch 33: Train Loss = 0.1578, Test Loss = 0.0465
Epoch 34: Train Loss = 0.1539, Test Loss = 0.0414
Epoch 35: Train Loss = 0.1589, Test Loss = 0.0437
Epoch 36: Train Loss = 0.1470, Test Loss = 0.0447
Epoch 37: Train Loss = 0.1427, Test Loss = 0.0459
Epoch 38: Train Loss = 0.1460, Test Loss = 0.0437
Epoch 39: Train Loss = 0.1411, Test Loss = 0.0445
Epoch 40: Train Loss = 0.1436, Test Loss = 0.0437
Epoch 41: Train Loss = 0.1378, Test Loss = 0.0402
Epoch 42: Train Loss = 0.1380, Test Loss = 0.0454
Epoch 43: Train Loss = 0.1383, Test Loss = 0.0440
Epoch 44: Train Loss = 0.1321, Test Loss = 0.0411
Epoch 45: Train Loss = 0.1326, Test Loss = 0.0463
Epoch 46: Train Loss = 0.1343, Test Loss = 0.0414
Epoch 47: Train Loss = 0.1333, Test Loss = 0.0419
Epoch 48: Train Loss = 0.1278, Test Loss = 0.0438
Epoch 49: Train Loss = 0.1305, Test Loss = 0.0437
Epoch 50: Train Loss = 0.1324, Test Loss = 0.0427
Epoch 51: Train Loss = 0.1287, Test Loss = 0.0414
Epoch 52: Train Loss = 0.1280, Test Loss = 0.0419
Epoch 53: Train Loss = 0.1247, Test Loss = 0.0402
Epoch 54: Train Loss = 0.1232, Test Loss = 0.0401
Epoch 55: Train Loss = 0.1255, Test Loss = 0.0444
Epoch 56: Train Loss = 0.1254, Test Loss = 0.0425
Epoch 57: Train Loss = 0.1246, Test Loss = 0.0451
Epoch 58: Train Loss = 0.1217, Test Loss = 0.0425
Epoch 59: Train Loss = 0.1204, Test Loss = 0.0415
Epoch 60: Train Loss = 0.1217, Test Loss = 0.0389
Epoch 61: Train Loss = 0.1229, Test Loss = 0.0430
Epoch 62: Train Loss = 0.1131, Test Loss = 0.0389
Epoch 63: Train Loss = 0.1193, Test Loss = 0.0401
Epoch 64: Train Loss = 0.1189, Test Loss = 0.0395
Epoch 65: Train Loss = 0.1150, Test Loss = 0.0389
Epoch 66: Train Loss = 0.1155, Test Loss = 0.0402
Epoch 67: Train Loss = 0.1149, Test Loss = 0.0377
Epoch 68: Train Loss = 0.1177, Test Loss = 0.0419
Epoch 69: Train Loss = 0.1127, Test Loss = 0.0384
Epoch 70: Train Loss = 0.1147, Test Loss = 0.0419
Epoch 71: Train Loss = 0.1108, Test Loss = 0.0404
Epoch 72: Train Loss = 0.1137, Test Loss = 0.0411
Epoch 73: Train Loss = 0.1141, Test Loss = 0.0384
Epoch 74: Train Loss = 0.1179, Test Loss = 0.0403
Epoch 75: Train Loss = 0.1141, Test Loss = 0.0368
Epoch 76: Train Loss = 0.1090, Test Loss = 0.0387
Epoch 77: Train Loss = 0.1141, Test Loss = 0.0394
Epoch 78: Train Loss = 0.1101, Test Loss = 0.0391
Epoch 79: Train Loss = 0.1147, Test Loss = 0.0396
Epoch 80: Train Loss = 0.1109, Test Loss = 0.0380
Epoch 81: Train Loss = 0.1127, Test Loss = 0.0373
Epoch 82: Train Loss = 0.1135, Test Loss = 0.0402
Epoch 83: Train Loss = 0.1119, Test Loss = 0.0419
Epoch 84: Train Loss = 0.1113, Test Loss = 0.0409
Epoch 85: Train Loss = 0.1090, Test Loss = 0.0419
Epoch 86: Train Loss = 0.1103, Test Loss = 0.0352
Epoch 87: Train Loss = 0.1091, Test Loss = 0.0382
Epoch 88: Train Loss = 0.1096, Test Loss = 0.0373
Epoch 89: Train Loss = 0.1083, Test Loss = 0.0415
Epoch 90: Train Loss = 0.1089, Test Loss = 0.0369
Epoch 91: Train Loss = 0.1103, Test Loss = 0.0393
Epoch 92: Train Loss = 0.1096, Test Loss = 0.0425
Epoch 93: Train Loss = 0.1122, Test Loss = 0.0369
Epoch 94: Train Loss = 0.1082, Test Loss = 0.0367
Epoch 95: Train Loss = 0.1089, Test Loss = 0.0379
Epoch 96: Train Loss = 0.1081, Test Loss = 0.0374
Epoch 97: Train Loss = 0.1123, Test Loss = 0.0387
Epoch 98: Train Loss = 0.1103, Test Loss = 0.0395
Epoch 99: Train Loss = 0.1065, Test Loss = 0.0381
Epoch 100: Train Loss = 0.1077, Test Loss = 0.0389
Epoch 101: Train Loss = 0.1093, Test Loss = 0.0375
Epoch 102: Train Loss = 0.1081, Test Loss = 0.0421
Epoch 103: Train Loss = 0.1102, Test Loss = 0.0383
Epoch 104: Train Loss = 0.1058, Test Loss = 0.0405
Epoch 105: Train Loss = 0.1069, Test Loss = 0.0387
Epoch 106: Train Loss = 0.1088, Test Loss = 0.0405
Epoch 107: Train Loss = 0.1048, Test Loss = 0.0398
Epoch 108: Train Loss = 0.1070, Test Loss = 0.0379
Epoch 109: Train Loss = 0.1053, Test Loss = 0.0403
Epoch 110: Train Loss = 0.1070, Test Loss = 0.0363
Epoch 111: Train Loss = 0.1078, Test Loss = 0.0384
Epoch 112: Train Loss = 0.1083, Test Loss = 0.0386
Epoch 113: Train Loss = 0.1074, Test Loss = 0.0412
Epoch 114: Train Loss = 0.1077, Test Loss = 0.0406
Epoch 115: Train Loss = 0.1060, Test Loss = 0.0346
Epoch 116: Train Loss = 0.1074, Test Loss = 0.0373
Epoch 117: Train Loss = 0.1058, Test Loss = 0.0396
Epoch 118: Train Loss = 0.1068, Test Loss = 0.0419
Epoch 119: Train Loss = 0.1082, Test Loss = 0.0425
Epoch 120: Train Loss = 0.1067, Test Loss = 0.0392
Epoch 121: Train Loss = 0.1063, Test Loss = 0.0378
Epoch 122: Train Loss = 0.1053, Test Loss = 0.0405
Epoch 123: Train Loss = 0.1050, Test Loss = 0.0384
Epoch 124: Train Loss = 0.1069, Test Loss = 0.0407
Epoch 125: Train Loss = 0.1062, Test Loss = 0.0407
Epoch 126: Train Loss = 0.1114, Test Loss = 0.0371
Epoch 127: Train Loss = 0.1063, Test Loss = 0.0386
Epoch 128: Train Loss = 0.1053, Test Loss = 0.0356
Epoch 129: Train Loss = 0.1057, Test Loss = 0.0380
Epoch 130: Train Loss = 0.1036, Test Loss = 0.0381
Epoch 131: Train Loss = 0.1040, Test Loss = 0.0409
Epoch 132: Train Loss = 0.1055, Test Loss = 0.0397
Epoch 133: Train Loss = 0.1063, Test Loss = 0.0379
Epoch 134: Train Loss = 0.1068, Test Loss = 0.0374
Epoch 135: Train Loss = 0.1066, Test Loss = 0.0392
Epoch 136: Train Loss = 0.1030, Test Loss = 0.0396
Epoch 137: Train Loss = 0.1061, Test Loss = 0.0390
Epoch 138: Train Loss = 0.1047, Test Loss = 0.0396
Epoch 139: Train Loss = 0.1038, Test Loss = 0.0401
Epoch 140: Train Loss = 0.1021, Test Loss = 0.0375
Epoch 141: Train Loss = 0.1073, Test Loss = 0.0377
Epoch 142: Train Loss = 0.1070, Test Loss = 0.0395
Epoch 143: Train Loss = 0.1027, Test Loss = 0.0372
Epoch 144: Train Loss = 0.1030, Test Loss = 0.0369
Epoch 145: Train Loss = 0.1062, Test Loss = 0.0376
Epoch 146: Train Loss = 0.1031, Test Loss = 0.0404
Epoch 147: Train Loss = 0.1025, Test Loss = 0.0418
Epoch 148: Train Loss = 0.1075, Test Loss = 0.0383
Epoch 149: Train Loss = 0.1043, Test Loss = 0.0401
Epoch 150: Train Loss = 0.1042, Test Loss = 0.0381
Trial completed in 197.91s with error: 0.0381
Trial completed!
