Running on host hal0065.amarel.rutgers.edu
Time is Thu Apr 24 13:11:24 EDT 2025
Directory is /home/elp95/tfa-predictor
SLURM job ID is 43167364
Starting trial...
Running trial with config: {'input_size': 3883, 'output_size': 214, 'hidden_sizes': [1024, 256], 'lr': 0.0008288916866885145, 'weight_decay': 4.649617447336336e-05, 'batch_size': 128, 'max_epochs': 100}
Using data directory: /cache/home/elp95/tfa-predictor/data
xprs_path: /cache/home/elp95/tfa-predictor/data/gene-xprs/processed/xprs-data.csv
tfa_path: /cache/home/elp95/tfa-predictor/data/tfa/processed/tfa-labels.csv
Epoch 1: Train Loss = 0.5877, Test Loss = 0.1676
Epoch 2: Train Loss = 0.3363, Test Loss = 0.0993
Epoch 3: Train Loss = 0.2644, Test Loss = 0.0835
Epoch 4: Train Loss = 0.2275, Test Loss = 0.0662
Epoch 5: Train Loss = 0.2001, Test Loss = 0.0555
Epoch 6: Train Loss = 0.1852, Test Loss = 0.0527
Epoch 7: Train Loss = 0.1699, Test Loss = 0.0537
Epoch 8: Train Loss = 0.1556, Test Loss = 0.0492
Epoch 9: Train Loss = 0.1445, Test Loss = 0.0477
Epoch 10: Train Loss = 0.1367, Test Loss = 0.0502
Epoch 11: Train Loss = 0.1303, Test Loss = 0.0448
Epoch 12: Train Loss = 0.1254, Test Loss = 0.0399
Epoch 13: Train Loss = 0.1209, Test Loss = 0.0345
Epoch 14: Train Loss = 0.1141, Test Loss = 0.0343
Epoch 15: Train Loss = 0.1094, Test Loss = 0.0341
Epoch 16: Train Loss = 0.1092, Test Loss = 0.0332
Epoch 17: Train Loss = 0.1071, Test Loss = 0.0328
Epoch 18: Train Loss = 0.1053, Test Loss = 0.0383
Epoch 19: Train Loss = 0.1042, Test Loss = 0.0327
Epoch 20: Train Loss = 0.1023, Test Loss = 0.0339
Epoch 21: Train Loss = 0.1026, Test Loss = 0.0342
Epoch 22: Train Loss = 0.0993, Test Loss = 0.0312
Epoch 23: Train Loss = 0.0969, Test Loss = 0.0309
Epoch 24: Train Loss = 0.0936, Test Loss = 0.0308
Epoch 25: Train Loss = 0.0961, Test Loss = 0.0306
Epoch 26: Train Loss = 0.0954, Test Loss = 0.0297
Epoch 27: Train Loss = 0.0929, Test Loss = 0.0275
Epoch 28: Train Loss = 0.0935, Test Loss = 0.0274
Epoch 29: Train Loss = 0.0914, Test Loss = 0.0283
Epoch 30: Train Loss = 0.0925, Test Loss = 0.0369
Epoch 31: Train Loss = 0.1020, Test Loss = 0.0360
Epoch 32: Train Loss = 0.0968, Test Loss = 0.0374
Epoch 33: Train Loss = 0.1002, Test Loss = 0.0300
Epoch 34: Train Loss = 0.0919, Test Loss = 0.0289
Epoch 35: Train Loss = 0.0893, Test Loss = 0.0282
Epoch 36: Train Loss = 0.0929, Test Loss = 0.0320
Epoch 37: Train Loss = 0.0908, Test Loss = 0.0304
Epoch 38: Train Loss = 0.0957, Test Loss = 0.0341
Epoch 39: Train Loss = 0.0973, Test Loss = 0.0377
Epoch 40: Train Loss = 0.0891, Test Loss = 0.0331
Epoch 41: Train Loss = 0.0925, Test Loss = 0.0344
Epoch 42: Train Loss = 0.1002, Test Loss = 0.0317
Epoch 43: Train Loss = 0.0900, Test Loss = 0.0295
Epoch 44: Train Loss = 0.0941, Test Loss = 0.0296
Epoch 45: Train Loss = 0.0954, Test Loss = 0.0300
Epoch 46: Train Loss = 0.0869, Test Loss = 0.0336
Epoch 47: Train Loss = 0.0944, Test Loss = 0.0297
Epoch 48: Train Loss = 0.0981, Test Loss = 0.0318
Epoch 49: Train Loss = 0.0897, Test Loss = 0.0264
Epoch 50: Train Loss = 0.0884, Test Loss = 0.0266
Epoch 51: Train Loss = 0.0874, Test Loss = 0.0277
Epoch 52: Train Loss = 0.0827, Test Loss = 0.0286
Epoch 53: Train Loss = 0.0850, Test Loss = 0.0280
Epoch 54: Train Loss = 0.0880, Test Loss = 0.0270
Epoch 55: Train Loss = 0.0821, Test Loss = 0.0292
Epoch 56: Train Loss = 0.0919, Test Loss = 0.0281
Epoch 57: Train Loss = 0.0855, Test Loss = 0.0279
Epoch 58: Train Loss = 0.0941, Test Loss = 0.0302
Epoch 59: Train Loss = 0.0908, Test Loss = 0.0290
Epoch 60: Train Loss = 0.0882, Test Loss = 0.0273
Epoch 61: Train Loss = 0.0910, Test Loss = 0.0359
Epoch 62: Train Loss = 0.0896, Test Loss = 0.0330
Epoch 63: Train Loss = 0.0917, Test Loss = 0.0334
Epoch 64: Train Loss = 0.0881, Test Loss = 0.0312
Epoch 65: Train Loss = 0.0840, Test Loss = 0.0307
Epoch 66: Train Loss = 0.0939, Test Loss = 0.0293
Epoch 67: Train Loss = 0.0954, Test Loss = 0.0303
Epoch 68: Train Loss = 0.0956, Test Loss = 0.0305
Epoch 69: Train Loss = 0.0890, Test Loss = 0.0291
Epoch 70: Train Loss = 0.0882, Test Loss = 0.0294
Epoch 71: Train Loss = 0.0865, Test Loss = 0.0316
Epoch 72: Train Loss = 0.0820, Test Loss = 0.0282
Epoch 73: Train Loss = 0.0860, Test Loss = 0.0284
Epoch 74: Train Loss = 0.0874, Test Loss = 0.0272
Epoch 75: Train Loss = 0.0861, Test Loss = 0.0295
Epoch 76: Train Loss = 0.0843, Test Loss = 0.0420
Epoch 77: Train Loss = 0.1037, Test Loss = 0.0333
Epoch 78: Train Loss = 0.0872, Test Loss = 0.0293
Epoch 79: Train Loss = 0.0890, Test Loss = 0.0278
Epoch 80: Train Loss = 0.0867, Test Loss = 0.0319
Epoch 81: Train Loss = 0.0964, Test Loss = 0.0291
Epoch 82: Train Loss = 0.0898, Test Loss = 0.0309
Epoch 83: Train Loss = 0.0922, Test Loss = 0.0330
Epoch 84: Train Loss = 0.0822, Test Loss = 0.0308
Epoch 85: Train Loss = 0.0824, Test Loss = 0.0294
Epoch 86: Train Loss = 0.0887, Test Loss = 0.0278
Epoch 87: Train Loss = 0.0860, Test Loss = 0.0318
Epoch 88: Train Loss = 0.0883, Test Loss = 0.0286
Epoch 89: Train Loss = 0.0843, Test Loss = 0.0282
Epoch 90: Train Loss = 0.0793, Test Loss = 0.0271
Epoch 91: Train Loss = 0.0866, Test Loss = 0.0298
Epoch 92: Train Loss = 0.0856, Test Loss = 0.0315
Epoch 93: Train Loss = 0.0793, Test Loss = 0.0295
Epoch 94: Train Loss = 0.0781, Test Loss = 0.0290
Epoch 95: Train Loss = 0.0724, Test Loss = 0.0274
Epoch 96: Train Loss = 0.0819, Test Loss = 0.0281
Epoch 97: Train Loss = 0.0886, Test Loss = 0.0296
Epoch 98: Train Loss = 0.0838, Test Loss = 0.0256
Epoch 99: Train Loss = 0.0785, Test Loss = 0.0278
Epoch 100: Train Loss = 0.0788, Test Loss = 0.0303
Trial completed in 80.32s with error: 0.0303
Trial completed!
