Running on host hal0065.amarel.rutgers.edu
Time is Thu Apr 24 15:03:55 EDT 2025
Directory is /home/elp95/tfa-predictor
SLURM job ID is 43168572
Starting trial...
Running trial with config: {'input_size': 3883, 'output_size': 214, 'hidden_sizes': [2048, 1024, 1024, 512], 'lr': 0.0004717745413627011, 'weight_decay': 7.54361902519602e-05, 'batch_size': 32, 'max_epochs': 50, 'dropout_rate': 0.26968872420003126, 'activation': 'relu', 'optimizer': 'rmsprop', 'learning_rate_schedule': 'exponential', 'batch_norm': 'false'}
Using data directory: /cache/home/elp95/tfa-predictor/data
xprs_path: /cache/home/elp95/tfa-predictor/data/gene-xprs/processed/xprs-data.csv
tfa_path: /cache/home/elp95/tfa-predictor/data/tfa/processed/tfa-labels.csv
Epoch 1: Train Loss = 0.4659, Test Loss = 0.1015
Epoch 2: Train Loss = 0.2817, Test Loss = 0.0799
Epoch 3: Train Loss = 0.2349, Test Loss = 0.0606
Epoch 4: Train Loss = 0.2038, Test Loss = 0.0621
Epoch 5: Train Loss = 0.1820, Test Loss = 0.0604
Epoch 6: Train Loss = 0.1679, Test Loss = 0.0531
Epoch 7: Train Loss = 0.1525, Test Loss = 0.0562
Epoch 8: Train Loss = 0.1418, Test Loss = 0.0567
Epoch 9: Train Loss = 0.1330, Test Loss = 0.0499
Epoch 10: Train Loss = 0.1197, Test Loss = 0.0645
Epoch 11: Train Loss = 0.1186, Test Loss = 0.0650
Epoch 12: Train Loss = 0.1112, Test Loss = 0.0556
Epoch 13: Train Loss = 0.1045, Test Loss = 0.0574
Epoch 14: Train Loss = 0.1179, Test Loss = 0.0525
Epoch 15: Train Loss = 0.1071, Test Loss = 0.0483
Epoch 16: Train Loss = 0.0998, Test Loss = 0.0507
Epoch 17: Train Loss = 0.0980, Test Loss = 0.0489
Epoch 18: Train Loss = 0.0955, Test Loss = 0.0526
Epoch 19: Train Loss = 0.0943, Test Loss = 0.0524
Epoch 20: Train Loss = 0.0931, Test Loss = 0.0501
Epoch 21: Train Loss = 0.0907, Test Loss = 0.0457
Epoch 22: Train Loss = 0.0906, Test Loss = 0.0484
Epoch 23: Train Loss = 0.0952, Test Loss = 0.0522
Epoch 24: Train Loss = 0.0920, Test Loss = 0.0490
Epoch 25: Train Loss = 0.0907, Test Loss = 0.0466
Epoch 26: Train Loss = 0.0895, Test Loss = 0.0463
Epoch 27: Train Loss = 0.0888, Test Loss = 0.0563
Epoch 28: Train Loss = 0.0916, Test Loss = 0.0588
Epoch 29: Train Loss = 0.0879, Test Loss = 0.0495
Epoch 30: Train Loss = 0.0893, Test Loss = 0.0501
Epoch 31: Train Loss = 0.0891, Test Loss = 0.0460
Epoch 32: Train Loss = 0.0916, Test Loss = 0.0519
Epoch 33: Train Loss = 0.0939, Test Loss = 0.0517
Epoch 34: Train Loss = 0.0903, Test Loss = 0.0531
Epoch 35: Train Loss = 0.0881, Test Loss = 0.0464
Epoch 36: Train Loss = 0.0877, Test Loss = 0.0499
Epoch 37: Train Loss = 0.0860, Test Loss = 0.0409
Epoch 38: Train Loss = 0.0855, Test Loss = 0.0455
Epoch 39: Train Loss = 0.0869, Test Loss = 0.0411
Epoch 40: Train Loss = 0.0879, Test Loss = 0.0483
Epoch 41: Train Loss = 0.0861, Test Loss = 0.0500
Epoch 42: Train Loss = 0.0852, Test Loss = 0.0474
Epoch 43: Train Loss = 0.0846, Test Loss = 0.0537
Epoch 44: Train Loss = 0.0865, Test Loss = 0.0456
Epoch 45: Train Loss = 0.0883, Test Loss = 0.0555
Epoch 46: Train Loss = 0.0842, Test Loss = 0.0458
Epoch 47: Train Loss = 0.0880, Test Loss = 0.0503
Epoch 48: Train Loss = 0.0881, Test Loss = 0.0430
Epoch 49: Train Loss = 0.0866, Test Loss = 0.0423
Epoch 50: Train Loss = 0.0946, Test Loss = 0.0443
Trial completed in 216.72s with error: 0.0443
Trial completed!
