Running on host hal0370.amarel.rutgers.edu
Time is Thu Apr 24 11:43:01 EDT 2025
Directory is /home/elp95/tfa-predictor
SLURM job ID is 43165698
Starting trial...
Running trial with config: {'input_size': 3883, 'output_size': 214, 'hidden_sizes': [2048, 1024, 512, 256], 'lr': 0.006586289317583112, 'weight_decay': 3.292759134423613e-05, 'batch_size': 64, 'max_epochs': 100}
Using data directory: /cache/home/elp95/tfa-predictor/data
xprs_path: /cache/home/elp95/tfa-predictor/data/gene-xprs/processed/xprs-data.csv
tfa_path: /cache/home/elp95/tfa-predictor/data/tfa/processed/tfa-labels.csv
Epoch 1: Train Loss = 0.6719, Test Loss = 0.3256
Epoch 2: Train Loss = 0.4316, Test Loss = 0.2408
Epoch 3: Train Loss = 0.3594, Test Loss = 0.2098
Epoch 4: Train Loss = 0.3151, Test Loss = 0.1865
Epoch 5: Train Loss = 0.2884, Test Loss = 0.1801
Epoch 6: Train Loss = 0.2680, Test Loss = 0.1401
Epoch 7: Train Loss = 0.2608, Test Loss = 0.1547
Epoch 8: Train Loss = 0.2700, Test Loss = 0.1421
Epoch 9: Train Loss = 0.2662, Test Loss = 0.1337
Epoch 10: Train Loss = 0.2695, Test Loss = 0.1362
Epoch 11: Train Loss = 0.2586, Test Loss = 0.1651
Epoch 12: Train Loss = 0.2818, Test Loss = 0.1583
Epoch 13: Train Loss = 0.2700, Test Loss = 0.1624
Epoch 14: Train Loss = 0.2914, Test Loss = 0.1552
Epoch 15: Train Loss = 0.2830, Test Loss = 0.1739
Epoch 16: Train Loss = 0.2927, Test Loss = 0.1624
Epoch 17: Train Loss = 0.2757, Test Loss = 0.1731
Epoch 18: Train Loss = 0.2939, Test Loss = 0.7249
Epoch 19: Train Loss = 0.2853, Test Loss = 91.1214
Epoch 20: Train Loss = 0.3143, Test Loss = 4.3571
Epoch 21: Train Loss = 0.3035, Test Loss = 0.1741
Epoch 22: Train Loss = 0.3133, Test Loss = 3628.2111
Epoch 23: Train Loss = 0.3156, Test Loss = 12.2099
Epoch 24: Train Loss = 0.3082, Test Loss = 335.3255
Epoch 25: Train Loss = 0.3130, Test Loss = 31.7677
Epoch 26: Train Loss = 0.3216, Test Loss = 20.2200
Epoch 27: Train Loss = 0.3136, Test Loss = 0.1725
Epoch 28: Train Loss = 0.3125, Test Loss = 293.2256
Epoch 29: Train Loss = 0.3219, Test Loss = 1.3972
Epoch 30: Train Loss = 0.3210, Test Loss = 180.0774
Epoch 31: Train Loss = 0.3043, Test Loss = 2156.7421
Epoch 32: Train Loss = 0.3154, Test Loss = 65.9235
Epoch 33: Train Loss = 0.3164, Test Loss = 487.9057
Epoch 34: Train Loss = 0.3121, Test Loss = 18.1642
Epoch 35: Train Loss = 0.3218, Test Loss = 373.5834
Epoch 36: Train Loss = 0.3147, Test Loss = 1014.8748
Epoch 37: Train Loss = 0.3005, Test Loss = 0.1527
Epoch 38: Train Loss = 0.3035, Test Loss = 0.2395
Epoch 39: Train Loss = 0.3144, Test Loss = 2.1229
Epoch 40: Train Loss = 0.3077, Test Loss = 3.1887
Epoch 41: Train Loss = 0.2893, Test Loss = 841.8369
Epoch 42: Train Loss = 0.3107, Test Loss = 394.8986
Epoch 43: Train Loss = 0.2901, Test Loss = 2021.3435
Epoch 44: Train Loss = 0.3098, Test Loss = 0.7987
Epoch 45: Train Loss = 0.2979, Test Loss = 11.9910
Epoch 46: Train Loss = 0.3047, Test Loss = 7.0856
Epoch 47: Train Loss = 0.3036, Test Loss = 4.5244
Epoch 48: Train Loss = 0.3010, Test Loss = 67.4703
Epoch 49: Train Loss = 0.3057, Test Loss = 994.9297
Epoch 50: Train Loss = 0.3126, Test Loss = 13.2317
Epoch 51: Train Loss = 0.3050, Test Loss = 5.6015
Epoch 52: Train Loss = 0.3046, Test Loss = 5.8006
Epoch 53: Train Loss = 0.3118, Test Loss = 53.9367
Epoch 54: Train Loss = 0.3042, Test Loss = 97.4119
Epoch 55: Train Loss = 0.2981, Test Loss = 844.2871
Epoch 56: Train Loss = 0.2935, Test Loss = 1503.0874
Epoch 57: Train Loss = 0.2816, Test Loss = 0.1537
Epoch 58: Train Loss = 0.2898, Test Loss = 59.0292
Epoch 59: Train Loss = 0.2902, Test Loss = 0.2295
Epoch 60: Train Loss = 0.2842, Test Loss = 9.9848
Epoch 61: Train Loss = 0.2813, Test Loss = 12.3355
Epoch 62: Train Loss = 0.2810, Test Loss = 5.6590
Epoch 63: Train Loss = 0.2731, Test Loss = 111.2690
Epoch 64: Train Loss = 0.2702, Test Loss = 4.0502
Epoch 65: Train Loss = 0.2791, Test Loss = 1.0631
Epoch 66: Train Loss = 0.2739, Test Loss = 1.5452
Epoch 67: Train Loss = 0.2728, Test Loss = 0.1568
Epoch 68: Train Loss = 0.2729, Test Loss = 0.1625
Epoch 69: Train Loss = 0.2808, Test Loss = 3.6786
Epoch 70: Train Loss = 0.2736, Test Loss = 0.7938
Epoch 71: Train Loss = 0.2691, Test Loss = 1.0394
Epoch 72: Train Loss = 0.2746, Test Loss = 0.9296
Epoch 73: Train Loss = 0.2746, Test Loss = 67.5191
Epoch 74: Train Loss = 0.2717, Test Loss = 145.4674
Epoch 75: Train Loss = 0.2747, Test Loss = 29.1972
Epoch 76: Train Loss = 0.2676, Test Loss = 6.7081
Epoch 77: Train Loss = 0.2615, Test Loss = 2.2808
Epoch 78: Train Loss = 0.2782, Test Loss = 2.9618
Epoch 79: Train Loss = 0.2750, Test Loss = 26.0205
Epoch 80: Train Loss = 0.2725, Test Loss = 64.7399
Epoch 81: Train Loss = 0.2821, Test Loss = 9.7075
Epoch 82: Train Loss = 0.2768, Test Loss = 14.1331
Epoch 83: Train Loss = 0.2705, Test Loss = 0.1383
Epoch 84: Train Loss = 0.2717, Test Loss = 0.7220
Epoch 85: Train Loss = 0.2747, Test Loss = 22.0254
Epoch 86: Train Loss = 0.2776, Test Loss = 0.4181
Epoch 87: Train Loss = 0.2753, Test Loss = 13.3422
Epoch 88: Train Loss = 0.2797, Test Loss = 24.0050
Epoch 89: Train Loss = 0.2746, Test Loss = 27.4822
Epoch 90: Train Loss = 0.2778, Test Loss = 2.1570
Epoch 91: Train Loss = 0.2750, Test Loss = 18.4634
Epoch 92: Train Loss = 0.2610, Test Loss = 39.0401
Epoch 93: Train Loss = 0.2701, Test Loss = 1.4944
Epoch 94: Train Loss = 0.2781, Test Loss = 0.1441
Epoch 95: Train Loss = 0.2801, Test Loss = 2.5745
Epoch 96: Train Loss = 0.2770, Test Loss = 20.8866
Epoch 97: Train Loss = 0.2718, Test Loss = 2.5841
Epoch 98: Train Loss = 0.2652, Test Loss = 9.8168
Epoch 99: Train Loss = 0.2644, Test Loss = 0.2484
Epoch 100: Train Loss = 0.2584, Test Loss = 6.2375
Trial completed in 174.32s with error: 6.2375
Trial completed!
