Running on host hal0018.amarel.rutgers.edu
Time is Thu Apr 24 15:16:53 EDT 2025
Directory is /home/elp95/tfa-predictor
SLURM job ID is 43168688
Starting trial...
Running trial with config: {'input_size': 3883, 'output_size': 214, 'hidden_sizes': [2048, 1024, 1024, 512], 'lr': 0.00010189229645564515, 'weight_decay': 2.2520536912838003e-06, 'batch_size': 16, 'max_epochs': 50, 'dropout_rate': 0.3405197135484545, 'activation': 'selu', 'optimizer': 'adamw', 'learning_rate_schedule': 'none', 'batch_norm': 'true'}
Using data directory: /cache/home/elp95/tfa-predictor/data
xprs_path: /cache/home/elp95/tfa-predictor/data/gene-xprs/processed/xprs-data.csv
tfa_path: /cache/home/elp95/tfa-predictor/data/tfa/processed/tfa-labels.csv
Epoch 1: Train Loss = 0.6556, Test Loss = 0.1454
Epoch 2: Train Loss = 0.4046, Test Loss = 0.1141
Epoch 3: Train Loss = 0.3504, Test Loss = 0.0965
Epoch 4: Train Loss = 0.3142, Test Loss = 0.0941
Epoch 5: Train Loss = 0.2880, Test Loss = 0.0791
Epoch 6: Train Loss = 0.2692, Test Loss = 0.0815
Epoch 7: Train Loss = 0.2549, Test Loss = 0.0770
Epoch 8: Train Loss = 0.2440, Test Loss = 0.0731
Epoch 9: Train Loss = 0.2308, Test Loss = 0.0718
Epoch 10: Train Loss = 0.2193, Test Loss = 0.0736
Epoch 11: Train Loss = 0.2086, Test Loss = 0.0709
Epoch 12: Train Loss = 0.2012, Test Loss = 0.0724
Epoch 13: Train Loss = 0.1915, Test Loss = 0.0722
Epoch 14: Train Loss = 0.1837, Test Loss = 0.0748
Epoch 15: Train Loss = 0.1796, Test Loss = 0.0745
Epoch 16: Train Loss = 0.1723, Test Loss = 0.0637
Epoch 17: Train Loss = 0.1699, Test Loss = 0.0706
Epoch 18: Train Loss = 0.1636, Test Loss = 0.0770
Epoch 19: Train Loss = 0.1633, Test Loss = 0.0794
Epoch 20: Train Loss = 0.1585, Test Loss = 0.0697
Epoch 21: Train Loss = 0.1508, Test Loss = 0.0703
Epoch 22: Train Loss = 0.1504, Test Loss = 0.0672
Epoch 23: Train Loss = 0.1449, Test Loss = 0.0674
Epoch 24: Train Loss = 0.1422, Test Loss = 0.0704
Epoch 25: Train Loss = 0.1412, Test Loss = 0.0648
Epoch 26: Train Loss = 0.1391, Test Loss = 0.0665
Epoch 27: Train Loss = 0.1367, Test Loss = 0.0653
Epoch 28: Train Loss = 0.1347, Test Loss = 0.0630
Epoch 29: Train Loss = 0.1330, Test Loss = 0.0676
Epoch 30: Train Loss = 0.1316, Test Loss = 0.0698
Epoch 31: Train Loss = 0.1302, Test Loss = 0.0719
Epoch 32: Train Loss = 0.1268, Test Loss = 0.0632
Epoch 33: Train Loss = 0.1266, Test Loss = 0.0688
Epoch 34: Train Loss = 0.1269, Test Loss = 0.0784
Epoch 35: Train Loss = 0.1259, Test Loss = 0.0707
Epoch 36: Train Loss = 0.1227, Test Loss = 0.0659
Epoch 37: Train Loss = 0.1239, Test Loss = 0.0731
Epoch 38: Train Loss = 0.1217, Test Loss = 0.0645
Epoch 39: Train Loss = 0.1217, Test Loss = 0.0740
Epoch 40: Train Loss = 0.1231, Test Loss = 0.0696
Epoch 41: Train Loss = 0.1198, Test Loss = 0.0631
Epoch 42: Train Loss = 0.1195, Test Loss = 0.0674
Epoch 43: Train Loss = 0.1183, Test Loss = 0.0649
Epoch 44: Train Loss = 0.1161, Test Loss = 0.0702
Epoch 45: Train Loss = 0.1176, Test Loss = 0.0707
Epoch 46: Train Loss = 0.1197, Test Loss = 0.0668
Epoch 47: Train Loss = 0.1163, Test Loss = 0.0667
Epoch 48: Train Loss = 0.1150, Test Loss = 0.0610
Epoch 49: Train Loss = 0.1168, Test Loss = 0.0618
Epoch 50: Train Loss = 0.1154, Test Loss = 0.0655
Trial completed in 504.52s with error: 0.0655
Trial completed!
