Running on host hal0028.amarel.rutgers.edu
Time is Thu Apr 24 15:37:19 EDT 2025
Directory is /home/elp95/tfa-predictor
SLURM job ID is 43169367
Starting trial...
Running trial with config: {'input_size': 3883, 'output_size': 214, 'hidden_sizes': [512, 256, 128], 'lr': 0.0007905766834102595, 'weight_decay': 4.159117168120245e-06, 'batch_size': 32, 'max_epochs': 50, 'dropout_rate': 0.25170863542742844, 'activation': 'relu', 'optimizer': 'sgd_momentum', 'learning_rate_schedule': 'none', 'batch_norm': 'false'}
Using data directory: /cache/home/elp95/tfa-predictor/data
xprs_path: /cache/home/elp95/tfa-predictor/data/gene-xprs/processed/xprs-data.csv
tfa_path: /cache/home/elp95/tfa-predictor/data/tfa/processed/tfa-labels.csv
Epoch 1: Train Loss = 0.5709, Test Loss = 0.1280
Epoch 2: Train Loss = 0.2957, Test Loss = 0.0804
Epoch 3: Train Loss = 0.2415, Test Loss = 0.0717
Epoch 4: Train Loss = 0.2013, Test Loss = 0.0648
Epoch 5: Train Loss = 0.1853, Test Loss = 0.0598
Epoch 6: Train Loss = 0.1684, Test Loss = 0.0514
Epoch 7: Train Loss = 0.1553, Test Loss = 0.0507
Epoch 8: Train Loss = 0.1505, Test Loss = 0.0506
Epoch 9: Train Loss = 0.1463, Test Loss = 0.0526
Epoch 10: Train Loss = 0.1391, Test Loss = 0.0477
Epoch 11: Train Loss = 0.1342, Test Loss = 0.0444
Epoch 12: Train Loss = 0.1361, Test Loss = 0.0422
Epoch 13: Train Loss = 0.1309, Test Loss = 0.0475
Epoch 14: Train Loss = 0.1264, Test Loss = 0.0472
Epoch 15: Train Loss = 0.1262, Test Loss = 0.0466
Epoch 16: Train Loss = 0.1266, Test Loss = 0.0426
Epoch 17: Train Loss = 0.1268, Test Loss = 0.0459
Epoch 18: Train Loss = 0.1251, Test Loss = 0.0438
Epoch 19: Train Loss = 0.1232, Test Loss = 0.0464
Epoch 20: Train Loss = 0.1248, Test Loss = 0.0459
Epoch 21: Train Loss = 0.1224, Test Loss = 0.0433
Epoch 22: Train Loss = 0.1224, Test Loss = 0.0392
Epoch 23: Train Loss = 0.1212, Test Loss = 0.0496
Epoch 24: Train Loss = 0.1184, Test Loss = 0.0487
Epoch 25: Train Loss = 0.1166, Test Loss = 0.0458
Epoch 26: Train Loss = 0.1204, Test Loss = 0.0418
Epoch 27: Train Loss = 0.1190, Test Loss = 0.0475
Epoch 28: Train Loss = 0.1161, Test Loss = 0.0422
Epoch 29: Train Loss = 0.1198, Test Loss = 0.0436
Epoch 30: Train Loss = 0.1171, Test Loss = 0.0419
Epoch 31: Train Loss = 0.1141, Test Loss = 0.0392
Epoch 32: Train Loss = 0.1159, Test Loss = 0.0417
Epoch 33: Train Loss = 0.1144, Test Loss = 0.0386
Epoch 34: Train Loss = 0.1182, Test Loss = 0.0393
Epoch 35: Train Loss = 0.1143, Test Loss = 0.0405
Epoch 36: Train Loss = 0.1154, Test Loss = 0.0412
Epoch 37: Train Loss = 0.1130, Test Loss = 0.0377
Epoch 38: Train Loss = 0.1143, Test Loss = 0.0409
Epoch 39: Train Loss = 0.1159, Test Loss = 0.0425
Epoch 40: Train Loss = 0.1145, Test Loss = 0.0472
Epoch 41: Train Loss = 0.1130, Test Loss = 0.0380
Epoch 42: Train Loss = 0.1133, Test Loss = 0.0423
Epoch 43: Train Loss = 0.1168, Test Loss = 0.0444
Epoch 44: Train Loss = 0.1124, Test Loss = 0.0419
Epoch 45: Train Loss = 0.1131, Test Loss = 0.0379
Epoch 46: Train Loss = 0.1139, Test Loss = 0.0390
Epoch 47: Train Loss = 0.1125, Test Loss = 0.0425
Epoch 48: Train Loss = 0.1100, Test Loss = 0.0358
Epoch 49: Train Loss = 0.1113, Test Loss = 0.0450
Epoch 50: Train Loss = 0.1113, Test Loss = 0.0421
Trial completed in 69.77s with error: 0.0421
Trial completed!
