Debug script started at Sun Apr 20 12:23:02 EDT 2025
Running on host: slepner085.amarel.rutgers.edu
/var/lib/slurm/slurmd/job43105190/slurm_script: line 11: cd: /home/edson/Desktop/yang_lab/tfa-predictor: No such file or directory
Starting HPO campaign in debug mode...
import _frozen_importlib # frozen
import _imp # builtin
import '_thread' # <class '_frozen_importlib.BuiltinImporter'>
import '_warnings' # <class '_frozen_importlib.BuiltinImporter'>
import '_weakref' # <class '_frozen_importlib.BuiltinImporter'>
import '_io' # <class '_frozen_importlib.BuiltinImporter'>
import 'marshal' # <class '_frozen_importlib.BuiltinImporter'>
import 'posix' # <class '_frozen_importlib.BuiltinImporter'>
import '_frozen_importlib_external' # <class '_frozen_importlib.FrozenImporter'>
# installing zipimport hook
import 'time' # <class '_frozen_importlib.BuiltinImporter'>
import 'zipimport' # <class '_frozen_importlib.FrozenImporter'>
# installed zipimport hook
# /home/elp95/miniconda3/lib/python3.12/encodings/__pycache__/__init__.cpython-312.pyc matches /home/elp95/miniconda3/lib/python3.12/encodings/__init__.py
# code object from '/home/elp95/miniconda3/lib/python3.12/encodings/__pycache__/__init__.cpython-312.pyc'
import '_codecs' # <class '_frozen_importlib.BuiltinImporter'>
import 'codecs' # <class '_frozen_importlib.FrozenImporter'>
# /home/elp95/miniconda3/lib/python3.12/encodings/__pycache__/aliases.cpython-312.pyc matches /home/elp95/miniconda3/lib/python3.12/encodings/aliases.py
# code object from '/home/elp95/miniconda3/lib/python3.12/encodings/__pycache__/aliases.cpython-312.pyc'
import 'encodings.aliases' # <_frozen_importlib_external.SourceFileLoader object at 0x7ff440009130>
import 'encodings' # <_frozen_importlib_external.SourceFileLoader object at 0x7ff440008770>
# /home/elp95/miniconda3/lib/python3.12/encodings/__pycache__/utf_8.cpython-312.pyc matches /home/elp95/miniconda3/lib/python3.12/encodings/utf_8.py
# code object from '/home/elp95/miniconda3/lib/python3.12/encodings/__pycache__/utf_8.cpython-312.pyc'
import 'encodings.utf_8' # <_frozen_importlib_external.SourceFileLoader object at 0x7ff44000b6b0>
import '_signal' # <class '_frozen_importlib.BuiltinImporter'>
import '_abc' # <class '_frozen_importlib.BuiltinImporter'>
import 'abc' # <class '_frozen_importlib.FrozenImporter'>
import 'io' # <class '_frozen_importlib.FrozenImporter'>
import '_stat' # <class '_frozen_importlib.BuiltinImporter'>
import 'stat' # <class '_frozen_importlib.FrozenImporter'>
import '_collections_abc' # <class '_frozen_importlib.FrozenImporter'>
import 'genericpath' # <class '_frozen_importlib.FrozenImporter'>
import 'posixpath' # <class '_frozen_importlib.FrozenImporter'>
import 'os' # <class '_frozen_importlib.FrozenImporter'>
import '_sitebuiltins' # <class '_frozen_importlib.FrozenImporter'>
Processing user site-packages
Processing global site-packages
Adding directory: '/home/elp95/miniconda3/lib/python3.12/site-packages'
Processing .pth file: '/home/elp95/miniconda3/lib/python3.12/site-packages/distutils-precedence.pth'
# /home/elp95/miniconda3/lib/python3.12/site-packages/_distutils_hack/__pycache__/__init__.cpython-312.pyc matches /home/elp95/miniconda3/lib/python3.12/site-packages/_distutils_hack/__init__.py
# code object from '/home/elp95/miniconda3/lib/python3.12/site-packages/_distutils_hack/__pycache__/__init__.cpython-312.pyc'
import '_distutils_hack' # <_frozen_importlib_external.SourceFileLoader object at 0x7ff438ae6570>
Processing .pth file: '/home/elp95/miniconda3/lib/python3.12/site-packages/ruamel.yaml-0.17.21-py3.12-nspkg.pth'
# /home/elp95/miniconda3/lib/python3.12/__pycache__/types.cpython-312.pyc matches /home/elp95/miniconda3/lib/python3.12/types.py
# code object from '/home/elp95/miniconda3/lib/python3.12/__pycache__/types.cpython-312.pyc'
import 'types' # <_frozen_importlib_external.SourceFileLoader object at 0x7ff438ae7a10>
# /home/elp95/miniconda3/lib/python3.12/importlib/__pycache__/__init__.cpython-312.pyc matches /home/elp95/miniconda3/lib/python3.12/importlib/__init__.py
# code object from '/home/elp95/miniconda3/lib/python3.12/importlib/__pycache__/__init__.cpython-312.pyc'
# /home/elp95/miniconda3/lib/python3.12/__pycache__/warnings.cpython-312.pyc matches /home/elp95/miniconda3/lib/python3.12/warnings.py
# code object from '/home/elp95/miniconda3/lib/python3.12/__pycache__/warnings.cpython-312.pyc'
import 'warnings' # <_frozen_importlib_external.SourceFileLoader object at 0x7ff438b1c830>
import 'importlib' # <_frozen_importlib_external.SourceFileLoader object at 0x7ff438ae7dd0>
# /home/elp95/miniconda3/lib/python3.12/importlib/__pycache__/_abc.cpython-312.pyc matches /home/elp95/miniconda3/lib/python3.12/importlib/_abc.py
# code object from '/home/elp95/miniconda3/lib/python3.12/importlib/__pycache__/_abc.cpython-312.pyc'
import 'importlib._abc' # <_frozen_importlib_external.SourceFileLoader object at 0x7ff438b1d760>
# /home/elp95/miniconda3/lib/python3.12/__pycache__/threading.cpython-312.pyc matches /home/elp95/miniconda3/lib/python3.12/threading.py
# code object from '/home/elp95/miniconda3/lib/python3.12/__pycache__/threading.cpython-312.pyc'
# /home/elp95/miniconda3/lib/python3.12/__pycache__/functools.cpython-312.pyc matches /home/elp95/miniconda3/lib/python3.12/functools.py
# code object from '/home/elp95/miniconda3/lib/python3.12/__pycache__/functools.cpython-312.pyc'
# /home/elp95/miniconda3/lib/python3.12/collections/__pycache__/__init__.cpython-312.pyc matches /home/elp95/miniconda3/lib/python3.12/collections/__init__.py
# code object from '/home/elp95/miniconda3/lib/python3.12/collections/__pycache__/__init__.cpython-312.pyc'
import 'itertools' # <class '_frozen_importlib.BuiltinImporter'>
# /home/elp95/miniconda3/lib/python3.12/__pycache__/keyword.cpython-312.pyc matches /home/elp95/miniconda3/lib/python3.12/keyword.py
# code object from '/home/elp95/miniconda3/lib/python3.12/__pycache__/keyword.cpython-312.pyc'
import 'keyword' # <_frozen_importlib_external.SourceFileLoader object at 0x7ff438b4eb40>
# /home/elp95/miniconda3/lib/python3.12/__pycache__/operator.cpython-312.pyc matches /home/elp95/miniconda3/lib/python3.12/operator.py
# code object from '/home/elp95/miniconda3/lib/python3.12/__pycache__/operator.cpython-312.pyc'
import '_operator' # <class '_frozen_importlib.BuiltinImporter'>
import 'operator' # <_frozen_importlib_external.SourceFileLoader object at 0x7ff438b4f1d0>
# /home/elp95/miniconda3/lib/python3.12/__pycache__/reprlib.cpython-312.pyc matches /home/elp95/miniconda3/lib/python3.12/reprlib.py
# code object from '/home/elp95/miniconda3/lib/python3.12/__pycache__/reprlib.cpython-312.pyc'
import 'reprlib' # <_frozen_importlib_external.SourceFileLoader object at 0x7ff438b4fb60>
import '_collections' # <class '_frozen_importlib.BuiltinImporter'>
import 'collections' # <_frozen_importlib_external.SourceFileLoader object at 0x7ff438b32540>
import '_functools' # <class '_frozen_importlib.BuiltinImporter'>
import 'functools' # <_frozen_importlib_external.SourceFileLoader object at 0x7ff438b304a0>
# /home/elp95/miniconda3/lib/python3.12/__pycache__/_weakrefset.cpython-312.pyc matches /home/elp95/miniconda3/lib/python3.12/_weakrefset.py
# code object from '/home/elp95/miniconda3/lib/python3.12/__pycache__/_weakrefset.cpython-312.pyc'
import '_weakrefset' # <_frozen_importlib_external.SourceFileLoader object at 0x7ff438b30cb0>
import 'threading' # <_frozen_importlib_external.SourceFileLoader object at 0x7ff438b1d850>
import 'importlib.util' # <class '_frozen_importlib.FrozenImporter'>
import 'importlib.machinery' # <class '_frozen_importlib.FrozenImporter'>
# possible namespace for /home/elp95/miniconda3/lib/python3.12/site-packages/ruamel
import 'site' # <class '_frozen_importlib.FrozenImporter'>
Python 3.12.3 | packaged by Anaconda, Inc. | (main, May  6 2024, 19:46:43) [GCC 11.2.0] on linux
Type "help", "copyright", "credits" or "license" for more information.
# /home/elp95/miniconda3/lib/python3.12/json/__pycache__/__init__.cpython-312.pyc matches /home/elp95/miniconda3/lib/python3.12/json/__init__.py
# code object from '/home/elp95/miniconda3/lib/python3.12/json/__pycache__/__init__.cpython-312.pyc'
# /home/elp95/miniconda3/lib/python3.12/json/__pycache__/decoder.cpython-312.pyc matches /home/elp95/miniconda3/lib/python3.12/json/decoder.py
# code object from '/home/elp95/miniconda3/lib/python3.12/json/__pycache__/decoder.cpython-312.pyc'
# /home/elp95/miniconda3/lib/python3.12/re/__pycache__/__init__.cpython-312.pyc matches /home/elp95/miniconda3/lib/python3.12/re/__init__.py
# code object from '/home/elp95/miniconda3/lib/python3.12/re/__pycache__/__init__.cpython-312.pyc'
# /home/elp95/miniconda3/lib/python3.12/__pycache__/enum.cpython-312.pyc matches /home/elp95/miniconda3/lib/python3.12/enum.py
# code object from '/home/elp95/miniconda3/lib/python3.12/__pycache__/enum.cpython-312.pyc'
import 'enum' # <_frozen_importlib_external.SourceFileLoader object at 0x7ff438ba1580>
# /home/elp95/miniconda3/lib/python3.12/re/__pycache__/_compiler.cpython-312.pyc matches /home/elp95/miniconda3/lib/python3.12/re/_compiler.py
# code object from '/home/elp95/miniconda3/lib/python3.12/re/__pycache__/_compiler.cpython-312.pyc'
import '_sre' # <class '_frozen_importlib.BuiltinImporter'>
# /home/elp95/miniconda3/lib/python3.12/re/__pycache__/_parser.cpython-312.pyc matches /home/elp95/miniconda3/lib/python3.12/re/_parser.py
# code object from '/home/elp95/miniconda3/lib/python3.12/re/__pycache__/_parser.cpython-312.pyc'
# /home/elp95/miniconda3/lib/python3.12/re/__pycache__/_constants.cpython-312.pyc matches /home/elp95/miniconda3/lib/python3.12/re/_constants.py
# code object from '/home/elp95/miniconda3/lib/python3.12/re/__pycache__/_constants.cpython-312.pyc'
import 're._constants' # <_frozen_importlib_external.SourceFileLoader object at 0x7ff438bb6db0>
import 're._parser' # <_frozen_importlib_external.SourceFileLoader object at 0x7ff438bb5a00>
# /home/elp95/miniconda3/lib/python3.12/re/__pycache__/_casefix.cpython-312.pyc matches /home/elp95/miniconda3/lib/python3.12/re/_casefix.py
# code object from '/home/elp95/miniconda3/lib/python3.12/re/__pycache__/_casefix.cpython-312.pyc'
import 're._casefix' # <_frozen_importlib_external.SourceFileLoader object at 0x7ff438bb6cc0>
import 're._compiler' # <_frozen_importlib_external.SourceFileLoader object at 0x7ff438bb4110>
# /home/elp95/miniconda3/lib/python3.12/__pycache__/copyreg.cpython-312.pyc matches /home/elp95/miniconda3/lib/python3.12/copyreg.py
# code object from '/home/elp95/miniconda3/lib/python3.12/__pycache__/copyreg.cpython-312.pyc'
import 'copyreg' # <_frozen_importlib_external.SourceFileLoader object at 0x7ff438bb7fe0>
import 're' # <_frozen_importlib_external.SourceFileLoader object at 0x7ff438ba0c20>
# /home/elp95/miniconda3/lib/python3.12/json/__pycache__/scanner.cpython-312.pyc matches /home/elp95/miniconda3/lib/python3.12/json/scanner.py
# code object from '/home/elp95/miniconda3/lib/python3.12/json/__pycache__/scanner.cpython-312.pyc'
# extension module '_json' loaded from '/home/elp95/miniconda3/lib/python3.12/lib-dynload/_json.cpython-312-x86_64-linux-gnu.so'
# extension module '_json' executed from '/home/elp95/miniconda3/lib/python3.12/lib-dynload/_json.cpython-312-x86_64-linux-gnu.so'
import '_json' # <_frozen_importlib_external.ExtensionFileLoader object at 0x7ff438bd87a0>
import 'json.scanner' # <_frozen_importlib_external.SourceFileLoader object at 0x7ff438bd8500>
import 'json.decoder' # <_frozen_importlib_external.SourceFileLoader object at 0x7ff438ba04a0>
# /home/elp95/miniconda3/lib/python3.12/json/__pycache__/encoder.cpython-312.pyc matches /home/elp95/miniconda3/lib/python3.12/json/encoder.py
# code object from '/home/elp95/miniconda3/lib/python3.12/json/__pycache__/encoder.cpython-312.pyc'
import 'json.encoder' # <_frozen_importlib_external.SourceFileLoader object at 0x7ff438ba1370>
import 'json' # <_frozen_importlib_external.SourceFileLoader object at 0x7ff438ba00e0>
# /home/elp95/miniconda3/lib/python3.12/__pycache__/argparse.cpython-312.pyc matches /home/elp95/miniconda3/lib/python3.12/argparse.py
# code object from '/home/elp95/miniconda3/lib/python3.12/__pycache__/argparse.cpython-312.pyc'
# /home/elp95/miniconda3/lib/python3.12/__pycache__/gettext.cpython-312.pyc matches /home/elp95/miniconda3/lib/python3.12/gettext.py
# code object from '/home/elp95/miniconda3/lib/python3.12/__pycache__/gettext.cpython-312.pyc'
import 'gettext' # <_frozen_importlib_external.SourceFileLoader object at 0x7ff438a10680>
import 'argparse' # <_frozen_importlib_external.SourceFileLoader object at 0x7ff438bd9460>
# /home/elp95/miniconda3/lib/python3.12/logging/__pycache__/__init__.cpython-312.pyc matches /home/elp95/miniconda3/lib/python3.12/logging/__init__.py
# code object from '/home/elp95/miniconda3/lib/python3.12/logging/__pycache__/__init__.cpython-312.pyc'
# /home/elp95/miniconda3/lib/python3.12/__pycache__/traceback.cpython-312.pyc matches /home/elp95/miniconda3/lib/python3.12/traceback.py
# code object from '/home/elp95/miniconda3/lib/python3.12/__pycache__/traceback.cpython-312.pyc'
# /home/elp95/miniconda3/lib/python3.12/collections/__pycache__/abc.cpython-312.pyc matches /home/elp95/miniconda3/lib/python3.12/collections/abc.py
# code object from '/home/elp95/miniconda3/lib/python3.12/collections/__pycache__/abc.cpython-312.pyc'
import 'collections.abc' # <_frozen_importlib_external.SourceFileLoader object at 0x7ff438a3ff50>
# /home/elp95/miniconda3/lib/python3.12/__pycache__/linecache.cpython-312.pyc matches /home/elp95/miniconda3/lib/python3.12/linecache.py
# code object from '/home/elp95/miniconda3/lib/python3.12/__pycache__/linecache.cpython-312.pyc'
# /home/elp95/miniconda3/lib/python3.12/__pycache__/tokenize.cpython-312.pyc matches /home/elp95/miniconda3/lib/python3.12/tokenize.py
# code object from '/home/elp95/miniconda3/lib/python3.12/__pycache__/tokenize.cpython-312.pyc'
# /home/elp95/miniconda3/lib/python3.12/__pycache__/token.cpython-312.pyc matches /home/elp95/miniconda3/lib/python3.12/token.py
# code object from '/home/elp95/miniconda3/lib/python3.12/__pycache__/token.cpython-312.pyc'
import 'token' # <_frozen_importlib_external.SourceFileLoader object at 0x7ff438a51940>
import '_tokenize' # <class '_frozen_importlib.BuiltinImporter'>
import 'tokenize' # <_frozen_importlib_external.SourceFileLoader object at 0x7ff438a50350>
import 'linecache' # <_frozen_importlib_external.SourceFileLoader object at 0x7ff438a50110>
# /home/elp95/miniconda3/lib/python3.12/__pycache__/textwrap.cpython-312.pyc matches /home/elp95/miniconda3/lib/python3.12/textwrap.py
# code object from '/home/elp95/miniconda3/lib/python3.12/__pycache__/textwrap.cpython-312.pyc'
import 'textwrap' # <_frozen_importlib_external.SourceFileLoader object at 0x7ff438a52d80>
# /home/elp95/miniconda3/lib/python3.12/__pycache__/contextlib.cpython-312.pyc matches /home/elp95/miniconda3/lib/python3.12/contextlib.py
# code object from '/home/elp95/miniconda3/lib/python3.12/__pycache__/contextlib.cpython-312.pyc'
import 'contextlib' # <_frozen_importlib_external.SourceFileLoader object at 0x7ff438a595b0>
import 'traceback' # <_frozen_importlib_external.SourceFileLoader object at 0x7ff438a3e150>
# /home/elp95/miniconda3/lib/python3.12/__pycache__/weakref.cpython-312.pyc matches /home/elp95/miniconda3/lib/python3.12/weakref.py
# code object from '/home/elp95/miniconda3/lib/python3.12/__pycache__/weakref.cpython-312.pyc'
import 'weakref' # <_frozen_importlib_external.SourceFileLoader object at 0x7ff438a5b800>
# /home/elp95/miniconda3/lib/python3.12/__pycache__/string.cpython-312.pyc matches /home/elp95/miniconda3/lib/python3.12/string.py
# code object from '/home/elp95/miniconda3/lib/python3.12/__pycache__/string.cpython-312.pyc'
import '_string' # <class '_frozen_importlib.BuiltinImporter'>
import 'string' # <_frozen_importlib_external.SourceFileLoader object at 0x7ff438a94dd0>
import 'atexit' # <class '_frozen_importlib.BuiltinImporter'>
import 'logging' # <_frozen_importlib_external.SourceFileLoader object at 0x7ff438bdabd0>
# /home/elp95/miniconda3/lib/python3.12/__pycache__/datetime.cpython-312.pyc matches /home/elp95/miniconda3/lib/python3.12/datetime.py
# code object from '/home/elp95/miniconda3/lib/python3.12/__pycache__/datetime.cpython-312.pyc'
# extension module '_datetime' loaded from '/home/elp95/miniconda3/lib/python3.12/lib-dynload/_datetime.cpython-312-x86_64-linux-gnu.so'
# extension module '_datetime' executed from '/home/elp95/miniconda3/lib/python3.12/lib-dynload/_datetime.cpython-312-x86_64-linux-gnu.so'
import '_datetime' # <_frozen_importlib_external.ExtensionFileLoader object at 0x7ff438a95f10>
import 'datetime' # <_frozen_importlib_external.SourceFileLoader object at 0x7ff438a95c70>
Traceback (most recent call last):
  File "/cache/home/elp95/tfa-predictor/hpo/main_hpo.py", line 15, in <module>
    from hpo.AsyncRandomSearch import AsyncRandomSearch
  File "<frozen importlib._bootstrap>", line 1360, in _find_and_load
  File "<frozen importlib._bootstrap>", line 1310, in _find_and_load_unlocked
  File "<frozen importlib._bootstrap>", line 488, in _call_with_frames_removed
  File "<frozen importlib._bootstrap>", line 1360, in _find_and_load
  File "<frozen importlib._bootstrap>", line 1324, in _find_and_load_unlocked
ModuleNotFoundError: No module named 'hpo'
# clear sys.path_importer_cache
# clear sys.path_hooks
# clear builtins._
# clear sys.path
# clear sys.argv
# clear sys.ps1
# clear sys.ps2
# clear sys.last_exc
# clear sys.last_type
# clear sys.last_value
# clear sys.last_traceback
# clear sys.__interactivehook__
# clear sys.meta_path
# restore sys.stdin
# restore sys.stdout
# restore sys.stderr
# cleanup[2] removing sys
# cleanup[2] removing builtins
# cleanup[2] removing _frozen_importlib
# cleanup[2] removing _imp
# cleanup[2] removing _thread
# cleanup[2] removing _warnings
# cleanup[2] removing _weakref
# cleanup[2] removing _io
# cleanup[2] removing marshal
# cleanup[2] removing posix
# cleanup[2] removing _frozen_importlib_external
# cleanup[2] removing time
# cleanup[2] removing zipimport
# destroy zipimport
# cleanup[2] removing _codecs
# cleanup[2] removing codecs
# cleanup[2] removing encodings.aliases
# cleanup[2] removing encodings
# destroy encodings
# cleanup[2] removing encodings.utf_8
# cleanup[2] removing _signal
# cleanup[2] removing _abc
# cleanup[2] removing abc
# cleanup[2] removing io
# cleanup[2] removing __main__
# destroy __main__
# cleanup[2] removing _stat
# cleanup[2] removing stat
# cleanup[2] removing _collections_abc
# cleanup[2] removing genericpath
# cleanup[2] removing posixpath
# cleanup[2] removing os.path
# cleanup[2] removing os
# cleanup[2] removing _sitebuiltins
# cleanup[2] removing _distutils_hack
# destroy _distutils_hack
# cleanup[2] removing types
# cleanup[2] removing importlib._bootstrap
# cleanup[2] removing importlib._bootstrap_external
# cleanup[2] removing warnings
# cleanup[2] removing importlib
# destroy importlib
# cleanup[2] removing importlib._abc
# cleanup[2] removing itertools
# cleanup[2] removing keyword
# destroy keyword
# cleanup[2] removing _operator
# cleanup[2] removing operator
# cleanup[2] removing reprlib
# destroy reprlib
# cleanup[2] removing _collections
# cleanup[2] removing collections
# cleanup[2] removing _functools
# cleanup[2] removing functools
# cleanup[2] removing _weakrefset
# destroy _weakrefset
# cleanup[2] removing threading
# cleanup[2] removing importlib.util
# cleanup[2] removing importlib.machinery
# cleanup[2] removing ruamel
# destroy ruamel
# cleanup[2] removing site
# destroy site
# cleanup[2] removing enum
# cleanup[2] removing _sre
# cleanup[2] removing re._constants
# cleanup[2] removing re._parser
# cleanup[2] removing re._casefix
# cleanup[2] removing re._compiler
# cleanup[2] removing copyreg
# cleanup[2] removing re
# cleanup[2] removing _json
# cleanup[2] removing json.scanner
# cleanup[2] removing json.decoder
# cleanup[2] removing json.encoder
# cleanup[2] removing json
# destroy json
# cleanup[2] removing gettext
# destroy gettext
# cleanup[2] removing argparse
# destroy argparse
# cleanup[2] removing collections.abc
# cleanup[2] removing token
# destroy token
# cleanup[2] removing _tokenize
# cleanup[2] removing tokenize
# cleanup[2] removing linecache
# cleanup[2] removing textwrap
# cleanup[2] removing contextlib
# destroy contextlib
# cleanup[2] removing traceback
# cleanup[2] removing weakref
# cleanup[2] removing _string
# cleanup[2] removing string
# destroy string
# cleanup[2] removing atexit
# cleanup[2] removing logging
# destroy logging
# cleanup[2] removing _datetime
# cleanup[2] removing datetime
# destroy datetime
# destroy _signal
# destroy _sitebuiltins
# destroy importlib._abc
# destroy importlib.util
# destroy importlib.machinery
# destroy types
# destroy json.decoder
# destroy json.encoder
# destroy json.scanner
# destroy _json
# destroy operator
# cleanup[3] wiping _datetime
# cleanup[3] wiping atexit
# cleanup[3] wiping _string
# cleanup[3] wiping weakref
# cleanup[3] wiping traceback
# destroy linecache
# destroy textwrap
# cleanup[3] wiping tokenize
# cleanup[3] wiping _tokenize
# cleanup[3] wiping collections.abc
# cleanup[3] wiping re
# destroy re._constants
# destroy re._casefix
# destroy re._compiler
# destroy enum
# destroy copyreg
# cleanup[3] wiping re._parser
# cleanup[3] wiping _sre
# cleanup[3] wiping threading
# cleanup[3] wiping functools
# cleanup[3] wiping _functools
# cleanup[3] wiping collections
# destroy collections.abc
# cleanup[3] wiping _collections
# cleanup[3] wiping _operator
# cleanup[3] wiping itertools
# cleanup[3] wiping warnings
# cleanup[3] wiping importlib._bootstrap_external
# cleanup[3] wiping importlib._bootstrap
# destroy _frozen_importlib_external
# cleanup[3] wiping os
# destroy posixpath
# cleanup[3] wiping genericpath
# cleanup[3] wiping _collections_abc
# cleanup[3] wiping stat
# cleanup[3] wiping _stat
# destroy _stat
# cleanup[3] wiping io
# cleanup[3] wiping abc
# cleanup[3] wiping _abc
# cleanup[3] wiping encodings.utf_8
# cleanup[3] wiping encodings.aliases
# cleanup[3] wiping codecs
# cleanup[3] wiping _codecs
# cleanup[3] wiping time
# cleanup[3] wiping posix
# cleanup[3] wiping marshal
# destroy marshal
# cleanup[3] wiping _io
# cleanup[3] wiping _weakref
# cleanup[3] wiping _warnings
# destroy _warnings
# cleanup[3] wiping _thread
# cleanup[3] wiping _imp
# destroy _imp
# cleanup[3] wiping _frozen_importlib
# cleanup[3] wiping sys
# cleanup[3] wiping builtins
# destroy _datetime
# destroy sys.monitoring
# destroy _io
# destroy _collections
# destroy stat
# destroy genericpath
# destroy posix
# destroy re._parser
# destroy functools
# destroy tokenize
# destroy abc
# destroy _collections_abc
# destroy _tokenize
# clear sys.meta_path
# clear sys.modules
# destroy _frozen_importlib
# destroy codecs
# destroy encodings.aliases
# destroy encodings.utf_8
# destroy _codecs
# destroy os
# destroy io
# destroy traceback
# destroy warnings
# destroy weakref
# destroy collections
# destroy threading
# destroy atexit
# destroy time
# destroy _weakref
# destroy _string
# destroy re
# destroy _abc
# destroy sys
# destroy _sre
# destroy builtins
# destroy _operator
# destroy _functools
# destroy itertools
# destroy _thread
# clear sys.audit hooks
Debug completed at Sun Apr 20 12:23:02 EDT 2025
